[2023-12-10 19:35:49,837] {taskinstance.py:1179} INFO - Dependencies all met for <TaskInstance: mi_primer_dag_v3.tercera_tarea scheduled__2022-12-18T00:00:00+00:00 [queued]>
[2023-12-10 19:35:49,943] {taskinstance.py:1179} INFO - Dependencies all met for <TaskInstance: mi_primer_dag_v3.tercera_tarea scheduled__2022-12-18T00:00:00+00:00 [queued]>
[2023-12-10 19:35:49,956] {taskinstance.py:1376} INFO - 
--------------------------------------------------------------------------------
[2023-12-10 19:35:49,965] {taskinstance.py:1377} INFO - Starting attempt 1 of 6
[2023-12-10 19:35:49,982] {taskinstance.py:1378} INFO - 
--------------------------------------------------------------------------------
[2023-12-10 19:35:50,063] {taskinstance.py:1397} INFO - Executing <Task(BashOperator): tercera_tarea> on 2022-12-18 00:00:00+00:00
[2023-12-10 19:35:50,077] {standard_task_runner.py:52} INFO - Started process 1597 to run task
[2023-12-10 19:35:50,116] {standard_task_runner.py:79} INFO - Running: ['***', 'tasks', 'run', 'mi_primer_dag_v3', 'tercera_tarea', 'scheduled__2022-12-18T00:00:00+00:00', '--job-id', '417', '--raw', '--subdir', 'DAGS_FOLDER/primer_dag_v3.py', '--cfg-path', '/tmp/tmpu7iexn1o', '--error-file', '/tmp/tmpeddznkbl']
[2023-12-10 19:35:50,119] {standard_task_runner.py:80} INFO - Job 417: Subtask tercera_tarea
[2023-12-10 19:35:50,536] {task_command.py:371} INFO - Running <TaskInstance: mi_primer_dag_v3.tercera_tarea scheduled__2022-12-18T00:00:00+00:00 [running]> on host 42828894a739
[2023-12-10 19:35:51,601] {taskinstance.py:1591} INFO - Exporting the following env vars:
AIRFLOW_CTX_DAG_OWNER=DavidBU
AIRFLOW_CTX_DAG_ID=mi_primer_dag_v3
AIRFLOW_CTX_TASK_ID=tercera_tarea
AIRFLOW_CTX_EXECUTION_DATE=2022-12-18T00:00:00+00:00
AIRFLOW_CTX_TRY_NUMBER=1
AIRFLOW_CTX_DAG_RUN_ID=scheduled__2022-12-18T00:00:00+00:00
[2023-12-10 19:35:51,609] {subprocess.py:62} INFO - Tmp dir root location: 
 /tmp
[2023-12-10 19:35:51,620] {subprocess.py:74} INFO - Running command: ['bash', '-c', 'echo hola, soy la tarea 3 y sere corrida luego de Tarea 1 al mismo tiempo que Tarea 2']
[2023-12-10 19:35:51,649] {subprocess.py:85} INFO - Output:
[2023-12-10 19:35:51,653] {subprocess.py:92} INFO - hola, soy la tarea 3 y sere corrida luego de Tarea 1 al mismo tiempo que Tarea 2
[2023-12-10 19:35:51,656] {subprocess.py:96} INFO - Command exited with return code 0
[2023-12-10 19:35:51,798] {taskinstance.py:1420} INFO - Marking task as SUCCESS. dag_id=mi_primer_dag_v3, task_id=tercera_tarea, execution_date=20221218T000000, start_date=20231210T193549, end_date=20231210T193551
[2023-12-10 19:35:51,917] {local_task_job.py:156} INFO - Task exited with return code 0
[2023-12-10 19:35:52,064] {local_task_job.py:273} INFO - 0 downstream tasks scheduled from follow-on schedule check
