[2023-12-10 20:19:26,456] {taskinstance.py:1179} INFO - Dependencies all met for <TaskInstance: mi_primer_dar_con_PythonOperator.aloha_david scheduled__2022-09-08T00:00:00+00:00 [queued]>
[2023-12-10 20:19:26,494] {taskinstance.py:1179} INFO - Dependencies all met for <TaskInstance: mi_primer_dar_con_PythonOperator.aloha_david scheduled__2022-09-08T00:00:00+00:00 [queued]>
[2023-12-10 20:19:26,505] {taskinstance.py:1376} INFO - 
--------------------------------------------------------------------------------
[2023-12-10 20:19:26,513] {taskinstance.py:1377} INFO - Starting attempt 1 of 6
[2023-12-10 20:19:26,518] {taskinstance.py:1378} INFO - 
--------------------------------------------------------------------------------
[2023-12-10 20:19:26,640] {taskinstance.py:1397} INFO - Executing <Task(PythonOperator): aloha_david> on 2022-09-08 00:00:00+00:00
[2023-12-10 20:19:26,650] {standard_task_runner.py:52} INFO - Started process 608 to run task
[2023-12-10 20:19:26,696] {standard_task_runner.py:79} INFO - Running: ['***', 'tasks', 'run', 'mi_primer_dar_con_PythonOperator', 'aloha_david', 'scheduled__2022-09-08T00:00:00+00:00', '--job-id', '1778', '--raw', '--subdir', 'DAGS_FOLDER/mi_primer_dag_pythonoperator.py', '--cfg-path', '/tmp/tmpwrbn0tk3', '--error-file', '/tmp/tmp36jc7ty6']
[2023-12-10 20:19:26,715] {standard_task_runner.py:80} INFO - Job 1778: Subtask aloha_david
[2023-12-10 20:19:27,375] {task_command.py:371} INFO - Running <TaskInstance: mi_primer_dar_con_PythonOperator.aloha_david scheduled__2022-09-08T00:00:00+00:00 [running]> on host 42828894a739
[2023-12-10 20:19:28,315] {taskinstance.py:1591} INFO - Exporting the following env vars:
AIRFLOW_CTX_DAG_OWNER=DavidBU
AIRFLOW_CTX_DAG_ID=mi_primer_dar_con_PythonOperator
AIRFLOW_CTX_TASK_ID=aloha_david
AIRFLOW_CTX_EXECUTION_DATE=2022-09-08T00:00:00+00:00
AIRFLOW_CTX_TRY_NUMBER=1
AIRFLOW_CTX_DAG_RUN_ID=scheduled__2022-09-08T00:00:00+00:00
[2023-12-10 20:19:28,317] {logging_mixin.py:115} INFO - Aloha Mundo soy yo!
[2023-12-10 20:19:28,317] {python.py:173} INFO - Done. Returned value was: None
[2023-12-10 20:19:28,467] {taskinstance.py:1420} INFO - Marking task as SUCCESS. dag_id=mi_primer_dar_con_PythonOperator, task_id=aloha_david, execution_date=20220908T000000, start_date=20231210T201926, end_date=20231210T201928
[2023-12-10 20:19:28,735] {local_task_job.py:156} INFO - Task exited with return code 0
[2023-12-10 20:19:29,141] {local_task_job.py:273} INFO - 0 downstream tasks scheduled from follow-on schedule check
