[2023-12-10 19:29:45,597] {taskinstance.py:1179} INFO - Dependencies all met for <TaskInstance: mi_primer_dag_v3.segunda_tarea scheduled__2022-08-05T00:00:00+00:00 [queued]>
[2023-12-10 19:29:45,708] {taskinstance.py:1179} INFO - Dependencies all met for <TaskInstance: mi_primer_dag_v3.segunda_tarea scheduled__2022-08-05T00:00:00+00:00 [queued]>
[2023-12-10 19:29:45,709] {taskinstance.py:1376} INFO - 
--------------------------------------------------------------------------------
[2023-12-10 19:29:45,713] {taskinstance.py:1377} INFO - Starting attempt 1 of 6
[2023-12-10 19:29:45,717] {taskinstance.py:1378} INFO - 
--------------------------------------------------------------------------------
[2023-12-10 19:29:46,189] {taskinstance.py:1397} INFO - Executing <Task(BashOperator): segunda_tarea> on 2022-08-05 00:00:00+00:00
[2023-12-10 19:29:46,260] {standard_task_runner.py:52} INFO - Started process 265 to run task
[2023-12-10 19:29:46,442] {standard_task_runner.py:79} INFO - Running: ['***', 'tasks', 'run', 'mi_primer_dag_v3', 'segunda_tarea', 'scheduled__2022-08-05T00:00:00+00:00', '--job-id', '22', '--raw', '--subdir', 'DAGS_FOLDER/primer_dag_v3.py', '--cfg-path', '/tmp/tmph9xdz2c9', '--error-file', '/tmp/tmpnn357lyj']
[2023-12-10 19:29:46,506] {standard_task_runner.py:80} INFO - Job 22: Subtask segunda_tarea
[2023-12-10 19:29:47,350] {task_command.py:371} INFO - Running <TaskInstance: mi_primer_dag_v3.segunda_tarea scheduled__2022-08-05T00:00:00+00:00 [running]> on host 42828894a739
[2023-12-10 19:29:48,022] {taskinstance.py:1591} INFO - Exporting the following env vars:
AIRFLOW_CTX_DAG_OWNER=DavidBU
AIRFLOW_CTX_DAG_ID=mi_primer_dag_v3
AIRFLOW_CTX_TASK_ID=segunda_tarea
AIRFLOW_CTX_EXECUTION_DATE=2022-08-05T00:00:00+00:00
AIRFLOW_CTX_TRY_NUMBER=1
AIRFLOW_CTX_DAG_RUN_ID=scheduled__2022-08-05T00:00:00+00:00
[2023-12-10 19:29:48,029] {subprocess.py:62} INFO - Tmp dir root location: 
 /tmp
[2023-12-10 19:29:48,035] {subprocess.py:74} INFO - Running command: ['bash', '-c', 'echo hola, soy la tarea 2 y sere corrida luego de la Tarea 1']
[2023-12-10 19:29:48,070] {subprocess.py:85} INFO - Output:
[2023-12-10 19:29:48,082] {subprocess.py:92} INFO - hola, soy la tarea 2 y sere corrida luego de la Tarea 1
[2023-12-10 19:29:48,089] {subprocess.py:96} INFO - Command exited with return code 0
[2023-12-10 19:29:49,159] {taskinstance.py:1420} INFO - Marking task as SUCCESS. dag_id=mi_primer_dag_v3, task_id=segunda_tarea, execution_date=20220805T000000, start_date=20231210T192945, end_date=20231210T192949
[2023-12-10 19:29:49,781] {local_task_job.py:156} INFO - Task exited with return code 0
[2023-12-10 19:29:52,256] {local_task_job.py:273} INFO - 0 downstream tasks scheduled from follow-on schedule check
