[2023-12-10 20:13:11,369] {taskinstance.py:1179} INFO - Dependencies all met for <TaskInstance: mi_primer_dag.primer_task scheduled__2022-09-23T00:00:00+00:00 [queued]>
[2023-12-10 20:13:11,511] {taskinstance.py:1179} INFO - Dependencies all met for <TaskInstance: mi_primer_dag.primer_task scheduled__2022-09-23T00:00:00+00:00 [queued]>
[2023-12-10 20:13:11,649] {taskinstance.py:1376} INFO - 
--------------------------------------------------------------------------------
[2023-12-10 20:13:11,728] {taskinstance.py:1377} INFO - Starting attempt 1 of 6
[2023-12-10 20:13:11,841] {taskinstance.py:1378} INFO - 
--------------------------------------------------------------------------------
[2023-12-10 20:13:12,067] {taskinstance.py:1397} INFO - Executing <Task(BashOperator): primer_task> on 2022-09-23 00:00:00+00:00
[2023-12-10 20:13:12,102] {standard_task_runner.py:52} INFO - Started process 481 to run task
[2023-12-10 20:13:12,129] {standard_task_runner.py:79} INFO - Running: ['***', 'tasks', 'run', 'mi_primer_dag', 'primer_task', 'scheduled__2022-09-23T00:00:00+00:00', '--job-id', '1541', '--raw', '--subdir', 'DAGS_FOLDER/mi_primer_dag.py', '--cfg-path', '/tmp/tmpx110i4bm', '--error-file', '/tmp/tmp5e_kq7en']
[2023-12-10 20:13:12,163] {standard_task_runner.py:80} INFO - Job 1541: Subtask primer_task
[2023-12-10 20:13:12,687] {task_command.py:371} INFO - Running <TaskInstance: mi_primer_dag.primer_task scheduled__2022-09-23T00:00:00+00:00 [running]> on host 42828894a739
[2023-12-10 20:13:13,063] {taskinstance.py:1591} INFO - Exporting the following env vars:
AIRFLOW_CTX_DAG_OWNER=DavidBU
AIRFLOW_CTX_DAG_ID=mi_primer_dag
AIRFLOW_CTX_TASK_ID=primer_task
AIRFLOW_CTX_EXECUTION_DATE=2022-09-23T00:00:00+00:00
AIRFLOW_CTX_TRY_NUMBER=1
AIRFLOW_CTX_DAG_RUN_ID=scheduled__2022-09-23T00:00:00+00:00
[2023-12-10 20:13:13,066] {subprocess.py:62} INFO - Tmp dir root location: 
 /tmp
[2023-12-10 20:13:13,069] {subprocess.py:74} INFO - Running command: ['bash', '-c', 'echo hola mundo, esta es nuestra primera tarea usando bash operator!']
[2023-12-10 20:13:13,088] {subprocess.py:85} INFO - Output:
[2023-12-10 20:13:13,099] {subprocess.py:92} INFO - hola mundo, esta es nuestra primera tarea usando bash operator!
[2023-12-10 20:13:13,100] {subprocess.py:96} INFO - Command exited with return code 0
[2023-12-10 20:13:13,237] {taskinstance.py:1420} INFO - Marking task as SUCCESS. dag_id=mi_primer_dag, task_id=primer_task, execution_date=20220923T000000, start_date=20231210T201311, end_date=20231210T201313
[2023-12-10 20:13:13,318] {local_task_job.py:156} INFO - Task exited with return code 0
[2023-12-10 20:13:13,498] {local_task_job.py:273} INFO - 0 downstream tasks scheduled from follow-on schedule check
