[2023-12-10 19:38:00,883] {taskinstance.py:1179} INFO - Dependencies all met for <TaskInstance: mi_primer_dag_v3.primera_tarea scheduled__2023-02-11T00:00:00+00:00 [queued]>
[2023-12-10 19:38:01,074] {taskinstance.py:1179} INFO - Dependencies all met for <TaskInstance: mi_primer_dag_v3.primera_tarea scheduled__2023-02-11T00:00:00+00:00 [queued]>
[2023-12-10 19:38:01,090] {taskinstance.py:1376} INFO - 
--------------------------------------------------------------------------------
[2023-12-10 19:38:01,108] {taskinstance.py:1377} INFO - Starting attempt 1 of 6
[2023-12-10 19:38:01,116] {taskinstance.py:1378} INFO - 
--------------------------------------------------------------------------------
[2023-12-10 19:38:01,465] {taskinstance.py:1397} INFO - Executing <Task(BashOperator): primera_tarea> on 2023-02-11 00:00:00+00:00
[2023-12-10 19:38:01,525] {standard_task_runner.py:52} INFO - Started process 2121 to run task
[2023-12-10 19:38:01,612] {standard_task_runner.py:79} INFO - Running: ['***', 'tasks', 'run', 'mi_primer_dag_v3', 'primera_tarea', 'scheduled__2023-02-11T00:00:00+00:00', '--job-id', '572', '--raw', '--subdir', 'DAGS_FOLDER/primer_dag_v3.py', '--cfg-path', '/tmp/tmpy7ahgyef', '--error-file', '/tmp/tmpo2ol9t_p']
[2023-12-10 19:38:01,623] {standard_task_runner.py:80} INFO - Job 572: Subtask primera_tarea
[2023-12-10 19:38:02,864] {task_command.py:371} INFO - Running <TaskInstance: mi_primer_dag_v3.primera_tarea scheduled__2023-02-11T00:00:00+00:00 [running]> on host 42828894a739
[2023-12-10 19:38:04,336] {taskinstance.py:1591} INFO - Exporting the following env vars:
AIRFLOW_CTX_DAG_OWNER=DavidBU
AIRFLOW_CTX_DAG_ID=mi_primer_dag_v3
AIRFLOW_CTX_TASK_ID=primera_tarea
AIRFLOW_CTX_EXECUTION_DATE=2023-02-11T00:00:00+00:00
AIRFLOW_CTX_TRY_NUMBER=1
AIRFLOW_CTX_DAG_RUN_ID=scheduled__2023-02-11T00:00:00+00:00
[2023-12-10 19:38:04,466] {subprocess.py:62} INFO - Tmp dir root location: 
 /tmp
[2023-12-10 19:38:04,581] {subprocess.py:74} INFO - Running command: ['bash', '-c', 'echo hola mundo, esta es nuestra primera tarea!']
[2023-12-10 19:38:04,860] {subprocess.py:85} INFO - Output:
[2023-12-10 19:38:04,894] {subprocess.py:92} INFO - hola mundo, esta es nuestra primera tarea!
[2023-12-10 19:38:04,920] {subprocess.py:96} INFO - Command exited with return code 0
[2023-12-10 19:38:05,632] {taskinstance.py:1420} INFO - Marking task as SUCCESS. dag_id=mi_primer_dag_v3, task_id=primera_tarea, execution_date=20230211T000000, start_date=20231210T193800, end_date=20231210T193805
[2023-12-10 19:38:06,015] {local_task_job.py:156} INFO - Task exited with return code 0
[2023-12-10 19:38:06,669] {local_task_job.py:273} INFO - 2 downstream tasks scheduled from follow-on schedule check
