[2023-12-10 19:42:45,771] {taskinstance.py:1179} INFO - Dependencies all met for <TaskInstance: mi_primer_dag_v3.primera_tarea scheduled__2023-05-26T00:00:00+00:00 [queued]>
[2023-12-10 19:42:45,863] {taskinstance.py:1179} INFO - Dependencies all met for <TaskInstance: mi_primer_dag_v3.primera_tarea scheduled__2023-05-26T00:00:00+00:00 [queued]>
[2023-12-10 19:42:45,879] {taskinstance.py:1376} INFO - 
--------------------------------------------------------------------------------
[2023-12-10 19:42:45,891] {taskinstance.py:1377} INFO - Starting attempt 1 of 6
[2023-12-10 19:42:45,891] {taskinstance.py:1378} INFO - 
--------------------------------------------------------------------------------
[2023-12-10 19:42:46,092] {taskinstance.py:1397} INFO - Executing <Task(BashOperator): primera_tarea> on 2023-05-26 00:00:00+00:00
[2023-12-10 19:42:46,124] {standard_task_runner.py:52} INFO - Started process 3176 to run task
[2023-12-10 19:42:46,256] {standard_task_runner.py:79} INFO - Running: ['***', 'tasks', 'run', 'mi_primer_dag_v3', 'primera_tarea', 'scheduled__2023-05-26T00:00:00+00:00', '--job-id', '888', '--raw', '--subdir', 'DAGS_FOLDER/primer_dag_v3.py', '--cfg-path', '/tmp/tmp5m0132kz', '--error-file', '/tmp/tmpyxwvrt4z']
[2023-12-10 19:42:46,327] {standard_task_runner.py:80} INFO - Job 888: Subtask primera_tarea
[2023-12-10 19:42:46,844] {task_command.py:371} INFO - Running <TaskInstance: mi_primer_dag_v3.primera_tarea scheduled__2023-05-26T00:00:00+00:00 [running]> on host 42828894a739
[2023-12-10 19:42:47,537] {taskinstance.py:1591} INFO - Exporting the following env vars:
AIRFLOW_CTX_DAG_OWNER=DavidBU
AIRFLOW_CTX_DAG_ID=mi_primer_dag_v3
AIRFLOW_CTX_TASK_ID=primera_tarea
AIRFLOW_CTX_EXECUTION_DATE=2023-05-26T00:00:00+00:00
AIRFLOW_CTX_TRY_NUMBER=1
AIRFLOW_CTX_DAG_RUN_ID=scheduled__2023-05-26T00:00:00+00:00
[2023-12-10 19:42:47,553] {subprocess.py:62} INFO - Tmp dir root location: 
 /tmp
[2023-12-10 19:42:47,554] {subprocess.py:74} INFO - Running command: ['bash', '-c', 'echo hola mundo, esta es nuestra primera tarea!']
[2023-12-10 19:42:47,638] {subprocess.py:85} INFO - Output:
[2023-12-10 19:42:47,652] {subprocess.py:92} INFO - hola mundo, esta es nuestra primera tarea!
[2023-12-10 19:42:47,674] {subprocess.py:96} INFO - Command exited with return code 0
[2023-12-10 19:42:48,063] {taskinstance.py:1420} INFO - Marking task as SUCCESS. dag_id=mi_primer_dag_v3, task_id=primera_tarea, execution_date=20230526T000000, start_date=20231210T194245, end_date=20231210T194248
[2023-12-10 19:42:48,671] {local_task_job.py:156} INFO - Task exited with return code 0
[2023-12-10 19:42:49,156] {local_task_job.py:273} INFO - 0 downstream tasks scheduled from follow-on schedule check
