[2023-12-10 19:36:33,976] {taskinstance.py:1179} INFO - Dependencies all met for <TaskInstance: mi_primer_dag_v3.primera_tarea scheduled__2023-01-05T00:00:00+00:00 [queued]>
[2023-12-10 19:36:34,209] {taskinstance.py:1179} INFO - Dependencies all met for <TaskInstance: mi_primer_dag_v3.primera_tarea scheduled__2023-01-05T00:00:00+00:00 [queued]>
[2023-12-10 19:36:34,210] {taskinstance.py:1376} INFO - 
--------------------------------------------------------------------------------
[2023-12-10 19:36:34,222] {taskinstance.py:1377} INFO - Starting attempt 1 of 6
[2023-12-10 19:36:34,223] {taskinstance.py:1378} INFO - 
--------------------------------------------------------------------------------
[2023-12-10 19:36:34,414] {taskinstance.py:1397} INFO - Executing <Task(BashOperator): primera_tarea> on 2023-01-05 00:00:00+00:00
[2023-12-10 19:36:34,461] {standard_task_runner.py:79} INFO - Running: ['***', 'tasks', 'run', 'mi_primer_dag_v3', 'primera_tarea', 'scheduled__2023-01-05T00:00:00+00:00', '--job-id', '467', '--raw', '--subdir', 'DAGS_FOLDER/primer_dag_v3.py', '--cfg-path', '/tmp/tmpi2o1n3lw', '--error-file', '/tmp/tmp7tifjp2_']
[2023-12-10 19:36:34,443] {standard_task_runner.py:52} INFO - Started process 1765 to run task
[2023-12-10 19:36:34,495] {standard_task_runner.py:80} INFO - Job 467: Subtask primera_tarea
[2023-12-10 19:36:34,961] {task_command.py:371} INFO - Running <TaskInstance: mi_primer_dag_v3.primera_tarea scheduled__2023-01-05T00:00:00+00:00 [running]> on host 42828894a739
[2023-12-10 19:36:36,819] {taskinstance.py:1591} INFO - Exporting the following env vars:
AIRFLOW_CTX_DAG_OWNER=DavidBU
AIRFLOW_CTX_DAG_ID=mi_primer_dag_v3
AIRFLOW_CTX_TASK_ID=primera_tarea
AIRFLOW_CTX_EXECUTION_DATE=2023-01-05T00:00:00+00:00
AIRFLOW_CTX_TRY_NUMBER=1
AIRFLOW_CTX_DAG_RUN_ID=scheduled__2023-01-05T00:00:00+00:00
[2023-12-10 19:36:36,864] {subprocess.py:62} INFO - Tmp dir root location: 
 /tmp
[2023-12-10 19:36:36,896] {subprocess.py:74} INFO - Running command: ['bash', '-c', 'echo hola mundo, esta es nuestra primera tarea!']
[2023-12-10 19:36:37,024] {subprocess.py:85} INFO - Output:
[2023-12-10 19:36:37,086] {subprocess.py:92} INFO - hola mundo, esta es nuestra primera tarea!
[2023-12-10 19:36:37,123] {subprocess.py:96} INFO - Command exited with return code 0
[2023-12-10 19:36:37,482] {taskinstance.py:1420} INFO - Marking task as SUCCESS. dag_id=mi_primer_dag_v3, task_id=primera_tarea, execution_date=20230105T000000, start_date=20231210T193633, end_date=20231210T193637
[2023-12-10 19:36:37,696] {local_task_job.py:156} INFO - Task exited with return code 0
[2023-12-10 19:36:38,076] {local_task_job.py:273} INFO - 2 downstream tasks scheduled from follow-on schedule check
