[2023-12-10 19:48:30,083] {taskinstance.py:1179} INFO - Dependencies all met for <TaskInstance: mi_primer_dag_v3.tercera_tarea scheduled__2023-11-06T00:00:00+00:00 [queued]>
[2023-12-10 19:48:30,147] {taskinstance.py:1179} INFO - Dependencies all met for <TaskInstance: mi_primer_dag_v3.tercera_tarea scheduled__2023-11-06T00:00:00+00:00 [queued]>
[2023-12-10 19:48:30,168] {taskinstance.py:1376} INFO - 
--------------------------------------------------------------------------------
[2023-12-10 19:48:30,169] {taskinstance.py:1377} INFO - Starting attempt 1 of 6
[2023-12-10 19:48:30,176] {taskinstance.py:1378} INFO - 
--------------------------------------------------------------------------------
[2023-12-10 19:48:30,483] {taskinstance.py:1397} INFO - Executing <Task(BashOperator): tercera_tarea> on 2023-11-06 00:00:00+00:00
[2023-12-10 19:48:30,679] {standard_task_runner.py:52} INFO - Started process 4829 to run task
[2023-12-10 19:48:30,674] {standard_task_runner.py:79} INFO - Running: ['***', 'tasks', 'run', 'mi_primer_dag_v3', 'tercera_tarea', 'scheduled__2023-11-06T00:00:00+00:00', '--job-id', '1386', '--raw', '--subdir', 'DAGS_FOLDER/primer_dag_v3.py', '--cfg-path', '/tmp/tmpjk0lv57k', '--error-file', '/tmp/tmpdshftbqx']
[2023-12-10 19:48:30,766] {standard_task_runner.py:80} INFO - Job 1386: Subtask tercera_tarea
[2023-12-10 19:48:31,589] {task_command.py:371} INFO - Running <TaskInstance: mi_primer_dag_v3.tercera_tarea scheduled__2023-11-06T00:00:00+00:00 [running]> on host 42828894a739
[2023-12-10 19:48:32,335] {taskinstance.py:1591} INFO - Exporting the following env vars:
AIRFLOW_CTX_DAG_OWNER=DavidBU
AIRFLOW_CTX_DAG_ID=mi_primer_dag_v3
AIRFLOW_CTX_TASK_ID=tercera_tarea
AIRFLOW_CTX_EXECUTION_DATE=2023-11-06T00:00:00+00:00
AIRFLOW_CTX_TRY_NUMBER=1
AIRFLOW_CTX_DAG_RUN_ID=scheduled__2023-11-06T00:00:00+00:00
[2023-12-10 19:48:32,337] {subprocess.py:62} INFO - Tmp dir root location: 
 /tmp
[2023-12-10 19:48:32,338] {subprocess.py:74} INFO - Running command: ['bash', '-c', 'echo hola, soy la tarea 3 y sere corrida luego de Tarea 1 al mismo tiempo que Tarea 2']
[2023-12-10 19:48:32,370] {subprocess.py:85} INFO - Output:
[2023-12-10 19:48:32,374] {subprocess.py:92} INFO - hola, soy la tarea 3 y sere corrida luego de Tarea 1 al mismo tiempo que Tarea 2
[2023-12-10 19:48:32,375] {subprocess.py:96} INFO - Command exited with return code 0
[2023-12-10 19:48:32,872] {taskinstance.py:1420} INFO - Marking task as SUCCESS. dag_id=mi_primer_dag_v3, task_id=tercera_tarea, execution_date=20231106T000000, start_date=20231210T194830, end_date=20231210T194832
[2023-12-10 19:48:33,069] {local_task_job.py:156} INFO - Task exited with return code 0
[2023-12-10 19:48:34,095] {local_task_job.py:273} INFO - 0 downstream tasks scheduled from follow-on schedule check
