[2023-12-10 20:25:07,846] {taskinstance.py:1179} INFO - Dependencies all met for <TaskInstance: mi_primer_dag.primer_task scheduled__2023-11-10T00:00:00+00:00 [queued]>
[2023-12-10 20:25:07,913] {taskinstance.py:1179} INFO - Dependencies all met for <TaskInstance: mi_primer_dag.primer_task scheduled__2023-11-10T00:00:00+00:00 [queued]>
[2023-12-10 20:25:07,917] {taskinstance.py:1376} INFO - 
--------------------------------------------------------------------------------
[2023-12-10 20:25:07,921] {taskinstance.py:1377} INFO - Starting attempt 1 of 6
[2023-12-10 20:25:07,927] {taskinstance.py:1378} INFO - 
--------------------------------------------------------------------------------
[2023-12-10 20:25:08,172] {taskinstance.py:1397} INFO - Executing <Task(BashOperator): primer_task> on 2023-11-10 00:00:00+00:00
[2023-12-10 20:25:08,220] {standard_task_runner.py:52} INFO - Started process 2119 to run task
[2023-12-10 20:25:08,257] {standard_task_runner.py:79} INFO - Running: ['***', 'tasks', 'run', 'mi_primer_dag', 'primer_task', 'scheduled__2023-11-10T00:00:00+00:00', '--job-id', '2207', '--raw', '--subdir', 'DAGS_FOLDER/mi_primer_dag.py', '--cfg-path', '/tmp/tmpap2pwt5d', '--error-file', '/tmp/tmpvi9onuu8']
[2023-12-10 20:25:08,283] {standard_task_runner.py:80} INFO - Job 2207: Subtask primer_task
[2023-12-10 20:25:08,680] {task_command.py:371} INFO - Running <TaskInstance: mi_primer_dag.primer_task scheduled__2023-11-10T00:00:00+00:00 [running]> on host 42828894a739
[2023-12-10 20:25:09,455] {taskinstance.py:1591} INFO - Exporting the following env vars:
AIRFLOW_CTX_DAG_OWNER=DavidBU
AIRFLOW_CTX_DAG_ID=mi_primer_dag
AIRFLOW_CTX_TASK_ID=primer_task
AIRFLOW_CTX_EXECUTION_DATE=2023-11-10T00:00:00+00:00
AIRFLOW_CTX_TRY_NUMBER=1
AIRFLOW_CTX_DAG_RUN_ID=scheduled__2023-11-10T00:00:00+00:00
[2023-12-10 20:25:09,466] {subprocess.py:62} INFO - Tmp dir root location: 
 /tmp
[2023-12-10 20:25:09,479] {subprocess.py:74} INFO - Running command: ['bash', '-c', 'echo hola mundo, esta es nuestra primera tarea usando bash operator!']
[2023-12-10 20:25:09,529] {subprocess.py:85} INFO - Output:
[2023-12-10 20:25:09,687] {subprocess.py:92} INFO - hola mundo, esta es nuestra primera tarea usando bash operator!
[2023-12-10 20:25:09,741] {subprocess.py:96} INFO - Command exited with return code 0
[2023-12-10 20:25:10,059] {taskinstance.py:1420} INFO - Marking task as SUCCESS. dag_id=mi_primer_dag, task_id=primer_task, execution_date=20231110T000000, start_date=20231210T202507, end_date=20231210T202510
[2023-12-10 20:25:10,157] {local_task_job.py:156} INFO - Task exited with return code 0
[2023-12-10 20:25:11,028] {local_task_job.py:273} INFO - 0 downstream tasks scheduled from follow-on schedule check
