[2023-12-10 20:14:55,660] {taskinstance.py:1179} INFO - Dependencies all met for <TaskInstance: mi_primer_dag.primer_task scheduled__2022-12-14T00:00:00+00:00 [queued]>
[2023-12-10 20:14:55,745] {taskinstance.py:1179} INFO - Dependencies all met for <TaskInstance: mi_primer_dag.primer_task scheduled__2022-12-14T00:00:00+00:00 [queued]>
[2023-12-10 20:14:55,759] {taskinstance.py:1376} INFO - 
--------------------------------------------------------------------------------
[2023-12-10 20:14:55,761] {taskinstance.py:1377} INFO - Starting attempt 1 of 6
[2023-12-10 20:14:55,762] {taskinstance.py:1378} INFO - 
--------------------------------------------------------------------------------
[2023-12-10 20:14:55,846] {taskinstance.py:1397} INFO - Executing <Task(BashOperator): primer_task> on 2022-12-14 00:00:00+00:00
[2023-12-10 20:14:55,867] {standard_task_runner.py:52} INFO - Started process 812 to run task
[2023-12-10 20:14:55,891] {standard_task_runner.py:79} INFO - Running: ['***', 'tasks', 'run', 'mi_primer_dag', 'primer_task', 'scheduled__2022-12-14T00:00:00+00:00', '--job-id', '1623', '--raw', '--subdir', 'DAGS_FOLDER/mi_primer_dag.py', '--cfg-path', '/tmp/tmpo_2tga0a', '--error-file', '/tmp/tmpo8ps4uob']
[2023-12-10 20:14:55,895] {standard_task_runner.py:80} INFO - Job 1623: Subtask primer_task
[2023-12-10 20:14:56,170] {task_command.py:371} INFO - Running <TaskInstance: mi_primer_dag.primer_task scheduled__2022-12-14T00:00:00+00:00 [running]> on host 42828894a739
[2023-12-10 20:14:56,851] {taskinstance.py:1591} INFO - Exporting the following env vars:
AIRFLOW_CTX_DAG_OWNER=DavidBU
AIRFLOW_CTX_DAG_ID=mi_primer_dag
AIRFLOW_CTX_TASK_ID=primer_task
AIRFLOW_CTX_EXECUTION_DATE=2022-12-14T00:00:00+00:00
AIRFLOW_CTX_TRY_NUMBER=1
AIRFLOW_CTX_DAG_RUN_ID=scheduled__2022-12-14T00:00:00+00:00
[2023-12-10 20:14:56,871] {subprocess.py:62} INFO - Tmp dir root location: 
 /tmp
[2023-12-10 20:14:56,875] {subprocess.py:74} INFO - Running command: ['bash', '-c', 'echo hola mundo, esta es nuestra primera tarea usando bash operator!']
[2023-12-10 20:14:56,970] {subprocess.py:85} INFO - Output:
[2023-12-10 20:14:57,002] {subprocess.py:92} INFO - hola mundo, esta es nuestra primera tarea usando bash operator!
[2023-12-10 20:14:57,034] {subprocess.py:96} INFO - Command exited with return code 0
[2023-12-10 20:14:57,281] {taskinstance.py:1420} INFO - Marking task as SUCCESS. dag_id=mi_primer_dag, task_id=primer_task, execution_date=20221214T000000, start_date=20231210T201455, end_date=20231210T201457
[2023-12-10 20:14:57,398] {local_task_job.py:156} INFO - Task exited with return code 0
[2023-12-10 20:14:57,526] {local_task_job.py:273} INFO - 0 downstream tasks scheduled from follow-on schedule check
