[2023-12-10 19:45:59,523] {taskinstance.py:1179} INFO - Dependencies all met for <TaskInstance: mi_primer_dag_v3.segunda_tarea scheduled__2023-08-26T00:00:00+00:00 [queued]>
[2023-12-10 19:45:59,601] {taskinstance.py:1179} INFO - Dependencies all met for <TaskInstance: mi_primer_dag_v3.segunda_tarea scheduled__2023-08-26T00:00:00+00:00 [queued]>
[2023-12-10 19:45:59,602] {taskinstance.py:1376} INFO - 
--------------------------------------------------------------------------------
[2023-12-10 19:45:59,604] {taskinstance.py:1377} INFO - Starting attempt 1 of 6
[2023-12-10 19:45:59,605] {taskinstance.py:1378} INFO - 
--------------------------------------------------------------------------------
[2023-12-10 19:45:59,809] {taskinstance.py:1397} INFO - Executing <Task(BashOperator): segunda_tarea> on 2023-08-26 00:00:00+00:00
[2023-12-10 19:45:59,820] {standard_task_runner.py:52} INFO - Started process 4128 to run task
[2023-12-10 19:45:59,864] {standard_task_runner.py:79} INFO - Running: ['***', 'tasks', 'run', 'mi_primer_dag_v3', 'segunda_tarea', 'scheduled__2023-08-26T00:00:00+00:00', '--job-id', '1177', '--raw', '--subdir', 'DAGS_FOLDER/primer_dag_v3.py', '--cfg-path', '/tmp/tmpr4gxilz6', '--error-file', '/tmp/tmpbi_1d861']
[2023-12-10 19:45:59,877] {standard_task_runner.py:80} INFO - Job 1177: Subtask segunda_tarea
[2023-12-10 19:46:00,601] {task_command.py:371} INFO - Running <TaskInstance: mi_primer_dag_v3.segunda_tarea scheduled__2023-08-26T00:00:00+00:00 [running]> on host 42828894a739
[2023-12-10 19:46:02,851] {taskinstance.py:1591} INFO - Exporting the following env vars:
AIRFLOW_CTX_DAG_OWNER=DavidBU
AIRFLOW_CTX_DAG_ID=mi_primer_dag_v3
AIRFLOW_CTX_TASK_ID=segunda_tarea
AIRFLOW_CTX_EXECUTION_DATE=2023-08-26T00:00:00+00:00
AIRFLOW_CTX_TRY_NUMBER=1
AIRFLOW_CTX_DAG_RUN_ID=scheduled__2023-08-26T00:00:00+00:00
[2023-12-10 19:46:02,868] {subprocess.py:62} INFO - Tmp dir root location: 
 /tmp
[2023-12-10 19:46:02,886] {subprocess.py:74} INFO - Running command: ['bash', '-c', 'echo hola, soy la tarea 2 y sere corrida luego de la Tarea 1']
[2023-12-10 19:46:03,026] {subprocess.py:85} INFO - Output:
[2023-12-10 19:46:03,110] {subprocess.py:92} INFO - hola, soy la tarea 2 y sere corrida luego de la Tarea 1
[2023-12-10 19:46:03,120] {subprocess.py:96} INFO - Command exited with return code 0
[2023-12-10 19:46:03,610] {taskinstance.py:1420} INFO - Marking task as SUCCESS. dag_id=mi_primer_dag_v3, task_id=segunda_tarea, execution_date=20230826T000000, start_date=20231210T194559, end_date=20231210T194603
[2023-12-10 19:46:03,706] {local_task_job.py:156} INFO - Task exited with return code 0
[2023-12-10 19:46:03,867] {local_task_job.py:273} INFO - 0 downstream tasks scheduled from follow-on schedule check
