[2023-12-10 19:32:46,337] {taskinstance.py:1179} INFO - Dependencies all met for <TaskInstance: mi_primer_dag_v3.tercera_tarea scheduled__2022-10-14T00:00:00+00:00 [queued]>
[2023-12-10 19:32:46,535] {taskinstance.py:1179} INFO - Dependencies all met for <TaskInstance: mi_primer_dag_v3.tercera_tarea scheduled__2022-10-14T00:00:00+00:00 [queued]>
[2023-12-10 19:32:46,537] {taskinstance.py:1376} INFO - 
--------------------------------------------------------------------------------
[2023-12-10 19:32:46,539] {taskinstance.py:1377} INFO - Starting attempt 1 of 6
[2023-12-10 19:32:46,544] {taskinstance.py:1378} INFO - 
--------------------------------------------------------------------------------
[2023-12-10 19:32:46,793] {taskinstance.py:1397} INFO - Executing <Task(BashOperator): tercera_tarea> on 2022-10-14 00:00:00+00:00
[2023-12-10 19:32:46,863] {standard_task_runner.py:52} INFO - Started process 930 to run task
[2023-12-10 19:32:46,980] {standard_task_runner.py:79} INFO - Running: ['***', 'tasks', 'run', 'mi_primer_dag_v3', 'tercera_tarea', 'scheduled__2022-10-14T00:00:00+00:00', '--job-id', '223', '--raw', '--subdir', 'DAGS_FOLDER/primer_dag_v3.py', '--cfg-path', '/tmp/tmpzx81evu7', '--error-file', '/tmp/tmp9x_kyroe']
[2023-12-10 19:32:47,015] {standard_task_runner.py:80} INFO - Job 223: Subtask tercera_tarea
[2023-12-10 19:32:47,821] {task_command.py:371} INFO - Running <TaskInstance: mi_primer_dag_v3.tercera_tarea scheduled__2022-10-14T00:00:00+00:00 [running]> on host 42828894a739
[2023-12-10 19:32:48,919] {taskinstance.py:1591} INFO - Exporting the following env vars:
AIRFLOW_CTX_DAG_OWNER=DavidBU
AIRFLOW_CTX_DAG_ID=mi_primer_dag_v3
AIRFLOW_CTX_TASK_ID=tercera_tarea
AIRFLOW_CTX_EXECUTION_DATE=2022-10-14T00:00:00+00:00
AIRFLOW_CTX_TRY_NUMBER=1
AIRFLOW_CTX_DAG_RUN_ID=scheduled__2022-10-14T00:00:00+00:00
[2023-12-10 19:32:48,934] {subprocess.py:62} INFO - Tmp dir root location: 
 /tmp
[2023-12-10 19:32:48,936] {subprocess.py:74} INFO - Running command: ['bash', '-c', 'echo hola, soy la tarea 3 y sere corrida luego de Tarea 1 al mismo tiempo que Tarea 2']
[2023-12-10 19:32:49,062] {subprocess.py:85} INFO - Output:
[2023-12-10 19:32:49,110] {subprocess.py:92} INFO - hola, soy la tarea 3 y sere corrida luego de Tarea 1 al mismo tiempo que Tarea 2
[2023-12-10 19:32:49,173] {subprocess.py:96} INFO - Command exited with return code 0
[2023-12-10 19:32:49,541] {taskinstance.py:1420} INFO - Marking task as SUCCESS. dag_id=mi_primer_dag_v3, task_id=tercera_tarea, execution_date=20221014T000000, start_date=20231210T193246, end_date=20231210T193249
[2023-12-10 19:32:49,726] {local_task_job.py:156} INFO - Task exited with return code 0
[2023-12-10 19:32:49,971] {local_task_job.py:273} INFO - 0 downstream tasks scheduled from follow-on schedule check
