[2023-12-10 20:24:54,279] {taskinstance.py:1179} INFO - Dependencies all met for <TaskInstance: mi_primer_dag.primer_task scheduled__2023-11-02T00:00:00+00:00 [queued]>
[2023-12-10 20:24:54,542] {taskinstance.py:1179} INFO - Dependencies all met for <TaskInstance: mi_primer_dag.primer_task scheduled__2023-11-02T00:00:00+00:00 [queued]>
[2023-12-10 20:24:54,608] {taskinstance.py:1376} INFO - 
--------------------------------------------------------------------------------
[2023-12-10 20:24:54,638] {taskinstance.py:1377} INFO - Starting attempt 1 of 6
[2023-12-10 20:24:54,702] {taskinstance.py:1378} INFO - 
--------------------------------------------------------------------------------
[2023-12-10 20:24:55,321] {taskinstance.py:1397} INFO - Executing <Task(BashOperator): primer_task> on 2023-11-02 00:00:00+00:00
[2023-12-10 20:24:55,439] {standard_task_runner.py:52} INFO - Started process 2068 to run task
[2023-12-10 20:24:55,561] {standard_task_runner.py:79} INFO - Running: ['***', 'tasks', 'run', 'mi_primer_dag', 'primer_task', 'scheduled__2023-11-02T00:00:00+00:00', '--job-id', '2191', '--raw', '--subdir', 'DAGS_FOLDER/mi_primer_dag.py', '--cfg-path', '/tmp/tmp98cryjui', '--error-file', '/tmp/tmpzn33c3g4']
[2023-12-10 20:24:55,601] {standard_task_runner.py:80} INFO - Job 2191: Subtask primer_task
[2023-12-10 20:24:56,486] {task_command.py:371} INFO - Running <TaskInstance: mi_primer_dag.primer_task scheduled__2023-11-02T00:00:00+00:00 [running]> on host 42828894a739
[2023-12-10 20:24:57,722] {taskinstance.py:1591} INFO - Exporting the following env vars:
AIRFLOW_CTX_DAG_OWNER=DavidBU
AIRFLOW_CTX_DAG_ID=mi_primer_dag
AIRFLOW_CTX_TASK_ID=primer_task
AIRFLOW_CTX_EXECUTION_DATE=2023-11-02T00:00:00+00:00
AIRFLOW_CTX_TRY_NUMBER=1
AIRFLOW_CTX_DAG_RUN_ID=scheduled__2023-11-02T00:00:00+00:00
[2023-12-10 20:24:57,832] {subprocess.py:62} INFO - Tmp dir root location: 
 /tmp
[2023-12-10 20:24:57,849] {subprocess.py:74} INFO - Running command: ['bash', '-c', 'echo hola mundo, esta es nuestra primera tarea usando bash operator!']
[2023-12-10 20:24:57,951] {subprocess.py:85} INFO - Output:
[2023-12-10 20:24:57,967] {subprocess.py:92} INFO - hola mundo, esta es nuestra primera tarea usando bash operator!
[2023-12-10 20:24:57,999] {subprocess.py:96} INFO - Command exited with return code 0
[2023-12-10 20:24:58,458] {taskinstance.py:1420} INFO - Marking task as SUCCESS. dag_id=mi_primer_dag, task_id=primer_task, execution_date=20231102T000000, start_date=20231210T202454, end_date=20231210T202458
[2023-12-10 20:24:58,655] {local_task_job.py:156} INFO - Task exited with return code 0
[2023-12-10 20:24:59,068] {local_task_job.py:273} INFO - 0 downstream tasks scheduled from follow-on schedule check
