[2023-12-21 03:23:36,535] {taskinstance.py:1179} INFO - Dependencies all met for <TaskInstance: mi_primer_dag_v4.segunda_tarea scheduled__2023-12-20T00:00:00+00:00 [queued]>
[2023-12-21 03:23:36,737] {taskinstance.py:1179} INFO - Dependencies all met for <TaskInstance: mi_primer_dag_v4.segunda_tarea scheduled__2023-12-20T00:00:00+00:00 [queued]>
[2023-12-21 03:23:36,764] {taskinstance.py:1376} INFO - 
--------------------------------------------------------------------------------
[2023-12-21 03:23:36,771] {taskinstance.py:1377} INFO - Starting attempt 1 of 6
[2023-12-21 03:23:36,774] {taskinstance.py:1378} INFO - 
--------------------------------------------------------------------------------
[2023-12-21 03:23:37,186] {taskinstance.py:1397} INFO - Executing <Task(BashOperator): segunda_tarea> on 2023-12-20 00:00:00+00:00
[2023-12-21 03:23:37,304] {standard_task_runner.py:52} INFO - Started process 380 to run task
[2023-12-21 03:23:37,437] {standard_task_runner.py:79} INFO - Running: ['***', 'tasks', 'run', 'mi_primer_dag_v4', 'segunda_tarea', 'scheduled__2023-12-20T00:00:00+00:00', '--job-id', '187', '--raw', '--subdir', 'DAGS_FOLDER/primer_dag.py', '--cfg-path', '/tmp/tmpd592kcwo', '--error-file', '/tmp/tmpi2f0w75e']
[2023-12-21 03:23:37,472] {standard_task_runner.py:80} INFO - Job 187: Subtask segunda_tarea
[2023-12-21 03:23:38,900] {task_command.py:371} INFO - Running <TaskInstance: mi_primer_dag_v4.segunda_tarea scheduled__2023-12-20T00:00:00+00:00 [running]> on host b0993ec57291
[2023-12-21 03:23:40,418] {taskinstance.py:1591} INFO - Exporting the following env vars:
AIRFLOW_CTX_DAG_OWNER=DavidBU
AIRFLOW_CTX_DAG_ID=mi_primer_dag_v4
AIRFLOW_CTX_TASK_ID=segunda_tarea
AIRFLOW_CTX_EXECUTION_DATE=2023-12-20T00:00:00+00:00
AIRFLOW_CTX_TRY_NUMBER=1
AIRFLOW_CTX_DAG_RUN_ID=scheduled__2023-12-20T00:00:00+00:00
[2023-12-21 03:23:40,421] {subprocess.py:62} INFO - Tmp dir root location: 
 /tmp
[2023-12-21 03:23:40,458] {subprocess.py:74} INFO - Running command: ['bash', '-c', 'echo David']
[2023-12-21 03:23:40,489] {subprocess.py:85} INFO - Output:
[2023-12-21 03:23:40,496] {subprocess.py:92} INFO - David
[2023-12-21 03:23:40,500] {subprocess.py:96} INFO - Command exited with return code 0
[2023-12-21 03:23:56,681] {taskinstance.py:1420} INFO - Marking task as SUCCESS. dag_id=mi_primer_dag_v4, task_id=segunda_tarea, execution_date=20231220T000000, start_date=20231221T032336, end_date=20231221T032356
[2023-12-21 03:23:56,995] {local_task_job.py:156} INFO - Task exited with return code 0
[2023-12-21 03:23:58,972] {local_task_job.py:273} INFO - 1 downstream tasks scheduled from follow-on schedule check
