[2023-12-10 20:22:26,026] {taskinstance.py:1179} INFO - Dependencies all met for <TaskInstance: mi_primer_dar_con_PythonOperator.aloha_david scheduled__2022-12-26T00:00:00+00:00 [queued]>
[2023-12-10 20:22:26,139] {taskinstance.py:1179} INFO - Dependencies all met for <TaskInstance: mi_primer_dar_con_PythonOperator.aloha_david scheduled__2022-12-26T00:00:00+00:00 [queued]>
[2023-12-10 20:22:26,161] {taskinstance.py:1376} INFO - 
--------------------------------------------------------------------------------
[2023-12-10 20:22:26,166] {taskinstance.py:1377} INFO - Starting attempt 1 of 6
[2023-12-10 20:22:26,167] {taskinstance.py:1378} INFO - 
--------------------------------------------------------------------------------
[2023-12-10 20:22:26,494] {taskinstance.py:1397} INFO - Executing <Task(PythonOperator): aloha_david> on 2022-12-26 00:00:00+00:00
[2023-12-10 20:22:26,547] {standard_task_runner.py:52} INFO - Started process 1398 to run task
[2023-12-10 20:22:26,577] {standard_task_runner.py:79} INFO - Running: ['***', 'tasks', 'run', 'mi_primer_dar_con_PythonOperator', 'aloha_david', 'scheduled__2022-12-26T00:00:00+00:00', '--job-id', '1999', '--raw', '--subdir', 'DAGS_FOLDER/mi_primer_dag_pythonoperator.py', '--cfg-path', '/tmp/tmpyenjm7p4', '--error-file', '/tmp/tmp_n3u0q_3']
[2023-12-10 20:22:26,584] {standard_task_runner.py:80} INFO - Job 1999: Subtask aloha_david
[2023-12-10 20:22:27,186] {task_command.py:371} INFO - Running <TaskInstance: mi_primer_dar_con_PythonOperator.aloha_david scheduled__2022-12-26T00:00:00+00:00 [running]> on host 42828894a739
[2023-12-10 20:22:28,092] {taskinstance.py:1591} INFO - Exporting the following env vars:
AIRFLOW_CTX_DAG_OWNER=DavidBU
AIRFLOW_CTX_DAG_ID=mi_primer_dar_con_PythonOperator
AIRFLOW_CTX_TASK_ID=aloha_david
AIRFLOW_CTX_EXECUTION_DATE=2022-12-26T00:00:00+00:00
AIRFLOW_CTX_TRY_NUMBER=1
AIRFLOW_CTX_DAG_RUN_ID=scheduled__2022-12-26T00:00:00+00:00
[2023-12-10 20:22:28,094] {logging_mixin.py:115} INFO - Aloha Mundo soy yo!
[2023-12-10 20:22:28,096] {python.py:173} INFO - Done. Returned value was: None
[2023-12-10 20:22:28,249] {taskinstance.py:1420} INFO - Marking task as SUCCESS. dag_id=mi_primer_dar_con_PythonOperator, task_id=aloha_david, execution_date=20221226T000000, start_date=20231210T202226, end_date=20231210T202228
[2023-12-10 20:22:28,383] {local_task_job.py:156} INFO - Task exited with return code 0
[2023-12-10 20:22:28,676] {local_task_job.py:273} INFO - 0 downstream tasks scheduled from follow-on schedule check
