[2023-12-10 19:48:32,465] {taskinstance.py:1179} INFO - Dependencies all met for <TaskInstance: mi_primer_dag_v3.tercera_tarea scheduled__2023-11-08T00:00:00+00:00 [queued]>
[2023-12-10 19:48:32,608] {taskinstance.py:1179} INFO - Dependencies all met for <TaskInstance: mi_primer_dag_v3.tercera_tarea scheduled__2023-11-08T00:00:00+00:00 [queued]>
[2023-12-10 19:48:32,610] {taskinstance.py:1376} INFO - 
--------------------------------------------------------------------------------
[2023-12-10 19:48:32,612] {taskinstance.py:1377} INFO - Starting attempt 1 of 6
[2023-12-10 19:48:32,612] {taskinstance.py:1378} INFO - 
--------------------------------------------------------------------------------
[2023-12-10 19:48:32,864] {taskinstance.py:1397} INFO - Executing <Task(BashOperator): tercera_tarea> on 2023-11-08 00:00:00+00:00
[2023-12-10 19:48:32,874] {standard_task_runner.py:52} INFO - Started process 4842 to run task
[2023-12-10 19:48:32,897] {standard_task_runner.py:79} INFO - Running: ['***', 'tasks', 'run', 'mi_primer_dag_v3', 'tercera_tarea', 'scheduled__2023-11-08T00:00:00+00:00', '--job-id', '1394', '--raw', '--subdir', 'DAGS_FOLDER/primer_dag_v3.py', '--cfg-path', '/tmp/tmp_xvj_xgh', '--error-file', '/tmp/tmp5jthgl66']
[2023-12-10 19:48:32,918] {standard_task_runner.py:80} INFO - Job 1394: Subtask tercera_tarea
[2023-12-10 19:48:34,182] {task_command.py:371} INFO - Running <TaskInstance: mi_primer_dag_v3.tercera_tarea scheduled__2023-11-08T00:00:00+00:00 [running]> on host 42828894a739
[2023-12-10 19:48:34,919] {taskinstance.py:1591} INFO - Exporting the following env vars:
AIRFLOW_CTX_DAG_OWNER=DavidBU
AIRFLOW_CTX_DAG_ID=mi_primer_dag_v3
AIRFLOW_CTX_TASK_ID=tercera_tarea
AIRFLOW_CTX_EXECUTION_DATE=2023-11-08T00:00:00+00:00
AIRFLOW_CTX_TRY_NUMBER=1
AIRFLOW_CTX_DAG_RUN_ID=scheduled__2023-11-08T00:00:00+00:00
[2023-12-10 19:48:34,924] {subprocess.py:62} INFO - Tmp dir root location: 
 /tmp
[2023-12-10 19:48:34,929] {subprocess.py:74} INFO - Running command: ['bash', '-c', 'echo hola, soy la tarea 3 y sere corrida luego de Tarea 1 al mismo tiempo que Tarea 2']
[2023-12-10 19:48:34,959] {subprocess.py:85} INFO - Output:
[2023-12-10 19:48:34,973] {subprocess.py:92} INFO - hola, soy la tarea 3 y sere corrida luego de Tarea 1 al mismo tiempo que Tarea 2
[2023-12-10 19:48:34,974] {subprocess.py:96} INFO - Command exited with return code 0
[2023-12-10 19:48:35,277] {taskinstance.py:1420} INFO - Marking task as SUCCESS. dag_id=mi_primer_dag_v3, task_id=tercera_tarea, execution_date=20231108T000000, start_date=20231210T194832, end_date=20231210T194835
[2023-12-10 19:48:35,579] {local_task_job.py:156} INFO - Task exited with return code 0
[2023-12-10 19:48:35,939] {local_task_job.py:273} INFO - 0 downstream tasks scheduled from follow-on schedule check
