[2023-12-10 20:27:23,683] {taskinstance.py:1179} INFO - Dependencies all met for <TaskInstance: mi_primer_dar_con_PythonOperator.aloha_david scheduled__2023-08-06T00:00:00+00:00 [queued]>
[2023-12-10 20:27:23,702] {taskinstance.py:1179} INFO - Dependencies all met for <TaskInstance: mi_primer_dar_con_PythonOperator.aloha_david scheduled__2023-08-06T00:00:00+00:00 [queued]>
[2023-12-10 20:27:23,703] {taskinstance.py:1376} INFO - 
--------------------------------------------------------------------------------
[2023-12-10 20:27:23,704] {taskinstance.py:1377} INFO - Starting attempt 1 of 6
[2023-12-10 20:27:23,704] {taskinstance.py:1378} INFO - 
--------------------------------------------------------------------------------
[2023-12-10 20:27:23,745] {taskinstance.py:1397} INFO - Executing <Task(PythonOperator): aloha_david> on 2023-08-06 00:00:00+00:00
[2023-12-10 20:27:23,767] {standard_task_runner.py:52} INFO - Started process 2622 to run task
[2023-12-10 20:27:23,781] {standard_task_runner.py:79} INFO - Running: ['***', 'tasks', 'run', 'mi_primer_dar_con_PythonOperator', 'aloha_david', 'scheduled__2023-08-06T00:00:00+00:00', '--job-id', '2356', '--raw', '--subdir', 'DAGS_FOLDER/mi_primer_dag_pythonoperator.py', '--cfg-path', '/tmp/tmpxktyjrk9', '--error-file', '/tmp/tmphw_arjnf']
[2023-12-10 20:27:23,785] {standard_task_runner.py:80} INFO - Job 2356: Subtask aloha_david
[2023-12-10 20:27:24,072] {task_command.py:371} INFO - Running <TaskInstance: mi_primer_dar_con_PythonOperator.aloha_david scheduled__2023-08-06T00:00:00+00:00 [running]> on host 42828894a739
[2023-12-10 20:27:24,293] {taskinstance.py:1591} INFO - Exporting the following env vars:
AIRFLOW_CTX_DAG_OWNER=DavidBU
AIRFLOW_CTX_DAG_ID=mi_primer_dar_con_PythonOperator
AIRFLOW_CTX_TASK_ID=aloha_david
AIRFLOW_CTX_EXECUTION_DATE=2023-08-06T00:00:00+00:00
AIRFLOW_CTX_TRY_NUMBER=1
AIRFLOW_CTX_DAG_RUN_ID=scheduled__2023-08-06T00:00:00+00:00
[2023-12-10 20:27:24,296] {logging_mixin.py:115} INFO - Aloha Mundo soy yo!
[2023-12-10 20:27:24,297] {python.py:173} INFO - Done. Returned value was: None
[2023-12-10 20:27:24,321] {taskinstance.py:1420} INFO - Marking task as SUCCESS. dag_id=mi_primer_dar_con_PythonOperator, task_id=aloha_david, execution_date=20230806T000000, start_date=20231210T202723, end_date=20231210T202724
[2023-12-10 20:27:24,373] {local_task_job.py:156} INFO - Task exited with return code 0
[2023-12-10 20:27:24,491] {local_task_job.py:273} INFO - 0 downstream tasks scheduled from follow-on schedule check
