[2023-12-10 20:17:03,492] {taskinstance.py:1179} INFO - Dependencies all met for <TaskInstance: mi_primer_dag.primer_task scheduled__2023-02-05T00:00:00+00:00 [queued]>
[2023-12-10 20:17:03,890] {taskinstance.py:1179} INFO - Dependencies all met for <TaskInstance: mi_primer_dag.primer_task scheduled__2023-02-05T00:00:00+00:00 [queued]>
[2023-12-10 20:17:03,905] {taskinstance.py:1376} INFO - 
--------------------------------------------------------------------------------
[2023-12-10 20:17:03,922] {taskinstance.py:1377} INFO - Starting attempt 2 of 6
[2023-12-10 20:17:03,927] {taskinstance.py:1378} INFO - 
--------------------------------------------------------------------------------
[2023-12-10 20:17:04,472] {taskinstance.py:1397} INFO - Executing <Task(BashOperator): primer_task> on 2023-02-05 00:00:00+00:00
[2023-12-10 20:17:04,545] {standard_task_runner.py:52} INFO - Started process 194 to run task
[2023-12-10 20:17:04,619] {standard_task_runner.py:79} INFO - Running: ['***', 'tasks', 'run', 'mi_primer_dag', 'primer_task', 'scheduled__2023-02-05T00:00:00+00:00', '--job-id', '1679', '--raw', '--subdir', 'DAGS_FOLDER/mi_primer_dag.py', '--cfg-path', '/tmp/tmp87l69fjw', '--error-file', '/tmp/tmpzfeu2886']
[2023-12-10 20:17:04,676] {standard_task_runner.py:80} INFO - Job 1679: Subtask primer_task
[2023-12-10 20:17:05,957] {task_command.py:371} INFO - Running <TaskInstance: mi_primer_dag.primer_task scheduled__2023-02-05T00:00:00+00:00 [running]> on host 42828894a739
[2023-12-10 20:17:08,551] {taskinstance.py:1591} INFO - Exporting the following env vars:
AIRFLOW_CTX_DAG_OWNER=DavidBU
AIRFLOW_CTX_DAG_ID=mi_primer_dag
AIRFLOW_CTX_TASK_ID=primer_task
AIRFLOW_CTX_EXECUTION_DATE=2023-02-05T00:00:00+00:00
AIRFLOW_CTX_TRY_NUMBER=2
AIRFLOW_CTX_DAG_RUN_ID=scheduled__2023-02-05T00:00:00+00:00
[2023-12-10 20:17:08,560] {subprocess.py:62} INFO - Tmp dir root location: 
 /tmp
[2023-12-10 20:17:08,588] {subprocess.py:74} INFO - Running command: ['bash', '-c', 'echo hola mundo, esta es nuestra primera tarea usando bash operator!']
[2023-12-10 20:17:08,758] {subprocess.py:85} INFO - Output:
[2023-12-10 20:17:08,772] {subprocess.py:92} INFO - hola mundo, esta es nuestra primera tarea usando bash operator!
[2023-12-10 20:17:08,786] {subprocess.py:96} INFO - Command exited with return code 0
[2023-12-10 20:17:10,100] {taskinstance.py:1420} INFO - Marking task as SUCCESS. dag_id=mi_primer_dag, task_id=primer_task, execution_date=20230205T000000, start_date=20231210T201703, end_date=20231210T201710
[2023-12-10 20:17:10,828] {local_task_job.py:156} INFO - Task exited with return code 0
[2023-12-10 20:17:11,774] {local_task_job.py:273} INFO - 0 downstream tasks scheduled from follow-on schedule check
