[2023-12-10 19:35:34,777] {taskinstance.py:1179} INFO - Dependencies all met for <TaskInstance: mi_primer_dag_v3.tercera_tarea scheduled__2022-12-09T00:00:00+00:00 [queued]>
[2023-12-10 19:35:34,870] {taskinstance.py:1179} INFO - Dependencies all met for <TaskInstance: mi_primer_dag_v3.tercera_tarea scheduled__2022-12-09T00:00:00+00:00 [queued]>
[2023-12-10 19:35:34,889] {taskinstance.py:1376} INFO - 
--------------------------------------------------------------------------------
[2023-12-10 19:35:34,895] {taskinstance.py:1377} INFO - Starting attempt 1 of 6
[2023-12-10 19:35:34,897] {taskinstance.py:1378} INFO - 
--------------------------------------------------------------------------------
[2023-12-10 19:35:35,194] {taskinstance.py:1397} INFO - Executing <Task(BashOperator): tercera_tarea> on 2022-12-09 00:00:00+00:00
[2023-12-10 19:35:35,232] {standard_task_runner.py:52} INFO - Started process 1526 to run task
[2023-12-10 19:35:35,414] {standard_task_runner.py:79} INFO - Running: ['***', 'tasks', 'run', 'mi_primer_dag_v3', 'tercera_tarea', 'scheduled__2022-12-09T00:00:00+00:00', '--job-id', '392', '--raw', '--subdir', 'DAGS_FOLDER/primer_dag_v3.py', '--cfg-path', '/tmp/tmpn94eoprh', '--error-file', '/tmp/tmp_53h_n2l']
[2023-12-10 19:35:35,524] {standard_task_runner.py:80} INFO - Job 392: Subtask tercera_tarea
[2023-12-10 19:35:36,896] {task_command.py:371} INFO - Running <TaskInstance: mi_primer_dag_v3.tercera_tarea scheduled__2022-12-09T00:00:00+00:00 [running]> on host 42828894a739
[2023-12-10 19:35:37,778] {taskinstance.py:1591} INFO - Exporting the following env vars:
AIRFLOW_CTX_DAG_OWNER=DavidBU
AIRFLOW_CTX_DAG_ID=mi_primer_dag_v3
AIRFLOW_CTX_TASK_ID=tercera_tarea
AIRFLOW_CTX_EXECUTION_DATE=2022-12-09T00:00:00+00:00
AIRFLOW_CTX_TRY_NUMBER=1
AIRFLOW_CTX_DAG_RUN_ID=scheduled__2022-12-09T00:00:00+00:00
[2023-12-10 19:35:37,780] {subprocess.py:62} INFO - Tmp dir root location: 
 /tmp
[2023-12-10 19:35:37,782] {subprocess.py:74} INFO - Running command: ['bash', '-c', 'echo hola, soy la tarea 3 y sere corrida luego de Tarea 1 al mismo tiempo que Tarea 2']
[2023-12-10 19:35:37,829] {subprocess.py:85} INFO - Output:
[2023-12-10 19:35:38,043] {subprocess.py:92} INFO - hola, soy la tarea 3 y sere corrida luego de Tarea 1 al mismo tiempo que Tarea 2
[2023-12-10 19:35:38,048] {subprocess.py:96} INFO - Command exited with return code 0
[2023-12-10 19:35:38,882] {taskinstance.py:1420} INFO - Marking task as SUCCESS. dag_id=mi_primer_dag_v3, task_id=tercera_tarea, execution_date=20221209T000000, start_date=20231210T193534, end_date=20231210T193538
[2023-12-10 19:35:39,020] {local_task_job.py:156} INFO - Task exited with return code 0
[2023-12-10 19:35:39,470] {local_task_job.py:273} INFO - 0 downstream tasks scheduled from follow-on schedule check
