[2023-12-10 20:14:08,445] {taskinstance.py:1179} INFO - Dependencies all met for <TaskInstance: mi_primer_dag.primer_task scheduled__2022-11-11T00:00:00+00:00 [queued]>
[2023-12-10 20:14:08,525] {taskinstance.py:1179} INFO - Dependencies all met for <TaskInstance: mi_primer_dag.primer_task scheduled__2022-11-11T00:00:00+00:00 [queued]>
[2023-12-10 20:14:08,529] {taskinstance.py:1376} INFO - 
--------------------------------------------------------------------------------
[2023-12-10 20:14:08,530] {taskinstance.py:1377} INFO - Starting attempt 1 of 6
[2023-12-10 20:14:08,534] {taskinstance.py:1378} INFO - 
--------------------------------------------------------------------------------
[2023-12-10 20:14:08,731] {taskinstance.py:1397} INFO - Executing <Task(BashOperator): primer_task> on 2022-11-11 00:00:00+00:00
[2023-12-10 20:14:08,768] {standard_task_runner.py:52} INFO - Started process 672 to run task
[2023-12-10 20:14:08,800] {standard_task_runner.py:79} INFO - Running: ['***', 'tasks', 'run', 'mi_primer_dag', 'primer_task', 'scheduled__2022-11-11T00:00:00+00:00', '--job-id', '1590', '--raw', '--subdir', 'DAGS_FOLDER/mi_primer_dag.py', '--cfg-path', '/tmp/tmpnbskvbfm', '--error-file', '/tmp/tmpsvo3bim9']
[2023-12-10 20:14:08,807] {standard_task_runner.py:80} INFO - Job 1590: Subtask primer_task
[2023-12-10 20:14:09,535] {task_command.py:371} INFO - Running <TaskInstance: mi_primer_dag.primer_task scheduled__2022-11-11T00:00:00+00:00 [running]> on host 42828894a739
[2023-12-10 20:14:11,012] {taskinstance.py:1591} INFO - Exporting the following env vars:
AIRFLOW_CTX_DAG_OWNER=DavidBU
AIRFLOW_CTX_DAG_ID=mi_primer_dag
AIRFLOW_CTX_TASK_ID=primer_task
AIRFLOW_CTX_EXECUTION_DATE=2022-11-11T00:00:00+00:00
AIRFLOW_CTX_TRY_NUMBER=1
AIRFLOW_CTX_DAG_RUN_ID=scheduled__2022-11-11T00:00:00+00:00
[2023-12-10 20:14:11,361] {subprocess.py:62} INFO - Tmp dir root location: 
 /tmp
[2023-12-10 20:14:11,490] {subprocess.py:74} INFO - Running command: ['bash', '-c', 'echo hola mundo, esta es nuestra primera tarea usando bash operator!']
[2023-12-10 20:14:11,630] {subprocess.py:85} INFO - Output:
[2023-12-10 20:14:11,822] {subprocess.py:92} INFO - hola mundo, esta es nuestra primera tarea usando bash operator!
[2023-12-10 20:14:11,914] {subprocess.py:96} INFO - Command exited with return code 0
[2023-12-10 20:14:12,361] {taskinstance.py:1420} INFO - Marking task as SUCCESS. dag_id=mi_primer_dag, task_id=primer_task, execution_date=20221111T000000, start_date=20231210T201408, end_date=20231210T201412
[2023-12-10 20:14:12,571] {local_task_job.py:156} INFO - Task exited with return code 0
[2023-12-10 20:14:12,881] {local_task_job.py:273} INFO - 0 downstream tasks scheduled from follow-on schedule check
