[2023-12-10 19:39:02,129] {taskinstance.py:1179} INFO - Dependencies all met for <TaskInstance: mi_primer_dag_v3.primera_tarea scheduled__2023-03-09T00:00:00+00:00 [queued]>
[2023-12-10 19:39:02,286] {taskinstance.py:1179} INFO - Dependencies all met for <TaskInstance: mi_primer_dag_v3.primera_tarea scheduled__2023-03-09T00:00:00+00:00 [queued]>
[2023-12-10 19:39:02,296] {taskinstance.py:1376} INFO - 
--------------------------------------------------------------------------------
[2023-12-10 19:39:02,310] {taskinstance.py:1377} INFO - Starting attempt 1 of 6
[2023-12-10 19:39:02,325] {taskinstance.py:1378} INFO - 
--------------------------------------------------------------------------------
[2023-12-10 19:39:02,853] {taskinstance.py:1397} INFO - Executing <Task(BashOperator): primera_tarea> on 2023-03-09 00:00:00+00:00
[2023-12-10 19:39:03,078] {standard_task_runner.py:52} INFO - Started process 2373 to run task
[2023-12-10 19:39:03,283] {standard_task_runner.py:79} INFO - Running: ['***', 'tasks', 'run', 'mi_primer_dag_v3', 'primera_tarea', 'scheduled__2023-03-09T00:00:00+00:00', '--job-id', '648', '--raw', '--subdir', 'DAGS_FOLDER/primer_dag_v3.py', '--cfg-path', '/tmp/tmpo7ikfhxm', '--error-file', '/tmp/tmp268c2q67']
[2023-12-10 19:39:03,397] {standard_task_runner.py:80} INFO - Job 648: Subtask primera_tarea
[2023-12-10 19:39:04,922] {task_command.py:371} INFO - Running <TaskInstance: mi_primer_dag_v3.primera_tarea scheduled__2023-03-09T00:00:00+00:00 [running]> on host 42828894a739
[2023-12-10 19:39:06,357] {taskinstance.py:1591} INFO - Exporting the following env vars:
AIRFLOW_CTX_DAG_OWNER=DavidBU
AIRFLOW_CTX_DAG_ID=mi_primer_dag_v3
AIRFLOW_CTX_TASK_ID=primera_tarea
AIRFLOW_CTX_EXECUTION_DATE=2023-03-09T00:00:00+00:00
AIRFLOW_CTX_TRY_NUMBER=1
AIRFLOW_CTX_DAG_RUN_ID=scheduled__2023-03-09T00:00:00+00:00
[2023-12-10 19:39:06,469] {subprocess.py:62} INFO - Tmp dir root location: 
 /tmp
[2023-12-10 19:39:06,500] {subprocess.py:74} INFO - Running command: ['bash', '-c', 'echo hola mundo, esta es nuestra primera tarea!']
[2023-12-10 19:39:06,821] {subprocess.py:85} INFO - Output:
[2023-12-10 19:39:06,870] {subprocess.py:92} INFO - hola mundo, esta es nuestra primera tarea!
[2023-12-10 19:39:06,970] {subprocess.py:96} INFO - Command exited with return code 0
[2023-12-10 19:39:07,725] {taskinstance.py:1420} INFO - Marking task as SUCCESS. dag_id=mi_primer_dag_v3, task_id=primera_tarea, execution_date=20230309T000000, start_date=20231210T193902, end_date=20231210T193907
[2023-12-10 19:39:07,972] {local_task_job.py:156} INFO - Task exited with return code 0
[2023-12-10 19:39:08,342] {local_task_job.py:273} INFO - 2 downstream tasks scheduled from follow-on schedule check
