[2023-12-10 19:43:08,895] {taskinstance.py:1179} INFO - Dependencies all met for <TaskInstance: mi_primer_dag_v3.segunda_tarea scheduled__2023-06-02T00:00:00+00:00 [queued]>
[2023-12-10 19:43:08,960] {taskinstance.py:1179} INFO - Dependencies all met for <TaskInstance: mi_primer_dag_v3.segunda_tarea scheduled__2023-06-02T00:00:00+00:00 [queued]>
[2023-12-10 19:43:08,965] {taskinstance.py:1376} INFO - 
--------------------------------------------------------------------------------
[2023-12-10 19:43:08,970] {taskinstance.py:1377} INFO - Starting attempt 1 of 6
[2023-12-10 19:43:08,972] {taskinstance.py:1378} INFO - 
--------------------------------------------------------------------------------
[2023-12-10 19:43:09,170] {taskinstance.py:1397} INFO - Executing <Task(BashOperator): segunda_tarea> on 2023-06-02 00:00:00+00:00
[2023-12-10 19:43:09,180] {standard_task_runner.py:52} INFO - Started process 3283 to run task
[2023-12-10 19:43:09,227] {standard_task_runner.py:79} INFO - Running: ['***', 'tasks', 'run', 'mi_primer_dag_v3', 'segunda_tarea', 'scheduled__2023-06-02T00:00:00+00:00', '--job-id', '919', '--raw', '--subdir', 'DAGS_FOLDER/primer_dag_v3.py', '--cfg-path', '/tmp/tmpb1641fc2', '--error-file', '/tmp/tmptzz8dk_a']
[2023-12-10 19:43:09,273] {standard_task_runner.py:80} INFO - Job 919: Subtask segunda_tarea
[2023-12-10 19:43:10,066] {task_command.py:371} INFO - Running <TaskInstance: mi_primer_dag_v3.segunda_tarea scheduled__2023-06-02T00:00:00+00:00 [running]> on host 42828894a739
[2023-12-10 19:43:11,041] {taskinstance.py:1591} INFO - Exporting the following env vars:
AIRFLOW_CTX_DAG_OWNER=DavidBU
AIRFLOW_CTX_DAG_ID=mi_primer_dag_v3
AIRFLOW_CTX_TASK_ID=segunda_tarea
AIRFLOW_CTX_EXECUTION_DATE=2023-06-02T00:00:00+00:00
AIRFLOW_CTX_TRY_NUMBER=1
AIRFLOW_CTX_DAG_RUN_ID=scheduled__2023-06-02T00:00:00+00:00
[2023-12-10 19:43:11,047] {subprocess.py:62} INFO - Tmp dir root location: 
 /tmp
[2023-12-10 19:43:11,051] {subprocess.py:74} INFO - Running command: ['bash', '-c', 'echo hola, soy la tarea 2 y sere corrida luego de la Tarea 1']
[2023-12-10 19:43:11,144] {subprocess.py:85} INFO - Output:
[2023-12-10 19:43:11,159] {subprocess.py:92} INFO - hola, soy la tarea 2 y sere corrida luego de la Tarea 1
[2023-12-10 19:43:11,175] {subprocess.py:96} INFO - Command exited with return code 0
[2023-12-10 19:43:11,459] {taskinstance.py:1420} INFO - Marking task as SUCCESS. dag_id=mi_primer_dag_v3, task_id=segunda_tarea, execution_date=20230602T000000, start_date=20231210T194308, end_date=20231210T194311
[2023-12-10 19:43:11,658] {local_task_job.py:156} INFO - Task exited with return code 0
[2023-12-10 19:43:12,325] {local_task_job.py:273} INFO - 0 downstream tasks scheduled from follow-on schedule check
