[2023-12-10 20:19:29,915] {taskinstance.py:1179} INFO - Dependencies all met for <TaskInstance: mi_primer_dag.primer_task scheduled__2023-04-10T00:00:00+00:00 [queued]>
[2023-12-10 20:19:30,049] {taskinstance.py:1179} INFO - Dependencies all met for <TaskInstance: mi_primer_dag.primer_task scheduled__2023-04-10T00:00:00+00:00 [queued]>
[2023-12-10 20:19:30,056] {taskinstance.py:1376} INFO - 
--------------------------------------------------------------------------------
[2023-12-10 20:19:30,061] {taskinstance.py:1377} INFO - Starting attempt 1 of 6
[2023-12-10 20:19:30,074] {taskinstance.py:1378} INFO - 
--------------------------------------------------------------------------------
[2023-12-10 20:19:30,328] {taskinstance.py:1397} INFO - Executing <Task(BashOperator): primer_task> on 2023-04-10 00:00:00+00:00
[2023-12-10 20:19:30,379] {standard_task_runner.py:52} INFO - Started process 619 to run task
[2023-12-10 20:19:30,448] {standard_task_runner.py:79} INFO - Running: ['***', 'tasks', 'run', 'mi_primer_dag', 'primer_task', 'scheduled__2023-04-10T00:00:00+00:00', '--job-id', '1783', '--raw', '--subdir', 'DAGS_FOLDER/mi_primer_dag.py', '--cfg-path', '/tmp/tmpe7sdgimr', '--error-file', '/tmp/tmpz1pwzfna']
[2023-12-10 20:19:30,454] {standard_task_runner.py:80} INFO - Job 1783: Subtask primer_task
[2023-12-10 20:19:31,061] {task_command.py:371} INFO - Running <TaskInstance: mi_primer_dag.primer_task scheduled__2023-04-10T00:00:00+00:00 [running]> on host 42828894a739
[2023-12-10 20:19:32,343] {taskinstance.py:1591} INFO - Exporting the following env vars:
AIRFLOW_CTX_DAG_OWNER=DavidBU
AIRFLOW_CTX_DAG_ID=mi_primer_dag
AIRFLOW_CTX_TASK_ID=primer_task
AIRFLOW_CTX_EXECUTION_DATE=2023-04-10T00:00:00+00:00
AIRFLOW_CTX_TRY_NUMBER=1
AIRFLOW_CTX_DAG_RUN_ID=scheduled__2023-04-10T00:00:00+00:00
[2023-12-10 20:19:32,367] {subprocess.py:62} INFO - Tmp dir root location: 
 /tmp
[2023-12-10 20:19:32,373] {subprocess.py:74} INFO - Running command: ['bash', '-c', 'echo hola mundo, esta es nuestra primera tarea usando bash operator!']
[2023-12-10 20:19:32,401] {subprocess.py:85} INFO - Output:
[2023-12-10 20:19:32,412] {subprocess.py:92} INFO - hola mundo, esta es nuestra primera tarea usando bash operator!
[2023-12-10 20:19:32,415] {subprocess.py:96} INFO - Command exited with return code 0
[2023-12-10 20:19:33,004] {taskinstance.py:1420} INFO - Marking task as SUCCESS. dag_id=mi_primer_dag, task_id=primer_task, execution_date=20230410T000000, start_date=20231210T201929, end_date=20231210T201933
[2023-12-10 20:19:33,306] {local_task_job.py:156} INFO - Task exited with return code 0
[2023-12-10 20:19:33,519] {local_task_job.py:273} INFO - 0 downstream tasks scheduled from follow-on schedule check
