[2023-12-10 20:21:55,110] {taskinstance.py:1179} INFO - Dependencies all met for <TaskInstance: mi_primer_dag.primer_task scheduled__2023-07-10T00:00:00+00:00 [queued]>
[2023-12-10 20:21:55,180] {taskinstance.py:1179} INFO - Dependencies all met for <TaskInstance: mi_primer_dag.primer_task scheduled__2023-07-10T00:00:00+00:00 [queued]>
[2023-12-10 20:21:55,184] {taskinstance.py:1376} INFO - 
--------------------------------------------------------------------------------
[2023-12-10 20:21:55,185] {taskinstance.py:1377} INFO - Starting attempt 1 of 6
[2023-12-10 20:21:55,190] {taskinstance.py:1378} INFO - 
--------------------------------------------------------------------------------
[2023-12-10 20:21:55,594] {taskinstance.py:1397} INFO - Executing <Task(BashOperator): primer_task> on 2023-07-10 00:00:00+00:00
[2023-12-10 20:21:55,603] {standard_task_runner.py:52} INFO - Started process 1265 to run task
[2023-12-10 20:21:55,634] {standard_task_runner.py:79} INFO - Running: ['***', 'tasks', 'run', 'mi_primer_dag', 'primer_task', 'scheduled__2023-07-10T00:00:00+00:00', '--job-id', '1962', '--raw', '--subdir', 'DAGS_FOLDER/mi_primer_dag.py', '--cfg-path', '/tmp/tmp20omqxpj', '--error-file', '/tmp/tmp88w91qq1']
[2023-12-10 20:21:55,671] {standard_task_runner.py:80} INFO - Job 1962: Subtask primer_task
[2023-12-10 20:21:56,448] {task_command.py:371} INFO - Running <TaskInstance: mi_primer_dag.primer_task scheduled__2023-07-10T00:00:00+00:00 [running]> on host 42828894a739
[2023-12-10 20:21:57,489] {taskinstance.py:1591} INFO - Exporting the following env vars:
AIRFLOW_CTX_DAG_OWNER=DavidBU
AIRFLOW_CTX_DAG_ID=mi_primer_dag
AIRFLOW_CTX_TASK_ID=primer_task
AIRFLOW_CTX_EXECUTION_DATE=2023-07-10T00:00:00+00:00
AIRFLOW_CTX_TRY_NUMBER=1
AIRFLOW_CTX_DAG_RUN_ID=scheduled__2023-07-10T00:00:00+00:00
[2023-12-10 20:21:57,491] {subprocess.py:62} INFO - Tmp dir root location: 
 /tmp
[2023-12-10 20:21:57,493] {subprocess.py:74} INFO - Running command: ['bash', '-c', 'echo hola mundo, esta es nuestra primera tarea usando bash operator!']
[2023-12-10 20:21:57,541] {subprocess.py:85} INFO - Output:
[2023-12-10 20:21:57,547] {subprocess.py:92} INFO - hola mundo, esta es nuestra primera tarea usando bash operator!
[2023-12-10 20:21:57,549] {subprocess.py:96} INFO - Command exited with return code 0
[2023-12-10 20:21:57,749] {taskinstance.py:1420} INFO - Marking task as SUCCESS. dag_id=mi_primer_dag, task_id=primer_task, execution_date=20230710T000000, start_date=20231210T202155, end_date=20231210T202157
[2023-12-10 20:21:57,883] {local_task_job.py:156} INFO - Task exited with return code 0
[2023-12-10 20:21:58,013] {local_task_job.py:273} INFO - 0 downstream tasks scheduled from follow-on schedule check
