[2023-12-10 20:14:16,933] {taskinstance.py:1179} INFO - Dependencies all met for <TaskInstance: mi_primer_dag.primer_task scheduled__2022-11-16T00:00:00+00:00 [queued]>
[2023-12-10 20:14:16,998] {taskinstance.py:1179} INFO - Dependencies all met for <TaskInstance: mi_primer_dag.primer_task scheduled__2022-11-16T00:00:00+00:00 [queued]>
[2023-12-10 20:14:16,998] {taskinstance.py:1376} INFO - 
--------------------------------------------------------------------------------
[2023-12-10 20:14:17,001] {taskinstance.py:1377} INFO - Starting attempt 1 of 6
[2023-12-10 20:14:17,016] {taskinstance.py:1378} INFO - 
--------------------------------------------------------------------------------
[2023-12-10 20:14:17,112] {taskinstance.py:1397} INFO - Executing <Task(BashOperator): primer_task> on 2022-11-16 00:00:00+00:00
[2023-12-10 20:14:17,123] {standard_task_runner.py:52} INFO - Started process 697 to run task
[2023-12-10 20:14:17,130] {standard_task_runner.py:79} INFO - Running: ['***', 'tasks', 'run', 'mi_primer_dag', 'primer_task', 'scheduled__2022-11-16T00:00:00+00:00', '--job-id', '1595', '--raw', '--subdir', 'DAGS_FOLDER/mi_primer_dag.py', '--cfg-path', '/tmp/tmpy2tq788_', '--error-file', '/tmp/tmpksdrsyu_']
[2023-12-10 20:14:17,143] {standard_task_runner.py:80} INFO - Job 1595: Subtask primer_task
[2023-12-10 20:14:17,681] {task_command.py:371} INFO - Running <TaskInstance: mi_primer_dag.primer_task scheduled__2022-11-16T00:00:00+00:00 [running]> on host 42828894a739
[2023-12-10 20:14:18,182] {taskinstance.py:1591} INFO - Exporting the following env vars:
AIRFLOW_CTX_DAG_OWNER=DavidBU
AIRFLOW_CTX_DAG_ID=mi_primer_dag
AIRFLOW_CTX_TASK_ID=primer_task
AIRFLOW_CTX_EXECUTION_DATE=2022-11-16T00:00:00+00:00
AIRFLOW_CTX_TRY_NUMBER=1
AIRFLOW_CTX_DAG_RUN_ID=scheduled__2022-11-16T00:00:00+00:00
[2023-12-10 20:14:18,184] {subprocess.py:62} INFO - Tmp dir root location: 
 /tmp
[2023-12-10 20:14:18,186] {subprocess.py:74} INFO - Running command: ['bash', '-c', 'echo hola mundo, esta es nuestra primera tarea usando bash operator!']
[2023-12-10 20:14:18,207] {subprocess.py:85} INFO - Output:
[2023-12-10 20:14:18,214] {subprocess.py:92} INFO - hola mundo, esta es nuestra primera tarea usando bash operator!
[2023-12-10 20:14:18,215] {subprocess.py:96} INFO - Command exited with return code 0
[2023-12-10 20:14:18,313] {taskinstance.py:1420} INFO - Marking task as SUCCESS. dag_id=mi_primer_dag, task_id=primer_task, execution_date=20221116T000000, start_date=20231210T201416, end_date=20231210T201418
[2023-12-10 20:14:18,414] {local_task_job.py:156} INFO - Task exited with return code 0
[2023-12-10 20:14:18,568] {local_task_job.py:273} INFO - 0 downstream tasks scheduled from follow-on schedule check
