[2023-12-10 19:43:43,446] {taskinstance.py:1179} INFO - Dependencies all met for <TaskInstance: mi_primer_dag_v3.segunda_tarea scheduled__2023-06-19T00:00:00+00:00 [queued]>
[2023-12-10 19:43:43,696] {taskinstance.py:1179} INFO - Dependencies all met for <TaskInstance: mi_primer_dag_v3.segunda_tarea scheduled__2023-06-19T00:00:00+00:00 [queued]>
[2023-12-10 19:43:43,702] {taskinstance.py:1376} INFO - 
--------------------------------------------------------------------------------
[2023-12-10 19:43:43,705] {taskinstance.py:1377} INFO - Starting attempt 1 of 6
[2023-12-10 19:43:43,706] {taskinstance.py:1378} INFO - 
--------------------------------------------------------------------------------
[2023-12-10 19:43:44,019] {taskinstance.py:1397} INFO - Executing <Task(BashOperator): segunda_tarea> on 2023-06-19 00:00:00+00:00
[2023-12-10 19:43:44,029] {standard_task_runner.py:52} INFO - Started process 3458 to run task
[2023-12-10 19:43:44,110] {standard_task_runner.py:79} INFO - Running: ['***', 'tasks', 'run', 'mi_primer_dag_v3', 'segunda_tarea', 'scheduled__2023-06-19T00:00:00+00:00', '--job-id', '972', '--raw', '--subdir', 'DAGS_FOLDER/primer_dag_v3.py', '--cfg-path', '/tmp/tmpk4i1ktgq', '--error-file', '/tmp/tmpg0b234su']
[2023-12-10 19:43:44,144] {standard_task_runner.py:80} INFO - Job 972: Subtask segunda_tarea
[2023-12-10 19:43:44,838] {task_command.py:371} INFO - Running <TaskInstance: mi_primer_dag_v3.segunda_tarea scheduled__2023-06-19T00:00:00+00:00 [running]> on host 42828894a739
[2023-12-10 19:43:46,275] {taskinstance.py:1591} INFO - Exporting the following env vars:
AIRFLOW_CTX_DAG_OWNER=DavidBU
AIRFLOW_CTX_DAG_ID=mi_primer_dag_v3
AIRFLOW_CTX_TASK_ID=segunda_tarea
AIRFLOW_CTX_EXECUTION_DATE=2023-06-19T00:00:00+00:00
AIRFLOW_CTX_TRY_NUMBER=1
AIRFLOW_CTX_DAG_RUN_ID=scheduled__2023-06-19T00:00:00+00:00
[2023-12-10 19:43:46,309] {subprocess.py:62} INFO - Tmp dir root location: 
 /tmp
[2023-12-10 19:43:46,330] {subprocess.py:74} INFO - Running command: ['bash', '-c', 'echo hola, soy la tarea 2 y sere corrida luego de la Tarea 1']
[2023-12-10 19:43:46,569] {subprocess.py:85} INFO - Output:
[2023-12-10 19:43:46,607] {subprocess.py:92} INFO - hola, soy la tarea 2 y sere corrida luego de la Tarea 1
[2023-12-10 19:43:46,608] {subprocess.py:96} INFO - Command exited with return code 0
[2023-12-10 19:43:47,378] {taskinstance.py:1420} INFO - Marking task as SUCCESS. dag_id=mi_primer_dag_v3, task_id=segunda_tarea, execution_date=20230619T000000, start_date=20231210T194343, end_date=20231210T194347
[2023-12-10 19:43:47,558] {local_task_job.py:156} INFO - Task exited with return code 0
[2023-12-10 19:43:48,393] {local_task_job.py:273} INFO - 0 downstream tasks scheduled from follow-on schedule check
