[2023-12-10 19:34:16,689] {taskinstance.py:1179} INFO - Dependencies all met for <TaskInstance: mi_primer_dag_v3.tercera_tarea scheduled__2022-11-11T00:00:00+00:00 [queued]>
[2023-12-10 19:34:16,831] {taskinstance.py:1179} INFO - Dependencies all met for <TaskInstance: mi_primer_dag_v3.tercera_tarea scheduled__2022-11-11T00:00:00+00:00 [queued]>
[2023-12-10 19:34:16,838] {taskinstance.py:1376} INFO - 
--------------------------------------------------------------------------------
[2023-12-10 19:34:16,853] {taskinstance.py:1377} INFO - Starting attempt 1 of 6
[2023-12-10 19:34:16,856] {taskinstance.py:1378} INFO - 
--------------------------------------------------------------------------------
[2023-12-10 19:34:17,545] {taskinstance.py:1397} INFO - Executing <Task(BashOperator): tercera_tarea> on 2022-11-11 00:00:00+00:00
[2023-12-10 19:34:17,566] {standard_task_runner.py:52} INFO - Started process 1249 to run task
[2023-12-10 19:34:17,884] {standard_task_runner.py:79} INFO - Running: ['***', 'tasks', 'run', 'mi_primer_dag_v3', 'tercera_tarea', 'scheduled__2022-11-11T00:00:00+00:00', '--job-id', '313', '--raw', '--subdir', 'DAGS_FOLDER/primer_dag_v3.py', '--cfg-path', '/tmp/tmp5l5f2uhi', '--error-file', '/tmp/tmpexdcb6zk']
[2023-12-10 19:34:17,979] {standard_task_runner.py:80} INFO - Job 313: Subtask tercera_tarea
[2023-12-10 19:34:20,399] {task_command.py:371} INFO - Running <TaskInstance: mi_primer_dag_v3.tercera_tarea scheduled__2022-11-11T00:00:00+00:00 [running]> on host 42828894a739
[2023-12-10 19:34:24,395] {taskinstance.py:1591} INFO - Exporting the following env vars:
AIRFLOW_CTX_DAG_OWNER=DavidBU
AIRFLOW_CTX_DAG_ID=mi_primer_dag_v3
AIRFLOW_CTX_TASK_ID=tercera_tarea
AIRFLOW_CTX_EXECUTION_DATE=2022-11-11T00:00:00+00:00
AIRFLOW_CTX_TRY_NUMBER=1
AIRFLOW_CTX_DAG_RUN_ID=scheduled__2022-11-11T00:00:00+00:00
[2023-12-10 19:34:24,413] {subprocess.py:62} INFO - Tmp dir root location: 
 /tmp
[2023-12-10 19:34:24,423] {subprocess.py:74} INFO - Running command: ['bash', '-c', 'echo hola, soy la tarea 3 y sere corrida luego de Tarea 1 al mismo tiempo que Tarea 2']
[2023-12-10 19:34:24,874] {subprocess.py:85} INFO - Output:
[2023-12-10 19:34:24,904] {subprocess.py:92} INFO - hola, soy la tarea 3 y sere corrida luego de Tarea 1 al mismo tiempo que Tarea 2
[2023-12-10 19:34:24,998] {subprocess.py:96} INFO - Command exited with return code 0
[2023-12-10 19:34:26,452] {taskinstance.py:1420} INFO - Marking task as SUCCESS. dag_id=mi_primer_dag_v3, task_id=tercera_tarea, execution_date=20221111T000000, start_date=20231210T193416, end_date=20231210T193426
[2023-12-10 19:34:27,044] {local_task_job.py:156} INFO - Task exited with return code 0
[2023-12-10 19:34:27,486] {local_task_job.py:273} INFO - 0 downstream tasks scheduled from follow-on schedule check
