[2023-12-10 19:48:41,847] {taskinstance.py:1179} INFO - Dependencies all met for <TaskInstance: mi_primer_dag_v3.tercera_tarea scheduled__2023-11-13T00:00:00+00:00 [queued]>
[2023-12-10 19:48:42,090] {taskinstance.py:1179} INFO - Dependencies all met for <TaskInstance: mi_primer_dag_v3.tercera_tarea scheduled__2023-11-13T00:00:00+00:00 [queued]>
[2023-12-10 19:48:42,091] {taskinstance.py:1376} INFO - 
--------------------------------------------------------------------------------
[2023-12-10 19:48:42,109] {taskinstance.py:1377} INFO - Starting attempt 1 of 6
[2023-12-10 19:48:42,109] {taskinstance.py:1378} INFO - 
--------------------------------------------------------------------------------
[2023-12-10 19:48:42,303] {taskinstance.py:1397} INFO - Executing <Task(BashOperator): tercera_tarea> on 2023-11-13 00:00:00+00:00
[2023-12-10 19:48:42,314] {standard_task_runner.py:52} INFO - Started process 4891 to run task
[2023-12-10 19:48:42,352] {standard_task_runner.py:79} INFO - Running: ['***', 'tasks', 'run', 'mi_primer_dag_v3', 'tercera_tarea', 'scheduled__2023-11-13T00:00:00+00:00', '--job-id', '1408', '--raw', '--subdir', 'DAGS_FOLDER/primer_dag_v3.py', '--cfg-path', '/tmp/tmprxskybuj', '--error-file', '/tmp/tmp0dfs9z10']
[2023-12-10 19:48:42,358] {standard_task_runner.py:80} INFO - Job 1408: Subtask tercera_tarea
[2023-12-10 19:48:42,753] {task_command.py:371} INFO - Running <TaskInstance: mi_primer_dag_v3.tercera_tarea scheduled__2023-11-13T00:00:00+00:00 [running]> on host 42828894a739
[2023-12-10 19:48:43,764] {taskinstance.py:1591} INFO - Exporting the following env vars:
AIRFLOW_CTX_DAG_OWNER=DavidBU
AIRFLOW_CTX_DAG_ID=mi_primer_dag_v3
AIRFLOW_CTX_TASK_ID=tercera_tarea
AIRFLOW_CTX_EXECUTION_DATE=2023-11-13T00:00:00+00:00
AIRFLOW_CTX_TRY_NUMBER=1
AIRFLOW_CTX_DAG_RUN_ID=scheduled__2023-11-13T00:00:00+00:00
[2023-12-10 19:48:43,802] {subprocess.py:62} INFO - Tmp dir root location: 
 /tmp
[2023-12-10 19:48:43,811] {subprocess.py:74} INFO - Running command: ['bash', '-c', 'echo hola, soy la tarea 3 y sere corrida luego de Tarea 1 al mismo tiempo que Tarea 2']
[2023-12-10 19:48:43,863] {subprocess.py:85} INFO - Output:
[2023-12-10 19:48:43,878] {subprocess.py:92} INFO - hola, soy la tarea 3 y sere corrida luego de Tarea 1 al mismo tiempo que Tarea 2
[2023-12-10 19:48:43,890] {subprocess.py:96} INFO - Command exited with return code 0
[2023-12-10 19:48:44,119] {taskinstance.py:1420} INFO - Marking task as SUCCESS. dag_id=mi_primer_dag_v3, task_id=tercera_tarea, execution_date=20231113T000000, start_date=20231210T194841, end_date=20231210T194844
[2023-12-10 19:48:44,235] {local_task_job.py:156} INFO - Task exited with return code 0
[2023-12-10 19:48:44,439] {local_task_job.py:273} INFO - 0 downstream tasks scheduled from follow-on schedule check
