[2023-12-10 19:40:38,765] {taskinstance.py:1179} INFO - Dependencies all met for <TaskInstance: mi_primer_dag_v3.primera_tarea scheduled__2023-04-15T00:00:00+00:00 [queued]>
[2023-12-10 19:40:39,608] {taskinstance.py:1179} INFO - Dependencies all met for <TaskInstance: mi_primer_dag_v3.primera_tarea scheduled__2023-04-15T00:00:00+00:00 [queued]>
[2023-12-10 19:40:39,640] {taskinstance.py:1376} INFO - 
--------------------------------------------------------------------------------
[2023-12-10 19:40:39,836] {taskinstance.py:1377} INFO - Starting attempt 1 of 6
[2023-12-10 19:40:39,996] {taskinstance.py:1378} INFO - 
--------------------------------------------------------------------------------
[2023-12-10 19:40:40,768] {taskinstance.py:1397} INFO - Executing <Task(BashOperator): primera_tarea> on 2023-04-15 00:00:00+00:00
[2023-12-10 19:40:40,957] {standard_task_runner.py:52} INFO - Started process 2746 to run task
[2023-12-10 19:40:41,073] {standard_task_runner.py:79} INFO - Running: ['***', 'tasks', 'run', 'mi_primer_dag_v3', 'primera_tarea', 'scheduled__2023-04-15T00:00:00+00:00', '--job-id', '761', '--raw', '--subdir', 'DAGS_FOLDER/primer_dag_v3.py', '--cfg-path', '/tmp/tmpb1807jpl', '--error-file', '/tmp/tmpxruw24re']
[2023-12-10 19:40:41,610] {standard_task_runner.py:80} INFO - Job 761: Subtask primera_tarea
[2023-12-10 19:40:42,857] {task_command.py:371} INFO - Running <TaskInstance: mi_primer_dag_v3.primera_tarea scheduled__2023-04-15T00:00:00+00:00 [running]> on host 42828894a739
[2023-12-10 19:40:43,928] {taskinstance.py:1591} INFO - Exporting the following env vars:
AIRFLOW_CTX_DAG_OWNER=DavidBU
AIRFLOW_CTX_DAG_ID=mi_primer_dag_v3
AIRFLOW_CTX_TASK_ID=primera_tarea
AIRFLOW_CTX_EXECUTION_DATE=2023-04-15T00:00:00+00:00
AIRFLOW_CTX_TRY_NUMBER=1
AIRFLOW_CTX_DAG_RUN_ID=scheduled__2023-04-15T00:00:00+00:00
[2023-12-10 19:40:44,088] {subprocess.py:62} INFO - Tmp dir root location: 
 /tmp
[2023-12-10 19:40:44,168] {subprocess.py:74} INFO - Running command: ['bash', '-c', 'echo hola mundo, esta es nuestra primera tarea!']
[2023-12-10 19:40:44,535] {subprocess.py:85} INFO - Output:
[2023-12-10 19:40:44,771] {subprocess.py:92} INFO - hola mundo, esta es nuestra primera tarea!
[2023-12-10 19:40:45,011] {subprocess.py:96} INFO - Command exited with return code 0
[2023-12-10 19:40:45,485] {taskinstance.py:1420} INFO - Marking task as SUCCESS. dag_id=mi_primer_dag_v3, task_id=primera_tarea, execution_date=20230415T000000, start_date=20231210T194039, end_date=20231210T194045
[2023-12-10 19:40:46,678] {local_task_job.py:221} WARNING - State of this instance has been externally set to success. Terminating instance.
