[2023-12-21 01:53:56,559] {taskinstance.py:1179} INFO - Dependencies all met for <TaskInstance: Entregable3_Chumbita.transformar_data scheduled__2023-12-20T00:00:00+00:00 [queued]>
[2023-12-21 01:53:56,631] {taskinstance.py:1179} INFO - Dependencies all met for <TaskInstance: Entregable3_Chumbita.transformar_data scheduled__2023-12-20T00:00:00+00:00 [queued]>
[2023-12-21 01:53:56,632] {taskinstance.py:1376} INFO - 
--------------------------------------------------------------------------------
[2023-12-21 01:53:56,633] {taskinstance.py:1377} INFO - Starting attempt 1 of 6
[2023-12-21 01:53:56,633] {taskinstance.py:1378} INFO - 
--------------------------------------------------------------------------------
[2023-12-21 01:53:56,751] {taskinstance.py:1397} INFO - Executing <Task(PythonOperator): transformar_data> on 2023-12-20 00:00:00+00:00
[2023-12-21 01:53:56,765] {standard_task_runner.py:52} INFO - Started process 185 to run task
[2023-12-21 01:53:56,774] {standard_task_runner.py:79} INFO - Running: ['***', 'tasks', 'run', 'Entregable3_Chumbita', 'transformar_data', 'scheduled__2023-12-20T00:00:00+00:00', '--job-id', '41', '--raw', '--subdir', 'DAGS_FOLDER/ETL_Entregable3_Chumbita.py', '--cfg-path', '/tmp/tmpi5uc3r01', '--error-file', '/tmp/tmpds73afd7']
[2023-12-21 01:53:56,787] {standard_task_runner.py:80} INFO - Job 41: Subtask transformar_data
[2023-12-21 01:53:57,176] {task_command.py:371} INFO - Running <TaskInstance: Entregable3_Chumbita.transformar_data scheduled__2023-12-20T00:00:00+00:00 [running]> on host 02fb1b542166
[2023-12-21 01:53:57,534] {logging_mixin.py:115} WARNING - /home/***/.local/lib/python3.7/site-packages/***/utils/context.py:202 AirflowContextDeprecationWarning: Accessing 'execution_date' from the template is deprecated and will be removed in a future version. Please use 'data_interval_start' or 'logical_date' instead.
[2023-12-21 01:53:57,829] {taskinstance.py:1591} INFO - Exporting the following env vars:
AIRFLOW_CTX_DAG_OWNER=ArielChumbita
AIRFLOW_CTX_DAG_ID=Entregable3_Chumbita
AIRFLOW_CTX_TASK_ID=transformar_data
AIRFLOW_CTX_EXECUTION_DATE=2023-12-20T00:00:00+00:00
AIRFLOW_CTX_TRY_NUMBER=1
AIRFLOW_CTX_DAG_RUN_ID=scheduled__2023-12-20T00:00:00+00:00
[2023-12-21 01:53:57,834] {logging_mixin.py:115} INFO - Transformando la data para la fecha: 2023-12-20 0
[2023-12-21 01:53:57,959] {python.py:173} INFO - Done. Returned value was: None
[2023-12-21 01:53:58,047] {taskinstance.py:1420} INFO - Marking task as SUCCESS. dag_id=Entregable3_Chumbita, task_id=transformar_data, execution_date=20231220T000000, start_date=20231221T015356, end_date=20231221T015358
[2023-12-21 01:53:58,141] {local_task_job.py:156} INFO - Task exited with return code 0
[2023-12-21 01:53:58,494] {local_task_job.py:273} INFO - 1 downstream tasks scheduled from follow-on schedule check
