[2023-12-10 19:39:22,190] {taskinstance.py:1179} INFO - Dependencies all met for <TaskInstance: mi_primer_dag_v3.primera_tarea scheduled__2023-03-15T00:00:00+00:00 [queued]>
[2023-12-10 19:39:22,275] {taskinstance.py:1179} INFO - Dependencies all met for <TaskInstance: mi_primer_dag_v3.primera_tarea scheduled__2023-03-15T00:00:00+00:00 [queued]>
[2023-12-10 19:39:22,285] {taskinstance.py:1376} INFO - 
--------------------------------------------------------------------------------
[2023-12-10 19:39:22,293] {taskinstance.py:1377} INFO - Starting attempt 1 of 6
[2023-12-10 19:39:22,296] {taskinstance.py:1378} INFO - 
--------------------------------------------------------------------------------
[2023-12-10 19:39:22,434] {taskinstance.py:1397} INFO - Executing <Task(BashOperator): primera_tarea> on 2023-03-15 00:00:00+00:00
[2023-12-10 19:39:22,452] {standard_task_runner.py:52} INFO - Started process 2441 to run task
[2023-12-10 19:39:22,484] {standard_task_runner.py:79} INFO - Running: ['***', 'tasks', 'run', 'mi_primer_dag_v3', 'primera_tarea', 'scheduled__2023-03-15T00:00:00+00:00', '--job-id', '670', '--raw', '--subdir', 'DAGS_FOLDER/primer_dag_v3.py', '--cfg-path', '/tmp/tmpp8mufgjf', '--error-file', '/tmp/tmpfgqixs9w']
[2023-12-10 19:39:22,494] {standard_task_runner.py:80} INFO - Job 670: Subtask primera_tarea
[2023-12-10 19:39:23,227] {task_command.py:371} INFO - Running <TaskInstance: mi_primer_dag_v3.primera_tarea scheduled__2023-03-15T00:00:00+00:00 [running]> on host 42828894a739
[2023-12-10 19:39:24,347] {taskinstance.py:1591} INFO - Exporting the following env vars:
AIRFLOW_CTX_DAG_OWNER=DavidBU
AIRFLOW_CTX_DAG_ID=mi_primer_dag_v3
AIRFLOW_CTX_TASK_ID=primera_tarea
AIRFLOW_CTX_EXECUTION_DATE=2023-03-15T00:00:00+00:00
AIRFLOW_CTX_TRY_NUMBER=1
AIRFLOW_CTX_DAG_RUN_ID=scheduled__2023-03-15T00:00:00+00:00
[2023-12-10 19:39:24,352] {subprocess.py:62} INFO - Tmp dir root location: 
 /tmp
[2023-12-10 19:39:24,366] {subprocess.py:74} INFO - Running command: ['bash', '-c', 'echo hola mundo, esta es nuestra primera tarea!']
[2023-12-10 19:39:24,472] {subprocess.py:85} INFO - Output:
[2023-12-10 19:39:24,478] {subprocess.py:92} INFO - hola mundo, esta es nuestra primera tarea!
[2023-12-10 19:39:24,482] {subprocess.py:96} INFO - Command exited with return code 0
[2023-12-10 19:39:24,851] {taskinstance.py:1420} INFO - Marking task as SUCCESS. dag_id=mi_primer_dag_v3, task_id=primera_tarea, execution_date=20230315T000000, start_date=20231210T193922, end_date=20231210T193924
[2023-12-10 19:39:25,039] {local_task_job.py:156} INFO - Task exited with return code 0
[2023-12-10 19:39:25,251] {local_task_job.py:273} INFO - 2 downstream tasks scheduled from follow-on schedule check
