[2023-12-10 20:13:40,412] {taskinstance.py:1179} INFO - Dependencies all met for <TaskInstance: mi_primer_dag.primer_task scheduled__2022-10-18T00:00:00+00:00 [queued]>
[2023-12-10 20:13:40,543] {taskinstance.py:1179} INFO - Dependencies all met for <TaskInstance: mi_primer_dag.primer_task scheduled__2022-10-18T00:00:00+00:00 [queued]>
[2023-12-10 20:13:40,558] {taskinstance.py:1376} INFO - 
--------------------------------------------------------------------------------
[2023-12-10 20:13:40,563] {taskinstance.py:1377} INFO - Starting attempt 1 of 6
[2023-12-10 20:13:40,577] {taskinstance.py:1378} INFO - 
--------------------------------------------------------------------------------
[2023-12-10 20:13:40,810] {taskinstance.py:1397} INFO - Executing <Task(BashOperator): primer_task> on 2022-10-18 00:00:00+00:00
[2023-12-10 20:13:40,817] {standard_task_runner.py:52} INFO - Started process 580 to run task
[2023-12-10 20:13:40,843] {standard_task_runner.py:79} INFO - Running: ['***', 'tasks', 'run', 'mi_primer_dag', 'primer_task', 'scheduled__2022-10-18T00:00:00+00:00', '--job-id', '1566', '--raw', '--subdir', 'DAGS_FOLDER/mi_primer_dag.py', '--cfg-path', '/tmp/tmpvo7mo3og', '--error-file', '/tmp/tmp8h2pu7dh']
[2023-12-10 20:13:40,851] {standard_task_runner.py:80} INFO - Job 1566: Subtask primer_task
[2023-12-10 20:13:41,314] {task_command.py:371} INFO - Running <TaskInstance: mi_primer_dag.primer_task scheduled__2022-10-18T00:00:00+00:00 [running]> on host 42828894a739
[2023-12-10 20:13:41,684] {taskinstance.py:1591} INFO - Exporting the following env vars:
AIRFLOW_CTX_DAG_OWNER=DavidBU
AIRFLOW_CTX_DAG_ID=mi_primer_dag
AIRFLOW_CTX_TASK_ID=primer_task
AIRFLOW_CTX_EXECUTION_DATE=2022-10-18T00:00:00+00:00
AIRFLOW_CTX_TRY_NUMBER=1
AIRFLOW_CTX_DAG_RUN_ID=scheduled__2022-10-18T00:00:00+00:00
[2023-12-10 20:13:41,687] {subprocess.py:62} INFO - Tmp dir root location: 
 /tmp
[2023-12-10 20:13:41,689] {subprocess.py:74} INFO - Running command: ['bash', '-c', 'echo hola mundo, esta es nuestra primera tarea usando bash operator!']
[2023-12-10 20:13:41,718] {subprocess.py:85} INFO - Output:
[2023-12-10 20:13:41,723] {subprocess.py:92} INFO - hola mundo, esta es nuestra primera tarea usando bash operator!
[2023-12-10 20:13:41,724] {subprocess.py:96} INFO - Command exited with return code 0
[2023-12-10 20:13:41,919] {taskinstance.py:1420} INFO - Marking task as SUCCESS. dag_id=mi_primer_dag, task_id=primer_task, execution_date=20221018T000000, start_date=20231210T201340, end_date=20231210T201341
[2023-12-10 20:13:42,085] {local_task_job.py:156} INFO - Task exited with return code 0
[2023-12-10 20:13:42,276] {local_task_job.py:273} INFO - 0 downstream tasks scheduled from follow-on schedule check
