[2023-12-10 19:42:06,646] {taskinstance.py:1179} INFO - Dependencies all met for <TaskInstance: mi_primer_dag_v3.tercera_tarea scheduled__2023-05-05T00:00:00+00:00 [queued]>
[2023-12-10 19:42:07,125] {taskinstance.py:1179} INFO - Dependencies all met for <TaskInstance: mi_primer_dag_v3.tercera_tarea scheduled__2023-05-05T00:00:00+00:00 [queued]>
[2023-12-10 19:42:07,156] {taskinstance.py:1376} INFO - 
--------------------------------------------------------------------------------
[2023-12-10 19:42:07,211] {taskinstance.py:1377} INFO - Starting attempt 1 of 6
[2023-12-10 19:42:07,228] {taskinstance.py:1378} INFO - 
--------------------------------------------------------------------------------
[2023-12-10 19:42:07,740] {taskinstance.py:1397} INFO - Executing <Task(BashOperator): tercera_tarea> on 2023-05-05 00:00:00+00:00
[2023-12-10 19:42:07,793] {standard_task_runner.py:52} INFO - Started process 3022 to run task
[2023-12-10 19:42:07,817] {standard_task_runner.py:79} INFO - Running: ['***', 'tasks', 'run', 'mi_primer_dag_v3', 'tercera_tarea', 'scheduled__2023-05-05T00:00:00+00:00', '--job-id', '841', '--raw', '--subdir', 'DAGS_FOLDER/primer_dag_v3.py', '--cfg-path', '/tmp/tmp31gx7kax', '--error-file', '/tmp/tmp2fianx11']
[2023-12-10 19:42:07,889] {standard_task_runner.py:80} INFO - Job 841: Subtask tercera_tarea
[2023-12-10 19:42:09,558] {task_command.py:371} INFO - Running <TaskInstance: mi_primer_dag_v3.tercera_tarea scheduled__2023-05-05T00:00:00+00:00 [running]> on host 42828894a739
[2023-12-10 19:42:10,580] {taskinstance.py:1591} INFO - Exporting the following env vars:
AIRFLOW_CTX_DAG_OWNER=DavidBU
AIRFLOW_CTX_DAG_ID=mi_primer_dag_v3
AIRFLOW_CTX_TASK_ID=tercera_tarea
AIRFLOW_CTX_EXECUTION_DATE=2023-05-05T00:00:00+00:00
AIRFLOW_CTX_TRY_NUMBER=1
AIRFLOW_CTX_DAG_RUN_ID=scheduled__2023-05-05T00:00:00+00:00
[2023-12-10 19:42:10,590] {subprocess.py:62} INFO - Tmp dir root location: 
 /tmp
[2023-12-10 19:42:10,596] {subprocess.py:74} INFO - Running command: ['bash', '-c', 'echo hola, soy la tarea 3 y sere corrida luego de Tarea 1 al mismo tiempo que Tarea 2']
[2023-12-10 19:42:10,719] {subprocess.py:85} INFO - Output:
[2023-12-10 19:42:10,774] {subprocess.py:92} INFO - hola, soy la tarea 3 y sere corrida luego de Tarea 1 al mismo tiempo que Tarea 2
[2023-12-10 19:42:10,779] {subprocess.py:96} INFO - Command exited with return code 0
[2023-12-10 19:42:11,173] {taskinstance.py:1420} INFO - Marking task as SUCCESS. dag_id=mi_primer_dag_v3, task_id=tercera_tarea, execution_date=20230505T000000, start_date=20231210T194206, end_date=20231210T194211
[2023-12-10 19:42:11,342] {local_task_job.py:156} INFO - Task exited with return code 0
[2023-12-10 19:42:11,880] {local_task_job.py:273} INFO - 0 downstream tasks scheduled from follow-on schedule check
