[2023-12-10 19:38:08,617] {taskinstance.py:1179} INFO - Dependencies all met for <TaskInstance: mi_primer_dag_v3.tercera_tarea scheduled__2023-02-10T00:00:00+00:00 [queued]>
[2023-12-10 19:38:08,851] {taskinstance.py:1179} INFO - Dependencies all met for <TaskInstance: mi_primer_dag_v3.tercera_tarea scheduled__2023-02-10T00:00:00+00:00 [queued]>
[2023-12-10 19:38:08,854] {taskinstance.py:1376} INFO - 
--------------------------------------------------------------------------------
[2023-12-10 19:38:08,857] {taskinstance.py:1377} INFO - Starting attempt 1 of 6
[2023-12-10 19:38:08,859] {taskinstance.py:1378} INFO - 
--------------------------------------------------------------------------------
[2023-12-10 19:38:09,113] {taskinstance.py:1397} INFO - Executing <Task(BashOperator): tercera_tarea> on 2023-02-10 00:00:00+00:00
[2023-12-10 19:38:09,135] {standard_task_runner.py:52} INFO - Started process 2155 to run task
[2023-12-10 19:38:09,150] {standard_task_runner.py:79} INFO - Running: ['***', 'tasks', 'run', 'mi_primer_dag_v3', 'tercera_tarea', 'scheduled__2023-02-10T00:00:00+00:00', '--job-id', '585', '--raw', '--subdir', 'DAGS_FOLDER/primer_dag_v3.py', '--cfg-path', '/tmp/tmpu8zdkmf0', '--error-file', '/tmp/tmpn3myqqak']
[2023-12-10 19:38:09,185] {standard_task_runner.py:80} INFO - Job 585: Subtask tercera_tarea
[2023-12-10 19:38:10,462] {task_command.py:371} INFO - Running <TaskInstance: mi_primer_dag_v3.tercera_tarea scheduled__2023-02-10T00:00:00+00:00 [running]> on host 42828894a739
[2023-12-10 19:38:12,071] {taskinstance.py:1591} INFO - Exporting the following env vars:
AIRFLOW_CTX_DAG_OWNER=DavidBU
AIRFLOW_CTX_DAG_ID=mi_primer_dag_v3
AIRFLOW_CTX_TASK_ID=tercera_tarea
AIRFLOW_CTX_EXECUTION_DATE=2023-02-10T00:00:00+00:00
AIRFLOW_CTX_TRY_NUMBER=1
AIRFLOW_CTX_DAG_RUN_ID=scheduled__2023-02-10T00:00:00+00:00
[2023-12-10 19:38:12,074] {subprocess.py:62} INFO - Tmp dir root location: 
 /tmp
[2023-12-10 19:38:12,076] {subprocess.py:74} INFO - Running command: ['bash', '-c', 'echo hola, soy la tarea 3 y sere corrida luego de Tarea 1 al mismo tiempo que Tarea 2']
[2023-12-10 19:38:12,205] {subprocess.py:85} INFO - Output:
[2023-12-10 19:38:12,352] {subprocess.py:92} INFO - hola, soy la tarea 3 y sere corrida luego de Tarea 1 al mismo tiempo que Tarea 2
[2023-12-10 19:38:12,493] {subprocess.py:96} INFO - Command exited with return code 0
[2023-12-10 19:38:14,206] {taskinstance.py:1420} INFO - Marking task as SUCCESS. dag_id=mi_primer_dag_v3, task_id=tercera_tarea, execution_date=20230210T000000, start_date=20231210T193808, end_date=20231210T193814
[2023-12-10 19:38:14,641] {local_task_job.py:156} INFO - Task exited with return code 0
[2023-12-10 19:38:15,194] {local_task_job.py:273} INFO - 0 downstream tasks scheduled from follow-on schedule check
