[2023-12-10 20:27:50,267] {taskinstance.py:1179} INFO - Dependencies all met for <TaskInstance: mi_primer_dar_con_PythonOperator.aloha_david scheduled__2023-09-04T00:00:00+00:00 [queued]>
[2023-12-10 20:27:50,316] {taskinstance.py:1179} INFO - Dependencies all met for <TaskInstance: mi_primer_dar_con_PythonOperator.aloha_david scheduled__2023-09-04T00:00:00+00:00 [queued]>
[2023-12-10 20:27:50,323] {taskinstance.py:1376} INFO - 
--------------------------------------------------------------------------------
[2023-12-10 20:27:50,326] {taskinstance.py:1377} INFO - Starting attempt 1 of 6
[2023-12-10 20:27:50,329] {taskinstance.py:1378} INFO - 
--------------------------------------------------------------------------------
[2023-12-10 20:27:50,418] {taskinstance.py:1397} INFO - Executing <Task(PythonOperator): aloha_david> on 2023-09-04 00:00:00+00:00
[2023-12-10 20:27:50,429] {standard_task_runner.py:52} INFO - Started process 2728 to run task
[2023-12-10 20:27:50,442] {standard_task_runner.py:79} INFO - Running: ['***', 'tasks', 'run', 'mi_primer_dar_con_PythonOperator', 'aloha_david', 'scheduled__2023-09-04T00:00:00+00:00', '--job-id', '2385', '--raw', '--subdir', 'DAGS_FOLDER/mi_primer_dag_pythonoperator.py', '--cfg-path', '/tmp/tmp26x_nr7a', '--error-file', '/tmp/tmpbz3ubbvo']
[2023-12-10 20:27:50,451] {standard_task_runner.py:80} INFO - Job 2385: Subtask aloha_david
[2023-12-10 20:27:50,891] {task_command.py:371} INFO - Running <TaskInstance: mi_primer_dar_con_PythonOperator.aloha_david scheduled__2023-09-04T00:00:00+00:00 [running]> on host 42828894a739
[2023-12-10 20:27:51,828] {taskinstance.py:1591} INFO - Exporting the following env vars:
AIRFLOW_CTX_DAG_OWNER=DavidBU
AIRFLOW_CTX_DAG_ID=mi_primer_dar_con_PythonOperator
AIRFLOW_CTX_TASK_ID=aloha_david
AIRFLOW_CTX_EXECUTION_DATE=2023-09-04T00:00:00+00:00
AIRFLOW_CTX_TRY_NUMBER=1
AIRFLOW_CTX_DAG_RUN_ID=scheduled__2023-09-04T00:00:00+00:00
[2023-12-10 20:27:51,852] {logging_mixin.py:115} INFO - Aloha Mundo soy yo!
[2023-12-10 20:27:51,866] {python.py:173} INFO - Done. Returned value was: None
[2023-12-10 20:27:52,058] {taskinstance.py:1420} INFO - Marking task as SUCCESS. dag_id=mi_primer_dar_con_PythonOperator, task_id=aloha_david, execution_date=20230904T000000, start_date=20231210T202750, end_date=20231210T202752
[2023-12-10 20:27:52,282] {local_task_job.py:156} INFO - Task exited with return code 0
[2023-12-10 20:27:52,480] {local_task_job.py:273} INFO - 0 downstream tasks scheduled from follow-on schedule check
