[2023-12-10 19:45:15,922] {taskinstance.py:1179} INFO - Dependencies all met for <TaskInstance: mi_primer_dag_v3.tercera_tarea scheduled__2023-08-04T00:00:00+00:00 [queued]>
[2023-12-10 19:45:15,994] {taskinstance.py:1179} INFO - Dependencies all met for <TaskInstance: mi_primer_dag_v3.tercera_tarea scheduled__2023-08-04T00:00:00+00:00 [queued]>
[2023-12-10 19:45:15,997] {taskinstance.py:1376} INFO - 
--------------------------------------------------------------------------------
[2023-12-10 19:45:16,008] {taskinstance.py:1377} INFO - Starting attempt 1 of 6
[2023-12-10 19:45:16,011] {taskinstance.py:1378} INFO - 
--------------------------------------------------------------------------------
[2023-12-10 19:45:16,170] {taskinstance.py:1397} INFO - Executing <Task(BashOperator): tercera_tarea> on 2023-08-04 00:00:00+00:00
[2023-12-10 19:45:16,201] {standard_task_runner.py:52} INFO - Started process 3910 to run task
[2023-12-10 19:45:16,255] {standard_task_runner.py:79} INFO - Running: ['***', 'tasks', 'run', 'mi_primer_dag_v3', 'tercera_tarea', 'scheduled__2023-08-04T00:00:00+00:00', '--job-id', '1112', '--raw', '--subdir', 'DAGS_FOLDER/primer_dag_v3.py', '--cfg-path', '/tmp/tmputaskwbk', '--error-file', '/tmp/tmp4fa9fsn3']
[2023-12-10 19:45:16,264] {standard_task_runner.py:80} INFO - Job 1112: Subtask tercera_tarea
[2023-12-10 19:45:17,055] {task_command.py:371} INFO - Running <TaskInstance: mi_primer_dag_v3.tercera_tarea scheduled__2023-08-04T00:00:00+00:00 [running]> on host 42828894a739
[2023-12-10 19:45:18,327] {taskinstance.py:1591} INFO - Exporting the following env vars:
AIRFLOW_CTX_DAG_OWNER=DavidBU
AIRFLOW_CTX_DAG_ID=mi_primer_dag_v3
AIRFLOW_CTX_TASK_ID=tercera_tarea
AIRFLOW_CTX_EXECUTION_DATE=2023-08-04T00:00:00+00:00
AIRFLOW_CTX_TRY_NUMBER=1
AIRFLOW_CTX_DAG_RUN_ID=scheduled__2023-08-04T00:00:00+00:00
[2023-12-10 19:45:18,351] {subprocess.py:62} INFO - Tmp dir root location: 
 /tmp
[2023-12-10 19:45:18,369] {subprocess.py:74} INFO - Running command: ['bash', '-c', 'echo hola, soy la tarea 3 y sere corrida luego de Tarea 1 al mismo tiempo que Tarea 2']
[2023-12-10 19:45:18,429] {subprocess.py:85} INFO - Output:
[2023-12-10 19:45:18,502] {subprocess.py:92} INFO - hola, soy la tarea 3 y sere corrida luego de Tarea 1 al mismo tiempo que Tarea 2
[2023-12-10 19:45:18,520] {subprocess.py:96} INFO - Command exited with return code 0
[2023-12-10 19:45:18,949] {taskinstance.py:1420} INFO - Marking task as SUCCESS. dag_id=mi_primer_dag_v3, task_id=tercera_tarea, execution_date=20230804T000000, start_date=20231210T194515, end_date=20231210T194518
[2023-12-10 19:45:19,199] {local_task_job.py:156} INFO - Task exited with return code 0
[2023-12-10 19:45:19,561] {local_task_job.py:273} INFO - 0 downstream tasks scheduled from follow-on schedule check
