[2023-12-10 19:47:17,388] {taskinstance.py:1179} INFO - Dependencies all met for <TaskInstance: mi_primer_dag_v3.primera_tarea scheduled__2023-10-02T00:00:00+00:00 [queued]>
[2023-12-10 19:47:17,555] {taskinstance.py:1179} INFO - Dependencies all met for <TaskInstance: mi_primer_dag_v3.primera_tarea scheduled__2023-10-02T00:00:00+00:00 [queued]>
[2023-12-10 19:47:17,567] {taskinstance.py:1376} INFO - 
--------------------------------------------------------------------------------
[2023-12-10 19:47:17,569] {taskinstance.py:1377} INFO - Starting attempt 1 of 6
[2023-12-10 19:47:17,570] {taskinstance.py:1378} INFO - 
--------------------------------------------------------------------------------
[2023-12-10 19:47:17,660] {taskinstance.py:1397} INFO - Executing <Task(BashOperator): primera_tarea> on 2023-10-02 00:00:00+00:00
[2023-12-10 19:47:17,668] {standard_task_runner.py:52} INFO - Started process 4463 to run task
[2023-12-10 19:47:17,694] {standard_task_runner.py:79} INFO - Running: ['***', 'tasks', 'run', 'mi_primer_dag_v3', 'primera_tarea', 'scheduled__2023-10-02T00:00:00+00:00', '--job-id', '1279', '--raw', '--subdir', 'DAGS_FOLDER/primer_dag_v3.py', '--cfg-path', '/tmp/tmp2xvg7xqi', '--error-file', '/tmp/tmpa5d_vehq']
[2023-12-10 19:47:17,719] {standard_task_runner.py:80} INFO - Job 1279: Subtask primera_tarea
[2023-12-10 19:47:18,269] {task_command.py:371} INFO - Running <TaskInstance: mi_primer_dag_v3.primera_tarea scheduled__2023-10-02T00:00:00+00:00 [running]> on host 42828894a739
[2023-12-10 19:47:18,754] {taskinstance.py:1591} INFO - Exporting the following env vars:
AIRFLOW_CTX_DAG_OWNER=DavidBU
AIRFLOW_CTX_DAG_ID=mi_primer_dag_v3
AIRFLOW_CTX_TASK_ID=primera_tarea
AIRFLOW_CTX_EXECUTION_DATE=2023-10-02T00:00:00+00:00
AIRFLOW_CTX_TRY_NUMBER=1
AIRFLOW_CTX_DAG_RUN_ID=scheduled__2023-10-02T00:00:00+00:00
[2023-12-10 19:47:18,756] {subprocess.py:62} INFO - Tmp dir root location: 
 /tmp
[2023-12-10 19:47:18,759] {subprocess.py:74} INFO - Running command: ['bash', '-c', 'echo hola mundo, esta es nuestra primera tarea!']
[2023-12-10 19:47:18,844] {subprocess.py:85} INFO - Output:
[2023-12-10 19:47:18,876] {subprocess.py:92} INFO - hola mundo, esta es nuestra primera tarea!
[2023-12-10 19:47:18,884] {subprocess.py:96} INFO - Command exited with return code 0
[2023-12-10 19:47:19,485] {taskinstance.py:1420} INFO - Marking task as SUCCESS. dag_id=mi_primer_dag_v3, task_id=primera_tarea, execution_date=20231002T000000, start_date=20231210T194717, end_date=20231210T194719
[2023-12-10 19:47:19,873] {local_task_job.py:156} INFO - Task exited with return code 0
[2023-12-10 19:47:20,398] {local_task_job.py:273} INFO - 2 downstream tasks scheduled from follow-on schedule check
