[2023-12-21 03:21:37,636] {taskinstance.py:1179} INFO - Dependencies all met for <TaskInstance: mi_primer_dag_v4.primera_tarea scheduled__2023-12-12T00:00:00+00:00 [queued]>
[2023-12-21 03:21:38,258] {taskinstance.py:1179} INFO - Dependencies all met for <TaskInstance: mi_primer_dag_v4.primera_tarea scheduled__2023-12-12T00:00:00+00:00 [queued]>
[2023-12-21 03:21:38,262] {taskinstance.py:1376} INFO - 
--------------------------------------------------------------------------------
[2023-12-21 03:21:38,265] {taskinstance.py:1377} INFO - Starting attempt 2 of 6
[2023-12-21 03:21:38,267] {taskinstance.py:1378} INFO - 
--------------------------------------------------------------------------------
[2023-12-21 03:21:39,133] {taskinstance.py:1397} INFO - Executing <Task(BashOperator): primera_tarea> on 2023-12-12 00:00:00+00:00
[2023-12-21 03:21:39,168] {standard_task_runner.py:52} INFO - Started process 230 to run task
[2023-12-21 03:21:39,438] {standard_task_runner.py:79} INFO - Running: ['***', 'tasks', 'run', 'mi_primer_dag_v4', 'primera_tarea', 'scheduled__2023-12-12T00:00:00+00:00', '--job-id', '165', '--raw', '--subdir', 'DAGS_FOLDER/primer_dag.py', '--cfg-path', '/tmp/tmpa7kivfz2', '--error-file', '/tmp/tmpk_twus97']
[2023-12-21 03:21:41,337] {standard_task_runner.py:80} INFO - Job 165: Subtask primera_tarea
[2023-12-21 03:21:51,841] {task_command.py:371} INFO - Running <TaskInstance: mi_primer_dag_v4.primera_tarea scheduled__2023-12-12T00:00:00+00:00 [running]> on host b0993ec57291
[2023-12-21 03:21:54,210] {taskinstance.py:1591} INFO - Exporting the following env vars:
AIRFLOW_CTX_DAG_OWNER=DavidBU
AIRFLOW_CTX_DAG_ID=mi_primer_dag_v4
AIRFLOW_CTX_TASK_ID=primera_tarea
AIRFLOW_CTX_EXECUTION_DATE=2023-12-12T00:00:00+00:00
AIRFLOW_CTX_TRY_NUMBER=2
AIRFLOW_CTX_DAG_RUN_ID=scheduled__2023-12-12T00:00:00+00:00
[2023-12-21 03:21:54,229] {subprocess.py:62} INFO - Tmp dir root location: 
 /tmp
[2023-12-21 03:21:54,232] {subprocess.py:74} INFO - Running command: ['bash', '-c', 'echo Chile']
[2023-12-21 03:21:54,389] {subprocess.py:85} INFO - Output:
[2023-12-21 03:21:54,408] {subprocess.py:92} INFO - Chile
[2023-12-21 03:21:54,410] {subprocess.py:96} INFO - Command exited with return code 0
[2023-12-21 03:23:09,543] {taskinstance.py:1420} INFO - Marking task as SUCCESS. dag_id=mi_primer_dag_v4, task_id=primera_tarea, execution_date=20231212T000000, start_date=20231221T032137, end_date=20231221T032309
[2023-12-21 03:23:10,070] {local_task_job.py:156} INFO - Task exited with return code 0
[2023-12-21 03:23:20,325] {local_task_job.py:273} INFO - 0 downstream tasks scheduled from follow-on schedule check
