[2023-12-21 03:23:36,346] {taskinstance.py:1179} INFO - Dependencies all met for <TaskInstance: mi_primer_dag_v4.tercera_tarea scheduled__2023-12-14T00:00:00+00:00 [queued]>
[2023-12-21 03:23:36,828] {taskinstance.py:1179} INFO - Dependencies all met for <TaskInstance: mi_primer_dag_v4.tercera_tarea scheduled__2023-12-14T00:00:00+00:00 [queued]>
[2023-12-21 03:23:36,835] {taskinstance.py:1376} INFO - 
--------------------------------------------------------------------------------
[2023-12-21 03:23:36,843] {taskinstance.py:1377} INFO - Starting attempt 1 of 6
[2023-12-21 03:23:36,855] {taskinstance.py:1378} INFO - 
--------------------------------------------------------------------------------
[2023-12-21 03:23:37,526] {taskinstance.py:1397} INFO - Executing <Task(BashOperator): tercera_tarea> on 2023-12-14 00:00:00+00:00
[2023-12-21 03:23:37,760] {standard_task_runner.py:52} INFO - Started process 384 to run task
[2023-12-21 03:23:37,854] {standard_task_runner.py:79} INFO - Running: ['***', 'tasks', 'run', 'mi_primer_dag_v4', 'tercera_tarea', 'scheduled__2023-12-14T00:00:00+00:00', '--job-id', '176', '--raw', '--subdir', 'DAGS_FOLDER/primer_dag.py', '--cfg-path', '/tmp/tmp9a1czm57', '--error-file', '/tmp/tmphv2azh3l']
[2023-12-21 03:23:37,903] {standard_task_runner.py:80} INFO - Job 176: Subtask tercera_tarea
[2023-12-21 03:23:39,478] {task_command.py:371} INFO - Running <TaskInstance: mi_primer_dag_v4.tercera_tarea scheduled__2023-12-14T00:00:00+00:00 [running]> on host b0993ec57291
[2023-12-21 03:23:40,949] {taskinstance.py:1591} INFO - Exporting the following env vars:
AIRFLOW_CTX_DAG_OWNER=DavidBU
AIRFLOW_CTX_DAG_ID=mi_primer_dag_v4
AIRFLOW_CTX_TASK_ID=tercera_tarea
AIRFLOW_CTX_EXECUTION_DATE=2023-12-14T00:00:00+00:00
AIRFLOW_CTX_TRY_NUMBER=1
AIRFLOW_CTX_DAG_RUN_ID=scheduled__2023-12-14T00:00:00+00:00
[2023-12-21 03:23:40,957] {subprocess.py:62} INFO - Tmp dir root location: 
 /tmp
[2023-12-21 03:23:40,984] {subprocess.py:74} INFO - Running command: ['bash', '-c', 'echo Bustos Usta']
[2023-12-21 03:23:41,113] {subprocess.py:85} INFO - Output:
[2023-12-21 03:23:41,137] {subprocess.py:92} INFO - Bustos Usta
[2023-12-21 03:23:41,152] {subprocess.py:96} INFO - Command exited with return code 0
[2023-12-21 03:23:57,571] {taskinstance.py:1420} INFO - Marking task as SUCCESS. dag_id=mi_primer_dag_v4, task_id=tercera_tarea, execution_date=20231214T000000, start_date=20231221T032336, end_date=20231221T032357
[2023-12-21 03:23:57,979] {local_task_job.py:156} INFO - Task exited with return code 0
[2023-12-21 03:23:58,975] {local_task_job.py:273} INFO - 0 downstream tasks scheduled from follow-on schedule check
