[2023-12-12 02:22:54,568] {taskinstance.py:1179} INFO - Dependencies all met for <TaskInstance: Entregable3_Chumbita.extraer_data scheduled__2023-12-11T00:00:00+00:00 [queued]>
[2023-12-12 02:22:54,662] {taskinstance.py:1179} INFO - Dependencies all met for <TaskInstance: Entregable3_Chumbita.extraer_data scheduled__2023-12-11T00:00:00+00:00 [queued]>
[2023-12-12 02:22:54,665] {taskinstance.py:1376} INFO - 
--------------------------------------------------------------------------------
[2023-12-12 02:22:54,673] {taskinstance.py:1377} INFO - Starting attempt 1 of 6
[2023-12-12 02:22:54,674] {taskinstance.py:1378} INFO - 
--------------------------------------------------------------------------------
[2023-12-12 02:22:54,858] {taskinstance.py:1397} INFO - Executing <Task(PythonOperator): extraer_data> on 2023-12-11 00:00:00+00:00
[2023-12-12 02:22:54,924] {standard_task_runner.py:52} INFO - Started process 203 to run task
[2023-12-12 02:22:55,064] {standard_task_runner.py:79} INFO - Running: ['***', 'tasks', 'run', 'Entregable3_Chumbita', 'extraer_data', 'scheduled__2023-12-11T00:00:00+00:00', '--job-id', '2', '--raw', '--subdir', 'DAGS_FOLDER/ETL_Entregable3_Chumbita.py', '--cfg-path', '/tmp/tmpttdk7nsi', '--error-file', '/tmp/tmpvi26ytz2']
[2023-12-12 02:22:55,074] {standard_task_runner.py:80} INFO - Job 2: Subtask extraer_data
[2023-12-12 02:22:57,118] {task_command.py:371} INFO - Running <TaskInstance: Entregable3_Chumbita.extraer_data scheduled__2023-12-11T00:00:00+00:00 [running]> on host 02fb1b542166
[2023-12-12 02:22:57,887] {logging_mixin.py:115} WARNING - /home/***/.local/lib/python3.7/site-packages/***/utils/context.py:202 AirflowContextDeprecationWarning: Accessing 'execution_date' from the template is deprecated and will be removed in a future version. Please use 'data_interval_start' or 'logical_date' instead.
[2023-12-12 02:22:58,150] {taskinstance.py:1591} INFO - Exporting the following env vars:
AIRFLOW_CTX_DAG_OWNER=ArielChumbita
AIRFLOW_CTX_DAG_ID=Entregable3_Chumbita
AIRFLOW_CTX_TASK_ID=extraer_data
AIRFLOW_CTX_EXECUTION_DATE=2023-12-11T00:00:00+00:00
AIRFLOW_CTX_TRY_NUMBER=1
AIRFLOW_CTX_DAG_RUN_ID=scheduled__2023-12-11T00:00:00+00:00
[2023-12-12 02:22:58,176] {logging_mixin.py:115} INFO - Adquiriendo data para la fecha: 2023-12-11 0
[2023-12-12 02:23:00,463] {logging_mixin.py:115} INFO - Success!
[2023-12-12 02:23:00,495] {python.py:173} INFO - Done. Returned value was: None
[2023-12-12 02:23:00,577] {taskinstance.py:1420} INFO - Marking task as SUCCESS. dag_id=Entregable3_Chumbita, task_id=extraer_data, execution_date=20231211T000000, start_date=20231212T022254, end_date=20231212T022300
[2023-12-12 02:23:00,682] {local_task_job.py:156} INFO - Task exited with return code 0
[2023-12-12 02:23:00,889] {local_task_job.py:273} INFO - 1 downstream tasks scheduled from follow-on schedule check
