[2023-12-10 20:22:57,758] {taskinstance.py:1179} INFO - Dependencies all met for <TaskInstance: mi_primer_dar_con_PythonOperator.aloha_david scheduled__2023-01-18T00:00:00+00:00 [queued]>
[2023-12-10 20:22:57,857] {taskinstance.py:1179} INFO - Dependencies all met for <TaskInstance: mi_primer_dar_con_PythonOperator.aloha_david scheduled__2023-01-18T00:00:00+00:00 [queued]>
[2023-12-10 20:22:57,865] {taskinstance.py:1376} INFO - 
--------------------------------------------------------------------------------
[2023-12-10 20:22:57,867] {taskinstance.py:1377} INFO - Starting attempt 1 of 6
[2023-12-10 20:22:57,867] {taskinstance.py:1378} INFO - 
--------------------------------------------------------------------------------
[2023-12-10 20:22:58,042] {taskinstance.py:1397} INFO - Executing <Task(PythonOperator): aloha_david> on 2023-01-18 00:00:00+00:00
[2023-12-10 20:22:58,051] {standard_task_runner.py:52} INFO - Started process 1538 to run task
[2023-12-10 20:22:58,095] {standard_task_runner.py:79} INFO - Running: ['***', 'tasks', 'run', 'mi_primer_dar_con_PythonOperator', 'aloha_david', 'scheduled__2023-01-18T00:00:00+00:00', '--job-id', '2041', '--raw', '--subdir', 'DAGS_FOLDER/mi_primer_dag_pythonoperator.py', '--cfg-path', '/tmp/tmpv6ne60y9', '--error-file', '/tmp/tmpqg9p1bw1']
[2023-12-10 20:22:58,100] {standard_task_runner.py:80} INFO - Job 2041: Subtask aloha_david
[2023-12-10 20:22:58,508] {task_command.py:371} INFO - Running <TaskInstance: mi_primer_dar_con_PythonOperator.aloha_david scheduled__2023-01-18T00:00:00+00:00 [running]> on host 42828894a739
[2023-12-10 20:22:59,487] {taskinstance.py:1591} INFO - Exporting the following env vars:
AIRFLOW_CTX_DAG_OWNER=DavidBU
AIRFLOW_CTX_DAG_ID=mi_primer_dar_con_PythonOperator
AIRFLOW_CTX_TASK_ID=aloha_david
AIRFLOW_CTX_EXECUTION_DATE=2023-01-18T00:00:00+00:00
AIRFLOW_CTX_TRY_NUMBER=1
AIRFLOW_CTX_DAG_RUN_ID=scheduled__2023-01-18T00:00:00+00:00
[2023-12-10 20:22:59,489] {logging_mixin.py:115} INFO - Aloha Mundo soy yo!
[2023-12-10 20:22:59,490] {python.py:173} INFO - Done. Returned value was: None
[2023-12-10 20:22:59,669] {taskinstance.py:1420} INFO - Marking task as SUCCESS. dag_id=mi_primer_dar_con_PythonOperator, task_id=aloha_david, execution_date=20230118T000000, start_date=20231210T202257, end_date=20231210T202259
[2023-12-10 20:22:59,850] {local_task_job.py:156} INFO - Task exited with return code 0
[2023-12-10 20:23:00,212] {local_task_job.py:273} INFO - 0 downstream tasks scheduled from follow-on schedule check
