[2023-12-10 20:19:22,107] {taskinstance.py:1179} INFO - Dependencies all met for <TaskInstance: mi_primer_dag.primer_task scheduled__2023-04-05T00:00:00+00:00 [queued]>
[2023-12-10 20:19:22,140] {taskinstance.py:1179} INFO - Dependencies all met for <TaskInstance: mi_primer_dag.primer_task scheduled__2023-04-05T00:00:00+00:00 [queued]>
[2023-12-10 20:19:22,141] {taskinstance.py:1376} INFO - 
--------------------------------------------------------------------------------
[2023-12-10 20:19:22,143] {taskinstance.py:1377} INFO - Starting attempt 1 of 6
[2023-12-10 20:19:22,145] {taskinstance.py:1378} INFO - 
--------------------------------------------------------------------------------
[2023-12-10 20:19:22,213] {taskinstance.py:1397} INFO - Executing <Task(BashOperator): primer_task> on 2023-04-05 00:00:00+00:00
[2023-12-10 20:19:22,220] {standard_task_runner.py:52} INFO - Started process 591 to run task
[2023-12-10 20:19:22,243] {standard_task_runner.py:79} INFO - Running: ['***', 'tasks', 'run', 'mi_primer_dag', 'primer_task', 'scheduled__2023-04-05T00:00:00+00:00', '--job-id', '1773', '--raw', '--subdir', 'DAGS_FOLDER/mi_primer_dag.py', '--cfg-path', '/tmp/tmp34ud0jwn', '--error-file', '/tmp/tmphok53w1l']
[2023-12-10 20:19:22,247] {standard_task_runner.py:80} INFO - Job 1773: Subtask primer_task
[2023-12-10 20:19:22,487] {task_command.py:371} INFO - Running <TaskInstance: mi_primer_dag.primer_task scheduled__2023-04-05T00:00:00+00:00 [running]> on host 42828894a739
[2023-12-10 20:19:22,741] {taskinstance.py:1591} INFO - Exporting the following env vars:
AIRFLOW_CTX_DAG_OWNER=DavidBU
AIRFLOW_CTX_DAG_ID=mi_primer_dag
AIRFLOW_CTX_TASK_ID=primer_task
AIRFLOW_CTX_EXECUTION_DATE=2023-04-05T00:00:00+00:00
AIRFLOW_CTX_TRY_NUMBER=1
AIRFLOW_CTX_DAG_RUN_ID=scheduled__2023-04-05T00:00:00+00:00
[2023-12-10 20:19:22,743] {subprocess.py:62} INFO - Tmp dir root location: 
 /tmp
[2023-12-10 20:19:22,745] {subprocess.py:74} INFO - Running command: ['bash', '-c', 'echo hola mundo, esta es nuestra primera tarea usando bash operator!']
[2023-12-10 20:19:22,764] {subprocess.py:85} INFO - Output:
[2023-12-10 20:19:22,768] {subprocess.py:92} INFO - hola mundo, esta es nuestra primera tarea usando bash operator!
[2023-12-10 20:19:22,769] {subprocess.py:96} INFO - Command exited with return code 0
[2023-12-10 20:19:22,936] {taskinstance.py:1420} INFO - Marking task as SUCCESS. dag_id=mi_primer_dag, task_id=primer_task, execution_date=20230405T000000, start_date=20231210T201922, end_date=20231210T201922
[2023-12-10 20:19:23,155] {local_task_job.py:156} INFO - Task exited with return code 0
[2023-12-10 20:19:23,499] {local_task_job.py:273} INFO - 0 downstream tasks scheduled from follow-on schedule check
