[2023-12-10 19:38:54,967] {taskinstance.py:1179} INFO - Dependencies all met for <TaskInstance: mi_primer_dag_v3.tercera_tarea scheduled__2023-02-27T00:00:00+00:00 [queued]>
[2023-12-10 19:38:55,084] {taskinstance.py:1179} INFO - Dependencies all met for <TaskInstance: mi_primer_dag_v3.tercera_tarea scheduled__2023-02-27T00:00:00+00:00 [queued]>
[2023-12-10 19:38:55,099] {taskinstance.py:1376} INFO - 
--------------------------------------------------------------------------------
[2023-12-10 19:38:55,104] {taskinstance.py:1377} INFO - Starting attempt 1 of 6
[2023-12-10 19:38:55,105] {taskinstance.py:1378} INFO - 
--------------------------------------------------------------------------------
[2023-12-10 19:38:55,379] {taskinstance.py:1397} INFO - Executing <Task(BashOperator): tercera_tarea> on 2023-02-27 00:00:00+00:00
[2023-12-10 19:38:55,627] {standard_task_runner.py:52} INFO - Started process 2341 to run task
[2023-12-10 19:38:55,624] {standard_task_runner.py:79} INFO - Running: ['***', 'tasks', 'run', 'mi_primer_dag_v3', 'tercera_tarea', 'scheduled__2023-02-27T00:00:00+00:00', '--job-id', '638', '--raw', '--subdir', 'DAGS_FOLDER/primer_dag_v3.py', '--cfg-path', '/tmp/tmpv633opv9', '--error-file', '/tmp/tmp9qqqn318']
[2023-12-10 19:38:55,752] {standard_task_runner.py:80} INFO - Job 638: Subtask tercera_tarea
[2023-12-10 19:38:56,981] {task_command.py:371} INFO - Running <TaskInstance: mi_primer_dag_v3.tercera_tarea scheduled__2023-02-27T00:00:00+00:00 [running]> on host 42828894a739
[2023-12-10 19:38:58,228] {taskinstance.py:1591} INFO - Exporting the following env vars:
AIRFLOW_CTX_DAG_OWNER=DavidBU
AIRFLOW_CTX_DAG_ID=mi_primer_dag_v3
AIRFLOW_CTX_TASK_ID=tercera_tarea
AIRFLOW_CTX_EXECUTION_DATE=2023-02-27T00:00:00+00:00
AIRFLOW_CTX_TRY_NUMBER=1
AIRFLOW_CTX_DAG_RUN_ID=scheduled__2023-02-27T00:00:00+00:00
[2023-12-10 19:38:58,231] {subprocess.py:62} INFO - Tmp dir root location: 
 /tmp
[2023-12-10 19:38:58,232] {subprocess.py:74} INFO - Running command: ['bash', '-c', 'echo hola, soy la tarea 3 y sere corrida luego de Tarea 1 al mismo tiempo que Tarea 2']
[2023-12-10 19:38:58,344] {subprocess.py:85} INFO - Output:
[2023-12-10 19:38:58,362] {subprocess.py:92} INFO - hola, soy la tarea 3 y sere corrida luego de Tarea 1 al mismo tiempo que Tarea 2
[2023-12-10 19:38:58,381] {subprocess.py:96} INFO - Command exited with return code 0
[2023-12-10 19:38:59,132] {taskinstance.py:1420} INFO - Marking task as SUCCESS. dag_id=mi_primer_dag_v3, task_id=tercera_tarea, execution_date=20230227T000000, start_date=20231210T193854, end_date=20231210T193859
[2023-12-10 19:38:59,454] {local_task_job.py:156} INFO - Task exited with return code 0
[2023-12-10 19:39:00,469] {local_task_job.py:273} INFO - 0 downstream tasks scheduled from follow-on schedule check
