[2023-12-10 20:28:27,428] {taskinstance.py:1179} INFO - Dependencies all met for <TaskInstance: mi_primer_dar_con_PythonOperator.aloha_david scheduled__2023-10-16T00:00:00+00:00 [queued]>
[2023-12-10 20:28:27,486] {taskinstance.py:1179} INFO - Dependencies all met for <TaskInstance: mi_primer_dar_con_PythonOperator.aloha_david scheduled__2023-10-16T00:00:00+00:00 [queued]>
[2023-12-10 20:28:27,487] {taskinstance.py:1376} INFO - 
--------------------------------------------------------------------------------
[2023-12-10 20:28:27,489] {taskinstance.py:1377} INFO - Starting attempt 1 of 6
[2023-12-10 20:28:27,491] {taskinstance.py:1378} INFO - 
--------------------------------------------------------------------------------
[2023-12-10 20:28:27,555] {taskinstance.py:1397} INFO - Executing <Task(PythonOperator): aloha_david> on 2023-10-16 00:00:00+00:00
[2023-12-10 20:28:27,564] {standard_task_runner.py:52} INFO - Started process 2857 to run task
[2023-12-10 20:28:27,581] {standard_task_runner.py:79} INFO - Running: ['***', 'tasks', 'run', 'mi_primer_dar_con_PythonOperator', 'aloha_david', 'scheduled__2023-10-16T00:00:00+00:00', '--job-id', '2427', '--raw', '--subdir', 'DAGS_FOLDER/mi_primer_dag_pythonoperator.py', '--cfg-path', '/tmp/tmps65va40i', '--error-file', '/tmp/tmppmygul1a']
[2023-12-10 20:28:27,584] {standard_task_runner.py:80} INFO - Job 2427: Subtask aloha_david
[2023-12-10 20:28:27,866] {task_command.py:371} INFO - Running <TaskInstance: mi_primer_dar_con_PythonOperator.aloha_david scheduled__2023-10-16T00:00:00+00:00 [running]> on host 42828894a739
[2023-12-10 20:28:28,349] {taskinstance.py:1591} INFO - Exporting the following env vars:
AIRFLOW_CTX_DAG_OWNER=DavidBU
AIRFLOW_CTX_DAG_ID=mi_primer_dar_con_PythonOperator
AIRFLOW_CTX_TASK_ID=aloha_david
AIRFLOW_CTX_EXECUTION_DATE=2023-10-16T00:00:00+00:00
AIRFLOW_CTX_TRY_NUMBER=1
AIRFLOW_CTX_DAG_RUN_ID=scheduled__2023-10-16T00:00:00+00:00
[2023-12-10 20:28:28,350] {logging_mixin.py:115} INFO - Aloha Mundo soy yo!
[2023-12-10 20:28:28,354] {python.py:173} INFO - Done. Returned value was: None
[2023-12-10 20:28:28,594] {taskinstance.py:1420} INFO - Marking task as SUCCESS. dag_id=mi_primer_dar_con_PythonOperator, task_id=aloha_david, execution_date=20231016T000000, start_date=20231210T202827, end_date=20231210T202828
[2023-12-10 20:28:28,837] {local_task_job.py:156} INFO - Task exited with return code 0
[2023-12-10 20:28:29,377] {local_task_job.py:273} INFO - 0 downstream tasks scheduled from follow-on schedule check
