[2023-12-21 03:21:37,574] {taskinstance.py:1179} INFO - Dependencies all met for <TaskInstance: mi_primer_dag_v4.primera_tarea scheduled__2023-12-20T00:00:00+00:00 [queued]>
[2023-12-21 03:21:38,003] {taskinstance.py:1179} INFO - Dependencies all met for <TaskInstance: mi_primer_dag_v4.primera_tarea scheduled__2023-12-20T00:00:00+00:00 [queued]>
[2023-12-21 03:21:38,004] {taskinstance.py:1376} INFO - 
--------------------------------------------------------------------------------
[2023-12-21 03:21:38,006] {taskinstance.py:1377} INFO - Starting attempt 2 of 6
[2023-12-21 03:21:38,008] {taskinstance.py:1378} INFO - 
--------------------------------------------------------------------------------
[2023-12-21 03:21:38,772] {taskinstance.py:1397} INFO - Executing <Task(BashOperator): primera_tarea> on 2023-12-20 00:00:00+00:00
[2023-12-21 03:21:38,816] {standard_task_runner.py:52} INFO - Started process 222 to run task
[2023-12-21 03:21:41,050] {standard_task_runner.py:79} INFO - Running: ['***', 'tasks', 'run', 'mi_primer_dag_v4', 'primera_tarea', 'scheduled__2023-12-20T00:00:00+00:00', '--job-id', '169', '--raw', '--subdir', 'DAGS_FOLDER/primer_dag.py', '--cfg-path', '/tmp/tmpl0fz4tfp', '--error-file', '/tmp/tmp6hsjnpv5']
[2023-12-21 03:21:41,776] {standard_task_runner.py:80} INFO - Job 169: Subtask primera_tarea
[2023-12-21 03:21:51,092] {task_command.py:371} INFO - Running <TaskInstance: mi_primer_dag_v4.primera_tarea scheduled__2023-12-20T00:00:00+00:00 [running]> on host b0993ec57291
[2023-12-21 03:21:57,274] {taskinstance.py:1591} INFO - Exporting the following env vars:
AIRFLOW_CTX_DAG_OWNER=DavidBU
AIRFLOW_CTX_DAG_ID=mi_primer_dag_v4
AIRFLOW_CTX_TASK_ID=primera_tarea
AIRFLOW_CTX_EXECUTION_DATE=2023-12-20T00:00:00+00:00
AIRFLOW_CTX_TRY_NUMBER=2
AIRFLOW_CTX_DAG_RUN_ID=scheduled__2023-12-20T00:00:00+00:00
[2023-12-21 03:21:57,277] {subprocess.py:62} INFO - Tmp dir root location: 
 /tmp
[2023-12-21 03:21:57,278] {subprocess.py:74} INFO - Running command: ['bash', '-c', 'echo Chile']
[2023-12-21 03:21:57,413] {subprocess.py:85} INFO - Output:
[2023-12-21 03:21:57,866] {subprocess.py:92} INFO - Chile
[2023-12-21 03:21:57,922] {subprocess.py:96} INFO - Command exited with return code 0
[2023-12-21 03:23:09,476] {taskinstance.py:1420} INFO - Marking task as SUCCESS. dag_id=mi_primer_dag_v4, task_id=primera_tarea, execution_date=20231220T000000, start_date=20231221T032137, end_date=20231221T032309
[2023-12-21 03:23:10,536] {local_task_job.py:156} INFO - Task exited with return code 0
[2023-12-21 03:23:20,295] {local_task_job.py:273} INFO - 0 downstream tasks scheduled from follow-on schedule check
