[2023-12-10 19:42:27,760] {taskinstance.py:1179} INFO - Dependencies all met for <TaskInstance: mi_primer_dag_v3.tercera_tarea scheduled__2023-05-15T00:00:00+00:00 [queued]>
[2023-12-10 19:42:28,097] {taskinstance.py:1179} INFO - Dependencies all met for <TaskInstance: mi_primer_dag_v3.tercera_tarea scheduled__2023-05-15T00:00:00+00:00 [queued]>
[2023-12-10 19:42:28,099] {taskinstance.py:1376} INFO - 
--------------------------------------------------------------------------------
[2023-12-10 19:42:28,134] {taskinstance.py:1377} INFO - Starting attempt 1 of 6
[2023-12-10 19:42:28,141] {taskinstance.py:1378} INFO - 
--------------------------------------------------------------------------------
[2023-12-10 19:42:28,425] {taskinstance.py:1397} INFO - Executing <Task(BashOperator): tercera_tarea> on 2023-05-15 00:00:00+00:00
[2023-12-10 19:42:28,454] {standard_task_runner.py:52} INFO - Started process 3112 to run task
[2023-12-10 19:42:28,662] {standard_task_runner.py:79} INFO - Running: ['***', 'tasks', 'run', 'mi_primer_dag_v3', 'tercera_tarea', 'scheduled__2023-05-15T00:00:00+00:00', '--job-id', '868', '--raw', '--subdir', 'DAGS_FOLDER/primer_dag_v3.py', '--cfg-path', '/tmp/tmptbl4ct96', '--error-file', '/tmp/tmp40yph2p0']
[2023-12-10 19:42:28,722] {standard_task_runner.py:80} INFO - Job 868: Subtask tercera_tarea
[2023-12-10 19:42:29,637] {task_command.py:371} INFO - Running <TaskInstance: mi_primer_dag_v3.tercera_tarea scheduled__2023-05-15T00:00:00+00:00 [running]> on host 42828894a739
[2023-12-10 19:42:30,306] {taskinstance.py:1591} INFO - Exporting the following env vars:
AIRFLOW_CTX_DAG_OWNER=DavidBU
AIRFLOW_CTX_DAG_ID=mi_primer_dag_v3
AIRFLOW_CTX_TASK_ID=tercera_tarea
AIRFLOW_CTX_EXECUTION_DATE=2023-05-15T00:00:00+00:00
AIRFLOW_CTX_TRY_NUMBER=1
AIRFLOW_CTX_DAG_RUN_ID=scheduled__2023-05-15T00:00:00+00:00
[2023-12-10 19:42:30,316] {subprocess.py:62} INFO - Tmp dir root location: 
 /tmp
[2023-12-10 19:42:30,317] {subprocess.py:74} INFO - Running command: ['bash', '-c', 'echo hola, soy la tarea 3 y sere corrida luego de Tarea 1 al mismo tiempo que Tarea 2']
[2023-12-10 19:42:30,383] {subprocess.py:85} INFO - Output:
[2023-12-10 19:42:30,386] {subprocess.py:92} INFO - hola, soy la tarea 3 y sere corrida luego de Tarea 1 al mismo tiempo que Tarea 2
[2023-12-10 19:42:30,387] {subprocess.py:96} INFO - Command exited with return code 0
[2023-12-10 19:42:30,865] {taskinstance.py:1420} INFO - Marking task as SUCCESS. dag_id=mi_primer_dag_v3, task_id=tercera_tarea, execution_date=20230515T000000, start_date=20231210T194227, end_date=20231210T194230
[2023-12-10 19:42:31,163] {local_task_job.py:156} INFO - Task exited with return code 0
[2023-12-10 19:42:31,767] {local_task_job.py:273} INFO - 0 downstream tasks scheduled from follow-on schedule check
