[2023-12-10 20:18:46,819] {taskinstance.py:1179} INFO - Dependencies all met for <TaskInstance: mi_primer_dag.primer_task scheduled__2023-03-20T00:00:00+00:00 [queued]>
[2023-12-10 20:18:46,942] {taskinstance.py:1179} INFO - Dependencies all met for <TaskInstance: mi_primer_dag.primer_task scheduled__2023-03-20T00:00:00+00:00 [queued]>
[2023-12-10 20:18:46,943] {taskinstance.py:1376} INFO - 
--------------------------------------------------------------------------------
[2023-12-10 20:18:46,961] {taskinstance.py:1377} INFO - Starting attempt 1 of 6
[2023-12-10 20:18:46,977] {taskinstance.py:1378} INFO - 
--------------------------------------------------------------------------------
[2023-12-10 20:18:47,519] {taskinstance.py:1397} INFO - Executing <Task(BashOperator): primer_task> on 2023-03-20 00:00:00+00:00
[2023-12-10 20:18:47,653] {standard_task_runner.py:52} INFO - Started process 462 to run task
[2023-12-10 20:18:47,686] {standard_task_runner.py:79} INFO - Running: ['***', 'tasks', 'run', 'mi_primer_dag', 'primer_task', 'scheduled__2023-03-20T00:00:00+00:00', '--job-id', '1737', '--raw', '--subdir', 'DAGS_FOLDER/mi_primer_dag.py', '--cfg-path', '/tmp/tmpzkej0ftp', '--error-file', '/tmp/tmpmdq05ht2']
[2023-12-10 20:18:47,886] {standard_task_runner.py:80} INFO - Job 1737: Subtask primer_task
[2023-12-10 20:18:48,772] {task_command.py:371} INFO - Running <TaskInstance: mi_primer_dag.primer_task scheduled__2023-03-20T00:00:00+00:00 [running]> on host 42828894a739
[2023-12-10 20:18:49,952] {taskinstance.py:1591} INFO - Exporting the following env vars:
AIRFLOW_CTX_DAG_OWNER=DavidBU
AIRFLOW_CTX_DAG_ID=mi_primer_dag
AIRFLOW_CTX_TASK_ID=primer_task
AIRFLOW_CTX_EXECUTION_DATE=2023-03-20T00:00:00+00:00
AIRFLOW_CTX_TRY_NUMBER=1
AIRFLOW_CTX_DAG_RUN_ID=scheduled__2023-03-20T00:00:00+00:00
[2023-12-10 20:18:50,026] {subprocess.py:62} INFO - Tmp dir root location: 
 /tmp
[2023-12-10 20:18:50,187] {subprocess.py:74} INFO - Running command: ['bash', '-c', 'echo hola mundo, esta es nuestra primera tarea usando bash operator!']
[2023-12-10 20:18:50,438] {subprocess.py:85} INFO - Output:
[2023-12-10 20:18:50,494] {subprocess.py:92} INFO - hola mundo, esta es nuestra primera tarea usando bash operator!
[2023-12-10 20:18:50,510] {subprocess.py:96} INFO - Command exited with return code 0
[2023-12-10 20:18:51,126] {taskinstance.py:1420} INFO - Marking task as SUCCESS. dag_id=mi_primer_dag, task_id=primer_task, execution_date=20230320T000000, start_date=20231210T201846, end_date=20231210T201851
[2023-12-10 20:18:51,424] {local_task_job.py:156} INFO - Task exited with return code 0
[2023-12-10 20:18:52,207] {local_task_job.py:273} INFO - 0 downstream tasks scheduled from follow-on schedule check
