[2023-12-10 20:26:08,097] {taskinstance.py:1179} INFO - Dependencies all met for <TaskInstance: mi_primer_dar_con_PythonOperator.aloha_david scheduled__2023-05-24T00:00:00+00:00 [queued]>
[2023-12-10 20:26:08,169] {taskinstance.py:1179} INFO - Dependencies all met for <TaskInstance: mi_primer_dar_con_PythonOperator.aloha_david scheduled__2023-05-24T00:00:00+00:00 [queued]>
[2023-12-10 20:26:08,175] {taskinstance.py:1376} INFO - 
--------------------------------------------------------------------------------
[2023-12-10 20:26:08,177] {taskinstance.py:1377} INFO - Starting attempt 1 of 6
[2023-12-10 20:26:08,179] {taskinstance.py:1378} INFO - 
--------------------------------------------------------------------------------
[2023-12-10 20:26:08,300] {taskinstance.py:1397} INFO - Executing <Task(PythonOperator): aloha_david> on 2023-05-24 00:00:00+00:00
[2023-12-10 20:26:08,312] {standard_task_runner.py:52} INFO - Started process 2382 to run task
[2023-12-10 20:26:08,318] {standard_task_runner.py:79} INFO - Running: ['***', 'tasks', 'run', 'mi_primer_dar_con_PythonOperator', 'aloha_david', 'scheduled__2023-05-24T00:00:00+00:00', '--job-id', '2282', '--raw', '--subdir', 'DAGS_FOLDER/mi_primer_dag_pythonoperator.py', '--cfg-path', '/tmp/tmpfvxsx_6a', '--error-file', '/tmp/tmp9wbcxjsh']
[2023-12-10 20:26:08,325] {standard_task_runner.py:80} INFO - Job 2282: Subtask aloha_david
[2023-12-10 20:26:08,659] {task_command.py:371} INFO - Running <TaskInstance: mi_primer_dar_con_PythonOperator.aloha_david scheduled__2023-05-24T00:00:00+00:00 [running]> on host 42828894a739
[2023-12-10 20:26:09,362] {taskinstance.py:1591} INFO - Exporting the following env vars:
AIRFLOW_CTX_DAG_OWNER=DavidBU
AIRFLOW_CTX_DAG_ID=mi_primer_dar_con_PythonOperator
AIRFLOW_CTX_TASK_ID=aloha_david
AIRFLOW_CTX_EXECUTION_DATE=2023-05-24T00:00:00+00:00
AIRFLOW_CTX_TRY_NUMBER=1
AIRFLOW_CTX_DAG_RUN_ID=scheduled__2023-05-24T00:00:00+00:00
[2023-12-10 20:26:09,365] {logging_mixin.py:115} INFO - Aloha Mundo soy yo!
[2023-12-10 20:26:09,366] {python.py:173} INFO - Done. Returned value was: None
[2023-12-10 20:26:09,683] {taskinstance.py:1420} INFO - Marking task as SUCCESS. dag_id=mi_primer_dar_con_PythonOperator, task_id=aloha_david, execution_date=20230524T000000, start_date=20231210T202608, end_date=20231210T202609
[2023-12-10 20:26:09,889] {local_task_job.py:156} INFO - Task exited with return code 0
[2023-12-10 20:26:10,035] {local_task_job.py:273} INFO - 0 downstream tasks scheduled from follow-on schedule check
