[2023-12-10 19:32:35,868] {taskinstance.py:1179} INFO - Dependencies all met for <TaskInstance: mi_primer_dag_v3.segunda_tarea scheduled__2022-10-08T00:00:00+00:00 [queued]>
[2023-12-10 19:32:36,245] {taskinstance.py:1179} INFO - Dependencies all met for <TaskInstance: mi_primer_dag_v3.segunda_tarea scheduled__2022-10-08T00:00:00+00:00 [queued]>
[2023-12-10 19:32:36,262] {taskinstance.py:1376} INFO - 
--------------------------------------------------------------------------------
[2023-12-10 19:32:36,278] {taskinstance.py:1377} INFO - Starting attempt 1 of 6
[2023-12-10 19:32:36,280] {taskinstance.py:1378} INFO - 
--------------------------------------------------------------------------------
[2023-12-10 19:32:37,335] {taskinstance.py:1397} INFO - Executing <Task(BashOperator): segunda_tarea> on 2022-10-08 00:00:00+00:00
[2023-12-10 19:32:37,448] {standard_task_runner.py:52} INFO - Started process 896 to run task
[2023-12-10 19:32:37,595] {standard_task_runner.py:79} INFO - Running: ['***', 'tasks', 'run', 'mi_primer_dag_v3', 'segunda_tarea', 'scheduled__2022-10-08T00:00:00+00:00', '--job-id', '210', '--raw', '--subdir', 'DAGS_FOLDER/primer_dag_v3.py', '--cfg-path', '/tmp/tmpgn8k74vm', '--error-file', '/tmp/tmppm_c3dtu']
[2023-12-10 19:32:37,671] {standard_task_runner.py:80} INFO - Job 210: Subtask segunda_tarea
[2023-12-10 19:32:39,340] {task_command.py:371} INFO - Running <TaskInstance: mi_primer_dag_v3.segunda_tarea scheduled__2022-10-08T00:00:00+00:00 [running]> on host 42828894a739
[2023-12-10 19:32:41,033] {taskinstance.py:1591} INFO - Exporting the following env vars:
AIRFLOW_CTX_DAG_OWNER=DavidBU
AIRFLOW_CTX_DAG_ID=mi_primer_dag_v3
AIRFLOW_CTX_TASK_ID=segunda_tarea
AIRFLOW_CTX_EXECUTION_DATE=2022-10-08T00:00:00+00:00
AIRFLOW_CTX_TRY_NUMBER=1
AIRFLOW_CTX_DAG_RUN_ID=scheduled__2022-10-08T00:00:00+00:00
[2023-12-10 19:32:41,054] {subprocess.py:62} INFO - Tmp dir root location: 
 /tmp
[2023-12-10 19:32:41,070] {subprocess.py:74} INFO - Running command: ['bash', '-c', 'echo hola, soy la tarea 2 y sere corrida luego de la Tarea 1']
[2023-12-10 19:32:41,172] {subprocess.py:85} INFO - Output:
[2023-12-10 19:32:41,189] {subprocess.py:92} INFO - hola, soy la tarea 2 y sere corrida luego de la Tarea 1
[2023-12-10 19:32:41,199] {subprocess.py:96} INFO - Command exited with return code 0
[2023-12-10 19:32:41,698] {taskinstance.py:1420} INFO - Marking task as SUCCESS. dag_id=mi_primer_dag_v3, task_id=segunda_tarea, execution_date=20221008T000000, start_date=20231210T193235, end_date=20231210T193241
[2023-12-10 19:32:41,944] {local_task_job.py:156} INFO - Task exited with return code 0
[2023-12-10 19:32:42,326] {local_task_job.py:273} INFO - 0 downstream tasks scheduled from follow-on schedule check
