[2023-12-10 19:47:13,070] {taskinstance.py:1179} INFO - Dependencies all met for <TaskInstance: mi_primer_dag_v3.segunda_tarea scheduled__2023-09-29T00:00:00+00:00 [queued]>
[2023-12-10 19:47:13,086] {taskinstance.py:1179} INFO - Dependencies all met for <TaskInstance: mi_primer_dag_v3.segunda_tarea scheduled__2023-09-29T00:00:00+00:00 [queued]>
[2023-12-10 19:47:13,087] {taskinstance.py:1376} INFO - 
--------------------------------------------------------------------------------
[2023-12-10 19:47:13,088] {taskinstance.py:1377} INFO - Starting attempt 1 of 6
[2023-12-10 19:47:13,089] {taskinstance.py:1378} INFO - 
--------------------------------------------------------------------------------
[2023-12-10 19:47:13,115] {taskinstance.py:1397} INFO - Executing <Task(BashOperator): segunda_tarea> on 2023-09-29 00:00:00+00:00
[2023-12-10 19:47:13,120] {standard_task_runner.py:52} INFO - Started process 4446 to run task
[2023-12-10 19:47:13,125] {standard_task_runner.py:79} INFO - Running: ['***', 'tasks', 'run', 'mi_primer_dag_v3', 'segunda_tarea', 'scheduled__2023-09-29T00:00:00+00:00', '--job-id', '1273', '--raw', '--subdir', 'DAGS_FOLDER/primer_dag_v3.py', '--cfg-path', '/tmp/tmp6qs66hiu', '--error-file', '/tmp/tmp9bkzz2px']
[2023-12-10 19:47:13,127] {standard_task_runner.py:80} INFO - Job 1273: Subtask segunda_tarea
[2023-12-10 19:47:13,256] {task_command.py:371} INFO - Running <TaskInstance: mi_primer_dag_v3.segunda_tarea scheduled__2023-09-29T00:00:00+00:00 [running]> on host 42828894a739
[2023-12-10 19:47:13,524] {taskinstance.py:1591} INFO - Exporting the following env vars:
AIRFLOW_CTX_DAG_OWNER=DavidBU
AIRFLOW_CTX_DAG_ID=mi_primer_dag_v3
AIRFLOW_CTX_TASK_ID=segunda_tarea
AIRFLOW_CTX_EXECUTION_DATE=2023-09-29T00:00:00+00:00
AIRFLOW_CTX_TRY_NUMBER=1
AIRFLOW_CTX_DAG_RUN_ID=scheduled__2023-09-29T00:00:00+00:00
[2023-12-10 19:47:13,527] {subprocess.py:62} INFO - Tmp dir root location: 
 /tmp
[2023-12-10 19:47:13,529] {subprocess.py:74} INFO - Running command: ['bash', '-c', 'echo hola, soy la tarea 2 y sere corrida luego de la Tarea 1']
[2023-12-10 19:47:13,564] {subprocess.py:85} INFO - Output:
[2023-12-10 19:47:13,579] {subprocess.py:92} INFO - hola, soy la tarea 2 y sere corrida luego de la Tarea 1
[2023-12-10 19:47:13,582] {subprocess.py:96} INFO - Command exited with return code 0
[2023-12-10 19:47:13,730] {taskinstance.py:1420} INFO - Marking task as SUCCESS. dag_id=mi_primer_dag_v3, task_id=segunda_tarea, execution_date=20230929T000000, start_date=20231210T194713, end_date=20231210T194713
[2023-12-10 19:47:13,820] {local_task_job.py:156} INFO - Task exited with return code 0
[2023-12-10 19:47:14,008] {local_task_job.py:273} INFO - 0 downstream tasks scheduled from follow-on schedule check
