[2023-12-11 08:12:16,472] {taskinstance.py:1179} INFO - Dependencies all met for <TaskInstance: dag_con_conexion_postgres.crear_tabla_postgres manual__2023-12-11T08:12:15.530534+00:00 [queued]>
[2023-12-11 08:12:16,499] {taskinstance.py:1179} INFO - Dependencies all met for <TaskInstance: dag_con_conexion_postgres.crear_tabla_postgres manual__2023-12-11T08:12:15.530534+00:00 [queued]>
[2023-12-11 08:12:16,500] {taskinstance.py:1376} INFO - 
--------------------------------------------------------------------------------
[2023-12-11 08:12:16,502] {taskinstance.py:1377} INFO - Starting attempt 1 of 6
[2023-12-11 08:12:16,502] {taskinstance.py:1378} INFO - 
--------------------------------------------------------------------------------
[2023-12-11 08:12:16,553] {taskinstance.py:1397} INFO - Executing <Task(PostgresOperator): crear_tabla_postgres> on 2023-12-11 08:12:15.530534+00:00
[2023-12-11 08:12:16,560] {standard_task_runner.py:52} INFO - Started process 1856 to run task
[2023-12-11 08:12:16,568] {standard_task_runner.py:79} INFO - Running: ['***', 'tasks', 'run', 'dag_con_conexion_postgres', 'crear_tabla_postgres', 'manual__2023-12-11T08:12:15.530534+00:00', '--job-id', '96', '--raw', '--subdir', 'DAGS_FOLDER/dag_postgres_database.py', '--cfg-path', '/tmp/tmpyjz7k34j', '--error-file', '/tmp/tmpdbt41ifm']
[2023-12-11 08:12:16,572] {standard_task_runner.py:80} INFO - Job 96: Subtask crear_tabla_postgres
[2023-12-11 08:12:16,937] {task_command.py:371} INFO - Running <TaskInstance: dag_con_conexion_postgres.crear_tabla_postgres manual__2023-12-11T08:12:15.530534+00:00 [running]> on host 03477fa6e3b6
[2023-12-11 08:12:17,243] {taskinstance.py:1591} INFO - Exporting the following env vars:
AIRFLOW_CTX_DAG_OWNER=DavidBU
AIRFLOW_CTX_DAG_ID=dag_con_conexion_postgres
AIRFLOW_CTX_TASK_ID=crear_tabla_postgres
AIRFLOW_CTX_EXECUTION_DATE=2023-12-11T08:12:15.530534+00:00
AIRFLOW_CTX_TRY_NUMBER=1
AIRFLOW_CTX_DAG_RUN_ID=manual__2023-12-11T08:12:15.530534+00:00
[2023-12-11 08:12:17,266] {base.py:68} INFO - Using connection ID 'postgres_localhost' for task execution.
[2023-12-11 08:12:17,458] {dbapi.py:231} INFO - Running statement: 
            create table if not exists fin_mundo(
                dt date,
                pais varchar(30)
            )
        , parameters: None
[2023-12-11 08:12:17,470] {postgres.py:94} INFO - NOTICE:  la relación «fin_mundo» ya existe, ignorando

[2023-12-11 08:12:17,507] {taskinstance.py:1420} INFO - Marking task as SUCCESS. dag_id=dag_con_conexion_postgres, task_id=crear_tabla_postgres, execution_date=20231211T081215, start_date=20231211T081216, end_date=20231211T081217
[2023-12-11 08:12:17,549] {local_task_job.py:156} INFO - Task exited with return code 0
[2023-12-11 08:12:17,645] {local_task_job.py:273} INFO - 1 downstream tasks scheduled from follow-on schedule check
