[2023-12-10 19:46:45,519] {taskinstance.py:1179} INFO - Dependencies all met for <TaskInstance: mi_primer_dag_v3.primera_tarea scheduled__2023-09-20T00:00:00+00:00 [queued]>
[2023-12-10 19:46:45,739] {taskinstance.py:1179} INFO - Dependencies all met for <TaskInstance: mi_primer_dag_v3.primera_tarea scheduled__2023-09-20T00:00:00+00:00 [queued]>
[2023-12-10 19:46:45,750] {taskinstance.py:1376} INFO - 
--------------------------------------------------------------------------------
[2023-12-10 19:46:45,761] {taskinstance.py:1377} INFO - Starting attempt 1 of 6
[2023-12-10 19:46:45,794] {taskinstance.py:1378} INFO - 
--------------------------------------------------------------------------------
[2023-12-10 19:46:46,144] {taskinstance.py:1397} INFO - Executing <Task(BashOperator): primera_tarea> on 2023-09-20 00:00:00+00:00
[2023-12-10 19:46:46,181] {standard_task_runner.py:52} INFO - Started process 4313 to run task
[2023-12-10 19:46:46,407] {standard_task_runner.py:79} INFO - Running: ['***', 'tasks', 'run', 'mi_primer_dag_v3', 'primera_tarea', 'scheduled__2023-09-20T00:00:00+00:00', '--job-id', '1232', '--raw', '--subdir', 'DAGS_FOLDER/primer_dag_v3.py', '--cfg-path', '/tmp/tmppki7lta0', '--error-file', '/tmp/tmppkmlazby']
[2023-12-10 19:46:46,504] {standard_task_runner.py:80} INFO - Job 1232: Subtask primera_tarea
[2023-12-10 19:46:48,000] {task_command.py:371} INFO - Running <TaskInstance: mi_primer_dag_v3.primera_tarea scheduled__2023-09-20T00:00:00+00:00 [running]> on host 42828894a739
[2023-12-10 19:46:49,846] {taskinstance.py:1591} INFO - Exporting the following env vars:
AIRFLOW_CTX_DAG_OWNER=DavidBU
AIRFLOW_CTX_DAG_ID=mi_primer_dag_v3
AIRFLOW_CTX_TASK_ID=primera_tarea
AIRFLOW_CTX_EXECUTION_DATE=2023-09-20T00:00:00+00:00
AIRFLOW_CTX_TRY_NUMBER=1
AIRFLOW_CTX_DAG_RUN_ID=scheduled__2023-09-20T00:00:00+00:00
[2023-12-10 19:46:49,854] {subprocess.py:62} INFO - Tmp dir root location: 
 /tmp
[2023-12-10 19:46:49,859] {subprocess.py:74} INFO - Running command: ['bash', '-c', 'echo hola mundo, esta es nuestra primera tarea!']
[2023-12-10 19:46:50,030] {subprocess.py:85} INFO - Output:
[2023-12-10 19:46:50,039] {subprocess.py:92} INFO - hola mundo, esta es nuestra primera tarea!
[2023-12-10 19:46:50,040] {subprocess.py:96} INFO - Command exited with return code 0
[2023-12-10 19:46:50,696] {taskinstance.py:1420} INFO - Marking task as SUCCESS. dag_id=mi_primer_dag_v3, task_id=primera_tarea, execution_date=20230920T000000, start_date=20231210T194645, end_date=20231210T194650
[2023-12-10 19:46:51,059] {local_task_job.py:156} INFO - Task exited with return code 0
[2023-12-10 19:46:52,230] {local_task_job.py:273} INFO - 2 downstream tasks scheduled from follow-on schedule check
