[2023-12-10 20:20:19,698] {taskinstance.py:1179} INFO - Dependencies all met for <TaskInstance: mi_primer_dar_con_PythonOperator.aloha_david scheduled__2022-10-11T00:00:00+00:00 [queued]>
[2023-12-10 20:20:19,812] {taskinstance.py:1179} INFO - Dependencies all met for <TaskInstance: mi_primer_dar_con_PythonOperator.aloha_david scheduled__2022-10-11T00:00:00+00:00 [queued]>
[2023-12-10 20:20:19,816] {taskinstance.py:1376} INFO - 
--------------------------------------------------------------------------------
[2023-12-10 20:20:19,835] {taskinstance.py:1377} INFO - Starting attempt 1 of 6
[2023-12-10 20:20:19,858] {taskinstance.py:1378} INFO - 
--------------------------------------------------------------------------------
[2023-12-10 20:20:20,095] {taskinstance.py:1397} INFO - Executing <Task(PythonOperator): aloha_david> on 2022-10-11 00:00:00+00:00
[2023-12-10 20:20:20,164] {standard_task_runner.py:52} INFO - Started process 846 to run task
[2023-12-10 20:20:20,198] {standard_task_runner.py:79} INFO - Running: ['***', 'tasks', 'run', 'mi_primer_dar_con_PythonOperator', 'aloha_david', 'scheduled__2022-10-11T00:00:00+00:00', '--job-id', '1844', '--raw', '--subdir', 'DAGS_FOLDER/mi_primer_dag_pythonoperator.py', '--cfg-path', '/tmp/tmppogsr76w', '--error-file', '/tmp/tmpga_hpliv']
[2023-12-10 20:20:20,268] {standard_task_runner.py:80} INFO - Job 1844: Subtask aloha_david
[2023-12-10 20:20:21,548] {task_command.py:371} INFO - Running <TaskInstance: mi_primer_dar_con_PythonOperator.aloha_david scheduled__2022-10-11T00:00:00+00:00 [running]> on host 42828894a739
[2023-12-10 20:20:22,596] {taskinstance.py:1591} INFO - Exporting the following env vars:
AIRFLOW_CTX_DAG_OWNER=DavidBU
AIRFLOW_CTX_DAG_ID=mi_primer_dar_con_PythonOperator
AIRFLOW_CTX_TASK_ID=aloha_david
AIRFLOW_CTX_EXECUTION_DATE=2022-10-11T00:00:00+00:00
AIRFLOW_CTX_TRY_NUMBER=1
AIRFLOW_CTX_DAG_RUN_ID=scheduled__2022-10-11T00:00:00+00:00
[2023-12-10 20:20:22,601] {logging_mixin.py:115} INFO - Aloha Mundo soy yo!
[2023-12-10 20:20:22,602] {python.py:173} INFO - Done. Returned value was: None
[2023-12-10 20:20:22,691] {taskinstance.py:1420} INFO - Marking task as SUCCESS. dag_id=mi_primer_dar_con_PythonOperator, task_id=aloha_david, execution_date=20221011T000000, start_date=20231210T202019, end_date=20231210T202022
[2023-12-10 20:20:22,860] {local_task_job.py:156} INFO - Task exited with return code 0
[2023-12-10 20:20:23,274] {local_task_job.py:273} INFO - 0 downstream tasks scheduled from follow-on schedule check
