[2023-12-10 19:41:08,787] {taskinstance.py:1179} INFO - Dependencies all met for <TaskInstance: mi_primer_dag_v3.segunda_tarea scheduled__2023-04-17T00:00:00+00:00 [queued]>
[2023-12-10 19:41:08,880] {taskinstance.py:1179} INFO - Dependencies all met for <TaskInstance: mi_primer_dag_v3.segunda_tarea scheduled__2023-04-17T00:00:00+00:00 [queued]>
[2023-12-10 19:41:08,881] {taskinstance.py:1376} INFO - 
--------------------------------------------------------------------------------
[2023-12-10 19:41:08,883] {taskinstance.py:1377} INFO - Starting attempt 1 of 6
[2023-12-10 19:41:08,898] {taskinstance.py:1378} INFO - 
--------------------------------------------------------------------------------
[2023-12-10 19:41:09,085] {taskinstance.py:1397} INFO - Executing <Task(BashOperator): segunda_tarea> on 2023-04-17 00:00:00+00:00
[2023-12-10 19:41:09,105] {standard_task_runner.py:52} INFO - Started process 2818 to run task
[2023-12-10 19:41:09,136] {standard_task_runner.py:79} INFO - Running: ['***', 'tasks', 'run', 'mi_primer_dag_v3', 'segunda_tarea', 'scheduled__2023-04-17T00:00:00+00:00', '--job-id', '784', '--raw', '--subdir', 'DAGS_FOLDER/primer_dag_v3.py', '--cfg-path', '/tmp/tmpmvidvonx', '--error-file', '/tmp/tmpqzn0teef']
[2023-12-10 19:41:09,269] {standard_task_runner.py:80} INFO - Job 784: Subtask segunda_tarea
[2023-12-10 19:41:10,404] {task_command.py:371} INFO - Running <TaskInstance: mi_primer_dag_v3.segunda_tarea scheduled__2023-04-17T00:00:00+00:00 [running]> on host 42828894a739
[2023-12-10 19:41:12,644] {taskinstance.py:1591} INFO - Exporting the following env vars:
AIRFLOW_CTX_DAG_OWNER=DavidBU
AIRFLOW_CTX_DAG_ID=mi_primer_dag_v3
AIRFLOW_CTX_TASK_ID=segunda_tarea
AIRFLOW_CTX_EXECUTION_DATE=2023-04-17T00:00:00+00:00
AIRFLOW_CTX_TRY_NUMBER=1
AIRFLOW_CTX_DAG_RUN_ID=scheduled__2023-04-17T00:00:00+00:00
[2023-12-10 19:41:12,703] {subprocess.py:62} INFO - Tmp dir root location: 
 /tmp
[2023-12-10 19:41:12,757] {subprocess.py:74} INFO - Running command: ['bash', '-c', 'echo hola, soy la tarea 2 y sere corrida luego de la Tarea 1']
[2023-12-10 19:41:12,990] {subprocess.py:85} INFO - Output:
[2023-12-10 19:41:13,133] {subprocess.py:92} INFO - hola, soy la tarea 2 y sere corrida luego de la Tarea 1
[2023-12-10 19:41:13,153] {subprocess.py:96} INFO - Command exited with return code 0
[2023-12-10 19:41:13,797] {taskinstance.py:1420} INFO - Marking task as SUCCESS. dag_id=mi_primer_dag_v3, task_id=segunda_tarea, execution_date=20230417T000000, start_date=20231210T194108, end_date=20231210T194113
[2023-12-10 19:41:14,047] {local_task_job.py:156} INFO - Task exited with return code 0
[2023-12-10 19:41:14,668] {local_task_job.py:273} INFO - 0 downstream tasks scheduled from follow-on schedule check
