[2023-12-10 19:44:27,334] {taskinstance.py:1179} INFO - Dependencies all met for <TaskInstance: mi_primer_dag_v3.primera_tarea scheduled__2023-07-14T00:00:00+00:00 [queued]>
[2023-12-10 19:44:27,429] {taskinstance.py:1179} INFO - Dependencies all met for <TaskInstance: mi_primer_dag_v3.primera_tarea scheduled__2023-07-14T00:00:00+00:00 [queued]>
[2023-12-10 19:44:27,439] {taskinstance.py:1376} INFO - 
--------------------------------------------------------------------------------
[2023-12-10 19:44:27,441] {taskinstance.py:1377} INFO - Starting attempt 1 of 6
[2023-12-10 19:44:27,441] {taskinstance.py:1378} INFO - 
--------------------------------------------------------------------------------
[2023-12-10 19:44:27,563] {taskinstance.py:1397} INFO - Executing <Task(BashOperator): primera_tarea> on 2023-07-14 00:00:00+00:00
[2023-12-10 19:44:27,571] {standard_task_runner.py:52} INFO - Started process 3677 to run task
[2023-12-10 19:44:27,587] {standard_task_runner.py:79} INFO - Running: ['***', 'tasks', 'run', 'mi_primer_dag_v3', 'primera_tarea', 'scheduled__2023-07-14T00:00:00+00:00', '--job-id', '1039', '--raw', '--subdir', 'DAGS_FOLDER/primer_dag_v3.py', '--cfg-path', '/tmp/tmptxt4n9gv', '--error-file', '/tmp/tmpnzek0ow9']
[2023-12-10 19:44:27,604] {standard_task_runner.py:80} INFO - Job 1039: Subtask primera_tarea
[2023-12-10 19:44:28,144] {task_command.py:371} INFO - Running <TaskInstance: mi_primer_dag_v3.primera_tarea scheduled__2023-07-14T00:00:00+00:00 [running]> on host 42828894a739
[2023-12-10 19:44:28,873] {taskinstance.py:1591} INFO - Exporting the following env vars:
AIRFLOW_CTX_DAG_OWNER=DavidBU
AIRFLOW_CTX_DAG_ID=mi_primer_dag_v3
AIRFLOW_CTX_TASK_ID=primera_tarea
AIRFLOW_CTX_EXECUTION_DATE=2023-07-14T00:00:00+00:00
AIRFLOW_CTX_TRY_NUMBER=1
AIRFLOW_CTX_DAG_RUN_ID=scheduled__2023-07-14T00:00:00+00:00
[2023-12-10 19:44:28,888] {subprocess.py:62} INFO - Tmp dir root location: 
 /tmp
[2023-12-10 19:44:28,899] {subprocess.py:74} INFO - Running command: ['bash', '-c', 'echo hola mundo, esta es nuestra primera tarea!']
[2023-12-10 19:44:29,001] {subprocess.py:85} INFO - Output:
[2023-12-10 19:44:29,034] {subprocess.py:92} INFO - hola mundo, esta es nuestra primera tarea!
[2023-12-10 19:44:29,053] {subprocess.py:96} INFO - Command exited with return code 0
[2023-12-10 19:44:29,869] {taskinstance.py:1420} INFO - Marking task as SUCCESS. dag_id=mi_primer_dag_v3, task_id=primera_tarea, execution_date=20230714T000000, start_date=20231210T194427, end_date=20231210T194429
[2023-12-10 19:44:29,958] {local_task_job.py:156} INFO - Task exited with return code 0
[2023-12-10 19:44:30,287] {local_task_job.py:273} INFO - 2 downstream tasks scheduled from follow-on schedule check
