[2023-12-10 20:24:55,300] {taskinstance.py:1179} INFO - Dependencies all met for <TaskInstance: mi_primer_dar_con_PythonOperator.aloha_david scheduled__2023-04-01T00:00:00+00:00 [queued]>
[2023-12-10 20:24:55,542] {taskinstance.py:1179} INFO - Dependencies all met for <TaskInstance: mi_primer_dar_con_PythonOperator.aloha_david scheduled__2023-04-01T00:00:00+00:00 [queued]>
[2023-12-10 20:24:55,557] {taskinstance.py:1376} INFO - 
--------------------------------------------------------------------------------
[2023-12-10 20:24:55,575] {taskinstance.py:1377} INFO - Starting attempt 1 of 6
[2023-12-10 20:24:55,600] {taskinstance.py:1378} INFO - 
--------------------------------------------------------------------------------
[2023-12-10 20:24:56,179] {taskinstance.py:1397} INFO - Executing <Task(PythonOperator): aloha_david> on 2023-04-01 00:00:00+00:00
[2023-12-10 20:24:56,242] {standard_task_runner.py:52} INFO - Started process 2072 to run task
[2023-12-10 20:24:56,259] {standard_task_runner.py:79} INFO - Running: ['***', 'tasks', 'run', 'mi_primer_dar_con_PythonOperator', 'aloha_david', 'scheduled__2023-04-01T00:00:00+00:00', '--job-id', '2193', '--raw', '--subdir', 'DAGS_FOLDER/mi_primer_dag_pythonoperator.py', '--cfg-path', '/tmp/tmp43r6ic99', '--error-file', '/tmp/tmpd9u9sn5q']
[2023-12-10 20:24:56,283] {standard_task_runner.py:80} INFO - Job 2193: Subtask aloha_david
[2023-12-10 20:24:56,999] {task_command.py:371} INFO - Running <TaskInstance: mi_primer_dar_con_PythonOperator.aloha_david scheduled__2023-04-01T00:00:00+00:00 [running]> on host 42828894a739
[2023-12-10 20:24:58,054] {taskinstance.py:1591} INFO - Exporting the following env vars:
AIRFLOW_CTX_DAG_OWNER=DavidBU
AIRFLOW_CTX_DAG_ID=mi_primer_dar_con_PythonOperator
AIRFLOW_CTX_TASK_ID=aloha_david
AIRFLOW_CTX_EXECUTION_DATE=2023-04-01T00:00:00+00:00
AIRFLOW_CTX_TRY_NUMBER=1
AIRFLOW_CTX_DAG_RUN_ID=scheduled__2023-04-01T00:00:00+00:00
[2023-12-10 20:24:58,064] {logging_mixin.py:115} INFO - Aloha Mundo soy yo!
[2023-12-10 20:24:58,073] {python.py:173} INFO - Done. Returned value was: None
[2023-12-10 20:24:58,173] {taskinstance.py:1420} INFO - Marking task as SUCCESS. dag_id=mi_primer_dar_con_PythonOperator, task_id=aloha_david, execution_date=20230401T000000, start_date=20231210T202455, end_date=20231210T202458
[2023-12-10 20:24:58,505] {local_task_job.py:156} INFO - Task exited with return code 0
[2023-12-10 20:24:59,121] {local_task_job.py:273} INFO - 0 downstream tasks scheduled from follow-on schedule check
