[2023-12-10 20:12:56,093] {taskinstance.py:1179} INFO - Dependencies all met for <TaskInstance: mi_primer_dag.primer_task scheduled__2022-09-15T00:00:00+00:00 [queued]>
[2023-12-10 20:12:56,283] {taskinstance.py:1179} INFO - Dependencies all met for <TaskInstance: mi_primer_dag.primer_task scheduled__2022-09-15T00:00:00+00:00 [queued]>
[2023-12-10 20:12:56,389] {taskinstance.py:1376} INFO - 
--------------------------------------------------------------------------------
[2023-12-10 20:12:56,457] {taskinstance.py:1377} INFO - Starting attempt 1 of 6
[2023-12-10 20:12:56,486] {taskinstance.py:1378} INFO - 
--------------------------------------------------------------------------------
[2023-12-10 20:12:56,655] {taskinstance.py:1397} INFO - Executing <Task(BashOperator): primer_task> on 2022-09-15 00:00:00+00:00
[2023-12-10 20:12:56,728] {standard_task_runner.py:52} INFO - Started process 440 to run task
[2023-12-10 20:12:56,796] {standard_task_runner.py:79} INFO - Running: ['***', 'tasks', 'run', 'mi_primer_dag', 'primer_task', 'scheduled__2022-09-15T00:00:00+00:00', '--job-id', '1533', '--raw', '--subdir', 'DAGS_FOLDER/mi_primer_dag.py', '--cfg-path', '/tmp/tmp90juh_0s', '--error-file', '/tmp/tmpc791_3wl']
[2023-12-10 20:12:56,972] {standard_task_runner.py:80} INFO - Job 1533: Subtask primer_task
[2023-12-10 20:12:58,138] {task_command.py:371} INFO - Running <TaskInstance: mi_primer_dag.primer_task scheduled__2022-09-15T00:00:00+00:00 [running]> on host 42828894a739
[2023-12-10 20:12:59,059] {taskinstance.py:1591} INFO - Exporting the following env vars:
AIRFLOW_CTX_DAG_OWNER=DavidBU
AIRFLOW_CTX_DAG_ID=mi_primer_dag
AIRFLOW_CTX_TASK_ID=primer_task
AIRFLOW_CTX_EXECUTION_DATE=2022-09-15T00:00:00+00:00
AIRFLOW_CTX_TRY_NUMBER=1
AIRFLOW_CTX_DAG_RUN_ID=scheduled__2022-09-15T00:00:00+00:00
[2023-12-10 20:12:59,114] {subprocess.py:62} INFO - Tmp dir root location: 
 /tmp
[2023-12-10 20:12:59,186] {subprocess.py:74} INFO - Running command: ['bash', '-c', 'echo hola mundo, esta es nuestra primera tarea usando bash operator!']
[2023-12-10 20:12:59,328] {subprocess.py:85} INFO - Output:
[2023-12-10 20:12:59,353] {subprocess.py:92} INFO - hola mundo, esta es nuestra primera tarea usando bash operator!
[2023-12-10 20:12:59,368] {subprocess.py:96} INFO - Command exited with return code 0
[2023-12-10 20:12:59,703] {taskinstance.py:1420} INFO - Marking task as SUCCESS. dag_id=mi_primer_dag, task_id=primer_task, execution_date=20220915T000000, start_date=20231210T201256, end_date=20231210T201259
[2023-12-10 20:12:59,951] {local_task_job.py:156} INFO - Task exited with return code 0
[2023-12-10 20:13:00,277] {local_task_job.py:273} INFO - 0 downstream tasks scheduled from follow-on schedule check
