[2023-12-11 08:24:19,668] {taskinstance.py:1179} INFO - Dependencies all met for <TaskInstance: mi_primer_dag_v4.segunda_tarea scheduled__2023-12-10T00:00:00+00:00 [queued]>
[2023-12-11 08:24:19,989] {taskinstance.py:1179} INFO - Dependencies all met for <TaskInstance: mi_primer_dag_v4.segunda_tarea scheduled__2023-12-10T00:00:00+00:00 [queued]>
[2023-12-11 08:24:19,993] {taskinstance.py:1376} INFO - 
--------------------------------------------------------------------------------
[2023-12-11 08:24:19,999] {taskinstance.py:1377} INFO - Starting attempt 1 of 6
[2023-12-11 08:24:20,002] {taskinstance.py:1378} INFO - 
--------------------------------------------------------------------------------
[2023-12-11 08:24:20,124] {taskinstance.py:1397} INFO - Executing <Task(BashOperator): segunda_tarea> on 2023-12-10 00:00:00+00:00
[2023-12-11 08:24:20,210] {standard_task_runner.py:52} INFO - Started process 3250 to run task
[2023-12-11 08:24:20,619] {standard_task_runner.py:79} INFO - Running: ['***', 'tasks', 'run', 'mi_primer_dag_v4', 'segunda_tarea', 'scheduled__2023-12-10T00:00:00+00:00', '--job-id', '110', '--raw', '--subdir', 'DAGS_FOLDER/primer_dag.py', '--cfg-path', '/tmp/tmphh1ndxdb', '--error-file', '/tmp/tmp2fun8_yx']
[2023-12-11 08:24:20,702] {standard_task_runner.py:80} INFO - Job 110: Subtask segunda_tarea
[2023-12-11 08:24:22,413] {task_command.py:371} INFO - Running <TaskInstance: mi_primer_dag_v4.segunda_tarea scheduled__2023-12-10T00:00:00+00:00 [running]> on host 03477fa6e3b6
[2023-12-11 08:24:22,864] {taskinstance.py:1591} INFO - Exporting the following env vars:
AIRFLOW_CTX_DAG_OWNER=DavidBU
AIRFLOW_CTX_DAG_ID=mi_primer_dag_v4
AIRFLOW_CTX_TASK_ID=segunda_tarea
AIRFLOW_CTX_EXECUTION_DATE=2023-12-10T00:00:00+00:00
AIRFLOW_CTX_TRY_NUMBER=1
AIRFLOW_CTX_DAG_RUN_ID=scheduled__2023-12-10T00:00:00+00:00
[2023-12-11 08:24:22,871] {subprocess.py:62} INFO - Tmp dir root location: 
 /tmp
[2023-12-11 08:24:22,879] {subprocess.py:74} INFO - Running command: ['bash', '-c', 'echo David']
[2023-12-11 08:24:22,920] {subprocess.py:85} INFO - Output:
[2023-12-11 08:24:22,925] {subprocess.py:92} INFO - David
[2023-12-11 08:24:22,926] {subprocess.py:96} INFO - Command exited with return code 0
[2023-12-11 08:24:23,164] {taskinstance.py:1420} INFO - Marking task as SUCCESS. dag_id=mi_primer_dag_v4, task_id=segunda_tarea, execution_date=20231210T000000, start_date=20231211T082419, end_date=20231211T082423
[2023-12-11 08:24:23,252] {local_task_job.py:156} INFO - Task exited with return code 0
[2023-12-11 08:24:23,610] {local_task_job.py:273} INFO - 1 downstream tasks scheduled from follow-on schedule check
