[2023-12-10 19:37:50,337] {taskinstance.py:1179} INFO - Dependencies all met for <TaskInstance: mi_primer_dag_v3.segunda_tarea scheduled__2023-02-04T00:00:00+00:00 [queued]>
[2023-12-10 19:37:50,409] {taskinstance.py:1179} INFO - Dependencies all met for <TaskInstance: mi_primer_dag_v3.segunda_tarea scheduled__2023-02-04T00:00:00+00:00 [queued]>
[2023-12-10 19:37:50,413] {taskinstance.py:1376} INFO - 
--------------------------------------------------------------------------------
[2023-12-10 19:37:50,665] {taskinstance.py:1377} INFO - Starting attempt 1 of 6
[2023-12-10 19:37:50,666] {taskinstance.py:1378} INFO - 
--------------------------------------------------------------------------------
[2023-12-10 19:37:51,241] {taskinstance.py:1397} INFO - Executing <Task(BashOperator): segunda_tarea> on 2023-02-04 00:00:00+00:00
[2023-12-10 19:37:51,264] {standard_task_runner.py:52} INFO - Started process 2083 to run task
[2023-12-10 19:37:51,354] {standard_task_runner.py:79} INFO - Running: ['***', 'tasks', 'run', 'mi_primer_dag_v3', 'segunda_tarea', 'scheduled__2023-02-04T00:00:00+00:00', '--job-id', '563', '--raw', '--subdir', 'DAGS_FOLDER/primer_dag_v3.py', '--cfg-path', '/tmp/tmpmr0y5w_9', '--error-file', '/tmp/tmp43tad8nl']
[2023-12-10 19:37:51,429] {standard_task_runner.py:80} INFO - Job 563: Subtask segunda_tarea
[2023-12-10 19:37:51,936] {task_command.py:371} INFO - Running <TaskInstance: mi_primer_dag_v3.segunda_tarea scheduled__2023-02-04T00:00:00+00:00 [running]> on host 42828894a739
[2023-12-10 19:37:52,489] {taskinstance.py:1591} INFO - Exporting the following env vars:
AIRFLOW_CTX_DAG_OWNER=DavidBU
AIRFLOW_CTX_DAG_ID=mi_primer_dag_v3
AIRFLOW_CTX_TASK_ID=segunda_tarea
AIRFLOW_CTX_EXECUTION_DATE=2023-02-04T00:00:00+00:00
AIRFLOW_CTX_TRY_NUMBER=1
AIRFLOW_CTX_DAG_RUN_ID=scheduled__2023-02-04T00:00:00+00:00
[2023-12-10 19:37:52,494] {subprocess.py:62} INFO - Tmp dir root location: 
 /tmp
[2023-12-10 19:37:52,521] {subprocess.py:74} INFO - Running command: ['bash', '-c', 'echo hola, soy la tarea 2 y sere corrida luego de la Tarea 1']
[2023-12-10 19:37:52,554] {subprocess.py:85} INFO - Output:
[2023-12-10 19:37:52,558] {subprocess.py:92} INFO - hola, soy la tarea 2 y sere corrida luego de la Tarea 1
[2023-12-10 19:37:52,562] {subprocess.py:96} INFO - Command exited with return code 0
[2023-12-10 19:37:52,690] {taskinstance.py:1420} INFO - Marking task as SUCCESS. dag_id=mi_primer_dag_v3, task_id=segunda_tarea, execution_date=20230204T000000, start_date=20231210T193750, end_date=20231210T193752
[2023-12-10 19:37:52,761] {local_task_job.py:156} INFO - Task exited with return code 0
[2023-12-10 19:37:52,867] {local_task_job.py:273} INFO - 0 downstream tasks scheduled from follow-on schedule check
