[2023-12-10 20:17:26,434] {taskinstance.py:1179} INFO - Dependencies all met for <TaskInstance: mi_primer_dag.primer_task scheduled__2023-02-19T00:00:00+00:00 [queued]>
[2023-12-10 20:17:26,995] {taskinstance.py:1179} INFO - Dependencies all met for <TaskInstance: mi_primer_dag.primer_task scheduled__2023-02-19T00:00:00+00:00 [queued]>
[2023-12-10 20:17:27,026] {taskinstance.py:1376} INFO - 
--------------------------------------------------------------------------------
[2023-12-10 20:17:27,043] {taskinstance.py:1377} INFO - Starting attempt 1 of 6
[2023-12-10 20:17:27,093] {taskinstance.py:1378} INFO - 
--------------------------------------------------------------------------------
[2023-12-10 20:17:27,473] {taskinstance.py:1397} INFO - Executing <Task(BashOperator): primer_task> on 2023-02-19 00:00:00+00:00
[2023-12-10 20:17:27,688] {standard_task_runner.py:52} INFO - Started process 252 to run task
[2023-12-10 20:17:27,933] {standard_task_runner.py:79} INFO - Running: ['***', 'tasks', 'run', 'mi_primer_dag', 'primer_task', 'scheduled__2023-02-19T00:00:00+00:00', '--job-id', '1693', '--raw', '--subdir', 'DAGS_FOLDER/mi_primer_dag.py', '--cfg-path', '/tmp/tmp3jn9vd4_', '--error-file', '/tmp/tmpy5xkltym']
[2023-12-10 20:17:27,962] {standard_task_runner.py:80} INFO - Job 1693: Subtask primer_task
[2023-12-10 20:17:32,071] {task_command.py:371} INFO - Running <TaskInstance: mi_primer_dag.primer_task scheduled__2023-02-19T00:00:00+00:00 [running]> on host 42828894a739
[2023-12-10 20:17:35,394] {taskinstance.py:1591} INFO - Exporting the following env vars:
AIRFLOW_CTX_DAG_OWNER=DavidBU
AIRFLOW_CTX_DAG_ID=mi_primer_dag
AIRFLOW_CTX_TASK_ID=primer_task
AIRFLOW_CTX_EXECUTION_DATE=2023-02-19T00:00:00+00:00
AIRFLOW_CTX_TRY_NUMBER=1
AIRFLOW_CTX_DAG_RUN_ID=scheduled__2023-02-19T00:00:00+00:00
[2023-12-10 20:17:35,411] {subprocess.py:62} INFO - Tmp dir root location: 
 /tmp
[2023-12-10 20:17:35,413] {subprocess.py:74} INFO - Running command: ['bash', '-c', 'echo hola mundo, esta es nuestra primera tarea usando bash operator!']
[2023-12-10 20:17:35,844] {subprocess.py:85} INFO - Output:
[2023-12-10 20:17:35,907] {subprocess.py:92} INFO - hola mundo, esta es nuestra primera tarea usando bash operator!
[2023-12-10 20:17:35,943] {subprocess.py:96} INFO - Command exited with return code 0
[2023-12-10 20:17:37,444] {taskinstance.py:1420} INFO - Marking task as SUCCESS. dag_id=mi_primer_dag, task_id=primer_task, execution_date=20230219T000000, start_date=20231210T201726, end_date=20231210T201737
[2023-12-10 20:17:37,734] {local_task_job.py:156} INFO - Task exited with return code 0
[2023-12-10 20:17:38,766] {local_task_job.py:273} INFO - 0 downstream tasks scheduled from follow-on schedule check
