[2023-12-21 11:20:38,456] {taskinstance.py:1179} INFO - Dependencies all met for <TaskInstance: mi_primer_dag_v4.tercera_tarea manual__2023-12-21T11:20:13.855345+00:00 [queued]>
[2023-12-21 11:20:38,480] {taskinstance.py:1179} INFO - Dependencies all met for <TaskInstance: mi_primer_dag_v4.tercera_tarea manual__2023-12-21T11:20:13.855345+00:00 [queued]>
[2023-12-21 11:20:38,481] {taskinstance.py:1376} INFO - 
--------------------------------------------------------------------------------
[2023-12-21 11:20:38,484] {taskinstance.py:1377} INFO - Starting attempt 1 of 6
[2023-12-21 11:20:38,485] {taskinstance.py:1378} INFO - 
--------------------------------------------------------------------------------
[2023-12-21 11:20:38,517] {taskinstance.py:1397} INFO - Executing <Task(BashOperator): tercera_tarea> on 2023-12-21 11:20:13.855345+00:00
[2023-12-21 11:20:38,523] {standard_task_runner.py:52} INFO - Started process 2338 to run task
[2023-12-21 11:20:38,528] {standard_task_runner.py:79} INFO - Running: ['***', 'tasks', 'run', 'mi_primer_dag_v4', 'tercera_tarea', 'manual__2023-12-21T11:20:13.855345+00:00', '--job-id', '197', '--raw', '--subdir', 'DAGS_FOLDER/primer_dag.py', '--cfg-path', '/tmp/tmpihg_plh7', '--error-file', '/tmp/tmpql5by157']
[2023-12-21 11:20:38,530] {standard_task_runner.py:80} INFO - Job 197: Subtask tercera_tarea
[2023-12-21 11:20:38,664] {task_command.py:371} INFO - Running <TaskInstance: mi_primer_dag_v4.tercera_tarea manual__2023-12-21T11:20:13.855345+00:00 [running]> on host b0993ec57291
[2023-12-21 11:20:38,844] {taskinstance.py:1591} INFO - Exporting the following env vars:
AIRFLOW_CTX_DAG_OWNER=DavidBU
AIRFLOW_CTX_DAG_ID=mi_primer_dag_v4
AIRFLOW_CTX_TASK_ID=tercera_tarea
AIRFLOW_CTX_EXECUTION_DATE=2023-12-21T11:20:13.855345+00:00
AIRFLOW_CTX_TRY_NUMBER=1
AIRFLOW_CTX_DAG_RUN_ID=manual__2023-12-21T11:20:13.855345+00:00
[2023-12-21 11:20:38,846] {subprocess.py:62} INFO - Tmp dir root location: 
 /tmp
[2023-12-21 11:20:38,851] {subprocess.py:74} INFO - Running command: ['bash', '-c', 'echo Bustos Usta']
[2023-12-21 11:20:38,864] {subprocess.py:85} INFO - Output:
[2023-12-21 11:20:38,867] {subprocess.py:92} INFO - Bustos Usta
[2023-12-21 11:20:38,869] {subprocess.py:96} INFO - Command exited with return code 0
[2023-12-21 11:20:39,259] {taskinstance.py:1420} INFO - Marking task as SUCCESS. dag_id=mi_primer_dag_v4, task_id=tercera_tarea, execution_date=20231221T112013, start_date=20231221T112038, end_date=20231221T112039
[2023-12-21 11:20:39,302] {local_task_job.py:156} INFO - Task exited with return code 0
[2023-12-21 11:20:39,469] {local_task_job.py:273} INFO - 0 downstream tasks scheduled from follow-on schedule check
