[2023-12-10 20:19:27,766] {taskinstance.py:1179} INFO - Dependencies all met for <TaskInstance: mi_primer_dag.primer_task scheduled__2023-04-08T00:00:00+00:00 [queued]>
[2023-12-10 20:19:27,922] {taskinstance.py:1179} INFO - Dependencies all met for <TaskInstance: mi_primer_dag.primer_task scheduled__2023-04-08T00:00:00+00:00 [queued]>
[2023-12-10 20:19:27,937] {taskinstance.py:1376} INFO - 
--------------------------------------------------------------------------------
[2023-12-10 20:19:27,939] {taskinstance.py:1377} INFO - Starting attempt 1 of 6
[2023-12-10 20:19:27,944] {taskinstance.py:1378} INFO - 
--------------------------------------------------------------------------------
[2023-12-10 20:19:28,259] {taskinstance.py:1397} INFO - Executing <Task(BashOperator): primer_task> on 2023-04-08 00:00:00+00:00
[2023-12-10 20:19:28,290] {standard_task_runner.py:52} INFO - Started process 613 to run task
[2023-12-10 20:19:28,330] {standard_task_runner.py:79} INFO - Running: ['***', 'tasks', 'run', 'mi_primer_dag', 'primer_task', 'scheduled__2023-04-08T00:00:00+00:00', '--job-id', '1780', '--raw', '--subdir', 'DAGS_FOLDER/mi_primer_dag.py', '--cfg-path', '/tmp/tmpsjdagf6v', '--error-file', '/tmp/tmp2rk2isiu']
[2023-12-10 20:19:28,343] {standard_task_runner.py:80} INFO - Job 1780: Subtask primer_task
[2023-12-10 20:19:29,017] {task_command.py:371} INFO - Running <TaskInstance: mi_primer_dag.primer_task scheduled__2023-04-08T00:00:00+00:00 [running]> on host 42828894a739
[2023-12-10 20:19:29,922] {taskinstance.py:1591} INFO - Exporting the following env vars:
AIRFLOW_CTX_DAG_OWNER=DavidBU
AIRFLOW_CTX_DAG_ID=mi_primer_dag
AIRFLOW_CTX_TASK_ID=primer_task
AIRFLOW_CTX_EXECUTION_DATE=2023-04-08T00:00:00+00:00
AIRFLOW_CTX_TRY_NUMBER=1
AIRFLOW_CTX_DAG_RUN_ID=scheduled__2023-04-08T00:00:00+00:00
[2023-12-10 20:19:29,942] {subprocess.py:62} INFO - Tmp dir root location: 
 /tmp
[2023-12-10 20:19:29,957] {subprocess.py:74} INFO - Running command: ['bash', '-c', 'echo hola mundo, esta es nuestra primera tarea usando bash operator!']
[2023-12-10 20:19:30,090] {subprocess.py:85} INFO - Output:
[2023-12-10 20:19:30,102] {subprocess.py:92} INFO - hola mundo, esta es nuestra primera tarea usando bash operator!
[2023-12-10 20:19:30,109] {subprocess.py:96} INFO - Command exited with return code 0
[2023-12-10 20:19:30,908] {taskinstance.py:1420} INFO - Marking task as SUCCESS. dag_id=mi_primer_dag, task_id=primer_task, execution_date=20230408T000000, start_date=20231210T201927, end_date=20231210T201930
[2023-12-10 20:19:31,044] {local_task_job.py:156} INFO - Task exited with return code 0
[2023-12-10 20:19:31,233] {local_task_job.py:273} INFO - 0 downstream tasks scheduled from follow-on schedule check
