[2023-12-10 20:19:57,114] {taskinstance.py:1179} INFO - Dependencies all met for <TaskInstance: mi_primer_dar_con_PythonOperator.aloha_david scheduled__2022-09-28T00:00:00+00:00 [queued]>
[2023-12-10 20:19:57,230] {taskinstance.py:1179} INFO - Dependencies all met for <TaskInstance: mi_primer_dar_con_PythonOperator.aloha_david scheduled__2022-09-28T00:00:00+00:00 [queued]>
[2023-12-10 20:19:57,233] {taskinstance.py:1376} INFO - 
--------------------------------------------------------------------------------
[2023-12-10 20:19:57,277] {taskinstance.py:1377} INFO - Starting attempt 1 of 6
[2023-12-10 20:19:57,309] {taskinstance.py:1378} INFO - 
--------------------------------------------------------------------------------
[2023-12-10 20:19:57,509] {taskinstance.py:1397} INFO - Executing <Task(PythonOperator): aloha_david> on 2022-09-28 00:00:00+00:00
[2023-12-10 20:19:57,522] {standard_task_runner.py:52} INFO - Started process 754 to run task
[2023-12-10 20:19:57,570] {standard_task_runner.py:79} INFO - Running: ['***', 'tasks', 'run', 'mi_primer_dar_con_PythonOperator', 'aloha_david', 'scheduled__2022-09-28T00:00:00+00:00', '--job-id', '1819', '--raw', '--subdir', 'DAGS_FOLDER/mi_primer_dag_pythonoperator.py', '--cfg-path', '/tmp/tmpgbdscd9n', '--error-file', '/tmp/tmpqdgrx6vn']
[2023-12-10 20:19:57,576] {standard_task_runner.py:80} INFO - Job 1819: Subtask aloha_david
[2023-12-10 20:19:58,037] {task_command.py:371} INFO - Running <TaskInstance: mi_primer_dar_con_PythonOperator.aloha_david scheduled__2022-09-28T00:00:00+00:00 [running]> on host 42828894a739
[2023-12-10 20:19:59,151] {taskinstance.py:1591} INFO - Exporting the following env vars:
AIRFLOW_CTX_DAG_OWNER=DavidBU
AIRFLOW_CTX_DAG_ID=mi_primer_dar_con_PythonOperator
AIRFLOW_CTX_TASK_ID=aloha_david
AIRFLOW_CTX_EXECUTION_DATE=2022-09-28T00:00:00+00:00
AIRFLOW_CTX_TRY_NUMBER=1
AIRFLOW_CTX_DAG_RUN_ID=scheduled__2022-09-28T00:00:00+00:00
[2023-12-10 20:19:59,169] {logging_mixin.py:115} INFO - Aloha Mundo soy yo!
[2023-12-10 20:19:59,170] {python.py:173} INFO - Done. Returned value was: None
[2023-12-10 20:19:59,313] {taskinstance.py:1420} INFO - Marking task as SUCCESS. dag_id=mi_primer_dar_con_PythonOperator, task_id=aloha_david, execution_date=20220928T000000, start_date=20231210T201957, end_date=20231210T201959
[2023-12-10 20:19:59,499] {local_task_job.py:156} INFO - Task exited with return code 0
[2023-12-10 20:19:59,706] {local_task_job.py:273} INFO - 0 downstream tasks scheduled from follow-on schedule check
