[2023-12-10 20:13:48,746] {taskinstance.py:1179} INFO - Dependencies all met for <TaskInstance: mi_primer_dag.primer_task scheduled__2022-10-26T00:00:00+00:00 [queued]>
[2023-12-10 20:13:48,800] {taskinstance.py:1179} INFO - Dependencies all met for <TaskInstance: mi_primer_dag.primer_task scheduled__2022-10-26T00:00:00+00:00 [queued]>
[2023-12-10 20:13:48,800] {taskinstance.py:1376} INFO - 
--------------------------------------------------------------------------------
[2023-12-10 20:13:48,801] {taskinstance.py:1377} INFO - Starting attempt 1 of 6
[2023-12-10 20:13:48,803] {taskinstance.py:1378} INFO - 
--------------------------------------------------------------------------------
[2023-12-10 20:13:49,026] {taskinstance.py:1397} INFO - Executing <Task(BashOperator): primer_task> on 2022-10-26 00:00:00+00:00
[2023-12-10 20:13:49,036] {standard_task_runner.py:52} INFO - Started process 615 to run task
[2023-12-10 20:13:49,079] {standard_task_runner.py:79} INFO - Running: ['***', 'tasks', 'run', 'mi_primer_dag', 'primer_task', 'scheduled__2022-10-26T00:00:00+00:00', '--job-id', '1574', '--raw', '--subdir', 'DAGS_FOLDER/mi_primer_dag.py', '--cfg-path', '/tmp/tmpd5rcxl4q', '--error-file', '/tmp/tmpntqi5t5q']
[2023-12-10 20:13:49,084] {standard_task_runner.py:80} INFO - Job 1574: Subtask primer_task
[2023-12-10 20:13:49,620] {task_command.py:371} INFO - Running <TaskInstance: mi_primer_dag.primer_task scheduled__2022-10-26T00:00:00+00:00 [running]> on host 42828894a739
[2023-12-10 20:13:49,896] {taskinstance.py:1591} INFO - Exporting the following env vars:
AIRFLOW_CTX_DAG_OWNER=DavidBU
AIRFLOW_CTX_DAG_ID=mi_primer_dag
AIRFLOW_CTX_TASK_ID=primer_task
AIRFLOW_CTX_EXECUTION_DATE=2022-10-26T00:00:00+00:00
AIRFLOW_CTX_TRY_NUMBER=1
AIRFLOW_CTX_DAG_RUN_ID=scheduled__2022-10-26T00:00:00+00:00
[2023-12-10 20:13:49,900] {subprocess.py:62} INFO - Tmp dir root location: 
 /tmp
[2023-12-10 20:13:49,901] {subprocess.py:74} INFO - Running command: ['bash', '-c', 'echo hola mundo, esta es nuestra primera tarea usando bash operator!']
[2023-12-10 20:13:49,924] {subprocess.py:85} INFO - Output:
[2023-12-10 20:13:49,929] {subprocess.py:92} INFO - hola mundo, esta es nuestra primera tarea usando bash operator!
[2023-12-10 20:13:49,934] {subprocess.py:96} INFO - Command exited with return code 0
[2023-12-10 20:13:50,201] {taskinstance.py:1420} INFO - Marking task as SUCCESS. dag_id=mi_primer_dag, task_id=primer_task, execution_date=20221026T000000, start_date=20231210T201348, end_date=20231210T201350
[2023-12-10 20:13:50,367] {local_task_job.py:156} INFO - Task exited with return code 0
[2023-12-10 20:13:50,577] {local_task_job.py:273} INFO - 0 downstream tasks scheduled from follow-on schedule check
