[2023-12-10 19:47:53,633] {taskinstance.py:1179} INFO - Dependencies all met for <TaskInstance: mi_primer_dag_v3.tercera_tarea scheduled__2023-10-17T00:00:00+00:00 [queued]>
[2023-12-10 19:47:53,787] {taskinstance.py:1179} INFO - Dependencies all met for <TaskInstance: mi_primer_dag_v3.tercera_tarea scheduled__2023-10-17T00:00:00+00:00 [queued]>
[2023-12-10 19:47:53,800] {taskinstance.py:1376} INFO - 
--------------------------------------------------------------------------------
[2023-12-10 19:47:53,807] {taskinstance.py:1377} INFO - Starting attempt 1 of 6
[2023-12-10 19:47:53,823] {taskinstance.py:1378} INFO - 
--------------------------------------------------------------------------------
[2023-12-10 19:47:54,416] {taskinstance.py:1397} INFO - Executing <Task(BashOperator): tercera_tarea> on 2023-10-17 00:00:00+00:00
[2023-12-10 19:47:54,439] {standard_task_runner.py:52} INFO - Started process 4637 to run task
[2023-12-10 19:47:54,517] {standard_task_runner.py:79} INFO - Running: ['***', 'tasks', 'run', 'mi_primer_dag_v3', 'tercera_tarea', 'scheduled__2023-10-17T00:00:00+00:00', '--job-id', '1331', '--raw', '--subdir', 'DAGS_FOLDER/primer_dag_v3.py', '--cfg-path', '/tmp/tmpm88ud8un', '--error-file', '/tmp/tmppz0jnlii']
[2023-12-10 19:47:54,534] {standard_task_runner.py:80} INFO - Job 1331: Subtask tercera_tarea
[2023-12-10 19:47:55,323] {task_command.py:371} INFO - Running <TaskInstance: mi_primer_dag_v3.tercera_tarea scheduled__2023-10-17T00:00:00+00:00 [running]> on host 42828894a739
[2023-12-10 19:47:56,212] {taskinstance.py:1591} INFO - Exporting the following env vars:
AIRFLOW_CTX_DAG_OWNER=DavidBU
AIRFLOW_CTX_DAG_ID=mi_primer_dag_v3
AIRFLOW_CTX_TASK_ID=tercera_tarea
AIRFLOW_CTX_EXECUTION_DATE=2023-10-17T00:00:00+00:00
AIRFLOW_CTX_TRY_NUMBER=1
AIRFLOW_CTX_DAG_RUN_ID=scheduled__2023-10-17T00:00:00+00:00
[2023-12-10 19:47:56,220] {subprocess.py:62} INFO - Tmp dir root location: 
 /tmp
[2023-12-10 19:47:56,237] {subprocess.py:74} INFO - Running command: ['bash', '-c', 'echo hola, soy la tarea 3 y sere corrida luego de Tarea 1 al mismo tiempo que Tarea 2']
[2023-12-10 19:47:56,276] {subprocess.py:85} INFO - Output:
[2023-12-10 19:47:56,281] {subprocess.py:92} INFO - hola, soy la tarea 3 y sere corrida luego de Tarea 1 al mismo tiempo que Tarea 2
[2023-12-10 19:47:56,282] {subprocess.py:96} INFO - Command exited with return code 0
[2023-12-10 19:47:56,521] {taskinstance.py:1420} INFO - Marking task as SUCCESS. dag_id=mi_primer_dag_v3, task_id=tercera_tarea, execution_date=20231017T000000, start_date=20231210T194753, end_date=20231210T194756
[2023-12-10 19:47:56,750] {local_task_job.py:156} INFO - Task exited with return code 0
[2023-12-10 19:47:57,121] {local_task_job.py:273} INFO - 0 downstream tasks scheduled from follow-on schedule check
