[2023-12-10 20:24:09,153] {taskinstance.py:1179} INFO - Dependencies all met for <TaskInstance: mi_primer_dar_con_PythonOperator.aloha_david scheduled__2023-03-06T00:00:00+00:00 [queued]>
[2023-12-10 20:24:09,271] {taskinstance.py:1179} INFO - Dependencies all met for <TaskInstance: mi_primer_dar_con_PythonOperator.aloha_david scheduled__2023-03-06T00:00:00+00:00 [queued]>
[2023-12-10 20:24:09,272] {taskinstance.py:1376} INFO - 
--------------------------------------------------------------------------------
[2023-12-10 20:24:09,328] {taskinstance.py:1377} INFO - Starting attempt 1 of 6
[2023-12-10 20:24:09,401] {taskinstance.py:1378} INFO - 
--------------------------------------------------------------------------------
[2023-12-10 20:24:09,691] {taskinstance.py:1397} INFO - Executing <Task(PythonOperator): aloha_david> on 2023-03-06 00:00:00+00:00
[2023-12-10 20:24:09,703] {standard_task_runner.py:52} INFO - Started process 1877 to run task
[2023-12-10 20:24:09,723] {standard_task_runner.py:79} INFO - Running: ['***', 'tasks', 'run', 'mi_primer_dar_con_PythonOperator', 'aloha_david', 'scheduled__2023-03-06T00:00:00+00:00', '--job-id', '2138', '--raw', '--subdir', 'DAGS_FOLDER/mi_primer_dag_pythonoperator.py', '--cfg-path', '/tmp/tmphn4yi585', '--error-file', '/tmp/tmp6qerbix8']
[2023-12-10 20:24:09,751] {standard_task_runner.py:80} INFO - Job 2138: Subtask aloha_david
[2023-12-10 20:24:10,314] {task_command.py:371} INFO - Running <TaskInstance: mi_primer_dar_con_PythonOperator.aloha_david scheduled__2023-03-06T00:00:00+00:00 [running]> on host 42828894a739
[2023-12-10 20:24:11,429] {taskinstance.py:1591} INFO - Exporting the following env vars:
AIRFLOW_CTX_DAG_OWNER=DavidBU
AIRFLOW_CTX_DAG_ID=mi_primer_dar_con_PythonOperator
AIRFLOW_CTX_TASK_ID=aloha_david
AIRFLOW_CTX_EXECUTION_DATE=2023-03-06T00:00:00+00:00
AIRFLOW_CTX_TRY_NUMBER=1
AIRFLOW_CTX_DAG_RUN_ID=scheduled__2023-03-06T00:00:00+00:00
[2023-12-10 20:24:11,441] {logging_mixin.py:115} INFO - Aloha Mundo soy yo!
[2023-12-10 20:24:11,448] {python.py:173} INFO - Done. Returned value was: None
[2023-12-10 20:24:11,641] {taskinstance.py:1420} INFO - Marking task as SUCCESS. dag_id=mi_primer_dar_con_PythonOperator, task_id=aloha_david, execution_date=20230306T000000, start_date=20231210T202409, end_date=20231210T202411
[2023-12-10 20:24:11,898] {local_task_job.py:156} INFO - Task exited with return code 0
[2023-12-10 20:24:12,061] {local_task_job.py:273} INFO - 0 downstream tasks scheduled from follow-on schedule check
