[2023-12-10 20:22:47,878] {taskinstance.py:1179} INFO - Dependencies all met for <TaskInstance: mi_primer_dag.primer_task scheduled__2023-08-12T00:00:00+00:00 [queued]>
[2023-12-10 20:22:48,006] {taskinstance.py:1179} INFO - Dependencies all met for <TaskInstance: mi_primer_dag.primer_task scheduled__2023-08-12T00:00:00+00:00 [queued]>
[2023-12-10 20:22:48,008] {taskinstance.py:1376} INFO - 
--------------------------------------------------------------------------------
[2023-12-10 20:22:48,016] {taskinstance.py:1377} INFO - Starting attempt 1 of 6
[2023-12-10 20:22:48,022] {taskinstance.py:1378} INFO - 
--------------------------------------------------------------------------------
[2023-12-10 20:22:48,208] {taskinstance.py:1397} INFO - Executing <Task(BashOperator): primer_task> on 2023-08-12 00:00:00+00:00
[2023-12-10 20:22:48,226] {standard_task_runner.py:52} INFO - Started process 1494 to run task
[2023-12-10 20:22:48,273] {standard_task_runner.py:79} INFO - Running: ['***', 'tasks', 'run', 'mi_primer_dag', 'primer_task', 'scheduled__2023-08-12T00:00:00+00:00', '--job-id', '2030', '--raw', '--subdir', 'DAGS_FOLDER/mi_primer_dag.py', '--cfg-path', '/tmp/tmps66_tlh_', '--error-file', '/tmp/tmpj9eayo3d']
[2023-12-10 20:22:48,312] {standard_task_runner.py:80} INFO - Job 2030: Subtask primer_task
[2023-12-10 20:22:49,282] {task_command.py:371} INFO - Running <TaskInstance: mi_primer_dag.primer_task scheduled__2023-08-12T00:00:00+00:00 [running]> on host 42828894a739
[2023-12-10 20:22:50,690] {taskinstance.py:1591} INFO - Exporting the following env vars:
AIRFLOW_CTX_DAG_OWNER=DavidBU
AIRFLOW_CTX_DAG_ID=mi_primer_dag
AIRFLOW_CTX_TASK_ID=primer_task
AIRFLOW_CTX_EXECUTION_DATE=2023-08-12T00:00:00+00:00
AIRFLOW_CTX_TRY_NUMBER=1
AIRFLOW_CTX_DAG_RUN_ID=scheduled__2023-08-12T00:00:00+00:00
[2023-12-10 20:22:50,714] {subprocess.py:62} INFO - Tmp dir root location: 
 /tmp
[2023-12-10 20:22:50,746] {subprocess.py:74} INFO - Running command: ['bash', '-c', 'echo hola mundo, esta es nuestra primera tarea usando bash operator!']
[2023-12-10 20:22:50,897] {subprocess.py:85} INFO - Output:
[2023-12-10 20:22:50,919] {subprocess.py:92} INFO - hola mundo, esta es nuestra primera tarea usando bash operator!
[2023-12-10 20:22:50,920] {subprocess.py:96} INFO - Command exited with return code 0
[2023-12-10 20:22:51,457] {taskinstance.py:1420} INFO - Marking task as SUCCESS. dag_id=mi_primer_dag, task_id=primer_task, execution_date=20230812T000000, start_date=20231210T202247, end_date=20231210T202251
[2023-12-10 20:22:51,603] {local_task_job.py:156} INFO - Task exited with return code 0
[2023-12-10 20:22:51,920] {local_task_job.py:273} INFO - 0 downstream tasks scheduled from follow-on schedule check
