[2023-12-21 01:54:19,001] {taskinstance.py:1179} INFO - Dependencies all met for <TaskInstance: Entregable3_Chumbita.cargar_data scheduled__2023-12-12T00:00:00+00:00 [queued]>
[2023-12-21 01:54:19,041] {taskinstance.py:1179} INFO - Dependencies all met for <TaskInstance: Entregable3_Chumbita.cargar_data scheduled__2023-12-12T00:00:00+00:00 [queued]>
[2023-12-21 01:54:19,042] {taskinstance.py:1376} INFO - 
--------------------------------------------------------------------------------
[2023-12-21 01:54:19,044] {taskinstance.py:1377} INFO - Starting attempt 1 of 6
[2023-12-21 01:54:19,044] {taskinstance.py:1378} INFO - 
--------------------------------------------------------------------------------
[2023-12-21 01:54:19,149] {taskinstance.py:1397} INFO - Executing <Task(PythonOperator): cargar_data> on 2023-12-12 00:00:00+00:00
[2023-12-21 01:54:19,191] {standard_task_runner.py:52} INFO - Started process 210 to run task
[2023-12-21 01:54:19,234] {standard_task_runner.py:79} INFO - Running: ['***', 'tasks', 'run', 'Entregable3_Chumbita', 'cargar_data', 'scheduled__2023-12-12T00:00:00+00:00', '--job-id', '46', '--raw', '--subdir', 'DAGS_FOLDER/ETL_Entregable3_Chumbita.py', '--cfg-path', '/tmp/tmp88q2x2f0', '--error-file', '/tmp/tmpr73yr3o4']
[2023-12-21 01:54:19,243] {standard_task_runner.py:80} INFO - Job 46: Subtask cargar_data
[2023-12-21 01:54:20,368] {task_command.py:371} INFO - Running <TaskInstance: Entregable3_Chumbita.cargar_data scheduled__2023-12-12T00:00:00+00:00 [running]> on host 02fb1b542166
[2023-12-21 01:54:20,759] {logging_mixin.py:115} WARNING - /home/***/.local/lib/python3.7/site-packages/***/utils/context.py:202 AirflowContextDeprecationWarning: Accessing 'execution_date' from the template is deprecated and will be removed in a future version. Please use 'data_interval_start' or 'logical_date' instead.
[2023-12-21 01:54:20,946] {taskinstance.py:1591} INFO - Exporting the following env vars:
AIRFLOW_CTX_DAG_OWNER=ArielChumbita
AIRFLOW_CTX_DAG_ID=Entregable3_Chumbita
AIRFLOW_CTX_TASK_ID=cargar_data
AIRFLOW_CTX_EXECUTION_DATE=2023-12-12T00:00:00+00:00
AIRFLOW_CTX_TRY_NUMBER=1
AIRFLOW_CTX_DAG_RUN_ID=scheduled__2023-12-12T00:00:00+00:00
[2023-12-21 01:54:20,953] {logging_mixin.py:115} INFO - Cargando la data para la fecha: 2023-12-12 0
[2023-12-21 01:54:21,006] {logging_mixin.py:115} INFO - (1, 18)
[2023-12-21 01:54:21,222] {logging_mixin.py:115} INFO -   mining_algo  ...                            Date
0     SHA-256  ...  2023-12-21T01:53:49.707519133Z

[1 rows x 18 columns]
[2023-12-21 01:54:30,806] {python.py:173} INFO - Done. Returned value was: None
[2023-12-21 01:54:30,879] {taskinstance.py:1420} INFO - Marking task as SUCCESS. dag_id=Entregable3_Chumbita, task_id=cargar_data, execution_date=20231212T000000, start_date=20231221T015419, end_date=20231221T015430
[2023-12-21 01:54:30,978] {local_task_job.py:156} INFO - Task exited with return code 0
[2023-12-21 01:54:31,040] {local_task_job.py:273} INFO - 0 downstream tasks scheduled from follow-on schedule check
