[2023-12-29 03:51:35,516] {taskinstance.py:1032} INFO - Dependencies all met for <TaskInstance: dag_xcoms_facil.empleado_B scheduled__2023-12-28T00:00:00+00:00 [queued]>
[2023-12-29 03:51:35,658] {taskinstance.py:1032} INFO - Dependencies all met for <TaskInstance: dag_xcoms_facil.empleado_B scheduled__2023-12-28T00:00:00+00:00 [queued]>
[2023-12-29 03:51:35,663] {taskinstance.py:1238} INFO - 
--------------------------------------------------------------------------------
[2023-12-29 03:51:35,665] {taskinstance.py:1239} INFO - Starting attempt 1 of 1
[2023-12-29 03:51:35,666] {taskinstance.py:1240} INFO - 
--------------------------------------------------------------------------------
[2023-12-29 03:51:35,927] {taskinstance.py:1259} INFO - Executing <Task(PythonOperator): empleado_B> on 2023-12-28 00:00:00+00:00
[2023-12-29 03:51:35,988] {standard_task_runner.py:76} INFO - Running: ['***', 'tasks', 'run', 'dag_xcoms_facil', 'empleado_B', 'scheduled__2023-12-28T00:00:00+00:00', '--job-id', '14', '--raw', '--subdir', 'DAGS_FOLDER/dag_actividad_xcoms.py', '--cfg-path', '/tmp/tmp86_69pe9', '--error-file', '/tmp/tmpin8skllx']
[2023-12-29 03:51:35,993] {standard_task_runner.py:77} INFO - Job 14: Subtask empleado_B
[2023-12-29 03:51:35,949] {standard_task_runner.py:52} INFO - Started process 600 to run task
[2023-12-29 03:51:36,849] {logging_mixin.py:109} INFO - Running <TaskInstance: dag_xcoms_facil.empleado_B scheduled__2023-12-28T00:00:00+00:00 [running]> on host 2762520f2c23
[2023-12-29 03:51:37,346] {taskinstance.py:1426} INFO - Exporting the following env vars:
AIRFLOW_CTX_DAG_EMAIL=ariel.chumbita@gmail.com
AIRFLOW_CTX_DAG_OWNER=ArielChumbita
AIRFLOW_CTX_DAG_ID=dag_xcoms_facil
AIRFLOW_CTX_TASK_ID=empleado_B
AIRFLOW_CTX_EXECUTION_DATE=2023-12-28T00:00:00+00:00
AIRFLOW_CTX_DAG_RUN_ID=scheduled__2023-12-28T00:00:00+00:00
[2023-12-29 03:51:37,382] {python.py:175} INFO - Done. Returned value was: 9
[2023-12-29 03:51:37,578] {taskinstance.py:1277} INFO - Marking task as SUCCESS. dag_id=dag_xcoms_facil, task_id=empleado_B, execution_date=20231228T000000, start_date=20231229T035135, end_date=20231229T035137
[2023-12-29 03:51:37,728] {local_task_job.py:154} INFO - Task exited with return code 0
[2023-12-29 03:51:38,029] {local_task_job.py:264} INFO - 1 downstream tasks scheduled from follow-on schedule check
