[2023-12-10 19:49:11,534] {taskinstance.py:1179} INFO - Dependencies all met for <TaskInstance: mi_primer_dag_v3.primera_tarea scheduled__2023-12-02T00:00:00+00:00 [queued]>
[2023-12-10 19:49:11,566] {taskinstance.py:1179} INFO - Dependencies all met for <TaskInstance: mi_primer_dag_v3.primera_tarea scheduled__2023-12-02T00:00:00+00:00 [queued]>
[2023-12-10 19:49:11,567] {taskinstance.py:1376} INFO - 
--------------------------------------------------------------------------------
[2023-12-10 19:49:11,568] {taskinstance.py:1377} INFO - Starting attempt 1 of 6
[2023-12-10 19:49:11,569] {taskinstance.py:1378} INFO - 
--------------------------------------------------------------------------------
[2023-12-10 19:49:11,612] {taskinstance.py:1397} INFO - Executing <Task(BashOperator): primera_tarea> on 2023-12-02 00:00:00+00:00
[2023-12-10 19:49:11,621] {standard_task_runner.py:52} INFO - Started process 5036 to run task
[2023-12-10 19:49:11,630] {standard_task_runner.py:79} INFO - Running: ['***', 'tasks', 'run', 'mi_primer_dag_v3', 'primera_tarea', 'scheduled__2023-12-02T00:00:00+00:00', '--job-id', '1454', '--raw', '--subdir', 'DAGS_FOLDER/primer_dag_v3.py', '--cfg-path', '/tmp/tmpma69xupe', '--error-file', '/tmp/tmpv1gf5d00']
[2023-12-10 19:49:11,641] {standard_task_runner.py:80} INFO - Job 1454: Subtask primera_tarea
[2023-12-10 19:49:11,894] {task_command.py:371} INFO - Running <TaskInstance: mi_primer_dag_v3.primera_tarea scheduled__2023-12-02T00:00:00+00:00 [running]> on host 42828894a739
[2023-12-10 19:49:12,270] {taskinstance.py:1591} INFO - Exporting the following env vars:
AIRFLOW_CTX_DAG_OWNER=DavidBU
AIRFLOW_CTX_DAG_ID=mi_primer_dag_v3
AIRFLOW_CTX_TASK_ID=primera_tarea
AIRFLOW_CTX_EXECUTION_DATE=2023-12-02T00:00:00+00:00
AIRFLOW_CTX_TRY_NUMBER=1
AIRFLOW_CTX_DAG_RUN_ID=scheduled__2023-12-02T00:00:00+00:00
[2023-12-10 19:49:12,274] {subprocess.py:62} INFO - Tmp dir root location: 
 /tmp
[2023-12-10 19:49:12,276] {subprocess.py:74} INFO - Running command: ['bash', '-c', 'echo hola mundo, esta es nuestra primera tarea!']
[2023-12-10 19:49:12,324] {subprocess.py:85} INFO - Output:
[2023-12-10 19:49:12,329] {subprocess.py:92} INFO - hola mundo, esta es nuestra primera tarea!
[2023-12-10 19:49:12,330] {subprocess.py:96} INFO - Command exited with return code 0
[2023-12-10 19:49:13,049] {taskinstance.py:1420} INFO - Marking task as SUCCESS. dag_id=mi_primer_dag_v3, task_id=primera_tarea, execution_date=20231202T000000, start_date=20231210T194911, end_date=20231210T194913
[2023-12-10 19:49:13,452] {local_task_job.py:156} INFO - Task exited with return code 0
[2023-12-10 19:49:13,892] {local_task_job.py:273} INFO - 2 downstream tasks scheduled from follow-on schedule check
