[2023-12-10 19:47:18,556] {taskinstance.py:1179} INFO - Dependencies all met for <TaskInstance: mi_primer_dag_v3.primera_tarea scheduled__2023-10-05T00:00:00+00:00 [queued]>
[2023-12-10 19:47:18,688] {taskinstance.py:1179} INFO - Dependencies all met for <TaskInstance: mi_primer_dag_v3.primera_tarea scheduled__2023-10-05T00:00:00+00:00 [queued]>
[2023-12-10 19:47:18,711] {taskinstance.py:1376} INFO - 
--------------------------------------------------------------------------------
[2023-12-10 19:47:18,715] {taskinstance.py:1377} INFO - Starting attempt 1 of 6
[2023-12-10 19:47:18,720] {taskinstance.py:1378} INFO - 
--------------------------------------------------------------------------------
[2023-12-10 19:47:18,867] {taskinstance.py:1397} INFO - Executing <Task(BashOperator): primera_tarea> on 2023-10-05 00:00:00+00:00
[2023-12-10 19:47:18,874] {standard_task_runner.py:52} INFO - Started process 4475 to run task
[2023-12-10 19:47:18,907] {standard_task_runner.py:79} INFO - Running: ['***', 'tasks', 'run', 'mi_primer_dag_v3', 'primera_tarea', 'scheduled__2023-10-05T00:00:00+00:00', '--job-id', '1282', '--raw', '--subdir', 'DAGS_FOLDER/primer_dag_v3.py', '--cfg-path', '/tmp/tmptd497h1l', '--error-file', '/tmp/tmpfq7zwps4']
[2023-12-10 19:47:18,927] {standard_task_runner.py:80} INFO - Job 1282: Subtask primera_tarea
[2023-12-10 19:47:19,338] {task_command.py:371} INFO - Running <TaskInstance: mi_primer_dag_v3.primera_tarea scheduled__2023-10-05T00:00:00+00:00 [running]> on host 42828894a739
[2023-12-10 19:47:20,373] {taskinstance.py:1591} INFO - Exporting the following env vars:
AIRFLOW_CTX_DAG_OWNER=DavidBU
AIRFLOW_CTX_DAG_ID=mi_primer_dag_v3
AIRFLOW_CTX_TASK_ID=primera_tarea
AIRFLOW_CTX_EXECUTION_DATE=2023-10-05T00:00:00+00:00
AIRFLOW_CTX_TRY_NUMBER=1
AIRFLOW_CTX_DAG_RUN_ID=scheduled__2023-10-05T00:00:00+00:00
[2023-12-10 19:47:20,386] {subprocess.py:62} INFO - Tmp dir root location: 
 /tmp
[2023-12-10 19:47:20,394] {subprocess.py:74} INFO - Running command: ['bash', '-c', 'echo hola mundo, esta es nuestra primera tarea!']
[2023-12-10 19:47:20,469] {subprocess.py:85} INFO - Output:
[2023-12-10 19:47:20,484] {subprocess.py:92} INFO - hola mundo, esta es nuestra primera tarea!
[2023-12-10 19:47:20,489] {subprocess.py:96} INFO - Command exited with return code 0
[2023-12-10 19:47:20,722] {taskinstance.py:1420} INFO - Marking task as SUCCESS. dag_id=mi_primer_dag_v3, task_id=primera_tarea, execution_date=20231005T000000, start_date=20231210T194718, end_date=20231210T194720
[2023-12-10 19:47:20,971] {local_task_job.py:156} INFO - Task exited with return code 0
[2023-12-10 19:47:21,768] {local_task_job.py:273} INFO - 2 downstream tasks scheduled from follow-on schedule check
