[2023-12-10 19:33:06,392] {taskinstance.py:1179} INFO - Dependencies all met for <TaskInstance: mi_primer_dag_v3.primera_tarea scheduled__2022-10-27T00:00:00+00:00 [queued]>
[2023-12-10 19:33:06,602] {taskinstance.py:1179} INFO - Dependencies all met for <TaskInstance: mi_primer_dag_v3.primera_tarea scheduled__2022-10-27T00:00:00+00:00 [queued]>
[2023-12-10 19:33:06,611] {taskinstance.py:1376} INFO - 
--------------------------------------------------------------------------------
[2023-12-10 19:33:06,617] {taskinstance.py:1377} INFO - Starting attempt 1 of 6
[2023-12-10 19:33:06,634] {taskinstance.py:1378} INFO - 
--------------------------------------------------------------------------------
[2023-12-10 19:33:06,902] {taskinstance.py:1397} INFO - Executing <Task(BashOperator): primera_tarea> on 2022-10-27 00:00:00+00:00
[2023-12-10 19:33:06,933] {standard_task_runner.py:52} INFO - Started process 1030 to run task
[2023-12-10 19:33:06,990] {standard_task_runner.py:79} INFO - Running: ['***', 'tasks', 'run', 'mi_primer_dag_v3', 'primera_tarea', 'scheduled__2022-10-27T00:00:00+00:00', '--job-id', '253', '--raw', '--subdir', 'DAGS_FOLDER/primer_dag_v3.py', '--cfg-path', '/tmp/tmp0c56db95', '--error-file', '/tmp/tmpv9bmzod7']
[2023-12-10 19:33:07,012] {standard_task_runner.py:80} INFO - Job 253: Subtask primera_tarea
[2023-12-10 19:33:09,192] {task_command.py:371} INFO - Running <TaskInstance: mi_primer_dag_v3.primera_tarea scheduled__2022-10-27T00:00:00+00:00 [running]> on host 42828894a739
[2023-12-10 19:33:10,404] {taskinstance.py:1591} INFO - Exporting the following env vars:
AIRFLOW_CTX_DAG_OWNER=DavidBU
AIRFLOW_CTX_DAG_ID=mi_primer_dag_v3
AIRFLOW_CTX_TASK_ID=primera_tarea
AIRFLOW_CTX_EXECUTION_DATE=2022-10-27T00:00:00+00:00
AIRFLOW_CTX_TRY_NUMBER=1
AIRFLOW_CTX_DAG_RUN_ID=scheduled__2022-10-27T00:00:00+00:00
[2023-12-10 19:33:10,435] {subprocess.py:62} INFO - Tmp dir root location: 
 /tmp
[2023-12-10 19:33:10,437] {subprocess.py:74} INFO - Running command: ['bash', '-c', 'echo hola mundo, esta es nuestra primera tarea!']
[2023-12-10 19:33:10,613] {subprocess.py:85} INFO - Output:
[2023-12-10 19:33:10,619] {subprocess.py:92} INFO - hola mundo, esta es nuestra primera tarea!
[2023-12-10 19:33:10,689] {subprocess.py:96} INFO - Command exited with return code 0
[2023-12-10 19:33:11,025] {taskinstance.py:1420} INFO - Marking task as SUCCESS. dag_id=mi_primer_dag_v3, task_id=primera_tarea, execution_date=20221027T000000, start_date=20231210T193306, end_date=20231210T193311
[2023-12-10 19:33:11,509] {local_task_job.py:156} INFO - Task exited with return code 0
[2023-12-10 19:33:12,187] {local_task_job.py:273} INFO - 2 downstream tasks scheduled from follow-on schedule check
