[2023-12-21 01:54:18,955] {taskinstance.py:1179} INFO - Dependencies all met for <TaskInstance: Entregable3_Chumbita.cargar_data scheduled__2023-12-20T00:00:00+00:00 [queued]>
[2023-12-21 01:54:18,981] {taskinstance.py:1179} INFO - Dependencies all met for <TaskInstance: Entregable3_Chumbita.cargar_data scheduled__2023-12-20T00:00:00+00:00 [queued]>
[2023-12-21 01:54:18,982] {taskinstance.py:1376} INFO - 
--------------------------------------------------------------------------------
[2023-12-21 01:54:18,982] {taskinstance.py:1377} INFO - Starting attempt 1 of 6
[2023-12-21 01:54:18,983] {taskinstance.py:1378} INFO - 
--------------------------------------------------------------------------------
[2023-12-21 01:54:19,051] {taskinstance.py:1397} INFO - Executing <Task(PythonOperator): cargar_data> on 2023-12-20 00:00:00+00:00
[2023-12-21 01:54:19,083] {standard_task_runner.py:52} INFO - Started process 209 to run task
[2023-12-21 01:54:19,221] {standard_task_runner.py:79} INFO - Running: ['***', 'tasks', 'run', 'Entregable3_Chumbita', 'cargar_data', 'scheduled__2023-12-20T00:00:00+00:00', '--job-id', '45', '--raw', '--subdir', 'DAGS_FOLDER/ETL_Entregable3_Chumbita.py', '--cfg-path', '/tmp/tmpyw9zl_vf', '--error-file', '/tmp/tmpb9n4lipj']
[2023-12-21 01:54:19,245] {standard_task_runner.py:80} INFO - Job 45: Subtask cargar_data
[2023-12-21 01:54:20,091] {task_command.py:371} INFO - Running <TaskInstance: Entregable3_Chumbita.cargar_data scheduled__2023-12-20T00:00:00+00:00 [running]> on host 02fb1b542166
[2023-12-21 01:54:20,509] {logging_mixin.py:115} WARNING - /home/***/.local/lib/python3.7/site-packages/***/utils/context.py:202 AirflowContextDeprecationWarning: Accessing 'execution_date' from the template is deprecated and will be removed in a future version. Please use 'data_interval_start' or 'logical_date' instead.
[2023-12-21 01:54:20,833] {taskinstance.py:1591} INFO - Exporting the following env vars:
AIRFLOW_CTX_DAG_OWNER=ArielChumbita
AIRFLOW_CTX_DAG_ID=Entregable3_Chumbita
AIRFLOW_CTX_TASK_ID=cargar_data
AIRFLOW_CTX_EXECUTION_DATE=2023-12-20T00:00:00+00:00
AIRFLOW_CTX_TRY_NUMBER=1
AIRFLOW_CTX_DAG_RUN_ID=scheduled__2023-12-20T00:00:00+00:00
[2023-12-21 01:54:20,889] {logging_mixin.py:115} INFO - Cargando la data para la fecha: 2023-12-20 0
[2023-12-21 01:54:20,968] {logging_mixin.py:115} INFO - (1, 18)
[2023-12-21 01:54:21,149] {logging_mixin.py:115} INFO -   mining_algo  ...                            Date
0     SHA-256  ...  2023-12-21T01:53:49.701117248Z

[1 rows x 18 columns]
[2023-12-21 01:54:30,547] {python.py:173} INFO - Done. Returned value was: None
[2023-12-21 01:54:30,592] {taskinstance.py:1420} INFO - Marking task as SUCCESS. dag_id=Entregable3_Chumbita, task_id=cargar_data, execution_date=20231220T000000, start_date=20231221T015418, end_date=20231221T015430
[2023-12-21 01:54:30,644] {local_task_job.py:156} INFO - Task exited with return code 0
[2023-12-21 01:54:30,680] {local_task_job.py:273} INFO - 0 downstream tasks scheduled from follow-on schedule check
