[2023-12-10 20:18:51,155] {taskinstance.py:1179} INFO - Dependencies all met for <TaskInstance: mi_primer_dar_con_PythonOperator.aloha_david scheduled__2022-08-19T00:00:00+00:00 [queued]>
[2023-12-10 20:18:51,268] {taskinstance.py:1179} INFO - Dependencies all met for <TaskInstance: mi_primer_dar_con_PythonOperator.aloha_david scheduled__2022-08-19T00:00:00+00:00 [queued]>
[2023-12-10 20:18:51,279] {taskinstance.py:1376} INFO - 
--------------------------------------------------------------------------------
[2023-12-10 20:18:51,284] {taskinstance.py:1377} INFO - Starting attempt 1 of 6
[2023-12-10 20:18:51,285] {taskinstance.py:1378} INFO - 
--------------------------------------------------------------------------------
[2023-12-10 20:18:51,786] {taskinstance.py:1397} INFO - Executing <Task(PythonOperator): aloha_david> on 2022-08-19 00:00:00+00:00
[2023-12-10 20:18:51,903] {standard_task_runner.py:52} INFO - Started process 471 to run task
[2023-12-10 20:18:51,969] {standard_task_runner.py:79} INFO - Running: ['***', 'tasks', 'run', 'mi_primer_dar_con_PythonOperator', 'aloha_david', 'scheduled__2022-08-19T00:00:00+00:00', '--job-id', '1741', '--raw', '--subdir', 'DAGS_FOLDER/mi_primer_dag_pythonoperator.py', '--cfg-path', '/tmp/tmpxu_66wgx', '--error-file', '/tmp/tmpf0_6rfo6']
[2023-12-10 20:18:52,045] {standard_task_runner.py:80} INFO - Job 1741: Subtask aloha_david
[2023-12-10 20:18:52,977] {task_command.py:371} INFO - Running <TaskInstance: mi_primer_dar_con_PythonOperator.aloha_david scheduled__2022-08-19T00:00:00+00:00 [running]> on host 42828894a739
[2023-12-10 20:18:53,775] {taskinstance.py:1591} INFO - Exporting the following env vars:
AIRFLOW_CTX_DAG_OWNER=DavidBU
AIRFLOW_CTX_DAG_ID=mi_primer_dar_con_PythonOperator
AIRFLOW_CTX_TASK_ID=aloha_david
AIRFLOW_CTX_EXECUTION_DATE=2022-08-19T00:00:00+00:00
AIRFLOW_CTX_TRY_NUMBER=1
AIRFLOW_CTX_DAG_RUN_ID=scheduled__2022-08-19T00:00:00+00:00
[2023-12-10 20:18:53,823] {logging_mixin.py:115} INFO - Aloha Mundo soy yo!
[2023-12-10 20:18:53,832] {python.py:173} INFO - Done. Returned value was: None
[2023-12-10 20:18:53,997] {taskinstance.py:1420} INFO - Marking task as SUCCESS. dag_id=mi_primer_dar_con_PythonOperator, task_id=aloha_david, execution_date=20220819T000000, start_date=20231210T201851, end_date=20231210T201853
[2023-12-10 20:18:54,332] {local_task_job.py:156} INFO - Task exited with return code 0
[2023-12-10 20:18:54,939] {local_task_job.py:273} INFO - 0 downstream tasks scheduled from follow-on schedule check
