[2023-12-10 19:42:02,777] {taskinstance.py:1179} INFO - Dependencies all met for <TaskInstance: mi_primer_dag_v3.primera_tarea scheduled__2023-05-09T00:00:00+00:00 [queued]>
[2023-12-10 19:42:02,824] {taskinstance.py:1179} INFO - Dependencies all met for <TaskInstance: mi_primer_dag_v3.primera_tarea scheduled__2023-05-09T00:00:00+00:00 [queued]>
[2023-12-10 19:42:02,831] {taskinstance.py:1376} INFO - 
--------------------------------------------------------------------------------
[2023-12-10 19:42:02,834] {taskinstance.py:1377} INFO - Starting attempt 1 of 6
[2023-12-10 19:42:02,836] {taskinstance.py:1378} INFO - 
--------------------------------------------------------------------------------
[2023-12-10 19:42:02,991] {taskinstance.py:1397} INFO - Executing <Task(BashOperator): primera_tarea> on 2023-05-09 00:00:00+00:00
[2023-12-10 19:42:02,997] {standard_task_runner.py:52} INFO - Started process 3000 to run task
[2023-12-10 19:42:03,080] {standard_task_runner.py:79} INFO - Running: ['***', 'tasks', 'run', 'mi_primer_dag_v3', 'primera_tarea', 'scheduled__2023-05-09T00:00:00+00:00', '--job-id', '835', '--raw', '--subdir', 'DAGS_FOLDER/primer_dag_v3.py', '--cfg-path', '/tmp/tmp0foo4nxn', '--error-file', '/tmp/tmpm2y0z3n7']
[2023-12-10 19:42:03,090] {standard_task_runner.py:80} INFO - Job 835: Subtask primera_tarea
[2023-12-10 19:42:03,722] {task_command.py:371} INFO - Running <TaskInstance: mi_primer_dag_v3.primera_tarea scheduled__2023-05-09T00:00:00+00:00 [running]> on host 42828894a739
[2023-12-10 19:42:04,628] {taskinstance.py:1591} INFO - Exporting the following env vars:
AIRFLOW_CTX_DAG_OWNER=DavidBU
AIRFLOW_CTX_DAG_ID=mi_primer_dag_v3
AIRFLOW_CTX_TASK_ID=primera_tarea
AIRFLOW_CTX_EXECUTION_DATE=2023-05-09T00:00:00+00:00
AIRFLOW_CTX_TRY_NUMBER=1
AIRFLOW_CTX_DAG_RUN_ID=scheduled__2023-05-09T00:00:00+00:00
[2023-12-10 19:42:04,642] {subprocess.py:62} INFO - Tmp dir root location: 
 /tmp
[2023-12-10 19:42:04,663] {subprocess.py:74} INFO - Running command: ['bash', '-c', 'echo hola mundo, esta es nuestra primera tarea!']
[2023-12-10 19:42:04,755] {subprocess.py:85} INFO - Output:
[2023-12-10 19:42:04,791] {subprocess.py:92} INFO - hola mundo, esta es nuestra primera tarea!
[2023-12-10 19:42:04,826] {subprocess.py:96} INFO - Command exited with return code 0
[2023-12-10 19:42:06,062] {taskinstance.py:1420} INFO - Marking task as SUCCESS. dag_id=mi_primer_dag_v3, task_id=primera_tarea, execution_date=20230509T000000, start_date=20231210T194202, end_date=20231210T194206
[2023-12-10 19:42:06,427] {local_task_job.py:156} INFO - Task exited with return code 0
[2023-12-10 19:42:07,597] {local_task_job.py:273} INFO - 2 downstream tasks scheduled from follow-on schedule check
