[2023-12-10 20:14:33,207] {taskinstance.py:1179} INFO - Dependencies all met for <TaskInstance: mi_primer_dag.primer_task scheduled__2022-11-27T00:00:00+00:00 [queued]>
[2023-12-10 20:14:33,266] {taskinstance.py:1179} INFO - Dependencies all met for <TaskInstance: mi_primer_dag.primer_task scheduled__2022-11-27T00:00:00+00:00 [queued]>
[2023-12-10 20:14:33,283] {taskinstance.py:1376} INFO - 
--------------------------------------------------------------------------------
[2023-12-10 20:14:33,300] {taskinstance.py:1377} INFO - Starting attempt 1 of 6
[2023-12-10 20:14:33,317] {taskinstance.py:1378} INFO - 
--------------------------------------------------------------------------------
[2023-12-10 20:14:33,487] {taskinstance.py:1397} INFO - Executing <Task(BashOperator): primer_task> on 2022-11-27 00:00:00+00:00
[2023-12-10 20:14:33,506] {standard_task_runner.py:52} INFO - Started process 740 to run task
[2023-12-10 20:14:33,525] {standard_task_runner.py:79} INFO - Running: ['***', 'tasks', 'run', 'mi_primer_dag', 'primer_task', 'scheduled__2022-11-27T00:00:00+00:00', '--job-id', '1606', '--raw', '--subdir', 'DAGS_FOLDER/mi_primer_dag.py', '--cfg-path', '/tmp/tmpyn74scg9', '--error-file', '/tmp/tmp8qluw4_v']
[2023-12-10 20:14:33,531] {standard_task_runner.py:80} INFO - Job 1606: Subtask primer_task
[2023-12-10 20:14:33,781] {task_command.py:371} INFO - Running <TaskInstance: mi_primer_dag.primer_task scheduled__2022-11-27T00:00:00+00:00 [running]> on host 42828894a739
[2023-12-10 20:14:33,974] {taskinstance.py:1591} INFO - Exporting the following env vars:
AIRFLOW_CTX_DAG_OWNER=DavidBU
AIRFLOW_CTX_DAG_ID=mi_primer_dag
AIRFLOW_CTX_TASK_ID=primer_task
AIRFLOW_CTX_EXECUTION_DATE=2022-11-27T00:00:00+00:00
AIRFLOW_CTX_TRY_NUMBER=1
AIRFLOW_CTX_DAG_RUN_ID=scheduled__2022-11-27T00:00:00+00:00
[2023-12-10 20:14:33,975] {subprocess.py:62} INFO - Tmp dir root location: 
 /tmp
[2023-12-10 20:14:33,977] {subprocess.py:74} INFO - Running command: ['bash', '-c', 'echo hola mundo, esta es nuestra primera tarea usando bash operator!']
[2023-12-10 20:14:34,000] {subprocess.py:85} INFO - Output:
[2023-12-10 20:14:34,003] {subprocess.py:92} INFO - hola mundo, esta es nuestra primera tarea usando bash operator!
[2023-12-10 20:14:34,007] {subprocess.py:96} INFO - Command exited with return code 0
[2023-12-10 20:14:34,133] {taskinstance.py:1420} INFO - Marking task as SUCCESS. dag_id=mi_primer_dag, task_id=primer_task, execution_date=20221127T000000, start_date=20231210T201433, end_date=20231210T201434
[2023-12-10 20:14:34,198] {local_task_job.py:156} INFO - Task exited with return code 0
[2023-12-10 20:14:34,291] {local_task_job.py:273} INFO - 0 downstream tasks scheduled from follow-on schedule check
