[2023-12-10 20:25:17,201] {taskinstance.py:1179} INFO - Dependencies all met for <TaskInstance: mi_primer_dag.primer_task scheduled__2023-11-15T00:00:00+00:00 [queued]>
[2023-12-10 20:25:17,313] {taskinstance.py:1179} INFO - Dependencies all met for <TaskInstance: mi_primer_dag.primer_task scheduled__2023-11-15T00:00:00+00:00 [queued]>
[2023-12-10 20:25:17,317] {taskinstance.py:1376} INFO - 
--------------------------------------------------------------------------------
[2023-12-10 20:25:17,318] {taskinstance.py:1377} INFO - Starting attempt 1 of 6
[2023-12-10 20:25:17,338] {taskinstance.py:1378} INFO - 
--------------------------------------------------------------------------------
[2023-12-10 20:25:17,524] {taskinstance.py:1397} INFO - Executing <Task(BashOperator): primer_task> on 2023-11-15 00:00:00+00:00
[2023-12-10 20:25:17,560] {standard_task_runner.py:52} INFO - Started process 2157 to run task
[2023-12-10 20:25:17,583] {standard_task_runner.py:79} INFO - Running: ['***', 'tasks', 'run', 'mi_primer_dag', 'primer_task', 'scheduled__2023-11-15T00:00:00+00:00', '--job-id', '2217', '--raw', '--subdir', 'DAGS_FOLDER/mi_primer_dag.py', '--cfg-path', '/tmp/tmp5954iu3i', '--error-file', '/tmp/tmpd1r3xbza']
[2023-12-10 20:25:17,620] {standard_task_runner.py:80} INFO - Job 2217: Subtask primer_task
[2023-12-10 20:25:18,140] {task_command.py:371} INFO - Running <TaskInstance: mi_primer_dag.primer_task scheduled__2023-11-15T00:00:00+00:00 [running]> on host 42828894a739
[2023-12-10 20:25:19,566] {taskinstance.py:1591} INFO - Exporting the following env vars:
AIRFLOW_CTX_DAG_OWNER=DavidBU
AIRFLOW_CTX_DAG_ID=mi_primer_dag
AIRFLOW_CTX_TASK_ID=primer_task
AIRFLOW_CTX_EXECUTION_DATE=2023-11-15T00:00:00+00:00
AIRFLOW_CTX_TRY_NUMBER=1
AIRFLOW_CTX_DAG_RUN_ID=scheduled__2023-11-15T00:00:00+00:00
[2023-12-10 20:25:19,580] {subprocess.py:62} INFO - Tmp dir root location: 
 /tmp
[2023-12-10 20:25:19,585] {subprocess.py:74} INFO - Running command: ['bash', '-c', 'echo hola mundo, esta es nuestra primera tarea usando bash operator!']
[2023-12-10 20:25:19,676] {subprocess.py:85} INFO - Output:
[2023-12-10 20:25:19,689] {subprocess.py:92} INFO - hola mundo, esta es nuestra primera tarea usando bash operator!
[2023-12-10 20:25:19,690] {subprocess.py:96} INFO - Command exited with return code 0
[2023-12-10 20:25:19,927] {taskinstance.py:1420} INFO - Marking task as SUCCESS. dag_id=mi_primer_dag, task_id=primer_task, execution_date=20231115T000000, start_date=20231210T202517, end_date=20231210T202519
[2023-12-10 20:25:20,270] {local_task_job.py:156} INFO - Task exited with return code 0
[2023-12-10 20:25:20,735] {local_task_job.py:273} INFO - 0 downstream tasks scheduled from follow-on schedule check
