[2023-12-10 20:21:38,102] {taskinstance.py:1179} INFO - Dependencies all met for <TaskInstance: mi_primer_dag.primer_task scheduled__2023-06-29T00:00:00+00:00 [queued]>
[2023-12-10 20:21:38,208] {taskinstance.py:1179} INFO - Dependencies all met for <TaskInstance: mi_primer_dag.primer_task scheduled__2023-06-29T00:00:00+00:00 [queued]>
[2023-12-10 20:21:38,227] {taskinstance.py:1376} INFO - 
--------------------------------------------------------------------------------
[2023-12-10 20:21:38,240] {taskinstance.py:1377} INFO - Starting attempt 1 of 6
[2023-12-10 20:21:38,242] {taskinstance.py:1378} INFO - 
--------------------------------------------------------------------------------
[2023-12-10 20:21:38,356] {taskinstance.py:1397} INFO - Executing <Task(BashOperator): primer_task> on 2023-06-29 00:00:00+00:00
[2023-12-10 20:21:38,383] {standard_task_runner.py:52} INFO - Started process 1179 to run task
[2023-12-10 20:21:38,416] {standard_task_runner.py:79} INFO - Running: ['***', 'tasks', 'run', 'mi_primer_dag', 'primer_task', 'scheduled__2023-06-29T00:00:00+00:00', '--job-id', '1942', '--raw', '--subdir', 'DAGS_FOLDER/mi_primer_dag.py', '--cfg-path', '/tmp/tmpdh8j9i7k', '--error-file', '/tmp/tmppdfmixki']
[2023-12-10 20:21:38,446] {standard_task_runner.py:80} INFO - Job 1942: Subtask primer_task
[2023-12-10 20:21:38,933] {task_command.py:371} INFO - Running <TaskInstance: mi_primer_dag.primer_task scheduled__2023-06-29T00:00:00+00:00 [running]> on host 42828894a739
[2023-12-10 20:21:39,148] {taskinstance.py:1591} INFO - Exporting the following env vars:
AIRFLOW_CTX_DAG_OWNER=DavidBU
AIRFLOW_CTX_DAG_ID=mi_primer_dag
AIRFLOW_CTX_TASK_ID=primer_task
AIRFLOW_CTX_EXECUTION_DATE=2023-06-29T00:00:00+00:00
AIRFLOW_CTX_TRY_NUMBER=1
AIRFLOW_CTX_DAG_RUN_ID=scheduled__2023-06-29T00:00:00+00:00
[2023-12-10 20:21:39,150] {subprocess.py:62} INFO - Tmp dir root location: 
 /tmp
[2023-12-10 20:21:39,152] {subprocess.py:74} INFO - Running command: ['bash', '-c', 'echo hola mundo, esta es nuestra primera tarea usando bash operator!']
[2023-12-10 20:21:39,170] {subprocess.py:85} INFO - Output:
[2023-12-10 20:21:39,174] {subprocess.py:92} INFO - hola mundo, esta es nuestra primera tarea usando bash operator!
[2023-12-10 20:21:39,175] {subprocess.py:96} INFO - Command exited with return code 0
[2023-12-10 20:21:39,237] {taskinstance.py:1420} INFO - Marking task as SUCCESS. dag_id=mi_primer_dag, task_id=primer_task, execution_date=20230629T000000, start_date=20231210T202138, end_date=20231210T202139
[2023-12-10 20:21:39,300] {local_task_job.py:156} INFO - Task exited with return code 0
[2023-12-10 20:21:39,361] {local_task_job.py:273} INFO - 0 downstream tasks scheduled from follow-on schedule check
