[2023-12-10 19:46:08,846] {taskinstance.py:1179} INFO - Dependencies all met for <TaskInstance: mi_primer_dag_v3.segunda_tarea scheduled__2023-09-01T00:00:00+00:00 [queued]>
[2023-12-10 19:46:08,903] {taskinstance.py:1179} INFO - Dependencies all met for <TaskInstance: mi_primer_dag_v3.segunda_tarea scheduled__2023-09-01T00:00:00+00:00 [queued]>
[2023-12-10 19:46:08,904] {taskinstance.py:1376} INFO - 
--------------------------------------------------------------------------------
[2023-12-10 19:46:08,905] {taskinstance.py:1377} INFO - Starting attempt 1 of 6
[2023-12-10 19:46:08,905] {taskinstance.py:1378} INFO - 
--------------------------------------------------------------------------------
[2023-12-10 19:46:08,994] {taskinstance.py:1397} INFO - Executing <Task(BashOperator): segunda_tarea> on 2023-09-01 00:00:00+00:00
[2023-12-10 19:46:09,005] {standard_task_runner.py:52} INFO - Started process 4174 to run task
[2023-12-10 19:46:09,051] {standard_task_runner.py:79} INFO - Running: ['***', 'tasks', 'run', 'mi_primer_dag_v3', 'segunda_tarea', 'scheduled__2023-09-01T00:00:00+00:00', '--job-id', '1193', '--raw', '--subdir', 'DAGS_FOLDER/primer_dag_v3.py', '--cfg-path', '/tmp/tmpkojvdgk8', '--error-file', '/tmp/tmpitbihjax']
[2023-12-10 19:46:09,059] {standard_task_runner.py:80} INFO - Job 1193: Subtask segunda_tarea
[2023-12-10 19:46:09,477] {task_command.py:371} INFO - Running <TaskInstance: mi_primer_dag_v3.segunda_tarea scheduled__2023-09-01T00:00:00+00:00 [running]> on host 42828894a739
[2023-12-10 19:46:10,194] {taskinstance.py:1591} INFO - Exporting the following env vars:
AIRFLOW_CTX_DAG_OWNER=DavidBU
AIRFLOW_CTX_DAG_ID=mi_primer_dag_v3
AIRFLOW_CTX_TASK_ID=segunda_tarea
AIRFLOW_CTX_EXECUTION_DATE=2023-09-01T00:00:00+00:00
AIRFLOW_CTX_TRY_NUMBER=1
AIRFLOW_CTX_DAG_RUN_ID=scheduled__2023-09-01T00:00:00+00:00
[2023-12-10 19:46:10,205] {subprocess.py:62} INFO - Tmp dir root location: 
 /tmp
[2023-12-10 19:46:10,208] {subprocess.py:74} INFO - Running command: ['bash', '-c', 'echo hola, soy la tarea 2 y sere corrida luego de la Tarea 1']
[2023-12-10 19:46:10,257] {subprocess.py:85} INFO - Output:
[2023-12-10 19:46:10,267] {subprocess.py:92} INFO - hola, soy la tarea 2 y sere corrida luego de la Tarea 1
[2023-12-10 19:46:10,268] {subprocess.py:96} INFO - Command exited with return code 0
[2023-12-10 19:46:10,548] {taskinstance.py:1420} INFO - Marking task as SUCCESS. dag_id=mi_primer_dag_v3, task_id=segunda_tarea, execution_date=20230901T000000, start_date=20231210T194608, end_date=20231210T194610
[2023-12-10 19:46:10,634] {local_task_job.py:156} INFO - Task exited with return code 0
[2023-12-10 19:46:10,800] {local_task_job.py:273} INFO - 0 downstream tasks scheduled from follow-on schedule check
