[2023-12-21 03:23:36,528] {taskinstance.py:1179} INFO - Dependencies all met for <TaskInstance: mi_primer_dag_v4.segunda_tarea scheduled__2023-12-17T00:00:00+00:00 [queued]>
[2023-12-21 03:23:36,932] {taskinstance.py:1179} INFO - Dependencies all met for <TaskInstance: mi_primer_dag_v4.segunda_tarea scheduled__2023-12-17T00:00:00+00:00 [queued]>
[2023-12-21 03:23:36,949] {taskinstance.py:1376} INFO - 
--------------------------------------------------------------------------------
[2023-12-21 03:23:36,968] {taskinstance.py:1377} INFO - Starting attempt 1 of 6
[2023-12-21 03:23:36,978] {taskinstance.py:1378} INFO - 
--------------------------------------------------------------------------------
[2023-12-21 03:23:37,326] {taskinstance.py:1397} INFO - Executing <Task(BashOperator): segunda_tarea> on 2023-12-17 00:00:00+00:00
[2023-12-21 03:23:37,458] {standard_task_runner.py:52} INFO - Started process 383 to run task
[2023-12-21 03:23:37,581] {standard_task_runner.py:79} INFO - Running: ['***', 'tasks', 'run', 'mi_primer_dag_v4', 'segunda_tarea', 'scheduled__2023-12-17T00:00:00+00:00', '--job-id', '184', '--raw', '--subdir', 'DAGS_FOLDER/primer_dag.py', '--cfg-path', '/tmp/tmppzlsfso6', '--error-file', '/tmp/tmprkbphs9d']
[2023-12-21 03:23:37,607] {standard_task_runner.py:80} INFO - Job 184: Subtask segunda_tarea
[2023-12-21 03:23:39,366] {task_command.py:371} INFO - Running <TaskInstance: mi_primer_dag_v4.segunda_tarea scheduled__2023-12-17T00:00:00+00:00 [running]> on host b0993ec57291
[2023-12-21 03:23:40,977] {taskinstance.py:1591} INFO - Exporting the following env vars:
AIRFLOW_CTX_DAG_OWNER=DavidBU
AIRFLOW_CTX_DAG_ID=mi_primer_dag_v4
AIRFLOW_CTX_TASK_ID=segunda_tarea
AIRFLOW_CTX_EXECUTION_DATE=2023-12-17T00:00:00+00:00
AIRFLOW_CTX_TRY_NUMBER=1
AIRFLOW_CTX_DAG_RUN_ID=scheduled__2023-12-17T00:00:00+00:00
[2023-12-21 03:23:40,982] {subprocess.py:62} INFO - Tmp dir root location: 
 /tmp
[2023-12-21 03:23:41,000] {subprocess.py:74} INFO - Running command: ['bash', '-c', 'echo David']
[2023-12-21 03:23:41,151] {subprocess.py:85} INFO - Output:
[2023-12-21 03:23:41,197] {subprocess.py:92} INFO - David
[2023-12-21 03:23:41,213] {subprocess.py:96} INFO - Command exited with return code 0
[2023-12-21 03:23:56,832] {taskinstance.py:1420} INFO - Marking task as SUCCESS. dag_id=mi_primer_dag_v4, task_id=segunda_tarea, execution_date=20231217T000000, start_date=20231221T032336, end_date=20231221T032356
[2023-12-21 03:23:57,076] {local_task_job.py:156} INFO - Task exited with return code 0
[2023-12-21 03:23:58,072] {local_task_job.py:273} INFO - 1 downstream tasks scheduled from follow-on schedule check
