[2023-12-10 19:45:50,150] {taskinstance.py:1179} INFO - Dependencies all met for <TaskInstance: mi_primer_dag_v3.primera_tarea scheduled__2023-08-25T00:00:00+00:00 [queued]>
[2023-12-10 19:45:50,268] {taskinstance.py:1179} INFO - Dependencies all met for <TaskInstance: mi_primer_dag_v3.primera_tarea scheduled__2023-08-25T00:00:00+00:00 [queued]>
[2023-12-10 19:45:50,280] {taskinstance.py:1376} INFO - 
--------------------------------------------------------------------------------
[2023-12-10 19:45:50,286] {taskinstance.py:1377} INFO - Starting attempt 1 of 6
[2023-12-10 19:45:50,286] {taskinstance.py:1378} INFO - 
--------------------------------------------------------------------------------
[2023-12-10 19:45:50,366] {taskinstance.py:1397} INFO - Executing <Task(BashOperator): primera_tarea> on 2023-08-25 00:00:00+00:00
[2023-12-10 19:45:50,375] {standard_task_runner.py:52} INFO - Started process 4075 to run task
[2023-12-10 19:45:50,394] {standard_task_runner.py:79} INFO - Running: ['***', 'tasks', 'run', 'mi_primer_dag_v3', 'primera_tarea', 'scheduled__2023-08-25T00:00:00+00:00', '--job-id', '1161', '--raw', '--subdir', 'DAGS_FOLDER/primer_dag_v3.py', '--cfg-path', '/tmp/tmpciz6ocao', '--error-file', '/tmp/tmp3mzxw5ep']
[2023-12-10 19:45:50,397] {standard_task_runner.py:80} INFO - Job 1161: Subtask primera_tarea
[2023-12-10 19:45:50,835] {task_command.py:371} INFO - Running <TaskInstance: mi_primer_dag_v3.primera_tarea scheduled__2023-08-25T00:00:00+00:00 [running]> on host 42828894a739
[2023-12-10 19:45:51,493] {taskinstance.py:1591} INFO - Exporting the following env vars:
AIRFLOW_CTX_DAG_OWNER=DavidBU
AIRFLOW_CTX_DAG_ID=mi_primer_dag_v3
AIRFLOW_CTX_TASK_ID=primera_tarea
AIRFLOW_CTX_EXECUTION_DATE=2023-08-25T00:00:00+00:00
AIRFLOW_CTX_TRY_NUMBER=1
AIRFLOW_CTX_DAG_RUN_ID=scheduled__2023-08-25T00:00:00+00:00
[2023-12-10 19:45:51,497] {subprocess.py:62} INFO - Tmp dir root location: 
 /tmp
[2023-12-10 19:45:51,503] {subprocess.py:74} INFO - Running command: ['bash', '-c', 'echo hola mundo, esta es nuestra primera tarea!']
[2023-12-10 19:45:51,607] {subprocess.py:85} INFO - Output:
[2023-12-10 19:45:51,632] {subprocess.py:92} INFO - hola mundo, esta es nuestra primera tarea!
[2023-12-10 19:45:51,648] {subprocess.py:96} INFO - Command exited with return code 0
[2023-12-10 19:45:52,614] {taskinstance.py:1420} INFO - Marking task as SUCCESS. dag_id=mi_primer_dag_v3, task_id=primera_tarea, execution_date=20230825T000000, start_date=20231210T194550, end_date=20231210T194552
[2023-12-10 19:45:52,811] {local_task_job.py:156} INFO - Task exited with return code 0
[2023-12-10 19:45:53,343] {local_task_job.py:273} INFO - 2 downstream tasks scheduled from follow-on schedule check
