[2023-12-10 19:31:51,997] {taskinstance.py:1179} INFO - Dependencies all met for <TaskInstance: mi_primer_dag_v3.segunda_tarea scheduled__2022-09-23T00:00:00+00:00 [queued]>
[2023-12-10 19:31:52,155] {taskinstance.py:1179} INFO - Dependencies all met for <TaskInstance: mi_primer_dag_v3.segunda_tarea scheduled__2022-09-23T00:00:00+00:00 [queued]>
[2023-12-10 19:31:52,156] {taskinstance.py:1376} INFO - 
--------------------------------------------------------------------------------
[2023-12-10 19:31:52,168] {taskinstance.py:1377} INFO - Starting attempt 1 of 6
[2023-12-10 19:31:52,171] {taskinstance.py:1378} INFO - 
--------------------------------------------------------------------------------
[2023-12-10 19:31:52,315] {taskinstance.py:1397} INFO - Executing <Task(BashOperator): segunda_tarea> on 2022-09-23 00:00:00+00:00
[2023-12-10 19:31:52,351] {standard_task_runner.py:79} INFO - Running: ['***', 'tasks', 'run', 'mi_primer_dag_v3', 'segunda_tarea', 'scheduled__2022-09-23T00:00:00+00:00', '--job-id', '163', '--raw', '--subdir', 'DAGS_FOLDER/primer_dag_v3.py', '--cfg-path', '/tmp/tmpgh32cxyy', '--error-file', '/tmp/tmppt9rjvrf']
[2023-12-10 19:31:52,402] {standard_task_runner.py:80} INFO - Job 163: Subtask segunda_tarea
[2023-12-10 19:31:52,423] {standard_task_runner.py:52} INFO - Started process 737 to run task
[2023-12-10 19:31:53,813] {task_command.py:371} INFO - Running <TaskInstance: mi_primer_dag_v3.segunda_tarea scheduled__2022-09-23T00:00:00+00:00 [running]> on host 42828894a739
[2023-12-10 19:31:54,742] {taskinstance.py:1591} INFO - Exporting the following env vars:
AIRFLOW_CTX_DAG_OWNER=DavidBU
AIRFLOW_CTX_DAG_ID=mi_primer_dag_v3
AIRFLOW_CTX_TASK_ID=segunda_tarea
AIRFLOW_CTX_EXECUTION_DATE=2022-09-23T00:00:00+00:00
AIRFLOW_CTX_TRY_NUMBER=1
AIRFLOW_CTX_DAG_RUN_ID=scheduled__2022-09-23T00:00:00+00:00
[2023-12-10 19:31:54,751] {subprocess.py:62} INFO - Tmp dir root location: 
 /tmp
[2023-12-10 19:31:54,755] {subprocess.py:74} INFO - Running command: ['bash', '-c', 'echo hola, soy la tarea 2 y sere corrida luego de la Tarea 1']
[2023-12-10 19:31:54,811] {subprocess.py:85} INFO - Output:
[2023-12-10 19:31:54,819] {subprocess.py:92} INFO - hola, soy la tarea 2 y sere corrida luego de la Tarea 1
[2023-12-10 19:31:54,820] {subprocess.py:96} INFO - Command exited with return code 0
[2023-12-10 19:31:55,572] {taskinstance.py:1420} INFO - Marking task as SUCCESS. dag_id=mi_primer_dag_v3, task_id=segunda_tarea, execution_date=20220923T000000, start_date=20231210T193152, end_date=20231210T193155
[2023-12-10 19:31:56,014] {local_task_job.py:156} INFO - Task exited with return code 0
[2023-12-10 19:31:56,557] {local_task_job.py:273} INFO - 0 downstream tasks scheduled from follow-on schedule check
