[2023-12-10 19:49:28,420] {taskinstance.py:1179} INFO - Dependencies all met for <TaskInstance: mi_primer_dag_v3.tercera_tarea scheduled__2023-12-06T00:00:00+00:00 [queued]>
[2023-12-10 19:49:28,449] {taskinstance.py:1179} INFO - Dependencies all met for <TaskInstance: mi_primer_dag_v3.tercera_tarea scheduled__2023-12-06T00:00:00+00:00 [queued]>
[2023-12-10 19:49:28,450] {taskinstance.py:1376} INFO - 
--------------------------------------------------------------------------------
[2023-12-10 19:49:28,451] {taskinstance.py:1377} INFO - Starting attempt 1 of 6
[2023-12-10 19:49:28,462] {taskinstance.py:1378} INFO - 
--------------------------------------------------------------------------------
[2023-12-10 19:49:28,525] {taskinstance.py:1397} INFO - Executing <Task(BashOperator): tercera_tarea> on 2023-12-06 00:00:00+00:00
[2023-12-10 19:49:28,540] {standard_task_runner.py:52} INFO - Started process 5123 to run task
[2023-12-10 19:49:28,568] {standard_task_runner.py:79} INFO - Running: ['***', 'tasks', 'run', 'mi_primer_dag_v3', 'tercera_tarea', 'scheduled__2023-12-06T00:00:00+00:00', '--job-id', '1479', '--raw', '--subdir', 'DAGS_FOLDER/primer_dag_v3.py', '--cfg-path', '/tmp/tmp92u79qn1', '--error-file', '/tmp/tmpwpp1cide']
[2023-12-10 19:49:28,585] {standard_task_runner.py:80} INFO - Job 1479: Subtask tercera_tarea
[2023-12-10 19:49:28,830] {task_command.py:371} INFO - Running <TaskInstance: mi_primer_dag_v3.tercera_tarea scheduled__2023-12-06T00:00:00+00:00 [running]> on host 42828894a739
[2023-12-10 19:49:29,126] {taskinstance.py:1591} INFO - Exporting the following env vars:
AIRFLOW_CTX_DAG_OWNER=DavidBU
AIRFLOW_CTX_DAG_ID=mi_primer_dag_v3
AIRFLOW_CTX_TASK_ID=tercera_tarea
AIRFLOW_CTX_EXECUTION_DATE=2023-12-06T00:00:00+00:00
AIRFLOW_CTX_TRY_NUMBER=1
AIRFLOW_CTX_DAG_RUN_ID=scheduled__2023-12-06T00:00:00+00:00
[2023-12-10 19:49:29,129] {subprocess.py:62} INFO - Tmp dir root location: 
 /tmp
[2023-12-10 19:49:29,133] {subprocess.py:74} INFO - Running command: ['bash', '-c', 'echo hola, soy la tarea 3 y sere corrida luego de Tarea 1 al mismo tiempo que Tarea 2']
[2023-12-10 19:49:29,155] {subprocess.py:85} INFO - Output:
[2023-12-10 19:49:29,163] {subprocess.py:92} INFO - hola, soy la tarea 3 y sere corrida luego de Tarea 1 al mismo tiempo que Tarea 2
[2023-12-10 19:49:29,167] {subprocess.py:96} INFO - Command exited with return code 0
[2023-12-10 19:49:29,284] {taskinstance.py:1420} INFO - Marking task as SUCCESS. dag_id=mi_primer_dag_v3, task_id=tercera_tarea, execution_date=20231206T000000, start_date=20231210T194928, end_date=20231210T194929
[2023-12-10 19:49:29,390] {local_task_job.py:156} INFO - Task exited with return code 0
[2023-12-10 19:49:29,690] {local_task_job.py:273} INFO - 0 downstream tasks scheduled from follow-on schedule check
