[2023-12-10 19:33:44,177] {taskinstance.py:1179} INFO - Dependencies all met for <TaskInstance: mi_primer_dag_v3.primera_tarea scheduled__2022-11-08T00:00:00+00:00 [queued]>
[2023-12-10 19:33:44,641] {taskinstance.py:1179} INFO - Dependencies all met for <TaskInstance: mi_primer_dag_v3.primera_tarea scheduled__2022-11-08T00:00:00+00:00 [queued]>
[2023-12-10 19:33:44,863] {taskinstance.py:1376} INFO - 
--------------------------------------------------------------------------------
[2023-12-10 19:33:44,882] {taskinstance.py:1377} INFO - Starting attempt 1 of 6
[2023-12-10 19:33:44,962] {taskinstance.py:1378} INFO - 
--------------------------------------------------------------------------------
[2023-12-10 19:33:45,546] {taskinstance.py:1397} INFO - Executing <Task(BashOperator): primera_tarea> on 2022-11-08 00:00:00+00:00
[2023-12-10 19:33:45,718] {standard_task_runner.py:52} INFO - Started process 1159 to run task
[2023-12-10 19:33:45,738] {standard_task_runner.py:79} INFO - Running: ['***', 'tasks', 'run', 'mi_primer_dag_v3', 'primera_tarea', 'scheduled__2022-11-08T00:00:00+00:00', '--job-id', '289', '--raw', '--subdir', 'DAGS_FOLDER/primer_dag_v3.py', '--cfg-path', '/tmp/tmpebm29qa4', '--error-file', '/tmp/tmprwff074y']
[2023-12-10 19:33:45,803] {standard_task_runner.py:80} INFO - Job 289: Subtask primera_tarea
[2023-12-10 19:33:47,480] {task_command.py:371} INFO - Running <TaskInstance: mi_primer_dag_v3.primera_tarea scheduled__2022-11-08T00:00:00+00:00 [running]> on host 42828894a739
[2023-12-10 19:33:49,338] {taskinstance.py:1591} INFO - Exporting the following env vars:
AIRFLOW_CTX_DAG_OWNER=DavidBU
AIRFLOW_CTX_DAG_ID=mi_primer_dag_v3
AIRFLOW_CTX_TASK_ID=primera_tarea
AIRFLOW_CTX_EXECUTION_DATE=2022-11-08T00:00:00+00:00
AIRFLOW_CTX_TRY_NUMBER=1
AIRFLOW_CTX_DAG_RUN_ID=scheduled__2022-11-08T00:00:00+00:00
[2023-12-10 19:33:49,342] {subprocess.py:62} INFO - Tmp dir root location: 
 /tmp
[2023-12-10 19:33:49,345] {subprocess.py:74} INFO - Running command: ['bash', '-c', 'echo hola mundo, esta es nuestra primera tarea!']
[2023-12-10 19:33:49,450] {subprocess.py:85} INFO - Output:
[2023-12-10 19:33:49,510] {subprocess.py:92} INFO - hola mundo, esta es nuestra primera tarea!
[2023-12-10 19:33:49,522] {subprocess.py:96} INFO - Command exited with return code 0
[2023-12-10 19:33:50,228] {taskinstance.py:1420} INFO - Marking task as SUCCESS. dag_id=mi_primer_dag_v3, task_id=primera_tarea, execution_date=20221108T000000, start_date=20231210T193344, end_date=20231210T193350
[2023-12-10 19:33:50,552] {local_task_job.py:156} INFO - Task exited with return code 0
[2023-12-10 19:33:52,154] {local_task_job.py:273} INFO - 0 downstream tasks scheduled from follow-on schedule check
