[2023-12-10 19:41:44,095] {taskinstance.py:1179} INFO - Dependencies all met for <TaskInstance: mi_primer_dag_v3.tercera_tarea scheduled__2023-04-25T00:00:00+00:00 [queued]>
[2023-12-10 19:41:44,275] {taskinstance.py:1179} INFO - Dependencies all met for <TaskInstance: mi_primer_dag_v3.tercera_tarea scheduled__2023-04-25T00:00:00+00:00 [queued]>
[2023-12-10 19:41:44,296] {taskinstance.py:1376} INFO - 
--------------------------------------------------------------------------------
[2023-12-10 19:41:44,312] {taskinstance.py:1377} INFO - Starting attempt 1 of 6
[2023-12-10 19:41:44,330] {taskinstance.py:1378} INFO - 
--------------------------------------------------------------------------------
[2023-12-10 19:41:44,820] {taskinstance.py:1397} INFO - Executing <Task(BashOperator): tercera_tarea> on 2023-04-25 00:00:00+00:00
[2023-12-10 19:41:44,853] {standard_task_runner.py:52} INFO - Started process 2922 to run task
[2023-12-10 19:41:44,986] {standard_task_runner.py:79} INFO - Running: ['***', 'tasks', 'run', 'mi_primer_dag_v3', 'tercera_tarea', 'scheduled__2023-04-25T00:00:00+00:00', '--job-id', '808', '--raw', '--subdir', 'DAGS_FOLDER/primer_dag_v3.py', '--cfg-path', '/tmp/tmpxuvy2_lu', '--error-file', '/tmp/tmpzpzbnl4q']
[2023-12-10 19:41:45,038] {standard_task_runner.py:80} INFO - Job 808: Subtask tercera_tarea
[2023-12-10 19:41:46,138] {task_command.py:371} INFO - Running <TaskInstance: mi_primer_dag_v3.tercera_tarea scheduled__2023-04-25T00:00:00+00:00 [running]> on host 42828894a739
[2023-12-10 19:41:48,212] {taskinstance.py:1591} INFO - Exporting the following env vars:
AIRFLOW_CTX_DAG_OWNER=DavidBU
AIRFLOW_CTX_DAG_ID=mi_primer_dag_v3
AIRFLOW_CTX_TASK_ID=tercera_tarea
AIRFLOW_CTX_EXECUTION_DATE=2023-04-25T00:00:00+00:00
AIRFLOW_CTX_TRY_NUMBER=1
AIRFLOW_CTX_DAG_RUN_ID=scheduled__2023-04-25T00:00:00+00:00
[2023-12-10 19:41:48,224] {subprocess.py:62} INFO - Tmp dir root location: 
 /tmp
[2023-12-10 19:41:48,226] {subprocess.py:74} INFO - Running command: ['bash', '-c', 'echo hola, soy la tarea 3 y sere corrida luego de Tarea 1 al mismo tiempo que Tarea 2']
[2023-12-10 19:41:48,263] {subprocess.py:85} INFO - Output:
[2023-12-10 19:41:48,271] {subprocess.py:92} INFO - hola, soy la tarea 3 y sere corrida luego de Tarea 1 al mismo tiempo que Tarea 2
[2023-12-10 19:41:48,284] {subprocess.py:96} INFO - Command exited with return code 0
[2023-12-10 19:41:48,825] {taskinstance.py:1420} INFO - Marking task as SUCCESS. dag_id=mi_primer_dag_v3, task_id=tercera_tarea, execution_date=20230425T000000, start_date=20231210T194144, end_date=20231210T194148
[2023-12-10 19:41:49,386] {local_task_job.py:156} INFO - Task exited with return code 0
[2023-12-10 19:41:51,827] {local_task_job.py:273} INFO - 0 downstream tasks scheduled from follow-on schedule check
