[2023-12-24 19:23:41,218] {processor.py:153} INFO - Started process (PID=169) to work on /opt/airflow/dags/ETL_Bitcoin.py
[2023-12-24 19:23:41,227] {processor.py:641} INFO - Processing file /opt/airflow/dags/ETL_Bitcoin.py for tasks to queue
[2023-12-24 19:23:41,229] {logging_mixin.py:115} INFO - [2023-12-24 19:23:41,229] {dagbag.py:508} INFO - Filling up the DagBag from /opt/airflow/dags/ETL_Bitcoin.py
[2023-12-24 19:23:49,347] {processor.py:651} INFO - DAG(s) dict_keys(['Bitcoin_ETL']) retrieved from /opt/airflow/dags/ETL_Bitcoin.py
[2023-12-24 19:23:49,748] {logging_mixin.py:115} INFO - [2023-12-24 19:23:49,748] {manager.py:508} INFO - Created Permission View: can read on DAG:Bitcoin_ETL
[2023-12-24 19:23:49,799] {logging_mixin.py:115} INFO - [2023-12-24 19:23:49,799] {manager.py:508} INFO - Created Permission View: can edit on DAG:Bitcoin_ETL
[2023-12-24 19:23:49,827] {logging_mixin.py:115} INFO - [2023-12-24 19:23:49,826] {manager.py:508} INFO - Created Permission View: can delete on DAG:Bitcoin_ETL
[2023-12-24 19:23:49,829] {logging_mixin.py:115} INFO - [2023-12-24 19:23:49,828] {dag.py:2420} INFO - Sync 1 DAGs
[2023-12-24 19:23:49,865] {logging_mixin.py:115} INFO - [2023-12-24 19:23:49,865] {dag.py:2439} INFO - Creating ORM DAG for Bitcoin_ETL
[2023-12-24 19:23:49,924] {logging_mixin.py:115} INFO - [2023-12-24 19:23:49,923] {dag.py:2972} INFO - Setting next_dagrun for Bitcoin_ETL to 2023-12-24T00:00:00+00:00, run_after=2023-12-25T00:00:00+00:00
[2023-12-24 19:23:50,026] {processor.py:161} INFO - Processing /opt/airflow/dags/ETL_Bitcoin.py took 11.111 seconds
[2023-12-24 19:24:02,560] {processor.py:153} INFO - Started process (PID=175) to work on /opt/airflow/dags/ETL_Bitcoin.py
[2023-12-24 19:24:02,562] {processor.py:641} INFO - Processing file /opt/airflow/dags/ETL_Bitcoin.py for tasks to queue
[2023-12-24 19:24:02,570] {logging_mixin.py:115} INFO - [2023-12-24 19:24:02,570] {dagbag.py:508} INFO - Filling up the DagBag from /opt/airflow/dags/ETL_Bitcoin.py
[2023-12-24 19:24:25,895] {processor.py:651} INFO - DAG(s) dict_keys(['Bitcoin_ETL']) retrieved from /opt/airflow/dags/ETL_Bitcoin.py
[2023-12-24 19:24:26,154] {logging_mixin.py:115} INFO - [2023-12-24 19:24:26,151] {dag.py:2420} INFO - Sync 1 DAGs
[2023-12-24 19:24:26,257] {logging_mixin.py:115} INFO - [2023-12-24 19:24:26,257] {dag.py:2972} INFO - Setting next_dagrun for Bitcoin_ETL to 2023-12-24T00:00:00+00:00, run_after=2023-12-25T00:00:00+00:00
[2023-12-24 19:24:26,297] {processor.py:161} INFO - Processing /opt/airflow/dags/ETL_Bitcoin.py took 23.862 seconds
[2023-12-24 19:24:36,681] {processor.py:153} INFO - Started process (PID=181) to work on /opt/airflow/dags/ETL_Bitcoin.py
[2023-12-24 19:24:36,689] {processor.py:641} INFO - Processing file /opt/airflow/dags/ETL_Bitcoin.py for tasks to queue
[2023-12-24 19:24:36,696] {logging_mixin.py:115} INFO - [2023-12-24 19:24:36,696] {dagbag.py:508} INFO - Filling up the DagBag from /opt/airflow/dags/ETL_Bitcoin.py
[2023-12-24 19:24:39,434] {processor.py:651} INFO - DAG(s) dict_keys(['Bitcoin_ETL']) retrieved from /opt/airflow/dags/ETL_Bitcoin.py
[2023-12-24 19:24:39,513] {logging_mixin.py:115} INFO - [2023-12-24 19:24:39,512] {dag.py:2420} INFO - Sync 1 DAGs
[2023-12-24 19:24:39,574] {logging_mixin.py:115} INFO - [2023-12-24 19:24:39,574] {dag.py:2972} INFO - Setting next_dagrun for Bitcoin_ETL to 2023-12-24T00:00:00+00:00, run_after=2023-12-25T00:00:00+00:00
[2023-12-24 19:24:39,612] {processor.py:161} INFO - Processing /opt/airflow/dags/ETL_Bitcoin.py took 2.958 seconds
[2023-12-24 19:24:51,858] {processor.py:153} INFO - Started process (PID=187) to work on /opt/airflow/dags/ETL_Bitcoin.py
[2023-12-24 19:24:51,860] {processor.py:641} INFO - Processing file /opt/airflow/dags/ETL_Bitcoin.py for tasks to queue
[2023-12-24 19:24:51,871] {logging_mixin.py:115} INFO - [2023-12-24 19:24:51,871] {dagbag.py:508} INFO - Filling up the DagBag from /opt/airflow/dags/ETL_Bitcoin.py
[2023-12-24 19:25:04,222] {processor.py:651} INFO - DAG(s) dict_keys(['Bitcoin_ETL']) retrieved from /opt/airflow/dags/ETL_Bitcoin.py
[2023-12-24 19:25:04,764] {logging_mixin.py:115} INFO - [2023-12-24 19:25:04,761] {dag.py:2420} INFO - Sync 1 DAGs
[2023-12-24 19:25:05,494] {logging_mixin.py:115} INFO - [2023-12-24 19:25:05,485] {dag.py:2972} INFO - Setting next_dagrun for Bitcoin_ETL to 2023-12-24T00:00:00+00:00, run_after=2023-12-25T00:00:00+00:00
[2023-12-24 19:25:05,762] {processor.py:161} INFO - Processing /opt/airflow/dags/ETL_Bitcoin.py took 13.914 seconds
[2023-12-24 19:25:16,454] {processor.py:153} INFO - Started process (PID=193) to work on /opt/airflow/dags/ETL_Bitcoin.py
[2023-12-24 19:25:16,457] {processor.py:641} INFO - Processing file /opt/airflow/dags/ETL_Bitcoin.py for tasks to queue
[2023-12-24 19:25:16,490] {logging_mixin.py:115} INFO - [2023-12-24 19:25:16,458] {dagbag.py:508} INFO - Filling up the DagBag from /opt/airflow/dags/ETL_Bitcoin.py
[2023-12-24 19:25:24,891] {processor.py:651} INFO - DAG(s) dict_keys(['Bitcoin_ETL']) retrieved from /opt/airflow/dags/ETL_Bitcoin.py
[2023-12-24 19:25:25,030] {logging_mixin.py:115} INFO - [2023-12-24 19:25:25,029] {dag.py:2420} INFO - Sync 1 DAGs
[2023-12-24 19:25:25,199] {logging_mixin.py:115} INFO - [2023-12-24 19:25:25,198] {dag.py:2972} INFO - Setting next_dagrun for Bitcoin_ETL to 2023-12-24T00:00:00+00:00, run_after=2023-12-25T00:00:00+00:00
[2023-12-24 19:25:25,369] {processor.py:161} INFO - Processing /opt/airflow/dags/ETL_Bitcoin.py took 8.982 seconds
[2023-12-24 19:25:35,711] {processor.py:153} INFO - Started process (PID=199) to work on /opt/airflow/dags/ETL_Bitcoin.py
[2023-12-24 19:25:35,726] {processor.py:641} INFO - Processing file /opt/airflow/dags/ETL_Bitcoin.py for tasks to queue
[2023-12-24 19:25:35,729] {logging_mixin.py:115} INFO - [2023-12-24 19:25:35,728] {dagbag.py:508} INFO - Filling up the DagBag from /opt/airflow/dags/ETL_Bitcoin.py
[2023-12-24 19:25:40,005] {processor.py:651} INFO - DAG(s) dict_keys(['Bitcoin_ETL']) retrieved from /opt/airflow/dags/ETL_Bitcoin.py
[2023-12-24 19:25:40,201] {logging_mixin.py:115} INFO - [2023-12-24 19:25:40,197] {dag.py:2420} INFO - Sync 1 DAGs
[2023-12-24 19:25:40,332] {logging_mixin.py:115} INFO - [2023-12-24 19:25:40,332] {dag.py:2972} INFO - Setting next_dagrun for Bitcoin_ETL to 2023-12-24T00:00:00+00:00, run_after=2023-12-25T00:00:00+00:00
[2023-12-24 19:25:40,414] {processor.py:161} INFO - Processing /opt/airflow/dags/ETL_Bitcoin.py took 4.771 seconds
[2023-12-24 19:25:51,064] {processor.py:153} INFO - Started process (PID=205) to work on /opt/airflow/dags/ETL_Bitcoin.py
[2023-12-24 19:25:51,070] {processor.py:641} INFO - Processing file /opt/airflow/dags/ETL_Bitcoin.py for tasks to queue
[2023-12-24 19:25:51,078] {logging_mixin.py:115} INFO - [2023-12-24 19:25:51,078] {dagbag.py:508} INFO - Filling up the DagBag from /opt/airflow/dags/ETL_Bitcoin.py
[2023-12-24 19:25:55,854] {processor.py:651} INFO - DAG(s) dict_keys(['Bitcoin_ETL']) retrieved from /opt/airflow/dags/ETL_Bitcoin.py
[2023-12-24 19:25:57,203] {logging_mixin.py:115} INFO - [2023-12-24 19:25:57,203] {dag.py:2420} INFO - Sync 1 DAGs
[2023-12-24 19:25:57,236] {logging_mixin.py:115} INFO - [2023-12-24 19:25:57,236] {dag.py:2972} INFO - Setting next_dagrun for Bitcoin_ETL to 2023-12-24T00:00:00+00:00, run_after=2023-12-25T00:00:00+00:00
[2023-12-24 19:25:57,868] {processor.py:161} INFO - Processing /opt/airflow/dags/ETL_Bitcoin.py took 6.835 seconds
[2023-12-24 19:26:10,035] {processor.py:153} INFO - Started process (PID=211) to work on /opt/airflow/dags/ETL_Bitcoin.py
[2023-12-24 19:26:10,037] {processor.py:641} INFO - Processing file /opt/airflow/dags/ETL_Bitcoin.py for tasks to queue
[2023-12-24 19:26:10,038] {logging_mixin.py:115} INFO - [2023-12-24 19:26:10,038] {dagbag.py:508} INFO - Filling up the DagBag from /opt/airflow/dags/ETL_Bitcoin.py
[2023-12-24 19:26:10,759] {processor.py:651} INFO - DAG(s) dict_keys(['Bitcoin_ETL']) retrieved from /opt/airflow/dags/ETL_Bitcoin.py
[2023-12-24 19:26:10,875] {logging_mixin.py:115} INFO - [2023-12-24 19:26:10,874] {dag.py:2420} INFO - Sync 1 DAGs
[2023-12-24 19:26:10,907] {logging_mixin.py:115} INFO - [2023-12-24 19:26:10,907] {dag.py:2972} INFO - Setting next_dagrun for Bitcoin_ETL to 2023-12-24T00:00:00+00:00, run_after=2023-12-25T00:00:00+00:00
[2023-12-24 19:26:11,533] {processor.py:161} INFO - Processing /opt/airflow/dags/ETL_Bitcoin.py took 1.504 seconds
[2023-12-24 19:26:22,363] {processor.py:153} INFO - Started process (PID=217) to work on /opt/airflow/dags/ETL_Bitcoin.py
[2023-12-24 19:26:22,364] {processor.py:641} INFO - Processing file /opt/airflow/dags/ETL_Bitcoin.py for tasks to queue
[2023-12-24 19:26:22,366] {logging_mixin.py:115} INFO - [2023-12-24 19:26:22,366] {dagbag.py:508} INFO - Filling up the DagBag from /opt/airflow/dags/ETL_Bitcoin.py
[2023-12-24 19:26:24,368] {processor.py:651} INFO - DAG(s) dict_keys(['Bitcoin_ETL']) retrieved from /opt/airflow/dags/ETL_Bitcoin.py
[2023-12-24 19:26:24,577] {logging_mixin.py:115} INFO - [2023-12-24 19:26:24,575] {dag.py:2420} INFO - Sync 1 DAGs
[2023-12-24 19:26:24,659] {logging_mixin.py:115} INFO - [2023-12-24 19:26:24,659] {dag.py:2972} INFO - Setting next_dagrun for Bitcoin_ETL to 2023-12-24T00:00:00+00:00, run_after=2023-12-25T00:00:00+00:00
[2023-12-24 19:26:24,757] {processor.py:161} INFO - Processing /opt/airflow/dags/ETL_Bitcoin.py took 2.399 seconds
[2023-12-24 19:26:35,469] {processor.py:153} INFO - Started process (PID=223) to work on /opt/airflow/dags/ETL_Bitcoin.py
[2023-12-24 19:26:35,488] {processor.py:641} INFO - Processing file /opt/airflow/dags/ETL_Bitcoin.py for tasks to queue
[2023-12-24 19:26:35,501] {logging_mixin.py:115} INFO - [2023-12-24 19:26:35,501] {dagbag.py:508} INFO - Filling up the DagBag from /opt/airflow/dags/ETL_Bitcoin.py
[2023-12-24 19:26:39,553] {processor.py:651} INFO - DAG(s) dict_keys(['Bitcoin_ETL']) retrieved from /opt/airflow/dags/ETL_Bitcoin.py
[2023-12-24 19:26:39,689] {logging_mixin.py:115} INFO - [2023-12-24 19:26:39,687] {dag.py:2420} INFO - Sync 1 DAGs
[2023-12-24 19:26:39,841] {logging_mixin.py:115} INFO - [2023-12-24 19:26:39,840] {dag.py:2972} INFO - Setting next_dagrun for Bitcoin_ETL to 2023-12-24T00:00:00+00:00, run_after=2023-12-25T00:00:00+00:00
[2023-12-24 19:26:39,914] {processor.py:161} INFO - Processing /opt/airflow/dags/ETL_Bitcoin.py took 4.611 seconds
[2023-12-24 19:26:50,285] {processor.py:153} INFO - Started process (PID=229) to work on /opt/airflow/dags/ETL_Bitcoin.py
[2023-12-24 19:26:50,293] {processor.py:641} INFO - Processing file /opt/airflow/dags/ETL_Bitcoin.py for tasks to queue
[2023-12-24 19:26:50,300] {logging_mixin.py:115} INFO - [2023-12-24 19:26:50,300] {dagbag.py:508} INFO - Filling up the DagBag from /opt/airflow/dags/ETL_Bitcoin.py
[2023-12-24 19:26:51,573] {processor.py:651} INFO - DAG(s) dict_keys(['Bitcoin_ETL']) retrieved from /opt/airflow/dags/ETL_Bitcoin.py
[2023-12-24 19:26:51,614] {logging_mixin.py:115} INFO - [2023-12-24 19:26:51,613] {dag.py:2420} INFO - Sync 1 DAGs
[2023-12-24 19:26:51,652] {logging_mixin.py:115} INFO - [2023-12-24 19:26:51,652] {dag.py:2972} INFO - Setting next_dagrun for Bitcoin_ETL to 2023-12-24T00:00:00+00:00, run_after=2023-12-25T00:00:00+00:00
[2023-12-24 19:26:51,679] {processor.py:161} INFO - Processing /opt/airflow/dags/ETL_Bitcoin.py took 1.417 seconds
[2023-12-24 19:27:01,820] {processor.py:153} INFO - Started process (PID=235) to work on /opt/airflow/dags/ETL_Bitcoin.py
[2023-12-24 19:27:01,822] {processor.py:641} INFO - Processing file /opt/airflow/dags/ETL_Bitcoin.py for tasks to queue
[2023-12-24 19:27:01,824] {logging_mixin.py:115} INFO - [2023-12-24 19:27:01,824] {dagbag.py:508} INFO - Filling up the DagBag from /opt/airflow/dags/ETL_Bitcoin.py
[2023-12-24 19:27:02,596] {processor.py:651} INFO - DAG(s) dict_keys(['Bitcoin_ETL']) retrieved from /opt/airflow/dags/ETL_Bitcoin.py
[2023-12-24 19:27:02,636] {logging_mixin.py:115} INFO - [2023-12-24 19:27:02,635] {dag.py:2420} INFO - Sync 1 DAGs
[2023-12-24 19:27:02,679] {logging_mixin.py:115} INFO - [2023-12-24 19:27:02,678] {dag.py:2972} INFO - Setting next_dagrun for Bitcoin_ETL to 2023-12-24T00:00:00+00:00, run_after=2023-12-25T00:00:00+00:00
[2023-12-24 19:27:02,704] {processor.py:161} INFO - Processing /opt/airflow/dags/ETL_Bitcoin.py took 0.894 seconds
[2023-12-24 19:27:12,954] {processor.py:153} INFO - Started process (PID=241) to work on /opt/airflow/dags/ETL_Bitcoin.py
[2023-12-24 19:27:12,955] {processor.py:641} INFO - Processing file /opt/airflow/dags/ETL_Bitcoin.py for tasks to queue
[2023-12-24 19:27:12,957] {logging_mixin.py:115} INFO - [2023-12-24 19:27:12,957] {dagbag.py:508} INFO - Filling up the DagBag from /opt/airflow/dags/ETL_Bitcoin.py
[2023-12-24 19:27:13,690] {processor.py:651} INFO - DAG(s) dict_keys(['Bitcoin_ETL']) retrieved from /opt/airflow/dags/ETL_Bitcoin.py
[2023-12-24 19:27:13,728] {logging_mixin.py:115} INFO - [2023-12-24 19:27:13,727] {dag.py:2420} INFO - Sync 1 DAGs
[2023-12-24 19:27:13,776] {logging_mixin.py:115} INFO - [2023-12-24 19:27:13,775] {dag.py:2972} INFO - Setting next_dagrun for Bitcoin_ETL to 2023-12-24T00:00:00+00:00, run_after=2023-12-25T00:00:00+00:00
[2023-12-24 19:27:13,808] {processor.py:161} INFO - Processing /opt/airflow/dags/ETL_Bitcoin.py took 0.865 seconds
[2023-12-24 19:27:23,939] {processor.py:153} INFO - Started process (PID=252) to work on /opt/airflow/dags/ETL_Bitcoin.py
[2023-12-24 19:27:23,940] {processor.py:641} INFO - Processing file /opt/airflow/dags/ETL_Bitcoin.py for tasks to queue
[2023-12-24 19:27:23,942] {logging_mixin.py:115} INFO - [2023-12-24 19:27:23,941] {dagbag.py:508} INFO - Filling up the DagBag from /opt/airflow/dags/ETL_Bitcoin.py
[2023-12-24 19:27:24,648] {processor.py:651} INFO - DAG(s) dict_keys(['Bitcoin_ETL']) retrieved from /opt/airflow/dags/ETL_Bitcoin.py
[2023-12-24 19:27:24,700] {logging_mixin.py:115} INFO - [2023-12-24 19:27:24,699] {dag.py:2420} INFO - Sync 1 DAGs
[2023-12-24 19:27:24,768] {logging_mixin.py:115} INFO - [2023-12-24 19:27:24,768] {dag.py:2972} INFO - Setting next_dagrun for Bitcoin_ETL to 2023-12-24T00:00:00+00:00, run_after=2023-12-25T00:00:00+00:00
[2023-12-24 19:27:25,198] {processor.py:161} INFO - Processing /opt/airflow/dags/ETL_Bitcoin.py took 1.265 seconds
[2023-12-24 19:27:35,370] {processor.py:153} INFO - Started process (PID=265) to work on /opt/airflow/dags/ETL_Bitcoin.py
[2023-12-24 19:27:35,371] {processor.py:641} INFO - Processing file /opt/airflow/dags/ETL_Bitcoin.py for tasks to queue
[2023-12-24 19:27:35,373] {logging_mixin.py:115} INFO - [2023-12-24 19:27:35,373] {dagbag.py:508} INFO - Filling up the DagBag from /opt/airflow/dags/ETL_Bitcoin.py
[2023-12-24 19:27:35,996] {processor.py:651} INFO - DAG(s) dict_keys(['Bitcoin_ETL']) retrieved from /opt/airflow/dags/ETL_Bitcoin.py
[2023-12-24 19:27:36,027] {logging_mixin.py:115} INFO - [2023-12-24 19:27:36,026] {dag.py:2420} INFO - Sync 1 DAGs
[2023-12-24 19:27:36,092] {logging_mixin.py:115} INFO - [2023-12-24 19:27:36,092] {dag.py:2972} INFO - Setting next_dagrun for Bitcoin_ETL to 2023-12-24T00:00:00+00:00, run_after=2023-12-25T00:00:00+00:00
[2023-12-24 19:27:36,120] {processor.py:161} INFO - Processing /opt/airflow/dags/ETL_Bitcoin.py took 0.760 seconds
[2023-12-24 19:27:46,250] {processor.py:153} INFO - Started process (PID=271) to work on /opt/airflow/dags/ETL_Bitcoin.py
[2023-12-24 19:27:46,252] {processor.py:641} INFO - Processing file /opt/airflow/dags/ETL_Bitcoin.py for tasks to queue
[2023-12-24 19:27:46,254] {logging_mixin.py:115} INFO - [2023-12-24 19:27:46,254] {dagbag.py:508} INFO - Filling up the DagBag from /opt/airflow/dags/ETL_Bitcoin.py
[2023-12-24 19:27:46,842] {processor.py:651} INFO - DAG(s) dict_keys(['Bitcoin_ETL']) retrieved from /opt/airflow/dags/ETL_Bitcoin.py
[2023-12-24 19:27:46,878] {logging_mixin.py:115} INFO - [2023-12-24 19:27:46,877] {dag.py:2420} INFO - Sync 1 DAGs
[2023-12-24 19:27:46,913] {logging_mixin.py:115} INFO - [2023-12-24 19:27:46,913] {dag.py:2972} INFO - Setting next_dagrun for Bitcoin_ETL to 2023-12-24T00:00:00+00:00, run_after=2023-12-25T00:00:00+00:00
[2023-12-24 19:27:46,946] {processor.py:161} INFO - Processing /opt/airflow/dags/ETL_Bitcoin.py took 0.706 seconds
[2023-12-24 19:27:57,108] {processor.py:153} INFO - Started process (PID=277) to work on /opt/airflow/dags/ETL_Bitcoin.py
[2023-12-24 19:27:57,109] {processor.py:641} INFO - Processing file /opt/airflow/dags/ETL_Bitcoin.py for tasks to queue
[2023-12-24 19:27:57,110] {logging_mixin.py:115} INFO - [2023-12-24 19:27:57,110] {dagbag.py:508} INFO - Filling up the DagBag from /opt/airflow/dags/ETL_Bitcoin.py
[2023-12-24 19:27:57,768] {processor.py:651} INFO - DAG(s) dict_keys(['Bitcoin_ETL']) retrieved from /opt/airflow/dags/ETL_Bitcoin.py
[2023-12-24 19:27:57,803] {logging_mixin.py:115} INFO - [2023-12-24 19:27:57,803] {dag.py:2420} INFO - Sync 1 DAGs
[2023-12-24 19:27:57,841] {logging_mixin.py:115} INFO - [2023-12-24 19:27:57,841] {dag.py:2972} INFO - Setting next_dagrun for Bitcoin_ETL to 2023-12-24T00:00:00+00:00, run_after=2023-12-25T00:00:00+00:00
[2023-12-24 19:27:57,930] {processor.py:161} INFO - Processing /opt/airflow/dags/ETL_Bitcoin.py took 0.827 seconds
[2023-12-24 19:28:08,079] {processor.py:153} INFO - Started process (PID=283) to work on /opt/airflow/dags/ETL_Bitcoin.py
[2023-12-24 19:28:08,084] {processor.py:641} INFO - Processing file /opt/airflow/dags/ETL_Bitcoin.py for tasks to queue
[2023-12-24 19:28:08,086] {logging_mixin.py:115} INFO - [2023-12-24 19:28:08,085] {dagbag.py:508} INFO - Filling up the DagBag from /opt/airflow/dags/ETL_Bitcoin.py
[2023-12-24 19:28:08,759] {processor.py:651} INFO - DAG(s) dict_keys(['Bitcoin_ETL']) retrieved from /opt/airflow/dags/ETL_Bitcoin.py
[2023-12-24 19:28:08,791] {logging_mixin.py:115} INFO - [2023-12-24 19:28:08,791] {dag.py:2420} INFO - Sync 1 DAGs
[2023-12-24 19:28:08,825] {logging_mixin.py:115} INFO - [2023-12-24 19:28:08,825] {dag.py:2972} INFO - Setting next_dagrun for Bitcoin_ETL to 2023-12-24T00:00:00+00:00, run_after=2023-12-25T00:00:00+00:00
[2023-12-24 19:28:08,853] {processor.py:161} INFO - Processing /opt/airflow/dags/ETL_Bitcoin.py took 0.780 seconds
[2023-12-24 19:28:19,027] {processor.py:153} INFO - Started process (PID=289) to work on /opt/airflow/dags/ETL_Bitcoin.py
[2023-12-24 19:28:19,028] {processor.py:641} INFO - Processing file /opt/airflow/dags/ETL_Bitcoin.py for tasks to queue
[2023-12-24 19:28:19,029] {logging_mixin.py:115} INFO - [2023-12-24 19:28:19,029] {dagbag.py:508} INFO - Filling up the DagBag from /opt/airflow/dags/ETL_Bitcoin.py
[2023-12-24 19:28:19,796] {processor.py:651} INFO - DAG(s) dict_keys(['Bitcoin_ETL']) retrieved from /opt/airflow/dags/ETL_Bitcoin.py
[2023-12-24 19:28:19,828] {logging_mixin.py:115} INFO - [2023-12-24 19:28:19,828] {dag.py:2420} INFO - Sync 1 DAGs
[2023-12-24 19:28:19,865] {logging_mixin.py:115} INFO - [2023-12-24 19:28:19,865] {dag.py:2972} INFO - Setting next_dagrun for Bitcoin_ETL to 2023-12-24T00:00:00+00:00, run_after=2023-12-25T00:00:00+00:00
[2023-12-24 19:28:19,889] {processor.py:161} INFO - Processing /opt/airflow/dags/ETL_Bitcoin.py took 0.867 seconds
[2023-12-24 19:28:29,997] {processor.py:153} INFO - Started process (PID=295) to work on /opt/airflow/dags/ETL_Bitcoin.py
[2023-12-24 19:28:29,999] {processor.py:641} INFO - Processing file /opt/airflow/dags/ETL_Bitcoin.py for tasks to queue
[2023-12-24 19:28:30,001] {logging_mixin.py:115} INFO - [2023-12-24 19:28:30,000] {dagbag.py:508} INFO - Filling up the DagBag from /opt/airflow/dags/ETL_Bitcoin.py
[2023-12-24 19:28:30,665] {processor.py:651} INFO - DAG(s) dict_keys(['Bitcoin_ETL']) retrieved from /opt/airflow/dags/ETL_Bitcoin.py
[2023-12-24 19:28:30,697] {logging_mixin.py:115} INFO - [2023-12-24 19:28:30,697] {dag.py:2420} INFO - Sync 1 DAGs
[2023-12-24 19:28:30,735] {logging_mixin.py:115} INFO - [2023-12-24 19:28:30,735] {dag.py:2972} INFO - Setting next_dagrun for Bitcoin_ETL to 2023-12-24T00:00:00+00:00, run_after=2023-12-25T00:00:00+00:00
[2023-12-24 19:28:30,758] {processor.py:161} INFO - Processing /opt/airflow/dags/ETL_Bitcoin.py took 0.766 seconds
[2023-12-24 19:28:40,871] {processor.py:153} INFO - Started process (PID=301) to work on /opt/airflow/dags/ETL_Bitcoin.py
[2023-12-24 19:28:40,872] {processor.py:641} INFO - Processing file /opt/airflow/dags/ETL_Bitcoin.py for tasks to queue
[2023-12-24 19:28:40,874] {logging_mixin.py:115} INFO - [2023-12-24 19:28:40,874] {dagbag.py:508} INFO - Filling up the DagBag from /opt/airflow/dags/ETL_Bitcoin.py
[2023-12-24 19:28:41,544] {processor.py:651} INFO - DAG(s) dict_keys(['Bitcoin_ETL']) retrieved from /opt/airflow/dags/ETL_Bitcoin.py
[2023-12-24 19:28:41,587] {logging_mixin.py:115} INFO - [2023-12-24 19:28:41,586] {dag.py:2420} INFO - Sync 1 DAGs
[2023-12-24 19:28:41,634] {logging_mixin.py:115} INFO - [2023-12-24 19:28:41,634] {dag.py:2972} INFO - Setting next_dagrun for Bitcoin_ETL to 2023-12-24T00:00:00+00:00, run_after=2023-12-25T00:00:00+00:00
[2023-12-24 19:28:41,656] {processor.py:161} INFO - Processing /opt/airflow/dags/ETL_Bitcoin.py took 0.790 seconds
[2023-12-24 19:28:51,777] {processor.py:153} INFO - Started process (PID=307) to work on /opt/airflow/dags/ETL_Bitcoin.py
[2023-12-24 19:28:51,779] {processor.py:641} INFO - Processing file /opt/airflow/dags/ETL_Bitcoin.py for tasks to queue
[2023-12-24 19:28:51,782] {logging_mixin.py:115} INFO - [2023-12-24 19:28:51,782] {dagbag.py:508} INFO - Filling up the DagBag from /opt/airflow/dags/ETL_Bitcoin.py
[2023-12-24 19:28:52,407] {processor.py:651} INFO - DAG(s) dict_keys(['Bitcoin_ETL']) retrieved from /opt/airflow/dags/ETL_Bitcoin.py
[2023-12-24 19:28:52,477] {logging_mixin.py:115} INFO - [2023-12-24 19:28:52,475] {dag.py:2420} INFO - Sync 1 DAGs
[2023-12-24 19:28:52,524] {logging_mixin.py:115} INFO - [2023-12-24 19:28:52,524] {dag.py:2972} INFO - Setting next_dagrun for Bitcoin_ETL to 2023-12-24T00:00:00+00:00, run_after=2023-12-25T00:00:00+00:00
[2023-12-24 19:28:52,551] {processor.py:161} INFO - Processing /opt/airflow/dags/ETL_Bitcoin.py took 0.779 seconds
[2023-12-24 19:29:02,688] {processor.py:153} INFO - Started process (PID=313) to work on /opt/airflow/dags/ETL_Bitcoin.py
[2023-12-24 19:29:02,689] {processor.py:641} INFO - Processing file /opt/airflow/dags/ETL_Bitcoin.py for tasks to queue
[2023-12-24 19:29:02,691] {logging_mixin.py:115} INFO - [2023-12-24 19:29:02,691] {dagbag.py:508} INFO - Filling up the DagBag from /opt/airflow/dags/ETL_Bitcoin.py
[2023-12-24 19:29:03,387] {processor.py:651} INFO - DAG(s) dict_keys(['Bitcoin_ETL']) retrieved from /opt/airflow/dags/ETL_Bitcoin.py
[2023-12-24 19:29:03,420] {logging_mixin.py:115} INFO - [2023-12-24 19:29:03,420] {dag.py:2420} INFO - Sync 1 DAGs
[2023-12-24 19:29:03,453] {logging_mixin.py:115} INFO - [2023-12-24 19:29:03,453] {dag.py:2972} INFO - Setting next_dagrun for Bitcoin_ETL to 2023-12-24T00:00:00+00:00, run_after=2023-12-25T00:00:00+00:00
[2023-12-24 19:29:03,475] {processor.py:161} INFO - Processing /opt/airflow/dags/ETL_Bitcoin.py took 0.793 seconds
[2023-12-24 19:29:13,599] {processor.py:153} INFO - Started process (PID=319) to work on /opt/airflow/dags/ETL_Bitcoin.py
[2023-12-24 19:29:13,600] {processor.py:641} INFO - Processing file /opt/airflow/dags/ETL_Bitcoin.py for tasks to queue
[2023-12-24 19:29:13,603] {logging_mixin.py:115} INFO - [2023-12-24 19:29:13,603] {dagbag.py:508} INFO - Filling up the DagBag from /opt/airflow/dags/ETL_Bitcoin.py
[2023-12-24 19:29:14,266] {processor.py:651} INFO - DAG(s) dict_keys(['Bitcoin_ETL']) retrieved from /opt/airflow/dags/ETL_Bitcoin.py
[2023-12-24 19:29:14,298] {logging_mixin.py:115} INFO - [2023-12-24 19:29:14,297] {dag.py:2420} INFO - Sync 1 DAGs
[2023-12-24 19:29:14,333] {logging_mixin.py:115} INFO - [2023-12-24 19:29:14,333] {dag.py:2972} INFO - Setting next_dagrun for Bitcoin_ETL to 2023-12-24T00:00:00+00:00, run_after=2023-12-25T00:00:00+00:00
[2023-12-24 19:29:14,353] {processor.py:161} INFO - Processing /opt/airflow/dags/ETL_Bitcoin.py took 0.762 seconds
[2023-12-24 19:29:24,467] {processor.py:153} INFO - Started process (PID=325) to work on /opt/airflow/dags/ETL_Bitcoin.py
[2023-12-24 19:29:24,468] {processor.py:641} INFO - Processing file /opt/airflow/dags/ETL_Bitcoin.py for tasks to queue
[2023-12-24 19:29:24,470] {logging_mixin.py:115} INFO - [2023-12-24 19:29:24,470] {dagbag.py:508} INFO - Filling up the DagBag from /opt/airflow/dags/ETL_Bitcoin.py
[2023-12-24 19:29:25,201] {processor.py:651} INFO - DAG(s) dict_keys(['Bitcoin_ETL']) retrieved from /opt/airflow/dags/ETL_Bitcoin.py
[2023-12-24 19:29:25,251] {logging_mixin.py:115} INFO - [2023-12-24 19:29:25,250] {dag.py:2420} INFO - Sync 1 DAGs
[2023-12-24 19:29:25,312] {logging_mixin.py:115} INFO - [2023-12-24 19:29:25,312] {dag.py:2972} INFO - Setting next_dagrun for Bitcoin_ETL to 2023-12-24T00:00:00+00:00, run_after=2023-12-25T00:00:00+00:00
[2023-12-24 19:29:25,339] {processor.py:161} INFO - Processing /opt/airflow/dags/ETL_Bitcoin.py took 0.879 seconds
[2023-12-24 19:29:35,489] {processor.py:153} INFO - Started process (PID=331) to work on /opt/airflow/dags/ETL_Bitcoin.py
[2023-12-24 19:29:35,491] {processor.py:641} INFO - Processing file /opt/airflow/dags/ETL_Bitcoin.py for tasks to queue
[2023-12-24 19:29:35,493] {logging_mixin.py:115} INFO - [2023-12-24 19:29:35,493] {dagbag.py:508} INFO - Filling up the DagBag from /opt/airflow/dags/ETL_Bitcoin.py
[2023-12-24 19:29:36,125] {processor.py:651} INFO - DAG(s) dict_keys(['Bitcoin_ETL']) retrieved from /opt/airflow/dags/ETL_Bitcoin.py
[2023-12-24 19:29:36,157] {logging_mixin.py:115} INFO - [2023-12-24 19:29:36,157] {dag.py:2420} INFO - Sync 1 DAGs
[2023-12-24 19:29:36,192] {logging_mixin.py:115} INFO - [2023-12-24 19:29:36,192] {dag.py:2972} INFO - Setting next_dagrun for Bitcoin_ETL to 2023-12-24T00:00:00+00:00, run_after=2023-12-25T00:00:00+00:00
[2023-12-24 19:29:36,213] {processor.py:161} INFO - Processing /opt/airflow/dags/ETL_Bitcoin.py took 0.730 seconds
[2023-12-24 19:29:46,330] {processor.py:153} INFO - Started process (PID=337) to work on /opt/airflow/dags/ETL_Bitcoin.py
[2023-12-24 19:29:46,331] {processor.py:641} INFO - Processing file /opt/airflow/dags/ETL_Bitcoin.py for tasks to queue
[2023-12-24 19:29:46,333] {logging_mixin.py:115} INFO - [2023-12-24 19:29:46,333] {dagbag.py:508} INFO - Filling up the DagBag from /opt/airflow/dags/ETL_Bitcoin.py
[2023-12-24 19:29:47,022] {processor.py:651} INFO - DAG(s) dict_keys(['Bitcoin_ETL']) retrieved from /opt/airflow/dags/ETL_Bitcoin.py
[2023-12-24 19:29:47,053] {logging_mixin.py:115} INFO - [2023-12-24 19:29:47,053] {dag.py:2420} INFO - Sync 1 DAGs
[2023-12-24 19:29:47,088] {logging_mixin.py:115} INFO - [2023-12-24 19:29:47,088] {dag.py:2972} INFO - Setting next_dagrun for Bitcoin_ETL to 2023-12-24T00:00:00+00:00, run_after=2023-12-25T00:00:00+00:00
[2023-12-24 19:29:47,111] {processor.py:161} INFO - Processing /opt/airflow/dags/ETL_Bitcoin.py took 0.787 seconds
[2023-12-24 19:29:57,223] {processor.py:153} INFO - Started process (PID=343) to work on /opt/airflow/dags/ETL_Bitcoin.py
[2023-12-24 19:29:57,225] {processor.py:641} INFO - Processing file /opt/airflow/dags/ETL_Bitcoin.py for tasks to queue
[2023-12-24 19:29:57,226] {logging_mixin.py:115} INFO - [2023-12-24 19:29:57,226] {dagbag.py:508} INFO - Filling up the DagBag from /opt/airflow/dags/ETL_Bitcoin.py
[2023-12-24 19:29:57,863] {processor.py:651} INFO - DAG(s) dict_keys(['Bitcoin_ETL']) retrieved from /opt/airflow/dags/ETL_Bitcoin.py
[2023-12-24 19:29:57,896] {logging_mixin.py:115} INFO - [2023-12-24 19:29:57,895] {dag.py:2420} INFO - Sync 1 DAGs
[2023-12-24 19:29:57,934] {logging_mixin.py:115} INFO - [2023-12-24 19:29:57,934] {dag.py:2972} INFO - Setting next_dagrun for Bitcoin_ETL to 2023-12-24T00:00:00+00:00, run_after=2023-12-25T00:00:00+00:00
[2023-12-24 19:29:58,205] {processor.py:161} INFO - Processing /opt/airflow/dags/ETL_Bitcoin.py took 0.989 seconds
[2023-12-24 19:30:08,321] {processor.py:153} INFO - Started process (PID=349) to work on /opt/airflow/dags/ETL_Bitcoin.py
[2023-12-24 19:30:08,322] {processor.py:641} INFO - Processing file /opt/airflow/dags/ETL_Bitcoin.py for tasks to queue
[2023-12-24 19:30:08,324] {logging_mixin.py:115} INFO - [2023-12-24 19:30:08,323] {dagbag.py:508} INFO - Filling up the DagBag from /opt/airflow/dags/ETL_Bitcoin.py
[2023-12-24 19:30:09,004] {processor.py:651} INFO - DAG(s) dict_keys(['Bitcoin_ETL']) retrieved from /opt/airflow/dags/ETL_Bitcoin.py
[2023-12-24 19:30:09,044] {logging_mixin.py:115} INFO - [2023-12-24 19:30:09,044] {dag.py:2420} INFO - Sync 1 DAGs
[2023-12-24 19:30:09,083] {logging_mixin.py:115} INFO - [2023-12-24 19:30:09,083] {dag.py:2972} INFO - Setting next_dagrun for Bitcoin_ETL to 2023-12-24T00:00:00+00:00, run_after=2023-12-25T00:00:00+00:00
[2023-12-24 19:30:09,105] {processor.py:161} INFO - Processing /opt/airflow/dags/ETL_Bitcoin.py took 0.791 seconds
[2023-12-24 19:30:19,221] {processor.py:153} INFO - Started process (PID=355) to work on /opt/airflow/dags/ETL_Bitcoin.py
[2023-12-24 19:30:19,222] {processor.py:641} INFO - Processing file /opt/airflow/dags/ETL_Bitcoin.py for tasks to queue
[2023-12-24 19:30:19,223] {logging_mixin.py:115} INFO - [2023-12-24 19:30:19,223] {dagbag.py:508} INFO - Filling up the DagBag from /opt/airflow/dags/ETL_Bitcoin.py
[2023-12-24 19:30:19,894] {processor.py:651} INFO - DAG(s) dict_keys(['Bitcoin_ETL']) retrieved from /opt/airflow/dags/ETL_Bitcoin.py
[2023-12-24 19:30:19,933] {logging_mixin.py:115} INFO - [2023-12-24 19:30:19,932] {dag.py:2420} INFO - Sync 1 DAGs
[2023-12-24 19:30:19,980] {logging_mixin.py:115} INFO - [2023-12-24 19:30:19,980] {dag.py:2972} INFO - Setting next_dagrun for Bitcoin_ETL to 2023-12-24T00:00:00+00:00, run_after=2023-12-25T00:00:00+00:00
[2023-12-24 19:30:20,007] {processor.py:161} INFO - Processing /opt/airflow/dags/ETL_Bitcoin.py took 0.792 seconds
[2023-12-24 19:30:30,120] {processor.py:153} INFO - Started process (PID=361) to work on /opt/airflow/dags/ETL_Bitcoin.py
[2023-12-24 19:30:30,122] {processor.py:641} INFO - Processing file /opt/airflow/dags/ETL_Bitcoin.py for tasks to queue
[2023-12-24 19:30:30,123] {logging_mixin.py:115} INFO - [2023-12-24 19:30:30,123] {dagbag.py:508} INFO - Filling up the DagBag from /opt/airflow/dags/ETL_Bitcoin.py
[2023-12-24 19:30:30,795] {processor.py:651} INFO - DAG(s) dict_keys(['Bitcoin_ETL']) retrieved from /opt/airflow/dags/ETL_Bitcoin.py
[2023-12-24 19:30:30,829] {logging_mixin.py:115} INFO - [2023-12-24 19:30:30,829] {dag.py:2420} INFO - Sync 1 DAGs
[2023-12-24 19:30:30,864] {logging_mixin.py:115} INFO - [2023-12-24 19:30:30,864] {dag.py:2972} INFO - Setting next_dagrun for Bitcoin_ETL to 2023-12-24T00:00:00+00:00, run_after=2023-12-25T00:00:00+00:00
[2023-12-24 19:30:30,887] {processor.py:161} INFO - Processing /opt/airflow/dags/ETL_Bitcoin.py took 0.776 seconds
[2023-12-24 19:30:41,186] {processor.py:153} INFO - Started process (PID=367) to work on /opt/airflow/dags/ETL_Bitcoin.py
[2023-12-24 19:30:41,193] {processor.py:641} INFO - Processing file /opt/airflow/dags/ETL_Bitcoin.py for tasks to queue
[2023-12-24 19:30:41,209] {logging_mixin.py:115} INFO - [2023-12-24 19:30:41,208] {dagbag.py:508} INFO - Filling up the DagBag from /opt/airflow/dags/ETL_Bitcoin.py
[2023-12-24 19:30:42,161] {processor.py:651} INFO - DAG(s) dict_keys(['Bitcoin_ETL']) retrieved from /opt/airflow/dags/ETL_Bitcoin.py
[2023-12-24 19:30:42,202] {logging_mixin.py:115} INFO - [2023-12-24 19:30:42,202] {dag.py:2420} INFO - Sync 1 DAGs
[2023-12-24 19:30:42,241] {logging_mixin.py:115} INFO - [2023-12-24 19:30:42,241] {dag.py:2972} INFO - Setting next_dagrun for Bitcoin_ETL to 2023-12-24T00:00:00+00:00, run_after=2023-12-25T00:00:00+00:00
[2023-12-24 19:30:42,259] {processor.py:161} INFO - Processing /opt/airflow/dags/ETL_Bitcoin.py took 1.082 seconds
[2023-12-24 19:30:52,377] {processor.py:153} INFO - Started process (PID=373) to work on /opt/airflow/dags/ETL_Bitcoin.py
[2023-12-24 19:30:52,378] {processor.py:641} INFO - Processing file /opt/airflow/dags/ETL_Bitcoin.py for tasks to queue
[2023-12-24 19:30:52,380] {logging_mixin.py:115} INFO - [2023-12-24 19:30:52,379] {dagbag.py:508} INFO - Filling up the DagBag from /opt/airflow/dags/ETL_Bitcoin.py
[2023-12-24 19:30:53,070] {processor.py:651} INFO - DAG(s) dict_keys(['Bitcoin_ETL']) retrieved from /opt/airflow/dags/ETL_Bitcoin.py
[2023-12-24 19:30:53,102] {logging_mixin.py:115} INFO - [2023-12-24 19:30:53,102] {dag.py:2420} INFO - Sync 1 DAGs
[2023-12-24 19:30:53,137] {logging_mixin.py:115} INFO - [2023-12-24 19:30:53,137] {dag.py:2972} INFO - Setting next_dagrun for Bitcoin_ETL to 2023-12-24T00:00:00+00:00, run_after=2023-12-25T00:00:00+00:00
[2023-12-24 19:30:53,160] {processor.py:161} INFO - Processing /opt/airflow/dags/ETL_Bitcoin.py took 0.789 seconds
[2023-12-24 19:31:03,263] {processor.py:153} INFO - Started process (PID=379) to work on /opt/airflow/dags/ETL_Bitcoin.py
[2023-12-24 19:31:03,265] {processor.py:641} INFO - Processing file /opt/airflow/dags/ETL_Bitcoin.py for tasks to queue
[2023-12-24 19:31:03,266] {logging_mixin.py:115} INFO - [2023-12-24 19:31:03,266] {dagbag.py:508} INFO - Filling up the DagBag from /opt/airflow/dags/ETL_Bitcoin.py
[2023-12-24 19:31:03,904] {processor.py:651} INFO - DAG(s) dict_keys(['Bitcoin_ETL']) retrieved from /opt/airflow/dags/ETL_Bitcoin.py
[2023-12-24 19:31:03,937] {logging_mixin.py:115} INFO - [2023-12-24 19:31:03,936] {dag.py:2420} INFO - Sync 1 DAGs
[2023-12-24 19:31:03,974] {logging_mixin.py:115} INFO - [2023-12-24 19:31:03,973] {dag.py:2972} INFO - Setting next_dagrun for Bitcoin_ETL to 2023-12-24T00:00:00+00:00, run_after=2023-12-25T00:00:00+00:00
[2023-12-24 19:31:03,997] {processor.py:161} INFO - Processing /opt/airflow/dags/ETL_Bitcoin.py took 0.739 seconds
[2023-12-24 19:31:14,175] {processor.py:153} INFO - Started process (PID=385) to work on /opt/airflow/dags/ETL_Bitcoin.py
[2023-12-24 19:31:14,176] {processor.py:641} INFO - Processing file /opt/airflow/dags/ETL_Bitcoin.py for tasks to queue
[2023-12-24 19:31:14,177] {logging_mixin.py:115} INFO - [2023-12-24 19:31:14,177] {dagbag.py:508} INFO - Filling up the DagBag from /opt/airflow/dags/ETL_Bitcoin.py
[2023-12-24 19:31:14,944] {processor.py:651} INFO - DAG(s) dict_keys(['Bitcoin_ETL']) retrieved from /opt/airflow/dags/ETL_Bitcoin.py
[2023-12-24 19:31:14,984] {logging_mixin.py:115} INFO - [2023-12-24 19:31:14,982] {dag.py:2420} INFO - Sync 1 DAGs
[2023-12-24 19:31:15,018] {logging_mixin.py:115} INFO - [2023-12-24 19:31:15,018] {dag.py:2972} INFO - Setting next_dagrun for Bitcoin_ETL to 2023-12-24T00:00:00+00:00, run_after=2023-12-25T00:00:00+00:00
[2023-12-24 19:31:15,041] {processor.py:161} INFO - Processing /opt/airflow/dags/ETL_Bitcoin.py took 0.874 seconds
[2023-12-24 19:31:25,162] {processor.py:153} INFO - Started process (PID=391) to work on /opt/airflow/dags/ETL_Bitcoin.py
[2023-12-24 19:31:25,165] {processor.py:641} INFO - Processing file /opt/airflow/dags/ETL_Bitcoin.py for tasks to queue
[2023-12-24 19:31:25,168] {logging_mixin.py:115} INFO - [2023-12-24 19:31:25,167] {dagbag.py:508} INFO - Filling up the DagBag from /opt/airflow/dags/ETL_Bitcoin.py
[2023-12-24 19:31:25,966] {processor.py:651} INFO - DAG(s) dict_keys(['Bitcoin_ETL']) retrieved from /opt/airflow/dags/ETL_Bitcoin.py
[2023-12-24 19:31:26,041] {logging_mixin.py:115} INFO - [2023-12-24 19:31:26,040] {dag.py:2420} INFO - Sync 1 DAGs
[2023-12-24 19:31:26,083] {logging_mixin.py:115} INFO - [2023-12-24 19:31:26,082] {dag.py:2972} INFO - Setting next_dagrun for Bitcoin_ETL to 2023-12-24T00:00:00+00:00, run_after=2023-12-25T00:00:00+00:00
[2023-12-24 19:31:26,106] {processor.py:161} INFO - Processing /opt/airflow/dags/ETL_Bitcoin.py took 0.954 seconds
[2023-12-24 19:31:36,234] {processor.py:153} INFO - Started process (PID=397) to work on /opt/airflow/dags/ETL_Bitcoin.py
[2023-12-24 19:31:36,236] {processor.py:641} INFO - Processing file /opt/airflow/dags/ETL_Bitcoin.py for tasks to queue
[2023-12-24 19:31:36,239] {logging_mixin.py:115} INFO - [2023-12-24 19:31:36,239] {dagbag.py:508} INFO - Filling up the DagBag from /opt/airflow/dags/ETL_Bitcoin.py
[2023-12-24 19:31:37,133] {processor.py:651} INFO - DAG(s) dict_keys(['Bitcoin_ETL']) retrieved from /opt/airflow/dags/ETL_Bitcoin.py
[2023-12-24 19:31:37,183] {logging_mixin.py:115} INFO - [2023-12-24 19:31:37,182] {dag.py:2420} INFO - Sync 1 DAGs
[2023-12-24 19:31:37,257] {logging_mixin.py:115} INFO - [2023-12-24 19:31:37,254] {dag.py:2972} INFO - Setting next_dagrun for Bitcoin_ETL to 2023-12-24T00:00:00+00:00, run_after=2023-12-25T00:00:00+00:00
[2023-12-24 19:31:37,289] {processor.py:161} INFO - Processing /opt/airflow/dags/ETL_Bitcoin.py took 1.071 seconds
[2023-12-24 19:31:47,634] {processor.py:153} INFO - Started process (PID=403) to work on /opt/airflow/dags/ETL_Bitcoin.py
[2023-12-24 19:31:47,639] {processor.py:641} INFO - Processing file /opt/airflow/dags/ETL_Bitcoin.py for tasks to queue
[2023-12-24 19:31:47,641] {logging_mixin.py:115} INFO - [2023-12-24 19:31:47,641] {dagbag.py:508} INFO - Filling up the DagBag from /opt/airflow/dags/ETL_Bitcoin.py
[2023-12-24 19:31:48,628] {processor.py:651} INFO - DAG(s) dict_keys(['Bitcoin_ETL']) retrieved from /opt/airflow/dags/ETL_Bitcoin.py
[2023-12-24 19:31:48,669] {logging_mixin.py:115} INFO - [2023-12-24 19:31:48,668] {dag.py:2420} INFO - Sync 1 DAGs
[2023-12-24 19:31:48,709] {logging_mixin.py:115} INFO - [2023-12-24 19:31:48,709] {dag.py:2972} INFO - Setting next_dagrun for Bitcoin_ETL to 2023-12-24T00:00:00+00:00, run_after=2023-12-25T00:00:00+00:00
[2023-12-24 19:31:48,730] {processor.py:161} INFO - Processing /opt/airflow/dags/ETL_Bitcoin.py took 1.138 seconds
[2023-12-24 19:31:59,060] {processor.py:153} INFO - Started process (PID=409) to work on /opt/airflow/dags/ETL_Bitcoin.py
[2023-12-24 19:31:59,067] {processor.py:641} INFO - Processing file /opt/airflow/dags/ETL_Bitcoin.py for tasks to queue
[2023-12-24 19:31:59,070] {logging_mixin.py:115} INFO - [2023-12-24 19:31:59,069] {dagbag.py:508} INFO - Filling up the DagBag from /opt/airflow/dags/ETL_Bitcoin.py
[2023-12-24 19:32:00,374] {processor.py:651} INFO - DAG(s) dict_keys(['Bitcoin_ETL']) retrieved from /opt/airflow/dags/ETL_Bitcoin.py
[2023-12-24 19:32:00,407] {logging_mixin.py:115} INFO - [2023-12-24 19:32:00,406] {dag.py:2420} INFO - Sync 1 DAGs
[2023-12-24 19:32:00,444] {logging_mixin.py:115} INFO - [2023-12-24 19:32:00,444] {dag.py:2972} INFO - Setting next_dagrun for Bitcoin_ETL to 2023-12-24T00:00:00+00:00, run_after=2023-12-25T00:00:00+00:00
[2023-12-24 19:32:00,467] {processor.py:161} INFO - Processing /opt/airflow/dags/ETL_Bitcoin.py took 1.420 seconds
[2023-12-24 19:32:10,596] {processor.py:153} INFO - Started process (PID=415) to work on /opt/airflow/dags/ETL_Bitcoin.py
[2023-12-24 19:32:10,597] {processor.py:641} INFO - Processing file /opt/airflow/dags/ETL_Bitcoin.py for tasks to queue
[2023-12-24 19:32:10,599] {logging_mixin.py:115} INFO - [2023-12-24 19:32:10,599] {dagbag.py:508} INFO - Filling up the DagBag from /opt/airflow/dags/ETL_Bitcoin.py
[2023-12-24 19:32:11,722] {processor.py:651} INFO - DAG(s) dict_keys(['Bitcoin_ETL']) retrieved from /opt/airflow/dags/ETL_Bitcoin.py
[2023-12-24 19:32:11,775] {logging_mixin.py:115} INFO - [2023-12-24 19:32:11,774] {dag.py:2420} INFO - Sync 1 DAGs
[2023-12-24 19:32:11,836] {logging_mixin.py:115} INFO - [2023-12-24 19:32:11,836] {dag.py:2972} INFO - Setting next_dagrun for Bitcoin_ETL to 2023-12-24T00:00:00+00:00, run_after=2023-12-25T00:00:00+00:00
[2023-12-24 19:32:11,862] {processor.py:161} INFO - Processing /opt/airflow/dags/ETL_Bitcoin.py took 1.272 seconds
[2023-12-24 19:32:22,122] {processor.py:153} INFO - Started process (PID=421) to work on /opt/airflow/dags/ETL_Bitcoin.py
[2023-12-24 19:32:22,123] {processor.py:641} INFO - Processing file /opt/airflow/dags/ETL_Bitcoin.py for tasks to queue
[2023-12-24 19:32:22,125] {logging_mixin.py:115} INFO - [2023-12-24 19:32:22,125] {dagbag.py:508} INFO - Filling up the DagBag from /opt/airflow/dags/ETL_Bitcoin.py
[2023-12-24 19:32:23,138] {processor.py:651} INFO - DAG(s) dict_keys(['Bitcoin_ETL']) retrieved from /opt/airflow/dags/ETL_Bitcoin.py
[2023-12-24 19:32:23,195] {logging_mixin.py:115} INFO - [2023-12-24 19:32:23,194] {dag.py:2420} INFO - Sync 1 DAGs
[2023-12-24 19:32:23,319] {logging_mixin.py:115} INFO - [2023-12-24 19:32:23,319] {dag.py:2972} INFO - Setting next_dagrun for Bitcoin_ETL to 2023-12-24T00:00:00+00:00, run_after=2023-12-25T00:00:00+00:00
[2023-12-24 19:32:23,367] {processor.py:161} INFO - Processing /opt/airflow/dags/ETL_Bitcoin.py took 1.252 seconds
[2023-12-24 19:32:33,535] {processor.py:153} INFO - Started process (PID=427) to work on /opt/airflow/dags/ETL_Bitcoin.py
[2023-12-24 19:32:33,537] {processor.py:641} INFO - Processing file /opt/airflow/dags/ETL_Bitcoin.py for tasks to queue
[2023-12-24 19:32:33,538] {logging_mixin.py:115} INFO - [2023-12-24 19:32:33,538] {dagbag.py:508} INFO - Filling up the DagBag from /opt/airflow/dags/ETL_Bitcoin.py
[2023-12-24 19:32:34,199] {processor.py:651} INFO - DAG(s) dict_keys(['Bitcoin_ETL']) retrieved from /opt/airflow/dags/ETL_Bitcoin.py
[2023-12-24 19:32:34,232] {logging_mixin.py:115} INFO - [2023-12-24 19:32:34,231] {dag.py:2420} INFO - Sync 1 DAGs
[2023-12-24 19:32:34,268] {logging_mixin.py:115} INFO - [2023-12-24 19:32:34,268] {dag.py:2972} INFO - Setting next_dagrun for Bitcoin_ETL to 2023-12-24T00:00:00+00:00, run_after=2023-12-25T00:00:00+00:00
[2023-12-24 19:32:34,289] {processor.py:161} INFO - Processing /opt/airflow/dags/ETL_Bitcoin.py took 0.769 seconds
[2023-12-24 19:32:44,484] {processor.py:153} INFO - Started process (PID=436) to work on /opt/airflow/dags/ETL_Bitcoin.py
[2023-12-24 19:32:44,486] {processor.py:641} INFO - Processing file /opt/airflow/dags/ETL_Bitcoin.py for tasks to queue
[2023-12-24 19:32:44,488] {logging_mixin.py:115} INFO - [2023-12-24 19:32:44,488] {dagbag.py:508} INFO - Filling up the DagBag from /opt/airflow/dags/ETL_Bitcoin.py
[2023-12-24 19:32:45,079] {processor.py:651} INFO - DAG(s) dict_keys(['Bitcoin_ETL']) retrieved from /opt/airflow/dags/ETL_Bitcoin.py
[2023-12-24 19:32:45,109] {logging_mixin.py:115} INFO - [2023-12-24 19:32:45,109] {dag.py:2420} INFO - Sync 1 DAGs
[2023-12-24 19:32:45,139] {logging_mixin.py:115} INFO - [2023-12-24 19:32:45,139] {dag.py:2972} INFO - Setting next_dagrun for Bitcoin_ETL to 2023-12-24T00:00:00+00:00, run_after=2023-12-25T00:00:00+00:00
[2023-12-24 19:32:45,169] {processor.py:161} INFO - Processing /opt/airflow/dags/ETL_Bitcoin.py took 0.693 seconds
[2023-12-24 19:32:55,296] {processor.py:153} INFO - Started process (PID=442) to work on /opt/airflow/dags/ETL_Bitcoin.py
[2023-12-24 19:32:55,313] {processor.py:641} INFO - Processing file /opt/airflow/dags/ETL_Bitcoin.py for tasks to queue
[2023-12-24 19:32:55,326] {logging_mixin.py:115} INFO - [2023-12-24 19:32:55,325] {dagbag.py:508} INFO - Filling up the DagBag from /opt/airflow/dags/ETL_Bitcoin.py
[2023-12-24 19:32:56,390] {processor.py:651} INFO - DAG(s) dict_keys(['Bitcoin_ETL']) retrieved from /opt/airflow/dags/ETL_Bitcoin.py
[2023-12-24 19:32:56,421] {logging_mixin.py:115} INFO - [2023-12-24 19:32:56,421] {dag.py:2420} INFO - Sync 1 DAGs
[2023-12-24 19:32:56,451] {logging_mixin.py:115} INFO - [2023-12-24 19:32:56,451] {dag.py:2972} INFO - Setting next_dagrun for Bitcoin_ETL to 2023-12-24T00:00:00+00:00, run_after=2023-12-25T00:00:00+00:00
[2023-12-24 19:32:56,468] {processor.py:161} INFO - Processing /opt/airflow/dags/ETL_Bitcoin.py took 1.182 seconds
[2023-12-24 19:33:06,583] {processor.py:153} INFO - Started process (PID=448) to work on /opt/airflow/dags/ETL_Bitcoin.py
[2023-12-24 19:33:06,584] {processor.py:641} INFO - Processing file /opt/airflow/dags/ETL_Bitcoin.py for tasks to queue
[2023-12-24 19:33:06,585] {logging_mixin.py:115} INFO - [2023-12-24 19:33:06,585] {dagbag.py:508} INFO - Filling up the DagBag from /opt/airflow/dags/ETL_Bitcoin.py
[2023-12-24 19:33:07,326] {processor.py:651} INFO - DAG(s) dict_keys(['Bitcoin_ETL']) retrieved from /opt/airflow/dags/ETL_Bitcoin.py
[2023-12-24 19:33:07,377] {logging_mixin.py:115} INFO - [2023-12-24 19:33:07,376] {dag.py:2420} INFO - Sync 1 DAGs
[2023-12-24 19:33:07,479] {logging_mixin.py:115} INFO - [2023-12-24 19:33:07,478] {dag.py:2972} INFO - Setting next_dagrun for Bitcoin_ETL to 2023-12-24T00:00:00+00:00, run_after=2023-12-25T00:00:00+00:00
[2023-12-24 19:33:07,503] {processor.py:161} INFO - Processing /opt/airflow/dags/ETL_Bitcoin.py took 0.930 seconds
[2023-12-24 19:33:17,701] {processor.py:153} INFO - Started process (PID=454) to work on /opt/airflow/dags/ETL_Bitcoin.py
[2023-12-24 19:33:17,702] {processor.py:641} INFO - Processing file /opt/airflow/dags/ETL_Bitcoin.py for tasks to queue
[2023-12-24 19:33:17,703] {logging_mixin.py:115} INFO - [2023-12-24 19:33:17,703] {dagbag.py:508} INFO - Filling up the DagBag from /opt/airflow/dags/ETL_Bitcoin.py
[2023-12-24 19:33:18,426] {processor.py:651} INFO - DAG(s) dict_keys(['Bitcoin_ETL']) retrieved from /opt/airflow/dags/ETL_Bitcoin.py
[2023-12-24 19:33:18,475] {logging_mixin.py:115} INFO - [2023-12-24 19:33:18,474] {dag.py:2420} INFO - Sync 1 DAGs
[2023-12-24 19:33:18,515] {logging_mixin.py:115} INFO - [2023-12-24 19:33:18,515] {dag.py:2972} INFO - Setting next_dagrun for Bitcoin_ETL to 2023-12-24T00:00:00+00:00, run_after=2023-12-25T00:00:00+00:00
[2023-12-24 19:33:18,535] {processor.py:161} INFO - Processing /opt/airflow/dags/ETL_Bitcoin.py took 0.839 seconds
[2023-12-24 19:33:28,656] {processor.py:153} INFO - Started process (PID=460) to work on /opt/airflow/dags/ETL_Bitcoin.py
[2023-12-24 19:33:28,658] {processor.py:641} INFO - Processing file /opt/airflow/dags/ETL_Bitcoin.py for tasks to queue
[2023-12-24 19:33:28,660] {logging_mixin.py:115} INFO - [2023-12-24 19:33:28,660] {dagbag.py:508} INFO - Filling up the DagBag from /opt/airflow/dags/ETL_Bitcoin.py
[2023-12-24 19:33:29,245] {processor.py:651} INFO - DAG(s) dict_keys(['Bitcoin_ETL']) retrieved from /opt/airflow/dags/ETL_Bitcoin.py
[2023-12-24 19:33:29,273] {logging_mixin.py:115} INFO - [2023-12-24 19:33:29,272] {dag.py:2420} INFO - Sync 1 DAGs
[2023-12-24 19:33:29,300] {logging_mixin.py:115} INFO - [2023-12-24 19:33:29,300] {dag.py:2972} INFO - Setting next_dagrun for Bitcoin_ETL to 2023-12-24T00:00:00+00:00, run_after=2023-12-25T00:00:00+00:00
[2023-12-24 19:33:29,325] {processor.py:161} INFO - Processing /opt/airflow/dags/ETL_Bitcoin.py took 0.676 seconds
[2023-12-24 19:33:39,472] {processor.py:153} INFO - Started process (PID=466) to work on /opt/airflow/dags/ETL_Bitcoin.py
[2023-12-24 19:33:39,473] {processor.py:641} INFO - Processing file /opt/airflow/dags/ETL_Bitcoin.py for tasks to queue
[2023-12-24 19:33:39,474] {logging_mixin.py:115} INFO - [2023-12-24 19:33:39,474] {dagbag.py:508} INFO - Filling up the DagBag from /opt/airflow/dags/ETL_Bitcoin.py
[2023-12-24 19:33:40,001] {processor.py:651} INFO - DAG(s) dict_keys(['Bitcoin_ETL']) retrieved from /opt/airflow/dags/ETL_Bitcoin.py
[2023-12-24 19:33:40,030] {logging_mixin.py:115} INFO - [2023-12-24 19:33:40,029] {dag.py:2420} INFO - Sync 1 DAGs
[2023-12-24 19:33:40,058] {logging_mixin.py:115} INFO - [2023-12-24 19:33:40,058] {dag.py:2972} INFO - Setting next_dagrun for Bitcoin_ETL to 2023-12-24T00:00:00+00:00, run_after=2023-12-25T00:00:00+00:00
[2023-12-24 19:33:40,080] {processor.py:161} INFO - Processing /opt/airflow/dags/ETL_Bitcoin.py took 0.613 seconds
[2023-12-24 19:33:50,201] {processor.py:153} INFO - Started process (PID=472) to work on /opt/airflow/dags/ETL_Bitcoin.py
[2023-12-24 19:33:50,203] {processor.py:641} INFO - Processing file /opt/airflow/dags/ETL_Bitcoin.py for tasks to queue
[2023-12-24 19:33:50,211] {logging_mixin.py:115} INFO - [2023-12-24 19:33:50,210] {dagbag.py:508} INFO - Filling up the DagBag from /opt/airflow/dags/ETL_Bitcoin.py
[2023-12-24 19:33:51,044] {processor.py:651} INFO - DAG(s) dict_keys(['Bitcoin_ETL']) retrieved from /opt/airflow/dags/ETL_Bitcoin.py
[2023-12-24 19:33:51,088] {logging_mixin.py:115} INFO - [2023-12-24 19:33:51,087] {dag.py:2420} INFO - Sync 1 DAGs
[2023-12-24 19:33:51,151] {logging_mixin.py:115} INFO - [2023-12-24 19:33:51,151] {dag.py:2972} INFO - Setting next_dagrun for Bitcoin_ETL to 2023-12-24T00:00:00+00:00, run_after=2023-12-25T00:00:00+00:00
[2023-12-24 19:33:51,178] {processor.py:161} INFO - Processing /opt/airflow/dags/ETL_Bitcoin.py took 0.985 seconds
[2023-12-24 19:34:01,255] {processor.py:153} INFO - Started process (PID=478) to work on /opt/airflow/dags/ETL_Bitcoin.py
[2023-12-24 19:34:01,256] {processor.py:641} INFO - Processing file /opt/airflow/dags/ETL_Bitcoin.py for tasks to queue
[2023-12-24 19:34:01,257] {logging_mixin.py:115} INFO - [2023-12-24 19:34:01,257] {dagbag.py:508} INFO - Filling up the DagBag from /opt/airflow/dags/ETL_Bitcoin.py
[2023-12-24 19:34:01,920] {processor.py:651} INFO - DAG(s) dict_keys(['Bitcoin_ETL']) retrieved from /opt/airflow/dags/ETL_Bitcoin.py
[2023-12-24 19:34:01,946] {logging_mixin.py:115} INFO - [2023-12-24 19:34:01,946] {dag.py:2420} INFO - Sync 1 DAGs
[2023-12-24 19:34:01,975] {logging_mixin.py:115} INFO - [2023-12-24 19:34:01,974] {dag.py:2972} INFO - Setting next_dagrun for Bitcoin_ETL to 2023-12-24T00:00:00+00:00, run_after=2023-12-25T00:00:00+00:00
[2023-12-24 19:34:01,994] {processor.py:161} INFO - Processing /opt/airflow/dags/ETL_Bitcoin.py took 0.746 seconds
[2023-12-24 19:34:12,103] {processor.py:153} INFO - Started process (PID=484) to work on /opt/airflow/dags/ETL_Bitcoin.py
[2023-12-24 19:34:12,105] {processor.py:641} INFO - Processing file /opt/airflow/dags/ETL_Bitcoin.py for tasks to queue
[2023-12-24 19:34:12,106] {logging_mixin.py:115} INFO - [2023-12-24 19:34:12,106] {dagbag.py:508} INFO - Filling up the DagBag from /opt/airflow/dags/ETL_Bitcoin.py
[2023-12-24 19:34:12,771] {processor.py:651} INFO - DAG(s) dict_keys(['Bitcoin_ETL']) retrieved from /opt/airflow/dags/ETL_Bitcoin.py
[2023-12-24 19:34:12,810] {logging_mixin.py:115} INFO - [2023-12-24 19:34:12,809] {dag.py:2420} INFO - Sync 1 DAGs
[2023-12-24 19:34:12,859] {logging_mixin.py:115} INFO - [2023-12-24 19:34:12,858] {dag.py:2972} INFO - Setting next_dagrun for Bitcoin_ETL to 2023-12-24T00:00:00+00:00, run_after=2023-12-25T00:00:00+00:00
[2023-12-24 19:34:12,883] {processor.py:161} INFO - Processing /opt/airflow/dags/ETL_Bitcoin.py took 0.787 seconds
[2023-12-24 19:34:22,989] {processor.py:153} INFO - Started process (PID=490) to work on /opt/airflow/dags/ETL_Bitcoin.py
[2023-12-24 19:34:22,990] {processor.py:641} INFO - Processing file /opt/airflow/dags/ETL_Bitcoin.py for tasks to queue
[2023-12-24 19:34:22,992] {logging_mixin.py:115} INFO - [2023-12-24 19:34:22,992] {dagbag.py:508} INFO - Filling up the DagBag from /opt/airflow/dags/ETL_Bitcoin.py
[2023-12-24 19:34:23,677] {processor.py:651} INFO - DAG(s) dict_keys(['Bitcoin_ETL']) retrieved from /opt/airflow/dags/ETL_Bitcoin.py
[2023-12-24 19:34:23,719] {logging_mixin.py:115} INFO - [2023-12-24 19:34:23,719] {dag.py:2420} INFO - Sync 1 DAGs
[2023-12-24 19:34:23,752] {logging_mixin.py:115} INFO - [2023-12-24 19:34:23,752] {dag.py:2972} INFO - Setting next_dagrun for Bitcoin_ETL to 2023-12-24T00:00:00+00:00, run_after=2023-12-25T00:00:00+00:00
[2023-12-24 19:34:23,770] {processor.py:161} INFO - Processing /opt/airflow/dags/ETL_Bitcoin.py took 0.787 seconds
[2023-12-24 19:34:33,908] {processor.py:153} INFO - Started process (PID=496) to work on /opt/airflow/dags/ETL_Bitcoin.py
[2023-12-24 19:34:33,909] {processor.py:641} INFO - Processing file /opt/airflow/dags/ETL_Bitcoin.py for tasks to queue
[2023-12-24 19:34:33,911] {logging_mixin.py:115} INFO - [2023-12-24 19:34:33,911] {dagbag.py:508} INFO - Filling up the DagBag from /opt/airflow/dags/ETL_Bitcoin.py
[2023-12-24 19:34:34,573] {processor.py:651} INFO - DAG(s) dict_keys(['Bitcoin_ETL']) retrieved from /opt/airflow/dags/ETL_Bitcoin.py
[2023-12-24 19:34:34,604] {logging_mixin.py:115} INFO - [2023-12-24 19:34:34,603] {dag.py:2420} INFO - Sync 1 DAGs
[2023-12-24 19:34:34,656] {logging_mixin.py:115} INFO - [2023-12-24 19:34:34,655] {dag.py:2972} INFO - Setting next_dagrun for Bitcoin_ETL to 2023-12-24T00:00:00+00:00, run_after=2023-12-25T00:00:00+00:00
[2023-12-24 19:34:34,676] {processor.py:161} INFO - Processing /opt/airflow/dags/ETL_Bitcoin.py took 0.774 seconds
[2023-12-24 19:34:44,779] {processor.py:153} INFO - Started process (PID=502) to work on /opt/airflow/dags/ETL_Bitcoin.py
[2023-12-24 19:34:44,780] {processor.py:641} INFO - Processing file /opt/airflow/dags/ETL_Bitcoin.py for tasks to queue
[2023-12-24 19:34:44,782] {logging_mixin.py:115} INFO - [2023-12-24 19:34:44,782] {dagbag.py:508} INFO - Filling up the DagBag from /opt/airflow/dags/ETL_Bitcoin.py
[2023-12-24 19:34:45,439] {processor.py:651} INFO - DAG(s) dict_keys(['Bitcoin_ETL']) retrieved from /opt/airflow/dags/ETL_Bitcoin.py
[2023-12-24 19:34:45,474] {logging_mixin.py:115} INFO - [2023-12-24 19:34:45,474] {dag.py:2420} INFO - Sync 1 DAGs
[2023-12-24 19:34:45,522] {logging_mixin.py:115} INFO - [2023-12-24 19:34:45,522] {dag.py:2972} INFO - Setting next_dagrun for Bitcoin_ETL to 2023-12-24T00:00:00+00:00, run_after=2023-12-25T00:00:00+00:00
[2023-12-24 19:34:45,547] {processor.py:161} INFO - Processing /opt/airflow/dags/ETL_Bitcoin.py took 0.774 seconds
[2023-12-24 19:34:55,676] {processor.py:153} INFO - Started process (PID=508) to work on /opt/airflow/dags/ETL_Bitcoin.py
[2023-12-24 19:34:55,677] {processor.py:641} INFO - Processing file /opt/airflow/dags/ETL_Bitcoin.py for tasks to queue
[2023-12-24 19:34:55,680] {logging_mixin.py:115} INFO - [2023-12-24 19:34:55,680] {dagbag.py:508} INFO - Filling up the DagBag from /opt/airflow/dags/ETL_Bitcoin.py
[2023-12-24 19:34:56,347] {processor.py:651} INFO - DAG(s) dict_keys(['Bitcoin_ETL']) retrieved from /opt/airflow/dags/ETL_Bitcoin.py
[2023-12-24 19:34:56,379] {logging_mixin.py:115} INFO - [2023-12-24 19:34:56,379] {dag.py:2420} INFO - Sync 1 DAGs
[2023-12-24 19:34:56,413] {logging_mixin.py:115} INFO - [2023-12-24 19:34:56,413] {dag.py:2972} INFO - Setting next_dagrun for Bitcoin_ETL to 2023-12-24T00:00:00+00:00, run_after=2023-12-25T00:00:00+00:00
[2023-12-24 19:34:56,434] {processor.py:161} INFO - Processing /opt/airflow/dags/ETL_Bitcoin.py took 0.766 seconds
[2023-12-24 19:35:06,611] {processor.py:153} INFO - Started process (PID=514) to work on /opt/airflow/dags/ETL_Bitcoin.py
[2023-12-24 19:35:06,613] {processor.py:641} INFO - Processing file /opt/airflow/dags/ETL_Bitcoin.py for tasks to queue
[2023-12-24 19:35:06,615] {logging_mixin.py:115} INFO - [2023-12-24 19:35:06,615] {dagbag.py:508} INFO - Filling up the DagBag from /opt/airflow/dags/ETL_Bitcoin.py
[2023-12-24 19:35:07,454] {processor.py:651} INFO - DAG(s) dict_keys(['Bitcoin_ETL']) retrieved from /opt/airflow/dags/ETL_Bitcoin.py
[2023-12-24 19:35:07,486] {logging_mixin.py:115} INFO - [2023-12-24 19:35:07,485] {dag.py:2420} INFO - Sync 1 DAGs
[2023-12-24 19:35:07,520] {logging_mixin.py:115} INFO - [2023-12-24 19:35:07,520] {dag.py:2972} INFO - Setting next_dagrun for Bitcoin_ETL to 2023-12-24T00:00:00+00:00, run_after=2023-12-25T00:00:00+00:00
[2023-12-24 19:35:07,541] {processor.py:161} INFO - Processing /opt/airflow/dags/ETL_Bitcoin.py took 0.941 seconds
[2023-12-24 19:35:17,764] {processor.py:153} INFO - Started process (PID=520) to work on /opt/airflow/dags/ETL_Bitcoin.py
[2023-12-24 19:35:17,765] {processor.py:641} INFO - Processing file /opt/airflow/dags/ETL_Bitcoin.py for tasks to queue
[2023-12-24 19:35:17,767] {logging_mixin.py:115} INFO - [2023-12-24 19:35:17,766] {dagbag.py:508} INFO - Filling up the DagBag from /opt/airflow/dags/ETL_Bitcoin.py
[2023-12-24 19:35:18,531] {processor.py:651} INFO - DAG(s) dict_keys(['Bitcoin_ETL']) retrieved from /opt/airflow/dags/ETL_Bitcoin.py
[2023-12-24 19:35:18,563] {logging_mixin.py:115} INFO - [2023-12-24 19:35:18,563] {dag.py:2420} INFO - Sync 1 DAGs
[2023-12-24 19:35:18,597] {logging_mixin.py:115} INFO - [2023-12-24 19:35:18,597] {dag.py:2972} INFO - Setting next_dagrun for Bitcoin_ETL to 2023-12-24T00:00:00+00:00, run_after=2023-12-25T00:00:00+00:00
[2023-12-24 19:35:18,618] {processor.py:161} INFO - Processing /opt/airflow/dags/ETL_Bitcoin.py took 0.862 seconds
[2023-12-24 19:35:28,730] {processor.py:153} INFO - Started process (PID=526) to work on /opt/airflow/dags/ETL_Bitcoin.py
[2023-12-24 19:35:28,732] {processor.py:641} INFO - Processing file /opt/airflow/dags/ETL_Bitcoin.py for tasks to queue
[2023-12-24 19:35:28,733] {logging_mixin.py:115} INFO - [2023-12-24 19:35:28,733] {dagbag.py:508} INFO - Filling up the DagBag from /opt/airflow/dags/ETL_Bitcoin.py
[2023-12-24 19:35:29,334] {processor.py:651} INFO - DAG(s) dict_keys(['Bitcoin_ETL']) retrieved from /opt/airflow/dags/ETL_Bitcoin.py
[2023-12-24 19:35:29,361] {logging_mixin.py:115} INFO - [2023-12-24 19:35:29,361] {dag.py:2420} INFO - Sync 1 DAGs
[2023-12-24 19:35:29,392] {logging_mixin.py:115} INFO - [2023-12-24 19:35:29,391] {dag.py:2972} INFO - Setting next_dagrun for Bitcoin_ETL to 2023-12-24T00:00:00+00:00, run_after=2023-12-25T00:00:00+00:00
[2023-12-24 19:35:29,412] {processor.py:161} INFO - Processing /opt/airflow/dags/ETL_Bitcoin.py took 0.687 seconds
[2023-12-24 19:35:39,516] {processor.py:153} INFO - Started process (PID=540) to work on /opt/airflow/dags/ETL_Bitcoin.py
[2023-12-24 19:35:39,518] {processor.py:641} INFO - Processing file /opt/airflow/dags/ETL_Bitcoin.py for tasks to queue
[2023-12-24 19:35:39,519] {logging_mixin.py:115} INFO - [2023-12-24 19:35:39,519] {dagbag.py:508} INFO - Filling up the DagBag from /opt/airflow/dags/ETL_Bitcoin.py
[2023-12-24 19:35:40,606] {processor.py:651} INFO - DAG(s) dict_keys(['Bitcoin_ETL']) retrieved from /opt/airflow/dags/ETL_Bitcoin.py
[2023-12-24 19:35:40,658] {logging_mixin.py:115} INFO - [2023-12-24 19:35:40,658] {dag.py:2420} INFO - Sync 1 DAGs
[2023-12-24 19:35:40,740] {logging_mixin.py:115} INFO - [2023-12-24 19:35:40,740] {dag.py:2972} INFO - Setting next_dagrun for Bitcoin_ETL to 2023-12-24T00:00:00+00:00, run_after=2023-12-25T00:00:00+00:00
[2023-12-24 19:35:40,779] {processor.py:161} INFO - Processing /opt/airflow/dags/ETL_Bitcoin.py took 1.271 seconds
[2023-12-24 19:35:50,923] {processor.py:153} INFO - Started process (PID=550) to work on /opt/airflow/dags/ETL_Bitcoin.py
[2023-12-24 19:35:50,925] {processor.py:641} INFO - Processing file /opt/airflow/dags/ETL_Bitcoin.py for tasks to queue
[2023-12-24 19:35:50,926] {logging_mixin.py:115} INFO - [2023-12-24 19:35:50,926] {dagbag.py:508} INFO - Filling up the DagBag from /opt/airflow/dags/ETL_Bitcoin.py
[2023-12-24 19:35:51,589] {processor.py:651} INFO - DAG(s) dict_keys(['Bitcoin_ETL']) retrieved from /opt/airflow/dags/ETL_Bitcoin.py
[2023-12-24 19:35:51,623] {logging_mixin.py:115} INFO - [2023-12-24 19:35:51,622] {dag.py:2420} INFO - Sync 1 DAGs
[2023-12-24 19:35:51,655] {logging_mixin.py:115} INFO - [2023-12-24 19:35:51,655] {dag.py:2972} INFO - Setting next_dagrun for Bitcoin_ETL to 2023-12-24T00:00:00+00:00, run_after=2023-12-25T00:00:00+00:00
[2023-12-24 19:35:51,675] {processor.py:161} INFO - Processing /opt/airflow/dags/ETL_Bitcoin.py took 0.758 seconds
[2023-12-24 19:36:01,832] {processor.py:153} INFO - Started process (PID=556) to work on /opt/airflow/dags/ETL_Bitcoin.py
[2023-12-24 19:36:01,834] {processor.py:641} INFO - Processing file /opt/airflow/dags/ETL_Bitcoin.py for tasks to queue
[2023-12-24 19:36:01,835] {logging_mixin.py:115} INFO - [2023-12-24 19:36:01,835] {dagbag.py:508} INFO - Filling up the DagBag from /opt/airflow/dags/ETL_Bitcoin.py
[2023-12-24 19:36:02,411] {processor.py:651} INFO - DAG(s) dict_keys(['Bitcoin_ETL']) retrieved from /opt/airflow/dags/ETL_Bitcoin.py
[2023-12-24 19:36:02,444] {logging_mixin.py:115} INFO - [2023-12-24 19:36:02,443] {dag.py:2420} INFO - Sync 1 DAGs
[2023-12-24 19:36:02,474] {logging_mixin.py:115} INFO - [2023-12-24 19:36:02,474] {dag.py:2972} INFO - Setting next_dagrun for Bitcoin_ETL to 2023-12-24T00:00:00+00:00, run_after=2023-12-25T00:00:00+00:00
[2023-12-24 19:36:02,495] {processor.py:161} INFO - Processing /opt/airflow/dags/ETL_Bitcoin.py took 0.671 seconds
[2023-12-24 19:36:12,639] {processor.py:153} INFO - Started process (PID=562) to work on /opt/airflow/dags/ETL_Bitcoin.py
[2023-12-24 19:36:12,640] {processor.py:641} INFO - Processing file /opt/airflow/dags/ETL_Bitcoin.py for tasks to queue
[2023-12-24 19:36:12,641] {logging_mixin.py:115} INFO - [2023-12-24 19:36:12,641] {dagbag.py:508} INFO - Filling up the DagBag from /opt/airflow/dags/ETL_Bitcoin.py
[2023-12-24 19:36:13,595] {processor.py:651} INFO - DAG(s) dict_keys(['Bitcoin_ETL']) retrieved from /opt/airflow/dags/ETL_Bitcoin.py
[2023-12-24 19:36:13,640] {logging_mixin.py:115} INFO - [2023-12-24 19:36:13,638] {dag.py:2420} INFO - Sync 1 DAGs
[2023-12-24 19:36:13,680] {logging_mixin.py:115} INFO - [2023-12-24 19:36:13,680] {dag.py:2972} INFO - Setting next_dagrun for Bitcoin_ETL to 2023-12-24T00:00:00+00:00, run_after=2023-12-25T00:00:00+00:00
[2023-12-24 19:36:13,706] {processor.py:161} INFO - Processing /opt/airflow/dags/ETL_Bitcoin.py took 1.075 seconds
[2023-12-24 19:36:23,910] {processor.py:153} INFO - Started process (PID=568) to work on /opt/airflow/dags/ETL_Bitcoin.py
[2023-12-24 19:36:23,912] {processor.py:641} INFO - Processing file /opt/airflow/dags/ETL_Bitcoin.py for tasks to queue
[2023-12-24 19:36:23,913] {logging_mixin.py:115} INFO - [2023-12-24 19:36:23,913] {dagbag.py:508} INFO - Filling up the DagBag from /opt/airflow/dags/ETL_Bitcoin.py
[2023-12-24 19:36:24,527] {processor.py:651} INFO - DAG(s) dict_keys(['Bitcoin_ETL']) retrieved from /opt/airflow/dags/ETL_Bitcoin.py
[2023-12-24 19:36:24,558] {logging_mixin.py:115} INFO - [2023-12-24 19:36:24,557] {dag.py:2420} INFO - Sync 1 DAGs
[2023-12-24 19:36:24,589] {logging_mixin.py:115} INFO - [2023-12-24 19:36:24,589] {dag.py:2972} INFO - Setting next_dagrun for Bitcoin_ETL to 2023-12-24T00:00:00+00:00, run_after=2023-12-25T00:00:00+00:00
[2023-12-24 19:36:24,609] {processor.py:161} INFO - Processing /opt/airflow/dags/ETL_Bitcoin.py took 0.706 seconds
[2023-12-24 19:36:34,743] {processor.py:153} INFO - Started process (PID=574) to work on /opt/airflow/dags/ETL_Bitcoin.py
[2023-12-24 19:36:34,745] {processor.py:641} INFO - Processing file /opt/airflow/dags/ETL_Bitcoin.py for tasks to queue
[2023-12-24 19:36:34,746] {logging_mixin.py:115} INFO - [2023-12-24 19:36:34,746] {dagbag.py:508} INFO - Filling up the DagBag from /opt/airflow/dags/ETL_Bitcoin.py
[2023-12-24 19:36:35,662] {processor.py:651} INFO - DAG(s) dict_keys(['Bitcoin_ETL']) retrieved from /opt/airflow/dags/ETL_Bitcoin.py
[2023-12-24 19:36:35,707] {logging_mixin.py:115} INFO - [2023-12-24 19:36:35,707] {dag.py:2420} INFO - Sync 1 DAGs
[2023-12-24 19:36:35,771] {logging_mixin.py:115} INFO - [2023-12-24 19:36:35,771] {dag.py:2972} INFO - Setting next_dagrun for Bitcoin_ETL to 2023-12-24T00:00:00+00:00, run_after=2023-12-25T00:00:00+00:00
[2023-12-24 19:36:35,810] {processor.py:161} INFO - Processing /opt/airflow/dags/ETL_Bitcoin.py took 1.073 seconds
[2023-12-24 19:36:45,928] {processor.py:153} INFO - Started process (PID=580) to work on /opt/airflow/dags/ETL_Bitcoin.py
[2023-12-24 19:36:45,931] {processor.py:641} INFO - Processing file /opt/airflow/dags/ETL_Bitcoin.py for tasks to queue
[2023-12-24 19:36:45,933] {logging_mixin.py:115} INFO - [2023-12-24 19:36:45,933] {dagbag.py:508} INFO - Filling up the DagBag from /opt/airflow/dags/ETL_Bitcoin.py
[2023-12-24 19:36:46,761] {processor.py:651} INFO - DAG(s) dict_keys(['Bitcoin_ETL']) retrieved from /opt/airflow/dags/ETL_Bitcoin.py
[2023-12-24 19:36:46,804] {logging_mixin.py:115} INFO - [2023-12-24 19:36:46,803] {dag.py:2420} INFO - Sync 1 DAGs
[2023-12-24 19:36:46,857] {logging_mixin.py:115} INFO - [2023-12-24 19:36:46,856] {dag.py:2972} INFO - Setting next_dagrun for Bitcoin_ETL to 2023-12-24T00:00:00+00:00, run_after=2023-12-25T00:00:00+00:00
[2023-12-24 19:36:46,881] {processor.py:161} INFO - Processing /opt/airflow/dags/ETL_Bitcoin.py took 0.958 seconds
[2023-12-24 19:36:56,978] {processor.py:153} INFO - Started process (PID=586) to work on /opt/airflow/dags/ETL_Bitcoin.py
[2023-12-24 19:36:56,979] {processor.py:641} INFO - Processing file /opt/airflow/dags/ETL_Bitcoin.py for tasks to queue
[2023-12-24 19:36:56,981] {logging_mixin.py:115} INFO - [2023-12-24 19:36:56,981] {dagbag.py:508} INFO - Filling up the DagBag from /opt/airflow/dags/ETL_Bitcoin.py
[2023-12-24 19:36:57,692] {processor.py:651} INFO - DAG(s) dict_keys(['Bitcoin_ETL']) retrieved from /opt/airflow/dags/ETL_Bitcoin.py
[2023-12-24 19:36:57,728] {logging_mixin.py:115} INFO - [2023-12-24 19:36:57,727] {dag.py:2420} INFO - Sync 1 DAGs
[2023-12-24 19:36:57,774] {logging_mixin.py:115} INFO - [2023-12-24 19:36:57,773] {dag.py:2972} INFO - Setting next_dagrun for Bitcoin_ETL to 2023-12-24T00:00:00+00:00, run_after=2023-12-25T00:00:00+00:00
[2023-12-24 19:36:57,799] {processor.py:161} INFO - Processing /opt/airflow/dags/ETL_Bitcoin.py took 0.827 seconds
[2023-12-24 19:37:07,915] {processor.py:153} INFO - Started process (PID=592) to work on /opt/airflow/dags/ETL_Bitcoin.py
[2023-12-24 19:37:07,917] {processor.py:641} INFO - Processing file /opt/airflow/dags/ETL_Bitcoin.py for tasks to queue
[2023-12-24 19:37:07,919] {logging_mixin.py:115} INFO - [2023-12-24 19:37:07,919] {dagbag.py:508} INFO - Filling up the DagBag from /opt/airflow/dags/ETL_Bitcoin.py
[2023-12-24 19:37:08,892] {processor.py:651} INFO - DAG(s) dict_keys(['Bitcoin_ETL']) retrieved from /opt/airflow/dags/ETL_Bitcoin.py
[2023-12-24 19:37:08,927] {logging_mixin.py:115} INFO - [2023-12-24 19:37:08,926] {dag.py:2420} INFO - Sync 1 DAGs
[2023-12-24 19:37:08,965] {logging_mixin.py:115} INFO - [2023-12-24 19:37:08,965] {dag.py:2972} INFO - Setting next_dagrun for Bitcoin_ETL to 2023-12-24T00:00:00+00:00, run_after=2023-12-25T00:00:00+00:00
[2023-12-24 19:37:08,989] {processor.py:161} INFO - Processing /opt/airflow/dags/ETL_Bitcoin.py took 1.080 seconds
[2023-12-24 19:37:19,079] {processor.py:153} INFO - Started process (PID=598) to work on /opt/airflow/dags/ETL_Bitcoin.py
[2023-12-24 19:37:19,080] {processor.py:641} INFO - Processing file /opt/airflow/dags/ETL_Bitcoin.py for tasks to queue
[2023-12-24 19:37:19,082] {logging_mixin.py:115} INFO - [2023-12-24 19:37:19,082] {dagbag.py:508} INFO - Filling up the DagBag from /opt/airflow/dags/ETL_Bitcoin.py
[2023-12-24 19:37:19,733] {processor.py:651} INFO - DAG(s) dict_keys(['Bitcoin_ETL']) retrieved from /opt/airflow/dags/ETL_Bitcoin.py
[2023-12-24 19:37:19,767] {logging_mixin.py:115} INFO - [2023-12-24 19:37:19,767] {dag.py:2420} INFO - Sync 1 DAGs
[2023-12-24 19:37:19,807] {logging_mixin.py:115} INFO - [2023-12-24 19:37:19,807] {dag.py:2972} INFO - Setting next_dagrun for Bitcoin_ETL to 2023-12-24T00:00:00+00:00, run_after=2023-12-25T00:00:00+00:00
[2023-12-24 19:37:19,828] {processor.py:161} INFO - Processing /opt/airflow/dags/ETL_Bitcoin.py took 0.755 seconds
[2023-12-24 19:37:29,941] {processor.py:153} INFO - Started process (PID=604) to work on /opt/airflow/dags/ETL_Bitcoin.py
[2023-12-24 19:37:29,943] {processor.py:641} INFO - Processing file /opt/airflow/dags/ETL_Bitcoin.py for tasks to queue
[2023-12-24 19:37:29,944] {logging_mixin.py:115} INFO - [2023-12-24 19:37:29,944] {dagbag.py:508} INFO - Filling up the DagBag from /opt/airflow/dags/ETL_Bitcoin.py
[2023-12-24 19:37:30,614] {processor.py:651} INFO - DAG(s) dict_keys(['Bitcoin_ETL']) retrieved from /opt/airflow/dags/ETL_Bitcoin.py
[2023-12-24 19:37:30,647] {logging_mixin.py:115} INFO - [2023-12-24 19:37:30,646] {dag.py:2420} INFO - Sync 1 DAGs
[2023-12-24 19:37:30,680] {logging_mixin.py:115} INFO - [2023-12-24 19:37:30,680] {dag.py:2972} INFO - Setting next_dagrun for Bitcoin_ETL to 2023-12-24T00:00:00+00:00, run_after=2023-12-25T00:00:00+00:00
[2023-12-24 19:37:30,702] {processor.py:161} INFO - Processing /opt/airflow/dags/ETL_Bitcoin.py took 0.766 seconds
[2023-12-24 19:37:40,813] {processor.py:153} INFO - Started process (PID=612) to work on /opt/airflow/dags/ETL_Bitcoin.py
[2023-12-24 19:37:40,814] {processor.py:641} INFO - Processing file /opt/airflow/dags/ETL_Bitcoin.py for tasks to queue
[2023-12-24 19:37:40,817] {logging_mixin.py:115} INFO - [2023-12-24 19:37:40,815] {dagbag.py:508} INFO - Filling up the DagBag from /opt/airflow/dags/ETL_Bitcoin.py
[2023-12-24 19:37:41,610] {processor.py:651} INFO - DAG(s) dict_keys(['Bitcoin_ETL']) retrieved from /opt/airflow/dags/ETL_Bitcoin.py
[2023-12-24 19:37:41,652] {logging_mixin.py:115} INFO - [2023-12-24 19:37:41,652] {dag.py:2420} INFO - Sync 1 DAGs
[2023-12-24 19:37:41,694] {logging_mixin.py:115} INFO - [2023-12-24 19:37:41,694] {dag.py:2972} INFO - Setting next_dagrun for Bitcoin_ETL to 2023-12-24T00:00:00+00:00, run_after=2023-12-25T00:00:00+00:00
[2023-12-24 19:37:41,721] {processor.py:161} INFO - Processing /opt/airflow/dags/ETL_Bitcoin.py took 0.913 seconds
[2023-12-24 19:37:51,882] {processor.py:153} INFO - Started process (PID=619) to work on /opt/airflow/dags/ETL_Bitcoin.py
[2023-12-24 19:37:51,884] {processor.py:641} INFO - Processing file /opt/airflow/dags/ETL_Bitcoin.py for tasks to queue
[2023-12-24 19:37:51,886] {logging_mixin.py:115} INFO - [2023-12-24 19:37:51,886] {dagbag.py:508} INFO - Filling up the DagBag from /opt/airflow/dags/ETL_Bitcoin.py
[2023-12-24 19:37:52,523] {processor.py:651} INFO - DAG(s) dict_keys(['Bitcoin_ETL']) retrieved from /opt/airflow/dags/ETL_Bitcoin.py
[2023-12-24 19:37:52,556] {logging_mixin.py:115} INFO - [2023-12-24 19:37:52,555] {dag.py:2420} INFO - Sync 1 DAGs
[2023-12-24 19:37:52,590] {logging_mixin.py:115} INFO - [2023-12-24 19:37:52,590] {dag.py:2972} INFO - Setting next_dagrun for Bitcoin_ETL to 2023-12-24T00:00:00+00:00, run_after=2023-12-25T00:00:00+00:00
[2023-12-24 19:37:52,611] {processor.py:161} INFO - Processing /opt/airflow/dags/ETL_Bitcoin.py took 0.734 seconds
[2023-12-24 19:38:02,756] {processor.py:153} INFO - Started process (PID=625) to work on /opt/airflow/dags/ETL_Bitcoin.py
[2023-12-24 19:38:02,758] {processor.py:641} INFO - Processing file /opt/airflow/dags/ETL_Bitcoin.py for tasks to queue
[2023-12-24 19:38:02,760] {logging_mixin.py:115} INFO - [2023-12-24 19:38:02,760] {dagbag.py:508} INFO - Filling up the DagBag from /opt/airflow/dags/ETL_Bitcoin.py
[2023-12-24 19:38:03,436] {processor.py:651} INFO - DAG(s) dict_keys(['Bitcoin_ETL']) retrieved from /opt/airflow/dags/ETL_Bitcoin.py
[2023-12-24 19:38:03,468] {logging_mixin.py:115} INFO - [2023-12-24 19:38:03,467] {dag.py:2420} INFO - Sync 1 DAGs
[2023-12-24 19:38:03,502] {logging_mixin.py:115} INFO - [2023-12-24 19:38:03,501] {dag.py:2972} INFO - Setting next_dagrun for Bitcoin_ETL to 2023-12-24T00:00:00+00:00, run_after=2023-12-25T00:00:00+00:00
[2023-12-24 19:38:03,524] {processor.py:161} INFO - Processing /opt/airflow/dags/ETL_Bitcoin.py took 0.776 seconds
[2023-12-24 19:38:13,628] {processor.py:153} INFO - Started process (PID=631) to work on /opt/airflow/dags/ETL_Bitcoin.py
[2023-12-24 19:38:13,639] {processor.py:641} INFO - Processing file /opt/airflow/dags/ETL_Bitcoin.py for tasks to queue
[2023-12-24 19:38:13,640] {logging_mixin.py:115} INFO - [2023-12-24 19:38:13,640] {dagbag.py:508} INFO - Filling up the DagBag from /opt/airflow/dags/ETL_Bitcoin.py
[2023-12-24 19:38:14,288] {processor.py:651} INFO - DAG(s) dict_keys(['Bitcoin_ETL']) retrieved from /opt/airflow/dags/ETL_Bitcoin.py
[2023-12-24 19:38:14,320] {logging_mixin.py:115} INFO - [2023-12-24 19:38:14,319] {dag.py:2420} INFO - Sync 1 DAGs
[2023-12-24 19:38:14,356] {logging_mixin.py:115} INFO - [2023-12-24 19:38:14,356] {dag.py:2972} INFO - Setting next_dagrun for Bitcoin_ETL to 2023-12-24T00:00:00+00:00, run_after=2023-12-25T00:00:00+00:00
[2023-12-24 19:38:14,375] {processor.py:161} INFO - Processing /opt/airflow/dags/ETL_Bitcoin.py took 0.756 seconds
[2023-12-24 19:38:14,664] {processor.py:153} INFO - Started process (PID=637) to work on /opt/airflow/dags/ETL_Bitcoin.py
[2023-12-24 19:38:14,673] {processor.py:641} INFO - Processing file /opt/airflow/dags/ETL_Bitcoin.py for tasks to queue
[2023-12-24 19:38:14,674] {logging_mixin.py:115} INFO - [2023-12-24 19:38:14,674] {dagbag.py:508} INFO - Filling up the DagBag from /opt/airflow/dags/ETL_Bitcoin.py
[2023-12-24 19:38:15,359] {processor.py:651} INFO - DAG(s) dict_keys(['Bitcoin_ETL']) retrieved from /opt/airflow/dags/ETL_Bitcoin.py
[2023-12-24 19:38:15,392] {logging_mixin.py:115} INFO - [2023-12-24 19:38:15,391] {dag.py:2420} INFO - Sync 1 DAGs
[2023-12-24 19:38:15,456] {logging_mixin.py:115} INFO - [2023-12-24 19:38:15,456] {dag.py:2972} INFO - Setting next_dagrun for Bitcoin_ETL to 2023-12-24T00:00:00+00:00, run_after=2023-12-25T00:00:00+00:00
[2023-12-24 19:38:15,498] {processor.py:161} INFO - Processing /opt/airflow/dags/ETL_Bitcoin.py took 0.840 seconds
[2023-12-24 19:38:25,657] {processor.py:153} INFO - Started process (PID=643) to work on /opt/airflow/dags/ETL_Bitcoin.py
[2023-12-24 19:38:25,658] {processor.py:641} INFO - Processing file /opt/airflow/dags/ETL_Bitcoin.py for tasks to queue
[2023-12-24 19:38:25,660] {logging_mixin.py:115} INFO - [2023-12-24 19:38:25,660] {dagbag.py:508} INFO - Filling up the DagBag from /opt/airflow/dags/ETL_Bitcoin.py
[2023-12-24 19:38:26,525] {processor.py:651} INFO - DAG(s) dict_keys(['Bitcoin_ETL']) retrieved from /opt/airflow/dags/ETL_Bitcoin.py
[2023-12-24 19:38:26,558] {logging_mixin.py:115} INFO - [2023-12-24 19:38:26,558] {dag.py:2420} INFO - Sync 1 DAGs
[2023-12-24 19:38:26,593] {logging_mixin.py:115} INFO - [2023-12-24 19:38:26,593] {dag.py:2972} INFO - Setting next_dagrun for Bitcoin_ETL to 2023-12-24T00:00:00+00:00, run_after=2023-12-25T00:00:00+00:00
[2023-12-24 19:38:26,616] {processor.py:161} INFO - Processing /opt/airflow/dags/ETL_Bitcoin.py took 0.968 seconds
[2023-12-24 19:38:36,732] {processor.py:153} INFO - Started process (PID=649) to work on /opt/airflow/dags/ETL_Bitcoin.py
[2023-12-24 19:38:36,736] {processor.py:641} INFO - Processing file /opt/airflow/dags/ETL_Bitcoin.py for tasks to queue
[2023-12-24 19:38:36,738] {logging_mixin.py:115} INFO - [2023-12-24 19:38:36,738] {dagbag.py:508} INFO - Filling up the DagBag from /opt/airflow/dags/ETL_Bitcoin.py
[2023-12-24 19:38:37,612] {processor.py:651} INFO - DAG(s) dict_keys(['Bitcoin_ETL']) retrieved from /opt/airflow/dags/ETL_Bitcoin.py
[2023-12-24 19:38:37,647] {logging_mixin.py:115} INFO - [2023-12-24 19:38:37,647] {dag.py:2420} INFO - Sync 1 DAGs
[2023-12-24 19:38:37,689] {logging_mixin.py:115} INFO - [2023-12-24 19:38:37,688] {dag.py:2972} INFO - Setting next_dagrun for Bitcoin_ETL to 2023-12-24T00:00:00+00:00, run_after=2023-12-25T00:00:00+00:00
[2023-12-24 19:38:37,712] {processor.py:161} INFO - Processing /opt/airflow/dags/ETL_Bitcoin.py took 0.987 seconds
[2023-12-24 19:38:47,795] {processor.py:153} INFO - Started process (PID=655) to work on /opt/airflow/dags/ETL_Bitcoin.py
[2023-12-24 19:38:47,797] {processor.py:641} INFO - Processing file /opt/airflow/dags/ETL_Bitcoin.py for tasks to queue
[2023-12-24 19:38:47,798] {logging_mixin.py:115} INFO - [2023-12-24 19:38:47,798] {dagbag.py:508} INFO - Filling up the DagBag from /opt/airflow/dags/ETL_Bitcoin.py
[2023-12-24 19:38:48,464] {processor.py:651} INFO - DAG(s) dict_keys(['Bitcoin_ETL']) retrieved from /opt/airflow/dags/ETL_Bitcoin.py
[2023-12-24 19:38:48,509] {logging_mixin.py:115} INFO - [2023-12-24 19:38:48,508] {dag.py:2420} INFO - Sync 1 DAGs
[2023-12-24 19:38:48,559] {logging_mixin.py:115} INFO - [2023-12-24 19:38:48,559] {dag.py:2972} INFO - Setting next_dagrun for Bitcoin_ETL to 2023-12-24T00:00:00+00:00, run_after=2023-12-25T00:00:00+00:00
[2023-12-24 19:38:48,587] {processor.py:161} INFO - Processing /opt/airflow/dags/ETL_Bitcoin.py took 0.798 seconds
[2023-12-24 19:38:58,727] {processor.py:153} INFO - Started process (PID=661) to work on /opt/airflow/dags/ETL_Bitcoin.py
[2023-12-24 19:38:58,728] {processor.py:641} INFO - Processing file /opt/airflow/dags/ETL_Bitcoin.py for tasks to queue
[2023-12-24 19:38:58,730] {logging_mixin.py:115} INFO - [2023-12-24 19:38:58,730] {dagbag.py:508} INFO - Filling up the DagBag from /opt/airflow/dags/ETL_Bitcoin.py
[2023-12-24 19:38:59,425] {processor.py:651} INFO - DAG(s) dict_keys(['Bitcoin_ETL']) retrieved from /opt/airflow/dags/ETL_Bitcoin.py
[2023-12-24 19:38:59,456] {logging_mixin.py:115} INFO - [2023-12-24 19:38:59,455] {dag.py:2420} INFO - Sync 1 DAGs
[2023-12-24 19:38:59,493] {logging_mixin.py:115} INFO - [2023-12-24 19:38:59,492] {dag.py:2972} INFO - Setting next_dagrun for Bitcoin_ETL to 2023-12-24T00:00:00+00:00, run_after=2023-12-25T00:00:00+00:00
[2023-12-24 19:38:59,518] {processor.py:161} INFO - Processing /opt/airflow/dags/ETL_Bitcoin.py took 0.796 seconds
[2023-12-24 19:39:09,663] {processor.py:153} INFO - Started process (PID=667) to work on /opt/airflow/dags/ETL_Bitcoin.py
[2023-12-24 19:39:09,665] {processor.py:641} INFO - Processing file /opt/airflow/dags/ETL_Bitcoin.py for tasks to queue
[2023-12-24 19:39:09,666] {logging_mixin.py:115} INFO - [2023-12-24 19:39:09,666] {dagbag.py:508} INFO - Filling up the DagBag from /opt/airflow/dags/ETL_Bitcoin.py
[2023-12-24 19:39:10,798] {processor.py:651} INFO - DAG(s) dict_keys(['Bitcoin_ETL']) retrieved from /opt/airflow/dags/ETL_Bitcoin.py
[2023-12-24 19:39:10,880] {logging_mixin.py:115} INFO - [2023-12-24 19:39:10,879] {dag.py:2420} INFO - Sync 1 DAGs
[2023-12-24 19:39:10,929] {logging_mixin.py:115} INFO - [2023-12-24 19:39:10,929] {dag.py:2972} INFO - Setting next_dagrun for Bitcoin_ETL to 2023-12-24T00:00:00+00:00, run_after=2023-12-25T00:00:00+00:00
[2023-12-24 19:39:10,989] {processor.py:161} INFO - Processing /opt/airflow/dags/ETL_Bitcoin.py took 1.330 seconds
[2023-12-24 19:39:21,075] {processor.py:153} INFO - Started process (PID=673) to work on /opt/airflow/dags/ETL_Bitcoin.py
[2023-12-24 19:39:21,076] {processor.py:641} INFO - Processing file /opt/airflow/dags/ETL_Bitcoin.py for tasks to queue
[2023-12-24 19:39:21,079] {logging_mixin.py:115} INFO - [2023-12-24 19:39:21,078] {dagbag.py:508} INFO - Filling up the DagBag from /opt/airflow/dags/ETL_Bitcoin.py
[2023-12-24 19:39:21,810] {processor.py:651} INFO - DAG(s) dict_keys(['Bitcoin_ETL']) retrieved from /opt/airflow/dags/ETL_Bitcoin.py
[2023-12-24 19:39:21,847] {logging_mixin.py:115} INFO - [2023-12-24 19:39:21,846] {dag.py:2420} INFO - Sync 1 DAGs
[2023-12-24 19:39:21,888] {logging_mixin.py:115} INFO - [2023-12-24 19:39:21,887] {dag.py:2972} INFO - Setting next_dagrun for Bitcoin_ETL to 2023-12-24T00:00:00+00:00, run_after=2023-12-25T00:00:00+00:00
[2023-12-24 19:39:21,909] {processor.py:161} INFO - Processing /opt/airflow/dags/ETL_Bitcoin.py took 0.845 seconds
