[2023-12-11 02:56:36,790] {taskinstance.py:1179} INFO - Dependencies all met for <TaskInstance: mi_primer_dag_v3.tercera_tarea scheduled__2023-12-10T00:00:00+00:00 [queued]>
[2023-12-11 02:56:36,939] {taskinstance.py:1179} INFO - Dependencies all met for <TaskInstance: mi_primer_dag_v3.tercera_tarea scheduled__2023-12-10T00:00:00+00:00 [queued]>
[2023-12-11 02:56:36,947] {taskinstance.py:1376} INFO - 
--------------------------------------------------------------------------------
[2023-12-11 02:56:36,952] {taskinstance.py:1377} INFO - Starting attempt 1 of 6
[2023-12-11 02:56:36,955] {taskinstance.py:1378} INFO - 
--------------------------------------------------------------------------------
[2023-12-11 02:56:37,227] {taskinstance.py:1397} INFO - Executing <Task(BashOperator): tercera_tarea> on 2023-12-10 00:00:00+00:00
[2023-12-11 02:56:37,247] {standard_task_runner.py:52} INFO - Started process 212 to run task
[2023-12-11 02:56:37,284] {standard_task_runner.py:79} INFO - Running: ['***', 'tasks', 'run', 'mi_primer_dag_v3', 'tercera_tarea', 'scheduled__2023-12-10T00:00:00+00:00', '--job-id', '2493', '--raw', '--subdir', 'DAGS_FOLDER/primer_dag_v3.py', '--cfg-path', '/tmp/tmpvbaeisi0', '--error-file', '/tmp/tmptj62cobm']
[2023-12-11 02:56:37,311] {standard_task_runner.py:80} INFO - Job 2493: Subtask tercera_tarea
[2023-12-11 02:56:38,060] {task_command.py:371} INFO - Running <TaskInstance: mi_primer_dag_v3.tercera_tarea scheduled__2023-12-10T00:00:00+00:00 [running]> on host 42828894a739
[2023-12-11 02:56:38,697] {taskinstance.py:1591} INFO - Exporting the following env vars:
AIRFLOW_CTX_DAG_OWNER=DavidBU
AIRFLOW_CTX_DAG_ID=mi_primer_dag_v3
AIRFLOW_CTX_TASK_ID=tercera_tarea
AIRFLOW_CTX_EXECUTION_DATE=2023-12-10T00:00:00+00:00
AIRFLOW_CTX_TRY_NUMBER=1
AIRFLOW_CTX_DAG_RUN_ID=scheduled__2023-12-10T00:00:00+00:00
[2023-12-11 02:56:38,701] {subprocess.py:62} INFO - Tmp dir root location: 
 /tmp
[2023-12-11 02:56:38,704] {subprocess.py:74} INFO - Running command: ['bash', '-c', 'echo hola, soy la tarea 3 y sere corrida luego de Tarea 1 al mismo tiempo que Tarea 2']
[2023-12-11 02:56:38,725] {subprocess.py:85} INFO - Output:
[2023-12-11 02:56:38,732] {subprocess.py:92} INFO - hola, soy la tarea 3 y sere corrida luego de Tarea 1 al mismo tiempo que Tarea 2
[2023-12-11 02:56:38,733] {subprocess.py:96} INFO - Command exited with return code 0
[2023-12-11 02:56:38,821] {taskinstance.py:1420} INFO - Marking task as SUCCESS. dag_id=mi_primer_dag_v3, task_id=tercera_tarea, execution_date=20231210T000000, start_date=20231211T025636, end_date=20231211T025638
[2023-12-11 02:56:38,870] {local_task_job.py:156} INFO - Task exited with return code 0
[2023-12-11 02:56:38,998] {local_task_job.py:273} INFO - 0 downstream tasks scheduled from follow-on schedule check
