[2023-12-21 03:24:13,278] {taskinstance.py:1179} INFO - Dependencies all met for <TaskInstance: mi_primer_dag_v4.tercera_tarea scheduled__2023-12-16T00:00:00+00:00 [queued]>
[2023-12-21 03:24:13,450] {taskinstance.py:1179} INFO - Dependencies all met for <TaskInstance: mi_primer_dag_v4.tercera_tarea scheduled__2023-12-16T00:00:00+00:00 [queued]>
[2023-12-21 03:24:13,472] {taskinstance.py:1376} INFO - 
--------------------------------------------------------------------------------
[2023-12-21 03:24:13,487] {taskinstance.py:1377} INFO - Starting attempt 1 of 6
[2023-12-21 03:24:13,490] {taskinstance.py:1378} INFO - 
--------------------------------------------------------------------------------
[2023-12-21 03:24:13,856] {taskinstance.py:1397} INFO - Executing <Task(BashOperator): tercera_tarea> on 2023-12-16 00:00:00+00:00
[2023-12-21 03:24:13,908] {standard_task_runner.py:52} INFO - Started process 455 to run task
[2023-12-21 03:24:13,983] {standard_task_runner.py:79} INFO - Running: ['***', 'tasks', 'run', 'mi_primer_dag_v4', 'tercera_tarea', 'scheduled__2023-12-16T00:00:00+00:00', '--job-id', '193', '--raw', '--subdir', 'DAGS_FOLDER/primer_dag.py', '--cfg-path', '/tmp/tmp6q2o_izp', '--error-file', '/tmp/tmprhntucdd']
[2023-12-21 03:24:13,997] {standard_task_runner.py:80} INFO - Job 193: Subtask tercera_tarea
[2023-12-21 03:24:14,737] {task_command.py:371} INFO - Running <TaskInstance: mi_primer_dag_v4.tercera_tarea scheduled__2023-12-16T00:00:00+00:00 [running]> on host b0993ec57291
[2023-12-21 03:24:15,643] {taskinstance.py:1591} INFO - Exporting the following env vars:
AIRFLOW_CTX_DAG_OWNER=DavidBU
AIRFLOW_CTX_DAG_ID=mi_primer_dag_v4
AIRFLOW_CTX_TASK_ID=tercera_tarea
AIRFLOW_CTX_EXECUTION_DATE=2023-12-16T00:00:00+00:00
AIRFLOW_CTX_TRY_NUMBER=1
AIRFLOW_CTX_DAG_RUN_ID=scheduled__2023-12-16T00:00:00+00:00
[2023-12-21 03:24:15,661] {subprocess.py:62} INFO - Tmp dir root location: 
 /tmp
[2023-12-21 03:24:15,676] {subprocess.py:74} INFO - Running command: ['bash', '-c', 'echo Bustos Usta']
[2023-12-21 03:24:15,710] {subprocess.py:85} INFO - Output:
[2023-12-21 03:24:15,714] {subprocess.py:92} INFO - Bustos Usta
[2023-12-21 03:24:15,715] {subprocess.py:96} INFO - Command exited with return code 0
[2023-12-21 03:24:19,813] {taskinstance.py:1420} INFO - Marking task as SUCCESS. dag_id=mi_primer_dag_v4, task_id=tercera_tarea, execution_date=20231216T000000, start_date=20231221T032413, end_date=20231221T032419
[2023-12-21 03:24:20,029] {local_task_job.py:156} INFO - Task exited with return code 0
[2023-12-21 03:24:20,282] {local_task_job.py:273} INFO - 0 downstream tasks scheduled from follow-on schedule check
