[2023-12-21 03:21:37,536] {taskinstance.py:1179} INFO - Dependencies all met for <TaskInstance: dag_con_conexion_postgres.crear_tabla_postgres scheduled__2023-12-16T00:00:00+00:00 [queued]>
[2023-12-21 03:21:37,907] {taskinstance.py:1179} INFO - Dependencies all met for <TaskInstance: dag_con_conexion_postgres.crear_tabla_postgres scheduled__2023-12-16T00:00:00+00:00 [queued]>
[2023-12-21 03:21:37,971] {taskinstance.py:1376} INFO - 
--------------------------------------------------------------------------------
[2023-12-21 03:21:37,973] {taskinstance.py:1377} INFO - Starting attempt 2 of 6
[2023-12-21 03:21:37,981] {taskinstance.py:1378} INFO - 
--------------------------------------------------------------------------------
[2023-12-21 03:21:39,085] {taskinstance.py:1397} INFO - Executing <Task(PostgresOperator): crear_tabla_postgres> on 2023-12-16 00:00:00+00:00
[2023-12-21 03:21:39,161] {standard_task_runner.py:52} INFO - Started process 229 to run task
[2023-12-21 03:21:39,586] {standard_task_runner.py:79} INFO - Running: ['***', 'tasks', 'run', 'dag_con_conexion_postgres', 'crear_tabla_postgres', 'scheduled__2023-12-16T00:00:00+00:00', '--job-id', '157', '--raw', '--subdir', 'DAGS_FOLDER/dag_postgres_database.py', '--cfg-path', '/tmp/tmp63ec18ab', '--error-file', '/tmp/tmp1ynkw71n']
[2023-12-21 03:21:41,261] {standard_task_runner.py:80} INFO - Job 157: Subtask crear_tabla_postgres
[2023-12-21 03:21:50,672] {task_command.py:371} INFO - Running <TaskInstance: dag_con_conexion_postgres.crear_tabla_postgres scheduled__2023-12-16T00:00:00+00:00 [running]> on host b0993ec57291
[2023-12-21 03:21:53,889] {taskinstance.py:1591} INFO - Exporting the following env vars:
AIRFLOW_CTX_DAG_OWNER=DavidBU
AIRFLOW_CTX_DAG_ID=dag_con_conexion_postgres
AIRFLOW_CTX_TASK_ID=crear_tabla_postgres
AIRFLOW_CTX_EXECUTION_DATE=2023-12-16T00:00:00+00:00
AIRFLOW_CTX_TRY_NUMBER=2
AIRFLOW_CTX_DAG_RUN_ID=scheduled__2023-12-16T00:00:00+00:00
[2023-12-21 03:21:54,253] {base.py:68} INFO - Using connection ID 'postgres_localhost' for task execution.
[2023-12-21 03:21:54,710] {dbapi.py:231} INFO - Running statement: 
            create table if not exists fin_mundo(
                dt date,
                pais varchar(30)
            )
        , parameters: None
[2023-12-21 03:21:54,858] {postgres.py:94} INFO - NOTICE:  la relación «fin_mundo» ya existe, ignorando

[2023-12-21 03:23:09,808] {taskinstance.py:1420} INFO - Marking task as SUCCESS. dag_id=dag_con_conexion_postgres, task_id=crear_tabla_postgres, execution_date=20231216T000000, start_date=20231221T032137, end_date=20231221T032309
[2023-12-21 03:23:10,297] {local_task_job.py:156} INFO - Task exited with return code 0
[2023-12-21 03:23:19,891] {local_task_job.py:273} INFO - 0 downstream tasks scheduled from follow-on schedule check
