[2023-12-10 20:20:04,504] {taskinstance.py:1179} INFO - Dependencies all met for <TaskInstance: mi_primer_dar_con_PythonOperator.aloha_david scheduled__2022-10-01T00:00:00+00:00 [queued]>
[2023-12-10 20:20:04,550] {taskinstance.py:1179} INFO - Dependencies all met for <TaskInstance: mi_primer_dar_con_PythonOperator.aloha_david scheduled__2022-10-01T00:00:00+00:00 [queued]>
[2023-12-10 20:20:04,551] {taskinstance.py:1376} INFO - 
--------------------------------------------------------------------------------
[2023-12-10 20:20:04,553] {taskinstance.py:1377} INFO - Starting attempt 1 of 6
[2023-12-10 20:20:04,554] {taskinstance.py:1378} INFO - 
--------------------------------------------------------------------------------
[2023-12-10 20:20:04,656] {taskinstance.py:1397} INFO - Executing <Task(PythonOperator): aloha_david> on 2022-10-01 00:00:00+00:00
[2023-12-10 20:20:04,675] {standard_task_runner.py:52} INFO - Started process 773 to run task
[2023-12-10 20:20:04,711] {standard_task_runner.py:79} INFO - Running: ['***', 'tasks', 'run', 'mi_primer_dar_con_PythonOperator', 'aloha_david', 'scheduled__2022-10-01T00:00:00+00:00', '--job-id', '1825', '--raw', '--subdir', 'DAGS_FOLDER/mi_primer_dag_pythonoperator.py', '--cfg-path', '/tmp/tmpjbj14dgz', '--error-file', '/tmp/tmp591tlre7']
[2023-12-10 20:20:04,728] {standard_task_runner.py:80} INFO - Job 1825: Subtask aloha_david
[2023-12-10 20:20:05,273] {task_command.py:371} INFO - Running <TaskInstance: mi_primer_dar_con_PythonOperator.aloha_david scheduled__2022-10-01T00:00:00+00:00 [running]> on host 42828894a739
[2023-12-10 20:20:06,344] {taskinstance.py:1591} INFO - Exporting the following env vars:
AIRFLOW_CTX_DAG_OWNER=DavidBU
AIRFLOW_CTX_DAG_ID=mi_primer_dar_con_PythonOperator
AIRFLOW_CTX_TASK_ID=aloha_david
AIRFLOW_CTX_EXECUTION_DATE=2022-10-01T00:00:00+00:00
AIRFLOW_CTX_TRY_NUMBER=1
AIRFLOW_CTX_DAG_RUN_ID=scheduled__2022-10-01T00:00:00+00:00
[2023-12-10 20:20:06,355] {logging_mixin.py:115} INFO - Aloha Mundo soy yo!
[2023-12-10 20:20:06,364] {python.py:173} INFO - Done. Returned value was: None
[2023-12-10 20:20:06,520] {taskinstance.py:1420} INFO - Marking task as SUCCESS. dag_id=mi_primer_dar_con_PythonOperator, task_id=aloha_david, execution_date=20221001T000000, start_date=20231210T202004, end_date=20231210T202006
[2023-12-10 20:20:06,773] {local_task_job.py:156} INFO - Task exited with return code 0
[2023-12-10 20:20:07,018] {local_task_job.py:273} INFO - 0 downstream tasks scheduled from follow-on schedule check
