[2023-12-10 20:14:19,433] {taskinstance.py:1179} INFO - Dependencies all met for <TaskInstance: mi_primer_dag.primer_task scheduled__2022-11-17T00:00:00+00:00 [queued]>
[2023-12-10 20:14:19,486] {taskinstance.py:1179} INFO - Dependencies all met for <TaskInstance: mi_primer_dag.primer_task scheduled__2022-11-17T00:00:00+00:00 [queued]>
[2023-12-10 20:14:19,488] {taskinstance.py:1376} INFO - 
--------------------------------------------------------------------------------
[2023-12-10 20:14:19,489] {taskinstance.py:1377} INFO - Starting attempt 1 of 6
[2023-12-10 20:14:19,492] {taskinstance.py:1378} INFO - 
--------------------------------------------------------------------------------
[2023-12-10 20:14:19,561] {taskinstance.py:1397} INFO - Executing <Task(BashOperator): primer_task> on 2022-11-17 00:00:00+00:00
[2023-12-10 20:14:19,578] {standard_task_runner.py:52} INFO - Started process 700 to run task
[2023-12-10 20:14:19,590] {standard_task_runner.py:79} INFO - Running: ['***', 'tasks', 'run', 'mi_primer_dag', 'primer_task', 'scheduled__2022-11-17T00:00:00+00:00', '--job-id', '1596', '--raw', '--subdir', 'DAGS_FOLDER/mi_primer_dag.py', '--cfg-path', '/tmp/tmpv12hdyk7', '--error-file', '/tmp/tmp8gb2lnlu']
[2023-12-10 20:14:19,596] {standard_task_runner.py:80} INFO - Job 1596: Subtask primer_task
[2023-12-10 20:14:19,793] {task_command.py:371} INFO - Running <TaskInstance: mi_primer_dag.primer_task scheduled__2022-11-17T00:00:00+00:00 [running]> on host 42828894a739
[2023-12-10 20:14:19,973] {taskinstance.py:1591} INFO - Exporting the following env vars:
AIRFLOW_CTX_DAG_OWNER=DavidBU
AIRFLOW_CTX_DAG_ID=mi_primer_dag
AIRFLOW_CTX_TASK_ID=primer_task
AIRFLOW_CTX_EXECUTION_DATE=2022-11-17T00:00:00+00:00
AIRFLOW_CTX_TRY_NUMBER=1
AIRFLOW_CTX_DAG_RUN_ID=scheduled__2022-11-17T00:00:00+00:00
[2023-12-10 20:14:19,976] {subprocess.py:62} INFO - Tmp dir root location: 
 /tmp
[2023-12-10 20:14:19,977] {subprocess.py:74} INFO - Running command: ['bash', '-c', 'echo hola mundo, esta es nuestra primera tarea usando bash operator!']
[2023-12-10 20:14:19,992] {subprocess.py:85} INFO - Output:
[2023-12-10 20:14:19,995] {subprocess.py:92} INFO - hola mundo, esta es nuestra primera tarea usando bash operator!
[2023-12-10 20:14:19,996] {subprocess.py:96} INFO - Command exited with return code 0
[2023-12-10 20:14:20,065] {taskinstance.py:1420} INFO - Marking task as SUCCESS. dag_id=mi_primer_dag, task_id=primer_task, execution_date=20221117T000000, start_date=20231210T201419, end_date=20231210T201420
[2023-12-10 20:14:20,119] {local_task_job.py:156} INFO - Task exited with return code 0
[2023-12-10 20:14:20,187] {local_task_job.py:273} INFO - 0 downstream tasks scheduled from follow-on schedule check
