[2023-12-11 08:24:17,090] {taskinstance.py:1179} INFO - Dependencies all met for <TaskInstance: mi_primer_dag_v4.segunda_tarea scheduled__2023-12-08T00:00:00+00:00 [queued]>
[2023-12-11 08:24:17,231] {taskinstance.py:1179} INFO - Dependencies all met for <TaskInstance: mi_primer_dag_v4.segunda_tarea scheduled__2023-12-08T00:00:00+00:00 [queued]>
[2023-12-11 08:24:17,270] {taskinstance.py:1376} INFO - 
--------------------------------------------------------------------------------
[2023-12-11 08:24:17,277] {taskinstance.py:1377} INFO - Starting attempt 1 of 6
[2023-12-11 08:24:17,285] {taskinstance.py:1378} INFO - 
--------------------------------------------------------------------------------
[2023-12-11 08:24:17,583] {taskinstance.py:1397} INFO - Executing <Task(BashOperator): segunda_tarea> on 2023-12-08 00:00:00+00:00
[2023-12-11 08:24:17,636] {standard_task_runner.py:52} INFO - Started process 3238 to run task
[2023-12-11 08:24:17,643] {standard_task_runner.py:79} INFO - Running: ['***', 'tasks', 'run', 'mi_primer_dag_v4', 'segunda_tarea', 'scheduled__2023-12-08T00:00:00+00:00', '--job-id', '107', '--raw', '--subdir', 'DAGS_FOLDER/primer_dag.py', '--cfg-path', '/tmp/tmp7i1jbe4y', '--error-file', '/tmp/tmpyder7x8m']
[2023-12-11 08:24:17,696] {standard_task_runner.py:80} INFO - Job 107: Subtask segunda_tarea
[2023-12-11 08:24:18,996] {task_command.py:371} INFO - Running <TaskInstance: mi_primer_dag_v4.segunda_tarea scheduled__2023-12-08T00:00:00+00:00 [running]> on host 03477fa6e3b6
[2023-12-11 08:24:22,223] {taskinstance.py:1591} INFO - Exporting the following env vars:
AIRFLOW_CTX_DAG_OWNER=DavidBU
AIRFLOW_CTX_DAG_ID=mi_primer_dag_v4
AIRFLOW_CTX_TASK_ID=segunda_tarea
AIRFLOW_CTX_EXECUTION_DATE=2023-12-08T00:00:00+00:00
AIRFLOW_CTX_TRY_NUMBER=1
AIRFLOW_CTX_DAG_RUN_ID=scheduled__2023-12-08T00:00:00+00:00
[2023-12-11 08:24:22,228] {subprocess.py:62} INFO - Tmp dir root location: 
 /tmp
[2023-12-11 08:24:22,237] {subprocess.py:74} INFO - Running command: ['bash', '-c', 'echo David']
[2023-12-11 08:24:22,306] {subprocess.py:85} INFO - Output:
[2023-12-11 08:24:22,313] {subprocess.py:92} INFO - David
[2023-12-11 08:24:22,328] {subprocess.py:96} INFO - Command exited with return code 0
[2023-12-11 08:24:22,624] {taskinstance.py:1420} INFO - Marking task as SUCCESS. dag_id=mi_primer_dag_v4, task_id=segunda_tarea, execution_date=20231208T000000, start_date=20231211T082417, end_date=20231211T082422
[2023-12-11 08:24:22,891] {local_task_job.py:156} INFO - Task exited with return code 0
[2023-12-11 08:24:23,234] {local_task_job.py:273} INFO - 0 downstream tasks scheduled from follow-on schedule check
