[2023-12-10 20:12:47,352] {taskinstance.py:1179} INFO - Dependencies all met for <TaskInstance: mi_primer_dag.primer_task scheduled__2022-09-05T00:00:00+00:00 [queued]>
[2023-12-10 20:12:47,545] {taskinstance.py:1179} INFO - Dependencies all met for <TaskInstance: mi_primer_dag.primer_task scheduled__2022-09-05T00:00:00+00:00 [queued]>
[2023-12-10 20:12:47,546] {taskinstance.py:1376} INFO - 
--------------------------------------------------------------------------------
[2023-12-10 20:12:47,547] {taskinstance.py:1377} INFO - Starting attempt 1 of 6
[2023-12-10 20:12:47,549] {taskinstance.py:1378} INFO - 
--------------------------------------------------------------------------------
[2023-12-10 20:12:47,732] {taskinstance.py:1397} INFO - Executing <Task(BashOperator): primer_task> on 2022-09-05 00:00:00+00:00
[2023-12-10 20:12:47,762] {standard_task_runner.py:52} INFO - Started process 409 to run task
[2023-12-10 20:12:47,792] {standard_task_runner.py:79} INFO - Running: ['***', 'tasks', 'run', 'mi_primer_dag', 'primer_task', 'scheduled__2022-09-05T00:00:00+00:00', '--job-id', '1523', '--raw', '--subdir', 'DAGS_FOLDER/mi_primer_dag.py', '--cfg-path', '/tmp/tmpwzt__dm3', '--error-file', '/tmp/tmp5xcfjl04']
[2023-12-10 20:12:47,827] {standard_task_runner.py:80} INFO - Job 1523: Subtask primer_task
[2023-12-10 20:12:48,632] {task_command.py:371} INFO - Running <TaskInstance: mi_primer_dag.primer_task scheduled__2022-09-05T00:00:00+00:00 [running]> on host 42828894a739
[2023-12-10 20:12:49,550] {taskinstance.py:1591} INFO - Exporting the following env vars:
AIRFLOW_CTX_DAG_OWNER=DavidBU
AIRFLOW_CTX_DAG_ID=mi_primer_dag
AIRFLOW_CTX_TASK_ID=primer_task
AIRFLOW_CTX_EXECUTION_DATE=2022-09-05T00:00:00+00:00
AIRFLOW_CTX_TRY_NUMBER=1
AIRFLOW_CTX_DAG_RUN_ID=scheduled__2022-09-05T00:00:00+00:00
[2023-12-10 20:12:49,554] {subprocess.py:62} INFO - Tmp dir root location: 
 /tmp
[2023-12-10 20:12:49,559] {subprocess.py:74} INFO - Running command: ['bash', '-c', 'echo hola mundo, esta es nuestra primera tarea usando bash operator!']
[2023-12-10 20:12:49,586] {subprocess.py:85} INFO - Output:
[2023-12-10 20:12:49,590] {subprocess.py:92} INFO - hola mundo, esta es nuestra primera tarea usando bash operator!
[2023-12-10 20:12:49,593] {subprocess.py:96} INFO - Command exited with return code 0
[2023-12-10 20:12:49,758] {taskinstance.py:1420} INFO - Marking task as SUCCESS. dag_id=mi_primer_dag, task_id=primer_task, execution_date=20220905T000000, start_date=20231210T201247, end_date=20231210T201249
[2023-12-10 20:12:49,866] {local_task_job.py:156} INFO - Task exited with return code 0
[2023-12-10 20:12:50,070] {local_task_job.py:273} INFO - 0 downstream tasks scheduled from follow-on schedule check
