[2023-12-10 19:48:31,312] {taskinstance.py:1179} INFO - Dependencies all met for <TaskInstance: mi_primer_dag_v3.tercera_tarea scheduled__2023-11-07T00:00:00+00:00 [queued]>
[2023-12-10 19:48:31,458] {taskinstance.py:1179} INFO - Dependencies all met for <TaskInstance: mi_primer_dag_v3.tercera_tarea scheduled__2023-11-07T00:00:00+00:00 [queued]>
[2023-12-10 19:48:31,462] {taskinstance.py:1376} INFO - 
--------------------------------------------------------------------------------
[2023-12-10 19:48:31,463] {taskinstance.py:1377} INFO - Starting attempt 1 of 6
[2023-12-10 19:48:31,466] {taskinstance.py:1378} INFO - 
--------------------------------------------------------------------------------
[2023-12-10 19:48:31,715] {taskinstance.py:1397} INFO - Executing <Task(BashOperator): tercera_tarea> on 2023-11-07 00:00:00+00:00
[2023-12-10 19:48:31,760] {standard_task_runner.py:52} INFO - Started process 4834 to run task
[2023-12-10 19:48:31,796] {standard_task_runner.py:79} INFO - Running: ['***', 'tasks', 'run', 'mi_primer_dag_v3', 'tercera_tarea', 'scheduled__2023-11-07T00:00:00+00:00', '--job-id', '1392', '--raw', '--subdir', 'DAGS_FOLDER/primer_dag_v3.py', '--cfg-path', '/tmp/tmpf_2kqecs', '--error-file', '/tmp/tmpgzq7zpmr']
[2023-12-10 19:48:31,909] {standard_task_runner.py:80} INFO - Job 1392: Subtask tercera_tarea
[2023-12-10 19:48:32,443] {task_command.py:371} INFO - Running <TaskInstance: mi_primer_dag_v3.tercera_tarea scheduled__2023-11-07T00:00:00+00:00 [running]> on host 42828894a739
[2023-12-10 19:48:33,631] {taskinstance.py:1591} INFO - Exporting the following env vars:
AIRFLOW_CTX_DAG_OWNER=DavidBU
AIRFLOW_CTX_DAG_ID=mi_primer_dag_v3
AIRFLOW_CTX_TASK_ID=tercera_tarea
AIRFLOW_CTX_EXECUTION_DATE=2023-11-07T00:00:00+00:00
AIRFLOW_CTX_TRY_NUMBER=1
AIRFLOW_CTX_DAG_RUN_ID=scheduled__2023-11-07T00:00:00+00:00
[2023-12-10 19:48:33,648] {subprocess.py:62} INFO - Tmp dir root location: 
 /tmp
[2023-12-10 19:48:33,665] {subprocess.py:74} INFO - Running command: ['bash', '-c', 'echo hola, soy la tarea 3 y sere corrida luego de Tarea 1 al mismo tiempo que Tarea 2']
[2023-12-10 19:48:33,821] {subprocess.py:85} INFO - Output:
[2023-12-10 19:48:33,838] {subprocess.py:92} INFO - hola, soy la tarea 3 y sere corrida luego de Tarea 1 al mismo tiempo que Tarea 2
[2023-12-10 19:48:33,857] {subprocess.py:96} INFO - Command exited with return code 0
[2023-12-10 19:48:34,861] {taskinstance.py:1420} INFO - Marking task as SUCCESS. dag_id=mi_primer_dag_v3, task_id=tercera_tarea, execution_date=20231107T000000, start_date=20231210T194831, end_date=20231210T194834
[2023-12-10 19:48:34,965] {local_task_job.py:156} INFO - Task exited with return code 0
[2023-12-10 19:48:35,447] {local_task_job.py:273} INFO - 0 downstream tasks scheduled from follow-on schedule check
