[2023-12-21 02:22:09,320] {taskinstance.py:1179} INFO - Dependencies all met for <TaskInstance: mi_primer_dag_v4.primera_tarea scheduled__2023-12-14T00:00:00+00:00 [queued]>
[2023-12-21 02:22:09,407] {taskinstance.py:1179} INFO - Dependencies all met for <TaskInstance: mi_primer_dag_v4.primera_tarea scheduled__2023-12-14T00:00:00+00:00 [queued]>
[2023-12-21 02:22:09,408] {taskinstance.py:1376} INFO - 
--------------------------------------------------------------------------------
[2023-12-21 02:22:09,409] {taskinstance.py:1377} INFO - Starting attempt 1 of 6
[2023-12-21 02:22:09,413] {taskinstance.py:1378} INFO - 
--------------------------------------------------------------------------------
[2023-12-21 02:22:09,527] {taskinstance.py:1397} INFO - Executing <Task(BashOperator): primera_tarea> on 2023-12-14 00:00:00+00:00
[2023-12-21 02:22:09,576] {standard_task_runner.py:52} INFO - Started process 225 to run task
[2023-12-21 02:22:09,740] {standard_task_runner.py:79} INFO - Running: ['***', 'tasks', 'run', 'mi_primer_dag_v4', 'primera_tarea', 'scheduled__2023-12-14T00:00:00+00:00', '--job-id', '122', '--raw', '--subdir', 'DAGS_FOLDER/primer_dag.py', '--cfg-path', '/tmp/tmpemt45ewo', '--error-file', '/tmp/tmp1i35dx5i']
[2023-12-21 02:22:09,843] {standard_task_runner.py:80} INFO - Job 122: Subtask primera_tarea
[2023-12-21 02:22:11,291] {task_command.py:371} INFO - Running <TaskInstance: mi_primer_dag_v4.primera_tarea scheduled__2023-12-14T00:00:00+00:00 [running]> on host de0a7ae97836
[2023-12-21 02:22:12,446] {taskinstance.py:1591} INFO - Exporting the following env vars:
AIRFLOW_CTX_DAG_OWNER=DavidBU
AIRFLOW_CTX_DAG_ID=mi_primer_dag_v4
AIRFLOW_CTX_TASK_ID=primera_tarea
AIRFLOW_CTX_EXECUTION_DATE=2023-12-14T00:00:00+00:00
AIRFLOW_CTX_TRY_NUMBER=1
AIRFLOW_CTX_DAG_RUN_ID=scheduled__2023-12-14T00:00:00+00:00
[2023-12-21 02:22:12,452] {subprocess.py:62} INFO - Tmp dir root location: 
 /tmp
[2023-12-21 02:22:12,459] {subprocess.py:74} INFO - Running command: ['bash', '-c', 'echo Chile']
[2023-12-21 02:22:12,599] {subprocess.py:85} INFO - Output:
[2023-12-21 02:22:12,621] {subprocess.py:92} INFO - Chile
[2023-12-21 02:22:12,648] {subprocess.py:96} INFO - Command exited with return code 0
[2023-12-21 02:22:35,257] {taskinstance.py:1420} INFO - Marking task as SUCCESS. dag_id=mi_primer_dag_v4, task_id=primera_tarea, execution_date=20231214T000000, start_date=20231221T022209, end_date=20231221T022235
[2023-12-21 02:22:36,025] {local_task_job.py:156} INFO - Task exited with return code 0
[2023-12-21 02:22:37,547] {local_task_job.py:273} INFO - 1 downstream tasks scheduled from follow-on schedule check
