[2023-12-10 19:29:41,316] {taskinstance.py:1179} INFO - Dependencies all met for <TaskInstance: mi_primer_dag_v3.primera_tarea scheduled__2022-08-13T00:00:00+00:00 [queued]>
[2023-12-10 19:29:41,418] {taskinstance.py:1179} INFO - Dependencies all met for <TaskInstance: mi_primer_dag_v3.primera_tarea scheduled__2022-08-13T00:00:00+00:00 [queued]>
[2023-12-10 19:29:41,420] {taskinstance.py:1376} INFO - 
--------------------------------------------------------------------------------
[2023-12-10 19:29:41,421] {taskinstance.py:1377} INFO - Starting attempt 1 of 6
[2023-12-10 19:29:41,424] {taskinstance.py:1378} INFO - 
--------------------------------------------------------------------------------
[2023-12-10 19:29:41,490] {taskinstance.py:1397} INFO - Executing <Task(BashOperator): primera_tarea> on 2022-08-13 00:00:00+00:00
[2023-12-10 19:29:41,497] {standard_task_runner.py:52} INFO - Started process 243 to run task
[2023-12-10 19:29:41,546] {standard_task_runner.py:79} INFO - Running: ['***', 'tasks', 'run', 'mi_primer_dag_v3', 'primera_tarea', 'scheduled__2022-08-13T00:00:00+00:00', '--job-id', '14', '--raw', '--subdir', 'DAGS_FOLDER/primer_dag_v3.py', '--cfg-path', '/tmp/tmperpycmxg', '--error-file', '/tmp/tmpiosqq76u']
[2023-12-10 19:29:41,611] {standard_task_runner.py:80} INFO - Job 14: Subtask primera_tarea
[2023-12-10 19:29:43,670] {task_command.py:371} INFO - Running <TaskInstance: mi_primer_dag_v3.primera_tarea scheduled__2022-08-13T00:00:00+00:00 [running]> on host 42828894a739
[2023-12-10 19:29:45,310] {taskinstance.py:1591} INFO - Exporting the following env vars:
AIRFLOW_CTX_DAG_OWNER=DavidBU
AIRFLOW_CTX_DAG_ID=mi_primer_dag_v3
AIRFLOW_CTX_TASK_ID=primera_tarea
AIRFLOW_CTX_EXECUTION_DATE=2022-08-13T00:00:00+00:00
AIRFLOW_CTX_TRY_NUMBER=1
AIRFLOW_CTX_DAG_RUN_ID=scheduled__2022-08-13T00:00:00+00:00
[2023-12-10 19:29:45,331] {subprocess.py:62} INFO - Tmp dir root location: 
 /tmp
[2023-12-10 19:29:45,334] {subprocess.py:74} INFO - Running command: ['bash', '-c', 'echo hola mundo, esta es nuestra primera tarea!']
[2023-12-10 19:29:45,377] {subprocess.py:85} INFO - Output:
[2023-12-10 19:29:45,407] {subprocess.py:92} INFO - hola mundo, esta es nuestra primera tarea!
[2023-12-10 19:29:45,412] {subprocess.py:96} INFO - Command exited with return code 0
[2023-12-10 19:29:45,664] {taskinstance.py:1420} INFO - Marking task as SUCCESS. dag_id=mi_primer_dag_v3, task_id=primera_tarea, execution_date=20220813T000000, start_date=20231210T192941, end_date=20231210T192945
[2023-12-10 19:29:45,846] {local_task_job.py:156} INFO - Task exited with return code 0
[2023-12-10 19:29:46,240] {local_task_job.py:273} INFO - 2 downstream tasks scheduled from follow-on schedule check
