[2023-12-10 19:29:15,249] {taskinstance.py:1179} INFO - Dependencies all met for <TaskInstance: mi_primer_dag_v3.primera_tarea scheduled__2022-08-03T00:00:00+00:00 [queued]>
[2023-12-10 19:29:15,315] {taskinstance.py:1179} INFO - Dependencies all met for <TaskInstance: mi_primer_dag_v3.primera_tarea scheduled__2022-08-03T00:00:00+00:00 [queued]>
[2023-12-10 19:29:15,333] {taskinstance.py:1376} INFO - 
--------------------------------------------------------------------------------
[2023-12-10 19:29:15,335] {taskinstance.py:1377} INFO - Starting attempt 1 of 6
[2023-12-10 19:29:15,336] {taskinstance.py:1378} INFO - 
--------------------------------------------------------------------------------
[2023-12-10 19:29:15,601] {taskinstance.py:1397} INFO - Executing <Task(BashOperator): primera_tarea> on 2022-08-03 00:00:00+00:00
[2023-12-10 19:29:15,644] {standard_task_runner.py:52} INFO - Started process 200 to run task
[2023-12-10 19:29:15,660] {standard_task_runner.py:79} INFO - Running: ['***', 'tasks', 'run', 'mi_primer_dag_v3', 'primera_tarea', 'scheduled__2022-08-03T00:00:00+00:00', '--job-id', '3', '--raw', '--subdir', 'DAGS_FOLDER/primer_dag_v3.py', '--cfg-path', '/tmp/tmp9ammu2hm', '--error-file', '/tmp/tmp56vpt87n']
[2023-12-10 19:29:15,669] {standard_task_runner.py:80} INFO - Job 3: Subtask primera_tarea
[2023-12-10 19:29:18,502] {task_command.py:371} INFO - Running <TaskInstance: mi_primer_dag_v3.primera_tarea scheduled__2022-08-03T00:00:00+00:00 [running]> on host 42828894a739
[2023-12-10 19:29:24,739] {taskinstance.py:1591} INFO - Exporting the following env vars:
AIRFLOW_CTX_DAG_OWNER=DavidBU
AIRFLOW_CTX_DAG_ID=mi_primer_dag_v3
AIRFLOW_CTX_TASK_ID=primera_tarea
AIRFLOW_CTX_EXECUTION_DATE=2022-08-03T00:00:00+00:00
AIRFLOW_CTX_TRY_NUMBER=1
AIRFLOW_CTX_DAG_RUN_ID=scheduled__2022-08-03T00:00:00+00:00
[2023-12-10 19:29:24,753] {subprocess.py:62} INFO - Tmp dir root location: 
 /tmp
[2023-12-10 19:29:24,766] {subprocess.py:74} INFO - Running command: ['bash', '-c', 'echo hola mundo, esta es nuestra primera tarea!']
[2023-12-10 19:29:24,860] {subprocess.py:85} INFO - Output:
[2023-12-10 19:29:24,930] {subprocess.py:92} INFO - hola mundo, esta es nuestra primera tarea!
[2023-12-10 19:29:24,979] {subprocess.py:96} INFO - Command exited with return code 0
[2023-12-10 19:29:27,305] {taskinstance.py:1420} INFO - Marking task as SUCCESS. dag_id=mi_primer_dag_v3, task_id=primera_tarea, execution_date=20220803T000000, start_date=20231210T192915, end_date=20231210T192927
[2023-12-10 19:29:27,584] {local_task_job.py:156} INFO - Task exited with return code 0
[2023-12-10 19:29:27,846] {local_task_job.py:273} INFO - 2 downstream tasks scheduled from follow-on schedule check
