[2023-12-10 20:24:15,266] {taskinstance.py:1179} INFO - Dependencies all met for <TaskInstance: mi_primer_dag.primer_task scheduled__2023-10-08T00:00:00+00:00 [queued]>
[2023-12-10 20:24:15,357] {taskinstance.py:1179} INFO - Dependencies all met for <TaskInstance: mi_primer_dag.primer_task scheduled__2023-10-08T00:00:00+00:00 [queued]>
[2023-12-10 20:24:15,365] {taskinstance.py:1376} INFO - 
--------------------------------------------------------------------------------
[2023-12-10 20:24:15,366] {taskinstance.py:1377} INFO - Starting attempt 1 of 6
[2023-12-10 20:24:15,367] {taskinstance.py:1378} INFO - 
--------------------------------------------------------------------------------
[2023-12-10 20:24:15,522] {taskinstance.py:1397} INFO - Executing <Task(BashOperator): primer_task> on 2023-10-08 00:00:00+00:00
[2023-12-10 20:24:15,551] {standard_task_runner.py:52} INFO - Started process 1899 to run task
[2023-12-10 20:24:15,602] {standard_task_runner.py:79} INFO - Running: ['***', 'tasks', 'run', 'mi_primer_dag', 'primer_task', 'scheduled__2023-10-08T00:00:00+00:00', '--job-id', '2144', '--raw', '--subdir', 'DAGS_FOLDER/mi_primer_dag.py', '--cfg-path', '/tmp/tmpzpjlz4b9', '--error-file', '/tmp/tmp53momq1u']
[2023-12-10 20:24:15,614] {standard_task_runner.py:80} INFO - Job 2144: Subtask primer_task
[2023-12-10 20:24:16,357] {task_command.py:371} INFO - Running <TaskInstance: mi_primer_dag.primer_task scheduled__2023-10-08T00:00:00+00:00 [running]> on host 42828894a739
[2023-12-10 20:24:17,079] {taskinstance.py:1591} INFO - Exporting the following env vars:
AIRFLOW_CTX_DAG_OWNER=DavidBU
AIRFLOW_CTX_DAG_ID=mi_primer_dag
AIRFLOW_CTX_TASK_ID=primer_task
AIRFLOW_CTX_EXECUTION_DATE=2023-10-08T00:00:00+00:00
AIRFLOW_CTX_TRY_NUMBER=1
AIRFLOW_CTX_DAG_RUN_ID=scheduled__2023-10-08T00:00:00+00:00
[2023-12-10 20:24:17,084] {subprocess.py:62} INFO - Tmp dir root location: 
 /tmp
[2023-12-10 20:24:17,089] {subprocess.py:74} INFO - Running command: ['bash', '-c', 'echo hola mundo, esta es nuestra primera tarea usando bash operator!']
[2023-12-10 20:24:17,238] {subprocess.py:85} INFO - Output:
[2023-12-10 20:24:17,262] {subprocess.py:92} INFO - hola mundo, esta es nuestra primera tarea usando bash operator!
[2023-12-10 20:24:17,267] {subprocess.py:96} INFO - Command exited with return code 0
[2023-12-10 20:24:17,743] {taskinstance.py:1420} INFO - Marking task as SUCCESS. dag_id=mi_primer_dag, task_id=primer_task, execution_date=20231008T000000, start_date=20231210T202415, end_date=20231210T202417
[2023-12-10 20:24:17,919] {local_task_job.py:156} INFO - Task exited with return code 0
[2023-12-10 20:24:18,313] {local_task_job.py:273} INFO - 0 downstream tasks scheduled from follow-on schedule check
