[2023-12-10 19:37:02,765] {taskinstance.py:1179} INFO - Dependencies all met for <TaskInstance: mi_primer_dag_v3.tercera_tarea scheduled__2023-01-14T00:00:00+00:00 [queued]>
[2023-12-10 19:37:02,949] {taskinstance.py:1179} INFO - Dependencies all met for <TaskInstance: mi_primer_dag_v3.tercera_tarea scheduled__2023-01-14T00:00:00+00:00 [queued]>
[2023-12-10 19:37:03,040] {taskinstance.py:1376} INFO - 
--------------------------------------------------------------------------------
[2023-12-10 19:37:03,060] {taskinstance.py:1377} INFO - Starting attempt 1 of 6
[2023-12-10 19:37:03,064] {taskinstance.py:1378} INFO - 
--------------------------------------------------------------------------------
[2023-12-10 19:37:03,389] {taskinstance.py:1397} INFO - Executing <Task(BashOperator): tercera_tarea> on 2023-01-14 00:00:00+00:00
[2023-12-10 19:37:03,398] {standard_task_runner.py:52} INFO - Started process 1889 to run task
[2023-12-10 19:37:03,460] {standard_task_runner.py:79} INFO - Running: ['***', 'tasks', 'run', 'mi_primer_dag_v3', 'tercera_tarea', 'scheduled__2023-01-14T00:00:00+00:00', '--job-id', '505', '--raw', '--subdir', 'DAGS_FOLDER/primer_dag_v3.py', '--cfg-path', '/tmp/tmp6k5pzsp9', '--error-file', '/tmp/tmpxbd759hh']
[2023-12-10 19:37:03,632] {standard_task_runner.py:80} INFO - Job 505: Subtask tercera_tarea
[2023-12-10 19:37:05,097] {task_command.py:371} INFO - Running <TaskInstance: mi_primer_dag_v3.tercera_tarea scheduled__2023-01-14T00:00:00+00:00 [running]> on host 42828894a739
[2023-12-10 19:37:07,162] {taskinstance.py:1591} INFO - Exporting the following env vars:
AIRFLOW_CTX_DAG_OWNER=DavidBU
AIRFLOW_CTX_DAG_ID=mi_primer_dag_v3
AIRFLOW_CTX_TASK_ID=tercera_tarea
AIRFLOW_CTX_EXECUTION_DATE=2023-01-14T00:00:00+00:00
AIRFLOW_CTX_TRY_NUMBER=1
AIRFLOW_CTX_DAG_RUN_ID=scheduled__2023-01-14T00:00:00+00:00
[2023-12-10 19:37:07,164] {subprocess.py:62} INFO - Tmp dir root location: 
 /tmp
[2023-12-10 19:37:07,166] {subprocess.py:74} INFO - Running command: ['bash', '-c', 'echo hola, soy la tarea 3 y sere corrida luego de Tarea 1 al mismo tiempo que Tarea 2']
[2023-12-10 19:37:07,267] {subprocess.py:85} INFO - Output:
[2023-12-10 19:37:07,298] {subprocess.py:92} INFO - hola, soy la tarea 3 y sere corrida luego de Tarea 1 al mismo tiempo que Tarea 2
[2023-12-10 19:37:07,332] {subprocess.py:96} INFO - Command exited with return code 0
[2023-12-10 19:37:07,658] {taskinstance.py:1420} INFO - Marking task as SUCCESS. dag_id=mi_primer_dag_v3, task_id=tercera_tarea, execution_date=20230114T000000, start_date=20231210T193702, end_date=20231210T193707
[2023-12-10 19:37:07,984] {local_task_job.py:156} INFO - Task exited with return code 0
[2023-12-10 19:37:08,792] {local_task_job.py:273} INFO - 0 downstream tasks scheduled from follow-on schedule check
