[2023-12-10 19:39:34,330] {taskinstance.py:1179} INFO - Dependencies all met for <TaskInstance: mi_primer_dag_v3.tercera_tarea scheduled__2023-03-16T00:00:00+00:00 [queued]>
[2023-12-10 19:39:34,533] {taskinstance.py:1179} INFO - Dependencies all met for <TaskInstance: mi_primer_dag_v3.tercera_tarea scheduled__2023-03-16T00:00:00+00:00 [queued]>
[2023-12-10 19:39:34,655] {taskinstance.py:1376} INFO - 
--------------------------------------------------------------------------------
[2023-12-10 19:39:34,687] {taskinstance.py:1377} INFO - Starting attempt 1 of 6
[2023-12-10 19:39:34,721] {taskinstance.py:1378} INFO - 
--------------------------------------------------------------------------------
[2023-12-10 19:39:35,454] {taskinstance.py:1397} INFO - Executing <Task(BashOperator): tercera_tarea> on 2023-03-16 00:00:00+00:00
[2023-12-10 19:39:35,544] {standard_task_runner.py:52} INFO - Started process 2497 to run task
[2023-12-10 19:39:35,734] {standard_task_runner.py:79} INFO - Running: ['***', 'tasks', 'run', 'mi_primer_dag_v3', 'tercera_tarea', 'scheduled__2023-03-16T00:00:00+00:00', '--job-id', '686', '--raw', '--subdir', 'DAGS_FOLDER/primer_dag_v3.py', '--cfg-path', '/tmp/tmpxesneth9', '--error-file', '/tmp/tmpy7bdw4q2']
[2023-12-10 19:39:35,751] {standard_task_runner.py:80} INFO - Job 686: Subtask tercera_tarea
[2023-12-10 19:39:37,084] {task_command.py:371} INFO - Running <TaskInstance: mi_primer_dag_v3.tercera_tarea scheduled__2023-03-16T00:00:00+00:00 [running]> on host 42828894a739
[2023-12-10 19:39:39,048] {taskinstance.py:1591} INFO - Exporting the following env vars:
AIRFLOW_CTX_DAG_OWNER=DavidBU
AIRFLOW_CTX_DAG_ID=mi_primer_dag_v3
AIRFLOW_CTX_TASK_ID=tercera_tarea
AIRFLOW_CTX_EXECUTION_DATE=2023-03-16T00:00:00+00:00
AIRFLOW_CTX_TRY_NUMBER=1
AIRFLOW_CTX_DAG_RUN_ID=scheduled__2023-03-16T00:00:00+00:00
[2023-12-10 19:39:39,055] {subprocess.py:62} INFO - Tmp dir root location: 
 /tmp
[2023-12-10 19:39:39,060] {subprocess.py:74} INFO - Running command: ['bash', '-c', 'echo hola, soy la tarea 3 y sere corrida luego de Tarea 1 al mismo tiempo que Tarea 2']
[2023-12-10 19:39:39,269] {subprocess.py:85} INFO - Output:
[2023-12-10 19:39:39,297] {subprocess.py:92} INFO - hola, soy la tarea 3 y sere corrida luego de Tarea 1 al mismo tiempo que Tarea 2
[2023-12-10 19:39:39,317] {subprocess.py:96} INFO - Command exited with return code 0
[2023-12-10 19:39:39,942] {taskinstance.py:1420} INFO - Marking task as SUCCESS. dag_id=mi_primer_dag_v3, task_id=tercera_tarea, execution_date=20230316T000000, start_date=20231210T193934, end_date=20231210T193939
[2023-12-10 19:39:40,248] {local_task_job.py:156} INFO - Task exited with return code 0
[2023-12-10 19:39:40,827] {local_task_job.py:273} INFO - 0 downstream tasks scheduled from follow-on schedule check
