[2023-12-10 19:36:39,799] {taskinstance.py:1179} INFO - Dependencies all met for <TaskInstance: mi_primer_dag_v3.tercera_tarea scheduled__2023-01-04T00:00:00+00:00 [queued]>
[2023-12-10 19:36:39,904] {taskinstance.py:1179} INFO - Dependencies all met for <TaskInstance: mi_primer_dag_v3.tercera_tarea scheduled__2023-01-04T00:00:00+00:00 [queued]>
[2023-12-10 19:36:39,921] {taskinstance.py:1376} INFO - 
--------------------------------------------------------------------------------
[2023-12-10 19:36:39,928] {taskinstance.py:1377} INFO - Starting attempt 1 of 6
[2023-12-10 19:36:39,929] {taskinstance.py:1378} INFO - 
--------------------------------------------------------------------------------
[2023-12-10 19:36:40,176] {taskinstance.py:1397} INFO - Executing <Task(BashOperator): tercera_tarea> on 2023-01-04 00:00:00+00:00
[2023-12-10 19:36:40,232] {standard_task_runner.py:52} INFO - Started process 1795 to run task
[2023-12-10 19:36:40,292] {standard_task_runner.py:79} INFO - Running: ['***', 'tasks', 'run', 'mi_primer_dag_v3', 'tercera_tarea', 'scheduled__2023-01-04T00:00:00+00:00', '--job-id', '475', '--raw', '--subdir', 'DAGS_FOLDER/primer_dag_v3.py', '--cfg-path', '/tmp/tmp6pc8urqo', '--error-file', '/tmp/tmpzia25kmi']
[2023-12-10 19:36:40,314] {standard_task_runner.py:80} INFO - Job 475: Subtask tercera_tarea
[2023-12-10 19:36:41,266] {task_command.py:371} INFO - Running <TaskInstance: mi_primer_dag_v3.tercera_tarea scheduled__2023-01-04T00:00:00+00:00 [running]> on host 42828894a739
[2023-12-10 19:36:42,414] {taskinstance.py:1591} INFO - Exporting the following env vars:
AIRFLOW_CTX_DAG_OWNER=DavidBU
AIRFLOW_CTX_DAG_ID=mi_primer_dag_v3
AIRFLOW_CTX_TASK_ID=tercera_tarea
AIRFLOW_CTX_EXECUTION_DATE=2023-01-04T00:00:00+00:00
AIRFLOW_CTX_TRY_NUMBER=1
AIRFLOW_CTX_DAG_RUN_ID=scheduled__2023-01-04T00:00:00+00:00
[2023-12-10 19:36:42,475] {subprocess.py:62} INFO - Tmp dir root location: 
 /tmp
[2023-12-10 19:36:42,490] {subprocess.py:74} INFO - Running command: ['bash', '-c', 'echo hola, soy la tarea 3 y sere corrida luego de Tarea 1 al mismo tiempo que Tarea 2']
[2023-12-10 19:36:42,604] {subprocess.py:85} INFO - Output:
[2023-12-10 19:36:42,619] {subprocess.py:92} INFO - hola, soy la tarea 3 y sere corrida luego de Tarea 1 al mismo tiempo que Tarea 2
[2023-12-10 19:36:42,637] {subprocess.py:96} INFO - Command exited with return code 0
[2023-12-10 19:36:43,135] {taskinstance.py:1420} INFO - Marking task as SUCCESS. dag_id=mi_primer_dag_v3, task_id=tercera_tarea, execution_date=20230104T000000, start_date=20231210T193639, end_date=20231210T193643
[2023-12-10 19:36:43,404] {local_task_job.py:156} INFO - Task exited with return code 0
[2023-12-10 19:36:43,944] {local_task_job.py:273} INFO - 0 downstream tasks scheduled from follow-on schedule check
