[2023-12-10 19:32:18,385] {taskinstance.py:1179} INFO - Dependencies all met for <TaskInstance: mi_primer_dag_v3.primera_tarea scheduled__2022-10-06T00:00:00+00:00 [queued]>
[2023-12-10 19:32:18,639] {taskinstance.py:1179} INFO - Dependencies all met for <TaskInstance: mi_primer_dag_v3.primera_tarea scheduled__2022-10-06T00:00:00+00:00 [queued]>
[2023-12-10 19:32:18,717] {taskinstance.py:1376} INFO - 
--------------------------------------------------------------------------------
[2023-12-10 19:32:18,736] {taskinstance.py:1377} INFO - Starting attempt 1 of 6
[2023-12-10 19:32:18,749] {taskinstance.py:1378} INFO - 
--------------------------------------------------------------------------------
[2023-12-10 19:32:19,103] {taskinstance.py:1397} INFO - Executing <Task(BashOperator): primera_tarea> on 2022-10-06 00:00:00+00:00
[2023-12-10 19:32:19,154] {standard_task_runner.py:52} INFO - Started process 832 to run task
[2023-12-10 19:32:19,290] {standard_task_runner.py:79} INFO - Running: ['***', 'tasks', 'run', 'mi_primer_dag_v3', 'primera_tarea', 'scheduled__2022-10-06T00:00:00+00:00', '--job-id', '192', '--raw', '--subdir', 'DAGS_FOLDER/primer_dag_v3.py', '--cfg-path', '/tmp/tmp9z5n9ruz', '--error-file', '/tmp/tmplubljg4j']
[2023-12-10 19:32:19,336] {standard_task_runner.py:80} INFO - Job 192: Subtask primera_tarea
[2023-12-10 19:32:20,010] {task_command.py:371} INFO - Running <TaskInstance: mi_primer_dag_v3.primera_tarea scheduled__2022-10-06T00:00:00+00:00 [running]> on host 42828894a739
[2023-12-10 19:32:21,424] {taskinstance.py:1591} INFO - Exporting the following env vars:
AIRFLOW_CTX_DAG_OWNER=DavidBU
AIRFLOW_CTX_DAG_ID=mi_primer_dag_v3
AIRFLOW_CTX_TASK_ID=primera_tarea
AIRFLOW_CTX_EXECUTION_DATE=2022-10-06T00:00:00+00:00
AIRFLOW_CTX_TRY_NUMBER=1
AIRFLOW_CTX_DAG_RUN_ID=scheduled__2022-10-06T00:00:00+00:00
[2023-12-10 19:32:21,440] {subprocess.py:62} INFO - Tmp dir root location: 
 /tmp
[2023-12-10 19:32:21,477] {subprocess.py:74} INFO - Running command: ['bash', '-c', 'echo hola mundo, esta es nuestra primera tarea!']
[2023-12-10 19:32:21,628] {subprocess.py:85} INFO - Output:
[2023-12-10 19:32:21,720] {subprocess.py:92} INFO - hola mundo, esta es nuestra primera tarea!
[2023-12-10 19:32:21,724] {subprocess.py:96} INFO - Command exited with return code 0
[2023-12-10 19:32:22,336] {taskinstance.py:1420} INFO - Marking task as SUCCESS. dag_id=mi_primer_dag_v3, task_id=primera_tarea, execution_date=20221006T000000, start_date=20231210T193218, end_date=20231210T193222
[2023-12-10 19:32:22,512] {local_task_job.py:156} INFO - Task exited with return code 0
[2023-12-10 19:32:23,162] {local_task_job.py:273} INFO - 0 downstream tasks scheduled from follow-on schedule check
