[2023-12-10 19:39:53,790] {taskinstance.py:1179} INFO - Dependencies all met for <TaskInstance: mi_primer_dag_v3.primera_tarea scheduled__2023-03-27T00:00:00+00:00 [queued]>
[2023-12-10 19:39:53,897] {taskinstance.py:1179} INFO - Dependencies all met for <TaskInstance: mi_primer_dag_v3.primera_tarea scheduled__2023-03-27T00:00:00+00:00 [queued]>
[2023-12-10 19:39:53,920] {taskinstance.py:1376} INFO - 
--------------------------------------------------------------------------------
[2023-12-10 19:39:53,944] {taskinstance.py:1377} INFO - Starting attempt 1 of 6
[2023-12-10 19:39:54,048] {taskinstance.py:1378} INFO - 
--------------------------------------------------------------------------------
[2023-12-10 19:39:54,407] {taskinstance.py:1397} INFO - Executing <Task(BashOperator): primera_tarea> on 2023-03-27 00:00:00+00:00
[2023-12-10 19:39:54,469] {standard_task_runner.py:52} INFO - Started process 2569 to run task
[2023-12-10 19:39:54,520] {standard_task_runner.py:79} INFO - Running: ['***', 'tasks', 'run', 'mi_primer_dag_v3', 'primera_tarea', 'scheduled__2023-03-27T00:00:00+00:00', '--job-id', '708', '--raw', '--subdir', 'DAGS_FOLDER/primer_dag_v3.py', '--cfg-path', '/tmp/tmp7t8sjgtc', '--error-file', '/tmp/tmpcbhw98d0']
[2023-12-10 19:39:54,538] {standard_task_runner.py:80} INFO - Job 708: Subtask primera_tarea
[2023-12-10 19:39:55,213] {task_command.py:371} INFO - Running <TaskInstance: mi_primer_dag_v3.primera_tarea scheduled__2023-03-27T00:00:00+00:00 [running]> on host 42828894a739
[2023-12-10 19:39:56,074] {taskinstance.py:1591} INFO - Exporting the following env vars:
AIRFLOW_CTX_DAG_OWNER=DavidBU
AIRFLOW_CTX_DAG_ID=mi_primer_dag_v3
AIRFLOW_CTX_TASK_ID=primera_tarea
AIRFLOW_CTX_EXECUTION_DATE=2023-03-27T00:00:00+00:00
AIRFLOW_CTX_TRY_NUMBER=1
AIRFLOW_CTX_DAG_RUN_ID=scheduled__2023-03-27T00:00:00+00:00
[2023-12-10 19:39:56,088] {subprocess.py:62} INFO - Tmp dir root location: 
 /tmp
[2023-12-10 19:39:56,102] {subprocess.py:74} INFO - Running command: ['bash', '-c', 'echo hola mundo, esta es nuestra primera tarea!']
[2023-12-10 19:39:56,240] {subprocess.py:85} INFO - Output:
[2023-12-10 19:39:56,246] {subprocess.py:92} INFO - hola mundo, esta es nuestra primera tarea!
[2023-12-10 19:39:56,247] {subprocess.py:96} INFO - Command exited with return code 0
[2023-12-10 19:39:57,482] {taskinstance.py:1420} INFO - Marking task as SUCCESS. dag_id=mi_primer_dag_v3, task_id=primera_tarea, execution_date=20230327T000000, start_date=20231210T193953, end_date=20231210T193957
[2023-12-10 19:39:57,671] {local_task_job.py:156} INFO - Task exited with return code 0
[2023-12-10 19:39:58,557] {local_task_job.py:273} INFO - 2 downstream tasks scheduled from follow-on schedule check
