[2023-12-29 02:16:28,569] {taskinstance.py:1032} INFO - Dependencies all met for <TaskInstance: dag_smtp_email_fin_mundo.dag_envio_fin_mundo manual__2023-12-29T02:16:23.790540+00:00 [queued]>
[2023-12-29 02:16:28,725] {taskinstance.py:1032} INFO - Dependencies all met for <TaskInstance: dag_smtp_email_fin_mundo.dag_envio_fin_mundo manual__2023-12-29T02:16:23.790540+00:00 [queued]>
[2023-12-29 02:16:28,726] {taskinstance.py:1238} INFO - 
--------------------------------------------------------------------------------
[2023-12-29 02:16:28,728] {taskinstance.py:1239} INFO - Starting attempt 1 of 1
[2023-12-29 02:16:28,730] {taskinstance.py:1240} INFO - 
--------------------------------------------------------------------------------
[2023-12-29 02:16:28,844] {taskinstance.py:1259} INFO - Executing <Task(PythonOperator): dag_envio_fin_mundo> on 2023-12-29 02:16:23.790540+00:00
[2023-12-29 02:16:28,855] {standard_task_runner.py:52} INFO - Started process 500 to run task
[2023-12-29 02:16:28,873] {standard_task_runner.py:76} INFO - Running: ['***', 'tasks', 'run', 'dag_smtp_email_fin_mundo', 'dag_envio_fin_mundo', 'manual__2023-12-29T02:16:23.790540+00:00', '--job-id', '6', '--raw', '--subdir', 'DAGS_FOLDER/Microdesafio_Semana11.py', '--cfg-path', '/tmp/tmpz74s4bcv', '--error-file', '/tmp/tmpk3idqv25']
[2023-12-29 02:16:28,892] {standard_task_runner.py:77} INFO - Job 6: Subtask dag_envio_fin_mundo
[2023-12-29 02:16:29,223] {logging_mixin.py:109} INFO - Running <TaskInstance: dag_smtp_email_fin_mundo.dag_envio_fin_mundo manual__2023-12-29T02:16:23.790540+00:00 [running]> on host 2762520f2c23
[2023-12-29 02:16:29,484] {taskinstance.py:1426} INFO - Exporting the following env vars:
AIRFLOW_CTX_DAG_OWNER=ArielChumbita
AIRFLOW_CTX_DAG_ID=dag_smtp_email_fin_mundo
AIRFLOW_CTX_TASK_ID=dag_envio_fin_mundo
AIRFLOW_CTX_EXECUTION_DATE=2023-12-29T02:16:23.790540+00:00
AIRFLOW_CTX_DAG_RUN_ID=manual__2023-12-29T02:16:23.790540+00:00
[2023-12-29 02:16:30,767] {logging_mixin.py:109} INFO - 'ascii' codec can't encode character '\xe9' in position 549: ordinal not in range(128)
[2023-12-29 02:16:30,774] {logging_mixin.py:109} INFO - Failure
[2023-12-29 02:16:30,778] {python.py:175} INFO - Done. Returned value was: None
[2023-12-29 02:16:30,830] {taskinstance.py:1277} INFO - Marking task as SUCCESS. dag_id=dag_smtp_email_fin_mundo, task_id=dag_envio_fin_mundo, execution_date=20231229T021623, start_date=20231229T021628, end_date=20231229T021630
[2023-12-29 02:16:30,925] {local_task_job.py:154} INFO - Task exited with return code 0
[2023-12-29 02:16:31,074] {local_task_job.py:264} INFO - 0 downstream tasks scheduled from follow-on schedule check
