[2023-12-29 03:51:48,197] {taskinstance.py:1032} INFO - Dependencies all met for <TaskInstance: dag_xcoms_facil.usar_algo scheduled__2023-12-28T00:00:00+00:00 [queued]>
[2023-12-29 03:51:48,374] {taskinstance.py:1032} INFO - Dependencies all met for <TaskInstance: dag_xcoms_facil.usar_algo scheduled__2023-12-28T00:00:00+00:00 [queued]>
[2023-12-29 03:51:48,390] {taskinstance.py:1238} INFO - 
--------------------------------------------------------------------------------
[2023-12-29 03:51:48,405] {taskinstance.py:1239} INFO - Starting attempt 1 of 1
[2023-12-29 03:51:48,469] {taskinstance.py:1240} INFO - 
--------------------------------------------------------------------------------
[2023-12-29 03:51:48,629] {taskinstance.py:1259} INFO - Executing <Task(PythonOperator): usar_algo> on 2023-12-28 00:00:00+00:00
[2023-12-29 03:51:48,776] {standard_task_runner.py:76} INFO - Running: ['***', 'tasks', 'run', 'dag_xcoms_facil', 'usar_algo', 'scheduled__2023-12-28T00:00:00+00:00', '--job-id', '19', '--raw', '--subdir', 'DAGS_FOLDER/dag_actividad_xcoms.py', '--cfg-path', '/tmp/tmpve1_ef1g', '--error-file', '/tmp/tmpwfrmbuo3']
[2023-12-29 03:51:48,793] {standard_task_runner.py:77} INFO - Job 19: Subtask usar_algo
[2023-12-29 03:51:48,680] {standard_task_runner.py:52} INFO - Started process 607 to run task
[2023-12-29 03:51:49,279] {logging_mixin.py:109} INFO - Running <TaskInstance: dag_xcoms_facil.usar_algo scheduled__2023-12-28T00:00:00+00:00 [running]> on host 2762520f2c23
[2023-12-29 03:51:49,551] {taskinstance.py:1426} INFO - Exporting the following env vars:
AIRFLOW_CTX_DAG_EMAIL=ariel.chumbita@gmail.com
AIRFLOW_CTX_DAG_OWNER=ArielChumbita
AIRFLOW_CTX_DAG_ID=dag_xcoms_facil
AIRFLOW_CTX_TASK_ID=usar_algo
AIRFLOW_CTX_EXECUTION_DATE=2023-12-28T00:00:00+00:00
AIRFLOW_CTX_DAG_RUN_ID=scheduled__2023-12-28T00:00:00+00:00
[2023-12-29 03:51:49,642] {logging_mixin.py:109} INFO - Usando empleado_A con valor de: 10
[2023-12-29 03:51:49,643] {python.py:175} INFO - Done. Returned value was: None
[2023-12-29 03:51:49,745] {taskinstance.py:1277} INFO - Marking task as SUCCESS. dag_id=dag_xcoms_facil, task_id=usar_algo, execution_date=20231228T000000, start_date=20231229T035148, end_date=20231229T035149
[2023-12-29 03:51:49,864] {local_task_job.py:154} INFO - Task exited with return code 0
[2023-12-29 03:51:50,042] {local_task_job.py:264} INFO - 0 downstream tasks scheduled from follow-on schedule check
