[2023-12-11 08:04:24,885] {taskinstance.py:1179} INFO - Dependencies all met for <TaskInstance: dag_con_conexion_postgres.crear_tabla_postgres scheduled__2023-12-08T00:00:00+00:00 [queued]>
[2023-12-11 08:04:24,942] {taskinstance.py:1179} INFO - Dependencies all met for <TaskInstance: dag_con_conexion_postgres.crear_tabla_postgres scheduled__2023-12-08T00:00:00+00:00 [queued]>
[2023-12-11 08:04:24,952] {taskinstance.py:1376} INFO - 
--------------------------------------------------------------------------------
[2023-12-11 08:04:24,956] {taskinstance.py:1377} INFO - Starting attempt 2 of 6
[2023-12-11 08:04:24,958] {taskinstance.py:1378} INFO - 
--------------------------------------------------------------------------------
[2023-12-11 08:04:25,033] {taskinstance.py:1397} INFO - Executing <Task(PostgresOperator): crear_tabla_postgres> on 2023-12-08 00:00:00+00:00
[2023-12-11 08:04:25,041] {standard_task_runner.py:52} INFO - Started process 952 to run task
[2023-12-11 08:04:25,059] {standard_task_runner.py:79} INFO - Running: ['***', 'tasks', 'run', 'dag_con_conexion_postgres', 'crear_tabla_postgres', 'scheduled__2023-12-08T00:00:00+00:00', '--job-id', '84', '--raw', '--subdir', 'DAGS_FOLDER/dag_postgres_database.py', '--cfg-path', '/tmp/tmpfijxgthk', '--error-file', '/tmp/tmppvgiij14']
[2023-12-11 08:04:25,064] {standard_task_runner.py:80} INFO - Job 84: Subtask crear_tabla_postgres
[2023-12-11 08:04:25,713] {task_command.py:371} INFO - Running <TaskInstance: dag_con_conexion_postgres.crear_tabla_postgres scheduled__2023-12-08T00:00:00+00:00 [running]> on host 03477fa6e3b6
[2023-12-11 08:04:26,421] {taskinstance.py:1591} INFO - Exporting the following env vars:
AIRFLOW_CTX_DAG_OWNER=DavidBU
AIRFLOW_CTX_DAG_ID=dag_con_conexion_postgres
AIRFLOW_CTX_TASK_ID=crear_tabla_postgres
AIRFLOW_CTX_EXECUTION_DATE=2023-12-08T00:00:00+00:00
AIRFLOW_CTX_TRY_NUMBER=2
AIRFLOW_CTX_DAG_RUN_ID=scheduled__2023-12-08T00:00:00+00:00
[2023-12-11 08:04:26,468] {base.py:68} INFO - Using connection ID 'postgres_localhost' for task execution.
[2023-12-11 08:04:26,630] {dbapi.py:231} INFO - Running statement: 
            create table if not exists fin_mundo(
                dt date,
                pais varchar(30)
            )
        , parameters: None
[2023-12-11 08:04:26,642] {postgres.py:94} INFO - NOTICE:  la relación «fin_mundo» ya existe, ignorando

[2023-12-11 08:04:26,784] {taskinstance.py:1420} INFO - Marking task as SUCCESS. dag_id=dag_con_conexion_postgres, task_id=crear_tabla_postgres, execution_date=20231208T000000, start_date=20231211T080424, end_date=20231211T080426
[2023-12-11 08:04:26,970] {local_task_job.py:156} INFO - Task exited with return code 0
[2023-12-11 08:04:27,392] {local_task_job.py:273} INFO - 1 downstream tasks scheduled from follow-on schedule check
