[2023-12-21 01:53:47,007] {taskinstance.py:1179} INFO - Dependencies all met for <TaskInstance: Entregable3_Chumbita.extraer_data scheduled__2023-12-20T00:00:00+00:00 [queued]>
[2023-12-21 01:53:47,054] {taskinstance.py:1179} INFO - Dependencies all met for <TaskInstance: Entregable3_Chumbita.extraer_data scheduled__2023-12-20T00:00:00+00:00 [queued]>
[2023-12-21 01:53:47,056] {taskinstance.py:1376} INFO - 
--------------------------------------------------------------------------------
[2023-12-21 01:53:47,058] {taskinstance.py:1377} INFO - Starting attempt 1 of 6
[2023-12-21 01:53:47,061] {taskinstance.py:1378} INFO - 
--------------------------------------------------------------------------------
[2023-12-21 01:53:47,119] {taskinstance.py:1397} INFO - Executing <Task(PythonOperator): extraer_data> on 2023-12-20 00:00:00+00:00
[2023-12-21 01:53:47,135] {standard_task_runner.py:52} INFO - Started process 180 to run task
[2023-12-21 01:53:47,143] {standard_task_runner.py:79} INFO - Running: ['***', 'tasks', 'run', 'Entregable3_Chumbita', 'extraer_data', 'scheduled__2023-12-20T00:00:00+00:00', '--job-id', '39', '--raw', '--subdir', 'DAGS_FOLDER/ETL_Entregable3_Chumbita.py', '--cfg-path', '/tmp/tmpnirouu6t', '--error-file', '/tmp/tmpywc9bhhv']
[2023-12-21 01:53:47,149] {standard_task_runner.py:80} INFO - Job 39: Subtask extraer_data
[2023-12-21 01:53:47,404] {task_command.py:371} INFO - Running <TaskInstance: Entregable3_Chumbita.extraer_data scheduled__2023-12-20T00:00:00+00:00 [running]> on host 02fb1b542166
[2023-12-21 01:53:47,691] {logging_mixin.py:115} WARNING - /home/***/.local/lib/python3.7/site-packages/***/utils/context.py:202 AirflowContextDeprecationWarning: Accessing 'execution_date' from the template is deprecated and will be removed in a future version. Please use 'data_interval_start' or 'logical_date' instead.
[2023-12-21 01:53:47,990] {taskinstance.py:1591} INFO - Exporting the following env vars:
AIRFLOW_CTX_DAG_OWNER=ArielChumbita
AIRFLOW_CTX_DAG_ID=Entregable3_Chumbita
AIRFLOW_CTX_TASK_ID=extraer_data
AIRFLOW_CTX_EXECUTION_DATE=2023-12-20T00:00:00+00:00
AIRFLOW_CTX_TRY_NUMBER=1
AIRFLOW_CTX_DAG_RUN_ID=scheduled__2023-12-20T00:00:00+00:00
[2023-12-21 01:53:48,004] {logging_mixin.py:115} INFO - Adquiriendo data para la fecha: 2023-12-20 0
[2023-12-21 01:53:49,693] {logging_mixin.py:115} INFO - Success!
[2023-12-21 01:53:49,773] {python.py:173} INFO - Done. Returned value was: None
[2023-12-21 01:53:50,211] {taskinstance.py:1420} INFO - Marking task as SUCCESS. dag_id=Entregable3_Chumbita, task_id=extraer_data, execution_date=20231220T000000, start_date=20231221T015347, end_date=20231221T015350
[2023-12-21 01:53:50,894] {local_task_job.py:156} INFO - Task exited with return code 0
[2023-12-21 01:53:51,211] {local_task_job.py:273} INFO - 1 downstream tasks scheduled from follow-on schedule check
