[2023-12-11 03:20:19,362] {processor.py:153} INFO - Started process (PID=179) to work on /opt/airflow/dags/dag_con_catchup.py
[2023-12-11 03:20:19,376] {processor.py:641} INFO - Processing file /opt/airflow/dags/dag_con_catchup.py for tasks to queue
[2023-12-11 03:20:19,381] {logging_mixin.py:115} INFO - [2023-12-11 03:20:19,381] {dagbag.py:508} INFO - Filling up the DagBag from /opt/airflow/dags/dag_con_catchup.py
[2023-12-11 03:20:19,602] {processor.py:651} INFO - DAG(s) dict_keys(['dag_con_catchup']) retrieved from /opt/airflow/dags/dag_con_catchup.py
[2023-12-11 03:20:20,103] {logging_mixin.py:115} INFO - [2023-12-11 03:20:20,103] {manager.py:508} INFO - Created Permission View: can edit on DAG:dag_con_catchup
[2023-12-11 03:20:20,254] {logging_mixin.py:115} INFO - [2023-12-11 03:20:20,254] {manager.py:508} INFO - Created Permission View: can read on DAG:dag_con_catchup
[2023-12-11 03:20:20,309] {logging_mixin.py:115} INFO - [2023-12-11 03:20:20,309] {manager.py:508} INFO - Created Permission View: can delete on DAG:dag_con_catchup
[2023-12-11 03:20:20,310] {logging_mixin.py:115} INFO - [2023-12-11 03:20:20,310] {dag.py:2420} INFO - Sync 1 DAGs
[2023-12-11 03:20:20,334] {logging_mixin.py:115} INFO - [2023-12-11 03:20:20,334] {dag.py:2439} INFO - Creating ORM DAG for dag_con_catchup
[2023-12-11 03:20:20,366] {logging_mixin.py:115} INFO - [2023-12-11 03:20:20,366] {dag.py:2972} INFO - Setting next_dagrun for dag_con_catchup to 2023-06-11T00:00:00+00:00, run_after=2023-06-12T00:00:00+00:00
[2023-12-11 03:20:20,425] {processor.py:161} INFO - Processing /opt/airflow/dags/dag_con_catchup.py took 1.069 seconds
[2023-12-11 03:20:30,881] {processor.py:153} INFO - Started process (PID=197) to work on /opt/airflow/dags/dag_con_catchup.py
[2023-12-11 03:20:30,897] {processor.py:641} INFO - Processing file /opt/airflow/dags/dag_con_catchup.py for tasks to queue
[2023-12-11 03:20:30,917] {logging_mixin.py:115} INFO - [2023-12-11 03:20:30,917] {dagbag.py:508} INFO - Filling up the DagBag from /opt/airflow/dags/dag_con_catchup.py
[2023-12-11 03:20:31,412] {processor.py:651} INFO - DAG(s) dict_keys(['dag_con_catchup']) retrieved from /opt/airflow/dags/dag_con_catchup.py
[2023-12-11 03:20:32,098] {logging_mixin.py:115} INFO - [2023-12-11 03:20:32,097] {dag.py:2420} INFO - Sync 1 DAGs
[2023-12-11 03:20:32,374] {logging_mixin.py:115} INFO - [2023-12-11 03:20:32,374] {dag.py:2972} INFO - Setting next_dagrun for dag_con_catchup to 2023-06-11T00:00:00+00:00, run_after=2023-06-12T00:00:00+00:00
[2023-12-11 03:20:34,408] {processor.py:161} INFO - Processing /opt/airflow/dags/dag_con_catchup.py took 3.546 seconds
[2023-12-11 03:24:31,438] {processor.py:153} INFO - Started process (PID=176) to work on /opt/airflow/dags/dag_con_catchup.py
[2023-12-11 03:24:31,444] {processor.py:641} INFO - Processing file /opt/airflow/dags/dag_con_catchup.py for tasks to queue
[2023-12-11 03:24:31,445] {logging_mixin.py:115} INFO - [2023-12-11 03:24:31,445] {dagbag.py:508} INFO - Filling up the DagBag from /opt/airflow/dags/dag_con_catchup.py
[2023-12-11 03:24:31,498] {processor.py:651} INFO - DAG(s) dict_keys(['dag_con_catchup']) retrieved from /opt/airflow/dags/dag_con_catchup.py
[2023-12-11 03:24:31,565] {logging_mixin.py:115} INFO - [2023-12-11 03:24:31,565] {dag.py:2420} INFO - Sync 1 DAGs
[2023-12-11 03:24:31,617] {logging_mixin.py:115} INFO - [2023-12-11 03:24:31,616] {dag.py:2972} INFO - Setting next_dagrun for dag_con_catchup to 2023-06-11T00:00:00+00:00, run_after=2023-06-12T00:00:00+00:00
[2023-12-11 03:24:31,647] {processor.py:161} INFO - Processing /opt/airflow/dags/dag_con_catchup.py took 0.216 seconds
[2023-12-11 03:24:42,920] {processor.py:153} INFO - Started process (PID=198) to work on /opt/airflow/dags/dag_con_catchup.py
[2023-12-11 03:24:42,921] {processor.py:641} INFO - Processing file /opt/airflow/dags/dag_con_catchup.py for tasks to queue
[2023-12-11 03:24:42,925] {logging_mixin.py:115} INFO - [2023-12-11 03:24:42,924] {dagbag.py:508} INFO - Filling up the DagBag from /opt/airflow/dags/dag_con_catchup.py
[2023-12-11 03:24:42,974] {processor.py:651} INFO - DAG(s) dict_keys(['dag_con_catchup']) retrieved from /opt/airflow/dags/dag_con_catchup.py
[2023-12-11 03:24:43,022] {logging_mixin.py:115} INFO - [2023-12-11 03:24:43,021] {dag.py:2420} INFO - Sync 1 DAGs
[2023-12-11 03:24:43,069] {logging_mixin.py:115} INFO - [2023-12-11 03:24:43,069] {dag.py:2972} INFO - Setting next_dagrun for dag_con_catchup to 2023-06-11T00:00:00+00:00, run_after=2023-06-12T00:00:00+00:00
[2023-12-11 03:24:43,097] {processor.py:161} INFO - Processing /opt/airflow/dags/dag_con_catchup.py took 0.188 seconds
[2023-12-11 03:24:54,515] {processor.py:153} INFO - Started process (PID=218) to work on /opt/airflow/dags/dag_con_catchup.py
[2023-12-11 03:24:54,529] {processor.py:641} INFO - Processing file /opt/airflow/dags/dag_con_catchup.py for tasks to queue
[2023-12-11 03:24:54,555] {logging_mixin.py:115} INFO - [2023-12-11 03:24:54,555] {dagbag.py:508} INFO - Filling up the DagBag from /opt/airflow/dags/dag_con_catchup.py
[2023-12-11 03:24:54,970] {processor.py:651} INFO - DAG(s) dict_keys(['dag_con_catchup']) retrieved from /opt/airflow/dags/dag_con_catchup.py
[2023-12-11 03:24:55,072] {logging_mixin.py:115} INFO - [2023-12-11 03:24:55,072] {dag.py:2420} INFO - Sync 1 DAGs
[2023-12-11 03:24:55,189] {logging_mixin.py:115} INFO - [2023-12-11 03:24:55,189] {dag.py:2972} INFO - Setting next_dagrun for dag_con_catchup to 2023-06-11T00:00:00+00:00, run_after=2023-06-12T00:00:00+00:00
[2023-12-11 03:24:55,324] {processor.py:161} INFO - Processing /opt/airflow/dags/dag_con_catchup.py took 0.827 seconds
[2023-12-11 03:25:06,003] {processor.py:153} INFO - Started process (PID=238) to work on /opt/airflow/dags/dag_con_catchup.py
[2023-12-11 03:25:06,005] {processor.py:641} INFO - Processing file /opt/airflow/dags/dag_con_catchup.py for tasks to queue
[2023-12-11 03:25:06,006] {logging_mixin.py:115} INFO - [2023-12-11 03:25:06,006] {dagbag.py:508} INFO - Filling up the DagBag from /opt/airflow/dags/dag_con_catchup.py
[2023-12-11 03:25:06,065] {processor.py:651} INFO - DAG(s) dict_keys(['dag_con_catchup']) retrieved from /opt/airflow/dags/dag_con_catchup.py
[2023-12-11 03:25:06,223] {logging_mixin.py:115} INFO - [2023-12-11 03:25:06,223] {dag.py:2420} INFO - Sync 1 DAGs
[2023-12-11 03:25:06,416] {logging_mixin.py:115} INFO - [2023-12-11 03:25:06,415] {dag.py:2972} INFO - Setting next_dagrun for dag_con_catchup to 2023-06-11T00:00:00+00:00, run_after=2023-06-12T00:00:00+00:00
[2023-12-11 03:25:06,474] {processor.py:161} INFO - Processing /opt/airflow/dags/dag_con_catchup.py took 0.478 seconds
[2023-12-11 03:25:16,593] {processor.py:153} INFO - Started process (PID=258) to work on /opt/airflow/dags/dag_con_catchup.py
[2023-12-11 03:25:16,598] {processor.py:641} INFO - Processing file /opt/airflow/dags/dag_con_catchup.py for tasks to queue
[2023-12-11 03:25:16,599] {logging_mixin.py:115} INFO - [2023-12-11 03:25:16,599] {dagbag.py:508} INFO - Filling up the DagBag from /opt/airflow/dags/dag_con_catchup.py
[2023-12-11 03:25:16,646] {processor.py:651} INFO - DAG(s) dict_keys(['dag_con_catchup']) retrieved from /opt/airflow/dags/dag_con_catchup.py
[2023-12-11 03:25:16,706] {logging_mixin.py:115} INFO - [2023-12-11 03:25:16,706] {dag.py:2420} INFO - Sync 1 DAGs
[2023-12-11 03:25:16,826] {logging_mixin.py:115} INFO - [2023-12-11 03:25:16,826] {dag.py:2972} INFO - Setting next_dagrun for dag_con_catchup to 2023-06-11T00:00:00+00:00, run_after=2023-06-12T00:00:00+00:00
[2023-12-11 03:25:16,936] {processor.py:161} INFO - Processing /opt/airflow/dags/dag_con_catchup.py took 0.348 seconds
[2023-12-11 03:25:27,896] {processor.py:153} INFO - Started process (PID=278) to work on /opt/airflow/dags/dag_con_catchup.py
[2023-12-11 03:25:27,898] {processor.py:641} INFO - Processing file /opt/airflow/dags/dag_con_catchup.py for tasks to queue
[2023-12-11 03:25:27,900] {logging_mixin.py:115} INFO - [2023-12-11 03:25:27,900] {dagbag.py:508} INFO - Filling up the DagBag from /opt/airflow/dags/dag_con_catchup.py
[2023-12-11 03:25:27,947] {processor.py:651} INFO - DAG(s) dict_keys(['dag_con_catchup']) retrieved from /opt/airflow/dags/dag_con_catchup.py
[2023-12-11 03:25:28,026] {logging_mixin.py:115} INFO - [2023-12-11 03:25:28,025] {dag.py:2420} INFO - Sync 1 DAGs
[2023-12-11 03:25:28,205] {logging_mixin.py:115} INFO - [2023-12-11 03:25:28,205] {dag.py:2972} INFO - Setting next_dagrun for dag_con_catchup to 2023-06-11T00:00:00+00:00, run_after=2023-06-12T00:00:00+00:00
[2023-12-11 03:25:28,312] {processor.py:161} INFO - Processing /opt/airflow/dags/dag_con_catchup.py took 0.425 seconds
[2023-12-11 03:25:38,711] {processor.py:153} INFO - Started process (PID=298) to work on /opt/airflow/dags/dag_con_catchup.py
[2023-12-11 03:25:38,713] {processor.py:641} INFO - Processing file /opt/airflow/dags/dag_con_catchup.py for tasks to queue
[2023-12-11 03:25:38,714] {logging_mixin.py:115} INFO - [2023-12-11 03:25:38,714] {dagbag.py:508} INFO - Filling up the DagBag from /opt/airflow/dags/dag_con_catchup.py
[2023-12-11 03:25:38,775] {processor.py:651} INFO - DAG(s) dict_keys(['dag_con_catchup']) retrieved from /opt/airflow/dags/dag_con_catchup.py
[2023-12-11 03:25:38,848] {logging_mixin.py:115} INFO - [2023-12-11 03:25:38,848] {dag.py:2420} INFO - Sync 1 DAGs
[2023-12-11 03:25:38,914] {logging_mixin.py:115} INFO - [2023-12-11 03:25:38,914] {dag.py:2972} INFO - Setting next_dagrun for dag_con_catchup to 2023-06-11T00:00:00+00:00, run_after=2023-06-12T00:00:00+00:00
[2023-12-11 03:25:38,948] {processor.py:161} INFO - Processing /opt/airflow/dags/dag_con_catchup.py took 0.244 seconds
[2023-12-11 03:25:49,189] {processor.py:153} INFO - Started process (PID=318) to work on /opt/airflow/dags/dag_con_catchup.py
[2023-12-11 03:25:49,190] {processor.py:641} INFO - Processing file /opt/airflow/dags/dag_con_catchup.py for tasks to queue
[2023-12-11 03:25:49,191] {logging_mixin.py:115} INFO - [2023-12-11 03:25:49,191] {dagbag.py:508} INFO - Filling up the DagBag from /opt/airflow/dags/dag_con_catchup.py
[2023-12-11 03:25:49,247] {processor.py:651} INFO - DAG(s) dict_keys(['dag_con_catchup']) retrieved from /opt/airflow/dags/dag_con_catchup.py
[2023-12-11 03:25:49,303] {logging_mixin.py:115} INFO - [2023-12-11 03:25:49,303] {dag.py:2420} INFO - Sync 1 DAGs
[2023-12-11 03:25:49,352] {logging_mixin.py:115} INFO - [2023-12-11 03:25:49,352] {dag.py:2972} INFO - Setting next_dagrun for dag_con_catchup to 2023-06-11T00:00:00+00:00, run_after=2023-06-12T00:00:00+00:00
[2023-12-11 03:25:49,378] {processor.py:161} INFO - Processing /opt/airflow/dags/dag_con_catchup.py took 0.197 seconds
[2023-12-11 03:25:59,803] {processor.py:153} INFO - Started process (PID=338) to work on /opt/airflow/dags/dag_con_catchup.py
[2023-12-11 03:25:59,805] {processor.py:641} INFO - Processing file /opt/airflow/dags/dag_con_catchup.py for tasks to queue
[2023-12-11 03:25:59,806] {logging_mixin.py:115} INFO - [2023-12-11 03:25:59,806] {dagbag.py:508} INFO - Filling up the DagBag from /opt/airflow/dags/dag_con_catchup.py
[2023-12-11 03:25:59,845] {processor.py:651} INFO - DAG(s) dict_keys(['dag_con_catchup']) retrieved from /opt/airflow/dags/dag_con_catchup.py
[2023-12-11 03:25:59,888] {logging_mixin.py:115} INFO - [2023-12-11 03:25:59,888] {dag.py:2420} INFO - Sync 1 DAGs
[2023-12-11 03:25:59,927] {logging_mixin.py:115} INFO - [2023-12-11 03:25:59,927] {dag.py:2972} INFO - Setting next_dagrun for dag_con_catchup to 2023-06-11T00:00:00+00:00, run_after=2023-06-12T00:00:00+00:00
[2023-12-11 03:25:59,955] {processor.py:161} INFO - Processing /opt/airflow/dags/dag_con_catchup.py took 0.156 seconds
[2023-12-11 03:26:10,475] {processor.py:153} INFO - Started process (PID=358) to work on /opt/airflow/dags/dag_con_catchup.py
[2023-12-11 03:26:10,477] {processor.py:641} INFO - Processing file /opt/airflow/dags/dag_con_catchup.py for tasks to queue
[2023-12-11 03:26:10,478] {logging_mixin.py:115} INFO - [2023-12-11 03:26:10,478] {dagbag.py:508} INFO - Filling up the DagBag from /opt/airflow/dags/dag_con_catchup.py
[2023-12-11 03:26:10,519] {processor.py:651} INFO - DAG(s) dict_keys(['dag_con_catchup']) retrieved from /opt/airflow/dags/dag_con_catchup.py
[2023-12-11 03:26:10,561] {logging_mixin.py:115} INFO - [2023-12-11 03:26:10,561] {dag.py:2420} INFO - Sync 1 DAGs
[2023-12-11 03:26:10,603] {logging_mixin.py:115} INFO - [2023-12-11 03:26:10,603] {dag.py:2972} INFO - Setting next_dagrun for dag_con_catchup to 2023-06-11T00:00:00+00:00, run_after=2023-06-12T00:00:00+00:00
[2023-12-11 03:26:10,624] {processor.py:161} INFO - Processing /opt/airflow/dags/dag_con_catchup.py took 0.154 seconds
[2023-12-11 03:26:21,654] {processor.py:153} INFO - Started process (PID=378) to work on /opt/airflow/dags/dag_con_catchup.py
[2023-12-11 03:26:21,661] {processor.py:641} INFO - Processing file /opt/airflow/dags/dag_con_catchup.py for tasks to queue
[2023-12-11 03:26:21,663] {logging_mixin.py:115} INFO - [2023-12-11 03:26:21,663] {dagbag.py:508} INFO - Filling up the DagBag from /opt/airflow/dags/dag_con_catchup.py
[2023-12-11 03:26:21,718] {processor.py:651} INFO - DAG(s) dict_keys(['dag_con_catchup']) retrieved from /opt/airflow/dags/dag_con_catchup.py
[2023-12-11 03:26:21,790] {logging_mixin.py:115} INFO - [2023-12-11 03:26:21,790] {dag.py:2420} INFO - Sync 1 DAGs
[2023-12-11 03:26:21,892] {logging_mixin.py:115} INFO - [2023-12-11 03:26:21,892] {dag.py:2972} INFO - Setting next_dagrun for dag_con_catchup to 2023-06-11T00:00:00+00:00, run_after=2023-06-12T00:00:00+00:00
[2023-12-11 03:26:21,926] {processor.py:161} INFO - Processing /opt/airflow/dags/dag_con_catchup.py took 0.280 seconds
[2023-12-11 03:26:32,541] {processor.py:153} INFO - Started process (PID=398) to work on /opt/airflow/dags/dag_con_catchup.py
[2023-12-11 03:26:32,550] {processor.py:641} INFO - Processing file /opt/airflow/dags/dag_con_catchup.py for tasks to queue
[2023-12-11 03:26:32,571] {logging_mixin.py:115} INFO - [2023-12-11 03:26:32,571] {dagbag.py:508} INFO - Filling up the DagBag from /opt/airflow/dags/dag_con_catchup.py
[2023-12-11 03:26:32,996] {processor.py:651} INFO - DAG(s) dict_keys(['dag_con_catchup']) retrieved from /opt/airflow/dags/dag_con_catchup.py
[2023-12-11 03:26:33,094] {logging_mixin.py:115} INFO - [2023-12-11 03:26:33,093] {dag.py:2420} INFO - Sync 1 DAGs
[2023-12-11 03:26:33,264] {logging_mixin.py:115} INFO - [2023-12-11 03:26:33,264] {dag.py:2972} INFO - Setting next_dagrun for dag_con_catchup to 2023-06-11T00:00:00+00:00, run_after=2023-06-12T00:00:00+00:00
[2023-12-11 03:26:33,623] {processor.py:161} INFO - Processing /opt/airflow/dags/dag_con_catchup.py took 1.092 seconds
[2023-12-11 03:26:43,827] {processor.py:153} INFO - Started process (PID=418) to work on /opt/airflow/dags/dag_con_catchup.py
[2023-12-11 03:26:43,828] {processor.py:641} INFO - Processing file /opt/airflow/dags/dag_con_catchup.py for tasks to queue
[2023-12-11 03:26:43,829] {logging_mixin.py:115} INFO - [2023-12-11 03:26:43,829] {dagbag.py:508} INFO - Filling up the DagBag from /opt/airflow/dags/dag_con_catchup.py
[2023-12-11 03:26:43,878] {processor.py:651} INFO - DAG(s) dict_keys(['dag_con_catchup']) retrieved from /opt/airflow/dags/dag_con_catchup.py
[2023-12-11 03:26:43,930] {logging_mixin.py:115} INFO - [2023-12-11 03:26:43,930] {dag.py:2420} INFO - Sync 1 DAGs
[2023-12-11 03:26:44,028] {logging_mixin.py:115} INFO - [2023-12-11 03:26:44,027] {dag.py:2972} INFO - Setting next_dagrun for dag_con_catchup to 2023-06-11T00:00:00+00:00, run_after=2023-06-12T00:00:00+00:00
[2023-12-11 03:26:44,074] {processor.py:161} INFO - Processing /opt/airflow/dags/dag_con_catchup.py took 0.254 seconds
[2023-12-11 03:26:54,190] {processor.py:153} INFO - Started process (PID=438) to work on /opt/airflow/dags/dag_con_catchup.py
[2023-12-11 03:26:54,194] {processor.py:641} INFO - Processing file /opt/airflow/dags/dag_con_catchup.py for tasks to queue
[2023-12-11 03:26:54,196] {logging_mixin.py:115} INFO - [2023-12-11 03:26:54,196] {dagbag.py:508} INFO - Filling up the DagBag from /opt/airflow/dags/dag_con_catchup.py
[2023-12-11 03:26:54,263] {processor.py:651} INFO - DAG(s) dict_keys(['dag_con_catchup']) retrieved from /opt/airflow/dags/dag_con_catchup.py
[2023-12-11 03:26:54,342] {logging_mixin.py:115} INFO - [2023-12-11 03:26:54,342] {dag.py:2420} INFO - Sync 1 DAGs
[2023-12-11 03:26:54,462] {logging_mixin.py:115} INFO - [2023-12-11 03:26:54,462] {dag.py:2972} INFO - Setting next_dagrun for dag_con_catchup to 2023-06-11T00:00:00+00:00, run_after=2023-06-12T00:00:00+00:00
[2023-12-11 03:26:54,515] {processor.py:161} INFO - Processing /opt/airflow/dags/dag_con_catchup.py took 0.334 seconds
[2023-12-11 03:27:05,328] {processor.py:153} INFO - Started process (PID=458) to work on /opt/airflow/dags/dag_con_catchup.py
[2023-12-11 03:27:05,329] {processor.py:641} INFO - Processing file /opt/airflow/dags/dag_con_catchup.py for tasks to queue
[2023-12-11 03:27:05,330] {logging_mixin.py:115} INFO - [2023-12-11 03:27:05,330] {dagbag.py:508} INFO - Filling up the DagBag from /opt/airflow/dags/dag_con_catchup.py
[2023-12-11 03:27:05,377] {processor.py:651} INFO - DAG(s) dict_keys(['dag_con_catchup']) retrieved from /opt/airflow/dags/dag_con_catchup.py
[2023-12-11 03:27:05,433] {logging_mixin.py:115} INFO - [2023-12-11 03:27:05,432] {dag.py:2420} INFO - Sync 1 DAGs
[2023-12-11 03:27:05,508] {logging_mixin.py:115} INFO - [2023-12-11 03:27:05,508] {dag.py:2972} INFO - Setting next_dagrun for dag_con_catchup to 2023-06-11T00:00:00+00:00, run_after=2023-06-12T00:00:00+00:00
[2023-12-11 03:27:05,544] {processor.py:161} INFO - Processing /opt/airflow/dags/dag_con_catchup.py took 0.222 seconds
[2023-12-11 03:27:15,906] {processor.py:153} INFO - Started process (PID=478) to work on /opt/airflow/dags/dag_con_catchup.py
[2023-12-11 03:27:15,908] {processor.py:641} INFO - Processing file /opt/airflow/dags/dag_con_catchup.py for tasks to queue
[2023-12-11 03:27:15,909] {logging_mixin.py:115} INFO - [2023-12-11 03:27:15,909] {dagbag.py:508} INFO - Filling up the DagBag from /opt/airflow/dags/dag_con_catchup.py
[2023-12-11 03:27:15,955] {processor.py:651} INFO - DAG(s) dict_keys(['dag_con_catchup']) retrieved from /opt/airflow/dags/dag_con_catchup.py
[2023-12-11 03:27:16,031] {logging_mixin.py:115} INFO - [2023-12-11 03:27:16,031] {dag.py:2420} INFO - Sync 1 DAGs
[2023-12-11 03:27:16,080] {logging_mixin.py:115} INFO - [2023-12-11 03:27:16,080] {dag.py:2972} INFO - Setting next_dagrun for dag_con_catchup to 2023-06-11T00:00:00+00:00, run_after=2023-06-12T00:00:00+00:00
[2023-12-11 03:27:16,111] {processor.py:161} INFO - Processing /opt/airflow/dags/dag_con_catchup.py took 0.210 seconds
[2023-12-11 03:27:26,424] {processor.py:153} INFO - Started process (PID=498) to work on /opt/airflow/dags/dag_con_catchup.py
[2023-12-11 03:27:26,432] {processor.py:641} INFO - Processing file /opt/airflow/dags/dag_con_catchup.py for tasks to queue
[2023-12-11 03:27:26,437] {logging_mixin.py:115} INFO - [2023-12-11 03:27:26,436] {dagbag.py:508} INFO - Filling up the DagBag from /opt/airflow/dags/dag_con_catchup.py
[2023-12-11 03:27:26,513] {processor.py:651} INFO - DAG(s) dict_keys(['dag_con_catchup']) retrieved from /opt/airflow/dags/dag_con_catchup.py
[2023-12-11 03:27:26,609] {logging_mixin.py:115} INFO - [2023-12-11 03:27:26,609] {dag.py:2420} INFO - Sync 1 DAGs
[2023-12-11 03:27:26,677] {logging_mixin.py:115} INFO - [2023-12-11 03:27:26,677] {dag.py:2972} INFO - Setting next_dagrun for dag_con_catchup to 2023-06-11T00:00:00+00:00, run_after=2023-06-12T00:00:00+00:00
[2023-12-11 03:27:26,733] {processor.py:161} INFO - Processing /opt/airflow/dags/dag_con_catchup.py took 0.317 seconds
[2023-12-11 03:27:38,965] {processor.py:153} INFO - Started process (PID=518) to work on /opt/airflow/dags/dag_con_catchup.py
[2023-12-11 03:27:39,008] {processor.py:641} INFO - Processing file /opt/airflow/dags/dag_con_catchup.py for tasks to queue
[2023-12-11 03:27:39,017] {logging_mixin.py:115} INFO - [2023-12-11 03:27:39,017] {dagbag.py:508} INFO - Filling up the DagBag from /opt/airflow/dags/dag_con_catchup.py
[2023-12-11 03:27:39,420] {processor.py:651} INFO - DAG(s) dict_keys(['dag_con_catchup']) retrieved from /opt/airflow/dags/dag_con_catchup.py
[2023-12-11 03:27:39,546] {logging_mixin.py:115} INFO - [2023-12-11 03:27:39,546] {dag.py:2420} INFO - Sync 1 DAGs
[2023-12-11 03:27:39,847] {logging_mixin.py:115} INFO - [2023-12-11 03:27:39,847] {dag.py:2972} INFO - Setting next_dagrun for dag_con_catchup to 2023-06-11T00:00:00+00:00, run_after=2023-06-12T00:00:00+00:00
[2023-12-11 03:27:40,879] {processor.py:161} INFO - Processing /opt/airflow/dags/dag_con_catchup.py took 1.920 seconds
[2023-12-11 03:27:52,058] {processor.py:153} INFO - Started process (PID=538) to work on /opt/airflow/dags/dag_con_catchup.py
[2023-12-11 03:27:52,088] {processor.py:641} INFO - Processing file /opt/airflow/dags/dag_con_catchup.py for tasks to queue
[2023-12-11 03:27:52,091] {logging_mixin.py:115} INFO - [2023-12-11 03:27:52,091] {dagbag.py:508} INFO - Filling up the DagBag from /opt/airflow/dags/dag_con_catchup.py
[2023-12-11 03:27:52,165] {processor.py:651} INFO - DAG(s) dict_keys(['dag_con_catchup']) retrieved from /opt/airflow/dags/dag_con_catchup.py
[2023-12-11 03:27:52,310] {logging_mixin.py:115} INFO - [2023-12-11 03:27:52,310] {dag.py:2420} INFO - Sync 1 DAGs
[2023-12-11 03:27:52,477] {logging_mixin.py:115} INFO - [2023-12-11 03:27:52,477] {dag.py:2972} INFO - Setting next_dagrun for dag_con_catchup to 2023-06-11T00:00:00+00:00, run_after=2023-06-12T00:00:00+00:00
[2023-12-11 03:27:52,623] {processor.py:161} INFO - Processing /opt/airflow/dags/dag_con_catchup.py took 0.574 seconds
[2023-12-11 03:28:02,813] {processor.py:153} INFO - Started process (PID=561) to work on /opt/airflow/dags/dag_con_catchup.py
[2023-12-11 03:28:02,819] {processor.py:641} INFO - Processing file /opt/airflow/dags/dag_con_catchup.py for tasks to queue
[2023-12-11 03:28:02,821] {logging_mixin.py:115} INFO - [2023-12-11 03:28:02,821] {dagbag.py:508} INFO - Filling up the DagBag from /opt/airflow/dags/dag_con_catchup.py
[2023-12-11 03:28:02,870] {processor.py:651} INFO - DAG(s) dict_keys(['dag_con_catchup']) retrieved from /opt/airflow/dags/dag_con_catchup.py
[2023-12-11 03:28:02,939] {logging_mixin.py:115} INFO - [2023-12-11 03:28:02,937] {dag.py:2420} INFO - Sync 1 DAGs
[2023-12-11 03:28:03,005] {logging_mixin.py:115} INFO - [2023-12-11 03:28:03,005] {dag.py:2972} INFO - Setting next_dagrun for dag_con_catchup to 2023-06-11T00:00:00+00:00, run_after=2023-06-12T00:00:00+00:00
[2023-12-11 03:28:03,045] {processor.py:161} INFO - Processing /opt/airflow/dags/dag_con_catchup.py took 0.239 seconds
[2023-12-11 03:28:13,880] {processor.py:153} INFO - Started process (PID=576) to work on /opt/airflow/dags/dag_con_catchup.py
[2023-12-11 03:28:13,894] {processor.py:641} INFO - Processing file /opt/airflow/dags/dag_con_catchup.py for tasks to queue
[2023-12-11 03:28:13,897] {logging_mixin.py:115} INFO - [2023-12-11 03:28:13,897] {dagbag.py:508} INFO - Filling up the DagBag from /opt/airflow/dags/dag_con_catchup.py
[2023-12-11 03:28:14,048] {processor.py:651} INFO - DAG(s) dict_keys(['dag_con_catchup']) retrieved from /opt/airflow/dags/dag_con_catchup.py
[2023-12-11 03:28:14,169] {logging_mixin.py:115} INFO - [2023-12-11 03:28:14,169] {dag.py:2420} INFO - Sync 1 DAGs
[2023-12-11 03:28:14,226] {logging_mixin.py:115} INFO - [2023-12-11 03:28:14,226] {dag.py:2972} INFO - Setting next_dagrun for dag_con_catchup to 2023-06-11T00:00:00+00:00, run_after=2023-06-12T00:00:00+00:00
[2023-12-11 03:28:14,264] {processor.py:161} INFO - Processing /opt/airflow/dags/dag_con_catchup.py took 0.404 seconds
[2023-12-11 03:28:25,277] {processor.py:153} INFO - Started process (PID=598) to work on /opt/airflow/dags/dag_con_catchup.py
[2023-12-11 03:28:25,278] {processor.py:641} INFO - Processing file /opt/airflow/dags/dag_con_catchup.py for tasks to queue
[2023-12-11 03:28:25,280] {logging_mixin.py:115} INFO - [2023-12-11 03:28:25,280] {dagbag.py:508} INFO - Filling up the DagBag from /opt/airflow/dags/dag_con_catchup.py
[2023-12-11 03:28:25,339] {processor.py:651} INFO - DAG(s) dict_keys(['dag_con_catchup']) retrieved from /opt/airflow/dags/dag_con_catchup.py
[2023-12-11 03:28:25,401] {logging_mixin.py:115} INFO - [2023-12-11 03:28:25,401] {dag.py:2420} INFO - Sync 1 DAGs
[2023-12-11 03:28:25,459] {logging_mixin.py:115} INFO - [2023-12-11 03:28:25,459] {dag.py:2972} INFO - Setting next_dagrun for dag_con_catchup to 2023-06-11T00:00:00+00:00, run_after=2023-06-12T00:00:00+00:00
[2023-12-11 03:28:25,500] {processor.py:161} INFO - Processing /opt/airflow/dags/dag_con_catchup.py took 0.233 seconds
[2023-12-11 03:28:36,082] {processor.py:153} INFO - Started process (PID=618) to work on /opt/airflow/dags/dag_con_catchup.py
[2023-12-11 03:28:36,084] {processor.py:641} INFO - Processing file /opt/airflow/dags/dag_con_catchup.py for tasks to queue
[2023-12-11 03:28:36,124] {logging_mixin.py:115} INFO - [2023-12-11 03:28:36,123] {dagbag.py:508} INFO - Filling up the DagBag from /opt/airflow/dags/dag_con_catchup.py
[2023-12-11 03:28:36,212] {processor.py:651} INFO - DAG(s) dict_keys(['dag_con_catchup']) retrieved from /opt/airflow/dags/dag_con_catchup.py
[2023-12-11 03:28:36,291] {logging_mixin.py:115} INFO - [2023-12-11 03:28:36,291] {dag.py:2420} INFO - Sync 1 DAGs
[2023-12-11 03:28:36,377] {logging_mixin.py:115} INFO - [2023-12-11 03:28:36,376] {dag.py:2972} INFO - Setting next_dagrun for dag_con_catchup to 2023-06-11T00:00:00+00:00, run_after=2023-06-12T00:00:00+00:00
[2023-12-11 03:28:36,430] {processor.py:161} INFO - Processing /opt/airflow/dags/dag_con_catchup.py took 0.355 seconds
[2023-12-11 03:28:46,874] {processor.py:153} INFO - Started process (PID=638) to work on /opt/airflow/dags/dag_con_catchup.py
[2023-12-11 03:28:46,876] {processor.py:641} INFO - Processing file /opt/airflow/dags/dag_con_catchup.py for tasks to queue
[2023-12-11 03:28:46,878] {logging_mixin.py:115} INFO - [2023-12-11 03:28:46,878] {dagbag.py:508} INFO - Filling up the DagBag from /opt/airflow/dags/dag_con_catchup.py
[2023-12-11 03:28:46,999] {processor.py:651} INFO - DAG(s) dict_keys(['dag_con_catchup']) retrieved from /opt/airflow/dags/dag_con_catchup.py
[2023-12-11 03:28:47,084] {logging_mixin.py:115} INFO - [2023-12-11 03:28:47,084] {dag.py:2420} INFO - Sync 1 DAGs
[2023-12-11 03:28:47,184] {logging_mixin.py:115} INFO - [2023-12-11 03:28:47,184] {dag.py:2972} INFO - Setting next_dagrun for dag_con_catchup to 2023-06-11T00:00:00+00:00, run_after=2023-06-12T00:00:00+00:00
[2023-12-11 03:28:47,222] {processor.py:161} INFO - Processing /opt/airflow/dags/dag_con_catchup.py took 0.356 seconds
[2023-12-11 03:28:57,805] {processor.py:153} INFO - Started process (PID=658) to work on /opt/airflow/dags/dag_con_catchup.py
[2023-12-11 03:28:57,806] {processor.py:641} INFO - Processing file /opt/airflow/dags/dag_con_catchup.py for tasks to queue
[2023-12-11 03:28:57,808] {logging_mixin.py:115} INFO - [2023-12-11 03:28:57,808] {dagbag.py:508} INFO - Filling up the DagBag from /opt/airflow/dags/dag_con_catchup.py
[2023-12-11 03:28:57,877] {processor.py:651} INFO - DAG(s) dict_keys(['dag_con_catchup']) retrieved from /opt/airflow/dags/dag_con_catchup.py
[2023-12-11 03:28:57,932] {logging_mixin.py:115} INFO - [2023-12-11 03:28:57,932] {dag.py:2420} INFO - Sync 1 DAGs
[2023-12-11 03:28:57,992] {logging_mixin.py:115} INFO - [2023-12-11 03:28:57,992] {dag.py:2972} INFO - Setting next_dagrun for dag_con_catchup to 2023-06-11T00:00:00+00:00, run_after=2023-06-12T00:00:00+00:00
[2023-12-11 03:28:58,019] {processor.py:161} INFO - Processing /opt/airflow/dags/dag_con_catchup.py took 0.225 seconds
[2023-12-11 03:29:08,225] {processor.py:153} INFO - Started process (PID=678) to work on /opt/airflow/dags/dag_con_catchup.py
[2023-12-11 03:29:08,228] {processor.py:641} INFO - Processing file /opt/airflow/dags/dag_con_catchup.py for tasks to queue
[2023-12-11 03:29:08,231] {logging_mixin.py:115} INFO - [2023-12-11 03:29:08,230] {dagbag.py:508} INFO - Filling up the DagBag from /opt/airflow/dags/dag_con_catchup.py
[2023-12-11 03:29:08,274] {processor.py:651} INFO - DAG(s) dict_keys(['dag_con_catchup']) retrieved from /opt/airflow/dags/dag_con_catchup.py
[2023-12-11 03:29:08,314] {logging_mixin.py:115} INFO - [2023-12-11 03:29:08,314] {dag.py:2420} INFO - Sync 1 DAGs
[2023-12-11 03:29:08,392] {logging_mixin.py:115} INFO - [2023-12-11 03:29:08,392] {dag.py:2972} INFO - Setting next_dagrun for dag_con_catchup to 2023-06-11T00:00:00+00:00, run_after=2023-06-12T00:00:00+00:00
[2023-12-11 03:29:08,413] {processor.py:161} INFO - Processing /opt/airflow/dags/dag_con_catchup.py took 0.198 seconds
[2023-12-11 03:29:18,964] {processor.py:153} INFO - Started process (PID=698) to work on /opt/airflow/dags/dag_con_catchup.py
[2023-12-11 03:29:18,966] {processor.py:641} INFO - Processing file /opt/airflow/dags/dag_con_catchup.py for tasks to queue
[2023-12-11 03:29:18,977] {logging_mixin.py:115} INFO - [2023-12-11 03:29:18,977] {dagbag.py:508} INFO - Filling up the DagBag from /opt/airflow/dags/dag_con_catchup.py
[2023-12-11 03:29:19,075] {processor.py:651} INFO - DAG(s) dict_keys(['dag_con_catchup']) retrieved from /opt/airflow/dags/dag_con_catchup.py
[2023-12-11 03:29:19,158] {logging_mixin.py:115} INFO - [2023-12-11 03:29:19,156] {dag.py:2420} INFO - Sync 1 DAGs
[2023-12-11 03:29:19,246] {logging_mixin.py:115} INFO - [2023-12-11 03:29:19,246] {dag.py:2972} INFO - Setting next_dagrun for dag_con_catchup to 2023-06-11T00:00:00+00:00, run_after=2023-06-12T00:00:00+00:00
[2023-12-11 03:29:19,328] {processor.py:161} INFO - Processing /opt/airflow/dags/dag_con_catchup.py took 0.374 seconds
[2023-12-11 03:29:29,675] {processor.py:153} INFO - Started process (PID=718) to work on /opt/airflow/dags/dag_con_catchup.py
[2023-12-11 03:29:29,676] {processor.py:641} INFO - Processing file /opt/airflow/dags/dag_con_catchup.py for tasks to queue
[2023-12-11 03:29:29,677] {logging_mixin.py:115} INFO - [2023-12-11 03:29:29,677] {dagbag.py:508} INFO - Filling up the DagBag from /opt/airflow/dags/dag_con_catchup.py
[2023-12-11 03:29:29,719] {processor.py:651} INFO - DAG(s) dict_keys(['dag_con_catchup']) retrieved from /opt/airflow/dags/dag_con_catchup.py
[2023-12-11 03:29:29,764] {logging_mixin.py:115} INFO - [2023-12-11 03:29:29,763] {dag.py:2420} INFO - Sync 1 DAGs
[2023-12-11 03:29:29,808] {logging_mixin.py:115} INFO - [2023-12-11 03:29:29,808] {dag.py:2972} INFO - Setting next_dagrun for dag_con_catchup to 2023-06-11T00:00:00+00:00, run_after=2023-06-12T00:00:00+00:00
[2023-12-11 03:29:29,832] {processor.py:161} INFO - Processing /opt/airflow/dags/dag_con_catchup.py took 0.164 seconds
[2023-12-11 03:29:40,692] {processor.py:153} INFO - Started process (PID=738) to work on /opt/airflow/dags/dag_con_catchup.py
[2023-12-11 03:29:40,693] {processor.py:641} INFO - Processing file /opt/airflow/dags/dag_con_catchup.py for tasks to queue
[2023-12-11 03:29:40,695] {logging_mixin.py:115} INFO - [2023-12-11 03:29:40,695] {dagbag.py:508} INFO - Filling up the DagBag from /opt/airflow/dags/dag_con_catchup.py
[2023-12-11 03:29:40,740] {processor.py:651} INFO - DAG(s) dict_keys(['dag_con_catchup']) retrieved from /opt/airflow/dags/dag_con_catchup.py
[2023-12-11 03:29:40,819] {logging_mixin.py:115} INFO - [2023-12-11 03:29:40,819] {dag.py:2420} INFO - Sync 1 DAGs
[2023-12-11 03:29:40,892] {logging_mixin.py:115} INFO - [2023-12-11 03:29:40,892] {dag.py:2972} INFO - Setting next_dagrun for dag_con_catchup to 2023-06-11T00:00:00+00:00, run_after=2023-06-12T00:00:00+00:00
[2023-12-11 03:29:40,925] {processor.py:161} INFO - Processing /opt/airflow/dags/dag_con_catchup.py took 0.242 seconds
[2023-12-11 03:29:51,053] {processor.py:153} INFO - Started process (PID=758) to work on /opt/airflow/dags/dag_con_catchup.py
[2023-12-11 03:29:51,055] {processor.py:641} INFO - Processing file /opt/airflow/dags/dag_con_catchup.py for tasks to queue
[2023-12-11 03:29:51,056] {logging_mixin.py:115} INFO - [2023-12-11 03:29:51,056] {dagbag.py:508} INFO - Filling up the DagBag from /opt/airflow/dags/dag_con_catchup.py
[2023-12-11 03:29:51,093] {processor.py:651} INFO - DAG(s) dict_keys(['dag_con_catchup']) retrieved from /opt/airflow/dags/dag_con_catchup.py
[2023-12-11 03:29:51,136] {logging_mixin.py:115} INFO - [2023-12-11 03:29:51,136] {dag.py:2420} INFO - Sync 1 DAGs
[2023-12-11 03:29:51,181] {logging_mixin.py:115} INFO - [2023-12-11 03:29:51,181] {dag.py:2972} INFO - Setting next_dagrun for dag_con_catchup to 2023-06-11T00:00:00+00:00, run_after=2023-06-12T00:00:00+00:00
[2023-12-11 03:29:51,201] {processor.py:161} INFO - Processing /opt/airflow/dags/dag_con_catchup.py took 0.158 seconds
[2023-12-11 03:30:01,839] {processor.py:153} INFO - Started process (PID=778) to work on /opt/airflow/dags/dag_con_catchup.py
[2023-12-11 03:30:01,840] {processor.py:641} INFO - Processing file /opt/airflow/dags/dag_con_catchup.py for tasks to queue
[2023-12-11 03:30:01,843] {logging_mixin.py:115} INFO - [2023-12-11 03:30:01,842] {dagbag.py:508} INFO - Filling up the DagBag from /opt/airflow/dags/dag_con_catchup.py
[2023-12-11 03:30:01,889] {processor.py:651} INFO - DAG(s) dict_keys(['dag_con_catchup']) retrieved from /opt/airflow/dags/dag_con_catchup.py
[2023-12-11 03:30:01,938] {logging_mixin.py:115} INFO - [2023-12-11 03:30:01,938] {dag.py:2420} INFO - Sync 1 DAGs
[2023-12-11 03:30:01,988] {logging_mixin.py:115} INFO - [2023-12-11 03:30:01,988] {dag.py:2972} INFO - Setting next_dagrun for dag_con_catchup to 2023-06-11T00:00:00+00:00, run_after=2023-06-12T00:00:00+00:00
[2023-12-11 03:30:02,014] {processor.py:161} INFO - Processing /opt/airflow/dags/dag_con_catchup.py took 0.184 seconds
[2023-12-11 03:30:12,413] {processor.py:153} INFO - Started process (PID=798) to work on /opt/airflow/dags/dag_con_catchup.py
[2023-12-11 03:30:12,416] {processor.py:641} INFO - Processing file /opt/airflow/dags/dag_con_catchup.py for tasks to queue
[2023-12-11 03:30:12,418] {logging_mixin.py:115} INFO - [2023-12-11 03:30:12,418] {dagbag.py:508} INFO - Filling up the DagBag from /opt/airflow/dags/dag_con_catchup.py
[2023-12-11 03:30:12,490] {processor.py:651} INFO - DAG(s) dict_keys(['dag_con_catchup']) retrieved from /opt/airflow/dags/dag_con_catchup.py
[2023-12-11 03:30:12,611] {logging_mixin.py:115} INFO - [2023-12-11 03:30:12,610] {dag.py:2420} INFO - Sync 1 DAGs
[2023-12-11 03:30:12,768] {logging_mixin.py:115} INFO - [2023-12-11 03:30:12,757] {dag.py:2972} INFO - Setting next_dagrun for dag_con_catchup to 2023-06-11T00:00:00+00:00, run_after=2023-06-12T00:00:00+00:00
[2023-12-11 03:30:12,932] {processor.py:161} INFO - Processing /opt/airflow/dags/dag_con_catchup.py took 0.528 seconds
[2023-12-11 03:30:23,540] {processor.py:153} INFO - Started process (PID=818) to work on /opt/airflow/dags/dag_con_catchup.py
[2023-12-11 03:30:23,542] {processor.py:641} INFO - Processing file /opt/airflow/dags/dag_con_catchup.py for tasks to queue
[2023-12-11 03:30:23,544] {logging_mixin.py:115} INFO - [2023-12-11 03:30:23,543] {dagbag.py:508} INFO - Filling up the DagBag from /opt/airflow/dags/dag_con_catchup.py
[2023-12-11 03:30:23,624] {processor.py:651} INFO - DAG(s) dict_keys(['dag_con_catchup']) retrieved from /opt/airflow/dags/dag_con_catchup.py
[2023-12-11 03:30:23,704] {logging_mixin.py:115} INFO - [2023-12-11 03:30:23,703] {dag.py:2420} INFO - Sync 1 DAGs
[2023-12-11 03:30:23,755] {logging_mixin.py:115} INFO - [2023-12-11 03:30:23,755] {dag.py:2972} INFO - Setting next_dagrun for dag_con_catchup to 2023-06-11T00:00:00+00:00, run_after=2023-06-12T00:00:00+00:00
[2023-12-11 03:30:23,780] {processor.py:161} INFO - Processing /opt/airflow/dags/dag_con_catchup.py took 0.258 seconds
[2023-12-11 03:30:33,980] {processor.py:153} INFO - Started process (PID=836) to work on /opt/airflow/dags/dag_con_catchup.py
[2023-12-11 03:30:33,982] {processor.py:641} INFO - Processing file /opt/airflow/dags/dag_con_catchup.py for tasks to queue
[2023-12-11 03:30:33,983] {logging_mixin.py:115} INFO - [2023-12-11 03:30:33,983] {dagbag.py:508} INFO - Filling up the DagBag from /opt/airflow/dags/dag_con_catchup.py
[2023-12-11 03:30:34,025] {processor.py:651} INFO - DAG(s) dict_keys(['dag_con_catchup']) retrieved from /opt/airflow/dags/dag_con_catchup.py
[2023-12-11 03:30:34,106] {logging_mixin.py:115} INFO - [2023-12-11 03:30:34,105] {dag.py:2420} INFO - Sync 1 DAGs
[2023-12-11 03:30:34,166] {logging_mixin.py:115} INFO - [2023-12-11 03:30:34,166] {dag.py:2972} INFO - Setting next_dagrun for dag_con_catchup to 2023-06-11T00:00:00+00:00, run_after=2023-06-12T00:00:00+00:00
[2023-12-11 03:30:34,193] {processor.py:161} INFO - Processing /opt/airflow/dags/dag_con_catchup.py took 0.223 seconds
[2023-12-11 03:30:44,718] {processor.py:153} INFO - Started process (PID=856) to work on /opt/airflow/dags/dag_con_catchup.py
[2023-12-11 03:30:44,719] {processor.py:641} INFO - Processing file /opt/airflow/dags/dag_con_catchup.py for tasks to queue
[2023-12-11 03:30:44,721] {logging_mixin.py:115} INFO - [2023-12-11 03:30:44,721] {dagbag.py:508} INFO - Filling up the DagBag from /opt/airflow/dags/dag_con_catchup.py
[2023-12-11 03:30:44,810] {processor.py:651} INFO - DAG(s) dict_keys(['dag_con_catchup']) retrieved from /opt/airflow/dags/dag_con_catchup.py
[2023-12-11 03:30:44,866] {logging_mixin.py:115} INFO - [2023-12-11 03:30:44,865] {dag.py:2420} INFO - Sync 1 DAGs
[2023-12-11 03:30:44,917] {logging_mixin.py:115} INFO - [2023-12-11 03:30:44,916] {dag.py:2972} INFO - Setting next_dagrun for dag_con_catchup to 2023-06-11T00:00:00+00:00, run_after=2023-06-12T00:00:00+00:00
[2023-12-11 03:30:44,941] {processor.py:161} INFO - Processing /opt/airflow/dags/dag_con_catchup.py took 0.240 seconds
[2023-12-11 03:30:55,123] {processor.py:153} INFO - Started process (PID=878) to work on /opt/airflow/dags/dag_con_catchup.py
[2023-12-11 03:30:55,124] {processor.py:641} INFO - Processing file /opt/airflow/dags/dag_con_catchup.py for tasks to queue
[2023-12-11 03:30:55,125] {logging_mixin.py:115} INFO - [2023-12-11 03:30:55,125] {dagbag.py:508} INFO - Filling up the DagBag from /opt/airflow/dags/dag_con_catchup.py
[2023-12-11 03:30:55,152] {processor.py:651} INFO - DAG(s) dict_keys(['dag_con_catchup']) retrieved from /opt/airflow/dags/dag_con_catchup.py
[2023-12-11 03:30:55,192] {logging_mixin.py:115} INFO - [2023-12-11 03:30:55,192] {dag.py:2420} INFO - Sync 1 DAGs
[2023-12-11 03:30:55,226] {logging_mixin.py:115} INFO - [2023-12-11 03:30:55,225] {dag.py:2972} INFO - Setting next_dagrun for dag_con_catchup to 2023-06-11T00:00:00+00:00, run_after=2023-06-12T00:00:00+00:00
[2023-12-11 03:30:55,246] {processor.py:161} INFO - Processing /opt/airflow/dags/dag_con_catchup.py took 0.130 seconds
[2023-12-11 03:31:05,717] {processor.py:153} INFO - Started process (PID=898) to work on /opt/airflow/dags/dag_con_catchup.py
[2023-12-11 03:31:05,718] {processor.py:641} INFO - Processing file /opt/airflow/dags/dag_con_catchup.py for tasks to queue
[2023-12-11 03:31:05,720] {logging_mixin.py:115} INFO - [2023-12-11 03:31:05,720] {dagbag.py:508} INFO - Filling up the DagBag from /opt/airflow/dags/dag_con_catchup.py
[2023-12-11 03:31:05,776] {processor.py:651} INFO - DAG(s) dict_keys(['dag_con_catchup']) retrieved from /opt/airflow/dags/dag_con_catchup.py
[2023-12-11 03:31:05,836] {logging_mixin.py:115} INFO - [2023-12-11 03:31:05,836] {dag.py:2420} INFO - Sync 1 DAGs
[2023-12-11 03:31:05,896] {logging_mixin.py:115} INFO - [2023-12-11 03:31:05,896] {dag.py:2972} INFO - Setting next_dagrun for dag_con_catchup to 2023-06-11T00:00:00+00:00, run_after=2023-06-12T00:00:00+00:00
[2023-12-11 03:31:05,926] {processor.py:161} INFO - Processing /opt/airflow/dags/dag_con_catchup.py took 0.219 seconds
[2023-12-11 03:31:16,423] {processor.py:153} INFO - Started process (PID=918) to work on /opt/airflow/dags/dag_con_catchup.py
[2023-12-11 03:31:16,424] {processor.py:641} INFO - Processing file /opt/airflow/dags/dag_con_catchup.py for tasks to queue
[2023-12-11 03:31:16,425] {logging_mixin.py:115} INFO - [2023-12-11 03:31:16,425] {dagbag.py:508} INFO - Filling up the DagBag from /opt/airflow/dags/dag_con_catchup.py
[2023-12-11 03:31:16,459] {processor.py:651} INFO - DAG(s) dict_keys(['dag_con_catchup']) retrieved from /opt/airflow/dags/dag_con_catchup.py
[2023-12-11 03:31:16,507] {logging_mixin.py:115} INFO - [2023-12-11 03:31:16,507] {dag.py:2420} INFO - Sync 1 DAGs
[2023-12-11 03:31:16,560] {logging_mixin.py:115} INFO - [2023-12-11 03:31:16,560] {dag.py:2972} INFO - Setting next_dagrun for dag_con_catchup to 2023-06-11T00:00:00+00:00, run_after=2023-06-12T00:00:00+00:00
[2023-12-11 03:31:16,587] {processor.py:161} INFO - Processing /opt/airflow/dags/dag_con_catchup.py took 0.171 seconds
[2023-12-11 03:31:27,037] {processor.py:153} INFO - Started process (PID=938) to work on /opt/airflow/dags/dag_con_catchup.py
[2023-12-11 03:31:27,039] {processor.py:641} INFO - Processing file /opt/airflow/dags/dag_con_catchup.py for tasks to queue
[2023-12-11 03:31:27,040] {logging_mixin.py:115} INFO - [2023-12-11 03:31:27,040] {dagbag.py:508} INFO - Filling up the DagBag from /opt/airflow/dags/dag_con_catchup.py
[2023-12-11 03:31:27,077] {processor.py:651} INFO - DAG(s) dict_keys(['dag_con_catchup']) retrieved from /opt/airflow/dags/dag_con_catchup.py
[2023-12-11 03:31:27,124] {logging_mixin.py:115} INFO - [2023-12-11 03:31:27,124] {dag.py:2420} INFO - Sync 1 DAGs
[2023-12-11 03:31:27,167] {logging_mixin.py:115} INFO - [2023-12-11 03:31:27,167] {dag.py:2972} INFO - Setting next_dagrun for dag_con_catchup to 2023-06-11T00:00:00+00:00, run_after=2023-06-12T00:00:00+00:00
[2023-12-11 03:31:27,192] {processor.py:161} INFO - Processing /opt/airflow/dags/dag_con_catchup.py took 0.161 seconds
[2023-12-11 03:31:37,891] {processor.py:153} INFO - Started process (PID=956) to work on /opt/airflow/dags/dag_con_catchup.py
[2023-12-11 03:31:37,892] {processor.py:641} INFO - Processing file /opt/airflow/dags/dag_con_catchup.py for tasks to queue
[2023-12-11 03:31:37,894] {logging_mixin.py:115} INFO - [2023-12-11 03:31:37,894] {dagbag.py:508} INFO - Filling up the DagBag from /opt/airflow/dags/dag_con_catchup.py
[2023-12-11 03:31:37,954] {processor.py:651} INFO - DAG(s) dict_keys(['dag_con_catchup']) retrieved from /opt/airflow/dags/dag_con_catchup.py
[2023-12-11 03:31:38,038] {logging_mixin.py:115} INFO - [2023-12-11 03:31:38,038] {dag.py:2420} INFO - Sync 1 DAGs
[2023-12-11 03:31:38,111] {logging_mixin.py:115} INFO - [2023-12-11 03:31:38,110] {dag.py:2972} INFO - Setting next_dagrun for dag_con_catchup to 2023-06-11T00:00:00+00:00, run_after=2023-06-12T00:00:00+00:00
[2023-12-11 03:31:38,151] {processor.py:161} INFO - Processing /opt/airflow/dags/dag_con_catchup.py took 0.285 seconds
[2023-12-11 03:31:48,742] {processor.py:153} INFO - Started process (PID=978) to work on /opt/airflow/dags/dag_con_catchup.py
[2023-12-11 03:31:48,743] {processor.py:641} INFO - Processing file /opt/airflow/dags/dag_con_catchup.py for tasks to queue
[2023-12-11 03:31:48,746] {logging_mixin.py:115} INFO - [2023-12-11 03:31:48,746] {dagbag.py:508} INFO - Filling up the DagBag from /opt/airflow/dags/dag_con_catchup.py
[2023-12-11 03:31:48,804] {processor.py:651} INFO - DAG(s) dict_keys(['dag_con_catchup']) retrieved from /opt/airflow/dags/dag_con_catchup.py
[2023-12-11 03:31:48,868] {logging_mixin.py:115} INFO - [2023-12-11 03:31:48,868] {dag.py:2420} INFO - Sync 1 DAGs
[2023-12-11 03:31:48,953] {logging_mixin.py:115} INFO - [2023-12-11 03:31:48,953] {dag.py:2972} INFO - Setting next_dagrun for dag_con_catchup to 2023-06-11T00:00:00+00:00, run_after=2023-06-12T00:00:00+00:00
[2023-12-11 03:31:48,980] {processor.py:161} INFO - Processing /opt/airflow/dags/dag_con_catchup.py took 0.251 seconds
[2023-12-11 03:31:59,453] {processor.py:153} INFO - Started process (PID=996) to work on /opt/airflow/dags/dag_con_catchup.py
[2023-12-11 03:31:59,455] {processor.py:641} INFO - Processing file /opt/airflow/dags/dag_con_catchup.py for tasks to queue
[2023-12-11 03:31:59,456] {logging_mixin.py:115} INFO - [2023-12-11 03:31:59,456] {dagbag.py:508} INFO - Filling up the DagBag from /opt/airflow/dags/dag_con_catchup.py
[2023-12-11 03:31:59,500] {processor.py:651} INFO - DAG(s) dict_keys(['dag_con_catchup']) retrieved from /opt/airflow/dags/dag_con_catchup.py
[2023-12-11 03:31:59,576] {logging_mixin.py:115} INFO - [2023-12-11 03:31:59,576] {dag.py:2420} INFO - Sync 1 DAGs
[2023-12-11 03:31:59,635] {logging_mixin.py:115} INFO - [2023-12-11 03:31:59,635] {dag.py:2972} INFO - Setting next_dagrun for dag_con_catchup to 2023-06-11T00:00:00+00:00, run_after=2023-06-12T00:00:00+00:00
[2023-12-11 03:31:59,661] {processor.py:161} INFO - Processing /opt/airflow/dags/dag_con_catchup.py took 0.217 seconds
[2023-12-11 03:32:10,115] {processor.py:153} INFO - Started process (PID=1016) to work on /opt/airflow/dags/dag_con_catchup.py
[2023-12-11 03:32:10,116] {processor.py:641} INFO - Processing file /opt/airflow/dags/dag_con_catchup.py for tasks to queue
[2023-12-11 03:32:10,118] {logging_mixin.py:115} INFO - [2023-12-11 03:32:10,117] {dagbag.py:508} INFO - Filling up the DagBag from /opt/airflow/dags/dag_con_catchup.py
[2023-12-11 03:32:10,163] {processor.py:651} INFO - DAG(s) dict_keys(['dag_con_catchup']) retrieved from /opt/airflow/dags/dag_con_catchup.py
[2023-12-11 03:32:10,244] {logging_mixin.py:115} INFO - [2023-12-11 03:32:10,244] {dag.py:2420} INFO - Sync 1 DAGs
[2023-12-11 03:32:10,299] {logging_mixin.py:115} INFO - [2023-12-11 03:32:10,299] {dag.py:2972} INFO - Setting next_dagrun for dag_con_catchup to 2023-06-11T00:00:00+00:00, run_after=2023-06-12T00:00:00+00:00
[2023-12-11 03:32:10,326] {processor.py:161} INFO - Processing /opt/airflow/dags/dag_con_catchup.py took 0.219 seconds
[2023-12-11 03:32:20,989] {processor.py:153} INFO - Started process (PID=1038) to work on /opt/airflow/dags/dag_con_catchup.py
[2023-12-11 03:32:20,990] {processor.py:641} INFO - Processing file /opt/airflow/dags/dag_con_catchup.py for tasks to queue
[2023-12-11 03:32:20,991] {logging_mixin.py:115} INFO - [2023-12-11 03:32:20,991] {dagbag.py:508} INFO - Filling up the DagBag from /opt/airflow/dags/dag_con_catchup.py
[2023-12-11 03:32:21,025] {processor.py:651} INFO - DAG(s) dict_keys(['dag_con_catchup']) retrieved from /opt/airflow/dags/dag_con_catchup.py
[2023-12-11 03:32:21,077] {logging_mixin.py:115} INFO - [2023-12-11 03:32:21,077] {dag.py:2420} INFO - Sync 1 DAGs
[2023-12-11 03:32:21,135] {logging_mixin.py:115} INFO - [2023-12-11 03:32:21,135] {dag.py:2972} INFO - Setting next_dagrun for dag_con_catchup to 2023-06-11T00:00:00+00:00, run_after=2023-06-12T00:00:00+00:00
[2023-12-11 03:32:21,158] {processor.py:161} INFO - Processing /opt/airflow/dags/dag_con_catchup.py took 0.177 seconds
[2023-12-11 03:32:31,390] {processor.py:153} INFO - Started process (PID=1058) to work on /opt/airflow/dags/dag_con_catchup.py
[2023-12-11 03:32:31,391] {processor.py:641} INFO - Processing file /opt/airflow/dags/dag_con_catchup.py for tasks to queue
[2023-12-11 03:32:31,392] {logging_mixin.py:115} INFO - [2023-12-11 03:32:31,392] {dagbag.py:508} INFO - Filling up the DagBag from /opt/airflow/dags/dag_con_catchup.py
[2023-12-11 03:32:31,419] {processor.py:651} INFO - DAG(s) dict_keys(['dag_con_catchup']) retrieved from /opt/airflow/dags/dag_con_catchup.py
[2023-12-11 03:32:31,455] {logging_mixin.py:115} INFO - [2023-12-11 03:32:31,455] {dag.py:2420} INFO - Sync 1 DAGs
[2023-12-11 03:32:31,487] {logging_mixin.py:115} INFO - [2023-12-11 03:32:31,487] {dag.py:2972} INFO - Setting next_dagrun for dag_con_catchup to 2023-06-11T00:00:00+00:00, run_after=2023-06-12T00:00:00+00:00
[2023-12-11 03:32:31,521] {processor.py:161} INFO - Processing /opt/airflow/dags/dag_con_catchup.py took 0.137 seconds
[2023-12-11 03:32:41,976] {processor.py:153} INFO - Started process (PID=1076) to work on /opt/airflow/dags/dag_con_catchup.py
[2023-12-11 03:32:41,977] {processor.py:641} INFO - Processing file /opt/airflow/dags/dag_con_catchup.py for tasks to queue
[2023-12-11 03:32:41,978] {logging_mixin.py:115} INFO - [2023-12-11 03:32:41,978] {dagbag.py:508} INFO - Filling up the DagBag from /opt/airflow/dags/dag_con_catchup.py
[2023-12-11 03:32:42,008] {processor.py:651} INFO - DAG(s) dict_keys(['dag_con_catchup']) retrieved from /opt/airflow/dags/dag_con_catchup.py
[2023-12-11 03:32:42,057] {logging_mixin.py:115} INFO - [2023-12-11 03:32:42,057] {dag.py:2420} INFO - Sync 1 DAGs
[2023-12-11 03:32:42,118] {logging_mixin.py:115} INFO - [2023-12-11 03:32:42,117] {dag.py:2972} INFO - Setting next_dagrun for dag_con_catchup to 2023-06-11T00:00:00+00:00, run_after=2023-06-12T00:00:00+00:00
[2023-12-11 03:32:42,153] {processor.py:161} INFO - Processing /opt/airflow/dags/dag_con_catchup.py took 0.184 seconds
[2023-12-11 03:32:52,555] {processor.py:153} INFO - Started process (PID=1096) to work on /opt/airflow/dags/dag_con_catchup.py
[2023-12-11 03:32:52,557] {processor.py:641} INFO - Processing file /opt/airflow/dags/dag_con_catchup.py for tasks to queue
[2023-12-11 03:32:52,558] {logging_mixin.py:115} INFO - [2023-12-11 03:32:52,558] {dagbag.py:508} INFO - Filling up the DagBag from /opt/airflow/dags/dag_con_catchup.py
[2023-12-11 03:32:52,605] {processor.py:651} INFO - DAG(s) dict_keys(['dag_con_catchup']) retrieved from /opt/airflow/dags/dag_con_catchup.py
[2023-12-11 03:32:52,661] {logging_mixin.py:115} INFO - [2023-12-11 03:32:52,660] {dag.py:2420} INFO - Sync 1 DAGs
[2023-12-11 03:32:52,703] {logging_mixin.py:115} INFO - [2023-12-11 03:32:52,702] {dag.py:2972} INFO - Setting next_dagrun for dag_con_catchup to 2023-06-11T00:00:00+00:00, run_after=2023-06-12T00:00:00+00:00
[2023-12-11 03:32:52,722] {processor.py:161} INFO - Processing /opt/airflow/dags/dag_con_catchup.py took 0.175 seconds
[2023-12-11 03:33:03,130] {processor.py:153} INFO - Started process (PID=1116) to work on /opt/airflow/dags/dag_con_catchup.py
[2023-12-11 03:33:03,133] {processor.py:641} INFO - Processing file /opt/airflow/dags/dag_con_catchup.py for tasks to queue
[2023-12-11 03:33:03,138] {logging_mixin.py:115} INFO - [2023-12-11 03:33:03,137] {dagbag.py:508} INFO - Filling up the DagBag from /opt/airflow/dags/dag_con_catchup.py
[2023-12-11 03:33:03,186] {processor.py:651} INFO - DAG(s) dict_keys(['dag_con_catchup']) retrieved from /opt/airflow/dags/dag_con_catchup.py
[2023-12-11 03:33:03,283] {logging_mixin.py:115} INFO - [2023-12-11 03:33:03,283] {dag.py:2420} INFO - Sync 1 DAGs
[2023-12-11 03:33:03,375] {logging_mixin.py:115} INFO - [2023-12-11 03:33:03,375] {dag.py:2972} INFO - Setting next_dagrun for dag_con_catchup to 2023-06-11T00:00:00+00:00, run_after=2023-06-12T00:00:00+00:00
[2023-12-11 03:33:03,446] {processor.py:161} INFO - Processing /opt/airflow/dags/dag_con_catchup.py took 0.323 seconds
[2023-12-11 03:33:13,858] {processor.py:153} INFO - Started process (PID=1138) to work on /opt/airflow/dags/dag_con_catchup.py
[2023-12-11 03:33:13,859] {processor.py:641} INFO - Processing file /opt/airflow/dags/dag_con_catchup.py for tasks to queue
[2023-12-11 03:33:13,861] {logging_mixin.py:115} INFO - [2023-12-11 03:33:13,861] {dagbag.py:508} INFO - Filling up the DagBag from /opt/airflow/dags/dag_con_catchup.py
[2023-12-11 03:33:13,906] {processor.py:651} INFO - DAG(s) dict_keys(['dag_con_catchup']) retrieved from /opt/airflow/dags/dag_con_catchup.py
[2023-12-11 03:33:13,955] {logging_mixin.py:115} INFO - [2023-12-11 03:33:13,954] {dag.py:2420} INFO - Sync 1 DAGs
[2023-12-11 03:33:13,999] {logging_mixin.py:115} INFO - [2023-12-11 03:33:13,999] {dag.py:2972} INFO - Setting next_dagrun for dag_con_catchup to 2023-06-11T00:00:00+00:00, run_after=2023-06-12T00:00:00+00:00
[2023-12-11 03:33:14,022] {processor.py:161} INFO - Processing /opt/airflow/dags/dag_con_catchup.py took 0.174 seconds
[2023-12-11 03:33:24,466] {processor.py:153} INFO - Started process (PID=1158) to work on /opt/airflow/dags/dag_con_catchup.py
[2023-12-11 03:33:24,468] {processor.py:641} INFO - Processing file /opt/airflow/dags/dag_con_catchup.py for tasks to queue
[2023-12-11 03:33:24,470] {logging_mixin.py:115} INFO - [2023-12-11 03:33:24,470] {dagbag.py:508} INFO - Filling up the DagBag from /opt/airflow/dags/dag_con_catchup.py
[2023-12-11 03:33:24,499] {processor.py:651} INFO - DAG(s) dict_keys(['dag_con_catchup']) retrieved from /opt/airflow/dags/dag_con_catchup.py
[2023-12-11 03:33:24,540] {logging_mixin.py:115} INFO - [2023-12-11 03:33:24,540] {dag.py:2420} INFO - Sync 1 DAGs
[2023-12-11 03:33:24,579] {logging_mixin.py:115} INFO - [2023-12-11 03:33:24,579] {dag.py:2972} INFO - Setting next_dagrun for dag_con_catchup to 2023-06-11T00:00:00+00:00, run_after=2023-06-12T00:00:00+00:00
[2023-12-11 03:33:24,605] {processor.py:161} INFO - Processing /opt/airflow/dags/dag_con_catchup.py took 0.145 seconds
[2023-12-11 03:33:35,037] {processor.py:153} INFO - Started process (PID=1178) to work on /opt/airflow/dags/dag_con_catchup.py
[2023-12-11 03:33:35,038] {processor.py:641} INFO - Processing file /opt/airflow/dags/dag_con_catchup.py for tasks to queue
[2023-12-11 03:33:35,039] {logging_mixin.py:115} INFO - [2023-12-11 03:33:35,039] {dagbag.py:508} INFO - Filling up the DagBag from /opt/airflow/dags/dag_con_catchup.py
[2023-12-11 03:33:35,067] {processor.py:651} INFO - DAG(s) dict_keys(['dag_con_catchup']) retrieved from /opt/airflow/dags/dag_con_catchup.py
[2023-12-11 03:33:35,105] {logging_mixin.py:115} INFO - [2023-12-11 03:33:35,105] {dag.py:2420} INFO - Sync 1 DAGs
[2023-12-11 03:33:35,139] {logging_mixin.py:115} INFO - [2023-12-11 03:33:35,139] {dag.py:2972} INFO - Setting next_dagrun for dag_con_catchup to 2023-06-11T00:00:00+00:00, run_after=2023-06-12T00:00:00+00:00
[2023-12-11 03:33:35,157] {processor.py:161} INFO - Processing /opt/airflow/dags/dag_con_catchup.py took 0.127 seconds
[2023-12-11 03:33:45,592] {processor.py:153} INFO - Started process (PID=1198) to work on /opt/airflow/dags/dag_con_catchup.py
[2023-12-11 03:33:45,593] {processor.py:641} INFO - Processing file /opt/airflow/dags/dag_con_catchup.py for tasks to queue
[2023-12-11 03:33:45,594] {logging_mixin.py:115} INFO - [2023-12-11 03:33:45,594] {dagbag.py:508} INFO - Filling up the DagBag from /opt/airflow/dags/dag_con_catchup.py
[2023-12-11 03:33:45,627] {processor.py:651} INFO - DAG(s) dict_keys(['dag_con_catchup']) retrieved from /opt/airflow/dags/dag_con_catchup.py
[2023-12-11 03:33:45,669] {logging_mixin.py:115} INFO - [2023-12-11 03:33:45,669] {dag.py:2420} INFO - Sync 1 DAGs
[2023-12-11 03:33:45,707] {logging_mixin.py:115} INFO - [2023-12-11 03:33:45,707] {dag.py:2972} INFO - Setting next_dagrun for dag_con_catchup to 2023-06-11T00:00:00+00:00, run_after=2023-06-12T00:00:00+00:00
[2023-12-11 03:33:45,727] {processor.py:161} INFO - Processing /opt/airflow/dags/dag_con_catchup.py took 0.145 seconds
[2023-12-11 03:33:56,164] {processor.py:153} INFO - Started process (PID=1218) to work on /opt/airflow/dags/dag_con_catchup.py
[2023-12-11 03:33:56,165] {processor.py:641} INFO - Processing file /opt/airflow/dags/dag_con_catchup.py for tasks to queue
[2023-12-11 03:33:56,166] {logging_mixin.py:115} INFO - [2023-12-11 03:33:56,166] {dagbag.py:508} INFO - Filling up the DagBag from /opt/airflow/dags/dag_con_catchup.py
[2023-12-11 03:33:56,202] {processor.py:651} INFO - DAG(s) dict_keys(['dag_con_catchup']) retrieved from /opt/airflow/dags/dag_con_catchup.py
[2023-12-11 03:33:56,245] {logging_mixin.py:115} INFO - [2023-12-11 03:33:56,245] {dag.py:2420} INFO - Sync 1 DAGs
[2023-12-11 03:33:56,288] {logging_mixin.py:115} INFO - [2023-12-11 03:33:56,287] {dag.py:2972} INFO - Setting next_dagrun for dag_con_catchup to 2023-06-11T00:00:00+00:00, run_after=2023-06-12T00:00:00+00:00
[2023-12-11 03:33:56,309] {processor.py:161} INFO - Processing /opt/airflow/dags/dag_con_catchup.py took 0.154 seconds
[2023-12-11 03:34:06,699] {processor.py:153} INFO - Started process (PID=1238) to work on /opt/airflow/dags/dag_con_catchup.py
[2023-12-11 03:34:06,700] {processor.py:641} INFO - Processing file /opt/airflow/dags/dag_con_catchup.py for tasks to queue
[2023-12-11 03:34:06,701] {logging_mixin.py:115} INFO - [2023-12-11 03:34:06,701] {dagbag.py:508} INFO - Filling up the DagBag from /opt/airflow/dags/dag_con_catchup.py
[2023-12-11 03:34:06,728] {processor.py:651} INFO - DAG(s) dict_keys(['dag_con_catchup']) retrieved from /opt/airflow/dags/dag_con_catchup.py
[2023-12-11 03:34:06,767] {logging_mixin.py:115} INFO - [2023-12-11 03:34:06,767] {dag.py:2420} INFO - Sync 1 DAGs
[2023-12-11 03:34:06,800] {logging_mixin.py:115} INFO - [2023-12-11 03:34:06,800] {dag.py:2972} INFO - Setting next_dagrun for dag_con_catchup to 2023-06-11T00:00:00+00:00, run_after=2023-06-12T00:00:00+00:00
[2023-12-11 03:34:06,819] {processor.py:161} INFO - Processing /opt/airflow/dags/dag_con_catchup.py took 0.127 seconds
[2023-12-11 03:34:17,274] {processor.py:153} INFO - Started process (PID=1258) to work on /opt/airflow/dags/dag_con_catchup.py
[2023-12-11 03:34:17,275] {processor.py:641} INFO - Processing file /opt/airflow/dags/dag_con_catchup.py for tasks to queue
[2023-12-11 03:34:17,277] {logging_mixin.py:115} INFO - [2023-12-11 03:34:17,276] {dagbag.py:508} INFO - Filling up the DagBag from /opt/airflow/dags/dag_con_catchup.py
[2023-12-11 03:34:17,313] {processor.py:651} INFO - DAG(s) dict_keys(['dag_con_catchup']) retrieved from /opt/airflow/dags/dag_con_catchup.py
[2023-12-11 03:34:17,362] {logging_mixin.py:115} INFO - [2023-12-11 03:34:17,362] {dag.py:2420} INFO - Sync 1 DAGs
[2023-12-11 03:34:17,403] {logging_mixin.py:115} INFO - [2023-12-11 03:34:17,403] {dag.py:2972} INFO - Setting next_dagrun for dag_con_catchup to 2023-06-11T00:00:00+00:00, run_after=2023-06-12T00:00:00+00:00
[2023-12-11 03:34:17,422] {processor.py:161} INFO - Processing /opt/airflow/dags/dag_con_catchup.py took 0.155 seconds
[2023-12-11 03:34:27,958] {processor.py:153} INFO - Started process (PID=1278) to work on /opt/airflow/dags/dag_con_catchup.py
[2023-12-11 03:34:27,960] {processor.py:641} INFO - Processing file /opt/airflow/dags/dag_con_catchup.py for tasks to queue
[2023-12-11 03:34:27,963] {logging_mixin.py:115} INFO - [2023-12-11 03:34:27,962] {dagbag.py:508} INFO - Filling up the DagBag from /opt/airflow/dags/dag_con_catchup.py
[2023-12-11 03:34:28,001] {processor.py:651} INFO - DAG(s) dict_keys(['dag_con_catchup']) retrieved from /opt/airflow/dags/dag_con_catchup.py
[2023-12-11 03:34:28,078] {logging_mixin.py:115} INFO - [2023-12-11 03:34:28,078] {dag.py:2420} INFO - Sync 1 DAGs
[2023-12-11 03:34:28,137] {logging_mixin.py:115} INFO - [2023-12-11 03:34:28,137] {dag.py:2972} INFO - Setting next_dagrun for dag_con_catchup to 2023-06-11T00:00:00+00:00, run_after=2023-06-12T00:00:00+00:00
[2023-12-11 03:34:28,156] {processor.py:161} INFO - Processing /opt/airflow/dags/dag_con_catchup.py took 0.209 seconds
[2023-12-11 03:34:38,711] {processor.py:153} INFO - Started process (PID=1298) to work on /opt/airflow/dags/dag_con_catchup.py
[2023-12-11 03:34:38,712] {processor.py:641} INFO - Processing file /opt/airflow/dags/dag_con_catchup.py for tasks to queue
[2023-12-11 03:34:38,713] {logging_mixin.py:115} INFO - [2023-12-11 03:34:38,713] {dagbag.py:508} INFO - Filling up the DagBag from /opt/airflow/dags/dag_con_catchup.py
[2023-12-11 03:34:38,742] {processor.py:651} INFO - DAG(s) dict_keys(['dag_con_catchup']) retrieved from /opt/airflow/dags/dag_con_catchup.py
[2023-12-11 03:34:38,779] {logging_mixin.py:115} INFO - [2023-12-11 03:34:38,779] {dag.py:2420} INFO - Sync 1 DAGs
[2023-12-11 03:34:38,813] {logging_mixin.py:115} INFO - [2023-12-11 03:34:38,813] {dag.py:2972} INFO - Setting next_dagrun for dag_con_catchup to 2023-06-11T00:00:00+00:00, run_after=2023-06-12T00:00:00+00:00
[2023-12-11 03:34:38,834] {processor.py:161} INFO - Processing /opt/airflow/dags/dag_con_catchup.py took 0.128 seconds
[2023-12-11 03:34:49,247] {processor.py:153} INFO - Started process (PID=1316) to work on /opt/airflow/dags/dag_con_catchup.py
[2023-12-11 03:34:49,249] {processor.py:641} INFO - Processing file /opt/airflow/dags/dag_con_catchup.py for tasks to queue
[2023-12-11 03:34:49,250] {logging_mixin.py:115} INFO - [2023-12-11 03:34:49,250] {dagbag.py:508} INFO - Filling up the DagBag from /opt/airflow/dags/dag_con_catchup.py
[2023-12-11 03:34:49,293] {processor.py:651} INFO - DAG(s) dict_keys(['dag_con_catchup']) retrieved from /opt/airflow/dags/dag_con_catchup.py
[2023-12-11 03:34:49,354] {logging_mixin.py:115} INFO - [2023-12-11 03:34:49,354] {dag.py:2420} INFO - Sync 1 DAGs
[2023-12-11 03:34:49,406] {logging_mixin.py:115} INFO - [2023-12-11 03:34:49,405] {dag.py:2972} INFO - Setting next_dagrun for dag_con_catchup to 2023-06-11T00:00:00+00:00, run_after=2023-06-12T00:00:00+00:00
[2023-12-11 03:34:49,433] {processor.py:161} INFO - Processing /opt/airflow/dags/dag_con_catchup.py took 0.191 seconds
[2023-12-11 03:34:59,915] {processor.py:153} INFO - Started process (PID=1336) to work on /opt/airflow/dags/dag_con_catchup.py
[2023-12-11 03:34:59,916] {processor.py:641} INFO - Processing file /opt/airflow/dags/dag_con_catchup.py for tasks to queue
[2023-12-11 03:34:59,918] {logging_mixin.py:115} INFO - [2023-12-11 03:34:59,918] {dagbag.py:508} INFO - Filling up the DagBag from /opt/airflow/dags/dag_con_catchup.py
[2023-12-11 03:34:59,951] {processor.py:651} INFO - DAG(s) dict_keys(['dag_con_catchup']) retrieved from /opt/airflow/dags/dag_con_catchup.py
[2023-12-11 03:35:00,031] {logging_mixin.py:115} INFO - [2023-12-11 03:35:00,031] {dag.py:2420} INFO - Sync 1 DAGs
[2023-12-11 03:35:00,109] {logging_mixin.py:115} INFO - [2023-12-11 03:35:00,109] {dag.py:2972} INFO - Setting next_dagrun for dag_con_catchup to 2023-06-11T00:00:00+00:00, run_after=2023-06-12T00:00:00+00:00
[2023-12-11 03:35:00,134] {processor.py:161} INFO - Processing /opt/airflow/dags/dag_con_catchup.py took 0.227 seconds
[2023-12-11 03:35:10,697] {processor.py:153} INFO - Started process (PID=1356) to work on /opt/airflow/dags/dag_con_catchup.py
[2023-12-11 03:35:10,698] {processor.py:641} INFO - Processing file /opt/airflow/dags/dag_con_catchup.py for tasks to queue
[2023-12-11 03:35:10,700] {logging_mixin.py:115} INFO - [2023-12-11 03:35:10,700] {dagbag.py:508} INFO - Filling up the DagBag from /opt/airflow/dags/dag_con_catchup.py
[2023-12-11 03:35:10,753] {processor.py:651} INFO - DAG(s) dict_keys(['dag_con_catchup']) retrieved from /opt/airflow/dags/dag_con_catchup.py
[2023-12-11 03:35:10,823] {logging_mixin.py:115} INFO - [2023-12-11 03:35:10,823] {dag.py:2420} INFO - Sync 1 DAGs
[2023-12-11 03:35:10,926] {logging_mixin.py:115} INFO - [2023-12-11 03:35:10,925] {dag.py:2972} INFO - Setting next_dagrun for dag_con_catchup to 2023-06-11T00:00:00+00:00, run_after=2023-06-12T00:00:00+00:00
[2023-12-11 03:35:10,974] {processor.py:161} INFO - Processing /opt/airflow/dags/dag_con_catchup.py took 0.285 seconds
[2023-12-11 03:35:21,421] {processor.py:153} INFO - Started process (PID=1377) to work on /opt/airflow/dags/dag_con_catchup.py
[2023-12-11 03:35:21,422] {processor.py:641} INFO - Processing file /opt/airflow/dags/dag_con_catchup.py for tasks to queue
[2023-12-11 03:35:21,423] {logging_mixin.py:115} INFO - [2023-12-11 03:35:21,423] {dagbag.py:508} INFO - Filling up the DagBag from /opt/airflow/dags/dag_con_catchup.py
[2023-12-11 03:35:21,468] {processor.py:651} INFO - DAG(s) dict_keys(['dag_con_catchup']) retrieved from /opt/airflow/dags/dag_con_catchup.py
[2023-12-11 03:35:21,523] {logging_mixin.py:115} INFO - [2023-12-11 03:35:21,523] {dag.py:2420} INFO - Sync 1 DAGs
[2023-12-11 03:35:21,569] {logging_mixin.py:115} INFO - [2023-12-11 03:35:21,569] {dag.py:2972} INFO - Setting next_dagrun for dag_con_catchup to 2023-06-11T00:00:00+00:00, run_after=2023-06-12T00:00:00+00:00
[2023-12-11 03:35:21,591] {processor.py:161} INFO - Processing /opt/airflow/dags/dag_con_catchup.py took 0.179 seconds
[2023-12-11 03:35:32,069] {processor.py:153} INFO - Started process (PID=1398) to work on /opt/airflow/dags/dag_con_catchup.py
[2023-12-11 03:35:32,071] {processor.py:641} INFO - Processing file /opt/airflow/dags/dag_con_catchup.py for tasks to queue
[2023-12-11 03:35:32,073] {logging_mixin.py:115} INFO - [2023-12-11 03:35:32,073] {dagbag.py:508} INFO - Filling up the DagBag from /opt/airflow/dags/dag_con_catchup.py
[2023-12-11 03:35:32,108] {processor.py:651} INFO - DAG(s) dict_keys(['dag_con_catchup']) retrieved from /opt/airflow/dags/dag_con_catchup.py
[2023-12-11 03:35:32,157] {logging_mixin.py:115} INFO - [2023-12-11 03:35:32,156] {dag.py:2420} INFO - Sync 1 DAGs
[2023-12-11 03:35:32,196] {logging_mixin.py:115} INFO - [2023-12-11 03:35:32,196] {dag.py:2972} INFO - Setting next_dagrun for dag_con_catchup to 2023-06-11T00:00:00+00:00, run_after=2023-06-12T00:00:00+00:00
[2023-12-11 03:35:32,220] {processor.py:161} INFO - Processing /opt/airflow/dags/dag_con_catchup.py took 0.166 seconds
[2023-12-11 03:35:42,635] {processor.py:153} INFO - Started process (PID=1418) to work on /opt/airflow/dags/dag_con_catchup.py
[2023-12-11 03:35:42,636] {processor.py:641} INFO - Processing file /opt/airflow/dags/dag_con_catchup.py for tasks to queue
[2023-12-11 03:35:42,637] {logging_mixin.py:115} INFO - [2023-12-11 03:35:42,637] {dagbag.py:508} INFO - Filling up the DagBag from /opt/airflow/dags/dag_con_catchup.py
[2023-12-11 03:35:42,662] {processor.py:651} INFO - DAG(s) dict_keys(['dag_con_catchup']) retrieved from /opt/airflow/dags/dag_con_catchup.py
[2023-12-11 03:35:42,699] {logging_mixin.py:115} INFO - [2023-12-11 03:35:42,699] {dag.py:2420} INFO - Sync 1 DAGs
[2023-12-11 03:35:42,733] {logging_mixin.py:115} INFO - [2023-12-11 03:35:42,733] {dag.py:2972} INFO - Setting next_dagrun for dag_con_catchup to 2023-06-11T00:00:00+00:00, run_after=2023-06-12T00:00:00+00:00
[2023-12-11 03:35:42,753] {processor.py:161} INFO - Processing /opt/airflow/dags/dag_con_catchup.py took 0.124 seconds
[2023-12-11 03:35:53,148] {processor.py:153} INFO - Started process (PID=1436) to work on /opt/airflow/dags/dag_con_catchup.py
[2023-12-11 03:35:53,149] {processor.py:641} INFO - Processing file /opt/airflow/dags/dag_con_catchup.py for tasks to queue
[2023-12-11 03:35:53,151] {logging_mixin.py:115} INFO - [2023-12-11 03:35:53,151] {dagbag.py:508} INFO - Filling up the DagBag from /opt/airflow/dags/dag_con_catchup.py
[2023-12-11 03:35:53,185] {processor.py:651} INFO - DAG(s) dict_keys(['dag_con_catchup']) retrieved from /opt/airflow/dags/dag_con_catchup.py
[2023-12-11 03:35:53,240] {logging_mixin.py:115} INFO - [2023-12-11 03:35:53,240] {dag.py:2420} INFO - Sync 1 DAGs
[2023-12-11 03:35:53,284] {logging_mixin.py:115} INFO - [2023-12-11 03:35:53,284] {dag.py:2972} INFO - Setting next_dagrun for dag_con_catchup to 2023-06-11T00:00:00+00:00, run_after=2023-06-12T00:00:00+00:00
[2023-12-11 03:35:53,306] {processor.py:161} INFO - Processing /opt/airflow/dags/dag_con_catchup.py took 0.165 seconds
[2023-12-11 03:36:03,756] {processor.py:153} INFO - Started process (PID=1458) to work on /opt/airflow/dags/dag_con_catchup.py
[2023-12-11 03:36:03,757] {processor.py:641} INFO - Processing file /opt/airflow/dags/dag_con_catchup.py for tasks to queue
[2023-12-11 03:36:03,759] {logging_mixin.py:115} INFO - [2023-12-11 03:36:03,759] {dagbag.py:508} INFO - Filling up the DagBag from /opt/airflow/dags/dag_con_catchup.py
[2023-12-11 03:36:03,787] {processor.py:651} INFO - DAG(s) dict_keys(['dag_con_catchup']) retrieved from /opt/airflow/dags/dag_con_catchup.py
[2023-12-11 03:36:03,830] {logging_mixin.py:115} INFO - [2023-12-11 03:36:03,830] {dag.py:2420} INFO - Sync 1 DAGs
[2023-12-11 03:36:03,876] {logging_mixin.py:115} INFO - [2023-12-11 03:36:03,876] {dag.py:2972} INFO - Setting next_dagrun for dag_con_catchup to 2023-06-11T00:00:00+00:00, run_after=2023-06-12T00:00:00+00:00
[2023-12-11 03:36:03,904] {processor.py:161} INFO - Processing /opt/airflow/dags/dag_con_catchup.py took 0.153 seconds
[2023-12-11 03:36:14,394] {processor.py:153} INFO - Started process (PID=1476) to work on /opt/airflow/dags/dag_con_catchup.py
[2023-12-11 03:36:14,396] {processor.py:641} INFO - Processing file /opt/airflow/dags/dag_con_catchup.py for tasks to queue
[2023-12-11 03:36:14,398] {logging_mixin.py:115} INFO - [2023-12-11 03:36:14,397] {dagbag.py:508} INFO - Filling up the DagBag from /opt/airflow/dags/dag_con_catchup.py
[2023-12-11 03:36:14,436] {processor.py:651} INFO - DAG(s) dict_keys(['dag_con_catchup']) retrieved from /opt/airflow/dags/dag_con_catchup.py
[2023-12-11 03:36:14,575] {logging_mixin.py:115} INFO - [2023-12-11 03:36:14,574] {dag.py:2420} INFO - Sync 1 DAGs
[2023-12-11 03:36:14,695] {logging_mixin.py:115} INFO - [2023-12-11 03:36:14,694] {dag.py:2972} INFO - Setting next_dagrun for dag_con_catchup to 2023-06-11T00:00:00+00:00, run_after=2023-06-12T00:00:00+00:00
[2023-12-11 03:36:14,866] {processor.py:161} INFO - Processing /opt/airflow/dags/dag_con_catchup.py took 0.498 seconds
[2023-12-11 03:36:25,345] {processor.py:153} INFO - Started process (PID=1498) to work on /opt/airflow/dags/dag_con_catchup.py
[2023-12-11 03:36:25,347] {processor.py:641} INFO - Processing file /opt/airflow/dags/dag_con_catchup.py for tasks to queue
[2023-12-11 03:36:25,348] {logging_mixin.py:115} INFO - [2023-12-11 03:36:25,348] {dagbag.py:508} INFO - Filling up the DagBag from /opt/airflow/dags/dag_con_catchup.py
[2023-12-11 03:36:25,386] {processor.py:651} INFO - DAG(s) dict_keys(['dag_con_catchup']) retrieved from /opt/airflow/dags/dag_con_catchup.py
[2023-12-11 03:36:25,428] {logging_mixin.py:115} INFO - [2023-12-11 03:36:25,427] {dag.py:2420} INFO - Sync 1 DAGs
[2023-12-11 03:36:25,465] {logging_mixin.py:115} INFO - [2023-12-11 03:36:25,465] {dag.py:2972} INFO - Setting next_dagrun for dag_con_catchup to 2023-06-11T00:00:00+00:00, run_after=2023-06-12T00:00:00+00:00
[2023-12-11 03:36:25,486] {processor.py:161} INFO - Processing /opt/airflow/dags/dag_con_catchup.py took 0.149 seconds
[2023-12-11 03:36:35,904] {processor.py:153} INFO - Started process (PID=1518) to work on /opt/airflow/dags/dag_con_catchup.py
[2023-12-11 03:36:35,905] {processor.py:641} INFO - Processing file /opt/airflow/dags/dag_con_catchup.py for tasks to queue
[2023-12-11 03:36:35,906] {logging_mixin.py:115} INFO - [2023-12-11 03:36:35,906] {dagbag.py:508} INFO - Filling up the DagBag from /opt/airflow/dags/dag_con_catchup.py
[2023-12-11 03:36:35,935] {processor.py:651} INFO - DAG(s) dict_keys(['dag_con_catchup']) retrieved from /opt/airflow/dags/dag_con_catchup.py
[2023-12-11 03:36:35,975] {logging_mixin.py:115} INFO - [2023-12-11 03:36:35,975] {dag.py:2420} INFO - Sync 1 DAGs
[2023-12-11 03:36:36,021] {logging_mixin.py:115} INFO - [2023-12-11 03:36:36,021] {dag.py:2972} INFO - Setting next_dagrun for dag_con_catchup to 2023-06-11T00:00:00+00:00, run_after=2023-06-12T00:00:00+00:00
[2023-12-11 03:36:36,040] {processor.py:161} INFO - Processing /opt/airflow/dags/dag_con_catchup.py took 0.141 seconds
