[2023-12-11 03:20:19,387] {processor.py:153} INFO - Started process (PID=182) to work on /opt/airflow/dags/dag_con_backfilling.py
[2023-12-11 03:20:19,389] {processor.py:641} INFO - Processing file /opt/airflow/dags/dag_con_backfilling.py for tasks to queue
[2023-12-11 03:20:19,391] {logging_mixin.py:115} INFO - [2023-12-11 03:20:19,390] {dagbag.py:508} INFO - Filling up the DagBag from /opt/airflow/dags/dag_con_backfilling.py
[2023-12-11 03:20:19,649] {processor.py:651} INFO - DAG(s) dict_keys(['dag_con_backfilling']) retrieved from /opt/airflow/dags/dag_con_backfilling.py
[2023-12-11 03:20:20,122] {logging_mixin.py:115} INFO - [2023-12-11 03:20:20,122] {manager.py:508} INFO - Created Permission View: can edit on DAG:dag_con_backfilling
[2023-12-11 03:20:20,189] {logging_mixin.py:115} INFO - [2023-12-11 03:20:20,189] {manager.py:508} INFO - Created Permission View: can read on DAG:dag_con_backfilling
[2023-12-11 03:20:20,245] {logging_mixin.py:115} INFO - [2023-12-11 03:20:20,245] {manager.py:508} INFO - Created Permission View: can delete on DAG:dag_con_backfilling
[2023-12-11 03:20:20,249] {logging_mixin.py:115} INFO - [2023-12-11 03:20:20,249] {dag.py:2420} INFO - Sync 1 DAGs
[2023-12-11 03:20:20,307] {logging_mixin.py:115} INFO - [2023-12-11 03:20:20,306] {dag.py:2439} INFO - Creating ORM DAG for dag_con_backfilling
[2023-12-11 03:20:20,375] {logging_mixin.py:115} INFO - [2023-12-11 03:20:20,374] {dag.py:2972} INFO - Setting next_dagrun for dag_con_backfilling to 2023-12-10T00:00:00+00:00, run_after=2023-12-11T00:00:00+00:00
[2023-12-11 03:20:20,490] {processor.py:161} INFO - Processing /opt/airflow/dags/dag_con_backfilling.py took 1.110 seconds
[2023-12-11 03:20:31,126] {processor.py:153} INFO - Started process (PID=202) to work on /opt/airflow/dags/dag_con_backfilling.py
[2023-12-11 03:20:31,409] {processor.py:641} INFO - Processing file /opt/airflow/dags/dag_con_backfilling.py for tasks to queue
[2023-12-11 03:20:31,413] {logging_mixin.py:115} INFO - [2023-12-11 03:20:31,413] {dagbag.py:508} INFO - Filling up the DagBag from /opt/airflow/dags/dag_con_backfilling.py
[2023-12-11 03:20:32,368] {processor.py:651} INFO - DAG(s) dict_keys(['dag_con_backfilling']) retrieved from /opt/airflow/dags/dag_con_backfilling.py
[2023-12-11 03:20:32,505] {logging_mixin.py:115} INFO - [2023-12-11 03:20:32,505] {dag.py:2420} INFO - Sync 1 DAGs
[2023-12-11 03:20:34,835] {logging_mixin.py:115} INFO - [2023-12-11 03:20:34,835] {dag.py:2972} INFO - Setting next_dagrun for dag_con_backfilling to 2023-12-10T00:00:00+00:00, run_after=2023-12-11T00:00:00+00:00
[2023-12-11 03:21:06,218] {processor.py:164} ERROR - Got an exception! Propagating...
Traceback (most recent call last):
  File "/home/airflow/.local/lib/python3.7/site-packages/sqlalchemy/engine/base.py", line 998, in _commit_impl
  File "/home/airflow/.local/lib/python3.7/site-packages/sqlalchemy/engine/default.py", line 672, in do_commit
psycopg2.OperationalError: server closed the connection unexpectedly
	This probably means the server terminated abnormally
	before or while processing the request.


The above exception was the direct cause of the following exception:

Traceback (most recent call last):
  File "/home/airflow/.local/lib/python3.7/site-packages/airflow/dag_processing/processor.py", line 158, in _run_file_processor
  File "/home/airflow/.local/lib/python3.7/site-packages/airflow/utils/session.py", line 71, in wrapper
  File "/home/airflow/.local/lib/python3.7/site-packages/airflow/dag_processing/processor.py", line 660, in process_file
  File "/home/airflow/.local/lib/python3.7/site-packages/airflow/utils/session.py", line 71, in wrapper
  File "/usr/local/lib/python3.7/contextlib.py", line 119, in __exit__
    next(self.gen)
  File "/home/airflow/.local/lib/python3.7/site-packages/airflow/utils/session.py", line 33, in create_session
  File "/home/airflow/.local/lib/python3.7/site-packages/sqlalchemy/orm/session.py", line 1428, in commit
  File "/home/airflow/.local/lib/python3.7/site-packages/sqlalchemy/orm/session.py", line 836, in commit
  File "/home/airflow/.local/lib/python3.7/site-packages/sqlalchemy/engine/base.py", line 2361, in commit
  File "/home/airflow/.local/lib/python3.7/site-packages/sqlalchemy/engine/base.py", line 2544, in _do_commit
  File "/home/airflow/.local/lib/python3.7/site-packages/sqlalchemy/engine/base.py", line 2515, in _connection_commit_impl
  File "/home/airflow/.local/lib/python3.7/site-packages/sqlalchemy/engine/base.py", line 1000, in _commit_impl
  File "/home/airflow/.local/lib/python3.7/site-packages/sqlalchemy/engine/base.py", line 2027, in _handle_dbapi_exception
  File "/home/airflow/.local/lib/python3.7/site-packages/sqlalchemy/util/compat.py", line 207, in raise_
  File "/home/airflow/.local/lib/python3.7/site-packages/sqlalchemy/engine/base.py", line 998, in _commit_impl
  File "/home/airflow/.local/lib/python3.7/site-packages/sqlalchemy/engine/default.py", line 672, in do_commit
sqlalchemy.exc.OperationalError: (psycopg2.OperationalError) server closed the connection unexpectedly
	This probably means the server terminated abnormally
	before or while processing the request.

(Background on this error at: https://sqlalche.me/e/14/e3q8)
[2023-12-11 03:24:31,488] {processor.py:153} INFO - Started process (PID=181) to work on /opt/airflow/dags/dag_con_backfilling.py
[2023-12-11 03:24:31,497] {processor.py:641} INFO - Processing file /opt/airflow/dags/dag_con_backfilling.py for tasks to queue
[2023-12-11 03:24:31,501] {logging_mixin.py:115} INFO - [2023-12-11 03:24:31,501] {dagbag.py:508} INFO - Filling up the DagBag from /opt/airflow/dags/dag_con_backfilling.py
[2023-12-11 03:24:31,548] {processor.py:651} INFO - DAG(s) dict_keys(['dag_con_backfilling']) retrieved from /opt/airflow/dags/dag_con_backfilling.py
[2023-12-11 03:24:31,603] {logging_mixin.py:115} INFO - [2023-12-11 03:24:31,603] {dag.py:2420} INFO - Sync 1 DAGs
[2023-12-11 03:24:31,658] {logging_mixin.py:115} INFO - [2023-12-11 03:24:31,658] {dag.py:2972} INFO - Setting next_dagrun for dag_con_backfilling to 2023-12-10T00:00:00+00:00, run_after=2023-12-11T00:00:00+00:00
[2023-12-11 03:24:31,691] {processor.py:161} INFO - Processing /opt/airflow/dags/dag_con_backfilling.py took 0.212 seconds
[2023-12-11 03:24:43,152] {processor.py:153} INFO - Started process (PID=203) to work on /opt/airflow/dags/dag_con_backfilling.py
[2023-12-11 03:24:43,153] {processor.py:641} INFO - Processing file /opt/airflow/dags/dag_con_backfilling.py for tasks to queue
[2023-12-11 03:24:43,154] {logging_mixin.py:115} INFO - [2023-12-11 03:24:43,154] {dagbag.py:508} INFO - Filling up the DagBag from /opt/airflow/dags/dag_con_backfilling.py
[2023-12-11 03:24:43,201] {processor.py:651} INFO - DAG(s) dict_keys(['dag_con_backfilling']) retrieved from /opt/airflow/dags/dag_con_backfilling.py
[2023-12-11 03:24:43,270] {logging_mixin.py:115} INFO - [2023-12-11 03:24:43,270] {dag.py:2420} INFO - Sync 1 DAGs
[2023-12-11 03:24:43,337] {logging_mixin.py:115} INFO - [2023-12-11 03:24:43,337] {dag.py:2972} INFO - Setting next_dagrun for dag_con_backfilling to 2023-12-10T00:00:00+00:00, run_after=2023-12-11T00:00:00+00:00
[2023-12-11 03:24:43,365] {processor.py:161} INFO - Processing /opt/airflow/dags/dag_con_backfilling.py took 0.220 seconds
[2023-12-11 03:24:54,931] {processor.py:153} INFO - Started process (PID=221) to work on /opt/airflow/dags/dag_con_backfilling.py
[2023-12-11 03:24:54,945] {processor.py:641} INFO - Processing file /opt/airflow/dags/dag_con_backfilling.py for tasks to queue
[2023-12-11 03:24:54,950] {logging_mixin.py:115} INFO - [2023-12-11 03:24:54,950] {dagbag.py:508} INFO - Filling up the DagBag from /opt/airflow/dags/dag_con_backfilling.py
[2023-12-11 03:24:55,086] {processor.py:651} INFO - DAG(s) dict_keys(['dag_con_backfilling']) retrieved from /opt/airflow/dags/dag_con_backfilling.py
[2023-12-11 03:24:55,207] {logging_mixin.py:115} INFO - [2023-12-11 03:24:55,207] {dag.py:2420} INFO - Sync 1 DAGs
[2023-12-11 03:24:55,305] {logging_mixin.py:115} INFO - [2023-12-11 03:24:55,305] {dag.py:2972} INFO - Setting next_dagrun for dag_con_backfilling to 2023-12-10T00:00:00+00:00, run_after=2023-12-11T00:00:00+00:00
[2023-12-11 03:24:55,523] {processor.py:161} INFO - Processing /opt/airflow/dags/dag_con_backfilling.py took 0.607 seconds
[2023-12-11 03:25:06,003] {processor.py:153} INFO - Started process (PID=241) to work on /opt/airflow/dags/dag_con_backfilling.py
[2023-12-11 03:25:06,005] {processor.py:641} INFO - Processing file /opt/airflow/dags/dag_con_backfilling.py for tasks to queue
[2023-12-11 03:25:06,006] {logging_mixin.py:115} INFO - [2023-12-11 03:25:06,006] {dagbag.py:508} INFO - Filling up the DagBag from /opt/airflow/dags/dag_con_backfilling.py
[2023-12-11 03:25:06,067] {processor.py:651} INFO - DAG(s) dict_keys(['dag_con_backfilling']) retrieved from /opt/airflow/dags/dag_con_backfilling.py
[2023-12-11 03:25:06,418] {logging_mixin.py:115} INFO - [2023-12-11 03:25:06,418] {dag.py:2420} INFO - Sync 1 DAGs
[2023-12-11 03:25:06,572] {logging_mixin.py:115} INFO - [2023-12-11 03:25:06,572] {dag.py:2972} INFO - Setting next_dagrun for dag_con_backfilling to 2023-12-10T00:00:00+00:00, run_after=2023-12-11T00:00:00+00:00
[2023-12-11 03:25:06,631] {processor.py:161} INFO - Processing /opt/airflow/dags/dag_con_backfilling.py took 0.634 seconds
[2023-12-11 03:25:17,062] {processor.py:153} INFO - Started process (PID=261) to work on /opt/airflow/dags/dag_con_backfilling.py
[2023-12-11 03:25:17,078] {processor.py:641} INFO - Processing file /opt/airflow/dags/dag_con_backfilling.py for tasks to queue
[2023-12-11 03:25:17,079] {logging_mixin.py:115} INFO - [2023-12-11 03:25:17,079] {dagbag.py:508} INFO - Filling up the DagBag from /opt/airflow/dags/dag_con_backfilling.py
[2023-12-11 03:25:17,141] {processor.py:651} INFO - DAG(s) dict_keys(['dag_con_backfilling']) retrieved from /opt/airflow/dags/dag_con_backfilling.py
[2023-12-11 03:25:17,207] {logging_mixin.py:115} INFO - [2023-12-11 03:25:17,207] {dag.py:2420} INFO - Sync 1 DAGs
[2023-12-11 03:25:17,280] {logging_mixin.py:115} INFO - [2023-12-11 03:25:17,280] {dag.py:2972} INFO - Setting next_dagrun for dag_con_backfilling to 2023-12-10T00:00:00+00:00, run_after=2023-12-11T00:00:00+00:00
[2023-12-11 03:25:17,326] {processor.py:161} INFO - Processing /opt/airflow/dags/dag_con_backfilling.py took 0.271 seconds
[2023-12-11 03:25:27,896] {processor.py:153} INFO - Started process (PID=281) to work on /opt/airflow/dags/dag_con_backfilling.py
[2023-12-11 03:25:27,899] {processor.py:641} INFO - Processing file /opt/airflow/dags/dag_con_backfilling.py for tasks to queue
[2023-12-11 03:25:27,900] {logging_mixin.py:115} INFO - [2023-12-11 03:25:27,900] {dagbag.py:508} INFO - Filling up the DagBag from /opt/airflow/dags/dag_con_backfilling.py
[2023-12-11 03:25:27,947] {processor.py:651} INFO - DAG(s) dict_keys(['dag_con_backfilling']) retrieved from /opt/airflow/dags/dag_con_backfilling.py
[2023-12-11 03:25:28,005] {logging_mixin.py:115} INFO - [2023-12-11 03:25:28,005] {dag.py:2420} INFO - Sync 1 DAGs
[2023-12-11 03:25:28,194] {logging_mixin.py:115} INFO - [2023-12-11 03:25:28,194] {dag.py:2972} INFO - Setting next_dagrun for dag_con_backfilling to 2023-12-10T00:00:00+00:00, run_after=2023-12-11T00:00:00+00:00
[2023-12-11 03:25:28,297] {processor.py:161} INFO - Processing /opt/airflow/dags/dag_con_backfilling.py took 0.409 seconds
[2023-12-11 03:25:38,721] {processor.py:153} INFO - Started process (PID=301) to work on /opt/airflow/dags/dag_con_backfilling.py
[2023-12-11 03:25:38,723] {processor.py:641} INFO - Processing file /opt/airflow/dags/dag_con_backfilling.py for tasks to queue
[2023-12-11 03:25:38,725] {logging_mixin.py:115} INFO - [2023-12-11 03:25:38,725] {dagbag.py:508} INFO - Filling up the DagBag from /opt/airflow/dags/dag_con_backfilling.py
[2023-12-11 03:25:38,803] {processor.py:651} INFO - DAG(s) dict_keys(['dag_con_backfilling']) retrieved from /opt/airflow/dags/dag_con_backfilling.py
[2023-12-11 03:25:38,885] {logging_mixin.py:115} INFO - [2023-12-11 03:25:38,885] {dag.py:2420} INFO - Sync 1 DAGs
[2023-12-11 03:25:38,957] {logging_mixin.py:115} INFO - [2023-12-11 03:25:38,956] {dag.py:2972} INFO - Setting next_dagrun for dag_con_backfilling to 2023-12-10T00:00:00+00:00, run_after=2023-12-11T00:00:00+00:00
[2023-12-11 03:25:38,995] {processor.py:161} INFO - Processing /opt/airflow/dags/dag_con_backfilling.py took 0.285 seconds
[2023-12-11 03:25:49,194] {processor.py:153} INFO - Started process (PID=321) to work on /opt/airflow/dags/dag_con_backfilling.py
[2023-12-11 03:25:49,195] {processor.py:641} INFO - Processing file /opt/airflow/dags/dag_con_backfilling.py for tasks to queue
[2023-12-11 03:25:49,197] {logging_mixin.py:115} INFO - [2023-12-11 03:25:49,197] {dagbag.py:508} INFO - Filling up the DagBag from /opt/airflow/dags/dag_con_backfilling.py
[2023-12-11 03:25:49,258] {processor.py:651} INFO - DAG(s) dict_keys(['dag_con_backfilling']) retrieved from /opt/airflow/dags/dag_con_backfilling.py
[2023-12-11 03:25:49,313] {logging_mixin.py:115} INFO - [2023-12-11 03:25:49,313] {dag.py:2420} INFO - Sync 1 DAGs
[2023-12-11 03:25:49,385] {logging_mixin.py:115} INFO - [2023-12-11 03:25:49,384] {dag.py:2972} INFO - Setting next_dagrun for dag_con_backfilling to 2023-12-10T00:00:00+00:00, run_after=2023-12-11T00:00:00+00:00
[2023-12-11 03:25:49,406] {processor.py:161} INFO - Processing /opt/airflow/dags/dag_con_backfilling.py took 0.218 seconds
[2023-12-11 03:25:59,805] {processor.py:153} INFO - Started process (PID=340) to work on /opt/airflow/dags/dag_con_backfilling.py
[2023-12-11 03:25:59,806] {processor.py:641} INFO - Processing file /opt/airflow/dags/dag_con_backfilling.py for tasks to queue
[2023-12-11 03:25:59,807] {logging_mixin.py:115} INFO - [2023-12-11 03:25:59,807] {dagbag.py:508} INFO - Filling up the DagBag from /opt/airflow/dags/dag_con_backfilling.py
[2023-12-11 03:25:59,847] {processor.py:651} INFO - DAG(s) dict_keys(['dag_con_backfilling']) retrieved from /opt/airflow/dags/dag_con_backfilling.py
[2023-12-11 03:25:59,888] {logging_mixin.py:115} INFO - [2023-12-11 03:25:59,888] {dag.py:2420} INFO - Sync 1 DAGs
[2023-12-11 03:25:59,928] {logging_mixin.py:115} INFO - [2023-12-11 03:25:59,928] {dag.py:2972} INFO - Setting next_dagrun for dag_con_backfilling to 2023-12-10T00:00:00+00:00, run_after=2023-12-11T00:00:00+00:00
[2023-12-11 03:25:59,968] {processor.py:161} INFO - Processing /opt/airflow/dags/dag_con_backfilling.py took 0.169 seconds
[2023-12-11 03:26:10,475] {processor.py:153} INFO - Started process (PID=360) to work on /opt/airflow/dags/dag_con_backfilling.py
[2023-12-11 03:26:10,477] {processor.py:641} INFO - Processing file /opt/airflow/dags/dag_con_backfilling.py for tasks to queue
[2023-12-11 03:26:10,478] {logging_mixin.py:115} INFO - [2023-12-11 03:26:10,478] {dagbag.py:508} INFO - Filling up the DagBag from /opt/airflow/dags/dag_con_backfilling.py
[2023-12-11 03:26:10,519] {processor.py:651} INFO - DAG(s) dict_keys(['dag_con_backfilling']) retrieved from /opt/airflow/dags/dag_con_backfilling.py
[2023-12-11 03:26:10,581] {logging_mixin.py:115} INFO - [2023-12-11 03:26:10,581] {dag.py:2420} INFO - Sync 1 DAGs
[2023-12-11 03:26:10,625] {logging_mixin.py:115} INFO - [2023-12-11 03:26:10,624] {dag.py:2972} INFO - Setting next_dagrun for dag_con_backfilling to 2023-12-10T00:00:00+00:00, run_after=2023-12-11T00:00:00+00:00
[2023-12-11 03:26:10,653] {processor.py:161} INFO - Processing /opt/airflow/dags/dag_con_backfilling.py took 0.181 seconds
[2023-12-11 03:26:21,657] {processor.py:153} INFO - Started process (PID=381) to work on /opt/airflow/dags/dag_con_backfilling.py
[2023-12-11 03:26:21,659] {processor.py:641} INFO - Processing file /opt/airflow/dags/dag_con_backfilling.py for tasks to queue
[2023-12-11 03:26:21,663] {logging_mixin.py:115} INFO - [2023-12-11 03:26:21,663] {dagbag.py:508} INFO - Filling up the DagBag from /opt/airflow/dags/dag_con_backfilling.py
[2023-12-11 03:26:21,721] {processor.py:651} INFO - DAG(s) dict_keys(['dag_con_backfilling']) retrieved from /opt/airflow/dags/dag_con_backfilling.py
[2023-12-11 03:26:21,792] {logging_mixin.py:115} INFO - [2023-12-11 03:26:21,792] {dag.py:2420} INFO - Sync 1 DAGs
[2023-12-11 03:26:21,958] {logging_mixin.py:115} INFO - [2023-12-11 03:26:21,958] {dag.py:2972} INFO - Setting next_dagrun for dag_con_backfilling to 2023-12-10T00:00:00+00:00, run_after=2023-12-11T00:00:00+00:00
[2023-12-11 03:26:21,993] {processor.py:161} INFO - Processing /opt/airflow/dags/dag_con_backfilling.py took 0.345 seconds
[2023-12-11 03:26:32,554] {processor.py:153} INFO - Started process (PID=401) to work on /opt/airflow/dags/dag_con_backfilling.py
[2023-12-11 03:26:32,556] {processor.py:641} INFO - Processing file /opt/airflow/dags/dag_con_backfilling.py for tasks to queue
[2023-12-11 03:26:32,558] {logging_mixin.py:115} INFO - [2023-12-11 03:26:32,557] {dagbag.py:508} INFO - Filling up the DagBag from /opt/airflow/dags/dag_con_backfilling.py
[2023-12-11 03:26:32,998] {processor.py:651} INFO - DAG(s) dict_keys(['dag_con_backfilling']) retrieved from /opt/airflow/dags/dag_con_backfilling.py
[2023-12-11 03:26:33,083] {logging_mixin.py:115} INFO - [2023-12-11 03:26:33,083] {dag.py:2420} INFO - Sync 1 DAGs
[2023-12-11 03:26:33,229] {logging_mixin.py:115} INFO - [2023-12-11 03:26:33,228] {dag.py:2972} INFO - Setting next_dagrun for dag_con_backfilling to 2023-12-10T00:00:00+00:00, run_after=2023-12-11T00:00:00+00:00
[2023-12-11 03:26:33,627] {processor.py:161} INFO - Processing /opt/airflow/dags/dag_con_backfilling.py took 1.098 seconds
[2023-12-11 03:26:43,826] {processor.py:153} INFO - Started process (PID=420) to work on /opt/airflow/dags/dag_con_backfilling.py
[2023-12-11 03:26:43,828] {processor.py:641} INFO - Processing file /opt/airflow/dags/dag_con_backfilling.py for tasks to queue
[2023-12-11 03:26:43,829] {logging_mixin.py:115} INFO - [2023-12-11 03:26:43,829] {dagbag.py:508} INFO - Filling up the DagBag from /opt/airflow/dags/dag_con_backfilling.py
[2023-12-11 03:26:43,878] {processor.py:651} INFO - DAG(s) dict_keys(['dag_con_backfilling']) retrieved from /opt/airflow/dags/dag_con_backfilling.py
[2023-12-11 03:26:43,932] {logging_mixin.py:115} INFO - [2023-12-11 03:26:43,932] {dag.py:2420} INFO - Sync 1 DAGs
[2023-12-11 03:26:44,043] {logging_mixin.py:115} INFO - [2023-12-11 03:26:44,043] {dag.py:2972} INFO - Setting next_dagrun for dag_con_backfilling to 2023-12-10T00:00:00+00:00, run_after=2023-12-11T00:00:00+00:00
[2023-12-11 03:26:44,099] {processor.py:161} INFO - Processing /opt/airflow/dags/dag_con_backfilling.py took 0.279 seconds
[2023-12-11 03:26:54,466] {processor.py:153} INFO - Started process (PID=441) to work on /opt/airflow/dags/dag_con_backfilling.py
[2023-12-11 03:26:54,467] {processor.py:641} INFO - Processing file /opt/airflow/dags/dag_con_backfilling.py for tasks to queue
[2023-12-11 03:26:54,473] {logging_mixin.py:115} INFO - [2023-12-11 03:26:54,473] {dagbag.py:508} INFO - Filling up the DagBag from /opt/airflow/dags/dag_con_backfilling.py
[2023-12-11 03:26:54,530] {processor.py:651} INFO - DAG(s) dict_keys(['dag_con_backfilling']) retrieved from /opt/airflow/dags/dag_con_backfilling.py
[2023-12-11 03:26:54,597] {logging_mixin.py:115} INFO - [2023-12-11 03:26:54,596] {dag.py:2420} INFO - Sync 1 DAGs
[2023-12-11 03:26:54,697] {logging_mixin.py:115} INFO - [2023-12-11 03:26:54,697] {dag.py:2972} INFO - Setting next_dagrun for dag_con_backfilling to 2023-12-10T00:00:00+00:00, run_after=2023-12-11T00:00:00+00:00
[2023-12-11 03:26:54,827] {processor.py:161} INFO - Processing /opt/airflow/dags/dag_con_backfilling.py took 0.368 seconds
[2023-12-11 03:27:05,329] {processor.py:153} INFO - Started process (PID=461) to work on /opt/airflow/dags/dag_con_backfilling.py
[2023-12-11 03:27:05,330] {processor.py:641} INFO - Processing file /opt/airflow/dags/dag_con_backfilling.py for tasks to queue
[2023-12-11 03:27:05,333] {logging_mixin.py:115} INFO - [2023-12-11 03:27:05,332] {dagbag.py:508} INFO - Filling up the DagBag from /opt/airflow/dags/dag_con_backfilling.py
[2023-12-11 03:27:05,378] {processor.py:651} INFO - DAG(s) dict_keys(['dag_con_backfilling']) retrieved from /opt/airflow/dags/dag_con_backfilling.py
[2023-12-11 03:27:05,445] {logging_mixin.py:115} INFO - [2023-12-11 03:27:05,444] {dag.py:2420} INFO - Sync 1 DAGs
[2023-12-11 03:27:05,515] {logging_mixin.py:115} INFO - [2023-12-11 03:27:05,514] {dag.py:2972} INFO - Setting next_dagrun for dag_con_backfilling to 2023-12-10T00:00:00+00:00, run_after=2023-12-11T00:00:00+00:00
[2023-12-11 03:27:05,546] {processor.py:161} INFO - Processing /opt/airflow/dags/dag_con_backfilling.py took 0.225 seconds
[2023-12-11 03:27:15,907] {processor.py:153} INFO - Started process (PID=480) to work on /opt/airflow/dags/dag_con_backfilling.py
[2023-12-11 03:27:15,908] {processor.py:641} INFO - Processing file /opt/airflow/dags/dag_con_backfilling.py for tasks to queue
[2023-12-11 03:27:15,909] {logging_mixin.py:115} INFO - [2023-12-11 03:27:15,909] {dagbag.py:508} INFO - Filling up the DagBag from /opt/airflow/dags/dag_con_backfilling.py
[2023-12-11 03:27:15,960] {processor.py:651} INFO - DAG(s) dict_keys(['dag_con_backfilling']) retrieved from /opt/airflow/dags/dag_con_backfilling.py
[2023-12-11 03:27:16,021] {logging_mixin.py:115} INFO - [2023-12-11 03:27:16,021] {dag.py:2420} INFO - Sync 1 DAGs
[2023-12-11 03:27:16,071] {logging_mixin.py:115} INFO - [2023-12-11 03:27:16,071] {dag.py:2972} INFO - Setting next_dagrun for dag_con_backfilling to 2023-12-10T00:00:00+00:00, run_after=2023-12-11T00:00:00+00:00
[2023-12-11 03:27:16,097] {processor.py:161} INFO - Processing /opt/airflow/dags/dag_con_backfilling.py took 0.196 seconds
[2023-12-11 03:27:26,432] {processor.py:153} INFO - Started process (PID=501) to work on /opt/airflow/dags/dag_con_backfilling.py
[2023-12-11 03:27:26,434] {processor.py:641} INFO - Processing file /opt/airflow/dags/dag_con_backfilling.py for tasks to queue
[2023-12-11 03:27:26,439] {logging_mixin.py:115} INFO - [2023-12-11 03:27:26,439] {dagbag.py:508} INFO - Filling up the DagBag from /opt/airflow/dags/dag_con_backfilling.py
[2023-12-11 03:27:26,509] {processor.py:651} INFO - DAG(s) dict_keys(['dag_con_backfilling']) retrieved from /opt/airflow/dags/dag_con_backfilling.py
[2023-12-11 03:27:26,594] {logging_mixin.py:115} INFO - [2023-12-11 03:27:26,593] {dag.py:2420} INFO - Sync 1 DAGs
[2023-12-11 03:27:26,665] {logging_mixin.py:115} INFO - [2023-12-11 03:27:26,665] {dag.py:2972} INFO - Setting next_dagrun for dag_con_backfilling to 2023-12-10T00:00:00+00:00, run_after=2023-12-11T00:00:00+00:00
[2023-12-11 03:27:26,726] {processor.py:161} INFO - Processing /opt/airflow/dags/dag_con_backfilling.py took 0.310 seconds
[2023-12-11 03:27:39,004] {processor.py:153} INFO - Started process (PID=521) to work on /opt/airflow/dags/dag_con_backfilling.py
[2023-12-11 03:27:39,015] {processor.py:641} INFO - Processing file /opt/airflow/dags/dag_con_backfilling.py for tasks to queue
[2023-12-11 03:27:39,051] {logging_mixin.py:115} INFO - [2023-12-11 03:27:39,051] {dagbag.py:508} INFO - Filling up the DagBag from /opt/airflow/dags/dag_con_backfilling.py
[2023-12-11 03:27:39,445] {processor.py:651} INFO - DAG(s) dict_keys(['dag_con_backfilling']) retrieved from /opt/airflow/dags/dag_con_backfilling.py
[2023-12-11 03:27:39,676] {logging_mixin.py:115} INFO - [2023-12-11 03:27:39,676] {dag.py:2420} INFO - Sync 1 DAGs
[2023-12-11 03:27:39,918] {logging_mixin.py:115} INFO - [2023-12-11 03:27:39,918] {dag.py:2972} INFO - Setting next_dagrun for dag_con_backfilling to 2023-12-10T00:00:00+00:00, run_after=2023-12-11T00:00:00+00:00
[2023-12-11 03:27:40,886] {processor.py:161} INFO - Processing /opt/airflow/dags/dag_con_backfilling.py took 1.891 seconds
[2023-12-11 03:27:52,067] {processor.py:153} INFO - Started process (PID=541) to work on /opt/airflow/dags/dag_con_backfilling.py
[2023-12-11 03:27:52,088] {processor.py:641} INFO - Processing file /opt/airflow/dags/dag_con_backfilling.py for tasks to queue
[2023-12-11 03:27:52,091] {logging_mixin.py:115} INFO - [2023-12-11 03:27:52,091] {dagbag.py:508} INFO - Filling up the DagBag from /opt/airflow/dags/dag_con_backfilling.py
[2023-12-11 03:27:52,177] {processor.py:651} INFO - DAG(s) dict_keys(['dag_con_backfilling']) retrieved from /opt/airflow/dags/dag_con_backfilling.py
[2023-12-11 03:27:52,308] {logging_mixin.py:115} INFO - [2023-12-11 03:27:52,307] {dag.py:2420} INFO - Sync 1 DAGs
[2023-12-11 03:27:52,468] {logging_mixin.py:115} INFO - [2023-12-11 03:27:52,467] {dag.py:2972} INFO - Setting next_dagrun for dag_con_backfilling to 2023-12-10T00:00:00+00:00, run_after=2023-12-11T00:00:00+00:00
[2023-12-11 03:27:52,619] {processor.py:161} INFO - Processing /opt/airflow/dags/dag_con_backfilling.py took 0.561 seconds
[2023-12-11 03:28:02,751] {processor.py:153} INFO - Started process (PID=556) to work on /opt/airflow/dags/dag_con_backfilling.py
[2023-12-11 03:28:02,752] {processor.py:641} INFO - Processing file /opt/airflow/dags/dag_con_backfilling.py for tasks to queue
[2023-12-11 03:28:02,754] {logging_mixin.py:115} INFO - [2023-12-11 03:28:02,754] {dagbag.py:508} INFO - Filling up the DagBag from /opt/airflow/dags/dag_con_backfilling.py
[2023-12-11 03:28:02,823] {processor.py:651} INFO - DAG(s) dict_keys(['dag_con_backfilling']) retrieved from /opt/airflow/dags/dag_con_backfilling.py
[2023-12-11 03:28:02,892] {logging_mixin.py:115} INFO - [2023-12-11 03:28:02,892] {dag.py:2420} INFO - Sync 1 DAGs
[2023-12-11 03:28:02,976] {logging_mixin.py:115} INFO - [2023-12-11 03:28:02,976] {dag.py:2972} INFO - Setting next_dagrun for dag_con_backfilling to 2023-12-10T00:00:00+00:00, run_after=2023-12-11T00:00:00+00:00
[2023-12-11 03:28:03,010] {processor.py:161} INFO - Processing /opt/airflow/dags/dag_con_backfilling.py took 0.270 seconds
[2023-12-11 03:28:13,879] {processor.py:153} INFO - Started process (PID=581) to work on /opt/airflow/dags/dag_con_backfilling.py
[2023-12-11 03:28:13,884] {processor.py:641} INFO - Processing file /opt/airflow/dags/dag_con_backfilling.py for tasks to queue
[2023-12-11 03:28:13,889] {logging_mixin.py:115} INFO - [2023-12-11 03:28:13,889] {dagbag.py:508} INFO - Filling up the DagBag from /opt/airflow/dags/dag_con_backfilling.py
[2023-12-11 03:28:14,042] {processor.py:651} INFO - DAG(s) dict_keys(['dag_con_backfilling']) retrieved from /opt/airflow/dags/dag_con_backfilling.py
[2023-12-11 03:28:14,164] {logging_mixin.py:115} INFO - [2023-12-11 03:28:14,164] {dag.py:2420} INFO - Sync 1 DAGs
[2023-12-11 03:28:14,231] {logging_mixin.py:115} INFO - [2023-12-11 03:28:14,230] {dag.py:2972} INFO - Setting next_dagrun for dag_con_backfilling to 2023-12-10T00:00:00+00:00, run_after=2023-12-11T00:00:00+00:00
[2023-12-11 03:28:14,276] {processor.py:161} INFO - Processing /opt/airflow/dags/dag_con_backfilling.py took 0.416 seconds
[2023-12-11 03:28:25,281] {processor.py:153} INFO - Started process (PID=601) to work on /opt/airflow/dags/dag_con_backfilling.py
[2023-12-11 03:28:25,283] {processor.py:641} INFO - Processing file /opt/airflow/dags/dag_con_backfilling.py for tasks to queue
[2023-12-11 03:28:25,285] {logging_mixin.py:115} INFO - [2023-12-11 03:28:25,285] {dagbag.py:508} INFO - Filling up the DagBag from /opt/airflow/dags/dag_con_backfilling.py
[2023-12-11 03:28:25,345] {processor.py:651} INFO - DAG(s) dict_keys(['dag_con_backfilling']) retrieved from /opt/airflow/dags/dag_con_backfilling.py
[2023-12-11 03:28:25,395] {logging_mixin.py:115} INFO - [2023-12-11 03:28:25,395] {dag.py:2420} INFO - Sync 1 DAGs
[2023-12-11 03:28:25,448] {logging_mixin.py:115} INFO - [2023-12-11 03:28:25,448] {dag.py:2972} INFO - Setting next_dagrun for dag_con_backfilling to 2023-12-10T00:00:00+00:00, run_after=2023-12-11T00:00:00+00:00
[2023-12-11 03:28:25,483] {processor.py:161} INFO - Processing /opt/airflow/dags/dag_con_backfilling.py took 0.207 seconds
[2023-12-11 03:28:36,086] {processor.py:153} INFO - Started process (PID=621) to work on /opt/airflow/dags/dag_con_backfilling.py
[2023-12-11 03:28:36,101] {processor.py:641} INFO - Processing file /opt/airflow/dags/dag_con_backfilling.py for tasks to queue
[2023-12-11 03:28:36,106] {logging_mixin.py:115} INFO - [2023-12-11 03:28:36,106] {dagbag.py:508} INFO - Filling up the DagBag from /opt/airflow/dags/dag_con_backfilling.py
[2023-12-11 03:28:36,199] {processor.py:651} INFO - DAG(s) dict_keys(['dag_con_backfilling']) retrieved from /opt/airflow/dags/dag_con_backfilling.py
[2023-12-11 03:28:36,297] {logging_mixin.py:115} INFO - [2023-12-11 03:28:36,296] {dag.py:2420} INFO - Sync 1 DAGs
[2023-12-11 03:28:36,380] {logging_mixin.py:115} INFO - [2023-12-11 03:28:36,380] {dag.py:2972} INFO - Setting next_dagrun for dag_con_backfilling to 2023-12-10T00:00:00+00:00, run_after=2023-12-11T00:00:00+00:00
[2023-12-11 03:28:36,454] {processor.py:161} INFO - Processing /opt/airflow/dags/dag_con_backfilling.py took 0.384 seconds
[2023-12-11 03:28:46,877] {processor.py:153} INFO - Started process (PID=640) to work on /opt/airflow/dags/dag_con_backfilling.py
[2023-12-11 03:28:46,880] {processor.py:641} INFO - Processing file /opt/airflow/dags/dag_con_backfilling.py for tasks to queue
[2023-12-11 03:28:46,882] {logging_mixin.py:115} INFO - [2023-12-11 03:28:46,882] {dagbag.py:508} INFO - Filling up the DagBag from /opt/airflow/dags/dag_con_backfilling.py
[2023-12-11 03:28:46,998] {processor.py:651} INFO - DAG(s) dict_keys(['dag_con_backfilling']) retrieved from /opt/airflow/dags/dag_con_backfilling.py
[2023-12-11 03:28:47,081] {logging_mixin.py:115} INFO - [2023-12-11 03:28:47,081] {dag.py:2420} INFO - Sync 1 DAGs
[2023-12-11 03:28:47,191] {logging_mixin.py:115} INFO - [2023-12-11 03:28:47,190] {dag.py:2972} INFO - Setting next_dagrun for dag_con_backfilling to 2023-12-10T00:00:00+00:00, run_after=2023-12-11T00:00:00+00:00
[2023-12-11 03:28:47,247] {processor.py:161} INFO - Processing /opt/airflow/dags/dag_con_backfilling.py took 0.385 seconds
[2023-12-11 03:28:57,808] {processor.py:153} INFO - Started process (PID=661) to work on /opt/airflow/dags/dag_con_backfilling.py
[2023-12-11 03:28:57,811] {processor.py:641} INFO - Processing file /opt/airflow/dags/dag_con_backfilling.py for tasks to queue
[2023-12-11 03:28:57,813] {logging_mixin.py:115} INFO - [2023-12-11 03:28:57,813] {dagbag.py:508} INFO - Filling up the DagBag from /opt/airflow/dags/dag_con_backfilling.py
[2023-12-11 03:28:57,878] {processor.py:651} INFO - DAG(s) dict_keys(['dag_con_backfilling']) retrieved from /opt/airflow/dags/dag_con_backfilling.py
[2023-12-11 03:28:57,933] {logging_mixin.py:115} INFO - [2023-12-11 03:28:57,933] {dag.py:2420} INFO - Sync 1 DAGs
[2023-12-11 03:28:57,994] {logging_mixin.py:115} INFO - [2023-12-11 03:28:57,994] {dag.py:2972} INFO - Setting next_dagrun for dag_con_backfilling to 2023-12-10T00:00:00+00:00, run_after=2023-12-11T00:00:00+00:00
[2023-12-11 03:28:58,023] {processor.py:161} INFO - Processing /opt/airflow/dags/dag_con_backfilling.py took 0.228 seconds
[2023-12-11 03:29:08,225] {processor.py:153} INFO - Started process (PID=680) to work on /opt/airflow/dags/dag_con_backfilling.py
[2023-12-11 03:29:08,228] {processor.py:641} INFO - Processing file /opt/airflow/dags/dag_con_backfilling.py for tasks to queue
[2023-12-11 03:29:08,233] {logging_mixin.py:115} INFO - [2023-12-11 03:29:08,232] {dagbag.py:508} INFO - Filling up the DagBag from /opt/airflow/dags/dag_con_backfilling.py
[2023-12-11 03:29:08,274] {processor.py:651} INFO - DAG(s) dict_keys(['dag_con_backfilling']) retrieved from /opt/airflow/dags/dag_con_backfilling.py
[2023-12-11 03:29:08,314] {logging_mixin.py:115} INFO - [2023-12-11 03:29:08,314] {dag.py:2420} INFO - Sync 1 DAGs
[2023-12-11 03:29:08,392] {logging_mixin.py:115} INFO - [2023-12-11 03:29:08,392] {dag.py:2972} INFO - Setting next_dagrun for dag_con_backfilling to 2023-12-10T00:00:00+00:00, run_after=2023-12-11T00:00:00+00:00
[2023-12-11 03:29:08,413] {processor.py:161} INFO - Processing /opt/airflow/dags/dag_con_backfilling.py took 0.198 seconds
[2023-12-11 03:29:18,970] {processor.py:153} INFO - Started process (PID=701) to work on /opt/airflow/dags/dag_con_backfilling.py
[2023-12-11 03:29:18,972] {processor.py:641} INFO - Processing file /opt/airflow/dags/dag_con_backfilling.py for tasks to queue
[2023-12-11 03:29:18,973] {logging_mixin.py:115} INFO - [2023-12-11 03:29:18,973] {dagbag.py:508} INFO - Filling up the DagBag from /opt/airflow/dags/dag_con_backfilling.py
[2023-12-11 03:29:19,072] {processor.py:651} INFO - DAG(s) dict_keys(['dag_con_backfilling']) retrieved from /opt/airflow/dags/dag_con_backfilling.py
[2023-12-11 03:29:19,155] {logging_mixin.py:115} INFO - [2023-12-11 03:29:19,155] {dag.py:2420} INFO - Sync 1 DAGs
[2023-12-11 03:29:19,248] {logging_mixin.py:115} INFO - [2023-12-11 03:29:19,248] {dag.py:2972} INFO - Setting next_dagrun for dag_con_backfilling to 2023-12-10T00:00:00+00:00, run_after=2023-12-11T00:00:00+00:00
[2023-12-11 03:29:19,347] {processor.py:161} INFO - Processing /opt/airflow/dags/dag_con_backfilling.py took 0.393 seconds
[2023-12-11 03:29:29,682] {processor.py:153} INFO - Started process (PID=720) to work on /opt/airflow/dags/dag_con_backfilling.py
[2023-12-11 03:29:29,684] {processor.py:641} INFO - Processing file /opt/airflow/dags/dag_con_backfilling.py for tasks to queue
[2023-12-11 03:29:29,687] {logging_mixin.py:115} INFO - [2023-12-11 03:29:29,687] {dagbag.py:508} INFO - Filling up the DagBag from /opt/airflow/dags/dag_con_backfilling.py
[2023-12-11 03:29:29,725] {processor.py:651} INFO - DAG(s) dict_keys(['dag_con_backfilling']) retrieved from /opt/airflow/dags/dag_con_backfilling.py
[2023-12-11 03:29:29,770] {logging_mixin.py:115} INFO - [2023-12-11 03:29:29,769] {dag.py:2420} INFO - Sync 1 DAGs
[2023-12-11 03:29:29,816] {logging_mixin.py:115} INFO - [2023-12-11 03:29:29,816] {dag.py:2972} INFO - Setting next_dagrun for dag_con_backfilling to 2023-12-10T00:00:00+00:00, run_after=2023-12-11T00:00:00+00:00
[2023-12-11 03:29:29,842] {processor.py:161} INFO - Processing /opt/airflow/dags/dag_con_backfilling.py took 0.169 seconds
[2023-12-11 03:29:40,695] {processor.py:153} INFO - Started process (PID=741) to work on /opt/airflow/dags/dag_con_backfilling.py
[2023-12-11 03:29:40,696] {processor.py:641} INFO - Processing file /opt/airflow/dags/dag_con_backfilling.py for tasks to queue
[2023-12-11 03:29:40,698] {logging_mixin.py:115} INFO - [2023-12-11 03:29:40,697] {dagbag.py:508} INFO - Filling up the DagBag from /opt/airflow/dags/dag_con_backfilling.py
[2023-12-11 03:29:40,745] {processor.py:651} INFO - DAG(s) dict_keys(['dag_con_backfilling']) retrieved from /opt/airflow/dags/dag_con_backfilling.py
[2023-12-11 03:29:40,820] {logging_mixin.py:115} INFO - [2023-12-11 03:29:40,820] {dag.py:2420} INFO - Sync 1 DAGs
[2023-12-11 03:29:40,891] {logging_mixin.py:115} INFO - [2023-12-11 03:29:40,890] {dag.py:2972} INFO - Setting next_dagrun for dag_con_backfilling to 2023-12-10T00:00:00+00:00, run_after=2023-12-11T00:00:00+00:00
[2023-12-11 03:29:40,925] {processor.py:161} INFO - Processing /opt/airflow/dags/dag_con_backfilling.py took 0.238 seconds
[2023-12-11 03:29:51,053] {processor.py:153} INFO - Started process (PID=760) to work on /opt/airflow/dags/dag_con_backfilling.py
[2023-12-11 03:29:51,055] {processor.py:641} INFO - Processing file /opt/airflow/dags/dag_con_backfilling.py for tasks to queue
[2023-12-11 03:29:51,056] {logging_mixin.py:115} INFO - [2023-12-11 03:29:51,056] {dagbag.py:508} INFO - Filling up the DagBag from /opt/airflow/dags/dag_con_backfilling.py
[2023-12-11 03:29:51,093] {processor.py:651} INFO - DAG(s) dict_keys(['dag_con_backfilling']) retrieved from /opt/airflow/dags/dag_con_backfilling.py
[2023-12-11 03:29:51,137] {logging_mixin.py:115} INFO - [2023-12-11 03:29:51,137] {dag.py:2420} INFO - Sync 1 DAGs
[2023-12-11 03:29:51,177] {logging_mixin.py:115} INFO - [2023-12-11 03:29:51,177] {dag.py:2972} INFO - Setting next_dagrun for dag_con_backfilling to 2023-12-10T00:00:00+00:00, run_after=2023-12-11T00:00:00+00:00
[2023-12-11 03:29:51,203] {processor.py:161} INFO - Processing /opt/airflow/dags/dag_con_backfilling.py took 0.158 seconds
[2023-12-11 03:30:01,847] {processor.py:153} INFO - Started process (PID=780) to work on /opt/airflow/dags/dag_con_backfilling.py
[2023-12-11 03:30:01,853] {processor.py:641} INFO - Processing file /opt/airflow/dags/dag_con_backfilling.py for tasks to queue
[2023-12-11 03:30:01,858] {logging_mixin.py:115} INFO - [2023-12-11 03:30:01,858] {dagbag.py:508} INFO - Filling up the DagBag from /opt/airflow/dags/dag_con_backfilling.py
[2023-12-11 03:30:01,897] {processor.py:651} INFO - DAG(s) dict_keys(['dag_con_backfilling']) retrieved from /opt/airflow/dags/dag_con_backfilling.py
[2023-12-11 03:30:01,948] {logging_mixin.py:115} INFO - [2023-12-11 03:30:01,948] {dag.py:2420} INFO - Sync 1 DAGs
[2023-12-11 03:30:01,997] {logging_mixin.py:115} INFO - [2023-12-11 03:30:01,997] {dag.py:2972} INFO - Setting next_dagrun for dag_con_backfilling to 2023-12-10T00:00:00+00:00, run_after=2023-12-11T00:00:00+00:00
[2023-12-11 03:30:02,022] {processor.py:161} INFO - Processing /opt/airflow/dags/dag_con_backfilling.py took 0.184 seconds
[2023-12-11 03:30:12,422] {processor.py:153} INFO - Started process (PID=801) to work on /opt/airflow/dags/dag_con_backfilling.py
[2023-12-11 03:30:12,424] {processor.py:641} INFO - Processing file /opt/airflow/dags/dag_con_backfilling.py for tasks to queue
[2023-12-11 03:30:12,426] {logging_mixin.py:115} INFO - [2023-12-11 03:30:12,426] {dagbag.py:508} INFO - Filling up the DagBag from /opt/airflow/dags/dag_con_backfilling.py
[2023-12-11 03:30:12,500] {processor.py:651} INFO - DAG(s) dict_keys(['dag_con_backfilling']) retrieved from /opt/airflow/dags/dag_con_backfilling.py
[2023-12-11 03:30:12,670] {logging_mixin.py:115} INFO - [2023-12-11 03:30:12,670] {dag.py:2420} INFO - Sync 1 DAGs
[2023-12-11 03:30:12,834] {logging_mixin.py:115} INFO - [2023-12-11 03:30:12,834] {dag.py:2972} INFO - Setting next_dagrun for dag_con_backfilling to 2023-12-10T00:00:00+00:00, run_after=2023-12-11T00:00:00+00:00
[2023-12-11 03:30:12,896] {processor.py:161} INFO - Processing /opt/airflow/dags/dag_con_backfilling.py took 0.491 seconds
[2023-12-11 03:30:23,562] {processor.py:153} INFO - Started process (PID=821) to work on /opt/airflow/dags/dag_con_backfilling.py
[2023-12-11 03:30:23,564] {processor.py:641} INFO - Processing file /opt/airflow/dags/dag_con_backfilling.py for tasks to queue
[2023-12-11 03:30:23,565] {logging_mixin.py:115} INFO - [2023-12-11 03:30:23,565] {dagbag.py:508} INFO - Filling up the DagBag from /opt/airflow/dags/dag_con_backfilling.py
[2023-12-11 03:30:23,634] {processor.py:651} INFO - DAG(s) dict_keys(['dag_con_backfilling']) retrieved from /opt/airflow/dags/dag_con_backfilling.py
[2023-12-11 03:30:23,705] {logging_mixin.py:115} INFO - [2023-12-11 03:30:23,705] {dag.py:2420} INFO - Sync 1 DAGs
[2023-12-11 03:30:23,760] {logging_mixin.py:115} INFO - [2023-12-11 03:30:23,760] {dag.py:2972} INFO - Setting next_dagrun for dag_con_backfilling to 2023-12-10T00:00:00+00:00, run_after=2023-12-11T00:00:00+00:00
[2023-12-11 03:30:23,783] {processor.py:161} INFO - Processing /opt/airflow/dags/dag_con_backfilling.py took 0.240 seconds
[2023-12-11 03:30:34,029] {processor.py:153} INFO - Started process (PID=841) to work on /opt/airflow/dags/dag_con_backfilling.py
[2023-12-11 03:30:34,031] {processor.py:641} INFO - Processing file /opt/airflow/dags/dag_con_backfilling.py for tasks to queue
[2023-12-11 03:30:34,032] {logging_mixin.py:115} INFO - [2023-12-11 03:30:34,032] {dagbag.py:508} INFO - Filling up the DagBag from /opt/airflow/dags/dag_con_backfilling.py
[2023-12-11 03:30:34,072] {processor.py:651} INFO - DAG(s) dict_keys(['dag_con_backfilling']) retrieved from /opt/airflow/dags/dag_con_backfilling.py
[2023-12-11 03:30:34,110] {logging_mixin.py:115} INFO - [2023-12-11 03:30:34,110] {dag.py:2420} INFO - Sync 1 DAGs
[2023-12-11 03:30:34,151] {logging_mixin.py:115} INFO - [2023-12-11 03:30:34,151] {dag.py:2972} INFO - Setting next_dagrun for dag_con_backfilling to 2023-12-10T00:00:00+00:00, run_after=2023-12-11T00:00:00+00:00
[2023-12-11 03:30:34,180] {processor.py:161} INFO - Processing /opt/airflow/dags/dag_con_backfilling.py took 0.157 seconds
[2023-12-11 03:30:44,766] {processor.py:153} INFO - Started process (PID=861) to work on /opt/airflow/dags/dag_con_backfilling.py
[2023-12-11 03:30:44,770] {processor.py:641} INFO - Processing file /opt/airflow/dags/dag_con_backfilling.py for tasks to queue
[2023-12-11 03:30:44,772] {logging_mixin.py:115} INFO - [2023-12-11 03:30:44,771] {dagbag.py:508} INFO - Filling up the DagBag from /opt/airflow/dags/dag_con_backfilling.py
[2023-12-11 03:30:44,818] {processor.py:651} INFO - DAG(s) dict_keys(['dag_con_backfilling']) retrieved from /opt/airflow/dags/dag_con_backfilling.py
[2023-12-11 03:30:44,869] {logging_mixin.py:115} INFO - [2023-12-11 03:30:44,869] {dag.py:2420} INFO - Sync 1 DAGs
[2023-12-11 03:30:44,920] {logging_mixin.py:115} INFO - [2023-12-11 03:30:44,920] {dag.py:2972} INFO - Setting next_dagrun for dag_con_backfilling to 2023-12-10T00:00:00+00:00, run_after=2023-12-11T00:00:00+00:00
[2023-12-11 03:30:44,944] {processor.py:161} INFO - Processing /opt/airflow/dags/dag_con_backfilling.py took 0.190 seconds
[2023-12-11 03:30:55,287] {processor.py:153} INFO - Started process (PID=883) to work on /opt/airflow/dags/dag_con_backfilling.py
[2023-12-11 03:30:55,288] {processor.py:641} INFO - Processing file /opt/airflow/dags/dag_con_backfilling.py for tasks to queue
[2023-12-11 03:30:55,290] {logging_mixin.py:115} INFO - [2023-12-11 03:30:55,290] {dagbag.py:508} INFO - Filling up the DagBag from /opt/airflow/dags/dag_con_backfilling.py
[2023-12-11 03:30:55,319] {processor.py:651} INFO - DAG(s) dict_keys(['dag_con_backfilling']) retrieved from /opt/airflow/dags/dag_con_backfilling.py
[2023-12-11 03:30:55,359] {logging_mixin.py:115} INFO - [2023-12-11 03:30:55,359] {dag.py:2420} INFO - Sync 1 DAGs
[2023-12-11 03:30:55,397] {logging_mixin.py:115} INFO - [2023-12-11 03:30:55,397] {dag.py:2972} INFO - Setting next_dagrun for dag_con_backfilling to 2023-12-10T00:00:00+00:00, run_after=2023-12-11T00:00:00+00:00
[2023-12-11 03:30:55,417] {processor.py:161} INFO - Processing /opt/airflow/dags/dag_con_backfilling.py took 0.135 seconds
[2023-12-11 03:31:05,742] {processor.py:153} INFO - Started process (PID=901) to work on /opt/airflow/dags/dag_con_backfilling.py
[2023-12-11 03:31:05,745] {processor.py:641} INFO - Processing file /opt/airflow/dags/dag_con_backfilling.py for tasks to queue
[2023-12-11 03:31:05,748] {logging_mixin.py:115} INFO - [2023-12-11 03:31:05,748] {dagbag.py:508} INFO - Filling up the DagBag from /opt/airflow/dags/dag_con_backfilling.py
[2023-12-11 03:31:05,794] {processor.py:651} INFO - DAG(s) dict_keys(['dag_con_backfilling']) retrieved from /opt/airflow/dags/dag_con_backfilling.py
[2023-12-11 03:31:05,854] {logging_mixin.py:115} INFO - [2023-12-11 03:31:05,852] {dag.py:2420} INFO - Sync 1 DAGs
[2023-12-11 03:31:05,911] {logging_mixin.py:115} INFO - [2023-12-11 03:31:05,911] {dag.py:2972} INFO - Setting next_dagrun for dag_con_backfilling to 2023-12-10T00:00:00+00:00, run_after=2023-12-11T00:00:00+00:00
[2023-12-11 03:31:05,942] {processor.py:161} INFO - Processing /opt/airflow/dags/dag_con_backfilling.py took 0.221 seconds
[2023-12-11 03:31:16,638] {processor.py:153} INFO - Started process (PID=923) to work on /opt/airflow/dags/dag_con_backfilling.py
[2023-12-11 03:31:16,640] {processor.py:641} INFO - Processing file /opt/airflow/dags/dag_con_backfilling.py for tasks to queue
[2023-12-11 03:31:16,642] {logging_mixin.py:115} INFO - [2023-12-11 03:31:16,642] {dagbag.py:508} INFO - Filling up the DagBag from /opt/airflow/dags/dag_con_backfilling.py
[2023-12-11 03:31:16,679] {processor.py:651} INFO - DAG(s) dict_keys(['dag_con_backfilling']) retrieved from /opt/airflow/dags/dag_con_backfilling.py
[2023-12-11 03:31:16,720] {logging_mixin.py:115} INFO - [2023-12-11 03:31:16,720] {dag.py:2420} INFO - Sync 1 DAGs
[2023-12-11 03:31:16,763] {logging_mixin.py:115} INFO - [2023-12-11 03:31:16,763] {dag.py:2972} INFO - Setting next_dagrun for dag_con_backfilling to 2023-12-10T00:00:00+00:00, run_after=2023-12-11T00:00:00+00:00
[2023-12-11 03:31:16,792] {processor.py:161} INFO - Processing /opt/airflow/dags/dag_con_backfilling.py took 0.161 seconds
[2023-12-11 03:31:27,244] {processor.py:153} INFO - Started process (PID=943) to work on /opt/airflow/dags/dag_con_backfilling.py
[2023-12-11 03:31:27,245] {processor.py:641} INFO - Processing file /opt/airflow/dags/dag_con_backfilling.py for tasks to queue
[2023-12-11 03:31:27,246] {logging_mixin.py:115} INFO - [2023-12-11 03:31:27,246] {dagbag.py:508} INFO - Filling up the DagBag from /opt/airflow/dags/dag_con_backfilling.py
[2023-12-11 03:31:27,290] {processor.py:651} INFO - DAG(s) dict_keys(['dag_con_backfilling']) retrieved from /opt/airflow/dags/dag_con_backfilling.py
[2023-12-11 03:31:27,357] {logging_mixin.py:115} INFO - [2023-12-11 03:31:27,357] {dag.py:2420} INFO - Sync 1 DAGs
[2023-12-11 03:31:27,433] {logging_mixin.py:115} INFO - [2023-12-11 03:31:27,433] {dag.py:2972} INFO - Setting next_dagrun for dag_con_backfilling to 2023-12-10T00:00:00+00:00, run_after=2023-12-11T00:00:00+00:00
[2023-12-11 03:31:27,479] {processor.py:161} INFO - Processing /opt/airflow/dags/dag_con_backfilling.py took 0.241 seconds
[2023-12-11 03:31:37,946] {processor.py:153} INFO - Started process (PID=961) to work on /opt/airflow/dags/dag_con_backfilling.py
[2023-12-11 03:31:37,947] {processor.py:641} INFO - Processing file /opt/airflow/dags/dag_con_backfilling.py for tasks to queue
[2023-12-11 03:31:37,948] {logging_mixin.py:115} INFO - [2023-12-11 03:31:37,948] {dagbag.py:508} INFO - Filling up the DagBag from /opt/airflow/dags/dag_con_backfilling.py
[2023-12-11 03:31:37,991] {processor.py:651} INFO - DAG(s) dict_keys(['dag_con_backfilling']) retrieved from /opt/airflow/dags/dag_con_backfilling.py
[2023-12-11 03:31:38,060] {logging_mixin.py:115} INFO - [2023-12-11 03:31:38,059] {dag.py:2420} INFO - Sync 1 DAGs
[2023-12-11 03:31:38,138] {logging_mixin.py:115} INFO - [2023-12-11 03:31:38,138] {dag.py:2972} INFO - Setting next_dagrun for dag_con_backfilling to 2023-12-10T00:00:00+00:00, run_after=2023-12-11T00:00:00+00:00
[2023-12-11 03:31:38,171] {processor.py:161} INFO - Processing /opt/airflow/dags/dag_con_backfilling.py took 0.239 seconds
[2023-12-11 03:31:48,758] {processor.py:153} INFO - Started process (PID=981) to work on /opt/airflow/dags/dag_con_backfilling.py
[2023-12-11 03:31:48,760] {processor.py:641} INFO - Processing file /opt/airflow/dags/dag_con_backfilling.py for tasks to queue
[2023-12-11 03:31:48,762] {logging_mixin.py:115} INFO - [2023-12-11 03:31:48,762] {dagbag.py:508} INFO - Filling up the DagBag from /opt/airflow/dags/dag_con_backfilling.py
[2023-12-11 03:31:48,812] {processor.py:651} INFO - DAG(s) dict_keys(['dag_con_backfilling']) retrieved from /opt/airflow/dags/dag_con_backfilling.py
[2023-12-11 03:31:48,888] {logging_mixin.py:115} INFO - [2023-12-11 03:31:48,888] {dag.py:2420} INFO - Sync 1 DAGs
[2023-12-11 03:31:48,968] {logging_mixin.py:115} INFO - [2023-12-11 03:31:48,967] {dag.py:2972} INFO - Setting next_dagrun for dag_con_backfilling to 2023-12-10T00:00:00+00:00, run_after=2023-12-11T00:00:00+00:00
[2023-12-11 03:31:49,008] {processor.py:161} INFO - Processing /opt/airflow/dags/dag_con_backfilling.py took 0.261 seconds
[2023-12-11 03:31:59,522] {processor.py:153} INFO - Started process (PID=1001) to work on /opt/airflow/dags/dag_con_backfilling.py
[2023-12-11 03:31:59,525] {processor.py:641} INFO - Processing file /opt/airflow/dags/dag_con_backfilling.py for tasks to queue
[2023-12-11 03:31:59,527] {logging_mixin.py:115} INFO - [2023-12-11 03:31:59,527] {dagbag.py:508} INFO - Filling up the DagBag from /opt/airflow/dags/dag_con_backfilling.py
[2023-12-11 03:31:59,570] {processor.py:651} INFO - DAG(s) dict_keys(['dag_con_backfilling']) retrieved from /opt/airflow/dags/dag_con_backfilling.py
[2023-12-11 03:31:59,628] {logging_mixin.py:115} INFO - [2023-12-11 03:31:59,628] {dag.py:2420} INFO - Sync 1 DAGs
[2023-12-11 03:31:59,687] {logging_mixin.py:115} INFO - [2023-12-11 03:31:59,687] {dag.py:2972} INFO - Setting next_dagrun for dag_con_backfilling to 2023-12-10T00:00:00+00:00, run_after=2023-12-11T00:00:00+00:00
[2023-12-11 03:31:59,709] {processor.py:161} INFO - Processing /opt/airflow/dags/dag_con_backfilling.py took 0.196 seconds
[2023-12-11 03:32:10,150] {processor.py:153} INFO - Started process (PID=1021) to work on /opt/airflow/dags/dag_con_backfilling.py
[2023-12-11 03:32:10,152] {processor.py:641} INFO - Processing file /opt/airflow/dags/dag_con_backfilling.py for tasks to queue
[2023-12-11 03:32:10,154] {logging_mixin.py:115} INFO - [2023-12-11 03:32:10,154] {dagbag.py:508} INFO - Filling up the DagBag from /opt/airflow/dags/dag_con_backfilling.py
[2023-12-11 03:32:10,223] {processor.py:651} INFO - DAG(s) dict_keys(['dag_con_backfilling']) retrieved from /opt/airflow/dags/dag_con_backfilling.py
[2023-12-11 03:32:10,290] {logging_mixin.py:115} INFO - [2023-12-11 03:32:10,290] {dag.py:2420} INFO - Sync 1 DAGs
[2023-12-11 03:32:10,341] {logging_mixin.py:115} INFO - [2023-12-11 03:32:10,341] {dag.py:2972} INFO - Setting next_dagrun for dag_con_backfilling to 2023-12-10T00:00:00+00:00, run_after=2023-12-11T00:00:00+00:00
[2023-12-11 03:32:10,370] {processor.py:161} INFO - Processing /opt/airflow/dags/dag_con_backfilling.py took 0.233 seconds
[2023-12-11 03:32:21,001] {processor.py:153} INFO - Started process (PID=1041) to work on /opt/airflow/dags/dag_con_backfilling.py
[2023-12-11 03:32:21,004] {processor.py:641} INFO - Processing file /opt/airflow/dags/dag_con_backfilling.py for tasks to queue
[2023-12-11 03:32:21,005] {logging_mixin.py:115} INFO - [2023-12-11 03:32:21,005] {dagbag.py:508} INFO - Filling up the DagBag from /opt/airflow/dags/dag_con_backfilling.py
[2023-12-11 03:32:21,034] {processor.py:651} INFO - DAG(s) dict_keys(['dag_con_backfilling']) retrieved from /opt/airflow/dags/dag_con_backfilling.py
[2023-12-11 03:32:21,085] {logging_mixin.py:115} INFO - [2023-12-11 03:32:21,085] {dag.py:2420} INFO - Sync 1 DAGs
[2023-12-11 03:32:21,124] {logging_mixin.py:115} INFO - [2023-12-11 03:32:21,124] {dag.py:2972} INFO - Setting next_dagrun for dag_con_backfilling to 2023-12-10T00:00:00+00:00, run_after=2023-12-11T00:00:00+00:00
[2023-12-11 03:32:21,150] {processor.py:161} INFO - Processing /opt/airflow/dags/dag_con_backfilling.py took 0.160 seconds
[2023-12-11 03:32:31,563] {processor.py:153} INFO - Started process (PID=1063) to work on /opt/airflow/dags/dag_con_backfilling.py
[2023-12-11 03:32:31,564] {processor.py:641} INFO - Processing file /opt/airflow/dags/dag_con_backfilling.py for tasks to queue
[2023-12-11 03:32:31,565] {logging_mixin.py:115} INFO - [2023-12-11 03:32:31,565] {dagbag.py:508} INFO - Filling up the DagBag from /opt/airflow/dags/dag_con_backfilling.py
[2023-12-11 03:32:31,599] {processor.py:651} INFO - DAG(s) dict_keys(['dag_con_backfilling']) retrieved from /opt/airflow/dags/dag_con_backfilling.py
[2023-12-11 03:32:31,636] {logging_mixin.py:115} INFO - [2023-12-11 03:32:31,636] {dag.py:2420} INFO - Sync 1 DAGs
[2023-12-11 03:32:31,671] {logging_mixin.py:115} INFO - [2023-12-11 03:32:31,671] {dag.py:2972} INFO - Setting next_dagrun for dag_con_backfilling to 2023-12-10T00:00:00+00:00, run_after=2023-12-11T00:00:00+00:00
[2023-12-11 03:32:31,713] {processor.py:161} INFO - Processing /opt/airflow/dags/dag_con_backfilling.py took 0.156 seconds
[2023-12-11 03:32:42,072] {processor.py:153} INFO - Started process (PID=1081) to work on /opt/airflow/dags/dag_con_backfilling.py
[2023-12-11 03:32:42,074] {processor.py:641} INFO - Processing file /opt/airflow/dags/dag_con_backfilling.py for tasks to queue
[2023-12-11 03:32:42,075] {logging_mixin.py:115} INFO - [2023-12-11 03:32:42,075] {dagbag.py:508} INFO - Filling up the DagBag from /opt/airflow/dags/dag_con_backfilling.py
[2023-12-11 03:32:42,102] {processor.py:651} INFO - DAG(s) dict_keys(['dag_con_backfilling']) retrieved from /opt/airflow/dags/dag_con_backfilling.py
[2023-12-11 03:32:42,154] {logging_mixin.py:115} INFO - [2023-12-11 03:32:42,154] {dag.py:2420} INFO - Sync 1 DAGs
[2023-12-11 03:32:42,202] {logging_mixin.py:115} INFO - [2023-12-11 03:32:42,202] {dag.py:2972} INFO - Setting next_dagrun for dag_con_backfilling to 2023-12-10T00:00:00+00:00, run_after=2023-12-11T00:00:00+00:00
[2023-12-11 03:32:42,227] {processor.py:161} INFO - Processing /opt/airflow/dags/dag_con_backfilling.py took 0.162 seconds
[2023-12-11 03:32:52,577] {processor.py:153} INFO - Started process (PID=1101) to work on /opt/airflow/dags/dag_con_backfilling.py
[2023-12-11 03:32:52,578] {processor.py:641} INFO - Processing file /opt/airflow/dags/dag_con_backfilling.py for tasks to queue
[2023-12-11 03:32:52,580] {logging_mixin.py:115} INFO - [2023-12-11 03:32:52,580] {dagbag.py:508} INFO - Filling up the DagBag from /opt/airflow/dags/dag_con_backfilling.py
[2023-12-11 03:32:52,628] {processor.py:651} INFO - DAG(s) dict_keys(['dag_con_backfilling']) retrieved from /opt/airflow/dags/dag_con_backfilling.py
[2023-12-11 03:32:52,683] {logging_mixin.py:115} INFO - [2023-12-11 03:32:52,683] {dag.py:2420} INFO - Sync 1 DAGs
[2023-12-11 03:32:52,723] {logging_mixin.py:115} INFO - [2023-12-11 03:32:52,723] {dag.py:2972} INFO - Setting next_dagrun for dag_con_backfilling to 2023-12-10T00:00:00+00:00, run_after=2023-12-11T00:00:00+00:00
[2023-12-11 03:32:52,747] {processor.py:161} INFO - Processing /opt/airflow/dags/dag_con_backfilling.py took 0.180 seconds
[2023-12-11 03:33:03,165] {processor.py:153} INFO - Started process (PID=1121) to work on /opt/airflow/dags/dag_con_backfilling.py
[2023-12-11 03:33:03,167] {processor.py:641} INFO - Processing file /opt/airflow/dags/dag_con_backfilling.py for tasks to queue
[2023-12-11 03:33:03,169] {logging_mixin.py:115} INFO - [2023-12-11 03:33:03,168] {dagbag.py:508} INFO - Filling up the DagBag from /opt/airflow/dags/dag_con_backfilling.py
[2023-12-11 03:33:03,213] {processor.py:651} INFO - DAG(s) dict_keys(['dag_con_backfilling']) retrieved from /opt/airflow/dags/dag_con_backfilling.py
[2023-12-11 03:33:03,311] {logging_mixin.py:115} INFO - [2023-12-11 03:33:03,311] {dag.py:2420} INFO - Sync 1 DAGs
[2023-12-11 03:33:03,429] {logging_mixin.py:115} INFO - [2023-12-11 03:33:03,428] {dag.py:2972} INFO - Setting next_dagrun for dag_con_backfilling to 2023-12-10T00:00:00+00:00, run_after=2023-12-11T00:00:00+00:00
[2023-12-11 03:33:03,495] {processor.py:161} INFO - Processing /opt/airflow/dags/dag_con_backfilling.py took 0.343 seconds
[2023-12-11 03:33:13,866] {processor.py:153} INFO - Started process (PID=1141) to work on /opt/airflow/dags/dag_con_backfilling.py
[2023-12-11 03:33:13,867] {processor.py:641} INFO - Processing file /opt/airflow/dags/dag_con_backfilling.py for tasks to queue
[2023-12-11 03:33:13,870] {logging_mixin.py:115} INFO - [2023-12-11 03:33:13,869] {dagbag.py:508} INFO - Filling up the DagBag from /opt/airflow/dags/dag_con_backfilling.py
[2023-12-11 03:33:13,913] {processor.py:651} INFO - DAG(s) dict_keys(['dag_con_backfilling']) retrieved from /opt/airflow/dags/dag_con_backfilling.py
[2023-12-11 03:33:13,960] {logging_mixin.py:115} INFO - [2023-12-11 03:33:13,960] {dag.py:2420} INFO - Sync 1 DAGs
[2023-12-11 03:33:14,006] {logging_mixin.py:115} INFO - [2023-12-11 03:33:14,006] {dag.py:2972} INFO - Setting next_dagrun for dag_con_backfilling to 2023-12-10T00:00:00+00:00, run_after=2023-12-11T00:00:00+00:00
[2023-12-11 03:33:14,027] {processor.py:161} INFO - Processing /opt/airflow/dags/dag_con_backfilling.py took 0.170 seconds
[2023-12-11 03:33:24,661] {processor.py:153} INFO - Started process (PID=1163) to work on /opt/airflow/dags/dag_con_backfilling.py
[2023-12-11 03:33:24,662] {processor.py:641} INFO - Processing file /opt/airflow/dags/dag_con_backfilling.py for tasks to queue
[2023-12-11 03:33:24,663] {logging_mixin.py:115} INFO - [2023-12-11 03:33:24,663] {dagbag.py:508} INFO - Filling up the DagBag from /opt/airflow/dags/dag_con_backfilling.py
[2023-12-11 03:33:24,706] {processor.py:651} INFO - DAG(s) dict_keys(['dag_con_backfilling']) retrieved from /opt/airflow/dags/dag_con_backfilling.py
[2023-12-11 03:33:24,775] {logging_mixin.py:115} INFO - [2023-12-11 03:33:24,775] {dag.py:2420} INFO - Sync 1 DAGs
[2023-12-11 03:33:24,857] {logging_mixin.py:115} INFO - [2023-12-11 03:33:24,857] {dag.py:2972} INFO - Setting next_dagrun for dag_con_backfilling to 2023-12-10T00:00:00+00:00, run_after=2023-12-11T00:00:00+00:00
[2023-12-11 03:33:24,897] {processor.py:161} INFO - Processing /opt/airflow/dags/dag_con_backfilling.py took 0.244 seconds
[2023-12-11 03:33:35,208] {processor.py:153} INFO - Started process (PID=1183) to work on /opt/airflow/dags/dag_con_backfilling.py
[2023-12-11 03:33:35,209] {processor.py:641} INFO - Processing file /opt/airflow/dags/dag_con_backfilling.py for tasks to queue
[2023-12-11 03:33:35,211] {logging_mixin.py:115} INFO - [2023-12-11 03:33:35,211] {dagbag.py:508} INFO - Filling up the DagBag from /opt/airflow/dags/dag_con_backfilling.py
[2023-12-11 03:33:35,246] {processor.py:651} INFO - DAG(s) dict_keys(['dag_con_backfilling']) retrieved from /opt/airflow/dags/dag_con_backfilling.py
[2023-12-11 03:33:35,283] {logging_mixin.py:115} INFO - [2023-12-11 03:33:35,283] {dag.py:2420} INFO - Sync 1 DAGs
[2023-12-11 03:33:35,321] {logging_mixin.py:115} INFO - [2023-12-11 03:33:35,321] {dag.py:2972} INFO - Setting next_dagrun for dag_con_backfilling to 2023-12-10T00:00:00+00:00, run_after=2023-12-11T00:00:00+00:00
[2023-12-11 03:33:35,342] {processor.py:161} INFO - Processing /opt/airflow/dags/dag_con_backfilling.py took 0.140 seconds
[2023-12-11 03:33:45,779] {processor.py:153} INFO - Started process (PID=1203) to work on /opt/airflow/dags/dag_con_backfilling.py
[2023-12-11 03:33:45,780] {processor.py:641} INFO - Processing file /opt/airflow/dags/dag_con_backfilling.py for tasks to queue
[2023-12-11 03:33:45,781] {logging_mixin.py:115} INFO - [2023-12-11 03:33:45,781] {dagbag.py:508} INFO - Filling up the DagBag from /opt/airflow/dags/dag_con_backfilling.py
[2023-12-11 03:33:45,823] {processor.py:651} INFO - DAG(s) dict_keys(['dag_con_backfilling']) retrieved from /opt/airflow/dags/dag_con_backfilling.py
[2023-12-11 03:33:45,882] {logging_mixin.py:115} INFO - [2023-12-11 03:33:45,881] {dag.py:2420} INFO - Sync 1 DAGs
[2023-12-11 03:33:45,923] {logging_mixin.py:115} INFO - [2023-12-11 03:33:45,923] {dag.py:2972} INFO - Setting next_dagrun for dag_con_backfilling to 2023-12-10T00:00:00+00:00, run_after=2023-12-11T00:00:00+00:00
[2023-12-11 03:33:45,943] {processor.py:161} INFO - Processing /opt/airflow/dags/dag_con_backfilling.py took 0.170 seconds
[2023-12-11 03:33:56,178] {processor.py:153} INFO - Started process (PID=1221) to work on /opt/airflow/dags/dag_con_backfilling.py
[2023-12-11 03:33:56,180] {processor.py:641} INFO - Processing file /opt/airflow/dags/dag_con_backfilling.py for tasks to queue
[2023-12-11 03:33:56,181] {logging_mixin.py:115} INFO - [2023-12-11 03:33:56,181] {dagbag.py:508} INFO - Filling up the DagBag from /opt/airflow/dags/dag_con_backfilling.py
[2023-12-11 03:33:56,215] {processor.py:651} INFO - DAG(s) dict_keys(['dag_con_backfilling']) retrieved from /opt/airflow/dags/dag_con_backfilling.py
[2023-12-11 03:33:56,260] {logging_mixin.py:115} INFO - [2023-12-11 03:33:56,260] {dag.py:2420} INFO - Sync 1 DAGs
[2023-12-11 03:33:56,302] {logging_mixin.py:115} INFO - [2023-12-11 03:33:56,302] {dag.py:2972} INFO - Setting next_dagrun for dag_con_backfilling to 2023-12-10T00:00:00+00:00, run_after=2023-12-11T00:00:00+00:00
[2023-12-11 03:33:56,330] {processor.py:161} INFO - Processing /opt/airflow/dags/dag_con_backfilling.py took 0.160 seconds
[2023-12-11 03:34:06,862] {processor.py:153} INFO - Started process (PID=1243) to work on /opt/airflow/dags/dag_con_backfilling.py
[2023-12-11 03:34:06,863] {processor.py:641} INFO - Processing file /opt/airflow/dags/dag_con_backfilling.py for tasks to queue
[2023-12-11 03:34:06,865] {logging_mixin.py:115} INFO - [2023-12-11 03:34:06,864] {dagbag.py:508} INFO - Filling up the DagBag from /opt/airflow/dags/dag_con_backfilling.py
[2023-12-11 03:34:06,895] {processor.py:651} INFO - DAG(s) dict_keys(['dag_con_backfilling']) retrieved from /opt/airflow/dags/dag_con_backfilling.py
[2023-12-11 03:34:06,931] {logging_mixin.py:115} INFO - [2023-12-11 03:34:06,931] {dag.py:2420} INFO - Sync 1 DAGs
[2023-12-11 03:34:06,965] {logging_mixin.py:115} INFO - [2023-12-11 03:34:06,964] {dag.py:2972} INFO - Setting next_dagrun for dag_con_backfilling to 2023-12-10T00:00:00+00:00, run_after=2023-12-11T00:00:00+00:00
[2023-12-11 03:34:06,983] {processor.py:161} INFO - Processing /opt/airflow/dags/dag_con_backfilling.py took 0.127 seconds
[2023-12-11 03:34:17,299] {processor.py:153} INFO - Started process (PID=1261) to work on /opt/airflow/dags/dag_con_backfilling.py
[2023-12-11 03:34:17,300] {processor.py:641} INFO - Processing file /opt/airflow/dags/dag_con_backfilling.py for tasks to queue
[2023-12-11 03:34:17,301] {logging_mixin.py:115} INFO - [2023-12-11 03:34:17,301] {dagbag.py:508} INFO - Filling up the DagBag from /opt/airflow/dags/dag_con_backfilling.py
[2023-12-11 03:34:17,335] {processor.py:651} INFO - DAG(s) dict_keys(['dag_con_backfilling']) retrieved from /opt/airflow/dags/dag_con_backfilling.py
[2023-12-11 03:34:17,382] {logging_mixin.py:115} INFO - [2023-12-11 03:34:17,382] {dag.py:2420} INFO - Sync 1 DAGs
[2023-12-11 03:34:17,420] {logging_mixin.py:115} INFO - [2023-12-11 03:34:17,419] {dag.py:2972} INFO - Setting next_dagrun for dag_con_backfilling to 2023-12-10T00:00:00+00:00, run_after=2023-12-11T00:00:00+00:00
[2023-12-11 03:34:17,442] {processor.py:161} INFO - Processing /opt/airflow/dags/dag_con_backfilling.py took 0.156 seconds
[2023-12-11 03:34:28,197] {processor.py:153} INFO - Started process (PID=1283) to work on /opt/airflow/dags/dag_con_backfilling.py
[2023-12-11 03:34:28,199] {processor.py:641} INFO - Processing file /opt/airflow/dags/dag_con_backfilling.py for tasks to queue
[2023-12-11 03:34:28,200] {logging_mixin.py:115} INFO - [2023-12-11 03:34:28,200] {dagbag.py:508} INFO - Filling up the DagBag from /opt/airflow/dags/dag_con_backfilling.py
[2023-12-11 03:34:28,231] {processor.py:651} INFO - DAG(s) dict_keys(['dag_con_backfilling']) retrieved from /opt/airflow/dags/dag_con_backfilling.py
[2023-12-11 03:34:28,272] {logging_mixin.py:115} INFO - [2023-12-11 03:34:28,272] {dag.py:2420} INFO - Sync 1 DAGs
[2023-12-11 03:34:28,306] {logging_mixin.py:115} INFO - [2023-12-11 03:34:28,306] {dag.py:2972} INFO - Setting next_dagrun for dag_con_backfilling to 2023-12-10T00:00:00+00:00, run_after=2023-12-11T00:00:00+00:00
[2023-12-11 03:34:28,329] {processor.py:161} INFO - Processing /opt/airflow/dags/dag_con_backfilling.py took 0.138 seconds
[2023-12-11 03:34:38,883] {processor.py:153} INFO - Started process (PID=1303) to work on /opt/airflow/dags/dag_con_backfilling.py
[2023-12-11 03:34:38,884] {processor.py:641} INFO - Processing file /opt/airflow/dags/dag_con_backfilling.py for tasks to queue
[2023-12-11 03:34:38,885] {logging_mixin.py:115} INFO - [2023-12-11 03:34:38,885] {dagbag.py:508} INFO - Filling up the DagBag from /opt/airflow/dags/dag_con_backfilling.py
[2023-12-11 03:34:38,928] {processor.py:651} INFO - DAG(s) dict_keys(['dag_con_backfilling']) retrieved from /opt/airflow/dags/dag_con_backfilling.py
[2023-12-11 03:34:38,976] {logging_mixin.py:115} INFO - [2023-12-11 03:34:38,976] {dag.py:2420} INFO - Sync 1 DAGs
[2023-12-11 03:34:39,032] {logging_mixin.py:115} INFO - [2023-12-11 03:34:39,032] {dag.py:2972} INFO - Setting next_dagrun for dag_con_backfilling to 2023-12-10T00:00:00+00:00, run_after=2023-12-11T00:00:00+00:00
[2023-12-11 03:34:39,061] {processor.py:161} INFO - Processing /opt/airflow/dags/dag_con_backfilling.py took 0.184 seconds
[2023-12-11 03:34:49,265] {processor.py:153} INFO - Started process (PID=1321) to work on /opt/airflow/dags/dag_con_backfilling.py
[2023-12-11 03:34:49,266] {processor.py:641} INFO - Processing file /opt/airflow/dags/dag_con_backfilling.py for tasks to queue
[2023-12-11 03:34:49,268] {logging_mixin.py:115} INFO - [2023-12-11 03:34:49,268] {dagbag.py:508} INFO - Filling up the DagBag from /opt/airflow/dags/dag_con_backfilling.py
[2023-12-11 03:34:49,300] {processor.py:651} INFO - DAG(s) dict_keys(['dag_con_backfilling']) retrieved from /opt/airflow/dags/dag_con_backfilling.py
[2023-12-11 03:34:49,352] {logging_mixin.py:115} INFO - [2023-12-11 03:34:49,352] {dag.py:2420} INFO - Sync 1 DAGs
[2023-12-11 03:34:49,406] {logging_mixin.py:115} INFO - [2023-12-11 03:34:49,406] {dag.py:2972} INFO - Setting next_dagrun for dag_con_backfilling to 2023-12-10T00:00:00+00:00, run_after=2023-12-11T00:00:00+00:00
[2023-12-11 03:34:49,431] {processor.py:161} INFO - Processing /opt/airflow/dags/dag_con_backfilling.py took 0.175 seconds
[2023-12-11 03:34:59,953] {processor.py:153} INFO - Started process (PID=1341) to work on /opt/airflow/dags/dag_con_backfilling.py
[2023-12-11 03:34:59,955] {processor.py:641} INFO - Processing file /opt/airflow/dags/dag_con_backfilling.py for tasks to queue
[2023-12-11 03:34:59,956] {logging_mixin.py:115} INFO - [2023-12-11 03:34:59,956] {dagbag.py:508} INFO - Filling up the DagBag from /opt/airflow/dags/dag_con_backfilling.py
[2023-12-11 03:34:59,995] {processor.py:651} INFO - DAG(s) dict_keys(['dag_con_backfilling']) retrieved from /opt/airflow/dags/dag_con_backfilling.py
[2023-12-11 03:35:00,084] {logging_mixin.py:115} INFO - [2023-12-11 03:35:00,083] {dag.py:2420} INFO - Sync 1 DAGs
[2023-12-11 03:35:00,146] {logging_mixin.py:115} INFO - [2023-12-11 03:35:00,146] {dag.py:2972} INFO - Setting next_dagrun for dag_con_backfilling to 2023-12-10T00:00:00+00:00, run_after=2023-12-11T00:00:00+00:00
[2023-12-11 03:35:00,189] {processor.py:161} INFO - Processing /opt/airflow/dags/dag_con_backfilling.py took 0.242 seconds
[2023-12-11 03:35:10,728] {processor.py:153} INFO - Started process (PID=1361) to work on /opt/airflow/dags/dag_con_backfilling.py
[2023-12-11 03:35:10,731] {processor.py:641} INFO - Processing file /opt/airflow/dags/dag_con_backfilling.py for tasks to queue
[2023-12-11 03:35:10,732] {logging_mixin.py:115} INFO - [2023-12-11 03:35:10,732] {dagbag.py:508} INFO - Filling up the DagBag from /opt/airflow/dags/dag_con_backfilling.py
[2023-12-11 03:35:10,776] {processor.py:651} INFO - DAG(s) dict_keys(['dag_con_backfilling']) retrieved from /opt/airflow/dags/dag_con_backfilling.py
[2023-12-11 03:35:10,848] {logging_mixin.py:115} INFO - [2023-12-11 03:35:10,848] {dag.py:2420} INFO - Sync 1 DAGs
[2023-12-11 03:35:10,976] {logging_mixin.py:115} INFO - [2023-12-11 03:35:10,974] {dag.py:2972} INFO - Setting next_dagrun for dag_con_backfilling to 2023-12-10T00:00:00+00:00, run_after=2023-12-11T00:00:00+00:00
[2023-12-11 03:35:11,019] {processor.py:161} INFO - Processing /opt/airflow/dags/dag_con_backfilling.py took 0.302 seconds
[2023-12-11 03:35:21,446] {processor.py:153} INFO - Started process (PID=1381) to work on /opt/airflow/dags/dag_con_backfilling.py
[2023-12-11 03:35:21,447] {processor.py:641} INFO - Processing file /opt/airflow/dags/dag_con_backfilling.py for tasks to queue
[2023-12-11 03:35:21,448] {logging_mixin.py:115} INFO - [2023-12-11 03:35:21,448] {dagbag.py:508} INFO - Filling up the DagBag from /opt/airflow/dags/dag_con_backfilling.py
[2023-12-11 03:35:21,489] {processor.py:651} INFO - DAG(s) dict_keys(['dag_con_backfilling']) retrieved from /opt/airflow/dags/dag_con_backfilling.py
[2023-12-11 03:35:21,547] {logging_mixin.py:115} INFO - [2023-12-11 03:35:21,547] {dag.py:2420} INFO - Sync 1 DAGs
[2023-12-11 03:35:21,592] {logging_mixin.py:115} INFO - [2023-12-11 03:35:21,592] {dag.py:2972} INFO - Setting next_dagrun for dag_con_backfilling to 2023-12-10T00:00:00+00:00, run_after=2023-12-11T00:00:00+00:00
[2023-12-11 03:35:21,618] {processor.py:161} INFO - Processing /opt/airflow/dags/dag_con_backfilling.py took 0.184 seconds
[2023-12-11 03:35:32,268] {processor.py:153} INFO - Started process (PID=1403) to work on /opt/airflow/dags/dag_con_backfilling.py
[2023-12-11 03:35:32,269] {processor.py:641} INFO - Processing file /opt/airflow/dags/dag_con_backfilling.py for tasks to queue
[2023-12-11 03:35:32,271] {logging_mixin.py:115} INFO - [2023-12-11 03:35:32,271] {dagbag.py:508} INFO - Filling up the DagBag from /opt/airflow/dags/dag_con_backfilling.py
[2023-12-11 03:35:32,313] {processor.py:651} INFO - DAG(s) dict_keys(['dag_con_backfilling']) retrieved from /opt/airflow/dags/dag_con_backfilling.py
[2023-12-11 03:35:32,373] {logging_mixin.py:115} INFO - [2023-12-11 03:35:32,373] {dag.py:2420} INFO - Sync 1 DAGs
[2023-12-11 03:35:32,418] {logging_mixin.py:115} INFO - [2023-12-11 03:35:32,418] {dag.py:2972} INFO - Setting next_dagrun for dag_con_backfilling to 2023-12-10T00:00:00+00:00, run_after=2023-12-11T00:00:00+00:00
[2023-12-11 03:35:32,438] {processor.py:161} INFO - Processing /opt/airflow/dags/dag_con_backfilling.py took 0.178 seconds
[2023-12-11 03:35:42,803] {processor.py:153} INFO - Started process (PID=1423) to work on /opt/airflow/dags/dag_con_backfilling.py
[2023-12-11 03:35:42,804] {processor.py:641} INFO - Processing file /opt/airflow/dags/dag_con_backfilling.py for tasks to queue
[2023-12-11 03:35:42,806] {logging_mixin.py:115} INFO - [2023-12-11 03:35:42,806] {dagbag.py:508} INFO - Filling up the DagBag from /opt/airflow/dags/dag_con_backfilling.py
[2023-12-11 03:35:42,840] {processor.py:651} INFO - DAG(s) dict_keys(['dag_con_backfilling']) retrieved from /opt/airflow/dags/dag_con_backfilling.py
[2023-12-11 03:35:42,888] {logging_mixin.py:115} INFO - [2023-12-11 03:35:42,887] {dag.py:2420} INFO - Sync 1 DAGs
[2023-12-11 03:35:42,924] {logging_mixin.py:115} INFO - [2023-12-11 03:35:42,924] {dag.py:2972} INFO - Setting next_dagrun for dag_con_backfilling to 2023-12-10T00:00:00+00:00, run_after=2023-12-11T00:00:00+00:00
[2023-12-11 03:35:42,945] {processor.py:161} INFO - Processing /opt/airflow/dags/dag_con_backfilling.py took 0.147 seconds
[2023-12-11 03:35:53,195] {processor.py:153} INFO - Started process (PID=1441) to work on /opt/airflow/dags/dag_con_backfilling.py
[2023-12-11 03:35:53,196] {processor.py:641} INFO - Processing file /opt/airflow/dags/dag_con_backfilling.py for tasks to queue
[2023-12-11 03:35:53,197] {logging_mixin.py:115} INFO - [2023-12-11 03:35:53,197] {dagbag.py:508} INFO - Filling up the DagBag from /opt/airflow/dags/dag_con_backfilling.py
[2023-12-11 03:35:53,231] {processor.py:651} INFO - DAG(s) dict_keys(['dag_con_backfilling']) retrieved from /opt/airflow/dags/dag_con_backfilling.py
[2023-12-11 03:35:53,276] {logging_mixin.py:115} INFO - [2023-12-11 03:35:53,275] {dag.py:2420} INFO - Sync 1 DAGs
[2023-12-11 03:35:53,334] {logging_mixin.py:115} INFO - [2023-12-11 03:35:53,334] {dag.py:2972} INFO - Setting next_dagrun for dag_con_backfilling to 2023-12-10T00:00:00+00:00, run_after=2023-12-11T00:00:00+00:00
[2023-12-11 03:35:53,356] {processor.py:161} INFO - Processing /opt/airflow/dags/dag_con_backfilling.py took 0.167 seconds
[2023-12-11 03:36:03,949] {processor.py:153} INFO - Started process (PID=1463) to work on /opt/airflow/dags/dag_con_backfilling.py
[2023-12-11 03:36:03,950] {processor.py:641} INFO - Processing file /opt/airflow/dags/dag_con_backfilling.py for tasks to queue
[2023-12-11 03:36:03,951] {logging_mixin.py:115} INFO - [2023-12-11 03:36:03,951] {dagbag.py:508} INFO - Filling up the DagBag from /opt/airflow/dags/dag_con_backfilling.py
[2023-12-11 03:36:03,983] {processor.py:651} INFO - DAG(s) dict_keys(['dag_con_backfilling']) retrieved from /opt/airflow/dags/dag_con_backfilling.py
[2023-12-11 03:36:04,025] {logging_mixin.py:115} INFO - [2023-12-11 03:36:04,024] {dag.py:2420} INFO - Sync 1 DAGs
[2023-12-11 03:36:04,069] {logging_mixin.py:115} INFO - [2023-12-11 03:36:04,069] {dag.py:2972} INFO - Setting next_dagrun for dag_con_backfilling to 2023-12-10T00:00:00+00:00, run_after=2023-12-11T00:00:00+00:00
[2023-12-11 03:36:04,094] {processor.py:161} INFO - Processing /opt/airflow/dags/dag_con_backfilling.py took 0.150 seconds
[2023-12-11 03:36:14,439] {processor.py:153} INFO - Started process (PID=1481) to work on /opt/airflow/dags/dag_con_backfilling.py
[2023-12-11 03:36:14,440] {processor.py:641} INFO - Processing file /opt/airflow/dags/dag_con_backfilling.py for tasks to queue
[2023-12-11 03:36:14,442] {logging_mixin.py:115} INFO - [2023-12-11 03:36:14,442] {dagbag.py:508} INFO - Filling up the DagBag from /opt/airflow/dags/dag_con_backfilling.py
[2023-12-11 03:36:14,495] {processor.py:651} INFO - DAG(s) dict_keys(['dag_con_backfilling']) retrieved from /opt/airflow/dags/dag_con_backfilling.py
[2023-12-11 03:36:14,596] {logging_mixin.py:115} INFO - [2023-12-11 03:36:14,596] {dag.py:2420} INFO - Sync 1 DAGs
[2023-12-11 03:36:14,713] {logging_mixin.py:115} INFO - [2023-12-11 03:36:14,713] {dag.py:2972} INFO - Setting next_dagrun for dag_con_backfilling to 2023-12-10T00:00:00+00:00, run_after=2023-12-11T00:00:00+00:00
[2023-12-11 03:36:14,898] {processor.py:161} INFO - Processing /opt/airflow/dags/dag_con_backfilling.py took 0.465 seconds
[2023-12-11 03:36:25,534] {processor.py:153} INFO - Started process (PID=1503) to work on /opt/airflow/dags/dag_con_backfilling.py
[2023-12-11 03:36:25,535] {processor.py:641} INFO - Processing file /opt/airflow/dags/dag_con_backfilling.py for tasks to queue
[2023-12-11 03:36:25,537] {logging_mixin.py:115} INFO - [2023-12-11 03:36:25,537] {dagbag.py:508} INFO - Filling up the DagBag from /opt/airflow/dags/dag_con_backfilling.py
[2023-12-11 03:36:25,567] {processor.py:651} INFO - DAG(s) dict_keys(['dag_con_backfilling']) retrieved from /opt/airflow/dags/dag_con_backfilling.py
[2023-12-11 03:36:25,610] {logging_mixin.py:115} INFO - [2023-12-11 03:36:25,610] {dag.py:2420} INFO - Sync 1 DAGs
[2023-12-11 03:36:25,657] {logging_mixin.py:115} INFO - [2023-12-11 03:36:25,657] {dag.py:2972} INFO - Setting next_dagrun for dag_con_backfilling to 2023-12-10T00:00:00+00:00, run_after=2023-12-11T00:00:00+00:00
[2023-12-11 03:36:25,681] {processor.py:161} INFO - Processing /opt/airflow/dags/dag_con_backfilling.py took 0.153 seconds
[2023-12-11 03:36:36,085] {processor.py:153} INFO - Started process (PID=1523) to work on /opt/airflow/dags/dag_con_backfilling.py
[2023-12-11 03:36:36,086] {processor.py:641} INFO - Processing file /opt/airflow/dags/dag_con_backfilling.py for tasks to queue
[2023-12-11 03:36:36,087] {logging_mixin.py:115} INFO - [2023-12-11 03:36:36,087] {dagbag.py:508} INFO - Filling up the DagBag from /opt/airflow/dags/dag_con_backfilling.py
[2023-12-11 03:36:36,116] {processor.py:651} INFO - DAG(s) dict_keys(['dag_con_backfilling']) retrieved from /opt/airflow/dags/dag_con_backfilling.py
[2023-12-11 03:36:36,157] {logging_mixin.py:115} INFO - [2023-12-11 03:36:36,157] {dag.py:2420} INFO - Sync 1 DAGs
[2023-12-11 03:36:36,197] {logging_mixin.py:115} INFO - [2023-12-11 03:36:36,197] {dag.py:2972} INFO - Setting next_dagrun for dag_con_backfilling to 2023-12-10T00:00:00+00:00, run_after=2023-12-11T00:00:00+00:00
[2023-12-11 03:36:36,217] {processor.py:161} INFO - Processing /opt/airflow/dags/dag_con_backfilling.py took 0.137 seconds
