[2023-12-11 03:20:18,097] {processor.py:153} INFO - Started process (PID=170) to work on /opt/airflow/dags/dag_postgres_database.py
[2023-12-11 03:20:18,108] {processor.py:641} INFO - Processing file /opt/airflow/dags/dag_postgres_database.py for tasks to queue
[2023-12-11 03:20:18,115] {logging_mixin.py:115} INFO - [2023-12-11 03:20:18,114] {dagbag.py:508} INFO - Filling up the DagBag from /opt/airflow/dags/dag_postgres_database.py
[2023-12-11 03:20:18,500] {processor.py:651} INFO - DAG(s) dict_keys(['dag_con_conexion_postgres']) retrieved from /opt/airflow/dags/dag_postgres_database.py
[2023-12-11 03:20:18,799] {logging_mixin.py:115} INFO - [2023-12-11 03:20:18,799] {manager.py:508} INFO - Created Permission View: can edit on DAG:dag_con_conexion_postgres
[2023-12-11 03:20:18,862] {logging_mixin.py:115} INFO - [2023-12-11 03:20:18,861] {manager.py:508} INFO - Created Permission View: can read on DAG:dag_con_conexion_postgres
[2023-12-11 03:20:18,888] {logging_mixin.py:115} INFO - [2023-12-11 03:20:18,888] {manager.py:508} INFO - Created Permission View: can delete on DAG:dag_con_conexion_postgres
[2023-12-11 03:20:18,899] {logging_mixin.py:115} INFO - [2023-12-11 03:20:18,899] {dag.py:2420} INFO - Sync 1 DAGs
[2023-12-11 03:20:18,932] {logging_mixin.py:115} INFO - [2023-12-11 03:20:18,932] {dag.py:2439} INFO - Creating ORM DAG for dag_con_conexion_postgres
[2023-12-11 03:20:18,985] {logging_mixin.py:115} INFO - [2023-12-11 03:20:18,985] {dag.py:2972} INFO - Setting next_dagrun for dag_con_conexion_postgres to 2023-06-12T00:00:00+00:00, run_after=2023-06-13T00:00:00+00:00
[2023-12-11 03:20:19,063] {processor.py:161} INFO - Processing /opt/airflow/dags/dag_postgres_database.py took 0.990 seconds
[2023-12-11 03:20:29,721] {processor.py:153} INFO - Started process (PID=192) to work on /opt/airflow/dags/dag_postgres_database.py
[2023-12-11 03:20:29,724] {processor.py:641} INFO - Processing file /opt/airflow/dags/dag_postgres_database.py for tasks to queue
[2023-12-11 03:20:29,726] {logging_mixin.py:115} INFO - [2023-12-11 03:20:29,726] {dagbag.py:508} INFO - Filling up the DagBag from /opt/airflow/dags/dag_postgres_database.py
[2023-12-11 03:20:30,235] {processor.py:651} INFO - DAG(s) dict_keys(['dag_con_conexion_postgres']) retrieved from /opt/airflow/dags/dag_postgres_database.py
[2023-12-11 03:20:30,326] {logging_mixin.py:115} INFO - [2023-12-11 03:20:30,326] {dag.py:2420} INFO - Sync 1 DAGs
[2023-12-11 03:20:30,543] {logging_mixin.py:115} INFO - [2023-12-11 03:20:30,543] {dag.py:2972} INFO - Setting next_dagrun for dag_con_conexion_postgres to 2023-06-12T00:00:00+00:00, run_after=2023-06-13T00:00:00+00:00
[2023-12-11 03:20:30,653] {processor.py:161} INFO - Processing /opt/airflow/dags/dag_postgres_database.py took 0.983 seconds
[2023-12-11 03:24:31,138] {processor.py:153} INFO - Started process (PID=171) to work on /opt/airflow/dags/dag_postgres_database.py
[2023-12-11 03:24:31,144] {processor.py:641} INFO - Processing file /opt/airflow/dags/dag_postgres_database.py for tasks to queue
[2023-12-11 03:24:31,146] {logging_mixin.py:115} INFO - [2023-12-11 03:24:31,146] {dagbag.py:508} INFO - Filling up the DagBag from /opt/airflow/dags/dag_postgres_database.py
[2023-12-11 03:24:31,258] {processor.py:651} INFO - DAG(s) dict_keys(['dag_con_conexion_postgres']) retrieved from /opt/airflow/dags/dag_postgres_database.py
[2023-12-11 03:24:31,315] {logging_mixin.py:115} INFO - [2023-12-11 03:24:31,315] {dag.py:2420} INFO - Sync 1 DAGs
[2023-12-11 03:24:31,367] {logging_mixin.py:115} INFO - [2023-12-11 03:24:31,367] {dag.py:2972} INFO - Setting next_dagrun for dag_con_conexion_postgres to 2023-06-12T00:00:00+00:00, run_after=2023-06-13T00:00:00+00:00
[2023-12-11 03:24:31,424] {processor.py:161} INFO - Processing /opt/airflow/dags/dag_postgres_database.py took 0.301 seconds
[2023-12-11 03:24:41,855] {processor.py:153} INFO - Started process (PID=191) to work on /opt/airflow/dags/dag_postgres_database.py
[2023-12-11 03:24:41,858] {processor.py:641} INFO - Processing file /opt/airflow/dags/dag_postgres_database.py for tasks to queue
[2023-12-11 03:24:41,860] {logging_mixin.py:115} INFO - [2023-12-11 03:24:41,860] {dagbag.py:508} INFO - Filling up the DagBag from /opt/airflow/dags/dag_postgres_database.py
[2023-12-11 03:24:41,920] {processor.py:651} INFO - DAG(s) dict_keys(['dag_con_conexion_postgres']) retrieved from /opt/airflow/dags/dag_postgres_database.py
[2023-12-11 03:24:41,964] {logging_mixin.py:115} INFO - [2023-12-11 03:24:41,964] {dag.py:2420} INFO - Sync 1 DAGs
[2023-12-11 03:24:42,008] {logging_mixin.py:115} INFO - [2023-12-11 03:24:42,008] {dag.py:2972} INFO - Setting next_dagrun for dag_con_conexion_postgres to 2023-06-12T00:00:00+00:00, run_after=2023-06-13T00:00:00+00:00
[2023-12-11 03:24:42,804] {processor.py:161} INFO - Processing /opt/airflow/dags/dag_postgres_database.py took 0.960 seconds
[2023-12-11 03:24:53,523] {processor.py:153} INFO - Started process (PID=210) to work on /opt/airflow/dags/dag_postgres_database.py
[2023-12-11 03:24:53,581] {processor.py:641} INFO - Processing file /opt/airflow/dags/dag_postgres_database.py for tasks to queue
[2023-12-11 03:24:53,583] {logging_mixin.py:115} INFO - [2023-12-11 03:24:53,583] {dagbag.py:508} INFO - Filling up the DagBag from /opt/airflow/dags/dag_postgres_database.py
[2023-12-11 03:24:53,681] {processor.py:651} INFO - DAG(s) dict_keys(['dag_con_conexion_postgres']) retrieved from /opt/airflow/dags/dag_postgres_database.py
[2023-12-11 03:24:53,833] {logging_mixin.py:115} INFO - [2023-12-11 03:24:53,832] {dag.py:2420} INFO - Sync 1 DAGs
[2023-12-11 03:24:54,028] {logging_mixin.py:115} INFO - [2023-12-11 03:24:54,028] {dag.py:2972} INFO - Setting next_dagrun for dag_con_conexion_postgres to 2023-06-12T00:00:00+00:00, run_after=2023-06-13T00:00:00+00:00
[2023-12-11 03:24:54,171] {processor.py:161} INFO - Processing /opt/airflow/dags/dag_postgres_database.py took 0.673 seconds
[2023-12-11 03:25:04,468] {processor.py:153} INFO - Started process (PID=230) to work on /opt/airflow/dags/dag_postgres_database.py
[2023-12-11 03:25:04,469] {processor.py:641} INFO - Processing file /opt/airflow/dags/dag_postgres_database.py for tasks to queue
[2023-12-11 03:25:04,473] {logging_mixin.py:115} INFO - [2023-12-11 03:25:04,472] {dagbag.py:508} INFO - Filling up the DagBag from /opt/airflow/dags/dag_postgres_database.py
[2023-12-11 03:25:04,545] {processor.py:651} INFO - DAG(s) dict_keys(['dag_con_conexion_postgres']) retrieved from /opt/airflow/dags/dag_postgres_database.py
[2023-12-11 03:25:04,598] {logging_mixin.py:115} INFO - [2023-12-11 03:25:04,598] {dag.py:2420} INFO - Sync 1 DAGs
[2023-12-11 03:25:04,775] {logging_mixin.py:115} INFO - [2023-12-11 03:25:04,774] {dag.py:2972} INFO - Setting next_dagrun for dag_con_conexion_postgres to 2023-06-12T00:00:00+00:00, run_after=2023-06-13T00:00:00+00:00
[2023-12-11 03:25:04,925] {processor.py:161} INFO - Processing /opt/airflow/dags/dag_postgres_database.py took 0.467 seconds
[2023-12-11 03:25:15,559] {processor.py:153} INFO - Started process (PID=253) to work on /opt/airflow/dags/dag_postgres_database.py
[2023-12-11 03:25:15,576] {processor.py:641} INFO - Processing file /opt/airflow/dags/dag_postgres_database.py for tasks to queue
[2023-12-11 03:25:15,578] {logging_mixin.py:115} INFO - [2023-12-11 03:25:15,578] {dagbag.py:508} INFO - Filling up the DagBag from /opt/airflow/dags/dag_postgres_database.py
[2023-12-11 03:25:15,661] {processor.py:651} INFO - DAG(s) dict_keys(['dag_con_conexion_postgres']) retrieved from /opt/airflow/dags/dag_postgres_database.py
[2023-12-11 03:25:15,718] {logging_mixin.py:115} INFO - [2023-12-11 03:25:15,717] {dag.py:2420} INFO - Sync 1 DAGs
[2023-12-11 03:25:15,791] {logging_mixin.py:115} INFO - [2023-12-11 03:25:15,791] {dag.py:2972} INFO - Setting next_dagrun for dag_con_conexion_postgres to 2023-06-12T00:00:00+00:00, run_after=2023-06-13T00:00:00+00:00
[2023-12-11 03:25:15,847] {processor.py:161} INFO - Processing /opt/airflow/dags/dag_postgres_database.py took 0.300 seconds
[2023-12-11 03:25:26,602] {processor.py:153} INFO - Started process (PID=273) to work on /opt/airflow/dags/dag_postgres_database.py
[2023-12-11 03:25:26,605] {processor.py:641} INFO - Processing file /opt/airflow/dags/dag_postgres_database.py for tasks to queue
[2023-12-11 03:25:26,606] {logging_mixin.py:115} INFO - [2023-12-11 03:25:26,606] {dagbag.py:508} INFO - Filling up the DagBag from /opt/airflow/dags/dag_postgres_database.py
[2023-12-11 03:25:26,660] {processor.py:651} INFO - DAG(s) dict_keys(['dag_con_conexion_postgres']) retrieved from /opt/airflow/dags/dag_postgres_database.py
[2023-12-11 03:25:26,725] {logging_mixin.py:115} INFO - [2023-12-11 03:25:26,725] {dag.py:2420} INFO - Sync 1 DAGs
[2023-12-11 03:25:26,791] {logging_mixin.py:115} INFO - [2023-12-11 03:25:26,791] {dag.py:2972} INFO - Setting next_dagrun for dag_con_conexion_postgres to 2023-06-12T00:00:00+00:00, run_after=2023-06-13T00:00:00+00:00
[2023-12-11 03:25:26,817] {processor.py:161} INFO - Processing /opt/airflow/dags/dag_postgres_database.py took 0.220 seconds
[2023-12-11 03:25:37,515] {processor.py:153} INFO - Started process (PID=293) to work on /opt/airflow/dags/dag_postgres_database.py
[2023-12-11 03:25:37,516] {processor.py:641} INFO - Processing file /opt/airflow/dags/dag_postgres_database.py for tasks to queue
[2023-12-11 03:25:37,519] {logging_mixin.py:115} INFO - [2023-12-11 03:25:37,519] {dagbag.py:508} INFO - Filling up the DagBag from /opt/airflow/dags/dag_postgres_database.py
[2023-12-11 03:25:37,559] {processor.py:651} INFO - DAG(s) dict_keys(['dag_con_conexion_postgres']) retrieved from /opt/airflow/dags/dag_postgres_database.py
[2023-12-11 03:25:37,619] {logging_mixin.py:115} INFO - [2023-12-11 03:25:37,618] {dag.py:2420} INFO - Sync 1 DAGs
[2023-12-11 03:25:37,678] {logging_mixin.py:115} INFO - [2023-12-11 03:25:37,678] {dag.py:2972} INFO - Setting next_dagrun for dag_con_conexion_postgres to 2023-06-12T00:00:00+00:00, run_after=2023-06-13T00:00:00+00:00
[2023-12-11 03:25:37,706] {processor.py:161} INFO - Processing /opt/airflow/dags/dag_postgres_database.py took 0.204 seconds
[2023-12-11 03:25:48,165] {processor.py:153} INFO - Started process (PID=313) to work on /opt/airflow/dags/dag_postgres_database.py
[2023-12-11 03:25:48,167] {processor.py:641} INFO - Processing file /opt/airflow/dags/dag_postgres_database.py for tasks to queue
[2023-12-11 03:25:48,169] {logging_mixin.py:115} INFO - [2023-12-11 03:25:48,169] {dagbag.py:508} INFO - Filling up the DagBag from /opt/airflow/dags/dag_postgres_database.py
[2023-12-11 03:25:48,212] {processor.py:651} INFO - DAG(s) dict_keys(['dag_con_conexion_postgres']) retrieved from /opt/airflow/dags/dag_postgres_database.py
[2023-12-11 03:25:48,261] {logging_mixin.py:115} INFO - [2023-12-11 03:25:48,260] {dag.py:2420} INFO - Sync 1 DAGs
[2023-12-11 03:25:48,308] {logging_mixin.py:115} INFO - [2023-12-11 03:25:48,308] {dag.py:2972} INFO - Setting next_dagrun for dag_con_conexion_postgres to 2023-06-12T00:00:00+00:00, run_after=2023-06-13T00:00:00+00:00
[2023-12-11 03:25:48,337] {processor.py:161} INFO - Processing /opt/airflow/dags/dag_postgres_database.py took 0.177 seconds
[2023-12-11 03:25:58,531] {processor.py:153} INFO - Started process (PID=331) to work on /opt/airflow/dags/dag_postgres_database.py
[2023-12-11 03:25:58,532] {processor.py:641} INFO - Processing file /opt/airflow/dags/dag_postgres_database.py for tasks to queue
[2023-12-11 03:25:58,535] {logging_mixin.py:115} INFO - [2023-12-11 03:25:58,534] {dagbag.py:508} INFO - Filling up the DagBag from /opt/airflow/dags/dag_postgres_database.py
[2023-12-11 03:25:58,589] {processor.py:651} INFO - DAG(s) dict_keys(['dag_con_conexion_postgres']) retrieved from /opt/airflow/dags/dag_postgres_database.py
[2023-12-11 03:25:58,635] {logging_mixin.py:115} INFO - [2023-12-11 03:25:58,635] {dag.py:2420} INFO - Sync 1 DAGs
[2023-12-11 03:25:58,716] {logging_mixin.py:115} INFO - [2023-12-11 03:25:58,716] {dag.py:2972} INFO - Setting next_dagrun for dag_con_conexion_postgres to 2023-06-12T00:00:00+00:00, run_after=2023-06-13T00:00:00+00:00
[2023-12-11 03:25:58,746] {processor.py:161} INFO - Processing /opt/airflow/dags/dag_postgres_database.py took 0.223 seconds
[2023-12-11 03:26:09,136] {processor.py:153} INFO - Started process (PID=350) to work on /opt/airflow/dags/dag_postgres_database.py
[2023-12-11 03:26:09,138] {processor.py:641} INFO - Processing file /opt/airflow/dags/dag_postgres_database.py for tasks to queue
[2023-12-11 03:26:09,139] {logging_mixin.py:115} INFO - [2023-12-11 03:26:09,139] {dagbag.py:508} INFO - Filling up the DagBag from /opt/airflow/dags/dag_postgres_database.py
[2023-12-11 03:26:09,188] {processor.py:651} INFO - DAG(s) dict_keys(['dag_con_conexion_postgres']) retrieved from /opt/airflow/dags/dag_postgres_database.py
[2023-12-11 03:26:09,295] {logging_mixin.py:115} INFO - [2023-12-11 03:26:09,295] {dag.py:2420} INFO - Sync 1 DAGs
[2023-12-11 03:26:09,372] {logging_mixin.py:115} INFO - [2023-12-11 03:26:09,372] {dag.py:2972} INFO - Setting next_dagrun for dag_con_conexion_postgres to 2023-06-12T00:00:00+00:00, run_after=2023-06-13T00:00:00+00:00
[2023-12-11 03:26:09,402] {processor.py:161} INFO - Processing /opt/airflow/dags/dag_postgres_database.py took 0.274 seconds
[2023-12-11 03:26:20,177] {processor.py:153} INFO - Started process (PID=370) to work on /opt/airflow/dags/dag_postgres_database.py
[2023-12-11 03:26:20,183] {processor.py:641} INFO - Processing file /opt/airflow/dags/dag_postgres_database.py for tasks to queue
[2023-12-11 03:26:20,190] {logging_mixin.py:115} INFO - [2023-12-11 03:26:20,190] {dagbag.py:508} INFO - Filling up the DagBag from /opt/airflow/dags/dag_postgres_database.py
[2023-12-11 03:26:20,337] {processor.py:651} INFO - DAG(s) dict_keys(['dag_con_conexion_postgres']) retrieved from /opt/airflow/dags/dag_postgres_database.py
[2023-12-11 03:26:20,448] {logging_mixin.py:115} INFO - [2023-12-11 03:26:20,448] {dag.py:2420} INFO - Sync 1 DAGs
[2023-12-11 03:26:20,543] {logging_mixin.py:115} INFO - [2023-12-11 03:26:20,542] {dag.py:2972} INFO - Setting next_dagrun for dag_con_conexion_postgres to 2023-06-12T00:00:00+00:00, run_after=2023-06-13T00:00:00+00:00
[2023-12-11 03:26:20,599] {processor.py:161} INFO - Processing /opt/airflow/dags/dag_postgres_database.py took 0.430 seconds
[2023-12-11 03:26:31,212] {processor.py:153} INFO - Started process (PID=390) to work on /opt/airflow/dags/dag_postgres_database.py
[2023-12-11 03:26:31,214] {processor.py:641} INFO - Processing file /opt/airflow/dags/dag_postgres_database.py for tasks to queue
[2023-12-11 03:26:31,215] {logging_mixin.py:115} INFO - [2023-12-11 03:26:31,215] {dagbag.py:508} INFO - Filling up the DagBag from /opt/airflow/dags/dag_postgres_database.py
[2023-12-11 03:26:31,302] {processor.py:651} INFO - DAG(s) dict_keys(['dag_con_conexion_postgres']) retrieved from /opt/airflow/dags/dag_postgres_database.py
[2023-12-11 03:26:31,389] {logging_mixin.py:115} INFO - [2023-12-11 03:26:31,389] {dag.py:2420} INFO - Sync 1 DAGs
[2023-12-11 03:26:31,491] {logging_mixin.py:115} INFO - [2023-12-11 03:26:31,487] {dag.py:2972} INFO - Setting next_dagrun for dag_con_conexion_postgres to 2023-06-12T00:00:00+00:00, run_after=2023-06-13T00:00:00+00:00
[2023-12-11 03:26:31,522] {processor.py:161} INFO - Processing /opt/airflow/dags/dag_postgres_database.py took 0.316 seconds
[2023-12-11 03:26:41,637] {processor.py:153} INFO - Started process (PID=411) to work on /opt/airflow/dags/dag_postgres_database.py
[2023-12-11 03:26:41,639] {processor.py:641} INFO - Processing file /opt/airflow/dags/dag_postgres_database.py for tasks to queue
[2023-12-11 03:26:41,641] {logging_mixin.py:115} INFO - [2023-12-11 03:26:41,641] {dagbag.py:508} INFO - Filling up the DagBag from /opt/airflow/dags/dag_postgres_database.py
[2023-12-11 03:26:41,698] {processor.py:651} INFO - DAG(s) dict_keys(['dag_con_conexion_postgres']) retrieved from /opt/airflow/dags/dag_postgres_database.py
[2023-12-11 03:26:41,753] {logging_mixin.py:115} INFO - [2023-12-11 03:26:41,753] {dag.py:2420} INFO - Sync 1 DAGs
[2023-12-11 03:26:41,806] {logging_mixin.py:115} INFO - [2023-12-11 03:26:41,806] {dag.py:2972} INFO - Setting next_dagrun for dag_con_conexion_postgres to 2023-06-12T00:00:00+00:00, run_after=2023-06-13T00:00:00+00:00
[2023-12-11 03:26:41,835] {processor.py:161} INFO - Processing /opt/airflow/dags/dag_postgres_database.py took 0.204 seconds
[2023-12-11 03:26:52,385] {processor.py:153} INFO - Started process (PID=431) to work on /opt/airflow/dags/dag_postgres_database.py
[2023-12-11 03:26:52,396] {processor.py:641} INFO - Processing file /opt/airflow/dags/dag_postgres_database.py for tasks to queue
[2023-12-11 03:26:52,399] {logging_mixin.py:115} INFO - [2023-12-11 03:26:52,398] {dagbag.py:508} INFO - Filling up the DagBag from /opt/airflow/dags/dag_postgres_database.py
[2023-12-11 03:26:52,515] {processor.py:651} INFO - DAG(s) dict_keys(['dag_con_conexion_postgres']) retrieved from /opt/airflow/dags/dag_postgres_database.py
[2023-12-11 03:26:52,693] {logging_mixin.py:115} INFO - [2023-12-11 03:26:52,693] {dag.py:2420} INFO - Sync 1 DAGs
[2023-12-11 03:26:52,847] {logging_mixin.py:115} INFO - [2023-12-11 03:26:52,843] {dag.py:2972} INFO - Setting next_dagrun for dag_con_conexion_postgres to 2023-06-12T00:00:00+00:00, run_after=2023-06-13T00:00:00+00:00
[2023-12-11 03:26:53,077] {processor.py:161} INFO - Processing /opt/airflow/dags/dag_postgres_database.py took 0.699 seconds
[2023-12-11 03:27:03,232] {processor.py:153} INFO - Started process (PID=453) to work on /opt/airflow/dags/dag_postgres_database.py
[2023-12-11 03:27:03,234] {processor.py:641} INFO - Processing file /opt/airflow/dags/dag_postgres_database.py for tasks to queue
[2023-12-11 03:27:03,235] {logging_mixin.py:115} INFO - [2023-12-11 03:27:03,235] {dagbag.py:508} INFO - Filling up the DagBag from /opt/airflow/dags/dag_postgres_database.py
[2023-12-11 03:27:03,280] {processor.py:651} INFO - DAG(s) dict_keys(['dag_con_conexion_postgres']) retrieved from /opt/airflow/dags/dag_postgres_database.py
[2023-12-11 03:27:03,322] {logging_mixin.py:115} INFO - [2023-12-11 03:27:03,322] {dag.py:2420} INFO - Sync 1 DAGs
[2023-12-11 03:27:03,380] {logging_mixin.py:115} INFO - [2023-12-11 03:27:03,380] {dag.py:2972} INFO - Setting next_dagrun for dag_con_conexion_postgres to 2023-06-12T00:00:00+00:00, run_after=2023-06-13T00:00:00+00:00
[2023-12-11 03:27:03,404] {processor.py:161} INFO - Processing /opt/airflow/dags/dag_postgres_database.py took 0.176 seconds
[2023-12-11 03:27:13,596] {processor.py:153} INFO - Started process (PID=471) to work on /opt/airflow/dags/dag_postgres_database.py
[2023-12-11 03:27:13,598] {processor.py:641} INFO - Processing file /opt/airflow/dags/dag_postgres_database.py for tasks to queue
[2023-12-11 03:27:13,599] {logging_mixin.py:115} INFO - [2023-12-11 03:27:13,599] {dagbag.py:508} INFO - Filling up the DagBag from /opt/airflow/dags/dag_postgres_database.py
[2023-12-11 03:27:13,655] {processor.py:651} INFO - DAG(s) dict_keys(['dag_con_conexion_postgres']) retrieved from /opt/airflow/dags/dag_postgres_database.py
[2023-12-11 03:27:13,737] {logging_mixin.py:115} INFO - [2023-12-11 03:27:13,737] {dag.py:2420} INFO - Sync 1 DAGs
[2023-12-11 03:27:13,803] {logging_mixin.py:115} INFO - [2023-12-11 03:27:13,802] {dag.py:2972} INFO - Setting next_dagrun for dag_con_conexion_postgres to 2023-06-12T00:00:00+00:00, run_after=2023-06-13T00:00:00+00:00
[2023-12-11 03:27:13,845] {processor.py:161} INFO - Processing /opt/airflow/dags/dag_postgres_database.py took 0.257 seconds
[2023-12-11 03:27:24,289] {processor.py:153} INFO - Started process (PID=491) to work on /opt/airflow/dags/dag_postgres_database.py
[2023-12-11 03:27:24,290] {processor.py:641} INFO - Processing file /opt/airflow/dags/dag_postgres_database.py for tasks to queue
[2023-12-11 03:27:24,292] {logging_mixin.py:115} INFO - [2023-12-11 03:27:24,292] {dagbag.py:508} INFO - Filling up the DagBag from /opt/airflow/dags/dag_postgres_database.py
[2023-12-11 03:27:24,349] {processor.py:651} INFO - DAG(s) dict_keys(['dag_con_conexion_postgres']) retrieved from /opt/airflow/dags/dag_postgres_database.py
[2023-12-11 03:27:24,400] {logging_mixin.py:115} INFO - [2023-12-11 03:27:24,400] {dag.py:2420} INFO - Sync 1 DAGs
[2023-12-11 03:27:24,451] {logging_mixin.py:115} INFO - [2023-12-11 03:27:24,451] {dag.py:2972} INFO - Setting next_dagrun for dag_con_conexion_postgres to 2023-06-12T00:00:00+00:00, run_after=2023-06-13T00:00:00+00:00
[2023-12-11 03:27:24,486] {processor.py:161} INFO - Processing /opt/airflow/dags/dag_postgres_database.py took 0.211 seconds
[2023-12-11 03:27:37,487] {processor.py:153} INFO - Started process (PID=511) to work on /opt/airflow/dags/dag_postgres_database.py
[2023-12-11 03:27:37,510] {processor.py:641} INFO - Processing file /opt/airflow/dags/dag_postgres_database.py for tasks to queue
[2023-12-11 03:27:37,532] {logging_mixin.py:115} INFO - [2023-12-11 03:27:37,532] {dagbag.py:508} INFO - Filling up the DagBag from /opt/airflow/dags/dag_postgres_database.py
[2023-12-11 03:27:38,350] {processor.py:651} INFO - DAG(s) dict_keys(['dag_con_conexion_postgres']) retrieved from /opt/airflow/dags/dag_postgres_database.py
[2023-12-11 03:27:38,512] {logging_mixin.py:115} INFO - [2023-12-11 03:27:38,512] {dag.py:2420} INFO - Sync 1 DAGs
[2023-12-11 03:27:38,690] {logging_mixin.py:115} INFO - [2023-12-11 03:27:38,690] {dag.py:2972} INFO - Setting next_dagrun for dag_con_conexion_postgres to 2023-06-12T00:00:00+00:00, run_after=2023-06-13T00:00:00+00:00
[2023-12-11 03:27:38,756] {processor.py:161} INFO - Processing /opt/airflow/dags/dag_postgres_database.py took 1.276 seconds
[2023-12-11 03:27:50,016] {processor.py:153} INFO - Started process (PID=531) to work on /opt/airflow/dags/dag_postgres_database.py
[2023-12-11 03:27:50,037] {processor.py:641} INFO - Processing file /opt/airflow/dags/dag_postgres_database.py for tasks to queue
[2023-12-11 03:27:50,045] {logging_mixin.py:115} INFO - [2023-12-11 03:27:50,045] {dagbag.py:508} INFO - Filling up the DagBag from /opt/airflow/dags/dag_postgres_database.py
[2023-12-11 03:27:51,352] {processor.py:651} INFO - DAG(s) dict_keys(['dag_con_conexion_postgres']) retrieved from /opt/airflow/dags/dag_postgres_database.py
[2023-12-11 03:27:51,514] {logging_mixin.py:115} INFO - [2023-12-11 03:27:51,513] {dag.py:2420} INFO - Sync 1 DAGs
[2023-12-11 03:27:51,707] {logging_mixin.py:115} INFO - [2023-12-11 03:27:51,707] {dag.py:2972} INFO - Setting next_dagrun for dag_con_conexion_postgres to 2023-06-12T00:00:00+00:00, run_after=2023-06-13T00:00:00+00:00
[2023-12-11 03:27:51,839] {processor.py:161} INFO - Processing /opt/airflow/dags/dag_postgres_database.py took 1.831 seconds
[2023-12-11 03:28:02,391] {processor.py:153} INFO - Started process (PID=551) to work on /opt/airflow/dags/dag_postgres_database.py
[2023-12-11 03:28:02,392] {processor.py:641} INFO - Processing file /opt/airflow/dags/dag_postgres_database.py for tasks to queue
[2023-12-11 03:28:02,394] {logging_mixin.py:115} INFO - [2023-12-11 03:28:02,393] {dagbag.py:508} INFO - Filling up the DagBag from /opt/airflow/dags/dag_postgres_database.py
[2023-12-11 03:28:02,461] {processor.py:651} INFO - DAG(s) dict_keys(['dag_con_conexion_postgres']) retrieved from /opt/airflow/dags/dag_postgres_database.py
[2023-12-11 03:28:02,528] {logging_mixin.py:115} INFO - [2023-12-11 03:28:02,527] {dag.py:2420} INFO - Sync 1 DAGs
[2023-12-11 03:28:02,610] {logging_mixin.py:115} INFO - [2023-12-11 03:28:02,610] {dag.py:2972} INFO - Setting next_dagrun for dag_con_conexion_postgres to 2023-06-12T00:00:00+00:00, run_after=2023-06-13T00:00:00+00:00
[2023-12-11 03:28:02,692] {processor.py:161} INFO - Processing /opt/airflow/dags/dag_postgres_database.py took 0.307 seconds
[2023-12-11 03:28:13,357] {processor.py:153} INFO - Started process (PID=571) to work on /opt/airflow/dags/dag_postgres_database.py
[2023-12-11 03:28:13,368] {processor.py:641} INFO - Processing file /opt/airflow/dags/dag_postgres_database.py for tasks to queue
[2023-12-11 03:28:13,385] {logging_mixin.py:115} INFO - [2023-12-11 03:28:13,383] {dagbag.py:508} INFO - Filling up the DagBag from /opt/airflow/dags/dag_postgres_database.py
[2023-12-11 03:28:13,471] {processor.py:651} INFO - DAG(s) dict_keys(['dag_con_conexion_postgres']) retrieved from /opt/airflow/dags/dag_postgres_database.py
[2023-12-11 03:28:13,526] {logging_mixin.py:115} INFO - [2023-12-11 03:28:13,526] {dag.py:2420} INFO - Sync 1 DAGs
[2023-12-11 03:28:13,605] {logging_mixin.py:115} INFO - [2023-12-11 03:28:13,605] {dag.py:2972} INFO - Setting next_dagrun for dag_con_conexion_postgres to 2023-06-12T00:00:00+00:00, run_after=2023-06-13T00:00:00+00:00
[2023-12-11 03:28:13,656] {processor.py:161} INFO - Processing /opt/airflow/dags/dag_postgres_database.py took 0.307 seconds
[2023-12-11 03:28:23,990] {processor.py:153} INFO - Started process (PID=590) to work on /opt/airflow/dags/dag_postgres_database.py
[2023-12-11 03:28:23,993] {processor.py:641} INFO - Processing file /opt/airflow/dags/dag_postgres_database.py for tasks to queue
[2023-12-11 03:28:23,996] {logging_mixin.py:115} INFO - [2023-12-11 03:28:23,995] {dagbag.py:508} INFO - Filling up the DagBag from /opt/airflow/dags/dag_postgres_database.py
[2023-12-11 03:28:24,049] {processor.py:651} INFO - DAG(s) dict_keys(['dag_con_conexion_postgres']) retrieved from /opt/airflow/dags/dag_postgres_database.py
[2023-12-11 03:28:24,104] {logging_mixin.py:115} INFO - [2023-12-11 03:28:24,104] {dag.py:2420} INFO - Sync 1 DAGs
[2023-12-11 03:28:24,154] {logging_mixin.py:115} INFO - [2023-12-11 03:28:24,154] {dag.py:2972} INFO - Setting next_dagrun for dag_con_conexion_postgres to 2023-06-12T00:00:00+00:00, run_after=2023-06-13T00:00:00+00:00
[2023-12-11 03:28:24,182] {processor.py:161} INFO - Processing /opt/airflow/dags/dag_postgres_database.py took 0.199 seconds
[2023-12-11 03:28:34,432] {processor.py:153} INFO - Started process (PID=611) to work on /opt/airflow/dags/dag_postgres_database.py
[2023-12-11 03:28:34,440] {processor.py:641} INFO - Processing file /opt/airflow/dags/dag_postgres_database.py for tasks to queue
[2023-12-11 03:28:34,444] {logging_mixin.py:115} INFO - [2023-12-11 03:28:34,444] {dagbag.py:508} INFO - Filling up the DagBag from /opt/airflow/dags/dag_postgres_database.py
[2023-12-11 03:28:34,545] {processor.py:651} INFO - DAG(s) dict_keys(['dag_con_conexion_postgres']) retrieved from /opt/airflow/dags/dag_postgres_database.py
[2023-12-11 03:28:34,680] {logging_mixin.py:115} INFO - [2023-12-11 03:28:34,680] {dag.py:2420} INFO - Sync 1 DAGs
[2023-12-11 03:28:34,823] {logging_mixin.py:115} INFO - [2023-12-11 03:28:34,823] {dag.py:2972} INFO - Setting next_dagrun for dag_con_conexion_postgres to 2023-06-12T00:00:00+00:00, run_after=2023-06-13T00:00:00+00:00
[2023-12-11 03:28:34,900] {processor.py:161} INFO - Processing /opt/airflow/dags/dag_postgres_database.py took 0.485 seconds
[2023-12-11 03:28:45,405] {processor.py:153} INFO - Started process (PID=630) to work on /opt/airflow/dags/dag_postgres_database.py
[2023-12-11 03:28:45,407] {processor.py:641} INFO - Processing file /opt/airflow/dags/dag_postgres_database.py for tasks to queue
[2023-12-11 03:28:45,408] {logging_mixin.py:115} INFO - [2023-12-11 03:28:45,408] {dagbag.py:508} INFO - Filling up the DagBag from /opt/airflow/dags/dag_postgres_database.py
[2023-12-11 03:28:45,476] {processor.py:651} INFO - DAG(s) dict_keys(['dag_con_conexion_postgres']) retrieved from /opt/airflow/dags/dag_postgres_database.py
[2023-12-11 03:28:45,587] {logging_mixin.py:115} INFO - [2023-12-11 03:28:45,587] {dag.py:2420} INFO - Sync 1 DAGs
[2023-12-11 03:28:45,660] {logging_mixin.py:115} INFO - [2023-12-11 03:28:45,660] {dag.py:2972} INFO - Setting next_dagrun for dag_con_conexion_postgres to 2023-06-12T00:00:00+00:00, run_after=2023-06-13T00:00:00+00:00
[2023-12-11 03:28:45,696] {processor.py:161} INFO - Processing /opt/airflow/dags/dag_postgres_database.py took 0.298 seconds
[2023-12-11 03:28:56,130] {processor.py:153} INFO - Started process (PID=651) to work on /opt/airflow/dags/dag_postgres_database.py
[2023-12-11 03:28:56,132] {processor.py:641} INFO - Processing file /opt/airflow/dags/dag_postgres_database.py for tasks to queue
[2023-12-11 03:28:56,134] {logging_mixin.py:115} INFO - [2023-12-11 03:28:56,134] {dagbag.py:508} INFO - Filling up the DagBag from /opt/airflow/dags/dag_postgres_database.py
[2023-12-11 03:28:56,213] {processor.py:651} INFO - DAG(s) dict_keys(['dag_con_conexion_postgres']) retrieved from /opt/airflow/dags/dag_postgres_database.py
[2023-12-11 03:28:56,304] {logging_mixin.py:115} INFO - [2023-12-11 03:28:56,304] {dag.py:2420} INFO - Sync 1 DAGs
[2023-12-11 03:28:56,432] {logging_mixin.py:115} INFO - [2023-12-11 03:28:56,432] {dag.py:2972} INFO - Setting next_dagrun for dag_con_conexion_postgres to 2023-06-12T00:00:00+00:00, run_after=2023-06-13T00:00:00+00:00
[2023-12-11 03:28:56,598] {processor.py:161} INFO - Processing /opt/airflow/dags/dag_postgres_database.py took 0.484 seconds
[2023-12-11 03:29:06,983] {processor.py:153} INFO - Started process (PID=670) to work on /opt/airflow/dags/dag_postgres_database.py
[2023-12-11 03:29:06,985] {processor.py:641} INFO - Processing file /opt/airflow/dags/dag_postgres_database.py for tasks to queue
[2023-12-11 03:29:06,991] {logging_mixin.py:115} INFO - [2023-12-11 03:29:06,991] {dagbag.py:508} INFO - Filling up the DagBag from /opt/airflow/dags/dag_postgres_database.py
[2023-12-11 03:29:07,049] {processor.py:651} INFO - DAG(s) dict_keys(['dag_con_conexion_postgres']) retrieved from /opt/airflow/dags/dag_postgres_database.py
[2023-12-11 03:29:07,138] {logging_mixin.py:115} INFO - [2023-12-11 03:29:07,137] {dag.py:2420} INFO - Sync 1 DAGs
[2023-12-11 03:29:07,175] {logging_mixin.py:115} INFO - [2023-12-11 03:29:07,174] {dag.py:2972} INFO - Setting next_dagrun for dag_con_conexion_postgres to 2023-06-12T00:00:00+00:00, run_after=2023-06-13T00:00:00+00:00
[2023-12-11 03:29:07,195] {processor.py:161} INFO - Processing /opt/airflow/dags/dag_postgres_database.py took 0.216 seconds
[2023-12-11 03:29:17,421] {processor.py:153} INFO - Started process (PID=691) to work on /opt/airflow/dags/dag_postgres_database.py
[2023-12-11 03:29:17,423] {processor.py:641} INFO - Processing file /opt/airflow/dags/dag_postgres_database.py for tasks to queue
[2023-12-11 03:29:17,425] {logging_mixin.py:115} INFO - [2023-12-11 03:29:17,425] {dagbag.py:508} INFO - Filling up the DagBag from /opt/airflow/dags/dag_postgres_database.py
[2023-12-11 03:29:17,583] {processor.py:651} INFO - DAG(s) dict_keys(['dag_con_conexion_postgres']) retrieved from /opt/airflow/dags/dag_postgres_database.py
[2023-12-11 03:29:17,697] {logging_mixin.py:115} INFO - [2023-12-11 03:29:17,697] {dag.py:2420} INFO - Sync 1 DAGs
[2023-12-11 03:29:17,834] {logging_mixin.py:115} INFO - [2023-12-11 03:29:17,834] {dag.py:2972} INFO - Setting next_dagrun for dag_con_conexion_postgres to 2023-06-12T00:00:00+00:00, run_after=2023-06-13T00:00:00+00:00
[2023-12-11 03:29:17,895] {processor.py:161} INFO - Processing /opt/airflow/dags/dag_postgres_database.py took 0.484 seconds
[2023-12-11 03:29:28,334] {processor.py:153} INFO - Started process (PID=710) to work on /opt/airflow/dags/dag_postgres_database.py
[2023-12-11 03:29:28,337] {processor.py:641} INFO - Processing file /opt/airflow/dags/dag_postgres_database.py for tasks to queue
[2023-12-11 03:29:28,341] {logging_mixin.py:115} INFO - [2023-12-11 03:29:28,341] {dagbag.py:508} INFO - Filling up the DagBag from /opt/airflow/dags/dag_postgres_database.py
[2023-12-11 03:29:28,425] {processor.py:651} INFO - DAG(s) dict_keys(['dag_con_conexion_postgres']) retrieved from /opt/airflow/dags/dag_postgres_database.py
[2023-12-11 03:29:28,502] {logging_mixin.py:115} INFO - [2023-12-11 03:29:28,501] {dag.py:2420} INFO - Sync 1 DAGs
[2023-12-11 03:29:28,577] {logging_mixin.py:115} INFO - [2023-12-11 03:29:28,577] {dag.py:2972} INFO - Setting next_dagrun for dag_con_conexion_postgres to 2023-06-12T00:00:00+00:00, run_after=2023-06-13T00:00:00+00:00
[2023-12-11 03:29:28,610] {processor.py:161} INFO - Processing /opt/airflow/dags/dag_postgres_database.py took 0.285 seconds
[2023-12-11 03:29:39,207] {processor.py:153} INFO - Started process (PID=731) to work on /opt/airflow/dags/dag_postgres_database.py
[2023-12-11 03:29:39,214] {processor.py:641} INFO - Processing file /opt/airflow/dags/dag_postgres_database.py for tasks to queue
[2023-12-11 03:29:39,216] {logging_mixin.py:115} INFO - [2023-12-11 03:29:39,216] {dagbag.py:508} INFO - Filling up the DagBag from /opt/airflow/dags/dag_postgres_database.py
[2023-12-11 03:29:39,385] {processor.py:651} INFO - DAG(s) dict_keys(['dag_con_conexion_postgres']) retrieved from /opt/airflow/dags/dag_postgres_database.py
[2023-12-11 03:29:39,498] {logging_mixin.py:115} INFO - [2023-12-11 03:29:39,498] {dag.py:2420} INFO - Sync 1 DAGs
[2023-12-11 03:29:39,575] {logging_mixin.py:115} INFO - [2023-12-11 03:29:39,574] {dag.py:2972} INFO - Setting next_dagrun for dag_con_conexion_postgres to 2023-06-12T00:00:00+00:00, run_after=2023-06-13T00:00:00+00:00
[2023-12-11 03:29:39,617] {processor.py:161} INFO - Processing /opt/airflow/dags/dag_postgres_database.py took 0.422 seconds
[2023-12-11 03:29:49,825] {processor.py:153} INFO - Started process (PID=750) to work on /opt/airflow/dags/dag_postgres_database.py
[2023-12-11 03:29:49,826] {processor.py:641} INFO - Processing file /opt/airflow/dags/dag_postgres_database.py for tasks to queue
[2023-12-11 03:29:49,828] {logging_mixin.py:115} INFO - [2023-12-11 03:29:49,827] {dagbag.py:508} INFO - Filling up the DagBag from /opt/airflow/dags/dag_postgres_database.py
[2023-12-11 03:29:49,873] {processor.py:651} INFO - DAG(s) dict_keys(['dag_con_conexion_postgres']) retrieved from /opt/airflow/dags/dag_postgres_database.py
[2023-12-11 03:29:49,919] {logging_mixin.py:115} INFO - [2023-12-11 03:29:49,919] {dag.py:2420} INFO - Sync 1 DAGs
[2023-12-11 03:29:49,961] {logging_mixin.py:115} INFO - [2023-12-11 03:29:49,961] {dag.py:2972} INFO - Setting next_dagrun for dag_con_conexion_postgres to 2023-06-12T00:00:00+00:00, run_after=2023-06-13T00:00:00+00:00
[2023-12-11 03:29:49,981] {processor.py:161} INFO - Processing /opt/airflow/dags/dag_postgres_database.py took 0.161 seconds
[2023-12-11 03:30:00,476] {processor.py:153} INFO - Started process (PID=771) to work on /opt/airflow/dags/dag_postgres_database.py
[2023-12-11 03:30:00,478] {processor.py:641} INFO - Processing file /opt/airflow/dags/dag_postgres_database.py for tasks to queue
[2023-12-11 03:30:00,479] {logging_mixin.py:115} INFO - [2023-12-11 03:30:00,479] {dagbag.py:508} INFO - Filling up the DagBag from /opt/airflow/dags/dag_postgres_database.py
[2023-12-11 03:30:00,547] {processor.py:651} INFO - DAG(s) dict_keys(['dag_con_conexion_postgres']) retrieved from /opt/airflow/dags/dag_postgres_database.py
[2023-12-11 03:30:00,626] {logging_mixin.py:115} INFO - [2023-12-11 03:30:00,625] {dag.py:2420} INFO - Sync 1 DAGs
[2023-12-11 03:30:00,742] {logging_mixin.py:115} INFO - [2023-12-11 03:30:00,741] {dag.py:2972} INFO - Setting next_dagrun for dag_con_conexion_postgres to 2023-06-12T00:00:00+00:00, run_after=2023-06-13T00:00:00+00:00
[2023-12-11 03:30:00,782] {processor.py:161} INFO - Processing /opt/airflow/dags/dag_postgres_database.py took 0.316 seconds
[2023-12-11 03:30:10,973] {processor.py:153} INFO - Started process (PID=791) to work on /opt/airflow/dags/dag_postgres_database.py
[2023-12-11 03:30:10,975] {processor.py:641} INFO - Processing file /opt/airflow/dags/dag_postgres_database.py for tasks to queue
[2023-12-11 03:30:10,976] {logging_mixin.py:115} INFO - [2023-12-11 03:30:10,976] {dagbag.py:508} INFO - Filling up the DagBag from /opt/airflow/dags/dag_postgres_database.py
[2023-12-11 03:30:11,033] {processor.py:651} INFO - DAG(s) dict_keys(['dag_con_conexion_postgres']) retrieved from /opt/airflow/dags/dag_postgres_database.py
[2023-12-11 03:30:11,144] {logging_mixin.py:115} INFO - [2023-12-11 03:30:11,144] {dag.py:2420} INFO - Sync 1 DAGs
[2023-12-11 03:30:11,375] {logging_mixin.py:115} INFO - [2023-12-11 03:30:11,374] {dag.py:2972} INFO - Setting next_dagrun for dag_con_conexion_postgres to 2023-06-12T00:00:00+00:00, run_after=2023-06-13T00:00:00+00:00
[2023-12-11 03:30:11,480] {processor.py:161} INFO - Processing /opt/airflow/dags/dag_postgres_database.py took 0.516 seconds
[2023-12-11 03:30:22,225] {processor.py:153} INFO - Started process (PID=811) to work on /opt/airflow/dags/dag_postgres_database.py
[2023-12-11 03:30:22,671] {processor.py:641} INFO - Processing file /opt/airflow/dags/dag_postgres_database.py for tasks to queue
[2023-12-11 03:30:22,676] {logging_mixin.py:115} INFO - [2023-12-11 03:30:22,675] {dagbag.py:508} INFO - Filling up the DagBag from /opt/airflow/dags/dag_postgres_database.py
[2023-12-11 03:30:22,960] {processor.py:651} INFO - DAG(s) dict_keys(['dag_con_conexion_postgres']) retrieved from /opt/airflow/dags/dag_postgres_database.py
[2023-12-11 03:30:23,156] {logging_mixin.py:115} INFO - [2023-12-11 03:30:23,156] {dag.py:2420} INFO - Sync 1 DAGs
[2023-12-11 03:30:23,318] {logging_mixin.py:115} INFO - [2023-12-11 03:30:23,318] {dag.py:2972} INFO - Setting next_dagrun for dag_con_conexion_postgres to 2023-06-12T00:00:00+00:00, run_after=2023-06-13T00:00:00+00:00
[2023-12-11 03:30:23,386] {processor.py:161} INFO - Processing /opt/airflow/dags/dag_postgres_database.py took 1.223 seconds
[2023-12-11 03:30:33,756] {processor.py:153} INFO - Started process (PID=830) to work on /opt/airflow/dags/dag_postgres_database.py
[2023-12-11 03:30:33,760] {processor.py:641} INFO - Processing file /opt/airflow/dags/dag_postgres_database.py for tasks to queue
[2023-12-11 03:30:33,762] {logging_mixin.py:115} INFO - [2023-12-11 03:30:33,762] {dagbag.py:508} INFO - Filling up the DagBag from /opt/airflow/dags/dag_postgres_database.py
[2023-12-11 03:30:33,804] {processor.py:651} INFO - DAG(s) dict_keys(['dag_con_conexion_postgres']) retrieved from /opt/airflow/dags/dag_postgres_database.py
[2023-12-11 03:30:33,862] {logging_mixin.py:115} INFO - [2023-12-11 03:30:33,862] {dag.py:2420} INFO - Sync 1 DAGs
[2023-12-11 03:30:33,930] {logging_mixin.py:115} INFO - [2023-12-11 03:30:33,929] {dag.py:2972} INFO - Setting next_dagrun for dag_con_conexion_postgres to 2023-06-12T00:00:00+00:00, run_after=2023-06-13T00:00:00+00:00
[2023-12-11 03:30:33,971] {processor.py:161} INFO - Processing /opt/airflow/dags/dag_postgres_database.py took 0.249 seconds
[2023-12-11 03:30:44,475] {processor.py:153} INFO - Started process (PID=850) to work on /opt/airflow/dags/dag_postgres_database.py
[2023-12-11 03:30:44,479] {processor.py:641} INFO - Processing file /opt/airflow/dags/dag_postgres_database.py for tasks to queue
[2023-12-11 03:30:44,482] {logging_mixin.py:115} INFO - [2023-12-11 03:30:44,482] {dagbag.py:508} INFO - Filling up the DagBag from /opt/airflow/dags/dag_postgres_database.py
[2023-12-11 03:30:44,553] {processor.py:651} INFO - DAG(s) dict_keys(['dag_con_conexion_postgres']) retrieved from /opt/airflow/dags/dag_postgres_database.py
[2023-12-11 03:30:44,605] {logging_mixin.py:115} INFO - [2023-12-11 03:30:44,605] {dag.py:2420} INFO - Sync 1 DAGs
[2023-12-11 03:30:44,658] {logging_mixin.py:115} INFO - [2023-12-11 03:30:44,658] {dag.py:2972} INFO - Setting next_dagrun for dag_con_conexion_postgres to 2023-06-12T00:00:00+00:00, run_after=2023-06-13T00:00:00+00:00
[2023-12-11 03:30:44,690] {processor.py:161} INFO - Processing /opt/airflow/dags/dag_postgres_database.py took 0.252 seconds
[2023-12-11 03:30:54,923] {processor.py:153} INFO - Started process (PID=870) to work on /opt/airflow/dags/dag_postgres_database.py
[2023-12-11 03:30:54,924] {processor.py:641} INFO - Processing file /opt/airflow/dags/dag_postgres_database.py for tasks to queue
[2023-12-11 03:30:54,926] {logging_mixin.py:115} INFO - [2023-12-11 03:30:54,926] {dagbag.py:508} INFO - Filling up the DagBag from /opt/airflow/dags/dag_postgres_database.py
[2023-12-11 03:30:54,969] {processor.py:651} INFO - DAG(s) dict_keys(['dag_con_conexion_postgres']) retrieved from /opt/airflow/dags/dag_postgres_database.py
[2023-12-11 03:30:55,017] {logging_mixin.py:115} INFO - [2023-12-11 03:30:55,017] {dag.py:2420} INFO - Sync 1 DAGs
[2023-12-11 03:30:55,054] {logging_mixin.py:115} INFO - [2023-12-11 03:30:55,054] {dag.py:2972} INFO - Setting next_dagrun for dag_con_conexion_postgres to 2023-06-12T00:00:00+00:00, run_after=2023-06-13T00:00:00+00:00
[2023-12-11 03:30:55,078] {processor.py:161} INFO - Processing /opt/airflow/dags/dag_postgres_database.py took 0.160 seconds
[2023-12-11 03:31:05,469] {processor.py:153} INFO - Started process (PID=890) to work on /opt/airflow/dags/dag_postgres_database.py
[2023-12-11 03:31:05,471] {processor.py:641} INFO - Processing file /opt/airflow/dags/dag_postgres_database.py for tasks to queue
[2023-12-11 03:31:05,473] {logging_mixin.py:115} INFO - [2023-12-11 03:31:05,473] {dagbag.py:508} INFO - Filling up the DagBag from /opt/airflow/dags/dag_postgres_database.py
[2023-12-11 03:31:05,533] {processor.py:651} INFO - DAG(s) dict_keys(['dag_con_conexion_postgres']) retrieved from /opt/airflow/dags/dag_postgres_database.py
[2023-12-11 03:31:05,588] {logging_mixin.py:115} INFO - [2023-12-11 03:31:05,588] {dag.py:2420} INFO - Sync 1 DAGs
[2023-12-11 03:31:05,635] {logging_mixin.py:115} INFO - [2023-12-11 03:31:05,634] {dag.py:2972} INFO - Setting next_dagrun for dag_con_conexion_postgres to 2023-06-12T00:00:00+00:00, run_after=2023-06-13T00:00:00+00:00
[2023-12-11 03:31:05,661] {processor.py:161} INFO - Processing /opt/airflow/dags/dag_postgres_database.py took 0.201 seconds
[2023-12-11 03:31:16,165] {processor.py:153} INFO - Started process (PID=911) to work on /opt/airflow/dags/dag_postgres_database.py
[2023-12-11 03:31:16,167] {processor.py:641} INFO - Processing file /opt/airflow/dags/dag_postgres_database.py for tasks to queue
[2023-12-11 03:31:16,170] {logging_mixin.py:115} INFO - [2023-12-11 03:31:16,170] {dagbag.py:508} INFO - Filling up the DagBag from /opt/airflow/dags/dag_postgres_database.py
[2023-12-11 03:31:16,219] {processor.py:651} INFO - DAG(s) dict_keys(['dag_con_conexion_postgres']) retrieved from /opt/airflow/dags/dag_postgres_database.py
[2023-12-11 03:31:16,271] {logging_mixin.py:115} INFO - [2023-12-11 03:31:16,271] {dag.py:2420} INFO - Sync 1 DAGs
[2023-12-11 03:31:16,332] {logging_mixin.py:115} INFO - [2023-12-11 03:31:16,332] {dag.py:2972} INFO - Setting next_dagrun for dag_con_conexion_postgres to 2023-06-12T00:00:00+00:00, run_after=2023-06-13T00:00:00+00:00
[2023-12-11 03:31:16,367] {processor.py:161} INFO - Processing /opt/airflow/dags/dag_postgres_database.py took 0.210 seconds
[2023-12-11 03:31:26,788] {processor.py:153} INFO - Started process (PID=930) to work on /opt/airflow/dags/dag_postgres_database.py
[2023-12-11 03:31:26,790] {processor.py:641} INFO - Processing file /opt/airflow/dags/dag_postgres_database.py for tasks to queue
[2023-12-11 03:31:26,791] {logging_mixin.py:115} INFO - [2023-12-11 03:31:26,791] {dagbag.py:508} INFO - Filling up the DagBag from /opt/airflow/dags/dag_postgres_database.py
[2023-12-11 03:31:26,848] {processor.py:651} INFO - DAG(s) dict_keys(['dag_con_conexion_postgres']) retrieved from /opt/airflow/dags/dag_postgres_database.py
[2023-12-11 03:31:26,905] {logging_mixin.py:115} INFO - [2023-12-11 03:31:26,905] {dag.py:2420} INFO - Sync 1 DAGs
[2023-12-11 03:31:26,956] {logging_mixin.py:115} INFO - [2023-12-11 03:31:26,956] {dag.py:2972} INFO - Setting next_dagrun for dag_con_conexion_postgres to 2023-06-12T00:00:00+00:00, run_after=2023-06-13T00:00:00+00:00
[2023-12-11 03:31:26,986] {processor.py:161} INFO - Processing /opt/airflow/dags/dag_postgres_database.py took 0.207 seconds
[2023-12-11 03:31:37,392] {processor.py:153} INFO - Started process (PID=951) to work on /opt/airflow/dags/dag_postgres_database.py
[2023-12-11 03:31:37,394] {processor.py:641} INFO - Processing file /opt/airflow/dags/dag_postgres_database.py for tasks to queue
[2023-12-11 03:31:37,396] {logging_mixin.py:115} INFO - [2023-12-11 03:31:37,396] {dagbag.py:508} INFO - Filling up the DagBag from /opt/airflow/dags/dag_postgres_database.py
[2023-12-11 03:31:37,488] {processor.py:651} INFO - DAG(s) dict_keys(['dag_con_conexion_postgres']) retrieved from /opt/airflow/dags/dag_postgres_database.py
[2023-12-11 03:31:37,592] {logging_mixin.py:115} INFO - [2023-12-11 03:31:37,592] {dag.py:2420} INFO - Sync 1 DAGs
[2023-12-11 03:31:37,729] {logging_mixin.py:115} INFO - [2023-12-11 03:31:37,729] {dag.py:2972} INFO - Setting next_dagrun for dag_con_conexion_postgres to 2023-06-12T00:00:00+00:00, run_after=2023-06-13T00:00:00+00:00
[2023-12-11 03:31:37,829] {processor.py:161} INFO - Processing /opt/airflow/dags/dag_postgres_database.py took 0.456 seconds
[2023-12-11 03:31:48,381] {processor.py:153} INFO - Started process (PID=971) to work on /opt/airflow/dags/dag_postgres_database.py
[2023-12-11 03:31:48,383] {processor.py:641} INFO - Processing file /opt/airflow/dags/dag_postgres_database.py for tasks to queue
[2023-12-11 03:31:48,391] {logging_mixin.py:115} INFO - [2023-12-11 03:31:48,387] {dagbag.py:508} INFO - Filling up the DagBag from /opt/airflow/dags/dag_postgres_database.py
[2023-12-11 03:31:48,463] {processor.py:651} INFO - DAG(s) dict_keys(['dag_con_conexion_postgres']) retrieved from /opt/airflow/dags/dag_postgres_database.py
[2023-12-11 03:31:48,564] {logging_mixin.py:115} INFO - [2023-12-11 03:31:48,561] {dag.py:2420} INFO - Sync 1 DAGs
[2023-12-11 03:31:48,639] {logging_mixin.py:115} INFO - [2023-12-11 03:31:48,639] {dag.py:2972} INFO - Setting next_dagrun for dag_con_conexion_postgres to 2023-06-12T00:00:00+00:00, run_after=2023-06-13T00:00:00+00:00
[2023-12-11 03:31:48,668] {processor.py:161} INFO - Processing /opt/airflow/dags/dag_postgres_database.py took 0.295 seconds
[2023-12-11 03:31:59,223] {processor.py:153} INFO - Started process (PID=991) to work on /opt/airflow/dags/dag_postgres_database.py
[2023-12-11 03:31:59,225] {processor.py:641} INFO - Processing file /opt/airflow/dags/dag_postgres_database.py for tasks to queue
[2023-12-11 03:31:59,228] {logging_mixin.py:115} INFO - [2023-12-11 03:31:59,227] {dagbag.py:508} INFO - Filling up the DagBag from /opt/airflow/dags/dag_postgres_database.py
[2023-12-11 03:31:59,274] {processor.py:651} INFO - DAG(s) dict_keys(['dag_con_conexion_postgres']) retrieved from /opt/airflow/dags/dag_postgres_database.py
[2023-12-11 03:31:59,352] {logging_mixin.py:115} INFO - [2023-12-11 03:31:59,352] {dag.py:2420} INFO - Sync 1 DAGs
[2023-12-11 03:31:59,432] {logging_mixin.py:115} INFO - [2023-12-11 03:31:59,432] {dag.py:2972} INFO - Setting next_dagrun for dag_con_conexion_postgres to 2023-06-12T00:00:00+00:00, run_after=2023-06-13T00:00:00+00:00
[2023-12-11 03:31:59,468] {processor.py:161} INFO - Processing /opt/airflow/dags/dag_postgres_database.py took 0.256 seconds
[2023-12-11 03:32:09,849] {processor.py:153} INFO - Started process (PID=1011) to work on /opt/airflow/dags/dag_postgres_database.py
[2023-12-11 03:32:09,851] {processor.py:641} INFO - Processing file /opt/airflow/dags/dag_postgres_database.py for tasks to queue
[2023-12-11 03:32:09,852] {logging_mixin.py:115} INFO - [2023-12-11 03:32:09,852] {dagbag.py:508} INFO - Filling up the DagBag from /opt/airflow/dags/dag_postgres_database.py
[2023-12-11 03:32:09,911] {processor.py:651} INFO - DAG(s) dict_keys(['dag_con_conexion_postgres']) retrieved from /opt/airflow/dags/dag_postgres_database.py
[2023-12-11 03:32:09,965] {logging_mixin.py:115} INFO - [2023-12-11 03:32:09,964] {dag.py:2420} INFO - Sync 1 DAGs
[2023-12-11 03:32:10,013] {logging_mixin.py:115} INFO - [2023-12-11 03:32:10,013] {dag.py:2972} INFO - Setting next_dagrun for dag_con_conexion_postgres to 2023-06-12T00:00:00+00:00, run_after=2023-06-13T00:00:00+00:00
[2023-12-11 03:32:10,055] {processor.py:161} INFO - Processing /opt/airflow/dags/dag_postgres_database.py took 0.218 seconds
[2023-12-11 03:32:20,775] {processor.py:153} INFO - Started process (PID=1030) to work on /opt/airflow/dags/dag_postgres_database.py
[2023-12-11 03:32:20,776] {processor.py:641} INFO - Processing file /opt/airflow/dags/dag_postgres_database.py for tasks to queue
[2023-12-11 03:32:20,777] {logging_mixin.py:115} INFO - [2023-12-11 03:32:20,777] {dagbag.py:508} INFO - Filling up the DagBag from /opt/airflow/dags/dag_postgres_database.py
[2023-12-11 03:32:20,822] {processor.py:651} INFO - DAG(s) dict_keys(['dag_con_conexion_postgres']) retrieved from /opt/airflow/dags/dag_postgres_database.py
[2023-12-11 03:32:20,871] {logging_mixin.py:115} INFO - [2023-12-11 03:32:20,871] {dag.py:2420} INFO - Sync 1 DAGs
[2023-12-11 03:32:20,919] {logging_mixin.py:115} INFO - [2023-12-11 03:32:20,919] {dag.py:2972} INFO - Setting next_dagrun for dag_con_conexion_postgres to 2023-06-12T00:00:00+00:00, run_after=2023-06-13T00:00:00+00:00
[2023-12-11 03:32:20,946] {processor.py:161} INFO - Processing /opt/airflow/dags/dag_postgres_database.py took 0.179 seconds
[2023-12-11 03:32:31,166] {processor.py:153} INFO - Started process (PID=1050) to work on /opt/airflow/dags/dag_postgres_database.py
[2023-12-11 03:32:31,167] {processor.py:641} INFO - Processing file /opt/airflow/dags/dag_postgres_database.py for tasks to queue
[2023-12-11 03:32:31,169] {logging_mixin.py:115} INFO - [2023-12-11 03:32:31,169] {dagbag.py:508} INFO - Filling up the DagBag from /opt/airflow/dags/dag_postgres_database.py
[2023-12-11 03:32:31,212] {processor.py:651} INFO - DAG(s) dict_keys(['dag_con_conexion_postgres']) retrieved from /opt/airflow/dags/dag_postgres_database.py
[2023-12-11 03:32:31,263] {logging_mixin.py:115} INFO - [2023-12-11 03:32:31,263] {dag.py:2420} INFO - Sync 1 DAGs
[2023-12-11 03:32:31,315] {logging_mixin.py:115} INFO - [2023-12-11 03:32:31,315] {dag.py:2972} INFO - Setting next_dagrun for dag_con_conexion_postgres to 2023-06-12T00:00:00+00:00, run_after=2023-06-13T00:00:00+00:00
[2023-12-11 03:32:31,344] {processor.py:161} INFO - Processing /opt/airflow/dags/dag_postgres_database.py took 0.186 seconds
[2023-12-11 03:32:41,751] {processor.py:153} INFO - Started process (PID=1070) to work on /opt/airflow/dags/dag_postgres_database.py
[2023-12-11 03:32:41,753] {processor.py:641} INFO - Processing file /opt/airflow/dags/dag_postgres_database.py for tasks to queue
[2023-12-11 03:32:41,754] {logging_mixin.py:115} INFO - [2023-12-11 03:32:41,754] {dagbag.py:508} INFO - Filling up the DagBag from /opt/airflow/dags/dag_postgres_database.py
[2023-12-11 03:32:41,801] {processor.py:651} INFO - DAG(s) dict_keys(['dag_con_conexion_postgres']) retrieved from /opt/airflow/dags/dag_postgres_database.py
[2023-12-11 03:32:41,845] {logging_mixin.py:115} INFO - [2023-12-11 03:32:41,845] {dag.py:2420} INFO - Sync 1 DAGs
[2023-12-11 03:32:41,900] {logging_mixin.py:115} INFO - [2023-12-11 03:32:41,900] {dag.py:2972} INFO - Setting next_dagrun for dag_con_conexion_postgres to 2023-06-12T00:00:00+00:00, run_after=2023-06-13T00:00:00+00:00
[2023-12-11 03:32:41,929] {processor.py:161} INFO - Processing /opt/airflow/dags/dag_postgres_database.py took 0.186 seconds
[2023-12-11 03:32:52,341] {processor.py:153} INFO - Started process (PID=1090) to work on /opt/airflow/dags/dag_postgres_database.py
[2023-12-11 03:32:52,342] {processor.py:641} INFO - Processing file /opt/airflow/dags/dag_postgres_database.py for tasks to queue
[2023-12-11 03:32:52,343] {logging_mixin.py:115} INFO - [2023-12-11 03:32:52,343] {dagbag.py:508} INFO - Filling up the DagBag from /opt/airflow/dags/dag_postgres_database.py
[2023-12-11 03:32:52,388] {processor.py:651} INFO - DAG(s) dict_keys(['dag_con_conexion_postgres']) retrieved from /opt/airflow/dags/dag_postgres_database.py
[2023-12-11 03:32:52,443] {logging_mixin.py:115} INFO - [2023-12-11 03:32:52,443] {dag.py:2420} INFO - Sync 1 DAGs
[2023-12-11 03:32:52,502] {logging_mixin.py:115} INFO - [2023-12-11 03:32:52,501] {dag.py:2972} INFO - Setting next_dagrun for dag_con_conexion_postgres to 2023-06-12T00:00:00+00:00, run_after=2023-06-13T00:00:00+00:00
[2023-12-11 03:32:52,526] {processor.py:161} INFO - Processing /opt/airflow/dags/dag_postgres_database.py took 0.194 seconds
[2023-12-11 03:33:02,882] {processor.py:153} INFO - Started process (PID=1111) to work on /opt/airflow/dags/dag_postgres_database.py
[2023-12-11 03:33:02,883] {processor.py:641} INFO - Processing file /opt/airflow/dags/dag_postgres_database.py for tasks to queue
[2023-12-11 03:33:02,885] {logging_mixin.py:115} INFO - [2023-12-11 03:33:02,885] {dagbag.py:508} INFO - Filling up the DagBag from /opt/airflow/dags/dag_postgres_database.py
[2023-12-11 03:33:02,929] {processor.py:651} INFO - DAG(s) dict_keys(['dag_con_conexion_postgres']) retrieved from /opt/airflow/dags/dag_postgres_database.py
[2023-12-11 03:33:02,983] {logging_mixin.py:115} INFO - [2023-12-11 03:33:02,983] {dag.py:2420} INFO - Sync 1 DAGs
[2023-12-11 03:33:03,058] {logging_mixin.py:115} INFO - [2023-12-11 03:33:03,057] {dag.py:2972} INFO - Setting next_dagrun for dag_con_conexion_postgres to 2023-06-12T00:00:00+00:00, run_after=2023-06-13T00:00:00+00:00
[2023-12-11 03:33:03,104] {processor.py:161} INFO - Processing /opt/airflow/dags/dag_postgres_database.py took 0.228 seconds
[2023-12-11 03:33:13,648] {processor.py:153} INFO - Started process (PID=1130) to work on /opt/airflow/dags/dag_postgres_database.py
[2023-12-11 03:33:13,650] {processor.py:641} INFO - Processing file /opt/airflow/dags/dag_postgres_database.py for tasks to queue
[2023-12-11 03:33:13,651] {logging_mixin.py:115} INFO - [2023-12-11 03:33:13,651] {dagbag.py:508} INFO - Filling up the DagBag from /opt/airflow/dags/dag_postgres_database.py
[2023-12-11 03:33:13,690] {processor.py:651} INFO - DAG(s) dict_keys(['dag_con_conexion_postgres']) retrieved from /opt/airflow/dags/dag_postgres_database.py
[2023-12-11 03:33:13,735] {logging_mixin.py:115} INFO - [2023-12-11 03:33:13,735] {dag.py:2420} INFO - Sync 1 DAGs
[2023-12-11 03:33:13,778] {logging_mixin.py:115} INFO - [2023-12-11 03:33:13,778] {dag.py:2972} INFO - Setting next_dagrun for dag_con_conexion_postgres to 2023-06-12T00:00:00+00:00, run_after=2023-06-13T00:00:00+00:00
[2023-12-11 03:33:13,807] {processor.py:161} INFO - Processing /opt/airflow/dags/dag_postgres_database.py took 0.164 seconds
[2023-12-11 03:33:24,263] {processor.py:153} INFO - Started process (PID=1151) to work on /opt/airflow/dags/dag_postgres_database.py
[2023-12-11 03:33:24,264] {processor.py:641} INFO - Processing file /opt/airflow/dags/dag_postgres_database.py for tasks to queue
[2023-12-11 03:33:24,266] {logging_mixin.py:115} INFO - [2023-12-11 03:33:24,266] {dagbag.py:508} INFO - Filling up the DagBag from /opt/airflow/dags/dag_postgres_database.py
[2023-12-11 03:33:24,308] {processor.py:651} INFO - DAG(s) dict_keys(['dag_con_conexion_postgres']) retrieved from /opt/airflow/dags/dag_postgres_database.py
[2023-12-11 03:33:24,355] {logging_mixin.py:115} INFO - [2023-12-11 03:33:24,355] {dag.py:2420} INFO - Sync 1 DAGs
[2023-12-11 03:33:24,401] {logging_mixin.py:115} INFO - [2023-12-11 03:33:24,401] {dag.py:2972} INFO - Setting next_dagrun for dag_con_conexion_postgres to 2023-06-12T00:00:00+00:00, run_after=2023-06-13T00:00:00+00:00
[2023-12-11 03:33:24,425] {processor.py:161} INFO - Processing /opt/airflow/dags/dag_postgres_database.py took 0.171 seconds
[2023-12-11 03:33:34,806] {processor.py:153} INFO - Started process (PID=1170) to work on /opt/airflow/dags/dag_postgres_database.py
[2023-12-11 03:33:34,808] {processor.py:641} INFO - Processing file /opt/airflow/dags/dag_postgres_database.py for tasks to queue
[2023-12-11 03:33:34,809] {logging_mixin.py:115} INFO - [2023-12-11 03:33:34,809] {dagbag.py:508} INFO - Filling up the DagBag from /opt/airflow/dags/dag_postgres_database.py
[2023-12-11 03:33:34,855] {processor.py:651} INFO - DAG(s) dict_keys(['dag_con_conexion_postgres']) retrieved from /opt/airflow/dags/dag_postgres_database.py
[2023-12-11 03:33:34,915] {logging_mixin.py:115} INFO - [2023-12-11 03:33:34,915] {dag.py:2420} INFO - Sync 1 DAGs
[2023-12-11 03:33:34,963] {logging_mixin.py:115} INFO - [2023-12-11 03:33:34,963] {dag.py:2972} INFO - Setting next_dagrun for dag_con_conexion_postgres to 2023-06-12T00:00:00+00:00, run_after=2023-06-13T00:00:00+00:00
[2023-12-11 03:33:34,992] {processor.py:161} INFO - Processing /opt/airflow/dags/dag_postgres_database.py took 0.193 seconds
[2023-12-11 03:33:45,369] {processor.py:153} INFO - Started process (PID=1191) to work on /opt/airflow/dags/dag_postgres_database.py
[2023-12-11 03:33:45,372] {processor.py:641} INFO - Processing file /opt/airflow/dags/dag_postgres_database.py for tasks to queue
[2023-12-11 03:33:45,374] {logging_mixin.py:115} INFO - [2023-12-11 03:33:45,373] {dagbag.py:508} INFO - Filling up the DagBag from /opt/airflow/dags/dag_postgres_database.py
[2023-12-11 03:33:45,419] {processor.py:651} INFO - DAG(s) dict_keys(['dag_con_conexion_postgres']) retrieved from /opt/airflow/dags/dag_postgres_database.py
[2023-12-11 03:33:45,472] {logging_mixin.py:115} INFO - [2023-12-11 03:33:45,472] {dag.py:2420} INFO - Sync 1 DAGs
[2023-12-11 03:33:45,516] {logging_mixin.py:115} INFO - [2023-12-11 03:33:45,516] {dag.py:2972} INFO - Setting next_dagrun for dag_con_conexion_postgres to 2023-06-12T00:00:00+00:00, run_after=2023-06-13T00:00:00+00:00
[2023-12-11 03:33:45,543] {processor.py:161} INFO - Processing /opt/airflow/dags/dag_postgres_database.py took 0.183 seconds
[2023-12-11 03:33:55,968] {processor.py:153} INFO - Started process (PID=1210) to work on /opt/airflow/dags/dag_postgres_database.py
[2023-12-11 03:33:55,969] {processor.py:641} INFO - Processing file /opt/airflow/dags/dag_postgres_database.py for tasks to queue
[2023-12-11 03:33:55,971] {logging_mixin.py:115} INFO - [2023-12-11 03:33:55,970] {dagbag.py:508} INFO - Filling up the DagBag from /opt/airflow/dags/dag_postgres_database.py
[2023-12-11 03:33:56,011] {processor.py:651} INFO - DAG(s) dict_keys(['dag_con_conexion_postgres']) retrieved from /opt/airflow/dags/dag_postgres_database.py
[2023-12-11 03:33:56,053] {logging_mixin.py:115} INFO - [2023-12-11 03:33:56,053] {dag.py:2420} INFO - Sync 1 DAGs
[2023-12-11 03:33:56,093] {logging_mixin.py:115} INFO - [2023-12-11 03:33:56,093] {dag.py:2972} INFO - Setting next_dagrun for dag_con_conexion_postgres to 2023-06-12T00:00:00+00:00, run_after=2023-06-13T00:00:00+00:00
[2023-12-11 03:33:56,124] {processor.py:161} INFO - Processing /opt/airflow/dags/dag_postgres_database.py took 0.163 seconds
[2023-12-11 03:34:06,510] {processor.py:153} INFO - Started process (PID=1230) to work on /opt/airflow/dags/dag_postgres_database.py
[2023-12-11 03:34:06,511] {processor.py:641} INFO - Processing file /opt/airflow/dags/dag_postgres_database.py for tasks to queue
[2023-12-11 03:34:06,513] {logging_mixin.py:115} INFO - [2023-12-11 03:34:06,513] {dagbag.py:508} INFO - Filling up the DagBag from /opt/airflow/dags/dag_postgres_database.py
[2023-12-11 03:34:06,554] {processor.py:651} INFO - DAG(s) dict_keys(['dag_con_conexion_postgres']) retrieved from /opt/airflow/dags/dag_postgres_database.py
[2023-12-11 03:34:06,593] {logging_mixin.py:115} INFO - [2023-12-11 03:34:06,593] {dag.py:2420} INFO - Sync 1 DAGs
[2023-12-11 03:34:06,628] {logging_mixin.py:115} INFO - [2023-12-11 03:34:06,628] {dag.py:2972} INFO - Setting next_dagrun for dag_con_conexion_postgres to 2023-06-12T00:00:00+00:00, run_after=2023-06-13T00:00:00+00:00
[2023-12-11 03:34:06,653] {processor.py:161} INFO - Processing /opt/airflow/dags/dag_postgres_database.py took 0.150 seconds
[2023-12-11 03:34:17,026] {processor.py:153} INFO - Started process (PID=1251) to work on /opt/airflow/dags/dag_postgres_database.py
[2023-12-11 03:34:17,028] {processor.py:641} INFO - Processing file /opt/airflow/dags/dag_postgres_database.py for tasks to queue
[2023-12-11 03:34:17,029] {logging_mixin.py:115} INFO - [2023-12-11 03:34:17,029] {dagbag.py:508} INFO - Filling up the DagBag from /opt/airflow/dags/dag_postgres_database.py
[2023-12-11 03:34:17,084] {processor.py:651} INFO - DAG(s) dict_keys(['dag_con_conexion_postgres']) retrieved from /opt/airflow/dags/dag_postgres_database.py
[2023-12-11 03:34:17,153] {logging_mixin.py:115} INFO - [2023-12-11 03:34:17,153] {dag.py:2420} INFO - Sync 1 DAGs
[2023-12-11 03:34:17,212] {logging_mixin.py:115} INFO - [2023-12-11 03:34:17,211] {dag.py:2972} INFO - Setting next_dagrun for dag_con_conexion_postgres to 2023-06-12T00:00:00+00:00, run_after=2023-06-13T00:00:00+00:00
[2023-12-11 03:34:17,237] {processor.py:161} INFO - Processing /opt/airflow/dags/dag_postgres_database.py took 0.220 seconds
[2023-12-11 03:34:27,634] {processor.py:153} INFO - Started process (PID=1271) to work on /opt/airflow/dags/dag_postgres_database.py
[2023-12-11 03:34:27,636] {processor.py:641} INFO - Processing file /opt/airflow/dags/dag_postgres_database.py for tasks to queue
[2023-12-11 03:34:27,638] {logging_mixin.py:115} INFO - [2023-12-11 03:34:27,637] {dagbag.py:508} INFO - Filling up the DagBag from /opt/airflow/dags/dag_postgres_database.py
[2023-12-11 03:34:27,687] {processor.py:651} INFO - DAG(s) dict_keys(['dag_con_conexion_postgres']) retrieved from /opt/airflow/dags/dag_postgres_database.py
[2023-12-11 03:34:27,762] {logging_mixin.py:115} INFO - [2023-12-11 03:34:27,762] {dag.py:2420} INFO - Sync 1 DAGs
[2023-12-11 03:34:27,832] {logging_mixin.py:115} INFO - [2023-12-11 03:34:27,832] {dag.py:2972} INFO - Setting next_dagrun for dag_con_conexion_postgres to 2023-06-12T00:00:00+00:00, run_after=2023-06-13T00:00:00+00:00
[2023-12-11 03:34:27,867] {processor.py:161} INFO - Processing /opt/airflow/dags/dag_postgres_database.py took 0.241 seconds
[2023-12-11 03:34:38,496] {processor.py:153} INFO - Started process (PID=1290) to work on /opt/airflow/dags/dag_postgres_database.py
[2023-12-11 03:34:38,497] {processor.py:641} INFO - Processing file /opt/airflow/dags/dag_postgres_database.py for tasks to queue
[2023-12-11 03:34:38,502] {logging_mixin.py:115} INFO - [2023-12-11 03:34:38,502] {dagbag.py:508} INFO - Filling up the DagBag from /opt/airflow/dags/dag_postgres_database.py
[2023-12-11 03:34:38,553] {processor.py:651} INFO - DAG(s) dict_keys(['dag_con_conexion_postgres']) retrieved from /opt/airflow/dags/dag_postgres_database.py
[2023-12-11 03:34:38,600] {logging_mixin.py:115} INFO - [2023-12-11 03:34:38,600] {dag.py:2420} INFO - Sync 1 DAGs
[2023-12-11 03:34:38,642] {logging_mixin.py:115} INFO - [2023-12-11 03:34:38,642] {dag.py:2972} INFO - Setting next_dagrun for dag_con_conexion_postgres to 2023-06-12T00:00:00+00:00, run_after=2023-06-13T00:00:00+00:00
[2023-12-11 03:34:38,668] {processor.py:161} INFO - Processing /opt/airflow/dags/dag_postgres_database.py took 0.183 seconds
[2023-12-11 03:34:49,013] {processor.py:153} INFO - Started process (PID=1310) to work on /opt/airflow/dags/dag_postgres_database.py
[2023-12-11 03:34:49,014] {processor.py:641} INFO - Processing file /opt/airflow/dags/dag_postgres_database.py for tasks to queue
[2023-12-11 03:34:49,015] {logging_mixin.py:115} INFO - [2023-12-11 03:34:49,015] {dagbag.py:508} INFO - Filling up the DagBag from /opt/airflow/dags/dag_postgres_database.py
[2023-12-11 03:34:49,064] {processor.py:651} INFO - DAG(s) dict_keys(['dag_con_conexion_postgres']) retrieved from /opt/airflow/dags/dag_postgres_database.py
[2023-12-11 03:34:49,116] {logging_mixin.py:115} INFO - [2023-12-11 03:34:49,116] {dag.py:2420} INFO - Sync 1 DAGs
[2023-12-11 03:34:49,161] {logging_mixin.py:115} INFO - [2023-12-11 03:34:49,161] {dag.py:2972} INFO - Setting next_dagrun for dag_con_conexion_postgres to 2023-06-12T00:00:00+00:00, run_after=2023-06-13T00:00:00+00:00
[2023-12-11 03:34:49,187] {processor.py:161} INFO - Processing /opt/airflow/dags/dag_postgres_database.py took 0.182 seconds
[2023-12-11 03:34:59,612] {processor.py:153} INFO - Started process (PID=1331) to work on /opt/airflow/dags/dag_postgres_database.py
[2023-12-11 03:34:59,614] {processor.py:641} INFO - Processing file /opt/airflow/dags/dag_postgres_database.py for tasks to queue
[2023-12-11 03:34:59,624] {logging_mixin.py:115} INFO - [2023-12-11 03:34:59,624] {dagbag.py:508} INFO - Filling up the DagBag from /opt/airflow/dags/dag_postgres_database.py
[2023-12-11 03:34:59,701] {processor.py:651} INFO - DAG(s) dict_keys(['dag_con_conexion_postgres']) retrieved from /opt/airflow/dags/dag_postgres_database.py
[2023-12-11 03:34:59,769] {logging_mixin.py:115} INFO - [2023-12-11 03:34:59,769] {dag.py:2420} INFO - Sync 1 DAGs
[2023-12-11 03:34:59,834] {logging_mixin.py:115} INFO - [2023-12-11 03:34:59,832] {dag.py:2972} INFO - Setting next_dagrun for dag_con_conexion_postgres to 2023-06-12T00:00:00+00:00, run_after=2023-06-13T00:00:00+00:00
[2023-12-11 03:34:59,870] {processor.py:161} INFO - Processing /opt/airflow/dags/dag_postgres_database.py took 0.266 seconds
[2023-12-11 03:35:10,391] {processor.py:153} INFO - Started process (PID=1350) to work on /opt/airflow/dags/dag_postgres_database.py
[2023-12-11 03:35:10,395] {processor.py:641} INFO - Processing file /opt/airflow/dags/dag_postgres_database.py for tasks to queue
[2023-12-11 03:35:10,397] {logging_mixin.py:115} INFO - [2023-12-11 03:35:10,397] {dagbag.py:508} INFO - Filling up the DagBag from /opt/airflow/dags/dag_postgres_database.py
[2023-12-11 03:35:10,455] {processor.py:651} INFO - DAG(s) dict_keys(['dag_con_conexion_postgres']) retrieved from /opt/airflow/dags/dag_postgres_database.py
[2023-12-11 03:35:10,540] {logging_mixin.py:115} INFO - [2023-12-11 03:35:10,539] {dag.py:2420} INFO - Sync 1 DAGs
[2023-12-11 03:35:10,609] {logging_mixin.py:115} INFO - [2023-12-11 03:35:10,609] {dag.py:2972} INFO - Setting next_dagrun for dag_con_conexion_postgres to 2023-06-12T00:00:00+00:00, run_after=2023-06-13T00:00:00+00:00
[2023-12-11 03:35:10,654] {processor.py:161} INFO - Processing /opt/airflow/dags/dag_postgres_database.py took 0.276 seconds
[2023-12-11 03:35:21,204] {processor.py:153} INFO - Started process (PID=1370) to work on /opt/airflow/dags/dag_postgres_database.py
[2023-12-11 03:35:21,205] {processor.py:641} INFO - Processing file /opt/airflow/dags/dag_postgres_database.py for tasks to queue
[2023-12-11 03:35:21,207] {logging_mixin.py:115} INFO - [2023-12-11 03:35:21,207] {dagbag.py:508} INFO - Filling up the DagBag from /opt/airflow/dags/dag_postgres_database.py
[2023-12-11 03:35:21,253] {processor.py:651} INFO - DAG(s) dict_keys(['dag_con_conexion_postgres']) retrieved from /opt/airflow/dags/dag_postgres_database.py
[2023-12-11 03:35:21,302] {logging_mixin.py:115} INFO - [2023-12-11 03:35:21,302] {dag.py:2420} INFO - Sync 1 DAGs
[2023-12-11 03:35:21,345] {logging_mixin.py:115} INFO - [2023-12-11 03:35:21,345] {dag.py:2972} INFO - Setting next_dagrun for dag_con_conexion_postgres to 2023-06-12T00:00:00+00:00, run_after=2023-06-13T00:00:00+00:00
[2023-12-11 03:35:21,371] {processor.py:161} INFO - Processing /opt/airflow/dags/dag_postgres_database.py took 0.172 seconds
[2023-12-11 03:35:31,767] {processor.py:153} INFO - Started process (PID=1391) to work on /opt/airflow/dags/dag_postgres_database.py
[2023-12-11 03:35:31,769] {processor.py:641} INFO - Processing file /opt/airflow/dags/dag_postgres_database.py for tasks to queue
[2023-12-11 03:35:31,770] {logging_mixin.py:115} INFO - [2023-12-11 03:35:31,770] {dagbag.py:508} INFO - Filling up the DagBag from /opt/airflow/dags/dag_postgres_database.py
[2023-12-11 03:35:31,818] {processor.py:651} INFO - DAG(s) dict_keys(['dag_con_conexion_postgres']) retrieved from /opt/airflow/dags/dag_postgres_database.py
[2023-12-11 03:35:31,864] {logging_mixin.py:115} INFO - [2023-12-11 03:35:31,863] {dag.py:2420} INFO - Sync 1 DAGs
[2023-12-11 03:35:31,941] {logging_mixin.py:115} INFO - [2023-12-11 03:35:31,941] {dag.py:2972} INFO - Setting next_dagrun for dag_con_conexion_postgres to 2023-06-12T00:00:00+00:00, run_after=2023-06-13T00:00:00+00:00
[2023-12-11 03:35:31,983] {processor.py:161} INFO - Processing /opt/airflow/dags/dag_postgres_database.py took 0.222 seconds
[2023-12-11 03:35:42,408] {processor.py:153} INFO - Started process (PID=1410) to work on /opt/airflow/dags/dag_postgres_database.py
[2023-12-11 03:35:42,410] {processor.py:641} INFO - Processing file /opt/airflow/dags/dag_postgres_database.py for tasks to queue
[2023-12-11 03:35:42,411] {logging_mixin.py:115} INFO - [2023-12-11 03:35:42,411] {dagbag.py:508} INFO - Filling up the DagBag from /opt/airflow/dags/dag_postgres_database.py
[2023-12-11 03:35:42,459] {processor.py:651} INFO - DAG(s) dict_keys(['dag_con_conexion_postgres']) retrieved from /opt/airflow/dags/dag_postgres_database.py
[2023-12-11 03:35:42,512] {logging_mixin.py:115} INFO - [2023-12-11 03:35:42,511] {dag.py:2420} INFO - Sync 1 DAGs
[2023-12-11 03:35:42,563] {logging_mixin.py:115} INFO - [2023-12-11 03:35:42,563] {dag.py:2972} INFO - Setting next_dagrun for dag_con_conexion_postgres to 2023-06-12T00:00:00+00:00, run_after=2023-06-13T00:00:00+00:00
[2023-12-11 03:35:42,592] {processor.py:161} INFO - Processing /opt/airflow/dags/dag_postgres_database.py took 0.192 seconds
[2023-12-11 03:35:52,997] {processor.py:153} INFO - Started process (PID=1430) to work on /opt/airflow/dags/dag_postgres_database.py
[2023-12-11 03:35:53,000] {processor.py:641} INFO - Processing file /opt/airflow/dags/dag_postgres_database.py for tasks to queue
[2023-12-11 03:35:53,003] {logging_mixin.py:115} INFO - [2023-12-11 03:35:53,002] {dagbag.py:508} INFO - Filling up the DagBag from /opt/airflow/dags/dag_postgres_database.py
[2023-12-11 03:35:53,037] {processor.py:651} INFO - DAG(s) dict_keys(['dag_con_conexion_postgres']) retrieved from /opt/airflow/dags/dag_postgres_database.py
[2023-12-11 03:35:53,078] {logging_mixin.py:115} INFO - [2023-12-11 03:35:53,078] {dag.py:2420} INFO - Sync 1 DAGs
[2023-12-11 03:35:53,122] {logging_mixin.py:115} INFO - [2023-12-11 03:35:53,121] {dag.py:2972} INFO - Setting next_dagrun for dag_con_conexion_postgres to 2023-06-12T00:00:00+00:00, run_after=2023-06-13T00:00:00+00:00
[2023-12-11 03:35:53,146] {processor.py:161} INFO - Processing /opt/airflow/dags/dag_postgres_database.py took 0.177 seconds
[2023-12-11 03:36:03,511] {processor.py:153} INFO - Started process (PID=1450) to work on /opt/airflow/dags/dag_postgres_database.py
[2023-12-11 03:36:03,512] {processor.py:641} INFO - Processing file /opt/airflow/dags/dag_postgres_database.py for tasks to queue
[2023-12-11 03:36:03,514] {logging_mixin.py:115} INFO - [2023-12-11 03:36:03,514] {dagbag.py:508} INFO - Filling up the DagBag from /opt/airflow/dags/dag_postgres_database.py
[2023-12-11 03:36:03,561] {processor.py:651} INFO - DAG(s) dict_keys(['dag_con_conexion_postgres']) retrieved from /opt/airflow/dags/dag_postgres_database.py
[2023-12-11 03:36:03,601] {logging_mixin.py:115} INFO - [2023-12-11 03:36:03,601] {dag.py:2420} INFO - Sync 1 DAGs
[2023-12-11 03:36:03,685] {logging_mixin.py:115} INFO - [2023-12-11 03:36:03,685] {dag.py:2972} INFO - Setting next_dagrun for dag_con_conexion_postgres to 2023-06-12T00:00:00+00:00, run_after=2023-06-13T00:00:00+00:00
[2023-12-11 03:36:03,712] {processor.py:161} INFO - Processing /opt/airflow/dags/dag_postgres_database.py took 0.208 seconds
[2023-12-11 03:36:14,117] {processor.py:153} INFO - Started process (PID=1470) to work on /opt/airflow/dags/dag_postgres_database.py
[2023-12-11 03:36:14,119] {processor.py:641} INFO - Processing file /opt/airflow/dags/dag_postgres_database.py for tasks to queue
[2023-12-11 03:36:14,120] {logging_mixin.py:115} INFO - [2023-12-11 03:36:14,120] {dagbag.py:508} INFO - Filling up the DagBag from /opt/airflow/dags/dag_postgres_database.py
[2023-12-11 03:36:14,161] {processor.py:651} INFO - DAG(s) dict_keys(['dag_con_conexion_postgres']) retrieved from /opt/airflow/dags/dag_postgres_database.py
[2023-12-11 03:36:14,218] {logging_mixin.py:115} INFO - [2023-12-11 03:36:14,218] {dag.py:2420} INFO - Sync 1 DAGs
[2023-12-11 03:36:14,281] {logging_mixin.py:115} INFO - [2023-12-11 03:36:14,281] {dag.py:2972} INFO - Setting next_dagrun for dag_con_conexion_postgres to 2023-06-12T00:00:00+00:00, run_after=2023-06-13T00:00:00+00:00
[2023-12-11 03:36:14,317] {processor.py:161} INFO - Processing /opt/airflow/dags/dag_postgres_database.py took 0.207 seconds
[2023-12-11 03:36:25,116] {processor.py:153} INFO - Started process (PID=1491) to work on /opt/airflow/dags/dag_postgres_database.py
[2023-12-11 03:36:25,117] {processor.py:641} INFO - Processing file /opt/airflow/dags/dag_postgres_database.py for tasks to queue
[2023-12-11 03:36:25,119] {logging_mixin.py:115} INFO - [2023-12-11 03:36:25,119] {dagbag.py:508} INFO - Filling up the DagBag from /opt/airflow/dags/dag_postgres_database.py
[2023-12-11 03:36:25,166] {processor.py:651} INFO - DAG(s) dict_keys(['dag_con_conexion_postgres']) retrieved from /opt/airflow/dags/dag_postgres_database.py
[2023-12-11 03:36:25,208] {logging_mixin.py:115} INFO - [2023-12-11 03:36:25,208] {dag.py:2420} INFO - Sync 1 DAGs
[2023-12-11 03:36:25,250] {logging_mixin.py:115} INFO - [2023-12-11 03:36:25,250] {dag.py:2972} INFO - Setting next_dagrun for dag_con_conexion_postgres to 2023-06-12T00:00:00+00:00, run_after=2023-06-13T00:00:00+00:00
[2023-12-11 03:36:25,288] {processor.py:161} INFO - Processing /opt/airflow/dags/dag_postgres_database.py took 0.180 seconds
[2023-12-11 03:36:35,706] {processor.py:153} INFO - Started process (PID=1511) to work on /opt/airflow/dags/dag_postgres_database.py
[2023-12-11 03:36:35,707] {processor.py:641} INFO - Processing file /opt/airflow/dags/dag_postgres_database.py for tasks to queue
[2023-12-11 03:36:35,709] {logging_mixin.py:115} INFO - [2023-12-11 03:36:35,709] {dagbag.py:508} INFO - Filling up the DagBag from /opt/airflow/dags/dag_postgres_database.py
[2023-12-11 03:36:35,753] {processor.py:651} INFO - DAG(s) dict_keys(['dag_con_conexion_postgres']) retrieved from /opt/airflow/dags/dag_postgres_database.py
[2023-12-11 03:36:35,797] {logging_mixin.py:115} INFO - [2023-12-11 03:36:35,797] {dag.py:2420} INFO - Sync 1 DAGs
[2023-12-11 03:36:35,839] {logging_mixin.py:115} INFO - [2023-12-11 03:36:35,839] {dag.py:2972} INFO - Setting next_dagrun for dag_con_conexion_postgres to 2023-06-12T00:00:00+00:00, run_after=2023-06-13T00:00:00+00:00
[2023-12-11 03:36:35,865] {processor.py:161} INFO - Processing /opt/airflow/dags/dag_postgres_database.py took 0.164 seconds
