[2023-12-11 03:20:18,080] {processor.py:153} INFO - Started process (PID=169) to work on /opt/airflow/dags/primer_dag.py
[2023-12-11 03:20:18,081] {processor.py:641} INFO - Processing file /opt/airflow/dags/primer_dag.py for tasks to queue
[2023-12-11 03:20:18,094] {logging_mixin.py:115} INFO - [2023-12-11 03:20:18,094] {dagbag.py:508} INFO - Filling up the DagBag from /opt/airflow/dags/primer_dag.py
[2023-12-11 03:20:18,415] {processor.py:651} INFO - DAG(s) dict_keys(['mi_primer_dag_v4']) retrieved from /opt/airflow/dags/primer_dag.py
[2023-12-11 03:20:18,791] {logging_mixin.py:115} INFO - [2023-12-11 03:20:18,790] {manager.py:508} INFO - Created Permission View: can edit on DAG:mi_primer_dag_v4
[2023-12-11 03:20:18,848] {logging_mixin.py:115} INFO - [2023-12-11 03:20:18,848] {manager.py:508} INFO - Created Permission View: can read on DAG:mi_primer_dag_v4
[2023-12-11 03:20:18,883] {logging_mixin.py:115} INFO - [2023-12-11 03:20:18,883] {manager.py:508} INFO - Created Permission View: can delete on DAG:mi_primer_dag_v4
[2023-12-11 03:20:18,884] {logging_mixin.py:115} INFO - [2023-12-11 03:20:18,884] {dag.py:2420} INFO - Sync 1 DAGs
[2023-12-11 03:20:18,933] {logging_mixin.py:115} INFO - [2023-12-11 03:20:18,933] {dag.py:2439} INFO - Creating ORM DAG for mi_primer_dag_v4
[2023-12-11 03:20:18,974] {logging_mixin.py:115} INFO - [2023-12-11 03:20:18,973] {dag.py:2972} INFO - Setting next_dagrun for mi_primer_dag_v4 to 2023-06-14T00:00:00+00:00, run_after=2023-06-15T00:00:00+00:00
[2023-12-11 03:20:19,045] {processor.py:161} INFO - Processing /opt/airflow/dags/primer_dag.py took 0.983 seconds
[2023-12-11 03:20:29,606] {processor.py:153} INFO - Started process (PID=189) to work on /opt/airflow/dags/primer_dag.py
[2023-12-11 03:20:29,615] {processor.py:641} INFO - Processing file /opt/airflow/dags/primer_dag.py for tasks to queue
[2023-12-11 03:20:29,626] {logging_mixin.py:115} INFO - [2023-12-11 03:20:29,625] {dagbag.py:508} INFO - Filling up the DagBag from /opt/airflow/dags/primer_dag.py
[2023-12-11 03:20:29,920] {processor.py:651} INFO - DAG(s) dict_keys(['mi_primer_dag_v4']) retrieved from /opt/airflow/dags/primer_dag.py
[2023-12-11 03:20:30,053] {logging_mixin.py:115} INFO - [2023-12-11 03:20:30,053] {dag.py:2420} INFO - Sync 1 DAGs
[2023-12-11 03:20:30,350] {logging_mixin.py:115} INFO - [2023-12-11 03:20:30,349] {dag.py:2972} INFO - Setting next_dagrun for mi_primer_dag_v4 to 2023-06-14T00:00:00+00:00, run_after=2023-06-15T00:00:00+00:00
[2023-12-11 03:20:30,501] {processor.py:161} INFO - Processing /opt/airflow/dags/primer_dag.py took 0.908 seconds
[2023-12-11 03:20:41,212] {processor.py:153} INFO - Started process (PID=207) to work on /opt/airflow/dags/primer_dag.py
[2023-12-11 03:20:41,216] {processor.py:641} INFO - Processing file /opt/airflow/dags/primer_dag.py for tasks to queue
[2023-12-11 03:20:41,220] {logging_mixin.py:115} INFO - [2023-12-11 03:20:41,219] {dagbag.py:508} INFO - Filling up the DagBag from /opt/airflow/dags/primer_dag.py
[2023-12-11 03:20:41,443] {processor.py:651} INFO - DAG(s) dict_keys(['mi_primer_dag_v4']) retrieved from /opt/airflow/dags/primer_dag.py
[2023-12-11 03:20:41,777] {logging_mixin.py:115} INFO - [2023-12-11 03:20:41,775] {dag.py:2420} INFO - Sync 1 DAGs
[2023-12-11 03:20:42,204] {logging_mixin.py:115} INFO - [2023-12-11 03:20:42,204] {dag.py:2972} INFO - Setting next_dagrun for mi_primer_dag_v4 to 2023-06-14T00:00:00+00:00, run_after=2023-06-15T00:00:00+00:00
[2023-12-11 03:21:06,373] {processor.py:164} ERROR - Got an exception! Propagating...
Traceback (most recent call last):
  File "/home/airflow/.local/lib/python3.7/site-packages/sqlalchemy/engine/base.py", line 998, in _commit_impl
  File "/home/airflow/.local/lib/python3.7/site-packages/sqlalchemy/engine/default.py", line 672, in do_commit
psycopg2.OperationalError: server closed the connection unexpectedly
	This probably means the server terminated abnormally
	before or while processing the request.


The above exception was the direct cause of the following exception:

Traceback (most recent call last):
  File "/home/airflow/.local/lib/python3.7/site-packages/airflow/dag_processing/processor.py", line 158, in _run_file_processor
  File "/home/airflow/.local/lib/python3.7/site-packages/airflow/utils/session.py", line 71, in wrapper
  File "/home/airflow/.local/lib/python3.7/site-packages/airflow/dag_processing/processor.py", line 660, in process_file
  File "/home/airflow/.local/lib/python3.7/site-packages/airflow/utils/session.py", line 71, in wrapper
  File "/usr/local/lib/python3.7/contextlib.py", line 119, in __exit__
    next(self.gen)
  File "/home/airflow/.local/lib/python3.7/site-packages/airflow/utils/session.py", line 33, in create_session
  File "/home/airflow/.local/lib/python3.7/site-packages/sqlalchemy/orm/session.py", line 1428, in commit
  File "/home/airflow/.local/lib/python3.7/site-packages/sqlalchemy/orm/session.py", line 836, in commit
  File "/home/airflow/.local/lib/python3.7/site-packages/sqlalchemy/engine/base.py", line 2361, in commit
  File "/home/airflow/.local/lib/python3.7/site-packages/sqlalchemy/engine/base.py", line 2544, in _do_commit
  File "/home/airflow/.local/lib/python3.7/site-packages/sqlalchemy/engine/base.py", line 2515, in _connection_commit_impl
  File "/home/airflow/.local/lib/python3.7/site-packages/sqlalchemy/engine/base.py", line 1000, in _commit_impl
  File "/home/airflow/.local/lib/python3.7/site-packages/sqlalchemy/engine/base.py", line 2027, in _handle_dbapi_exception
  File "/home/airflow/.local/lib/python3.7/site-packages/sqlalchemy/util/compat.py", line 207, in raise_
  File "/home/airflow/.local/lib/python3.7/site-packages/sqlalchemy/engine/base.py", line 998, in _commit_impl
  File "/home/airflow/.local/lib/python3.7/site-packages/sqlalchemy/engine/default.py", line 672, in do_commit
sqlalchemy.exc.OperationalError: (psycopg2.OperationalError) server closed the connection unexpectedly
	This probably means the server terminated abnormally
	before or while processing the request.

(Background on this error at: https://sqlalche.me/e/14/e3q8)
[2023-12-11 03:24:31,131] {processor.py:153} INFO - Started process (PID=168) to work on /opt/airflow/dags/primer_dag.py
[2023-12-11 03:24:31,137] {processor.py:641} INFO - Processing file /opt/airflow/dags/primer_dag.py for tasks to queue
[2023-12-11 03:24:31,139] {logging_mixin.py:115} INFO - [2023-12-11 03:24:31,139] {dagbag.py:508} INFO - Filling up the DagBag from /opt/airflow/dags/primer_dag.py
[2023-12-11 03:24:31,213] {processor.py:651} INFO - DAG(s) dict_keys(['mi_primer_dag_v4']) retrieved from /opt/airflow/dags/primer_dag.py
[2023-12-11 03:24:31,290] {logging_mixin.py:115} INFO - [2023-12-11 03:24:31,289] {dag.py:2420} INFO - Sync 1 DAGs
[2023-12-11 03:24:31,341] {logging_mixin.py:115} INFO - [2023-12-11 03:24:31,341] {dag.py:2972} INFO - Setting next_dagrun for mi_primer_dag_v4 to 2023-06-14T00:00:00+00:00, run_after=2023-06-15T00:00:00+00:00
[2023-12-11 03:24:31,375] {processor.py:161} INFO - Processing /opt/airflow/dags/primer_dag.py took 0.257 seconds
[2023-12-11 03:24:41,846] {processor.py:153} INFO - Started process (PID=188) to work on /opt/airflow/dags/primer_dag.py
[2023-12-11 03:24:41,849] {processor.py:641} INFO - Processing file /opt/airflow/dags/primer_dag.py for tasks to queue
[2023-12-11 03:24:41,850] {logging_mixin.py:115} INFO - [2023-12-11 03:24:41,850] {dagbag.py:508} INFO - Filling up the DagBag from /opt/airflow/dags/primer_dag.py
[2023-12-11 03:24:41,916] {processor.py:651} INFO - DAG(s) dict_keys(['mi_primer_dag_v4']) retrieved from /opt/airflow/dags/primer_dag.py
[2023-12-11 03:24:41,967] {logging_mixin.py:115} INFO - [2023-12-11 03:24:41,967] {dag.py:2420} INFO - Sync 1 DAGs
[2023-12-11 03:24:42,009] {logging_mixin.py:115} INFO - [2023-12-11 03:24:42,009] {dag.py:2972} INFO - Setting next_dagrun for mi_primer_dag_v4 to 2023-06-14T00:00:00+00:00, run_after=2023-06-15T00:00:00+00:00
[2023-12-11 03:24:42,804] {processor.py:161} INFO - Processing /opt/airflow/dags/primer_dag.py took 0.968 seconds
[2023-12-11 03:24:53,491] {processor.py:153} INFO - Started process (PID=208) to work on /opt/airflow/dags/primer_dag.py
[2023-12-11 03:24:53,579] {processor.py:641} INFO - Processing file /opt/airflow/dags/primer_dag.py for tasks to queue
[2023-12-11 03:24:53,581] {logging_mixin.py:115} INFO - [2023-12-11 03:24:53,580] {dagbag.py:508} INFO - Filling up the DagBag from /opt/airflow/dags/primer_dag.py
[2023-12-11 03:24:53,662] {processor.py:651} INFO - DAG(s) dict_keys(['mi_primer_dag_v4']) retrieved from /opt/airflow/dags/primer_dag.py
[2023-12-11 03:24:53,824] {logging_mixin.py:115} INFO - [2023-12-11 03:24:53,824] {dag.py:2420} INFO - Sync 1 DAGs
[2023-12-11 03:24:53,999] {logging_mixin.py:115} INFO - [2023-12-11 03:24:53,999] {dag.py:2972} INFO - Setting next_dagrun for mi_primer_dag_v4 to 2023-06-14T00:00:00+00:00, run_after=2023-06-15T00:00:00+00:00
[2023-12-11 03:24:54,110] {processor.py:161} INFO - Processing /opt/airflow/dags/primer_dag.py took 0.649 seconds
[2023-12-11 03:25:04,464] {processor.py:153} INFO - Started process (PID=228) to work on /opt/airflow/dags/primer_dag.py
[2023-12-11 03:25:04,467] {processor.py:641} INFO - Processing file /opt/airflow/dags/primer_dag.py for tasks to queue
[2023-12-11 03:25:04,469] {logging_mixin.py:115} INFO - [2023-12-11 03:25:04,468] {dagbag.py:508} INFO - Filling up the DagBag from /opt/airflow/dags/primer_dag.py
[2023-12-11 03:25:04,540] {processor.py:651} INFO - DAG(s) dict_keys(['mi_primer_dag_v4']) retrieved from /opt/airflow/dags/primer_dag.py
[2023-12-11 03:25:04,598] {logging_mixin.py:115} INFO - [2023-12-11 03:25:04,598] {dag.py:2420} INFO - Sync 1 DAGs
[2023-12-11 03:25:04,754] {logging_mixin.py:115} INFO - [2023-12-11 03:25:04,752] {dag.py:2972} INFO - Setting next_dagrun for mi_primer_dag_v4 to 2023-06-14T00:00:00+00:00, run_after=2023-06-15T00:00:00+00:00
[2023-12-11 03:25:04,871] {processor.py:161} INFO - Processing /opt/airflow/dags/primer_dag.py took 0.416 seconds
[2023-12-11 03:25:15,149] {processor.py:153} INFO - Started process (PID=248) to work on /opt/airflow/dags/primer_dag.py
[2023-12-11 03:25:15,151] {processor.py:641} INFO - Processing file /opt/airflow/dags/primer_dag.py for tasks to queue
[2023-12-11 03:25:15,162] {logging_mixin.py:115} INFO - [2023-12-11 03:25:15,162] {dagbag.py:508} INFO - Filling up the DagBag from /opt/airflow/dags/primer_dag.py
[2023-12-11 03:25:15,272] {processor.py:651} INFO - DAG(s) dict_keys(['mi_primer_dag_v4']) retrieved from /opt/airflow/dags/primer_dag.py
[2023-12-11 03:25:15,336] {logging_mixin.py:115} INFO - [2023-12-11 03:25:15,336] {dag.py:2420} INFO - Sync 1 DAGs
[2023-12-11 03:25:15,388] {logging_mixin.py:115} INFO - [2023-12-11 03:25:15,387] {dag.py:2972} INFO - Setting next_dagrun for mi_primer_dag_v4 to 2023-06-14T00:00:00+00:00, run_after=2023-06-15T00:00:00+00:00
[2023-12-11 03:25:15,470] {processor.py:161} INFO - Processing /opt/airflow/dags/primer_dag.py took 0.339 seconds
[2023-12-11 03:25:25,615] {processor.py:153} INFO - Started process (PID=268) to work on /opt/airflow/dags/primer_dag.py
[2023-12-11 03:25:25,623] {processor.py:641} INFO - Processing file /opt/airflow/dags/primer_dag.py for tasks to queue
[2023-12-11 03:25:25,625] {logging_mixin.py:115} INFO - [2023-12-11 03:25:25,625] {dagbag.py:508} INFO - Filling up the DagBag from /opt/airflow/dags/primer_dag.py
[2023-12-11 03:25:25,680] {processor.py:651} INFO - DAG(s) dict_keys(['mi_primer_dag_v4']) retrieved from /opt/airflow/dags/primer_dag.py
[2023-12-11 03:25:25,729] {logging_mixin.py:115} INFO - [2023-12-11 03:25:25,729] {dag.py:2420} INFO - Sync 1 DAGs
[2023-12-11 03:25:25,773] {logging_mixin.py:115} INFO - [2023-12-11 03:25:25,773] {dag.py:2972} INFO - Setting next_dagrun for mi_primer_dag_v4 to 2023-06-14T00:00:00+00:00, run_after=2023-06-15T00:00:00+00:00
[2023-12-11 03:25:25,796] {processor.py:161} INFO - Processing /opt/airflow/dags/primer_dag.py took 0.189 seconds
[2023-12-11 03:25:36,481] {processor.py:153} INFO - Started process (PID=288) to work on /opt/airflow/dags/primer_dag.py
[2023-12-11 03:25:36,483] {processor.py:641} INFO - Processing file /opt/airflow/dags/primer_dag.py for tasks to queue
[2023-12-11 03:25:36,484] {logging_mixin.py:115} INFO - [2023-12-11 03:25:36,484] {dagbag.py:508} INFO - Filling up the DagBag from /opt/airflow/dags/primer_dag.py
[2023-12-11 03:25:36,521] {processor.py:651} INFO - DAG(s) dict_keys(['mi_primer_dag_v4']) retrieved from /opt/airflow/dags/primer_dag.py
[2023-12-11 03:25:36,567] {logging_mixin.py:115} INFO - [2023-12-11 03:25:36,567] {dag.py:2420} INFO - Sync 1 DAGs
[2023-12-11 03:25:36,607] {logging_mixin.py:115} INFO - [2023-12-11 03:25:36,606] {dag.py:2972} INFO - Setting next_dagrun for mi_primer_dag_v4 to 2023-06-14T00:00:00+00:00, run_after=2023-06-15T00:00:00+00:00
[2023-12-11 03:25:36,629] {processor.py:161} INFO - Processing /opt/airflow/dags/primer_dag.py took 0.155 seconds
[2023-12-11 03:25:47,141] {processor.py:153} INFO - Started process (PID=308) to work on /opt/airflow/dags/primer_dag.py
[2023-12-11 03:25:47,142] {processor.py:641} INFO - Processing file /opt/airflow/dags/primer_dag.py for tasks to queue
[2023-12-11 03:25:47,144] {logging_mixin.py:115} INFO - [2023-12-11 03:25:47,144] {dagbag.py:508} INFO - Filling up the DagBag from /opt/airflow/dags/primer_dag.py
[2023-12-11 03:25:47,186] {processor.py:651} INFO - DAG(s) dict_keys(['mi_primer_dag_v4']) retrieved from /opt/airflow/dags/primer_dag.py
[2023-12-11 03:25:47,257] {logging_mixin.py:115} INFO - [2023-12-11 03:25:47,257] {dag.py:2420} INFO - Sync 1 DAGs
[2023-12-11 03:25:47,308] {logging_mixin.py:115} INFO - [2023-12-11 03:25:47,308] {dag.py:2972} INFO - Setting next_dagrun for mi_primer_dag_v4 to 2023-06-14T00:00:00+00:00, run_after=2023-06-15T00:00:00+00:00
[2023-12-11 03:25:47,538] {processor.py:161} INFO - Processing /opt/airflow/dags/primer_dag.py took 0.406 seconds
[2023-12-11 03:25:58,527] {processor.py:153} INFO - Started process (PID=328) to work on /opt/airflow/dags/primer_dag.py
[2023-12-11 03:25:58,528] {processor.py:641} INFO - Processing file /opt/airflow/dags/primer_dag.py for tasks to queue
[2023-12-11 03:25:58,530] {logging_mixin.py:115} INFO - [2023-12-11 03:25:58,530] {dagbag.py:508} INFO - Filling up the DagBag from /opt/airflow/dags/primer_dag.py
[2023-12-11 03:25:58,572] {processor.py:651} INFO - DAG(s) dict_keys(['mi_primer_dag_v4']) retrieved from /opt/airflow/dags/primer_dag.py
[2023-12-11 03:25:58,618] {logging_mixin.py:115} INFO - [2023-12-11 03:25:58,618] {dag.py:2420} INFO - Sync 1 DAGs
[2023-12-11 03:25:58,669] {logging_mixin.py:115} INFO - [2023-12-11 03:25:58,669] {dag.py:2972} INFO - Setting next_dagrun for mi_primer_dag_v4 to 2023-06-14T00:00:00+00:00, run_after=2023-06-15T00:00:00+00:00
[2023-12-11 03:25:58,714] {processor.py:161} INFO - Processing /opt/airflow/dags/primer_dag.py took 0.193 seconds
[2023-12-11 03:26:09,134] {processor.py:153} INFO - Started process (PID=348) to work on /opt/airflow/dags/primer_dag.py
[2023-12-11 03:26:09,136] {processor.py:641} INFO - Processing file /opt/airflow/dags/primer_dag.py for tasks to queue
[2023-12-11 03:26:09,138] {logging_mixin.py:115} INFO - [2023-12-11 03:26:09,137] {dagbag.py:508} INFO - Filling up the DagBag from /opt/airflow/dags/primer_dag.py
[2023-12-11 03:26:09,181] {processor.py:651} INFO - DAG(s) dict_keys(['mi_primer_dag_v4']) retrieved from /opt/airflow/dags/primer_dag.py
[2023-12-11 03:26:09,284] {logging_mixin.py:115} INFO - [2023-12-11 03:26:09,284] {dag.py:2420} INFO - Sync 1 DAGs
[2023-12-11 03:26:09,348] {logging_mixin.py:115} INFO - [2023-12-11 03:26:09,347] {dag.py:2972} INFO - Setting next_dagrun for mi_primer_dag_v4 to 2023-06-14T00:00:00+00:00, run_after=2023-06-15T00:00:00+00:00
[2023-12-11 03:26:09,380] {processor.py:161} INFO - Processing /opt/airflow/dags/primer_dag.py took 0.253 seconds
[2023-12-11 03:26:20,179] {processor.py:153} INFO - Started process (PID=368) to work on /opt/airflow/dags/primer_dag.py
[2023-12-11 03:26:20,184] {processor.py:641} INFO - Processing file /opt/airflow/dags/primer_dag.py for tasks to queue
[2023-12-11 03:26:20,186] {logging_mixin.py:115} INFO - [2023-12-11 03:26:20,186] {dagbag.py:508} INFO - Filling up the DagBag from /opt/airflow/dags/primer_dag.py
[2023-12-11 03:26:20,289] {processor.py:651} INFO - DAG(s) dict_keys(['mi_primer_dag_v4']) retrieved from /opt/airflow/dags/primer_dag.py
[2023-12-11 03:26:20,408] {logging_mixin.py:115} INFO - [2023-12-11 03:26:20,408] {dag.py:2420} INFO - Sync 1 DAGs
[2023-12-11 03:26:20,493] {logging_mixin.py:115} INFO - [2023-12-11 03:26:20,492] {dag.py:2972} INFO - Setting next_dagrun for mi_primer_dag_v4 to 2023-06-14T00:00:00+00:00, run_after=2023-06-15T00:00:00+00:00
[2023-12-11 03:26:20,545] {processor.py:161} INFO - Processing /opt/airflow/dags/primer_dag.py took 0.378 seconds
[2023-12-11 03:26:31,212] {processor.py:153} INFO - Started process (PID=388) to work on /opt/airflow/dags/primer_dag.py
[2023-12-11 03:26:31,214] {processor.py:641} INFO - Processing file /opt/airflow/dags/primer_dag.py for tasks to queue
[2023-12-11 03:26:31,215] {logging_mixin.py:115} INFO - [2023-12-11 03:26:31,215] {dagbag.py:508} INFO - Filling up the DagBag from /opt/airflow/dags/primer_dag.py
[2023-12-11 03:26:31,291] {processor.py:651} INFO - DAG(s) dict_keys(['mi_primer_dag_v4']) retrieved from /opt/airflow/dags/primer_dag.py
[2023-12-11 03:26:31,395] {logging_mixin.py:115} INFO - [2023-12-11 03:26:31,395] {dag.py:2420} INFO - Sync 1 DAGs
[2023-12-11 03:26:31,492] {logging_mixin.py:115} INFO - [2023-12-11 03:26:31,492] {dag.py:2972} INFO - Setting next_dagrun for mi_primer_dag_v4 to 2023-06-14T00:00:00+00:00, run_after=2023-06-15T00:00:00+00:00
[2023-12-11 03:26:31,515] {processor.py:161} INFO - Processing /opt/airflow/dags/primer_dag.py took 0.309 seconds
[2023-12-11 03:26:41,638] {processor.py:153} INFO - Started process (PID=408) to work on /opt/airflow/dags/primer_dag.py
[2023-12-11 03:26:41,640] {processor.py:641} INFO - Processing file /opt/airflow/dags/primer_dag.py for tasks to queue
[2023-12-11 03:26:41,642] {logging_mixin.py:115} INFO - [2023-12-11 03:26:41,642] {dagbag.py:508} INFO - Filling up the DagBag from /opt/airflow/dags/primer_dag.py
[2023-12-11 03:26:41,695] {processor.py:651} INFO - DAG(s) dict_keys(['mi_primer_dag_v4']) retrieved from /opt/airflow/dags/primer_dag.py
[2023-12-11 03:26:41,747] {logging_mixin.py:115} INFO - [2023-12-11 03:26:41,747] {dag.py:2420} INFO - Sync 1 DAGs
[2023-12-11 03:26:41,805] {logging_mixin.py:115} INFO - [2023-12-11 03:26:41,804] {dag.py:2972} INFO - Setting next_dagrun for mi_primer_dag_v4 to 2023-06-14T00:00:00+00:00, run_after=2023-06-15T00:00:00+00:00
[2023-12-11 03:26:41,831] {processor.py:161} INFO - Processing /opt/airflow/dags/primer_dag.py took 0.200 seconds
[2023-12-11 03:26:52,384] {processor.py:153} INFO - Started process (PID=428) to work on /opt/airflow/dags/primer_dag.py
[2023-12-11 03:26:52,396] {processor.py:641} INFO - Processing file /opt/airflow/dags/primer_dag.py for tasks to queue
[2023-12-11 03:26:52,399] {logging_mixin.py:115} INFO - [2023-12-11 03:26:52,398] {dagbag.py:508} INFO - Filling up the DagBag from /opt/airflow/dags/primer_dag.py
[2023-12-11 03:26:52,540] {processor.py:651} INFO - DAG(s) dict_keys(['mi_primer_dag_v4']) retrieved from /opt/airflow/dags/primer_dag.py
[2023-12-11 03:26:52,699] {logging_mixin.py:115} INFO - [2023-12-11 03:26:52,699] {dag.py:2420} INFO - Sync 1 DAGs
[2023-12-11 03:26:52,798] {logging_mixin.py:115} INFO - [2023-12-11 03:26:52,797] {dag.py:2972} INFO - Setting next_dagrun for mi_primer_dag_v4 to 2023-06-14T00:00:00+00:00, run_after=2023-06-15T00:00:00+00:00
[2023-12-11 03:26:52,886] {processor.py:161} INFO - Processing /opt/airflow/dags/primer_dag.py took 0.509 seconds
[2023-12-11 03:27:03,022] {processor.py:153} INFO - Started process (PID=448) to work on /opt/airflow/dags/primer_dag.py
[2023-12-11 03:27:03,023] {processor.py:641} INFO - Processing file /opt/airflow/dags/primer_dag.py for tasks to queue
[2023-12-11 03:27:03,025] {logging_mixin.py:115} INFO - [2023-12-11 03:27:03,025] {dagbag.py:508} INFO - Filling up the DagBag from /opt/airflow/dags/primer_dag.py
[2023-12-11 03:27:03,067] {processor.py:651} INFO - DAG(s) dict_keys(['mi_primer_dag_v4']) retrieved from /opt/airflow/dags/primer_dag.py
[2023-12-11 03:27:03,118] {logging_mixin.py:115} INFO - [2023-12-11 03:27:03,118] {dag.py:2420} INFO - Sync 1 DAGs
[2023-12-11 03:27:03,153] {logging_mixin.py:115} INFO - [2023-12-11 03:27:03,152] {dag.py:2972} INFO - Setting next_dagrun for mi_primer_dag_v4 to 2023-06-14T00:00:00+00:00, run_after=2023-06-15T00:00:00+00:00
[2023-12-11 03:27:03,176] {processor.py:161} INFO - Processing /opt/airflow/dags/primer_dag.py took 0.160 seconds
[2023-12-11 03:27:13,591] {processor.py:153} INFO - Started process (PID=468) to work on /opt/airflow/dags/primer_dag.py
[2023-12-11 03:27:13,592] {processor.py:641} INFO - Processing file /opt/airflow/dags/primer_dag.py for tasks to queue
[2023-12-11 03:27:13,594] {logging_mixin.py:115} INFO - [2023-12-11 03:27:13,593] {dagbag.py:508} INFO - Filling up the DagBag from /opt/airflow/dags/primer_dag.py
[2023-12-11 03:27:13,644] {processor.py:651} INFO - DAG(s) dict_keys(['mi_primer_dag_v4']) retrieved from /opt/airflow/dags/primer_dag.py
[2023-12-11 03:27:13,716] {logging_mixin.py:115} INFO - [2023-12-11 03:27:13,716] {dag.py:2420} INFO - Sync 1 DAGs
[2023-12-11 03:27:13,772] {logging_mixin.py:115} INFO - [2023-12-11 03:27:13,772] {dag.py:2972} INFO - Setting next_dagrun for mi_primer_dag_v4 to 2023-06-14T00:00:00+00:00, run_after=2023-06-15T00:00:00+00:00
[2023-12-11 03:27:13,806] {processor.py:161} INFO - Processing /opt/airflow/dags/primer_dag.py took 0.223 seconds
[2023-12-11 03:27:24,292] {processor.py:153} INFO - Started process (PID=488) to work on /opt/airflow/dags/primer_dag.py
[2023-12-11 03:27:24,295] {processor.py:641} INFO - Processing file /opt/airflow/dags/primer_dag.py for tasks to queue
[2023-12-11 03:27:24,300] {logging_mixin.py:115} INFO - [2023-12-11 03:27:24,300] {dagbag.py:508} INFO - Filling up the DagBag from /opt/airflow/dags/primer_dag.py
[2023-12-11 03:27:24,346] {processor.py:651} INFO - DAG(s) dict_keys(['mi_primer_dag_v4']) retrieved from /opt/airflow/dags/primer_dag.py
[2023-12-11 03:27:24,400] {logging_mixin.py:115} INFO - [2023-12-11 03:27:24,400] {dag.py:2420} INFO - Sync 1 DAGs
[2023-12-11 03:27:24,449] {logging_mixin.py:115} INFO - [2023-12-11 03:27:24,449] {dag.py:2972} INFO - Setting next_dagrun for mi_primer_dag_v4 to 2023-06-14T00:00:00+00:00, run_after=2023-06-15T00:00:00+00:00
[2023-12-11 03:27:24,484] {processor.py:161} INFO - Processing /opt/airflow/dags/primer_dag.py took 0.200 seconds
[2023-12-11 03:27:37,465] {processor.py:153} INFO - Started process (PID=508) to work on /opt/airflow/dags/primer_dag.py
[2023-12-11 03:27:37,491] {processor.py:641} INFO - Processing file /opt/airflow/dags/primer_dag.py for tasks to queue
[2023-12-11 03:27:37,512] {logging_mixin.py:115} INFO - [2023-12-11 03:27:37,512] {dagbag.py:508} INFO - Filling up the DagBag from /opt/airflow/dags/primer_dag.py
[2023-12-11 03:27:38,325] {processor.py:651} INFO - DAG(s) dict_keys(['mi_primer_dag_v4']) retrieved from /opt/airflow/dags/primer_dag.py
[2023-12-11 03:27:38,468] {logging_mixin.py:115} INFO - [2023-12-11 03:27:38,458] {dag.py:2420} INFO - Sync 1 DAGs
[2023-12-11 03:27:38,648] {logging_mixin.py:115} INFO - [2023-12-11 03:27:38,648] {dag.py:2972} INFO - Setting next_dagrun for mi_primer_dag_v4 to 2023-06-14T00:00:00+00:00, run_after=2023-06-15T00:00:00+00:00
[2023-12-11 03:27:38,731] {processor.py:161} INFO - Processing /opt/airflow/dags/primer_dag.py took 1.272 seconds
[2023-12-11 03:27:50,018] {processor.py:153} INFO - Started process (PID=528) to work on /opt/airflow/dags/primer_dag.py
[2023-12-11 03:27:50,040] {processor.py:641} INFO - Processing file /opt/airflow/dags/primer_dag.py for tasks to queue
[2023-12-11 03:27:50,052] {logging_mixin.py:115} INFO - [2023-12-11 03:27:50,051] {dagbag.py:508} INFO - Filling up the DagBag from /opt/airflow/dags/primer_dag.py
[2023-12-11 03:27:51,345] {processor.py:651} INFO - DAG(s) dict_keys(['mi_primer_dag_v4']) retrieved from /opt/airflow/dags/primer_dag.py
[2023-12-11 03:27:51,500] {logging_mixin.py:115} INFO - [2023-12-11 03:27:51,500] {dag.py:2420} INFO - Sync 1 DAGs
[2023-12-11 03:27:51,673] {logging_mixin.py:115} INFO - [2023-12-11 03:27:51,672] {dag.py:2972} INFO - Setting next_dagrun for mi_primer_dag_v4 to 2023-06-14T00:00:00+00:00, run_after=2023-06-15T00:00:00+00:00
[2023-12-11 03:27:51,772] {processor.py:161} INFO - Processing /opt/airflow/dags/primer_dag.py took 1.770 seconds
[2023-12-11 03:28:02,388] {processor.py:153} INFO - Started process (PID=548) to work on /opt/airflow/dags/primer_dag.py
[2023-12-11 03:28:02,389] {processor.py:641} INFO - Processing file /opt/airflow/dags/primer_dag.py for tasks to queue
[2023-12-11 03:28:02,391] {logging_mixin.py:115} INFO - [2023-12-11 03:28:02,390] {dagbag.py:508} INFO - Filling up the DagBag from /opt/airflow/dags/primer_dag.py
[2023-12-11 03:28:02,447] {processor.py:651} INFO - DAG(s) dict_keys(['mi_primer_dag_v4']) retrieved from /opt/airflow/dags/primer_dag.py
[2023-12-11 03:28:02,520] {logging_mixin.py:115} INFO - [2023-12-11 03:28:02,520] {dag.py:2420} INFO - Sync 1 DAGs
[2023-12-11 03:28:02,576] {logging_mixin.py:115} INFO - [2023-12-11 03:28:02,576] {dag.py:2972} INFO - Setting next_dagrun for mi_primer_dag_v4 to 2023-06-14T00:00:00+00:00, run_after=2023-06-15T00:00:00+00:00
[2023-12-11 03:28:02,636] {processor.py:161} INFO - Processing /opt/airflow/dags/primer_dag.py took 0.257 seconds
[2023-12-11 03:28:13,355] {processor.py:153} INFO - Started process (PID=568) to work on /opt/airflow/dags/primer_dag.py
[2023-12-11 03:28:13,357] {processor.py:641} INFO - Processing file /opt/airflow/dags/primer_dag.py for tasks to queue
[2023-12-11 03:28:13,359] {logging_mixin.py:115} INFO - [2023-12-11 03:28:13,359] {dagbag.py:508} INFO - Filling up the DagBag from /opt/airflow/dags/primer_dag.py
[2023-12-11 03:28:13,417] {processor.py:651} INFO - DAG(s) dict_keys(['mi_primer_dag_v4']) retrieved from /opt/airflow/dags/primer_dag.py
[2023-12-11 03:28:13,503] {logging_mixin.py:115} INFO - [2023-12-11 03:28:13,503] {dag.py:2420} INFO - Sync 1 DAGs
[2023-12-11 03:28:13,557] {logging_mixin.py:115} INFO - [2023-12-11 03:28:13,556] {dag.py:2972} INFO - Setting next_dagrun for mi_primer_dag_v4 to 2023-06-14T00:00:00+00:00, run_after=2023-06-15T00:00:00+00:00
[2023-12-11 03:28:13,609] {processor.py:161} INFO - Processing /opt/airflow/dags/primer_dag.py took 0.265 seconds
[2023-12-11 03:28:23,999] {processor.py:153} INFO - Started process (PID=588) to work on /opt/airflow/dags/primer_dag.py
[2023-12-11 03:28:24,004] {processor.py:641} INFO - Processing file /opt/airflow/dags/primer_dag.py for tasks to queue
[2023-12-11 03:28:24,006] {logging_mixin.py:115} INFO - [2023-12-11 03:28:24,006] {dagbag.py:508} INFO - Filling up the DagBag from /opt/airflow/dags/primer_dag.py
[2023-12-11 03:28:24,055] {processor.py:651} INFO - DAG(s) dict_keys(['mi_primer_dag_v4']) retrieved from /opt/airflow/dags/primer_dag.py
[2023-12-11 03:28:24,107] {logging_mixin.py:115} INFO - [2023-12-11 03:28:24,107] {dag.py:2420} INFO - Sync 1 DAGs
[2023-12-11 03:28:24,151] {logging_mixin.py:115} INFO - [2023-12-11 03:28:24,151] {dag.py:2972} INFO - Setting next_dagrun for mi_primer_dag_v4 to 2023-06-14T00:00:00+00:00, run_after=2023-06-15T00:00:00+00:00
[2023-12-11 03:28:24,175] {processor.py:161} INFO - Processing /opt/airflow/dags/primer_dag.py took 0.183 seconds
[2023-12-11 03:28:34,422] {processor.py:153} INFO - Started process (PID=608) to work on /opt/airflow/dags/primer_dag.py
[2023-12-11 03:28:34,434] {processor.py:641} INFO - Processing file /opt/airflow/dags/primer_dag.py for tasks to queue
[2023-12-11 03:28:34,444] {logging_mixin.py:115} INFO - [2023-12-11 03:28:34,444] {dagbag.py:508} INFO - Filling up the DagBag from /opt/airflow/dags/primer_dag.py
[2023-12-11 03:28:34,538] {processor.py:651} INFO - DAG(s) dict_keys(['mi_primer_dag_v4']) retrieved from /opt/airflow/dags/primer_dag.py
[2023-12-11 03:28:34,716] {logging_mixin.py:115} INFO - [2023-12-11 03:28:34,715] {dag.py:2420} INFO - Sync 1 DAGs
[2023-12-11 03:28:34,865] {logging_mixin.py:115} INFO - [2023-12-11 03:28:34,864] {dag.py:2972} INFO - Setting next_dagrun for mi_primer_dag_v4 to 2023-06-14T00:00:00+00:00, run_after=2023-06-15T00:00:00+00:00
[2023-12-11 03:28:34,960] {processor.py:161} INFO - Processing /opt/airflow/dags/primer_dag.py took 0.546 seconds
[2023-12-11 03:28:45,411] {processor.py:153} INFO - Started process (PID=628) to work on /opt/airflow/dags/primer_dag.py
[2023-12-11 03:28:45,415] {processor.py:641} INFO - Processing file /opt/airflow/dags/primer_dag.py for tasks to queue
[2023-12-11 03:28:45,417] {logging_mixin.py:115} INFO - [2023-12-11 03:28:45,417] {dagbag.py:508} INFO - Filling up the DagBag from /opt/airflow/dags/primer_dag.py
[2023-12-11 03:28:45,471] {processor.py:651} INFO - DAG(s) dict_keys(['mi_primer_dag_v4']) retrieved from /opt/airflow/dags/primer_dag.py
[2023-12-11 03:28:45,592] {logging_mixin.py:115} INFO - [2023-12-11 03:28:45,592] {dag.py:2420} INFO - Sync 1 DAGs
[2023-12-11 03:28:45,680] {logging_mixin.py:115} INFO - [2023-12-11 03:28:45,679] {dag.py:2972} INFO - Setting next_dagrun for mi_primer_dag_v4 to 2023-06-14T00:00:00+00:00, run_after=2023-06-15T00:00:00+00:00
[2023-12-11 03:28:45,706] {processor.py:161} INFO - Processing /opt/airflow/dags/primer_dag.py took 0.303 seconds
[2023-12-11 03:28:56,122] {processor.py:153} INFO - Started process (PID=648) to work on /opt/airflow/dags/primer_dag.py
[2023-12-11 03:28:56,127] {processor.py:641} INFO - Processing file /opt/airflow/dags/primer_dag.py for tasks to queue
[2023-12-11 03:28:56,130] {logging_mixin.py:115} INFO - [2023-12-11 03:28:56,130] {dagbag.py:508} INFO - Filling up the DagBag from /opt/airflow/dags/primer_dag.py
[2023-12-11 03:28:56,202] {processor.py:651} INFO - DAG(s) dict_keys(['mi_primer_dag_v4']) retrieved from /opt/airflow/dags/primer_dag.py
[2023-12-11 03:28:56,300] {logging_mixin.py:115} INFO - [2023-12-11 03:28:56,300] {dag.py:2420} INFO - Sync 1 DAGs
[2023-12-11 03:28:56,425] {logging_mixin.py:115} INFO - [2023-12-11 03:28:56,425] {dag.py:2972} INFO - Setting next_dagrun for mi_primer_dag_v4 to 2023-06-14T00:00:00+00:00, run_after=2023-06-15T00:00:00+00:00
[2023-12-11 03:28:56,564] {processor.py:161} INFO - Processing /opt/airflow/dags/primer_dag.py took 0.451 seconds
[2023-12-11 03:29:06,985] {processor.py:153} INFO - Started process (PID=668) to work on /opt/airflow/dags/primer_dag.py
[2023-12-11 03:29:06,987] {processor.py:641} INFO - Processing file /opt/airflow/dags/primer_dag.py for tasks to queue
[2023-12-11 03:29:06,990] {logging_mixin.py:115} INFO - [2023-12-11 03:29:06,990] {dagbag.py:508} INFO - Filling up the DagBag from /opt/airflow/dags/primer_dag.py
[2023-12-11 03:29:07,044] {processor.py:651} INFO - DAG(s) dict_keys(['mi_primer_dag_v4']) retrieved from /opt/airflow/dags/primer_dag.py
[2023-12-11 03:29:07,133] {logging_mixin.py:115} INFO - [2023-12-11 03:29:07,133] {dag.py:2420} INFO - Sync 1 DAGs
[2023-12-11 03:29:07,173] {logging_mixin.py:115} INFO - [2023-12-11 03:29:07,173] {dag.py:2972} INFO - Setting next_dagrun for mi_primer_dag_v4 to 2023-06-14T00:00:00+00:00, run_after=2023-06-15T00:00:00+00:00
[2023-12-11 03:29:07,195] {processor.py:161} INFO - Processing /opt/airflow/dags/primer_dag.py took 0.216 seconds
[2023-12-11 03:29:17,429] {processor.py:153} INFO - Started process (PID=688) to work on /opt/airflow/dags/primer_dag.py
[2023-12-11 03:29:17,431] {processor.py:641} INFO - Processing file /opt/airflow/dags/primer_dag.py for tasks to queue
[2023-12-11 03:29:17,440] {logging_mixin.py:115} INFO - [2023-12-11 03:29:17,440] {dagbag.py:508} INFO - Filling up the DagBag from /opt/airflow/dags/primer_dag.py
[2023-12-11 03:29:17,546] {processor.py:651} INFO - DAG(s) dict_keys(['mi_primer_dag_v4']) retrieved from /opt/airflow/dags/primer_dag.py
[2023-12-11 03:29:17,660] {logging_mixin.py:115} INFO - [2023-12-11 03:29:17,660] {dag.py:2420} INFO - Sync 1 DAGs
[2023-12-11 03:29:17,791] {logging_mixin.py:115} INFO - [2023-12-11 03:29:17,791] {dag.py:2972} INFO - Setting next_dagrun for mi_primer_dag_v4 to 2023-06-14T00:00:00+00:00, run_after=2023-06-15T00:00:00+00:00
[2023-12-11 03:29:17,848] {processor.py:161} INFO - Processing /opt/airflow/dags/primer_dag.py took 0.449 seconds
[2023-12-11 03:29:28,333] {processor.py:153} INFO - Started process (PID=708) to work on /opt/airflow/dags/primer_dag.py
[2023-12-11 03:29:28,336] {processor.py:641} INFO - Processing file /opt/airflow/dags/primer_dag.py for tasks to queue
[2023-12-11 03:29:28,341] {logging_mixin.py:115} INFO - [2023-12-11 03:29:28,340] {dagbag.py:508} INFO - Filling up the DagBag from /opt/airflow/dags/primer_dag.py
[2023-12-11 03:29:28,411] {processor.py:651} INFO - DAG(s) dict_keys(['mi_primer_dag_v4']) retrieved from /opt/airflow/dags/primer_dag.py
[2023-12-11 03:29:28,498] {logging_mixin.py:115} INFO - [2023-12-11 03:29:28,498] {dag.py:2420} INFO - Sync 1 DAGs
[2023-12-11 03:29:28,584] {logging_mixin.py:115} INFO - [2023-12-11 03:29:28,584] {dag.py:2972} INFO - Setting next_dagrun for mi_primer_dag_v4 to 2023-06-14T00:00:00+00:00, run_after=2023-06-15T00:00:00+00:00
[2023-12-11 03:29:28,612] {processor.py:161} INFO - Processing /opt/airflow/dags/primer_dag.py took 0.288 seconds
[2023-12-11 03:29:39,209] {processor.py:153} INFO - Started process (PID=728) to work on /opt/airflow/dags/primer_dag.py
[2023-12-11 03:29:39,214] {processor.py:641} INFO - Processing file /opt/airflow/dags/primer_dag.py for tasks to queue
[2023-12-11 03:29:39,227] {logging_mixin.py:115} INFO - [2023-12-11 03:29:39,223] {dagbag.py:508} INFO - Filling up the DagBag from /opt/airflow/dags/primer_dag.py
[2023-12-11 03:29:39,341] {processor.py:651} INFO - DAG(s) dict_keys(['mi_primer_dag_v4']) retrieved from /opt/airflow/dags/primer_dag.py
[2023-12-11 03:29:39,452] {logging_mixin.py:115} INFO - [2023-12-11 03:29:39,452] {dag.py:2420} INFO - Sync 1 DAGs
[2023-12-11 03:29:39,557] {logging_mixin.py:115} INFO - [2023-12-11 03:29:39,557] {dag.py:2972} INFO - Setting next_dagrun for mi_primer_dag_v4 to 2023-06-14T00:00:00+00:00, run_after=2023-06-15T00:00:00+00:00
[2023-12-11 03:29:39,597] {processor.py:161} INFO - Processing /opt/airflow/dags/primer_dag.py took 0.401 seconds
[2023-12-11 03:29:49,825] {processor.py:153} INFO - Started process (PID=748) to work on /opt/airflow/dags/primer_dag.py
[2023-12-11 03:29:49,826] {processor.py:641} INFO - Processing file /opt/airflow/dags/primer_dag.py for tasks to queue
[2023-12-11 03:29:49,828] {logging_mixin.py:115} INFO - [2023-12-11 03:29:49,827] {dagbag.py:508} INFO - Filling up the DagBag from /opt/airflow/dags/primer_dag.py
[2023-12-11 03:29:49,871] {processor.py:651} INFO - DAG(s) dict_keys(['mi_primer_dag_v4']) retrieved from /opt/airflow/dags/primer_dag.py
[2023-12-11 03:29:49,917] {logging_mixin.py:115} INFO - [2023-12-11 03:29:49,917] {dag.py:2420} INFO - Sync 1 DAGs
[2023-12-11 03:29:49,961] {logging_mixin.py:115} INFO - [2023-12-11 03:29:49,961] {dag.py:2972} INFO - Setting next_dagrun for mi_primer_dag_v4 to 2023-06-14T00:00:00+00:00, run_after=2023-06-15T00:00:00+00:00
[2023-12-11 03:29:49,981] {processor.py:161} INFO - Processing /opt/airflow/dags/primer_dag.py took 0.161 seconds
[2023-12-11 03:30:00,475] {processor.py:153} INFO - Started process (PID=768) to work on /opt/airflow/dags/primer_dag.py
[2023-12-11 03:30:00,477] {processor.py:641} INFO - Processing file /opt/airflow/dags/primer_dag.py for tasks to queue
[2023-12-11 03:30:00,479] {logging_mixin.py:115} INFO - [2023-12-11 03:30:00,478] {dagbag.py:508} INFO - Filling up the DagBag from /opt/airflow/dags/primer_dag.py
[2023-12-11 03:30:00,532] {processor.py:651} INFO - DAG(s) dict_keys(['mi_primer_dag_v4']) retrieved from /opt/airflow/dags/primer_dag.py
[2023-12-11 03:30:00,608] {logging_mixin.py:115} INFO - [2023-12-11 03:30:00,608] {dag.py:2420} INFO - Sync 1 DAGs
[2023-12-11 03:30:00,721] {logging_mixin.py:115} INFO - [2023-12-11 03:30:00,720] {dag.py:2972} INFO - Setting next_dagrun for mi_primer_dag_v4 to 2023-06-14T00:00:00+00:00, run_after=2023-06-15T00:00:00+00:00
[2023-12-11 03:30:00,759] {processor.py:161} INFO - Processing /opt/airflow/dags/primer_dag.py took 0.295 seconds
[2023-12-11 03:30:10,970] {processor.py:153} INFO - Started process (PID=788) to work on /opt/airflow/dags/primer_dag.py
[2023-12-11 03:30:10,971] {processor.py:641} INFO - Processing file /opt/airflow/dags/primer_dag.py for tasks to queue
[2023-12-11 03:30:10,972] {logging_mixin.py:115} INFO - [2023-12-11 03:30:10,972] {dagbag.py:508} INFO - Filling up the DagBag from /opt/airflow/dags/primer_dag.py
[2023-12-11 03:30:11,023] {processor.py:651} INFO - DAG(s) dict_keys(['mi_primer_dag_v4']) retrieved from /opt/airflow/dags/primer_dag.py
[2023-12-11 03:30:11,143] {logging_mixin.py:115} INFO - [2023-12-11 03:30:11,143] {dag.py:2420} INFO - Sync 1 DAGs
[2023-12-11 03:30:11,378] {logging_mixin.py:115} INFO - [2023-12-11 03:30:11,378] {dag.py:2972} INFO - Setting next_dagrun for mi_primer_dag_v4 to 2023-06-14T00:00:00+00:00, run_after=2023-06-15T00:00:00+00:00
[2023-12-11 03:30:11,464] {processor.py:161} INFO - Processing /opt/airflow/dags/primer_dag.py took 0.502 seconds
[2023-12-11 03:30:22,207] {processor.py:153} INFO - Started process (PID=808) to work on /opt/airflow/dags/primer_dag.py
[2023-12-11 03:30:22,669] {processor.py:641} INFO - Processing file /opt/airflow/dags/primer_dag.py for tasks to queue
[2023-12-11 03:30:22,676] {logging_mixin.py:115} INFO - [2023-12-11 03:30:22,673] {dagbag.py:508} INFO - Filling up the DagBag from /opt/airflow/dags/primer_dag.py
[2023-12-11 03:30:22,814] {processor.py:651} INFO - DAG(s) dict_keys(['mi_primer_dag_v4']) retrieved from /opt/airflow/dags/primer_dag.py
[2023-12-11 03:30:23,149] {logging_mixin.py:115} INFO - [2023-12-11 03:30:23,149] {dag.py:2420} INFO - Sync 1 DAGs
[2023-12-11 03:30:23,330] {logging_mixin.py:115} INFO - [2023-12-11 03:30:23,329] {dag.py:2972} INFO - Setting next_dagrun for mi_primer_dag_v4 to 2023-06-14T00:00:00+00:00, run_after=2023-06-15T00:00:00+00:00
[2023-12-11 03:30:23,416] {processor.py:161} INFO - Processing /opt/airflow/dags/primer_dag.py took 1.261 seconds
[2023-12-11 03:30:33,708] {processor.py:153} INFO - Started process (PID=828) to work on /opt/airflow/dags/primer_dag.py
[2023-12-11 03:30:33,709] {processor.py:641} INFO - Processing file /opt/airflow/dags/primer_dag.py for tasks to queue
[2023-12-11 03:30:33,711] {logging_mixin.py:115} INFO - [2023-12-11 03:30:33,711] {dagbag.py:508} INFO - Filling up the DagBag from /opt/airflow/dags/primer_dag.py
[2023-12-11 03:30:33,759] {processor.py:651} INFO - DAG(s) dict_keys(['mi_primer_dag_v4']) retrieved from /opt/airflow/dags/primer_dag.py
[2023-12-11 03:30:33,825] {logging_mixin.py:115} INFO - [2023-12-11 03:30:33,825] {dag.py:2420} INFO - Sync 1 DAGs
[2023-12-11 03:30:33,879] {logging_mixin.py:115} INFO - [2023-12-11 03:30:33,879] {dag.py:2972} INFO - Setting next_dagrun for mi_primer_dag_v4 to 2023-06-14T00:00:00+00:00, run_after=2023-06-15T00:00:00+00:00
[2023-12-11 03:30:33,913] {processor.py:161} INFO - Processing /opt/airflow/dags/primer_dag.py took 0.211 seconds
[2023-12-11 03:30:44,443] {processor.py:153} INFO - Started process (PID=848) to work on /opt/airflow/dags/primer_dag.py
[2023-12-11 03:30:44,445] {processor.py:641} INFO - Processing file /opt/airflow/dags/primer_dag.py for tasks to queue
[2023-12-11 03:30:44,446] {logging_mixin.py:115} INFO - [2023-12-11 03:30:44,446] {dagbag.py:508} INFO - Filling up the DagBag from /opt/airflow/dags/primer_dag.py
[2023-12-11 03:30:44,500] {processor.py:651} INFO - DAG(s) dict_keys(['mi_primer_dag_v4']) retrieved from /opt/airflow/dags/primer_dag.py
[2023-12-11 03:30:44,571] {logging_mixin.py:115} INFO - [2023-12-11 03:30:44,571] {dag.py:2420} INFO - Sync 1 DAGs
[2023-12-11 03:30:44,628] {logging_mixin.py:115} INFO - [2023-12-11 03:30:44,628] {dag.py:2972} INFO - Setting next_dagrun for mi_primer_dag_v4 to 2023-06-14T00:00:00+00:00, run_after=2023-06-15T00:00:00+00:00
[2023-12-11 03:30:44,659] {processor.py:161} INFO - Processing /opt/airflow/dags/primer_dag.py took 0.226 seconds
[2023-12-11 03:30:54,923] {processor.py:153} INFO - Started process (PID=868) to work on /opt/airflow/dags/primer_dag.py
[2023-12-11 03:30:54,924] {processor.py:641} INFO - Processing file /opt/airflow/dags/primer_dag.py for tasks to queue
[2023-12-11 03:30:54,926] {logging_mixin.py:115} INFO - [2023-12-11 03:30:54,926] {dagbag.py:508} INFO - Filling up the DagBag from /opt/airflow/dags/primer_dag.py
[2023-12-11 03:30:54,968] {processor.py:651} INFO - DAG(s) dict_keys(['mi_primer_dag_v4']) retrieved from /opt/airflow/dags/primer_dag.py
[2023-12-11 03:30:55,015] {logging_mixin.py:115} INFO - [2023-12-11 03:30:55,014] {dag.py:2420} INFO - Sync 1 DAGs
[2023-12-11 03:30:55,052] {logging_mixin.py:115} INFO - [2023-12-11 03:30:55,052] {dag.py:2972} INFO - Setting next_dagrun for mi_primer_dag_v4 to 2023-06-14T00:00:00+00:00, run_after=2023-06-15T00:00:00+00:00
[2023-12-11 03:30:55,076] {processor.py:161} INFO - Processing /opt/airflow/dags/primer_dag.py took 0.158 seconds
[2023-12-11 03:31:05,474] {processor.py:153} INFO - Started process (PID=888) to work on /opt/airflow/dags/primer_dag.py
[2023-12-11 03:31:05,475] {processor.py:641} INFO - Processing file /opt/airflow/dags/primer_dag.py for tasks to queue
[2023-12-11 03:31:05,477] {logging_mixin.py:115} INFO - [2023-12-11 03:31:05,477] {dagbag.py:508} INFO - Filling up the DagBag from /opt/airflow/dags/primer_dag.py
[2023-12-11 03:31:05,529] {processor.py:651} INFO - DAG(s) dict_keys(['mi_primer_dag_v4']) retrieved from /opt/airflow/dags/primer_dag.py
[2023-12-11 03:31:05,594] {logging_mixin.py:115} INFO - [2023-12-11 03:31:05,594] {dag.py:2420} INFO - Sync 1 DAGs
[2023-12-11 03:31:05,647] {logging_mixin.py:115} INFO - [2023-12-11 03:31:05,647] {dag.py:2972} INFO - Setting next_dagrun for mi_primer_dag_v4 to 2023-06-14T00:00:00+00:00, run_after=2023-06-15T00:00:00+00:00
[2023-12-11 03:31:05,670] {processor.py:161} INFO - Processing /opt/airflow/dags/primer_dag.py took 0.210 seconds
[2023-12-11 03:31:16,162] {processor.py:153} INFO - Started process (PID=908) to work on /opt/airflow/dags/primer_dag.py
[2023-12-11 03:31:16,164] {processor.py:641} INFO - Processing file /opt/airflow/dags/primer_dag.py for tasks to queue
[2023-12-11 03:31:16,165] {logging_mixin.py:115} INFO - [2023-12-11 03:31:16,165] {dagbag.py:508} INFO - Filling up the DagBag from /opt/airflow/dags/primer_dag.py
[2023-12-11 03:31:16,212] {processor.py:651} INFO - DAG(s) dict_keys(['mi_primer_dag_v4']) retrieved from /opt/airflow/dags/primer_dag.py
[2023-12-11 03:31:16,268] {logging_mixin.py:115} INFO - [2023-12-11 03:31:16,268] {dag.py:2420} INFO - Sync 1 DAGs
[2023-12-11 03:31:16,331] {logging_mixin.py:115} INFO - [2023-12-11 03:31:16,330] {dag.py:2972} INFO - Setting next_dagrun for mi_primer_dag_v4 to 2023-06-14T00:00:00+00:00, run_after=2023-06-15T00:00:00+00:00
[2023-12-11 03:31:16,365] {processor.py:161} INFO - Processing /opt/airflow/dags/primer_dag.py took 0.215 seconds
[2023-12-11 03:31:26,787] {processor.py:153} INFO - Started process (PID=928) to work on /opt/airflow/dags/primer_dag.py
[2023-12-11 03:31:26,790] {processor.py:641} INFO - Processing file /opt/airflow/dags/primer_dag.py for tasks to queue
[2023-12-11 03:31:26,791] {logging_mixin.py:115} INFO - [2023-12-11 03:31:26,791] {dagbag.py:508} INFO - Filling up the DagBag from /opt/airflow/dags/primer_dag.py
[2023-12-11 03:31:26,846] {processor.py:651} INFO - DAG(s) dict_keys(['mi_primer_dag_v4']) retrieved from /opt/airflow/dags/primer_dag.py
[2023-12-11 03:31:26,899] {logging_mixin.py:115} INFO - [2023-12-11 03:31:26,899] {dag.py:2420} INFO - Sync 1 DAGs
[2023-12-11 03:31:26,953] {logging_mixin.py:115} INFO - [2023-12-11 03:31:26,953] {dag.py:2972} INFO - Setting next_dagrun for mi_primer_dag_v4 to 2023-06-14T00:00:00+00:00, run_after=2023-06-15T00:00:00+00:00
[2023-12-11 03:31:26,980] {processor.py:161} INFO - Processing /opt/airflow/dags/primer_dag.py took 0.201 seconds
[2023-12-11 03:31:37,389] {processor.py:153} INFO - Started process (PID=948) to work on /opt/airflow/dags/primer_dag.py
[2023-12-11 03:31:37,400] {processor.py:641} INFO - Processing file /opt/airflow/dags/primer_dag.py for tasks to queue
[2023-12-11 03:31:37,402] {logging_mixin.py:115} INFO - [2023-12-11 03:31:37,402] {dagbag.py:508} INFO - Filling up the DagBag from /opt/airflow/dags/primer_dag.py
[2023-12-11 03:31:37,465] {processor.py:651} INFO - DAG(s) dict_keys(['mi_primer_dag_v4']) retrieved from /opt/airflow/dags/primer_dag.py
[2023-12-11 03:31:37,581] {logging_mixin.py:115} INFO - [2023-12-11 03:31:37,581] {dag.py:2420} INFO - Sync 1 DAGs
[2023-12-11 03:31:37,714] {logging_mixin.py:115} INFO - [2023-12-11 03:31:37,714] {dag.py:2972} INFO - Setting next_dagrun for mi_primer_dag_v4 to 2023-06-14T00:00:00+00:00, run_after=2023-06-15T00:00:00+00:00
[2023-12-11 03:31:37,786] {processor.py:161} INFO - Processing /opt/airflow/dags/primer_dag.py took 0.413 seconds
[2023-12-11 03:31:48,381] {processor.py:153} INFO - Started process (PID=968) to work on /opt/airflow/dags/primer_dag.py
[2023-12-11 03:31:48,384] {processor.py:641} INFO - Processing file /opt/airflow/dags/primer_dag.py for tasks to queue
[2023-12-11 03:31:48,389] {logging_mixin.py:115} INFO - [2023-12-11 03:31:48,389] {dagbag.py:508} INFO - Filling up the DagBag from /opt/airflow/dags/primer_dag.py
[2023-12-11 03:31:48,450] {processor.py:651} INFO - DAG(s) dict_keys(['mi_primer_dag_v4']) retrieved from /opt/airflow/dags/primer_dag.py
[2023-12-11 03:31:48,536] {logging_mixin.py:115} INFO - [2023-12-11 03:31:48,535] {dag.py:2420} INFO - Sync 1 DAGs
[2023-12-11 03:31:48,618] {logging_mixin.py:115} INFO - [2023-12-11 03:31:48,617] {dag.py:2972} INFO - Setting next_dagrun for mi_primer_dag_v4 to 2023-06-14T00:00:00+00:00, run_after=2023-06-15T00:00:00+00:00
[2023-12-11 03:31:48,657] {processor.py:161} INFO - Processing /opt/airflow/dags/primer_dag.py took 0.284 seconds
[2023-12-11 03:31:59,220] {processor.py:153} INFO - Started process (PID=988) to work on /opt/airflow/dags/primer_dag.py
[2023-12-11 03:31:59,221] {processor.py:641} INFO - Processing file /opt/airflow/dags/primer_dag.py for tasks to queue
[2023-12-11 03:31:59,223] {logging_mixin.py:115} INFO - [2023-12-11 03:31:59,223] {dagbag.py:508} INFO - Filling up the DagBag from /opt/airflow/dags/primer_dag.py
[2023-12-11 03:31:59,267] {processor.py:651} INFO - DAG(s) dict_keys(['mi_primer_dag_v4']) retrieved from /opt/airflow/dags/primer_dag.py
[2023-12-11 03:31:59,323] {logging_mixin.py:115} INFO - [2023-12-11 03:31:59,323] {dag.py:2420} INFO - Sync 1 DAGs
[2023-12-11 03:31:59,375] {logging_mixin.py:115} INFO - [2023-12-11 03:31:59,374] {dag.py:2972} INFO - Setting next_dagrun for mi_primer_dag_v4 to 2023-06-14T00:00:00+00:00, run_after=2023-06-15T00:00:00+00:00
[2023-12-11 03:31:59,401] {processor.py:161} INFO - Processing /opt/airflow/dags/primer_dag.py took 0.192 seconds
[2023-12-11 03:32:09,837] {processor.py:153} INFO - Started process (PID=1008) to work on /opt/airflow/dags/primer_dag.py
[2023-12-11 03:32:09,838] {processor.py:641} INFO - Processing file /opt/airflow/dags/primer_dag.py for tasks to queue
[2023-12-11 03:32:09,840] {logging_mixin.py:115} INFO - [2023-12-11 03:32:09,839] {dagbag.py:508} INFO - Filling up the DagBag from /opt/airflow/dags/primer_dag.py
[2023-12-11 03:32:09,889] {processor.py:651} INFO - DAG(s) dict_keys(['mi_primer_dag_v4']) retrieved from /opt/airflow/dags/primer_dag.py
[2023-12-11 03:32:09,981] {logging_mixin.py:115} INFO - [2023-12-11 03:32:09,980] {dag.py:2420} INFO - Sync 1 DAGs
[2023-12-11 03:32:10,031] {logging_mixin.py:115} INFO - [2023-12-11 03:32:10,031] {dag.py:2972} INFO - Setting next_dagrun for mi_primer_dag_v4 to 2023-06-14T00:00:00+00:00, run_after=2023-06-15T00:00:00+00:00
[2023-12-11 03:32:10,083] {processor.py:161} INFO - Processing /opt/airflow/dags/primer_dag.py took 0.256 seconds
[2023-12-11 03:32:20,782] {processor.py:153} INFO - Started process (PID=1028) to work on /opt/airflow/dags/primer_dag.py
[2023-12-11 03:32:20,784] {processor.py:641} INFO - Processing file /opt/airflow/dags/primer_dag.py for tasks to queue
[2023-12-11 03:32:20,786] {logging_mixin.py:115} INFO - [2023-12-11 03:32:20,786] {dagbag.py:508} INFO - Filling up the DagBag from /opt/airflow/dags/primer_dag.py
[2023-12-11 03:32:20,823] {processor.py:651} INFO - DAG(s) dict_keys(['mi_primer_dag_v4']) retrieved from /opt/airflow/dags/primer_dag.py
[2023-12-11 03:32:20,872] {logging_mixin.py:115} INFO - [2023-12-11 03:32:20,872] {dag.py:2420} INFO - Sync 1 DAGs
[2023-12-11 03:32:20,913] {logging_mixin.py:115} INFO - [2023-12-11 03:32:20,913] {dag.py:2972} INFO - Setting next_dagrun for mi_primer_dag_v4 to 2023-06-14T00:00:00+00:00, run_after=2023-06-15T00:00:00+00:00
[2023-12-11 03:32:20,940] {processor.py:161} INFO - Processing /opt/airflow/dags/primer_dag.py took 0.175 seconds
[2023-12-11 03:32:31,162] {processor.py:153} INFO - Started process (PID=1048) to work on /opt/airflow/dags/primer_dag.py
[2023-12-11 03:32:31,164] {processor.py:641} INFO - Processing file /opt/airflow/dags/primer_dag.py for tasks to queue
[2023-12-11 03:32:31,165] {logging_mixin.py:115} INFO - [2023-12-11 03:32:31,165] {dagbag.py:508} INFO - Filling up the DagBag from /opt/airflow/dags/primer_dag.py
[2023-12-11 03:32:31,207] {processor.py:651} INFO - DAG(s) dict_keys(['mi_primer_dag_v4']) retrieved from /opt/airflow/dags/primer_dag.py
[2023-12-11 03:32:31,258] {logging_mixin.py:115} INFO - [2023-12-11 03:32:31,258] {dag.py:2420} INFO - Sync 1 DAGs
[2023-12-11 03:32:31,315] {logging_mixin.py:115} INFO - [2023-12-11 03:32:31,315] {dag.py:2972} INFO - Setting next_dagrun for mi_primer_dag_v4 to 2023-06-14T00:00:00+00:00, run_after=2023-06-15T00:00:00+00:00
[2023-12-11 03:32:31,344] {processor.py:161} INFO - Processing /opt/airflow/dags/primer_dag.py took 0.190 seconds
[2023-12-11 03:32:41,751] {processor.py:153} INFO - Started process (PID=1068) to work on /opt/airflow/dags/primer_dag.py
[2023-12-11 03:32:41,753] {processor.py:641} INFO - Processing file /opt/airflow/dags/primer_dag.py for tasks to queue
[2023-12-11 03:32:41,754] {logging_mixin.py:115} INFO - [2023-12-11 03:32:41,754] {dagbag.py:508} INFO - Filling up the DagBag from /opt/airflow/dags/primer_dag.py
[2023-12-11 03:32:41,798] {processor.py:651} INFO - DAG(s) dict_keys(['mi_primer_dag_v4']) retrieved from /opt/airflow/dags/primer_dag.py
[2023-12-11 03:32:41,843] {logging_mixin.py:115} INFO - [2023-12-11 03:32:41,842] {dag.py:2420} INFO - Sync 1 DAGs
[2023-12-11 03:32:41,994] {logging_mixin.py:115} INFO - [2023-12-11 03:32:41,994] {dag.py:2972} INFO - Setting next_dagrun for mi_primer_dag_v4 to 2023-06-14T00:00:00+00:00, run_after=2023-06-15T00:00:00+00:00
[2023-12-11 03:32:42,022] {processor.py:161} INFO - Processing /opt/airflow/dags/primer_dag.py took 0.279 seconds
[2023-12-11 03:32:52,339] {processor.py:153} INFO - Started process (PID=1088) to work on /opt/airflow/dags/primer_dag.py
[2023-12-11 03:32:52,340] {processor.py:641} INFO - Processing file /opt/airflow/dags/primer_dag.py for tasks to queue
[2023-12-11 03:32:52,342] {logging_mixin.py:115} INFO - [2023-12-11 03:32:52,341] {dagbag.py:508} INFO - Filling up the DagBag from /opt/airflow/dags/primer_dag.py
[2023-12-11 03:32:52,385] {processor.py:651} INFO - DAG(s) dict_keys(['mi_primer_dag_v4']) retrieved from /opt/airflow/dags/primer_dag.py
[2023-12-11 03:32:52,433] {logging_mixin.py:115} INFO - [2023-12-11 03:32:52,432] {dag.py:2420} INFO - Sync 1 DAGs
[2023-12-11 03:32:52,485] {logging_mixin.py:115} INFO - [2023-12-11 03:32:52,485] {dag.py:2972} INFO - Setting next_dagrun for mi_primer_dag_v4 to 2023-06-14T00:00:00+00:00, run_after=2023-06-15T00:00:00+00:00
[2023-12-11 03:32:52,512] {processor.py:161} INFO - Processing /opt/airflow/dags/primer_dag.py took 0.182 seconds
[2023-12-11 03:33:02,880] {processor.py:153} INFO - Started process (PID=1108) to work on /opt/airflow/dags/primer_dag.py
[2023-12-11 03:33:02,881] {processor.py:641} INFO - Processing file /opt/airflow/dags/primer_dag.py for tasks to queue
[2023-12-11 03:33:02,883] {logging_mixin.py:115} INFO - [2023-12-11 03:33:02,882] {dagbag.py:508} INFO - Filling up the DagBag from /opt/airflow/dags/primer_dag.py
[2023-12-11 03:33:02,922] {processor.py:651} INFO - DAG(s) dict_keys(['mi_primer_dag_v4']) retrieved from /opt/airflow/dags/primer_dag.py
[2023-12-11 03:33:02,976] {logging_mixin.py:115} INFO - [2023-12-11 03:33:02,976] {dag.py:2420} INFO - Sync 1 DAGs
[2023-12-11 03:33:03,044] {logging_mixin.py:115} INFO - [2023-12-11 03:33:03,044] {dag.py:2972} INFO - Setting next_dagrun for mi_primer_dag_v4 to 2023-06-14T00:00:00+00:00, run_after=2023-06-15T00:00:00+00:00
[2023-12-11 03:33:03,078] {processor.py:161} INFO - Processing /opt/airflow/dags/primer_dag.py took 0.204 seconds
[2023-12-11 03:33:13,647] {processor.py:153} INFO - Started process (PID=1128) to work on /opt/airflow/dags/primer_dag.py
[2023-12-11 03:33:13,649] {processor.py:641} INFO - Processing file /opt/airflow/dags/primer_dag.py for tasks to queue
[2023-12-11 03:33:13,650] {logging_mixin.py:115} INFO - [2023-12-11 03:33:13,650] {dagbag.py:508} INFO - Filling up the DagBag from /opt/airflow/dags/primer_dag.py
[2023-12-11 03:33:13,687] {processor.py:651} INFO - DAG(s) dict_keys(['mi_primer_dag_v4']) retrieved from /opt/airflow/dags/primer_dag.py
[2023-12-11 03:33:13,735] {logging_mixin.py:115} INFO - [2023-12-11 03:33:13,735] {dag.py:2420} INFO - Sync 1 DAGs
[2023-12-11 03:33:13,776] {logging_mixin.py:115} INFO - [2023-12-11 03:33:13,776] {dag.py:2972} INFO - Setting next_dagrun for mi_primer_dag_v4 to 2023-06-14T00:00:00+00:00, run_after=2023-06-15T00:00:00+00:00
[2023-12-11 03:33:13,802] {processor.py:161} INFO - Processing /opt/airflow/dags/primer_dag.py took 0.161 seconds
[2023-12-11 03:33:24,248] {processor.py:153} INFO - Started process (PID=1148) to work on /opt/airflow/dags/primer_dag.py
[2023-12-11 03:33:24,250] {processor.py:641} INFO - Processing file /opt/airflow/dags/primer_dag.py for tasks to queue
[2023-12-11 03:33:24,251] {logging_mixin.py:115} INFO - [2023-12-11 03:33:24,251] {dagbag.py:508} INFO - Filling up the DagBag from /opt/airflow/dags/primer_dag.py
[2023-12-11 03:33:24,295] {processor.py:651} INFO - DAG(s) dict_keys(['mi_primer_dag_v4']) retrieved from /opt/airflow/dags/primer_dag.py
[2023-12-11 03:33:24,345] {logging_mixin.py:115} INFO - [2023-12-11 03:33:24,345] {dag.py:2420} INFO - Sync 1 DAGs
[2023-12-11 03:33:24,394] {logging_mixin.py:115} INFO - [2023-12-11 03:33:24,394] {dag.py:2972} INFO - Setting next_dagrun for mi_primer_dag_v4 to 2023-06-14T00:00:00+00:00, run_after=2023-06-15T00:00:00+00:00
[2023-12-11 03:33:24,417] {processor.py:161} INFO - Processing /opt/airflow/dags/primer_dag.py took 0.177 seconds
[2023-12-11 03:33:34,807] {processor.py:153} INFO - Started process (PID=1168) to work on /opt/airflow/dags/primer_dag.py
[2023-12-11 03:33:34,808] {processor.py:641} INFO - Processing file /opt/airflow/dags/primer_dag.py for tasks to queue
[2023-12-11 03:33:34,810] {logging_mixin.py:115} INFO - [2023-12-11 03:33:34,810] {dagbag.py:508} INFO - Filling up the DagBag from /opt/airflow/dags/primer_dag.py
[2023-12-11 03:33:34,855] {processor.py:651} INFO - DAG(s) dict_keys(['mi_primer_dag_v4']) retrieved from /opt/airflow/dags/primer_dag.py
[2023-12-11 03:33:34,912] {logging_mixin.py:115} INFO - [2023-12-11 03:33:34,912] {dag.py:2420} INFO - Sync 1 DAGs
[2023-12-11 03:33:34,953] {logging_mixin.py:115} INFO - [2023-12-11 03:33:34,953] {dag.py:2972} INFO - Setting next_dagrun for mi_primer_dag_v4 to 2023-06-14T00:00:00+00:00, run_after=2023-06-15T00:00:00+00:00
[2023-12-11 03:33:34,984] {processor.py:161} INFO - Processing /opt/airflow/dags/primer_dag.py took 0.185 seconds
[2023-12-11 03:33:45,366] {processor.py:153} INFO - Started process (PID=1188) to work on /opt/airflow/dags/primer_dag.py
[2023-12-11 03:33:45,368] {processor.py:641} INFO - Processing file /opt/airflow/dags/primer_dag.py for tasks to queue
[2023-12-11 03:33:45,369] {logging_mixin.py:115} INFO - [2023-12-11 03:33:45,369] {dagbag.py:508} INFO - Filling up the DagBag from /opt/airflow/dags/primer_dag.py
[2023-12-11 03:33:45,413] {processor.py:651} INFO - DAG(s) dict_keys(['mi_primer_dag_v4']) retrieved from /opt/airflow/dags/primer_dag.py
[2023-12-11 03:33:45,473] {logging_mixin.py:115} INFO - [2023-12-11 03:33:45,473] {dag.py:2420} INFO - Sync 1 DAGs
[2023-12-11 03:33:45,516] {logging_mixin.py:115} INFO - [2023-12-11 03:33:45,516] {dag.py:2972} INFO - Setting next_dagrun for mi_primer_dag_v4 to 2023-06-14T00:00:00+00:00, run_after=2023-06-15T00:00:00+00:00
[2023-12-11 03:33:45,543] {processor.py:161} INFO - Processing /opt/airflow/dags/primer_dag.py took 0.185 seconds
[2023-12-11 03:33:55,967] {processor.py:153} INFO - Started process (PID=1208) to work on /opt/airflow/dags/primer_dag.py
[2023-12-11 03:33:55,968] {processor.py:641} INFO - Processing file /opt/airflow/dags/primer_dag.py for tasks to queue
[2023-12-11 03:33:55,970] {logging_mixin.py:115} INFO - [2023-12-11 03:33:55,970] {dagbag.py:508} INFO - Filling up the DagBag from /opt/airflow/dags/primer_dag.py
[2023-12-11 03:33:56,006] {processor.py:651} INFO - DAG(s) dict_keys(['mi_primer_dag_v4']) retrieved from /opt/airflow/dags/primer_dag.py
[2023-12-11 03:33:56,053] {logging_mixin.py:115} INFO - [2023-12-11 03:33:56,053] {dag.py:2420} INFO - Sync 1 DAGs
[2023-12-11 03:33:56,092] {logging_mixin.py:115} INFO - [2023-12-11 03:33:56,092] {dag.py:2972} INFO - Setting next_dagrun for mi_primer_dag_v4 to 2023-06-14T00:00:00+00:00, run_after=2023-06-15T00:00:00+00:00
[2023-12-11 03:33:56,116] {processor.py:161} INFO - Processing /opt/airflow/dags/primer_dag.py took 0.156 seconds
[2023-12-11 03:34:06,508] {processor.py:153} INFO - Started process (PID=1228) to work on /opt/airflow/dags/primer_dag.py
[2023-12-11 03:34:06,509] {processor.py:641} INFO - Processing file /opt/airflow/dags/primer_dag.py for tasks to queue
[2023-12-11 03:34:06,510] {logging_mixin.py:115} INFO - [2023-12-11 03:34:06,510] {dagbag.py:508} INFO - Filling up the DagBag from /opt/airflow/dags/primer_dag.py
[2023-12-11 03:34:06,549] {processor.py:651} INFO - DAG(s) dict_keys(['mi_primer_dag_v4']) retrieved from /opt/airflow/dags/primer_dag.py
[2023-12-11 03:34:06,590] {logging_mixin.py:115} INFO - [2023-12-11 03:34:06,590] {dag.py:2420} INFO - Sync 1 DAGs
[2023-12-11 03:34:06,626] {logging_mixin.py:115} INFO - [2023-12-11 03:34:06,625] {dag.py:2972} INFO - Setting next_dagrun for mi_primer_dag_v4 to 2023-06-14T00:00:00+00:00, run_after=2023-06-15T00:00:00+00:00
[2023-12-11 03:34:06,648] {processor.py:161} INFO - Processing /opt/airflow/dags/primer_dag.py took 0.146 seconds
[2023-12-11 03:34:17,022] {processor.py:153} INFO - Started process (PID=1248) to work on /opt/airflow/dags/primer_dag.py
[2023-12-11 03:34:17,024] {processor.py:641} INFO - Processing file /opt/airflow/dags/primer_dag.py for tasks to queue
[2023-12-11 03:34:17,026] {logging_mixin.py:115} INFO - [2023-12-11 03:34:17,026] {dagbag.py:508} INFO - Filling up the DagBag from /opt/airflow/dags/primer_dag.py
[2023-12-11 03:34:17,080] {processor.py:651} INFO - DAG(s) dict_keys(['mi_primer_dag_v4']) retrieved from /opt/airflow/dags/primer_dag.py
[2023-12-11 03:34:17,142] {logging_mixin.py:115} INFO - [2023-12-11 03:34:17,142] {dag.py:2420} INFO - Sync 1 DAGs
[2023-12-11 03:34:17,201] {logging_mixin.py:115} INFO - [2023-12-11 03:34:17,201] {dag.py:2972} INFO - Setting next_dagrun for mi_primer_dag_v4 to 2023-06-14T00:00:00+00:00, run_after=2023-06-15T00:00:00+00:00
[2023-12-11 03:34:17,225] {processor.py:161} INFO - Processing /opt/airflow/dags/primer_dag.py took 0.213 seconds
[2023-12-11 03:34:27,632] {processor.py:153} INFO - Started process (PID=1268) to work on /opt/airflow/dags/primer_dag.py
[2023-12-11 03:34:27,633] {processor.py:641} INFO - Processing file /opt/airflow/dags/primer_dag.py for tasks to queue
[2023-12-11 03:34:27,634] {logging_mixin.py:115} INFO - [2023-12-11 03:34:27,634] {dagbag.py:508} INFO - Filling up the DagBag from /opt/airflow/dags/primer_dag.py
[2023-12-11 03:34:27,683] {processor.py:651} INFO - DAG(s) dict_keys(['mi_primer_dag_v4']) retrieved from /opt/airflow/dags/primer_dag.py
[2023-12-11 03:34:27,757] {logging_mixin.py:115} INFO - [2023-12-11 03:34:27,756] {dag.py:2420} INFO - Sync 1 DAGs
[2023-12-11 03:34:27,828] {logging_mixin.py:115} INFO - [2023-12-11 03:34:27,828] {dag.py:2972} INFO - Setting next_dagrun for mi_primer_dag_v4 to 2023-06-14T00:00:00+00:00, run_after=2023-06-15T00:00:00+00:00
[2023-12-11 03:34:27,865] {processor.py:161} INFO - Processing /opt/airflow/dags/primer_dag.py took 0.240 seconds
[2023-12-11 03:34:38,501] {processor.py:153} INFO - Started process (PID=1288) to work on /opt/airflow/dags/primer_dag.py
[2023-12-11 03:34:38,502] {processor.py:641} INFO - Processing file /opt/airflow/dags/primer_dag.py for tasks to queue
[2023-12-11 03:34:38,504] {logging_mixin.py:115} INFO - [2023-12-11 03:34:38,504] {dagbag.py:508} INFO - Filling up the DagBag from /opt/airflow/dags/primer_dag.py
[2023-12-11 03:34:38,552] {processor.py:651} INFO - DAG(s) dict_keys(['mi_primer_dag_v4']) retrieved from /opt/airflow/dags/primer_dag.py
[2023-12-11 03:34:38,599] {logging_mixin.py:115} INFO - [2023-12-11 03:34:38,599] {dag.py:2420} INFO - Sync 1 DAGs
[2023-12-11 03:34:38,640] {logging_mixin.py:115} INFO - [2023-12-11 03:34:38,640] {dag.py:2972} INFO - Setting next_dagrun for mi_primer_dag_v4 to 2023-06-14T00:00:00+00:00, run_after=2023-06-15T00:00:00+00:00
[2023-12-11 03:34:38,666] {processor.py:161} INFO - Processing /opt/airflow/dags/primer_dag.py took 0.183 seconds
[2023-12-11 03:34:49,012] {processor.py:153} INFO - Started process (PID=1308) to work on /opt/airflow/dags/primer_dag.py
[2023-12-11 03:34:49,013] {processor.py:641} INFO - Processing file /opt/airflow/dags/primer_dag.py for tasks to queue
[2023-12-11 03:34:49,015] {logging_mixin.py:115} INFO - [2023-12-11 03:34:49,015] {dagbag.py:508} INFO - Filling up the DagBag from /opt/airflow/dags/primer_dag.py
[2023-12-11 03:34:49,059] {processor.py:651} INFO - DAG(s) dict_keys(['mi_primer_dag_v4']) retrieved from /opt/airflow/dags/primer_dag.py
[2023-12-11 03:34:49,115] {logging_mixin.py:115} INFO - [2023-12-11 03:34:49,115] {dag.py:2420} INFO - Sync 1 DAGs
[2023-12-11 03:34:49,161] {logging_mixin.py:115} INFO - [2023-12-11 03:34:49,161] {dag.py:2972} INFO - Setting next_dagrun for mi_primer_dag_v4 to 2023-06-14T00:00:00+00:00, run_after=2023-06-15T00:00:00+00:00
[2023-12-11 03:34:49,206] {processor.py:161} INFO - Processing /opt/airflow/dags/primer_dag.py took 0.201 seconds
[2023-12-11 03:34:59,583] {processor.py:153} INFO - Started process (PID=1328) to work on /opt/airflow/dags/primer_dag.py
[2023-12-11 03:34:59,594] {processor.py:641} INFO - Processing file /opt/airflow/dags/primer_dag.py for tasks to queue
[2023-12-11 03:34:59,597] {logging_mixin.py:115} INFO - [2023-12-11 03:34:59,597] {dagbag.py:508} INFO - Filling up the DagBag from /opt/airflow/dags/primer_dag.py
[2023-12-11 03:34:59,697] {processor.py:651} INFO - DAG(s) dict_keys(['mi_primer_dag_v4']) retrieved from /opt/airflow/dags/primer_dag.py
[2023-12-11 03:34:59,814] {logging_mixin.py:115} INFO - [2023-12-11 03:34:59,813] {dag.py:2420} INFO - Sync 1 DAGs
[2023-12-11 03:34:59,878] {logging_mixin.py:115} INFO - [2023-12-11 03:34:59,878] {dag.py:2972} INFO - Setting next_dagrun for mi_primer_dag_v4 to 2023-06-14T00:00:00+00:00, run_after=2023-06-15T00:00:00+00:00
[2023-12-11 03:34:59,908] {processor.py:161} INFO - Processing /opt/airflow/dags/primer_dag.py took 0.331 seconds
[2023-12-11 03:35:10,391] {processor.py:153} INFO - Started process (PID=1348) to work on /opt/airflow/dags/primer_dag.py
[2023-12-11 03:35:10,393] {processor.py:641} INFO - Processing file /opt/airflow/dags/primer_dag.py for tasks to queue
[2023-12-11 03:35:10,395] {logging_mixin.py:115} INFO - [2023-12-11 03:35:10,394] {dagbag.py:508} INFO - Filling up the DagBag from /opt/airflow/dags/primer_dag.py
[2023-12-11 03:35:10,450] {processor.py:651} INFO - DAG(s) dict_keys(['mi_primer_dag_v4']) retrieved from /opt/airflow/dags/primer_dag.py
[2023-12-11 03:35:10,528] {logging_mixin.py:115} INFO - [2023-12-11 03:35:10,528] {dag.py:2420} INFO - Sync 1 DAGs
[2023-12-11 03:35:10,590] {logging_mixin.py:115} INFO - [2023-12-11 03:35:10,590] {dag.py:2972} INFO - Setting next_dagrun for mi_primer_dag_v4 to 2023-06-14T00:00:00+00:00, run_after=2023-06-15T00:00:00+00:00
[2023-12-11 03:35:10,632] {processor.py:161} INFO - Processing /opt/airflow/dags/primer_dag.py took 0.254 seconds
[2023-12-11 03:35:21,202] {processor.py:153} INFO - Started process (PID=1368) to work on /opt/airflow/dags/primer_dag.py
[2023-12-11 03:35:21,204] {processor.py:641} INFO - Processing file /opt/airflow/dags/primer_dag.py for tasks to queue
[2023-12-11 03:35:21,206] {logging_mixin.py:115} INFO - [2023-12-11 03:35:21,205] {dagbag.py:508} INFO - Filling up the DagBag from /opt/airflow/dags/primer_dag.py
[2023-12-11 03:35:21,270] {processor.py:651} INFO - DAG(s) dict_keys(['mi_primer_dag_v4']) retrieved from /opt/airflow/dags/primer_dag.py
[2023-12-11 03:35:21,316] {logging_mixin.py:115} INFO - [2023-12-11 03:35:21,316] {dag.py:2420} INFO - Sync 1 DAGs
[2023-12-11 03:35:21,366] {logging_mixin.py:115} INFO - [2023-12-11 03:35:21,366] {dag.py:2972} INFO - Setting next_dagrun for mi_primer_dag_v4 to 2023-06-14T00:00:00+00:00, run_after=2023-06-15T00:00:00+00:00
[2023-12-11 03:35:21,390] {processor.py:161} INFO - Processing /opt/airflow/dags/primer_dag.py took 0.193 seconds
[2023-12-11 03:35:31,762] {processor.py:153} INFO - Started process (PID=1388) to work on /opt/airflow/dags/primer_dag.py
[2023-12-11 03:35:31,764] {processor.py:641} INFO - Processing file /opt/airflow/dags/primer_dag.py for tasks to queue
[2023-12-11 03:35:31,765] {logging_mixin.py:115} INFO - [2023-12-11 03:35:31,765] {dagbag.py:508} INFO - Filling up the DagBag from /opt/airflow/dags/primer_dag.py
[2023-12-11 03:35:31,805] {processor.py:651} INFO - DAG(s) dict_keys(['mi_primer_dag_v4']) retrieved from /opt/airflow/dags/primer_dag.py
[2023-12-11 03:35:31,864] {logging_mixin.py:115} INFO - [2023-12-11 03:35:31,864] {dag.py:2420} INFO - Sync 1 DAGs
[2023-12-11 03:35:31,932] {logging_mixin.py:115} INFO - [2023-12-11 03:35:31,931] {dag.py:2972} INFO - Setting next_dagrun for mi_primer_dag_v4 to 2023-06-14T00:00:00+00:00, run_after=2023-06-15T00:00:00+00:00
[2023-12-11 03:35:31,971] {processor.py:161} INFO - Processing /opt/airflow/dags/primer_dag.py took 0.219 seconds
[2023-12-11 03:35:42,410] {processor.py:153} INFO - Started process (PID=1408) to work on /opt/airflow/dags/primer_dag.py
[2023-12-11 03:35:42,411] {processor.py:641} INFO - Processing file /opt/airflow/dags/primer_dag.py for tasks to queue
[2023-12-11 03:35:42,413] {logging_mixin.py:115} INFO - [2023-12-11 03:35:42,413] {dagbag.py:508} INFO - Filling up the DagBag from /opt/airflow/dags/primer_dag.py
[2023-12-11 03:35:42,453] {processor.py:651} INFO - DAG(s) dict_keys(['mi_primer_dag_v4']) retrieved from /opt/airflow/dags/primer_dag.py
[2023-12-11 03:35:42,515] {logging_mixin.py:115} INFO - [2023-12-11 03:35:42,515] {dag.py:2420} INFO - Sync 1 DAGs
[2023-12-11 03:35:42,570] {logging_mixin.py:115} INFO - [2023-12-11 03:35:42,569] {dag.py:2972} INFO - Setting next_dagrun for mi_primer_dag_v4 to 2023-06-14T00:00:00+00:00, run_after=2023-06-15T00:00:00+00:00
[2023-12-11 03:35:42,597] {processor.py:161} INFO - Processing /opt/airflow/dags/primer_dag.py took 0.198 seconds
[2023-12-11 03:35:52,973] {processor.py:153} INFO - Started process (PID=1428) to work on /opt/airflow/dags/primer_dag.py
[2023-12-11 03:35:52,974] {processor.py:641} INFO - Processing file /opt/airflow/dags/primer_dag.py for tasks to queue
[2023-12-11 03:35:52,975] {logging_mixin.py:115} INFO - [2023-12-11 03:35:52,975] {dagbag.py:508} INFO - Filling up the DagBag from /opt/airflow/dags/primer_dag.py
[2023-12-11 03:35:53,011] {processor.py:651} INFO - DAG(s) dict_keys(['mi_primer_dag_v4']) retrieved from /opt/airflow/dags/primer_dag.py
[2023-12-11 03:35:53,054] {logging_mixin.py:115} INFO - [2023-12-11 03:35:53,054] {dag.py:2420} INFO - Sync 1 DAGs
[2023-12-11 03:35:53,088] {logging_mixin.py:115} INFO - [2023-12-11 03:35:53,088] {dag.py:2972} INFO - Setting next_dagrun for mi_primer_dag_v4 to 2023-06-14T00:00:00+00:00, run_after=2023-06-15T00:00:00+00:00
[2023-12-11 03:35:53,108] {processor.py:161} INFO - Processing /opt/airflow/dags/primer_dag.py took 0.141 seconds
[2023-12-11 03:36:03,510] {processor.py:153} INFO - Started process (PID=1448) to work on /opt/airflow/dags/primer_dag.py
[2023-12-11 03:36:03,511] {processor.py:641} INFO - Processing file /opt/airflow/dags/primer_dag.py for tasks to queue
[2023-12-11 03:36:03,513] {logging_mixin.py:115} INFO - [2023-12-11 03:36:03,512] {dagbag.py:508} INFO - Filling up the DagBag from /opt/airflow/dags/primer_dag.py
[2023-12-11 03:36:03,555] {processor.py:651} INFO - DAG(s) dict_keys(['mi_primer_dag_v4']) retrieved from /opt/airflow/dags/primer_dag.py
[2023-12-11 03:36:03,597] {logging_mixin.py:115} INFO - [2023-12-11 03:36:03,597] {dag.py:2420} INFO - Sync 1 DAGs
[2023-12-11 03:36:03,679] {logging_mixin.py:115} INFO - [2023-12-11 03:36:03,678] {dag.py:2972} INFO - Setting next_dagrun for mi_primer_dag_v4 to 2023-06-14T00:00:00+00:00, run_after=2023-06-15T00:00:00+00:00
[2023-12-11 03:36:03,703] {processor.py:161} INFO - Processing /opt/airflow/dags/primer_dag.py took 0.200 seconds
[2023-12-11 03:36:14,115] {processor.py:153} INFO - Started process (PID=1468) to work on /opt/airflow/dags/primer_dag.py
[2023-12-11 03:36:14,117] {processor.py:641} INFO - Processing file /opt/airflow/dags/primer_dag.py for tasks to queue
[2023-12-11 03:36:14,118] {logging_mixin.py:115} INFO - [2023-12-11 03:36:14,118] {dagbag.py:508} INFO - Filling up the DagBag from /opt/airflow/dags/primer_dag.py
[2023-12-11 03:36:14,156] {processor.py:651} INFO - DAG(s) dict_keys(['mi_primer_dag_v4']) retrieved from /opt/airflow/dags/primer_dag.py
[2023-12-11 03:36:14,217] {logging_mixin.py:115} INFO - [2023-12-11 03:36:14,217] {dag.py:2420} INFO - Sync 1 DAGs
[2023-12-11 03:36:14,274] {logging_mixin.py:115} INFO - [2023-12-11 03:36:14,274] {dag.py:2972} INFO - Setting next_dagrun for mi_primer_dag_v4 to 2023-06-14T00:00:00+00:00, run_after=2023-06-15T00:00:00+00:00
[2023-12-11 03:36:14,352] {processor.py:161} INFO - Processing /opt/airflow/dags/primer_dag.py took 0.245 seconds
[2023-12-11 03:36:25,114] {processor.py:153} INFO - Started process (PID=1488) to work on /opt/airflow/dags/primer_dag.py
[2023-12-11 03:36:25,115] {processor.py:641} INFO - Processing file /opt/airflow/dags/primer_dag.py for tasks to queue
[2023-12-11 03:36:25,116] {logging_mixin.py:115} INFO - [2023-12-11 03:36:25,116] {dagbag.py:508} INFO - Filling up the DagBag from /opt/airflow/dags/primer_dag.py
[2023-12-11 03:36:25,162] {processor.py:651} INFO - DAG(s) dict_keys(['mi_primer_dag_v4']) retrieved from /opt/airflow/dags/primer_dag.py
[2023-12-11 03:36:25,206] {logging_mixin.py:115} INFO - [2023-12-11 03:36:25,206] {dag.py:2420} INFO - Sync 1 DAGs
[2023-12-11 03:36:25,249] {logging_mixin.py:115} INFO - [2023-12-11 03:36:25,249] {dag.py:2972} INFO - Setting next_dagrun for mi_primer_dag_v4 to 2023-06-14T00:00:00+00:00, run_after=2023-06-15T00:00:00+00:00
[2023-12-11 03:36:25,289] {processor.py:161} INFO - Processing /opt/airflow/dags/primer_dag.py took 0.182 seconds
[2023-12-11 03:36:35,702] {processor.py:153} INFO - Started process (PID=1508) to work on /opt/airflow/dags/primer_dag.py
[2023-12-11 03:36:35,704] {processor.py:641} INFO - Processing file /opt/airflow/dags/primer_dag.py for tasks to queue
[2023-12-11 03:36:35,705] {logging_mixin.py:115} INFO - [2023-12-11 03:36:35,705] {dagbag.py:508} INFO - Filling up the DagBag from /opt/airflow/dags/primer_dag.py
[2023-12-11 03:36:35,745] {processor.py:651} INFO - DAG(s) dict_keys(['mi_primer_dag_v4']) retrieved from /opt/airflow/dags/primer_dag.py
[2023-12-11 03:36:35,792] {logging_mixin.py:115} INFO - [2023-12-11 03:36:35,791] {dag.py:2420} INFO - Sync 1 DAGs
[2023-12-11 03:36:35,835] {logging_mixin.py:115} INFO - [2023-12-11 03:36:35,834] {dag.py:2972} INFO - Setting next_dagrun for mi_primer_dag_v4 to 2023-06-14T00:00:00+00:00, run_after=2023-06-15T00:00:00+00:00
[2023-12-11 03:36:35,861] {processor.py:161} INFO - Processing /opt/airflow/dags/primer_dag.py took 0.164 seconds
