[2023-12-10 20:21:46,628] {taskinstance.py:1179} INFO - Dependencies all met for <TaskInstance: mi_primer_dar_con_PythonOperator.aloha_david scheduled__2022-12-03T00:00:00+00:00 [queued]>
[2023-12-10 20:21:46,706] {taskinstance.py:1179} INFO - Dependencies all met for <TaskInstance: mi_primer_dar_con_PythonOperator.aloha_david scheduled__2022-12-03T00:00:00+00:00 [queued]>
[2023-12-10 20:21:46,730] {taskinstance.py:1376} INFO - 
--------------------------------------------------------------------------------
[2023-12-10 20:21:46,733] {taskinstance.py:1377} INFO - Starting attempt 1 of 6
[2023-12-10 20:21:46,734] {taskinstance.py:1378} INFO - 
--------------------------------------------------------------------------------
[2023-12-10 20:21:46,987] {taskinstance.py:1397} INFO - Executing <Task(PythonOperator): aloha_david> on 2022-12-03 00:00:00+00:00
[2023-12-10 20:21:47,004] {standard_task_runner.py:52} INFO - Started process 1223 to run task
[2023-12-10 20:21:47,054] {standard_task_runner.py:79} INFO - Running: ['***', 'tasks', 'run', 'mi_primer_dar_con_PythonOperator', 'aloha_david', 'scheduled__2022-12-03T00:00:00+00:00', '--job-id', '1951', '--raw', '--subdir', 'DAGS_FOLDER/mi_primer_dag_pythonoperator.py', '--cfg-path', '/tmp/tmphl543bzq', '--error-file', '/tmp/tmpqapieooy']
[2023-12-10 20:21:47,071] {standard_task_runner.py:80} INFO - Job 1951: Subtask aloha_david
[2023-12-10 20:21:48,137] {task_command.py:371} INFO - Running <TaskInstance: mi_primer_dar_con_PythonOperator.aloha_david scheduled__2022-12-03T00:00:00+00:00 [running]> on host 42828894a739
[2023-12-10 20:21:48,771] {taskinstance.py:1591} INFO - Exporting the following env vars:
AIRFLOW_CTX_DAG_OWNER=DavidBU
AIRFLOW_CTX_DAG_ID=mi_primer_dar_con_PythonOperator
AIRFLOW_CTX_TASK_ID=aloha_david
AIRFLOW_CTX_EXECUTION_DATE=2022-12-03T00:00:00+00:00
AIRFLOW_CTX_TRY_NUMBER=1
AIRFLOW_CTX_DAG_RUN_ID=scheduled__2022-12-03T00:00:00+00:00
[2023-12-10 20:21:48,777] {logging_mixin.py:115} INFO - Aloha Mundo soy yo!
[2023-12-10 20:21:48,778] {python.py:173} INFO - Done. Returned value was: None
[2023-12-10 20:21:48,833] {taskinstance.py:1420} INFO - Marking task as SUCCESS. dag_id=mi_primer_dar_con_PythonOperator, task_id=aloha_david, execution_date=20221203T000000, start_date=20231210T202146, end_date=20231210T202148
[2023-12-10 20:21:48,904] {local_task_job.py:156} INFO - Task exited with return code 0
[2023-12-10 20:21:48,997] {local_task_job.py:273} INFO - 0 downstream tasks scheduled from follow-on schedule check
