[2023-12-10 19:45:04,771] {taskinstance.py:1179} INFO - Dependencies all met for <TaskInstance: mi_primer_dag_v3.primera_tarea scheduled__2023-07-31T00:00:00+00:00 [queued]>
[2023-12-10 19:45:04,820] {taskinstance.py:1179} INFO - Dependencies all met for <TaskInstance: mi_primer_dag_v3.primera_tarea scheduled__2023-07-31T00:00:00+00:00 [queued]>
[2023-12-10 19:45:04,822] {taskinstance.py:1376} INFO - 
--------------------------------------------------------------------------------
[2023-12-10 19:45:04,823] {taskinstance.py:1377} INFO - Starting attempt 1 of 6
[2023-12-10 19:45:04,824] {taskinstance.py:1378} INFO - 
--------------------------------------------------------------------------------
[2023-12-10 19:45:04,893] {taskinstance.py:1397} INFO - Executing <Task(BashOperator): primera_tarea> on 2023-07-31 00:00:00+00:00
[2023-12-10 19:45:04,900] {standard_task_runner.py:52} INFO - Started process 3847 to run task
[2023-12-10 19:45:04,936] {standard_task_runner.py:79} INFO - Running: ['***', 'tasks', 'run', 'mi_primer_dag_v3', 'primera_tarea', 'scheduled__2023-07-31T00:00:00+00:00', '--job-id', '1092', '--raw', '--subdir', 'DAGS_FOLDER/primer_dag_v3.py', '--cfg-path', '/tmp/tmpp6lf_b70', '--error-file', '/tmp/tmpf38mgaai']
[2023-12-10 19:45:04,938] {standard_task_runner.py:80} INFO - Job 1092: Subtask primera_tarea
[2023-12-10 19:45:05,378] {task_command.py:371} INFO - Running <TaskInstance: mi_primer_dag_v3.primera_tarea scheduled__2023-07-31T00:00:00+00:00 [running]> on host 42828894a739
[2023-12-10 19:45:06,070] {taskinstance.py:1591} INFO - Exporting the following env vars:
AIRFLOW_CTX_DAG_OWNER=DavidBU
AIRFLOW_CTX_DAG_ID=mi_primer_dag_v3
AIRFLOW_CTX_TASK_ID=primera_tarea
AIRFLOW_CTX_EXECUTION_DATE=2023-07-31T00:00:00+00:00
AIRFLOW_CTX_TRY_NUMBER=1
AIRFLOW_CTX_DAG_RUN_ID=scheduled__2023-07-31T00:00:00+00:00
[2023-12-10 19:45:06,089] {subprocess.py:62} INFO - Tmp dir root location: 
 /tmp
[2023-12-10 19:45:06,096] {subprocess.py:74} INFO - Running command: ['bash', '-c', 'echo hola mundo, esta es nuestra primera tarea!']
[2023-12-10 19:45:06,165] {subprocess.py:85} INFO - Output:
[2023-12-10 19:45:06,190] {subprocess.py:92} INFO - hola mundo, esta es nuestra primera tarea!
[2023-12-10 19:45:06,193] {subprocess.py:96} INFO - Command exited with return code 0
[2023-12-10 19:45:06,604] {taskinstance.py:1420} INFO - Marking task as SUCCESS. dag_id=mi_primer_dag_v3, task_id=primera_tarea, execution_date=20230731T000000, start_date=20231210T194504, end_date=20231210T194506
[2023-12-10 19:45:06,913] {local_task_job.py:156} INFO - Task exited with return code 0
[2023-12-10 19:45:07,652] {local_task_job.py:273} INFO - 0 downstream tasks scheduled from follow-on schedule check
