[2023-12-10 20:20:37,823] {taskinstance.py:1179} INFO - Dependencies all met for <TaskInstance: mi_primer_dar_con_PythonOperator.aloha_david scheduled__2022-10-21T00:00:00+00:00 [queued]>
[2023-12-10 20:20:37,840] {taskinstance.py:1179} INFO - Dependencies all met for <TaskInstance: mi_primer_dar_con_PythonOperator.aloha_david scheduled__2022-10-21T00:00:00+00:00 [queued]>
[2023-12-10 20:20:37,841] {taskinstance.py:1376} INFO - 
--------------------------------------------------------------------------------
[2023-12-10 20:20:37,842] {taskinstance.py:1377} INFO - Starting attempt 1 of 6
[2023-12-10 20:20:37,843] {taskinstance.py:1378} INFO - 
--------------------------------------------------------------------------------
[2023-12-10 20:20:37,876] {taskinstance.py:1397} INFO - Executing <Task(PythonOperator): aloha_david> on 2022-10-21 00:00:00+00:00
[2023-12-10 20:20:37,884] {standard_task_runner.py:52} INFO - Started process 907 to run task
[2023-12-10 20:20:37,892] {standard_task_runner.py:79} INFO - Running: ['***', 'tasks', 'run', 'mi_primer_dar_con_PythonOperator', 'aloha_david', 'scheduled__2022-10-21T00:00:00+00:00', '--job-id', '1863', '--raw', '--subdir', 'DAGS_FOLDER/mi_primer_dag_pythonoperator.py', '--cfg-path', '/tmp/tmp9gvkjyzx', '--error-file', '/tmp/tmp9mel8qxm']
[2023-12-10 20:20:37,895] {standard_task_runner.py:80} INFO - Job 1863: Subtask aloha_david
[2023-12-10 20:20:38,032] {task_command.py:371} INFO - Running <TaskInstance: mi_primer_dar_con_PythonOperator.aloha_david scheduled__2022-10-21T00:00:00+00:00 [running]> on host 42828894a739
[2023-12-10 20:20:38,179] {taskinstance.py:1591} INFO - Exporting the following env vars:
AIRFLOW_CTX_DAG_OWNER=DavidBU
AIRFLOW_CTX_DAG_ID=mi_primer_dar_con_PythonOperator
AIRFLOW_CTX_TASK_ID=aloha_david
AIRFLOW_CTX_EXECUTION_DATE=2022-10-21T00:00:00+00:00
AIRFLOW_CTX_TRY_NUMBER=1
AIRFLOW_CTX_DAG_RUN_ID=scheduled__2022-10-21T00:00:00+00:00
[2023-12-10 20:20:38,181] {logging_mixin.py:115} INFO - Aloha Mundo soy yo!
[2023-12-10 20:20:38,181] {python.py:173} INFO - Done. Returned value was: None
[2023-12-10 20:20:38,203] {taskinstance.py:1420} INFO - Marking task as SUCCESS. dag_id=mi_primer_dar_con_PythonOperator, task_id=aloha_david, execution_date=20221021T000000, start_date=20231210T202037, end_date=20231210T202038
[2023-12-10 20:20:38,263] {local_task_job.py:156} INFO - Task exited with return code 0
[2023-12-10 20:20:38,322] {local_task_job.py:273} INFO - 0 downstream tasks scheduled from follow-on schedule check
