[2023-12-10 19:31:08,784] {taskinstance.py:1179} INFO - Dependencies all met for <TaskInstance: mi_primer_dag_v3.primera_tarea scheduled__2022-09-11T00:00:00+00:00 [queued]>
[2023-12-10 19:31:08,855] {taskinstance.py:1179} INFO - Dependencies all met for <TaskInstance: mi_primer_dag_v3.primera_tarea scheduled__2022-09-11T00:00:00+00:00 [queued]>
[2023-12-10 19:31:08,866] {taskinstance.py:1376} INFO - 
--------------------------------------------------------------------------------
[2023-12-10 19:31:08,869] {taskinstance.py:1377} INFO - Starting attempt 1 of 6
[2023-12-10 19:31:08,869] {taskinstance.py:1378} INFO - 
--------------------------------------------------------------------------------
[2023-12-10 19:31:09,054] {taskinstance.py:1397} INFO - Executing <Task(BashOperator): primera_tarea> on 2022-09-11 00:00:00+00:00
[2023-12-10 19:31:09,082] {standard_task_runner.py:52} INFO - Started process 574 to run task
[2023-12-10 19:31:09,122] {standard_task_runner.py:79} INFO - Running: ['***', 'tasks', 'run', 'mi_primer_dag_v3', 'primera_tarea', 'scheduled__2022-09-11T00:00:00+00:00', '--job-id', '115', '--raw', '--subdir', 'DAGS_FOLDER/primer_dag_v3.py', '--cfg-path', '/tmp/tmpyep0chz1', '--error-file', '/tmp/tmpa5jvee27']
[2023-12-10 19:31:09,133] {standard_task_runner.py:80} INFO - Job 115: Subtask primera_tarea
[2023-12-10 19:31:10,050] {task_command.py:371} INFO - Running <TaskInstance: mi_primer_dag_v3.primera_tarea scheduled__2022-09-11T00:00:00+00:00 [running]> on host 42828894a739
[2023-12-10 19:31:11,164] {taskinstance.py:1591} INFO - Exporting the following env vars:
AIRFLOW_CTX_DAG_OWNER=DavidBU
AIRFLOW_CTX_DAG_ID=mi_primer_dag_v3
AIRFLOW_CTX_TASK_ID=primera_tarea
AIRFLOW_CTX_EXECUTION_DATE=2022-09-11T00:00:00+00:00
AIRFLOW_CTX_TRY_NUMBER=1
AIRFLOW_CTX_DAG_RUN_ID=scheduled__2022-09-11T00:00:00+00:00
[2023-12-10 19:31:11,180] {subprocess.py:62} INFO - Tmp dir root location: 
 /tmp
[2023-12-10 19:31:11,190] {subprocess.py:74} INFO - Running command: ['bash', '-c', 'echo hola mundo, esta es nuestra primera tarea!']
[2023-12-10 19:31:11,319] {subprocess.py:85} INFO - Output:
[2023-12-10 19:31:11,343] {subprocess.py:92} INFO - hola mundo, esta es nuestra primera tarea!
[2023-12-10 19:31:11,369] {subprocess.py:96} INFO - Command exited with return code 0
[2023-12-10 19:31:12,068] {taskinstance.py:1420} INFO - Marking task as SUCCESS. dag_id=mi_primer_dag_v3, task_id=primera_tarea, execution_date=20220911T000000, start_date=20231210T193108, end_date=20231210T193112
[2023-12-10 19:31:12,466] {local_task_job.py:156} INFO - Task exited with return code 0
[2023-12-10 19:31:12,886] {local_task_job.py:273} INFO - 2 downstream tasks scheduled from follow-on schedule check
