[2023-12-29 05:16:12,333] {taskinstance.py:1179} INFO - Dependencies all met for <TaskInstance: ProyectoFinal_Chumbita.extraer_data scheduled__2023-12-28T00:00:00+00:00 [queued]>
[2023-12-29 05:16:12,351] {taskinstance.py:1179} INFO - Dependencies all met for <TaskInstance: ProyectoFinal_Chumbita.extraer_data scheduled__2023-12-28T00:00:00+00:00 [queued]>
[2023-12-29 05:16:12,352] {taskinstance.py:1376} INFO - 
--------------------------------------------------------------------------------
[2023-12-29 05:16:12,353] {taskinstance.py:1377} INFO - Starting attempt 2 of 6
[2023-12-29 05:16:12,354] {taskinstance.py:1378} INFO - 
--------------------------------------------------------------------------------
[2023-12-29 05:16:12,382] {taskinstance.py:1397} INFO - Executing <Task(PythonOperator): extraer_data> on 2023-12-28 00:00:00+00:00
[2023-12-29 05:16:12,392] {standard_task_runner.py:52} INFO - Started process 641 to run task
[2023-12-29 05:16:12,398] {standard_task_runner.py:79} INFO - Running: ['***', 'tasks', 'run', 'ProyectoFinal_Chumbita', 'extraer_data', 'scheduled__2023-12-28T00:00:00+00:00', '--job-id', '3', '--raw', '--subdir', 'DAGS_FOLDER/ProyectoFinal_Chumbita.py', '--cfg-path', '/tmp/tmprz4pfa3q', '--error-file', '/tmp/tmp6h6hplb3']
[2023-12-29 05:16:12,400] {standard_task_runner.py:80} INFO - Job 3: Subtask extraer_data
[2023-12-29 05:16:12,879] {task_command.py:371} INFO - Running <TaskInstance: ProyectoFinal_Chumbita.extraer_data scheduled__2023-12-28T00:00:00+00:00 [running]> on host 442d8a143aec
[2023-12-29 05:16:13,112] {logging_mixin.py:115} WARNING - /home/***/.local/lib/python3.7/site-packages/***/utils/context.py:202 AirflowContextDeprecationWarning: Accessing 'execution_date' from the template is deprecated and will be removed in a future version. Please use 'data_interval_start' or 'logical_date' instead.
[2023-12-29 05:16:13,409] {taskinstance.py:1591} INFO - Exporting the following env vars:
AIRFLOW_CTX_DAG_OWNER=ArielChumbita
AIRFLOW_CTX_DAG_ID=ProyectoFinal_Chumbita
AIRFLOW_CTX_TASK_ID=extraer_data
AIRFLOW_CTX_EXECUTION_DATE=2023-12-28T00:00:00+00:00
AIRFLOW_CTX_TRY_NUMBER=2
AIRFLOW_CTX_DAG_RUN_ID=scheduled__2023-12-28T00:00:00+00:00
[2023-12-29 05:16:13,411] {logging_mixin.py:115} INFO - Adquiriendo data para la fecha: 2023-12-28 0
[2023-12-29 05:16:14,605] {logging_mixin.py:115} INFO - Success!
[2023-12-29 05:16:14,660] {python.py:173} INFO - Done. Returned value was: None
[2023-12-29 05:16:14,788] {taskinstance.py:1420} INFO - Marking task as SUCCESS. dag_id=ProyectoFinal_Chumbita, task_id=extraer_data, execution_date=20231228T000000, start_date=20231229T051612, end_date=20231229T051614
[2023-12-29 05:16:14,928] {local_task_job.py:156} INFO - Task exited with return code 0
[2023-12-29 05:16:15,187] {local_task_job.py:273} INFO - 1 downstream tasks scheduled from follow-on schedule check
