[2023-12-10 19:38:08,611] {taskinstance.py:1179} INFO - Dependencies all met for <TaskInstance: mi_primer_dag_v3.tercera_tarea scheduled__2023-02-09T00:00:00+00:00 [queued]>
[2023-12-10 19:38:08,774] {taskinstance.py:1179} INFO - Dependencies all met for <TaskInstance: mi_primer_dag_v3.tercera_tarea scheduled__2023-02-09T00:00:00+00:00 [queued]>
[2023-12-10 19:38:08,776] {taskinstance.py:1376} INFO - 
--------------------------------------------------------------------------------
[2023-12-10 19:38:08,782] {taskinstance.py:1377} INFO - Starting attempt 1 of 6
[2023-12-10 19:38:08,787] {taskinstance.py:1378} INFO - 
--------------------------------------------------------------------------------
[2023-12-10 19:38:09,062] {taskinstance.py:1397} INFO - Executing <Task(BashOperator): tercera_tarea> on 2023-02-09 00:00:00+00:00
[2023-12-10 19:38:09,095] {standard_task_runner.py:52} INFO - Started process 2153 to run task
[2023-12-10 19:38:09,182] {standard_task_runner.py:79} INFO - Running: ['***', 'tasks', 'run', 'mi_primer_dag_v3', 'tercera_tarea', 'scheduled__2023-02-09T00:00:00+00:00', '--job-id', '582', '--raw', '--subdir', 'DAGS_FOLDER/primer_dag_v3.py', '--cfg-path', '/tmp/tmpczpolw_w', '--error-file', '/tmp/tmp2m4vrlyq']
[2023-12-10 19:38:09,198] {standard_task_runner.py:80} INFO - Job 582: Subtask tercera_tarea
[2023-12-10 19:38:10,038] {task_command.py:371} INFO - Running <TaskInstance: mi_primer_dag_v3.tercera_tarea scheduled__2023-02-09T00:00:00+00:00 [running]> on host 42828894a739
[2023-12-10 19:38:11,554] {taskinstance.py:1591} INFO - Exporting the following env vars:
AIRFLOW_CTX_DAG_OWNER=DavidBU
AIRFLOW_CTX_DAG_ID=mi_primer_dag_v3
AIRFLOW_CTX_TASK_ID=tercera_tarea
AIRFLOW_CTX_EXECUTION_DATE=2023-02-09T00:00:00+00:00
AIRFLOW_CTX_TRY_NUMBER=1
AIRFLOW_CTX_DAG_RUN_ID=scheduled__2023-02-09T00:00:00+00:00
[2023-12-10 19:38:11,562] {subprocess.py:62} INFO - Tmp dir root location: 
 /tmp
[2023-12-10 19:38:11,566] {subprocess.py:74} INFO - Running command: ['bash', '-c', 'echo hola, soy la tarea 3 y sere corrida luego de Tarea 1 al mismo tiempo que Tarea 2']
[2023-12-10 19:38:11,619] {subprocess.py:85} INFO - Output:
[2023-12-10 19:38:11,644] {subprocess.py:92} INFO - hola, soy la tarea 3 y sere corrida luego de Tarea 1 al mismo tiempo que Tarea 2
[2023-12-10 19:38:11,646] {subprocess.py:96} INFO - Command exited with return code 0
[2023-12-10 19:38:11,969] {taskinstance.py:1420} INFO - Marking task as SUCCESS. dag_id=mi_primer_dag_v3, task_id=tercera_tarea, execution_date=20230209T000000, start_date=20231210T193808, end_date=20231210T193811
[2023-12-10 19:38:12,343] {local_task_job.py:156} INFO - Task exited with return code 0
[2023-12-10 19:38:13,337] {local_task_job.py:273} INFO - 0 downstream tasks scheduled from follow-on schedule check
