[2023-12-10 19:29:59,633] {taskinstance.py:1179} INFO - Dependencies all met for <TaskInstance: mi_primer_dag_v3.segunda_tarea scheduled__2022-08-14T00:00:00+00:00 [queued]>
[2023-12-10 19:30:00,128] {taskinstance.py:1179} INFO - Dependencies all met for <TaskInstance: mi_primer_dag_v3.segunda_tarea scheduled__2022-08-14T00:00:00+00:00 [queued]>
[2023-12-10 19:30:00,458] {taskinstance.py:1376} INFO - 
--------------------------------------------------------------------------------
[2023-12-10 19:30:00,599] {taskinstance.py:1377} INFO - Starting attempt 1 of 6
[2023-12-10 19:30:00,630] {taskinstance.py:1378} INFO - 
--------------------------------------------------------------------------------
[2023-12-10 19:30:01,723] {taskinstance.py:1397} INFO - Executing <Task(BashOperator): segunda_tarea> on 2022-08-14 00:00:00+00:00
[2023-12-10 19:30:02,360] {standard_task_runner.py:52} INFO - Started process 326 to run task
[2023-12-10 19:30:02,580] {standard_task_runner.py:79} INFO - Running: ['***', 'tasks', 'run', 'mi_primer_dag_v3', 'segunda_tarea', 'scheduled__2022-08-14T00:00:00+00:00', '--job-id', '41', '--raw', '--subdir', 'DAGS_FOLDER/primer_dag_v3.py', '--cfg-path', '/tmp/tmpjairx333', '--error-file', '/tmp/tmpr743pg74']
[2023-12-10 19:30:02,648] {standard_task_runner.py:80} INFO - Job 41: Subtask segunda_tarea
[2023-12-10 19:30:04,820] {task_command.py:371} INFO - Running <TaskInstance: mi_primer_dag_v3.segunda_tarea scheduled__2022-08-14T00:00:00+00:00 [running]> on host 42828894a739
[2023-12-10 19:30:06,760] {taskinstance.py:1591} INFO - Exporting the following env vars:
AIRFLOW_CTX_DAG_OWNER=DavidBU
AIRFLOW_CTX_DAG_ID=mi_primer_dag_v3
AIRFLOW_CTX_TASK_ID=segunda_tarea
AIRFLOW_CTX_EXECUTION_DATE=2022-08-14T00:00:00+00:00
AIRFLOW_CTX_TRY_NUMBER=1
AIRFLOW_CTX_DAG_RUN_ID=scheduled__2022-08-14T00:00:00+00:00
[2023-12-10 19:30:06,824] {subprocess.py:62} INFO - Tmp dir root location: 
 /tmp
[2023-12-10 19:30:06,847] {subprocess.py:74} INFO - Running command: ['bash', '-c', 'echo hola, soy la tarea 2 y sere corrida luego de la Tarea 1']
[2023-12-10 19:30:06,958] {subprocess.py:85} INFO - Output:
[2023-12-10 19:30:07,032] {subprocess.py:92} INFO - hola, soy la tarea 2 y sere corrida luego de la Tarea 1
[2023-12-10 19:30:07,033] {subprocess.py:96} INFO - Command exited with return code 0
[2023-12-10 19:30:08,037] {taskinstance.py:1420} INFO - Marking task as SUCCESS. dag_id=mi_primer_dag_v3, task_id=segunda_tarea, execution_date=20220814T000000, start_date=20231210T192959, end_date=20231210T193008
[2023-12-10 19:30:08,325] {local_task_job.py:221} WARNING - State of this instance has been externally set to success. Terminating instance.
[2023-12-10 19:30:08,385] {process_utils.py:129} INFO - Sending Signals.SIGTERM to group 326. PIDs of all processes in the group: [326]
[2023-12-10 19:30:08,400] {process_utils.py:80} INFO - Sending the signal Signals.SIGTERM to group 326
[2023-12-10 19:30:08,420] {process_utils.py:75} INFO - Process psutil.Process(pid=326, status='terminated', exitcode=0, started='19:30:01') (326) terminated with exit code 0
