[2023-12-10 19:36:53,824] {taskinstance.py:1179} INFO - Dependencies all met for <TaskInstance: mi_primer_dag_v3.primera_tarea scheduled__2023-01-13T00:00:00+00:00 [queued]>
[2023-12-10 19:36:53,900] {taskinstance.py:1179} INFO - Dependencies all met for <TaskInstance: mi_primer_dag_v3.primera_tarea scheduled__2023-01-13T00:00:00+00:00 [queued]>
[2023-12-10 19:36:53,902] {taskinstance.py:1376} INFO - 
--------------------------------------------------------------------------------
[2023-12-10 19:36:53,904] {taskinstance.py:1377} INFO - Starting attempt 1 of 6
[2023-12-10 19:36:53,905] {taskinstance.py:1378} INFO - 
--------------------------------------------------------------------------------
[2023-12-10 19:36:53,991] {taskinstance.py:1397} INFO - Executing <Task(BashOperator): primera_tarea> on 2023-01-13 00:00:00+00:00
[2023-12-10 19:36:53,998] {standard_task_runner.py:52} INFO - Started process 1847 to run task
[2023-12-10 19:36:54,011] {standard_task_runner.py:79} INFO - Running: ['***', 'tasks', 'run', 'mi_primer_dag_v3', 'primera_tarea', 'scheduled__2023-01-13T00:00:00+00:00', '--job-id', '491', '--raw', '--subdir', 'DAGS_FOLDER/primer_dag_v3.py', '--cfg-path', '/tmp/tmp4995k4e6', '--error-file', '/tmp/tmp8mmacez5']
[2023-12-10 19:36:54,026] {standard_task_runner.py:80} INFO - Job 491: Subtask primera_tarea
[2023-12-10 19:36:54,717] {task_command.py:371} INFO - Running <TaskInstance: mi_primer_dag_v3.primera_tarea scheduled__2023-01-13T00:00:00+00:00 [running]> on host 42828894a739
[2023-12-10 19:36:55,653] {taskinstance.py:1591} INFO - Exporting the following env vars:
AIRFLOW_CTX_DAG_OWNER=DavidBU
AIRFLOW_CTX_DAG_ID=mi_primer_dag_v3
AIRFLOW_CTX_TASK_ID=primera_tarea
AIRFLOW_CTX_EXECUTION_DATE=2023-01-13T00:00:00+00:00
AIRFLOW_CTX_TRY_NUMBER=1
AIRFLOW_CTX_DAG_RUN_ID=scheduled__2023-01-13T00:00:00+00:00
[2023-12-10 19:36:55,674] {subprocess.py:62} INFO - Tmp dir root location: 
 /tmp
[2023-12-10 19:36:55,691] {subprocess.py:74} INFO - Running command: ['bash', '-c', 'echo hola mundo, esta es nuestra primera tarea!']
[2023-12-10 19:36:55,764] {subprocess.py:85} INFO - Output:
[2023-12-10 19:36:55,805] {subprocess.py:92} INFO - hola mundo, esta es nuestra primera tarea!
[2023-12-10 19:36:55,811] {subprocess.py:96} INFO - Command exited with return code 0
[2023-12-10 19:36:57,227] {taskinstance.py:1420} INFO - Marking task as SUCCESS. dag_id=mi_primer_dag_v3, task_id=primera_tarea, execution_date=20230113T000000, start_date=20231210T193653, end_date=20231210T193657
[2023-12-10 19:36:57,869] {local_task_job.py:156} INFO - Task exited with return code 0
[2023-12-10 19:36:58,555] {local_task_job.py:273} INFO - 2 downstream tasks scheduled from follow-on schedule check
