[2023-12-10 20:24:21,167] {taskinstance.py:1179} INFO - Dependencies all met for <TaskInstance: mi_primer_dag.primer_task scheduled__2023-10-13T00:00:00+00:00 [queued]>
[2023-12-10 20:24:21,419] {taskinstance.py:1179} INFO - Dependencies all met for <TaskInstance: mi_primer_dag.primer_task scheduled__2023-10-13T00:00:00+00:00 [queued]>
[2023-12-10 20:24:21,420] {taskinstance.py:1376} INFO - 
--------------------------------------------------------------------------------
[2023-12-10 20:24:21,421] {taskinstance.py:1377} INFO - Starting attempt 1 of 6
[2023-12-10 20:24:21,423] {taskinstance.py:1378} INFO - 
--------------------------------------------------------------------------------
[2023-12-10 20:24:21,702] {taskinstance.py:1397} INFO - Executing <Task(BashOperator): primer_task> on 2023-10-13 00:00:00+00:00
[2023-12-10 20:24:21,729] {standard_task_runner.py:52} INFO - Started process 1931 to run task
[2023-12-10 20:24:21,822] {standard_task_runner.py:79} INFO - Running: ['***', 'tasks', 'run', 'mi_primer_dag', 'primer_task', 'scheduled__2023-10-13T00:00:00+00:00', '--job-id', '2153', '--raw', '--subdir', 'DAGS_FOLDER/mi_primer_dag.py', '--cfg-path', '/tmp/tmpq1f7ly0f', '--error-file', '/tmp/tmpgggws26q']
[2023-12-10 20:24:21,825] {standard_task_runner.py:80} INFO - Job 2153: Subtask primer_task
[2023-12-10 20:24:22,229] {task_command.py:371} INFO - Running <TaskInstance: mi_primer_dag.primer_task scheduled__2023-10-13T00:00:00+00:00 [running]> on host 42828894a739
[2023-12-10 20:24:22,854] {taskinstance.py:1591} INFO - Exporting the following env vars:
AIRFLOW_CTX_DAG_OWNER=DavidBU
AIRFLOW_CTX_DAG_ID=mi_primer_dag
AIRFLOW_CTX_TASK_ID=primer_task
AIRFLOW_CTX_EXECUTION_DATE=2023-10-13T00:00:00+00:00
AIRFLOW_CTX_TRY_NUMBER=1
AIRFLOW_CTX_DAG_RUN_ID=scheduled__2023-10-13T00:00:00+00:00
[2023-12-10 20:24:22,860] {subprocess.py:62} INFO - Tmp dir root location: 
 /tmp
[2023-12-10 20:24:22,862] {subprocess.py:74} INFO - Running command: ['bash', '-c', 'echo hola mundo, esta es nuestra primera tarea usando bash operator!']
[2023-12-10 20:24:22,955] {subprocess.py:85} INFO - Output:
[2023-12-10 20:24:23,015] {subprocess.py:92} INFO - hola mundo, esta es nuestra primera tarea usando bash operator!
[2023-12-10 20:24:23,031] {subprocess.py:96} INFO - Command exited with return code 0
[2023-12-10 20:24:23,748] {taskinstance.py:1420} INFO - Marking task as SUCCESS. dag_id=mi_primer_dag, task_id=primer_task, execution_date=20231013T000000, start_date=20231210T202421, end_date=20231210T202423
[2023-12-10 20:24:23,913] {local_task_job.py:156} INFO - Task exited with return code 0
[2023-12-10 20:24:24,275] {local_task_job.py:273} INFO - 0 downstream tasks scheduled from follow-on schedule check
