[2023-12-10 19:35:30,088] {taskinstance.py:1179} INFO - Dependencies all met for <TaskInstance: mi_primer_dag_v3.primera_tarea scheduled__2022-12-11T00:00:00+00:00 [queued]>
[2023-12-10 19:35:30,135] {taskinstance.py:1179} INFO - Dependencies all met for <TaskInstance: mi_primer_dag_v3.primera_tarea scheduled__2022-12-11T00:00:00+00:00 [queued]>
[2023-12-10 19:35:30,136] {taskinstance.py:1376} INFO - 
--------------------------------------------------------------------------------
[2023-12-10 19:35:30,138] {taskinstance.py:1377} INFO - Starting attempt 1 of 6
[2023-12-10 19:35:30,140] {taskinstance.py:1378} INFO - 
--------------------------------------------------------------------------------
[2023-12-10 19:35:30,658] {taskinstance.py:1397} INFO - Executing <Task(BashOperator): primera_tarea> on 2022-12-11 00:00:00+00:00
[2023-12-10 19:35:30,681] {standard_task_runner.py:52} INFO - Started process 1503 to run task
[2023-12-10 19:35:30,697] {standard_task_runner.py:79} INFO - Running: ['***', 'tasks', 'run', 'mi_primer_dag_v3', 'primera_tarea', 'scheduled__2022-12-11T00:00:00+00:00', '--job-id', '390', '--raw', '--subdir', 'DAGS_FOLDER/primer_dag_v3.py', '--cfg-path', '/tmp/tmpofsnemor', '--error-file', '/tmp/tmptgvi03m8']
[2023-12-10 19:35:30,702] {standard_task_runner.py:80} INFO - Job 390: Subtask primera_tarea
[2023-12-10 19:35:31,017] {task_command.py:371} INFO - Running <TaskInstance: mi_primer_dag_v3.primera_tarea scheduled__2022-12-11T00:00:00+00:00 [running]> on host 42828894a739
[2023-12-10 19:35:31,584] {taskinstance.py:1591} INFO - Exporting the following env vars:
AIRFLOW_CTX_DAG_OWNER=DavidBU
AIRFLOW_CTX_DAG_ID=mi_primer_dag_v3
AIRFLOW_CTX_TASK_ID=primera_tarea
AIRFLOW_CTX_EXECUTION_DATE=2022-12-11T00:00:00+00:00
AIRFLOW_CTX_TRY_NUMBER=1
AIRFLOW_CTX_DAG_RUN_ID=scheduled__2022-12-11T00:00:00+00:00
[2023-12-10 19:35:31,591] {subprocess.py:62} INFO - Tmp dir root location: 
 /tmp
[2023-12-10 19:35:31,593] {subprocess.py:74} INFO - Running command: ['bash', '-c', 'echo hola mundo, esta es nuestra primera tarea!']
[2023-12-10 19:35:31,632] {subprocess.py:85} INFO - Output:
[2023-12-10 19:35:31,651] {subprocess.py:92} INFO - hola mundo, esta es nuestra primera tarea!
[2023-12-10 19:35:31,653] {subprocess.py:96} INFO - Command exited with return code 0
[2023-12-10 19:35:31,822] {taskinstance.py:1420} INFO - Marking task as SUCCESS. dag_id=mi_primer_dag_v3, task_id=primera_tarea, execution_date=20221211T000000, start_date=20231210T193530, end_date=20231210T193531
[2023-12-10 19:35:31,975] {local_task_job.py:156} INFO - Task exited with return code 0
[2023-12-10 19:35:32,177] {local_task_job.py:273} INFO - 2 downstream tasks scheduled from follow-on schedule check
