[2023-12-10 19:32:25,375] {taskinstance.py:1179} INFO - Dependencies all met for <TaskInstance: mi_primer_dag_v3.segunda_tarea scheduled__2022-10-05T00:00:00+00:00 [queued]>
[2023-12-10 19:32:25,548] {taskinstance.py:1179} INFO - Dependencies all met for <TaskInstance: mi_primer_dag_v3.segunda_tarea scheduled__2022-10-05T00:00:00+00:00 [queued]>
[2023-12-10 19:32:25,550] {taskinstance.py:1376} INFO - 
--------------------------------------------------------------------------------
[2023-12-10 19:32:25,565] {taskinstance.py:1377} INFO - Starting attempt 1 of 6
[2023-12-10 19:32:25,567] {taskinstance.py:1378} INFO - 
--------------------------------------------------------------------------------
[2023-12-10 19:32:25,852] {taskinstance.py:1397} INFO - Executing <Task(BashOperator): segunda_tarea> on 2022-10-05 00:00:00+00:00
[2023-12-10 19:32:25,868] {standard_task_runner.py:52} INFO - Started process 863 to run task
[2023-12-10 19:32:25,917] {standard_task_runner.py:79} INFO - Running: ['***', 'tasks', 'run', 'mi_primer_dag_v3', 'segunda_tarea', 'scheduled__2022-10-05T00:00:00+00:00', '--job-id', '200', '--raw', '--subdir', 'DAGS_FOLDER/primer_dag_v3.py', '--cfg-path', '/tmp/tmpvqu10_qg', '--error-file', '/tmp/tmpy8mxspik']
[2023-12-10 19:32:25,953] {standard_task_runner.py:80} INFO - Job 200: Subtask segunda_tarea
[2023-12-10 19:32:28,010] {task_command.py:371} INFO - Running <TaskInstance: mi_primer_dag_v3.segunda_tarea scheduled__2022-10-05T00:00:00+00:00 [running]> on host 42828894a739
[2023-12-10 19:32:30,240] {taskinstance.py:1591} INFO - Exporting the following env vars:
AIRFLOW_CTX_DAG_OWNER=DavidBU
AIRFLOW_CTX_DAG_ID=mi_primer_dag_v3
AIRFLOW_CTX_TASK_ID=segunda_tarea
AIRFLOW_CTX_EXECUTION_DATE=2022-10-05T00:00:00+00:00
AIRFLOW_CTX_TRY_NUMBER=1
AIRFLOW_CTX_DAG_RUN_ID=scheduled__2022-10-05T00:00:00+00:00
[2023-12-10 19:32:30,246] {subprocess.py:62} INFO - Tmp dir root location: 
 /tmp
[2023-12-10 19:32:30,250] {subprocess.py:74} INFO - Running command: ['bash', '-c', 'echo hola, soy la tarea 2 y sere corrida luego de la Tarea 1']
[2023-12-10 19:32:30,584] {subprocess.py:85} INFO - Output:
[2023-12-10 19:32:30,640] {subprocess.py:92} INFO - hola, soy la tarea 2 y sere corrida luego de la Tarea 1
[2023-12-10 19:32:30,706] {subprocess.py:96} INFO - Command exited with return code 0
[2023-12-10 19:32:31,901] {taskinstance.py:1420} INFO - Marking task as SUCCESS. dag_id=mi_primer_dag_v3, task_id=segunda_tarea, execution_date=20221005T000000, start_date=20231210T193225, end_date=20231210T193231
[2023-12-10 19:32:32,466] {local_task_job.py:156} INFO - Task exited with return code 0
[2023-12-10 19:32:33,402] {local_task_job.py:273} INFO - 0 downstream tasks scheduled from follow-on schedule check
