[2023-12-10 19:38:02,152] {taskinstance.py:1179} INFO - Dependencies all met for <TaskInstance: mi_primer_dag_v3.primera_tarea scheduled__2023-02-12T00:00:00+00:00 [queued]>
[2023-12-10 19:38:02,418] {taskinstance.py:1179} INFO - Dependencies all met for <TaskInstance: mi_primer_dag_v3.primera_tarea scheduled__2023-02-12T00:00:00+00:00 [queued]>
[2023-12-10 19:38:02,419] {taskinstance.py:1376} INFO - 
--------------------------------------------------------------------------------
[2023-12-10 19:38:02,422] {taskinstance.py:1377} INFO - Starting attempt 1 of 6
[2023-12-10 19:38:02,424] {taskinstance.py:1378} INFO - 
--------------------------------------------------------------------------------
[2023-12-10 19:38:02,694] {taskinstance.py:1397} INFO - Executing <Task(BashOperator): primera_tarea> on 2023-02-12 00:00:00+00:00
[2023-12-10 19:38:02,873] {standard_task_runner.py:52} INFO - Started process 2126 to run task
[2023-12-10 19:38:02,972] {standard_task_runner.py:79} INFO - Running: ['***', 'tasks', 'run', 'mi_primer_dag_v3', 'primera_tarea', 'scheduled__2023-02-12T00:00:00+00:00', '--job-id', '573', '--raw', '--subdir', 'DAGS_FOLDER/primer_dag_v3.py', '--cfg-path', '/tmp/tmphsypblpo', '--error-file', '/tmp/tmpjmmkbhvq']
[2023-12-10 19:38:02,992] {standard_task_runner.py:80} INFO - Job 573: Subtask primera_tarea
[2023-12-10 19:38:04,547] {task_command.py:371} INFO - Running <TaskInstance: mi_primer_dag_v3.primera_tarea scheduled__2023-02-12T00:00:00+00:00 [running]> on host 42828894a739
[2023-12-10 19:38:05,605] {taskinstance.py:1591} INFO - Exporting the following env vars:
AIRFLOW_CTX_DAG_OWNER=DavidBU
AIRFLOW_CTX_DAG_ID=mi_primer_dag_v3
AIRFLOW_CTX_TASK_ID=primera_tarea
AIRFLOW_CTX_EXECUTION_DATE=2023-02-12T00:00:00+00:00
AIRFLOW_CTX_TRY_NUMBER=1
AIRFLOW_CTX_DAG_RUN_ID=scheduled__2023-02-12T00:00:00+00:00
[2023-12-10 19:38:05,607] {subprocess.py:62} INFO - Tmp dir root location: 
 /tmp
[2023-12-10 19:38:05,609] {subprocess.py:74} INFO - Running command: ['bash', '-c', 'echo hola mundo, esta es nuestra primera tarea!']
[2023-12-10 19:38:05,674] {subprocess.py:85} INFO - Output:
[2023-12-10 19:38:05,691] {subprocess.py:92} INFO - hola mundo, esta es nuestra primera tarea!
[2023-12-10 19:38:05,692] {subprocess.py:96} INFO - Command exited with return code 0
[2023-12-10 19:38:06,475] {taskinstance.py:1420} INFO - Marking task as SUCCESS. dag_id=mi_primer_dag_v3, task_id=primera_tarea, execution_date=20230212T000000, start_date=20231210T193802, end_date=20231210T193806
[2023-12-10 19:38:06,809] {local_task_job.py:156} INFO - Task exited with return code 0
[2023-12-10 19:38:07,822] {local_task_job.py:273} INFO - 0 downstream tasks scheduled from follow-on schedule check
