[2023-12-10 20:28:13,042] {taskinstance.py:1179} INFO - Dependencies all met for <TaskInstance: mi_primer_dar_con_PythonOperator.aloha_david scheduled__2023-09-30T00:00:00+00:00 [queued]>
[2023-12-10 20:28:13,097] {taskinstance.py:1179} INFO - Dependencies all met for <TaskInstance: mi_primer_dar_con_PythonOperator.aloha_david scheduled__2023-09-30T00:00:00+00:00 [queued]>
[2023-12-10 20:28:13,098] {taskinstance.py:1376} INFO - 
--------------------------------------------------------------------------------
[2023-12-10 20:28:13,099] {taskinstance.py:1377} INFO - Starting attempt 1 of 6
[2023-12-10 20:28:13,108] {taskinstance.py:1378} INFO - 
--------------------------------------------------------------------------------
[2023-12-10 20:28:13,198] {taskinstance.py:1397} INFO - Executing <Task(PythonOperator): aloha_david> on 2023-09-30 00:00:00+00:00
[2023-12-10 20:28:13,209] {standard_task_runner.py:52} INFO - Started process 2810 to run task
[2023-12-10 20:28:13,218] {standard_task_runner.py:79} INFO - Running: ['***', 'tasks', 'run', 'mi_primer_dar_con_PythonOperator', 'aloha_david', 'scheduled__2023-09-30T00:00:00+00:00', '--job-id', '2411', '--raw', '--subdir', 'DAGS_FOLDER/mi_primer_dag_pythonoperator.py', '--cfg-path', '/tmp/tmpuv2yhhgz', '--error-file', '/tmp/tmpru08p8w7']
[2023-12-10 20:28:13,222] {standard_task_runner.py:80} INFO - Job 2411: Subtask aloha_david
[2023-12-10 20:28:13,580] {task_command.py:371} INFO - Running <TaskInstance: mi_primer_dar_con_PythonOperator.aloha_david scheduled__2023-09-30T00:00:00+00:00 [running]> on host 42828894a739
[2023-12-10 20:28:14,046] {taskinstance.py:1591} INFO - Exporting the following env vars:
AIRFLOW_CTX_DAG_OWNER=DavidBU
AIRFLOW_CTX_DAG_ID=mi_primer_dar_con_PythonOperator
AIRFLOW_CTX_TASK_ID=aloha_david
AIRFLOW_CTX_EXECUTION_DATE=2023-09-30T00:00:00+00:00
AIRFLOW_CTX_TRY_NUMBER=1
AIRFLOW_CTX_DAG_RUN_ID=scheduled__2023-09-30T00:00:00+00:00
[2023-12-10 20:28:14,048] {logging_mixin.py:115} INFO - Aloha Mundo soy yo!
[2023-12-10 20:28:14,073] {python.py:173} INFO - Done. Returned value was: None
[2023-12-10 20:28:14,396] {taskinstance.py:1420} INFO - Marking task as SUCCESS. dag_id=mi_primer_dar_con_PythonOperator, task_id=aloha_david, execution_date=20230930T000000, start_date=20231210T202813, end_date=20231210T202814
[2023-12-10 20:28:14,624] {local_task_job.py:156} INFO - Task exited with return code 0
[2023-12-10 20:28:14,995] {local_task_job.py:273} INFO - 0 downstream tasks scheduled from follow-on schedule check
