[2023-12-10 19:48:27,058] {taskinstance.py:1179} INFO - Dependencies all met for <TaskInstance: mi_primer_dag_v3.primera_tarea scheduled__2023-11-07T00:00:00+00:00 [queued]>
[2023-12-10 19:48:27,097] {taskinstance.py:1179} INFO - Dependencies all met for <TaskInstance: mi_primer_dag_v3.primera_tarea scheduled__2023-11-07T00:00:00+00:00 [queued]>
[2023-12-10 19:48:27,098] {taskinstance.py:1376} INFO - 
--------------------------------------------------------------------------------
[2023-12-10 19:48:27,100] {taskinstance.py:1377} INFO - Starting attempt 1 of 6
[2023-12-10 19:48:27,101] {taskinstance.py:1378} INFO - 
--------------------------------------------------------------------------------
[2023-12-10 19:48:27,144] {taskinstance.py:1397} INFO - Executing <Task(BashOperator): primera_tarea> on 2023-11-07 00:00:00+00:00
[2023-12-10 19:48:27,161] {standard_task_runner.py:52} INFO - Started process 4804 to run task
[2023-12-10 19:48:27,178] {standard_task_runner.py:79} INFO - Running: ['***', 'tasks', 'run', 'mi_primer_dag_v3', 'primera_tarea', 'scheduled__2023-11-07T00:00:00+00:00', '--job-id', '1383', '--raw', '--subdir', 'DAGS_FOLDER/primer_dag_v3.py', '--cfg-path', '/tmp/tmpdf376h8r', '--error-file', '/tmp/tmplpfidmbh']
[2023-12-10 19:48:27,184] {standard_task_runner.py:80} INFO - Job 1383: Subtask primera_tarea
[2023-12-10 19:48:27,442] {task_command.py:371} INFO - Running <TaskInstance: mi_primer_dag_v3.primera_tarea scheduled__2023-11-07T00:00:00+00:00 [running]> on host 42828894a739
[2023-12-10 19:48:27,718] {taskinstance.py:1591} INFO - Exporting the following env vars:
AIRFLOW_CTX_DAG_OWNER=DavidBU
AIRFLOW_CTX_DAG_ID=mi_primer_dag_v3
AIRFLOW_CTX_TASK_ID=primera_tarea
AIRFLOW_CTX_EXECUTION_DATE=2023-11-07T00:00:00+00:00
AIRFLOW_CTX_TRY_NUMBER=1
AIRFLOW_CTX_DAG_RUN_ID=scheduled__2023-11-07T00:00:00+00:00
[2023-12-10 19:48:27,721] {subprocess.py:62} INFO - Tmp dir root location: 
 /tmp
[2023-12-10 19:48:27,723] {subprocess.py:74} INFO - Running command: ['bash', '-c', 'echo hola mundo, esta es nuestra primera tarea!']
[2023-12-10 19:48:27,767] {subprocess.py:85} INFO - Output:
[2023-12-10 19:48:27,768] {subprocess.py:92} INFO - hola mundo, esta es nuestra primera tarea!
[2023-12-10 19:48:27,769] {subprocess.py:96} INFO - Command exited with return code 0
[2023-12-10 19:48:28,107] {taskinstance.py:1420} INFO - Marking task as SUCCESS. dag_id=mi_primer_dag_v3, task_id=primera_tarea, execution_date=20231107T000000, start_date=20231210T194827, end_date=20231210T194828
[2023-12-10 19:48:28,282] {local_task_job.py:156} INFO - Task exited with return code 0
[2023-12-10 19:48:28,781] {local_task_job.py:273} INFO - 0 downstream tasks scheduled from follow-on schedule check
