[2023-12-10 19:48:50,519] {taskinstance.py:1179} INFO - Dependencies all met for <TaskInstance: mi_primer_dag_v3.primera_tarea scheduled__2023-11-20T00:00:00+00:00 [queued]>
[2023-12-10 19:48:50,551] {taskinstance.py:1179} INFO - Dependencies all met for <TaskInstance: mi_primer_dag_v3.primera_tarea scheduled__2023-11-20T00:00:00+00:00 [queued]>
[2023-12-10 19:48:50,552] {taskinstance.py:1376} INFO - 
--------------------------------------------------------------------------------
[2023-12-10 19:48:50,553] {taskinstance.py:1377} INFO - Starting attempt 1 of 6
[2023-12-10 19:48:50,554] {taskinstance.py:1378} INFO - 
--------------------------------------------------------------------------------
[2023-12-10 19:48:50,592] {taskinstance.py:1397} INFO - Executing <Task(BashOperator): primera_tarea> on 2023-11-20 00:00:00+00:00
[2023-12-10 19:48:50,598] {standard_task_runner.py:52} INFO - Started process 4924 to run task
[2023-12-10 19:48:50,604] {standard_task_runner.py:79} INFO - Running: ['***', 'tasks', 'run', 'mi_primer_dag_v3', 'primera_tarea', 'scheduled__2023-11-20T00:00:00+00:00', '--job-id', '1420', '--raw', '--subdir', 'DAGS_FOLDER/primer_dag_v3.py', '--cfg-path', '/tmp/tmpsj26co64', '--error-file', '/tmp/tmph704d6nn']
[2023-12-10 19:48:50,606] {standard_task_runner.py:80} INFO - Job 1420: Subtask primera_tarea
[2023-12-10 19:48:50,774] {task_command.py:371} INFO - Running <TaskInstance: mi_primer_dag_v3.primera_tarea scheduled__2023-11-20T00:00:00+00:00 [running]> on host 42828894a739
[2023-12-10 19:48:50,955] {taskinstance.py:1591} INFO - Exporting the following env vars:
AIRFLOW_CTX_DAG_OWNER=DavidBU
AIRFLOW_CTX_DAG_ID=mi_primer_dag_v3
AIRFLOW_CTX_TASK_ID=primera_tarea
AIRFLOW_CTX_EXECUTION_DATE=2023-11-20T00:00:00+00:00
AIRFLOW_CTX_TRY_NUMBER=1
AIRFLOW_CTX_DAG_RUN_ID=scheduled__2023-11-20T00:00:00+00:00
[2023-12-10 19:48:50,956] {subprocess.py:62} INFO - Tmp dir root location: 
 /tmp
[2023-12-10 19:48:50,957] {subprocess.py:74} INFO - Running command: ['bash', '-c', 'echo hola mundo, esta es nuestra primera tarea!']
[2023-12-10 19:48:50,970] {subprocess.py:85} INFO - Output:
[2023-12-10 19:48:50,972] {subprocess.py:92} INFO - hola mundo, esta es nuestra primera tarea!
[2023-12-10 19:48:50,973] {subprocess.py:96} INFO - Command exited with return code 0
[2023-12-10 19:48:51,035] {taskinstance.py:1420} INFO - Marking task as SUCCESS. dag_id=mi_primer_dag_v3, task_id=primera_tarea, execution_date=20231120T000000, start_date=20231210T194850, end_date=20231210T194851
[2023-12-10 19:48:51,064] {local_task_job.py:156} INFO - Task exited with return code 0
[2023-12-10 19:48:51,167] {local_task_job.py:273} INFO - 0 downstream tasks scheduled from follow-on schedule check
