[2023-12-10 20:27:00,413] {taskinstance.py:1179} INFO - Dependencies all met for <TaskInstance: mi_primer_dar_con_PythonOperator.aloha_david scheduled__2023-07-19T00:00:00+00:00 [queued]>
[2023-12-10 20:27:00,434] {taskinstance.py:1179} INFO - Dependencies all met for <TaskInstance: mi_primer_dar_con_PythonOperator.aloha_david scheduled__2023-07-19T00:00:00+00:00 [queued]>
[2023-12-10 20:27:00,435] {taskinstance.py:1376} INFO - 
--------------------------------------------------------------------------------
[2023-12-10 20:27:00,436] {taskinstance.py:1377} INFO - Starting attempt 1 of 6
[2023-12-10 20:27:00,437] {taskinstance.py:1378} INFO - 
--------------------------------------------------------------------------------
[2023-12-10 20:27:00,477] {taskinstance.py:1397} INFO - Executing <Task(PythonOperator): aloha_david> on 2023-07-19 00:00:00+00:00
[2023-12-10 20:27:00,485] {standard_task_runner.py:52} INFO - Started process 2556 to run task
[2023-12-10 20:27:00,491] {standard_task_runner.py:79} INFO - Running: ['***', 'tasks', 'run', 'mi_primer_dar_con_PythonOperator', 'aloha_david', 'scheduled__2023-07-19T00:00:00+00:00', '--job-id', '2338', '--raw', '--subdir', 'DAGS_FOLDER/mi_primer_dag_pythonoperator.py', '--cfg-path', '/tmp/tmpac5osqv7', '--error-file', '/tmp/tmpln4al6d6']
[2023-12-10 20:27:00,493] {standard_task_runner.py:80} INFO - Job 2338: Subtask aloha_david
[2023-12-10 20:27:00,643] {task_command.py:371} INFO - Running <TaskInstance: mi_primer_dar_con_PythonOperator.aloha_david scheduled__2023-07-19T00:00:00+00:00 [running]> on host 42828894a739
[2023-12-10 20:27:00,843] {taskinstance.py:1591} INFO - Exporting the following env vars:
AIRFLOW_CTX_DAG_OWNER=DavidBU
AIRFLOW_CTX_DAG_ID=mi_primer_dar_con_PythonOperator
AIRFLOW_CTX_TASK_ID=aloha_david
AIRFLOW_CTX_EXECUTION_DATE=2023-07-19T00:00:00+00:00
AIRFLOW_CTX_TRY_NUMBER=1
AIRFLOW_CTX_DAG_RUN_ID=scheduled__2023-07-19T00:00:00+00:00
[2023-12-10 20:27:00,844] {logging_mixin.py:115} INFO - Aloha Mundo soy yo!
[2023-12-10 20:27:00,845] {python.py:173} INFO - Done. Returned value was: None
[2023-12-10 20:27:00,866] {taskinstance.py:1420} INFO - Marking task as SUCCESS. dag_id=mi_primer_dar_con_PythonOperator, task_id=aloha_david, execution_date=20230719T000000, start_date=20231210T202700, end_date=20231210T202700
[2023-12-10 20:27:00,905] {local_task_job.py:156} INFO - Task exited with return code 0
[2023-12-10 20:27:00,968] {local_task_job.py:273} INFO - 0 downstream tasks scheduled from follow-on schedule check
