[2023-12-10 19:35:05,872] {taskinstance.py:1179} INFO - Dependencies all met for <TaskInstance: mi_primer_dag_v3.segunda_tarea scheduled__2022-11-30T00:00:00+00:00 [queued]>
[2023-12-10 19:35:06,057] {taskinstance.py:1179} INFO - Dependencies all met for <TaskInstance: mi_primer_dag_v3.segunda_tarea scheduled__2022-11-30T00:00:00+00:00 [queued]>
[2023-12-10 19:35:06,076] {taskinstance.py:1376} INFO - 
--------------------------------------------------------------------------------
[2023-12-10 19:35:06,081] {taskinstance.py:1377} INFO - Starting attempt 1 of 6
[2023-12-10 19:35:06,205] {taskinstance.py:1378} INFO - 
--------------------------------------------------------------------------------
[2023-12-10 19:35:06,679] {taskinstance.py:1397} INFO - Executing <Task(BashOperator): segunda_tarea> on 2022-11-30 00:00:00+00:00
[2023-12-10 19:35:06,776] {standard_task_runner.py:52} INFO - Started process 1422 to run task
[2023-12-10 19:35:06,956] {standard_task_runner.py:79} INFO - Running: ['***', 'tasks', 'run', 'mi_primer_dag_v3', 'segunda_tarea', 'scheduled__2022-11-30T00:00:00+00:00', '--job-id', '367', '--raw', '--subdir', 'DAGS_FOLDER/primer_dag_v3.py', '--cfg-path', '/tmp/tmp_u66v44y', '--error-file', '/tmp/tmpwi4_m3zw']
[2023-12-10 19:35:06,972] {standard_task_runner.py:80} INFO - Job 367: Subtask segunda_tarea
[2023-12-10 19:35:07,775] {task_command.py:371} INFO - Running <TaskInstance: mi_primer_dag_v3.segunda_tarea scheduled__2022-11-30T00:00:00+00:00 [running]> on host 42828894a739
[2023-12-10 19:35:09,220] {taskinstance.py:1591} INFO - Exporting the following env vars:
AIRFLOW_CTX_DAG_OWNER=DavidBU
AIRFLOW_CTX_DAG_ID=mi_primer_dag_v3
AIRFLOW_CTX_TASK_ID=segunda_tarea
AIRFLOW_CTX_EXECUTION_DATE=2022-11-30T00:00:00+00:00
AIRFLOW_CTX_TRY_NUMBER=1
AIRFLOW_CTX_DAG_RUN_ID=scheduled__2022-11-30T00:00:00+00:00
[2023-12-10 19:35:09,518] {subprocess.py:62} INFO - Tmp dir root location: 
 /tmp
[2023-12-10 19:35:09,693] {subprocess.py:74} INFO - Running command: ['bash', '-c', 'echo hola, soy la tarea 2 y sere corrida luego de la Tarea 1']
[2023-12-10 19:35:09,744] {subprocess.py:85} INFO - Output:
[2023-12-10 19:35:09,774] {subprocess.py:92} INFO - hola, soy la tarea 2 y sere corrida luego de la Tarea 1
[2023-12-10 19:35:09,789] {subprocess.py:96} INFO - Command exited with return code 0
[2023-12-10 19:35:10,414] {taskinstance.py:1420} INFO - Marking task as SUCCESS. dag_id=mi_primer_dag_v3, task_id=segunda_tarea, execution_date=20221130T000000, start_date=20231210T193505, end_date=20231210T193510
[2023-12-10 19:35:10,661] {local_task_job.py:156} INFO - Task exited with return code 0
[2023-12-10 19:35:11,606] {local_task_job.py:273} INFO - 0 downstream tasks scheduled from follow-on schedule check
