[2023-12-10 19:35:05,357] {taskinstance.py:1179} INFO - Dependencies all met for <TaskInstance: mi_primer_dag_v3.segunda_tarea scheduled__2022-11-29T00:00:00+00:00 [queued]>
[2023-12-10 19:35:05,563] {taskinstance.py:1179} INFO - Dependencies all met for <TaskInstance: mi_primer_dag_v3.segunda_tarea scheduled__2022-11-29T00:00:00+00:00 [queued]>
[2023-12-10 19:35:05,575] {taskinstance.py:1376} INFO - 
--------------------------------------------------------------------------------
[2023-12-10 19:35:05,581] {taskinstance.py:1377} INFO - Starting attempt 1 of 6
[2023-12-10 19:35:05,584] {taskinstance.py:1378} INFO - 
--------------------------------------------------------------------------------
[2023-12-10 19:35:05,825] {taskinstance.py:1397} INFO - Executing <Task(BashOperator): segunda_tarea> on 2022-11-29 00:00:00+00:00
[2023-12-10 19:35:05,845] {standard_task_runner.py:52} INFO - Started process 1419 to run task
[2023-12-10 19:35:05,897] {standard_task_runner.py:79} INFO - Running: ['***', 'tasks', 'run', 'mi_primer_dag_v3', 'segunda_tarea', 'scheduled__2022-11-29T00:00:00+00:00', '--job-id', '365', '--raw', '--subdir', 'DAGS_FOLDER/primer_dag_v3.py', '--cfg-path', '/tmp/tmpzjpz_hli', '--error-file', '/tmp/tmpnjpzvbuz']
[2023-12-10 19:35:05,911] {standard_task_runner.py:80} INFO - Job 365: Subtask segunda_tarea
[2023-12-10 19:35:07,204] {task_command.py:371} INFO - Running <TaskInstance: mi_primer_dag_v3.segunda_tarea scheduled__2022-11-29T00:00:00+00:00 [running]> on host 42828894a739
[2023-12-10 19:35:08,085] {taskinstance.py:1591} INFO - Exporting the following env vars:
AIRFLOW_CTX_DAG_OWNER=DavidBU
AIRFLOW_CTX_DAG_ID=mi_primer_dag_v3
AIRFLOW_CTX_TASK_ID=segunda_tarea
AIRFLOW_CTX_EXECUTION_DATE=2022-11-29T00:00:00+00:00
AIRFLOW_CTX_TRY_NUMBER=1
AIRFLOW_CTX_DAG_RUN_ID=scheduled__2022-11-29T00:00:00+00:00
[2023-12-10 19:35:08,090] {subprocess.py:62} INFO - Tmp dir root location: 
 /tmp
[2023-12-10 19:35:08,097] {subprocess.py:74} INFO - Running command: ['bash', '-c', 'echo hola, soy la tarea 2 y sere corrida luego de la Tarea 1']
[2023-12-10 19:35:08,202] {subprocess.py:85} INFO - Output:
[2023-12-10 19:35:08,207] {subprocess.py:92} INFO - hola, soy la tarea 2 y sere corrida luego de la Tarea 1
[2023-12-10 19:35:08,216] {subprocess.py:96} INFO - Command exited with return code 0
[2023-12-10 19:35:08,479] {taskinstance.py:1420} INFO - Marking task as SUCCESS. dag_id=mi_primer_dag_v3, task_id=segunda_tarea, execution_date=20221129T000000, start_date=20231210T193505, end_date=20231210T193508
[2023-12-10 19:35:09,183] {local_task_job.py:156} INFO - Task exited with return code 0
[2023-12-10 19:35:09,912] {local_task_job.py:273} INFO - 0 downstream tasks scheduled from follow-on schedule check
