[2023-12-10 20:29:06,202] {taskinstance.py:1179} INFO - Dependencies all met for <TaskInstance: mi_primer_dar_con_PythonOperator.aloha_david scheduled__2023-12-03T00:00:00+00:00 [queued]>
[2023-12-10 20:29:06,274] {taskinstance.py:1179} INFO - Dependencies all met for <TaskInstance: mi_primer_dar_con_PythonOperator.aloha_david scheduled__2023-12-03T00:00:00+00:00 [queued]>
[2023-12-10 20:29:06,292] {taskinstance.py:1376} INFO - 
--------------------------------------------------------------------------------
[2023-12-10 20:29:06,299] {taskinstance.py:1377} INFO - Starting attempt 1 of 6
[2023-12-10 20:29:06,300] {taskinstance.py:1378} INFO - 
--------------------------------------------------------------------------------
[2023-12-10 20:29:06,399] {taskinstance.py:1397} INFO - Executing <Task(PythonOperator): aloha_david> on 2023-12-03 00:00:00+00:00
[2023-12-10 20:29:06,409] {standard_task_runner.py:52} INFO - Started process 3013 to run task
[2023-12-10 20:29:06,433] {standard_task_runner.py:79} INFO - Running: ['***', 'tasks', 'run', 'mi_primer_dar_con_PythonOperator', 'aloha_david', 'scheduled__2023-12-03T00:00:00+00:00', '--job-id', '2475', '--raw', '--subdir', 'DAGS_FOLDER/mi_primer_dag_pythonoperator.py', '--cfg-path', '/tmp/tmp_51b7dtp', '--error-file', '/tmp/tmplmn9kkx2']
[2023-12-10 20:29:06,446] {standard_task_runner.py:80} INFO - Job 2475: Subtask aloha_david
[2023-12-10 20:29:06,851] {task_command.py:371} INFO - Running <TaskInstance: mi_primer_dar_con_PythonOperator.aloha_david scheduled__2023-12-03T00:00:00+00:00 [running]> on host 42828894a739
[2023-12-10 20:29:07,363] {taskinstance.py:1591} INFO - Exporting the following env vars:
AIRFLOW_CTX_DAG_OWNER=DavidBU
AIRFLOW_CTX_DAG_ID=mi_primer_dar_con_PythonOperator
AIRFLOW_CTX_TASK_ID=aloha_david
AIRFLOW_CTX_EXECUTION_DATE=2023-12-03T00:00:00+00:00
AIRFLOW_CTX_TRY_NUMBER=1
AIRFLOW_CTX_DAG_RUN_ID=scheduled__2023-12-03T00:00:00+00:00
[2023-12-10 20:29:07,376] {logging_mixin.py:115} INFO - Aloha Mundo soy yo!
[2023-12-10 20:29:07,377] {python.py:173} INFO - Done. Returned value was: None
[2023-12-10 20:29:07,442] {taskinstance.py:1420} INFO - Marking task as SUCCESS. dag_id=mi_primer_dar_con_PythonOperator, task_id=aloha_david, execution_date=20231203T000000, start_date=20231210T202906, end_date=20231210T202907
[2023-12-10 20:29:07,553] {local_task_job.py:156} INFO - Task exited with return code 0
[2023-12-10 20:29:07,800] {local_task_job.py:273} INFO - 0 downstream tasks scheduled from follow-on schedule check
