[2023-12-10 20:21:48,830] {taskinstance.py:1179} INFO - Dependencies all met for <TaskInstance: mi_primer_dar_con_PythonOperator.aloha_david scheduled__2022-12-05T00:00:00+00:00 [queued]>
[2023-12-10 20:21:48,873] {taskinstance.py:1179} INFO - Dependencies all met for <TaskInstance: mi_primer_dar_con_PythonOperator.aloha_david scheduled__2022-12-05T00:00:00+00:00 [queued]>
[2023-12-10 20:21:48,875] {taskinstance.py:1376} INFO - 
--------------------------------------------------------------------------------
[2023-12-10 20:21:48,884] {taskinstance.py:1377} INFO - Starting attempt 1 of 6
[2023-12-10 20:21:48,886] {taskinstance.py:1378} INFO - 
--------------------------------------------------------------------------------
[2023-12-10 20:21:48,945] {taskinstance.py:1397} INFO - Executing <Task(PythonOperator): aloha_david> on 2022-12-05 00:00:00+00:00
[2023-12-10 20:21:48,957] {standard_task_runner.py:52} INFO - Started process 1229 to run task
[2023-12-10 20:21:48,978] {standard_task_runner.py:79} INFO - Running: ['***', 'tasks', 'run', 'mi_primer_dar_con_PythonOperator', 'aloha_david', 'scheduled__2022-12-05T00:00:00+00:00', '--job-id', '1956', '--raw', '--subdir', 'DAGS_FOLDER/mi_primer_dag_pythonoperator.py', '--cfg-path', '/tmp/tmpfaotc8uk', '--error-file', '/tmp/tmpg2zbkzgz']
[2023-12-10 20:21:48,983] {standard_task_runner.py:80} INFO - Job 1956: Subtask aloha_david
[2023-12-10 20:21:49,294] {task_command.py:371} INFO - Running <TaskInstance: mi_primer_dar_con_PythonOperator.aloha_david scheduled__2022-12-05T00:00:00+00:00 [running]> on host 42828894a739
[2023-12-10 20:21:49,578] {taskinstance.py:1591} INFO - Exporting the following env vars:
AIRFLOW_CTX_DAG_OWNER=DavidBU
AIRFLOW_CTX_DAG_ID=mi_primer_dar_con_PythonOperator
AIRFLOW_CTX_TASK_ID=aloha_david
AIRFLOW_CTX_EXECUTION_DATE=2022-12-05T00:00:00+00:00
AIRFLOW_CTX_TRY_NUMBER=1
AIRFLOW_CTX_DAG_RUN_ID=scheduled__2022-12-05T00:00:00+00:00
[2023-12-10 20:21:49,587] {logging_mixin.py:115} INFO - Aloha Mundo soy yo!
[2023-12-10 20:21:49,588] {python.py:173} INFO - Done. Returned value was: None
[2023-12-10 20:21:49,621] {taskinstance.py:1420} INFO - Marking task as SUCCESS. dag_id=mi_primer_dar_con_PythonOperator, task_id=aloha_david, execution_date=20221205T000000, start_date=20231210T202148, end_date=20231210T202149
[2023-12-10 20:21:49,688] {local_task_job.py:156} INFO - Task exited with return code 0
[2023-12-10 20:21:49,750] {local_task_job.py:273} INFO - 0 downstream tasks scheduled from follow-on schedule check
