[2023-12-10 19:47:04,349] {taskinstance.py:1179} INFO - Dependencies all met for <TaskInstance: mi_primer_dag_v3.tercera_tarea scheduled__2023-09-22T00:00:00+00:00 [queued]>
[2023-12-10 19:47:04,454] {taskinstance.py:1179} INFO - Dependencies all met for <TaskInstance: mi_primer_dag_v3.tercera_tarea scheduled__2023-09-22T00:00:00+00:00 [queued]>
[2023-12-10 19:47:04,474] {taskinstance.py:1376} INFO - 
--------------------------------------------------------------------------------
[2023-12-10 19:47:04,503] {taskinstance.py:1377} INFO - Starting attempt 1 of 6
[2023-12-10 19:47:04,509] {taskinstance.py:1378} INFO - 
--------------------------------------------------------------------------------
[2023-12-10 19:47:04,794] {taskinstance.py:1397} INFO - Executing <Task(BashOperator): tercera_tarea> on 2023-09-22 00:00:00+00:00
[2023-12-10 19:47:04,822] {standard_task_runner.py:79} INFO - Running: ['***', 'tasks', 'run', 'mi_primer_dag_v3', 'tercera_tarea', 'scheduled__2023-09-22T00:00:00+00:00', '--job-id', '1260', '--raw', '--subdir', 'DAGS_FOLDER/primer_dag_v3.py', '--cfg-path', '/tmp/tmpzx43x6v8', '--error-file', '/tmp/tmpt0bsxnf2']
[2023-12-10 19:47:04,802] {standard_task_runner.py:52} INFO - Started process 4409 to run task
[2023-12-10 19:47:04,837] {standard_task_runner.py:80} INFO - Job 1260: Subtask tercera_tarea
[2023-12-10 19:47:05,584] {task_command.py:371} INFO - Running <TaskInstance: mi_primer_dag_v3.tercera_tarea scheduled__2023-09-22T00:00:00+00:00 [running]> on host 42828894a739
[2023-12-10 19:47:06,886] {taskinstance.py:1591} INFO - Exporting the following env vars:
AIRFLOW_CTX_DAG_OWNER=DavidBU
AIRFLOW_CTX_DAG_ID=mi_primer_dag_v3
AIRFLOW_CTX_TASK_ID=tercera_tarea
AIRFLOW_CTX_EXECUTION_DATE=2023-09-22T00:00:00+00:00
AIRFLOW_CTX_TRY_NUMBER=1
AIRFLOW_CTX_DAG_RUN_ID=scheduled__2023-09-22T00:00:00+00:00
[2023-12-10 19:47:06,899] {subprocess.py:62} INFO - Tmp dir root location: 
 /tmp
[2023-12-10 19:47:06,916] {subprocess.py:74} INFO - Running command: ['bash', '-c', 'echo hola, soy la tarea 3 y sere corrida luego de Tarea 1 al mismo tiempo que Tarea 2']
[2023-12-10 19:47:06,982] {subprocess.py:85} INFO - Output:
[2023-12-10 19:47:06,995] {subprocess.py:92} INFO - hola, soy la tarea 3 y sere corrida luego de Tarea 1 al mismo tiempo que Tarea 2
[2023-12-10 19:47:07,000] {subprocess.py:96} INFO - Command exited with return code 0
[2023-12-10 19:47:07,559] {taskinstance.py:1420} INFO - Marking task as SUCCESS. dag_id=mi_primer_dag_v3, task_id=tercera_tarea, execution_date=20230922T000000, start_date=20231210T194704, end_date=20231210T194707
[2023-12-10 19:47:07,846] {local_task_job.py:156} INFO - Task exited with return code 0
[2023-12-10 19:47:08,264] {local_task_job.py:273} INFO - 0 downstream tasks scheduled from follow-on schedule check
