[2023-12-10 19:49:23,444] {taskinstance.py:1179} INFO - Dependencies all met for <TaskInstance: mi_primer_dag_v3.tercera_tarea scheduled__2023-12-04T00:00:00+00:00 [queued]>
[2023-12-10 19:49:23,510] {taskinstance.py:1179} INFO - Dependencies all met for <TaskInstance: mi_primer_dag_v3.tercera_tarea scheduled__2023-12-04T00:00:00+00:00 [queued]>
[2023-12-10 19:49:23,519] {taskinstance.py:1376} INFO - 
--------------------------------------------------------------------------------
[2023-12-10 19:49:23,520] {taskinstance.py:1377} INFO - Starting attempt 1 of 6
[2023-12-10 19:49:23,521] {taskinstance.py:1378} INFO - 
--------------------------------------------------------------------------------
[2023-12-10 19:49:23,609] {taskinstance.py:1397} INFO - Executing <Task(BashOperator): tercera_tarea> on 2023-12-04 00:00:00+00:00
[2023-12-10 19:49:23,618] {standard_task_runner.py:52} INFO - Started process 5101 to run task
[2023-12-10 19:49:23,628] {standard_task_runner.py:79} INFO - Running: ['***', 'tasks', 'run', 'mi_primer_dag_v3', 'tercera_tarea', 'scheduled__2023-12-04T00:00:00+00:00', '--job-id', '1475', '--raw', '--subdir', 'DAGS_FOLDER/primer_dag_v3.py', '--cfg-path', '/tmp/tmp5c_o639s', '--error-file', '/tmp/tmpommxrd4d']
[2023-12-10 19:49:23,651] {standard_task_runner.py:80} INFO - Job 1475: Subtask tercera_tarea
[2023-12-10 19:49:24,115] {task_command.py:371} INFO - Running <TaskInstance: mi_primer_dag_v3.tercera_tarea scheduled__2023-12-04T00:00:00+00:00 [running]> on host 42828894a739
[2023-12-10 19:49:24,981] {taskinstance.py:1591} INFO - Exporting the following env vars:
AIRFLOW_CTX_DAG_OWNER=DavidBU
AIRFLOW_CTX_DAG_ID=mi_primer_dag_v3
AIRFLOW_CTX_TASK_ID=tercera_tarea
AIRFLOW_CTX_EXECUTION_DATE=2023-12-04T00:00:00+00:00
AIRFLOW_CTX_TRY_NUMBER=1
AIRFLOW_CTX_DAG_RUN_ID=scheduled__2023-12-04T00:00:00+00:00
[2023-12-10 19:49:24,990] {subprocess.py:62} INFO - Tmp dir root location: 
 /tmp
[2023-12-10 19:49:24,993] {subprocess.py:74} INFO - Running command: ['bash', '-c', 'echo hola, soy la tarea 3 y sere corrida luego de Tarea 1 al mismo tiempo que Tarea 2']
[2023-12-10 19:49:25,027] {subprocess.py:85} INFO - Output:
[2023-12-10 19:49:25,033] {subprocess.py:92} INFO - hola, soy la tarea 3 y sere corrida luego de Tarea 1 al mismo tiempo que Tarea 2
[2023-12-10 19:49:25,035] {subprocess.py:96} INFO - Command exited with return code 0
[2023-12-10 19:49:25,173] {taskinstance.py:1420} INFO - Marking task as SUCCESS. dag_id=mi_primer_dag_v3, task_id=tercera_tarea, execution_date=20231204T000000, start_date=20231210T194923, end_date=20231210T194925
[2023-12-10 19:49:25,279] {local_task_job.py:156} INFO - Task exited with return code 0
[2023-12-10 19:49:25,464] {local_task_job.py:273} INFO - 0 downstream tasks scheduled from follow-on schedule check
