[2023-12-10 19:36:54,066] {taskinstance.py:1179} INFO - Dependencies all met for <TaskInstance: mi_primer_dag_v3.primera_tarea scheduled__2023-01-14T00:00:00+00:00 [queued]>
[2023-12-10 19:36:54,157] {taskinstance.py:1179} INFO - Dependencies all met for <TaskInstance: mi_primer_dag_v3.primera_tarea scheduled__2023-01-14T00:00:00+00:00 [queued]>
[2023-12-10 19:36:54,196] {taskinstance.py:1376} INFO - 
--------------------------------------------------------------------------------
[2023-12-10 19:36:54,207] {taskinstance.py:1377} INFO - Starting attempt 1 of 6
[2023-12-10 19:36:54,211] {taskinstance.py:1378} INFO - 
--------------------------------------------------------------------------------
[2023-12-10 19:36:54,367] {taskinstance.py:1397} INFO - Executing <Task(BashOperator): primera_tarea> on 2023-01-14 00:00:00+00:00
[2023-12-10 19:36:54,423] {standard_task_runner.py:52} INFO - Started process 1850 to run task
[2023-12-10 19:36:54,465] {standard_task_runner.py:79} INFO - Running: ['***', 'tasks', 'run', 'mi_primer_dag_v3', 'primera_tarea', 'scheduled__2023-01-14T00:00:00+00:00', '--job-id', '492', '--raw', '--subdir', 'DAGS_FOLDER/primer_dag_v3.py', '--cfg-path', '/tmp/tmpztafc5es', '--error-file', '/tmp/tmphcabk5y_']
[2023-12-10 19:36:54,478] {standard_task_runner.py:80} INFO - Job 492: Subtask primera_tarea
[2023-12-10 19:36:55,287] {task_command.py:371} INFO - Running <TaskInstance: mi_primer_dag_v3.primera_tarea scheduled__2023-01-14T00:00:00+00:00 [running]> on host 42828894a739
[2023-12-10 19:36:56,678] {taskinstance.py:1591} INFO - Exporting the following env vars:
AIRFLOW_CTX_DAG_OWNER=DavidBU
AIRFLOW_CTX_DAG_ID=mi_primer_dag_v3
AIRFLOW_CTX_TASK_ID=primera_tarea
AIRFLOW_CTX_EXECUTION_DATE=2023-01-14T00:00:00+00:00
AIRFLOW_CTX_TRY_NUMBER=1
AIRFLOW_CTX_DAG_RUN_ID=scheduled__2023-01-14T00:00:00+00:00
[2023-12-10 19:36:56,707] {subprocess.py:62} INFO - Tmp dir root location: 
 /tmp
[2023-12-10 19:36:56,744] {subprocess.py:74} INFO - Running command: ['bash', '-c', 'echo hola mundo, esta es nuestra primera tarea!']
[2023-12-10 19:36:56,796] {subprocess.py:85} INFO - Output:
[2023-12-10 19:36:56,818] {subprocess.py:92} INFO - hola mundo, esta es nuestra primera tarea!
[2023-12-10 19:36:56,825] {subprocess.py:96} INFO - Command exited with return code 0
[2023-12-10 19:36:57,524] {taskinstance.py:1420} INFO - Marking task as SUCCESS. dag_id=mi_primer_dag_v3, task_id=primera_tarea, execution_date=20230114T000000, start_date=20231210T193654, end_date=20231210T193657
[2023-12-10 19:36:58,150] {local_task_job.py:156} INFO - Task exited with return code 0
[2023-12-10 19:36:58,976] {local_task_job.py:273} INFO - 0 downstream tasks scheduled from follow-on schedule check
