[2023-12-12 02:23:14,689] {taskinstance.py:1179} INFO - Dependencies all met for <TaskInstance: Entregable3_Chumbita.conexion_BD scheduled__2023-12-11T00:00:00+00:00 [queued]>
[2023-12-12 02:23:14,773] {taskinstance.py:1179} INFO - Dependencies all met for <TaskInstance: Entregable3_Chumbita.conexion_BD scheduled__2023-12-11T00:00:00+00:00 [queued]>
[2023-12-12 02:23:14,778] {taskinstance.py:1376} INFO - 
--------------------------------------------------------------------------------
[2023-12-12 02:23:14,783] {taskinstance.py:1377} INFO - Starting attempt 1 of 6
[2023-12-12 02:23:14,793] {taskinstance.py:1378} INFO - 
--------------------------------------------------------------------------------
[2023-12-12 02:23:14,915] {taskinstance.py:1397} INFO - Executing <Task(PythonOperator): conexion_BD> on 2023-12-11 00:00:00+00:00
[2023-12-12 02:23:14,926] {standard_task_runner.py:52} INFO - Started process 217 to run task
[2023-12-12 02:23:14,942] {standard_task_runner.py:79} INFO - Running: ['***', 'tasks', 'run', 'Entregable3_Chumbita', 'conexion_BD', 'scheduled__2023-12-11T00:00:00+00:00', '--job-id', '4', '--raw', '--subdir', 'DAGS_FOLDER/ETL_Entregable3_Chumbita.py', '--cfg-path', '/tmp/tmpanz3sy3m', '--error-file', '/tmp/tmpxvuy82w9']
[2023-12-12 02:23:14,945] {standard_task_runner.py:80} INFO - Job 4: Subtask conexion_BD
[2023-12-12 02:23:15,379] {task_command.py:371} INFO - Running <TaskInstance: Entregable3_Chumbita.conexion_BD scheduled__2023-12-11T00:00:00+00:00 [running]> on host 02fb1b542166
[2023-12-12 02:23:15,678] {logging_mixin.py:115} WARNING - /home/***/.local/lib/python3.7/site-packages/***/utils/context.py:202 AirflowContextDeprecationWarning: Accessing 'execution_date' from the template is deprecated and will be removed in a future version. Please use 'data_interval_start' or 'logical_date' instead.
[2023-12-12 02:23:16,136] {taskinstance.py:1591} INFO - Exporting the following env vars:
AIRFLOW_CTX_DAG_OWNER=ArielChumbita
AIRFLOW_CTX_DAG_ID=Entregable3_Chumbita
AIRFLOW_CTX_TASK_ID=conexion_BD
AIRFLOW_CTX_EXECUTION_DATE=2023-12-11T00:00:00+00:00
AIRFLOW_CTX_TRY_NUMBER=1
AIRFLOW_CTX_DAG_RUN_ID=scheduled__2023-12-11T00:00:00+00:00
[2023-12-12 02:23:16,150] {logging_mixin.py:115} INFO - Conectandose a la BD en la fecha: 2023-12-11 0
[2023-12-12 02:23:18,561] {logging_mixin.py:115} INFO - <connection object at 0x7fdf628c46e0; dsn: 'user=ariel_chumbita_coderhouse password=xxx dbname=data-engineer-database host=data-engineer-cluster.cyhh5bfevlmn.us-east-1.redshift.amazonaws.com port=5439', closed: 0>
[2023-12-12 02:23:18,567] {logging_mixin.py:115} INFO - Connected to Redshift successfully!
[2023-12-12 02:23:18,580] {python.py:173} INFO - Done. Returned value was: None
[2023-12-12 02:23:18,835] {taskinstance.py:1420} INFO - Marking task as SUCCESS. dag_id=Entregable3_Chumbita, task_id=conexion_BD, execution_date=20231211T000000, start_date=20231212T022314, end_date=20231212T022318
[2023-12-12 02:23:19,006] {local_task_job.py:156} INFO - Task exited with return code 0
[2023-12-12 02:23:19,465] {local_task_job.py:273} INFO - 1 downstream tasks scheduled from follow-on schedule check
