[2023-12-29 03:51:01,644] {taskinstance.py:1032} INFO - Dependencies all met for <TaskInstance: dag_xcoms_facil.empleado_A scheduled__2023-12-28T00:00:00+00:00 [queued]>
[2023-12-29 03:51:02,022] {taskinstance.py:1032} INFO - Dependencies all met for <TaskInstance: dag_xcoms_facil.empleado_A scheduled__2023-12-28T00:00:00+00:00 [queued]>
[2023-12-29 03:51:02,033] {taskinstance.py:1238} INFO - 
--------------------------------------------------------------------------------
[2023-12-29 03:51:02,037] {taskinstance.py:1239} INFO - Starting attempt 1 of 1
[2023-12-29 03:51:02,063] {taskinstance.py:1240} INFO - 
--------------------------------------------------------------------------------
[2023-12-29 03:51:02,365] {taskinstance.py:1259} INFO - Executing <Task(PythonOperator): empleado_A> on 2023-12-28 00:00:00+00:00
[2023-12-29 03:51:02,609] {standard_task_runner.py:76} INFO - Running: ['***', 'tasks', 'run', 'dag_xcoms_facil', 'empleado_A', 'scheduled__2023-12-28T00:00:00+00:00', '--job-id', '13', '--raw', '--subdir', 'DAGS_FOLDER/dag_actividad_xcoms.py', '--cfg-path', '/tmp/tmpd_gj8wlz', '--error-file', '/tmp/tmpa0xenxwt']
[2023-12-29 03:51:02,655] {standard_task_runner.py:77} INFO - Job 13: Subtask empleado_A
[2023-12-29 03:51:02,495] {standard_task_runner.py:52} INFO - Started process 578 to run task
[2023-12-29 03:51:04,286] {logging_mixin.py:109} INFO - Running <TaskInstance: dag_xcoms_facil.empleado_A scheduled__2023-12-28T00:00:00+00:00 [running]> on host 2762520f2c23
[2023-12-29 03:51:06,952] {taskinstance.py:1426} INFO - Exporting the following env vars:
AIRFLOW_CTX_DAG_EMAIL=ariel.chumbita@gmail.com
AIRFLOW_CTX_DAG_OWNER=ArielChumbita
AIRFLOW_CTX_DAG_ID=dag_xcoms_facil
AIRFLOW_CTX_TASK_ID=empleado_A
AIRFLOW_CTX_EXECUTION_DATE=2023-12-28T00:00:00+00:00
AIRFLOW_CTX_DAG_RUN_ID=scheduled__2023-12-28T00:00:00+00:00
[2023-12-29 03:51:06,987] {python.py:175} INFO - Done. Returned value was: 10
[2023-12-29 03:51:08,166] {taskinstance.py:1277} INFO - Marking task as SUCCESS. dag_id=dag_xcoms_facil, task_id=empleado_A, execution_date=20231228T000000, start_date=20231229T035101, end_date=20231229T035108
[2023-12-29 03:51:09,037] {local_task_job.py:154} INFO - Task exited with return code 0
[2023-12-29 03:51:09,495] {local_task_job.py:264} INFO - 0 downstream tasks scheduled from follow-on schedule check
