[2023-12-21 02:22:55,251] {taskinstance.py:1179} INFO - Dependencies all met for <TaskInstance: mi_primer_dag_v4.segunda_tarea scheduled__2023-12-15T00:00:00+00:00 [queued]>
[2023-12-21 02:22:55,535] {taskinstance.py:1179} INFO - Dependencies all met for <TaskInstance: mi_primer_dag_v4.segunda_tarea scheduled__2023-12-15T00:00:00+00:00 [queued]>
[2023-12-21 02:22:55,536] {taskinstance.py:1376} INFO - 
--------------------------------------------------------------------------------
[2023-12-21 02:22:55,543] {taskinstance.py:1377} INFO - Starting attempt 1 of 6
[2023-12-21 02:22:55,545] {taskinstance.py:1378} INFO - 
--------------------------------------------------------------------------------
[2023-12-21 02:22:56,226] {taskinstance.py:1397} INFO - Executing <Task(BashOperator): segunda_tarea> on 2023-12-15 00:00:00+00:00
[2023-12-21 02:22:56,266] {standard_task_runner.py:52} INFO - Started process 315 to run task
[2023-12-21 02:22:56,304] {standard_task_runner.py:79} INFO - Running: ['***', 'tasks', 'run', 'mi_primer_dag_v4', 'segunda_tarea', 'scheduled__2023-12-15T00:00:00+00:00', '--job-id', '142', '--raw', '--subdir', 'DAGS_FOLDER/primer_dag.py', '--cfg-path', '/tmp/tmp2q55p3mb', '--error-file', '/tmp/tmp87pbss5g']
[2023-12-21 02:22:56,310] {standard_task_runner.py:80} INFO - Job 142: Subtask segunda_tarea
[2023-12-21 02:22:56,994] {task_command.py:371} INFO - Running <TaskInstance: mi_primer_dag_v4.segunda_tarea scheduled__2023-12-15T00:00:00+00:00 [running]> on host de0a7ae97836
[2023-12-21 02:22:58,261] {taskinstance.py:1591} INFO - Exporting the following env vars:
AIRFLOW_CTX_DAG_OWNER=DavidBU
AIRFLOW_CTX_DAG_ID=mi_primer_dag_v4
AIRFLOW_CTX_TASK_ID=segunda_tarea
AIRFLOW_CTX_EXECUTION_DATE=2023-12-15T00:00:00+00:00
AIRFLOW_CTX_TRY_NUMBER=1
AIRFLOW_CTX_DAG_RUN_ID=scheduled__2023-12-15T00:00:00+00:00
[2023-12-21 02:22:58,294] {subprocess.py:62} INFO - Tmp dir root location: 
 /tmp
[2023-12-21 02:22:58,299] {subprocess.py:74} INFO - Running command: ['bash', '-c', 'echo David']
[2023-12-21 02:22:58,357] {subprocess.py:85} INFO - Output:
[2023-12-21 02:22:58,392] {subprocess.py:92} INFO - David
[2023-12-21 02:22:58,394] {subprocess.py:96} INFO - Command exited with return code 0
