[2023-12-21 02:22:16,794] {taskinstance.py:1179} INFO - Dependencies all met for <TaskInstance: mi_primer_dag_v4.segunda_tarea scheduled__2023-12-11T00:00:00+00:00 [queued]>
[2023-12-21 02:22:16,851] {taskinstance.py:1179} INFO - Dependencies all met for <TaskInstance: mi_primer_dag_v4.segunda_tarea scheduled__2023-12-11T00:00:00+00:00 [queued]>
[2023-12-21 02:22:16,854] {taskinstance.py:1376} INFO - 
--------------------------------------------------------------------------------
[2023-12-21 02:22:16,856] {taskinstance.py:1377} INFO - Starting attempt 1 of 6
[2023-12-21 02:22:16,864] {taskinstance.py:1378} INFO - 
--------------------------------------------------------------------------------
[2023-12-21 02:22:16,937] {taskinstance.py:1397} INFO - Executing <Task(BashOperator): segunda_tarea> on 2023-12-11 00:00:00+00:00
[2023-12-21 02:22:16,949] {standard_task_runner.py:52} INFO - Started process 231 to run task
[2023-12-21 02:22:17,040] {standard_task_runner.py:79} INFO - Running: ['***', 'tasks', 'run', 'mi_primer_dag_v4', 'segunda_tarea', 'scheduled__2023-12-11T00:00:00+00:00', '--job-id', '127', '--raw', '--subdir', 'DAGS_FOLDER/primer_dag.py', '--cfg-path', '/tmp/tmp986699y8', '--error-file', '/tmp/tmpag4vfgld']
[2023-12-21 02:22:17,070] {standard_task_runner.py:80} INFO - Job 127: Subtask segunda_tarea
[2023-12-21 02:22:19,000] {task_command.py:371} INFO - Running <TaskInstance: mi_primer_dag_v4.segunda_tarea scheduled__2023-12-11T00:00:00+00:00 [running]> on host de0a7ae97836
[2023-12-21 02:22:19,810] {taskinstance.py:1591} INFO - Exporting the following env vars:
AIRFLOW_CTX_DAG_OWNER=DavidBU
AIRFLOW_CTX_DAG_ID=mi_primer_dag_v4
AIRFLOW_CTX_TASK_ID=segunda_tarea
AIRFLOW_CTX_EXECUTION_DATE=2023-12-11T00:00:00+00:00
AIRFLOW_CTX_TRY_NUMBER=1
AIRFLOW_CTX_DAG_RUN_ID=scheduled__2023-12-11T00:00:00+00:00
[2023-12-21 02:22:19,882] {subprocess.py:62} INFO - Tmp dir root location: 
 /tmp
[2023-12-21 02:22:19,912] {subprocess.py:74} INFO - Running command: ['bash', '-c', 'echo David']
[2023-12-21 02:22:20,086] {subprocess.py:85} INFO - Output:
[2023-12-21 02:22:20,141] {subprocess.py:92} INFO - David
[2023-12-21 02:22:20,152] {subprocess.py:96} INFO - Command exited with return code 0
[2023-12-21 02:22:35,250] {taskinstance.py:1420} INFO - Marking task as SUCCESS. dag_id=mi_primer_dag_v4, task_id=segunda_tarea, execution_date=20231211T000000, start_date=20231221T022216, end_date=20231221T022235
[2023-12-21 02:22:35,666] {local_task_job.py:156} INFO - Task exited with return code 0
[2023-12-21 02:22:36,651] {local_task_job.py:273} INFO - 1 downstream tasks scheduled from follow-on schedule check
