[2023-12-21 02:22:37,874] {taskinstance.py:1179} INFO - Dependencies all met for <TaskInstance: mi_primer_dag_v4.primera_tarea scheduled__2023-12-16T00:00:00+00:00 [queued]>
[2023-12-21 02:22:38,243] {taskinstance.py:1179} INFO - Dependencies all met for <TaskInstance: mi_primer_dag_v4.primera_tarea scheduled__2023-12-16T00:00:00+00:00 [queued]>
[2023-12-21 02:22:38,251] {taskinstance.py:1376} INFO - 
--------------------------------------------------------------------------------
[2023-12-21 02:22:38,260] {taskinstance.py:1377} INFO - Starting attempt 1 of 6
[2023-12-21 02:22:38,266] {taskinstance.py:1378} INFO - 
--------------------------------------------------------------------------------
[2023-12-21 02:22:38,580] {taskinstance.py:1397} INFO - Executing <Task(BashOperator): primera_tarea> on 2023-12-16 00:00:00+00:00
[2023-12-21 02:22:38,603] {standard_task_runner.py:52} INFO - Started process 281 to run task
[2023-12-21 02:22:38,679] {standard_task_runner.py:79} INFO - Running: ['***', 'tasks', 'run', 'mi_primer_dag_v4', 'primera_tarea', 'scheduled__2023-12-16T00:00:00+00:00', '--job-id', '131', '--raw', '--subdir', 'DAGS_FOLDER/primer_dag.py', '--cfg-path', '/tmp/tmps5x3dpi8', '--error-file', '/tmp/tmpem5x0f8t']
[2023-12-21 02:22:38,698] {standard_task_runner.py:80} INFO - Job 131: Subtask primera_tarea
[2023-12-21 02:22:41,026] {task_command.py:371} INFO - Running <TaskInstance: mi_primer_dag_v4.primera_tarea scheduled__2023-12-16T00:00:00+00:00 [running]> on host de0a7ae97836
[2023-12-21 02:22:42,477] {taskinstance.py:1591} INFO - Exporting the following env vars:
AIRFLOW_CTX_DAG_OWNER=DavidBU
AIRFLOW_CTX_DAG_ID=mi_primer_dag_v4
AIRFLOW_CTX_TASK_ID=primera_tarea
AIRFLOW_CTX_EXECUTION_DATE=2023-12-16T00:00:00+00:00
AIRFLOW_CTX_TRY_NUMBER=1
AIRFLOW_CTX_DAG_RUN_ID=scheduled__2023-12-16T00:00:00+00:00
[2023-12-21 02:22:42,528] {subprocess.py:62} INFO - Tmp dir root location: 
 /tmp
[2023-12-21 02:22:42,553] {subprocess.py:74} INFO - Running command: ['bash', '-c', 'echo Chile']
[2023-12-21 02:22:42,888] {subprocess.py:85} INFO - Output:
[2023-12-21 02:22:42,909] {subprocess.py:92} INFO - Chile
[2023-12-21 02:22:42,912] {subprocess.py:96} INFO - Command exited with return code 0
