[2023-12-10 19:48:49,013] {taskinstance.py:1179} INFO - Dependencies all met for <TaskInstance: mi_primer_dag_v3.primera_tarea scheduled__2023-11-17T00:00:00+00:00 [queued]>
[2023-12-10 19:48:49,075] {taskinstance.py:1179} INFO - Dependencies all met for <TaskInstance: mi_primer_dag_v3.primera_tarea scheduled__2023-11-17T00:00:00+00:00 [queued]>
[2023-12-10 19:48:49,076] {taskinstance.py:1376} INFO - 
--------------------------------------------------------------------------------
[2023-12-10 19:48:49,077] {taskinstance.py:1377} INFO - Starting attempt 1 of 6
[2023-12-10 19:48:49,078] {taskinstance.py:1378} INFO - 
--------------------------------------------------------------------------------
[2023-12-10 19:48:49,165] {taskinstance.py:1397} INFO - Executing <Task(BashOperator): primera_tarea> on 2023-11-17 00:00:00+00:00
[2023-12-10 19:48:49,180] {standard_task_runner.py:52} INFO - Started process 4918 to run task
[2023-12-10 19:48:49,192] {standard_task_runner.py:79} INFO - Running: ['***', 'tasks', 'run', 'mi_primer_dag_v3', 'primera_tarea', 'scheduled__2023-11-17T00:00:00+00:00', '--job-id', '1417', '--raw', '--subdir', 'DAGS_FOLDER/primer_dag_v3.py', '--cfg-path', '/tmp/tmpvok29wp3', '--error-file', '/tmp/tmp2jtlng2z']
[2023-12-10 19:48:49,210] {standard_task_runner.py:80} INFO - Job 1417: Subtask primera_tarea
[2023-12-10 19:48:49,722] {task_command.py:371} INFO - Running <TaskInstance: mi_primer_dag_v3.primera_tarea scheduled__2023-11-17T00:00:00+00:00 [running]> on host 42828894a739
[2023-12-10 19:48:50,193] {taskinstance.py:1591} INFO - Exporting the following env vars:
AIRFLOW_CTX_DAG_OWNER=DavidBU
AIRFLOW_CTX_DAG_ID=mi_primer_dag_v3
AIRFLOW_CTX_TASK_ID=primera_tarea
AIRFLOW_CTX_EXECUTION_DATE=2023-11-17T00:00:00+00:00
AIRFLOW_CTX_TRY_NUMBER=1
AIRFLOW_CTX_DAG_RUN_ID=scheduled__2023-11-17T00:00:00+00:00
[2023-12-10 19:48:50,197] {subprocess.py:62} INFO - Tmp dir root location: 
 /tmp
[2023-12-10 19:48:50,199] {subprocess.py:74} INFO - Running command: ['bash', '-c', 'echo hola mundo, esta es nuestra primera tarea!']
[2023-12-10 19:48:50,237] {subprocess.py:85} INFO - Output:
[2023-12-10 19:48:50,250] {subprocess.py:92} INFO - hola mundo, esta es nuestra primera tarea!
[2023-12-10 19:48:50,251] {subprocess.py:96} INFO - Command exited with return code 0
[2023-12-10 19:48:50,340] {taskinstance.py:1420} INFO - Marking task as SUCCESS. dag_id=mi_primer_dag_v3, task_id=primera_tarea, execution_date=20231117T000000, start_date=20231210T194849, end_date=20231210T194850
[2023-12-10 19:48:50,399] {local_task_job.py:156} INFO - Task exited with return code 0
[2023-12-10 19:48:50,508] {local_task_job.py:273} INFO - 2 downstream tasks scheduled from follow-on schedule check
