[2023-12-10 19:44:44,050] {taskinstance.py:1179} INFO - Dependencies all met for <TaskInstance: mi_primer_dag_v3.tercera_tarea scheduled__2023-07-21T00:00:00+00:00 [queued]>
[2023-12-10 19:44:44,093] {taskinstance.py:1179} INFO - Dependencies all met for <TaskInstance: mi_primer_dag_v3.tercera_tarea scheduled__2023-07-21T00:00:00+00:00 [queued]>
[2023-12-10 19:44:44,094] {taskinstance.py:1376} INFO - 
--------------------------------------------------------------------------------
[2023-12-10 19:44:44,096] {taskinstance.py:1377} INFO - Starting attempt 1 of 6
[2023-12-10 19:44:44,097] {taskinstance.py:1378} INFO - 
--------------------------------------------------------------------------------
[2023-12-10 19:44:44,134] {taskinstance.py:1397} INFO - Executing <Task(BashOperator): tercera_tarea> on 2023-07-21 00:00:00+00:00
[2023-12-10 19:44:44,140] {standard_task_runner.py:52} INFO - Started process 3752 to run task
[2023-12-10 19:44:44,148] {standard_task_runner.py:79} INFO - Running: ['***', 'tasks', 'run', 'mi_primer_dag_v3', 'tercera_tarea', 'scheduled__2023-07-21T00:00:00+00:00', '--job-id', '1063', '--raw', '--subdir', 'DAGS_FOLDER/primer_dag_v3.py', '--cfg-path', '/tmp/tmpu89n4un1', '--error-file', '/tmp/tmpiiv4mott']
[2023-12-10 19:44:44,151] {standard_task_runner.py:80} INFO - Job 1063: Subtask tercera_tarea
[2023-12-10 19:44:44,271] {task_command.py:371} INFO - Running <TaskInstance: mi_primer_dag_v3.tercera_tarea scheduled__2023-07-21T00:00:00+00:00 [running]> on host 42828894a739
[2023-12-10 19:44:44,416] {taskinstance.py:1591} INFO - Exporting the following env vars:
AIRFLOW_CTX_DAG_OWNER=DavidBU
AIRFLOW_CTX_DAG_ID=mi_primer_dag_v3
AIRFLOW_CTX_TASK_ID=tercera_tarea
AIRFLOW_CTX_EXECUTION_DATE=2023-07-21T00:00:00+00:00
AIRFLOW_CTX_TRY_NUMBER=1
AIRFLOW_CTX_DAG_RUN_ID=scheduled__2023-07-21T00:00:00+00:00
[2023-12-10 19:44:44,418] {subprocess.py:62} INFO - Tmp dir root location: 
 /tmp
[2023-12-10 19:44:44,419] {subprocess.py:74} INFO - Running command: ['bash', '-c', 'echo hola, soy la tarea 3 y sere corrida luego de Tarea 1 al mismo tiempo que Tarea 2']
[2023-12-10 19:44:44,431] {subprocess.py:85} INFO - Output:
[2023-12-10 19:44:44,434] {subprocess.py:92} INFO - hola, soy la tarea 3 y sere corrida luego de Tarea 1 al mismo tiempo que Tarea 2
[2023-12-10 19:44:44,435] {subprocess.py:96} INFO - Command exited with return code 0
[2023-12-10 19:44:44,491] {taskinstance.py:1420} INFO - Marking task as SUCCESS. dag_id=mi_primer_dag_v3, task_id=tercera_tarea, execution_date=20230721T000000, start_date=20231210T194444, end_date=20231210T194444
[2023-12-10 19:44:44,561] {local_task_job.py:156} INFO - Task exited with return code 0
[2023-12-10 19:44:44,635] {local_task_job.py:273} INFO - 0 downstream tasks scheduled from follow-on schedule check
