[2023-12-21 03:21:37,711] {taskinstance.py:1179} INFO - Dependencies all met for <TaskInstance: mi_primer_dag_v4.segunda_tarea scheduled__2023-12-15T00:00:00+00:00 [queued]>
[2023-12-21 03:21:38,150] {taskinstance.py:1179} INFO - Dependencies all met for <TaskInstance: mi_primer_dag_v4.segunda_tarea scheduled__2023-12-15T00:00:00+00:00 [queued]>
[2023-12-21 03:21:38,213] {taskinstance.py:1376} INFO - 
--------------------------------------------------------------------------------
[2023-12-21 03:21:38,221] {taskinstance.py:1377} INFO - Starting attempt 2 of 6
[2023-12-21 03:21:38,222] {taskinstance.py:1378} INFO - 
--------------------------------------------------------------------------------
[2023-12-21 03:21:38,916] {taskinstance.py:1397} INFO - Executing <Task(BashOperator): segunda_tarea> on 2023-12-15 00:00:00+00:00
[2023-12-21 03:21:38,977] {standard_task_runner.py:52} INFO - Started process 227 to run task
[2023-12-21 03:21:39,672] {standard_task_runner.py:79} INFO - Running: ['***', 'tasks', 'run', 'mi_primer_dag_v4', 'segunda_tarea', 'scheduled__2023-12-15T00:00:00+00:00', '--job-id', '170', '--raw', '--subdir', 'DAGS_FOLDER/primer_dag.py', '--cfg-path', '/tmp/tmp_p0_z60r', '--error-file', '/tmp/tmp7toryy7g']
[2023-12-21 03:21:40,576] {standard_task_runner.py:80} INFO - Job 170: Subtask segunda_tarea
[2023-12-21 03:21:48,653] {task_command.py:371} INFO - Running <TaskInstance: mi_primer_dag_v4.segunda_tarea scheduled__2023-12-15T00:00:00+00:00 [running]> on host b0993ec57291
[2023-12-21 03:21:54,113] {taskinstance.py:1591} INFO - Exporting the following env vars:
AIRFLOW_CTX_DAG_OWNER=DavidBU
AIRFLOW_CTX_DAG_ID=mi_primer_dag_v4
AIRFLOW_CTX_TASK_ID=segunda_tarea
AIRFLOW_CTX_EXECUTION_DATE=2023-12-15T00:00:00+00:00
AIRFLOW_CTX_TRY_NUMBER=2
AIRFLOW_CTX_DAG_RUN_ID=scheduled__2023-12-15T00:00:00+00:00
[2023-12-21 03:21:54,115] {subprocess.py:62} INFO - Tmp dir root location: 
 /tmp
[2023-12-21 03:21:54,117] {subprocess.py:74} INFO - Running command: ['bash', '-c', 'echo David']
[2023-12-21 03:21:54,166] {subprocess.py:85} INFO - Output:
[2023-12-21 03:21:54,301] {subprocess.py:92} INFO - David
[2023-12-21 03:21:54,347] {subprocess.py:96} INFO - Command exited with return code 0
[2023-12-21 03:23:09,361] {taskinstance.py:1420} INFO - Marking task as SUCCESS. dag_id=mi_primer_dag_v4, task_id=segunda_tarea, execution_date=20231215T000000, start_date=20231221T032137, end_date=20231221T032309
[2023-12-21 03:23:10,014] {local_task_job.py:156} INFO - Task exited with return code 0
[2023-12-21 03:23:19,768] {local_task_job.py:273} INFO - 0 downstream tasks scheduled from follow-on schedule check
