[2023-12-11 08:24:08,933] {taskinstance.py:1179} INFO - Dependencies all met for <TaskInstance: mi_primer_dag_v4.primera_tarea scheduled__2023-12-07T00:00:00+00:00 [queued]>
[2023-12-11 08:24:09,108] {taskinstance.py:1179} INFO - Dependencies all met for <TaskInstance: mi_primer_dag_v4.primera_tarea scheduled__2023-12-07T00:00:00+00:00 [queued]>
[2023-12-11 08:24:09,122] {taskinstance.py:1376} INFO - 
--------------------------------------------------------------------------------
[2023-12-11 08:24:09,124] {taskinstance.py:1377} INFO - Starting attempt 1 of 6
[2023-12-11 08:24:09,125] {taskinstance.py:1378} INFO - 
--------------------------------------------------------------------------------
[2023-12-11 08:24:09,304] {taskinstance.py:1397} INFO - Executing <Task(BashOperator): primera_tarea> on 2023-12-07 00:00:00+00:00
[2023-12-11 08:24:09,523] {standard_task_runner.py:52} INFO - Started process 3209 to run task
[2023-12-11 08:24:09,740] {standard_task_runner.py:79} INFO - Running: ['***', 'tasks', 'run', 'mi_primer_dag_v4', 'primera_tarea', 'scheduled__2023-12-07T00:00:00+00:00', '--job-id', '100', '--raw', '--subdir', 'DAGS_FOLDER/primer_dag.py', '--cfg-path', '/tmp/tmpqhx441kt', '--error-file', '/tmp/tmp8da3whan']
[2023-12-11 08:24:09,746] {standard_task_runner.py:80} INFO - Job 100: Subtask primera_tarea
[2023-12-11 08:24:12,307] {task_command.py:371} INFO - Running <TaskInstance: mi_primer_dag_v4.primera_tarea scheduled__2023-12-07T00:00:00+00:00 [running]> on host 03477fa6e3b6
[2023-12-11 08:24:12,891] {taskinstance.py:1591} INFO - Exporting the following env vars:
AIRFLOW_CTX_DAG_OWNER=DavidBU
AIRFLOW_CTX_DAG_ID=mi_primer_dag_v4
AIRFLOW_CTX_TASK_ID=primera_tarea
AIRFLOW_CTX_EXECUTION_DATE=2023-12-07T00:00:00+00:00
AIRFLOW_CTX_TRY_NUMBER=1
AIRFLOW_CTX_DAG_RUN_ID=scheduled__2023-12-07T00:00:00+00:00
[2023-12-11 08:24:12,899] {subprocess.py:62} INFO - Tmp dir root location: 
 /tmp
[2023-12-11 08:24:12,915] {subprocess.py:74} INFO - Running command: ['bash', '-c', 'echo Chile']
[2023-12-11 08:24:12,981] {subprocess.py:85} INFO - Output:
[2023-12-11 08:24:12,991] {subprocess.py:92} INFO - Chile
[2023-12-11 08:24:12,993] {subprocess.py:96} INFO - Command exited with return code 0
[2023-12-11 08:24:13,364] {taskinstance.py:1420} INFO - Marking task as SUCCESS. dag_id=mi_primer_dag_v4, task_id=primera_tarea, execution_date=20231207T000000, start_date=20231211T082408, end_date=20231211T082413
[2023-12-11 08:24:13,546] {local_task_job.py:156} INFO - Task exited with return code 0
[2023-12-11 08:24:14,334] {local_task_job.py:273} INFO - 0 downstream tasks scheduled from follow-on schedule check
