[2023-12-24 19:35:34,352] {taskinstance.py:1179} INFO - Dependencies all met for <TaskInstance: Bitcoin_ETL.extraer_data manual__2023-12-24T19:35:32.426569+00:00 [queued]>
[2023-12-24 19:35:34,370] {taskinstance.py:1179} INFO - Dependencies all met for <TaskInstance: Bitcoin_ETL.extraer_data manual__2023-12-24T19:35:32.426569+00:00 [queued]>
[2023-12-24 19:35:34,370] {taskinstance.py:1376} INFO - 
--------------------------------------------------------------------------------
[2023-12-24 19:35:34,371] {taskinstance.py:1377} INFO - Starting attempt 1 of 6
[2023-12-24 19:35:34,372] {taskinstance.py:1378} INFO - 
--------------------------------------------------------------------------------
[2023-12-24 19:35:34,397] {taskinstance.py:1397} INFO - Executing <Task(PythonOperator): extraer_data> on 2023-12-24 19:35:32.426569+00:00
[2023-12-24 19:35:34,407] {standard_task_runner.py:52} INFO - Started process 534 to run task
[2023-12-24 19:35:34,413] {standard_task_runner.py:79} INFO - Running: ['***', 'tasks', 'run', 'Bitcoin_ETL', 'extraer_data', 'manual__2023-12-24T19:35:32.426569+00:00', '--job-id', '7', '--raw', '--subdir', 'DAGS_FOLDER/ETL_Bitcoin.py', '--cfg-path', '/tmp/tmpcnsgsxl6', '--error-file', '/tmp/tmpirdkvdaz']
[2023-12-24 19:35:34,419] {standard_task_runner.py:80} INFO - Job 7: Subtask extraer_data
[2023-12-24 19:35:34,550] {task_command.py:371} INFO - Running <TaskInstance: Bitcoin_ETL.extraer_data manual__2023-12-24T19:35:32.426569+00:00 [running]> on host 3331eab26945
[2023-12-24 19:35:34,627] {logging_mixin.py:115} WARNING - /home/***/.local/lib/python3.7/site-packages/***/utils/context.py:202 AirflowContextDeprecationWarning: Accessing 'execution_date' from the template is deprecated and will be removed in a future version. Please use 'data_interval_start' or 'logical_date' instead.
[2023-12-24 19:35:34,737] {taskinstance.py:1591} INFO - Exporting the following env vars:
AIRFLOW_CTX_DAG_OWNER=ArielChumbita
AIRFLOW_CTX_DAG_ID=Bitcoin_ETL
AIRFLOW_CTX_TASK_ID=extraer_data
AIRFLOW_CTX_EXECUTION_DATE=2023-12-24T19:35:32.426569+00:00
AIRFLOW_CTX_TRY_NUMBER=1
AIRFLOW_CTX_DAG_RUN_ID=manual__2023-12-24T19:35:32.426569+00:00
[2023-12-24 19:35:34,741] {logging_mixin.py:115} INFO - Adquiriendo data para la fecha: 2023-12-24 19
[2023-12-24 19:35:35,779] {logging_mixin.py:115} INFO - Success!
[2023-12-24 19:35:35,790] {python.py:173} INFO - Done. Returned value was: None
[2023-12-24 19:35:35,830] {taskinstance.py:1420} INFO - Marking task as SUCCESS. dag_id=Bitcoin_ETL, task_id=extraer_data, execution_date=20231224T193532, start_date=20231224T193534, end_date=20231224T193535
[2023-12-24 19:35:35,873] {local_task_job.py:156} INFO - Task exited with return code 0
[2023-12-24 19:35:35,944] {local_task_job.py:273} INFO - 1 downstream tasks scheduled from follow-on schedule check
