[2023-12-29 02:34:55,803] {taskinstance.py:1032} INFO - Dependencies all met for <TaskInstance: dag_smtp_email_fin_mundo.dag_envio_fin_mundo manual__2023-12-29T02:34:52.273207+00:00 [queued]>
[2023-12-29 02:34:55,990] {taskinstance.py:1032} INFO - Dependencies all met for <TaskInstance: dag_smtp_email_fin_mundo.dag_envio_fin_mundo manual__2023-12-29T02:34:52.273207+00:00 [queued]>
[2023-12-29 02:34:56,007] {taskinstance.py:1238} INFO - 
--------------------------------------------------------------------------------
[2023-12-29 02:34:56,021] {taskinstance.py:1239} INFO - Starting attempt 1 of 1
[2023-12-29 02:34:56,042] {taskinstance.py:1240} INFO - 
--------------------------------------------------------------------------------
[2023-12-29 02:34:56,299] {taskinstance.py:1259} INFO - Executing <Task(PythonOperator): dag_envio_fin_mundo> on 2023-12-29 02:34:52.273207+00:00
[2023-12-29 02:34:56,384] {standard_task_runner.py:76} INFO - Running: ['***', 'tasks', 'run', 'dag_smtp_email_fin_mundo', 'dag_envio_fin_mundo', 'manual__2023-12-29T02:34:52.273207+00:00', '--job-id', '10', '--raw', '--subdir', 'DAGS_FOLDER/Microdesafio_Semana11.py', '--cfg-path', '/tmp/tmp7nc9v_c6', '--error-file', '/tmp/tmp5dhwl9yi']
[2023-12-29 02:34:56,484] {standard_task_runner.py:77} INFO - Job 10: Subtask dag_envio_fin_mundo
[2023-12-29 02:34:56,351] {standard_task_runner.py:52} INFO - Started process 1056 to run task
[2023-12-29 02:34:57,164] {logging_mixin.py:109} INFO - Running <TaskInstance: dag_smtp_email_fin_mundo.dag_envio_fin_mundo manual__2023-12-29T02:34:52.273207+00:00 [running]> on host 2762520f2c23
[2023-12-29 02:34:57,767] {taskinstance.py:1426} INFO - Exporting the following env vars:
AIRFLOW_CTX_DAG_OWNER=ArielChumbita
AIRFLOW_CTX_DAG_ID=dag_smtp_email_fin_mundo
AIRFLOW_CTX_TASK_ID=dag_envio_fin_mundo
AIRFLOW_CTX_EXECUTION_DATE=2023-12-29T02:34:52.273207+00:00
AIRFLOW_CTX_DAG_RUN_ID=manual__2023-12-29T02:34:52.273207+00:00
[2023-12-29 02:35:00,632] {logging_mixin.py:109} INFO - Exito
[2023-12-29 02:35:00,634] {python.py:175} INFO - Done. Returned value was: None
[2023-12-29 02:35:00,703] {taskinstance.py:1277} INFO - Marking task as SUCCESS. dag_id=dag_smtp_email_fin_mundo, task_id=dag_envio_fin_mundo, execution_date=20231229T023452, start_date=20231229T023455, end_date=20231229T023500
[2023-12-29 02:35:00,868] {local_task_job.py:154} INFO - Task exited with return code 0
[2023-12-29 02:35:01,062] {local_task_job.py:264} INFO - 0 downstream tasks scheduled from follow-on schedule check
