[2023-12-10 19:32:30,115] {taskinstance.py:1179} INFO - Dependencies all met for <TaskInstance: mi_primer_dag_v3.segunda_tarea scheduled__2022-10-07T00:00:00+00:00 [queued]>
[2023-12-10 19:32:30,332] {taskinstance.py:1179} INFO - Dependencies all met for <TaskInstance: mi_primer_dag_v3.segunda_tarea scheduled__2022-10-07T00:00:00+00:00 [queued]>
[2023-12-10 19:32:30,363] {taskinstance.py:1376} INFO - 
--------------------------------------------------------------------------------
[2023-12-10 19:32:30,397] {taskinstance.py:1377} INFO - Starting attempt 1 of 6
[2023-12-10 19:32:30,411] {taskinstance.py:1378} INFO - 
--------------------------------------------------------------------------------
[2023-12-10 19:32:30,875] {taskinstance.py:1397} INFO - Executing <Task(BashOperator): segunda_tarea> on 2022-10-07 00:00:00+00:00
[2023-12-10 19:32:30,901] {standard_task_runner.py:52} INFO - Started process 880 to run task
[2023-12-10 19:32:31,205] {standard_task_runner.py:79} INFO - Running: ['***', 'tasks', 'run', 'mi_primer_dag_v3', 'segunda_tarea', 'scheduled__2022-10-07T00:00:00+00:00', '--job-id', '205', '--raw', '--subdir', 'DAGS_FOLDER/primer_dag_v3.py', '--cfg-path', '/tmp/tmpjweheev1', '--error-file', '/tmp/tmpxvfdiqtu']
[2023-12-10 19:32:31,328] {standard_task_runner.py:80} INFO - Job 205: Subtask segunda_tarea
[2023-12-10 19:32:33,708] {task_command.py:371} INFO - Running <TaskInstance: mi_primer_dag_v3.segunda_tarea scheduled__2022-10-07T00:00:00+00:00 [running]> on host 42828894a739
[2023-12-10 19:32:37,234] {taskinstance.py:1591} INFO - Exporting the following env vars:
AIRFLOW_CTX_DAG_OWNER=DavidBU
AIRFLOW_CTX_DAG_ID=mi_primer_dag_v3
AIRFLOW_CTX_TASK_ID=segunda_tarea
AIRFLOW_CTX_EXECUTION_DATE=2022-10-07T00:00:00+00:00
AIRFLOW_CTX_TRY_NUMBER=1
AIRFLOW_CTX_DAG_RUN_ID=scheduled__2022-10-07T00:00:00+00:00
[2023-12-10 19:32:37,307] {subprocess.py:62} INFO - Tmp dir root location: 
 /tmp
[2023-12-10 19:32:37,325] {subprocess.py:74} INFO - Running command: ['bash', '-c', 'echo hola, soy la tarea 2 y sere corrida luego de la Tarea 1']
[2023-12-10 19:32:37,615] {subprocess.py:85} INFO - Output:
[2023-12-10 19:32:37,647] {subprocess.py:92} INFO - hola, soy la tarea 2 y sere corrida luego de la Tarea 1
[2023-12-10 19:32:37,660] {subprocess.py:96} INFO - Command exited with return code 0
[2023-12-10 19:32:38,637] {taskinstance.py:1420} INFO - Marking task as SUCCESS. dag_id=mi_primer_dag_v3, task_id=segunda_tarea, execution_date=20221007T000000, start_date=20231210T193230, end_date=20231210T193238
[2023-12-10 19:32:38,765] {local_task_job.py:156} INFO - Task exited with return code 0
[2023-12-10 19:32:39,237] {local_task_job.py:273} INFO - 0 downstream tasks scheduled from follow-on schedule check
