[2023-12-10 20:20:34,732] {taskinstance.py:1179} INFO - Dependencies all met for <TaskInstance: mi_primer_dar_con_PythonOperator.aloha_david scheduled__2022-10-19T00:00:00+00:00 [queued]>
[2023-12-10 20:20:34,839] {taskinstance.py:1179} INFO - Dependencies all met for <TaskInstance: mi_primer_dar_con_PythonOperator.aloha_david scheduled__2022-10-19T00:00:00+00:00 [queued]>
[2023-12-10 20:20:34,853] {taskinstance.py:1376} INFO - 
--------------------------------------------------------------------------------
[2023-12-10 20:20:34,855] {taskinstance.py:1377} INFO - Starting attempt 1 of 6
[2023-12-10 20:20:34,859] {taskinstance.py:1378} INFO - 
--------------------------------------------------------------------------------
[2023-12-10 20:20:35,100] {taskinstance.py:1397} INFO - Executing <Task(PythonOperator): aloha_david> on 2022-10-19 00:00:00+00:00
[2023-12-10 20:20:35,151] {standard_task_runner.py:52} INFO - Started process 900 to run task
[2023-12-10 20:20:35,187] {standard_task_runner.py:79} INFO - Running: ['***', 'tasks', 'run', 'mi_primer_dar_con_PythonOperator', 'aloha_david', 'scheduled__2022-10-19T00:00:00+00:00', '--job-id', '1859', '--raw', '--subdir', 'DAGS_FOLDER/mi_primer_dag_pythonoperator.py', '--cfg-path', '/tmp/tmpao4_leek', '--error-file', '/tmp/tmpv5ia382g']
[2023-12-10 20:20:35,229] {standard_task_runner.py:80} INFO - Job 1859: Subtask aloha_david
[2023-12-10 20:20:35,721] {task_command.py:371} INFO - Running <TaskInstance: mi_primer_dar_con_PythonOperator.aloha_david scheduled__2022-10-19T00:00:00+00:00 [running]> on host 42828894a739
[2023-12-10 20:20:36,048] {taskinstance.py:1591} INFO - Exporting the following env vars:
AIRFLOW_CTX_DAG_OWNER=DavidBU
AIRFLOW_CTX_DAG_ID=mi_primer_dar_con_PythonOperator
AIRFLOW_CTX_TASK_ID=aloha_david
AIRFLOW_CTX_EXECUTION_DATE=2022-10-19T00:00:00+00:00
AIRFLOW_CTX_TRY_NUMBER=1
AIRFLOW_CTX_DAG_RUN_ID=scheduled__2022-10-19T00:00:00+00:00
[2023-12-10 20:20:36,051] {logging_mixin.py:115} INFO - Aloha Mundo soy yo!
[2023-12-10 20:20:36,053] {python.py:173} INFO - Done. Returned value was: None
[2023-12-10 20:20:36,170] {taskinstance.py:1420} INFO - Marking task as SUCCESS. dag_id=mi_primer_dar_con_PythonOperator, task_id=aloha_david, execution_date=20221019T000000, start_date=20231210T202034, end_date=20231210T202036
[2023-12-10 20:20:36,341] {local_task_job.py:156} INFO - Task exited with return code 0
[2023-12-10 20:20:36,539] {local_task_job.py:273} INFO - 0 downstream tasks scheduled from follow-on schedule check
