[2023-12-29 05:16:24,116] {taskinstance.py:1179} INFO - Dependencies all met for <TaskInstance: ProyectoFinal_Chumbita.cargar_data scheduled__2023-12-28T00:00:00+00:00 [queued]>
[2023-12-29 05:16:24,132] {taskinstance.py:1179} INFO - Dependencies all met for <TaskInstance: ProyectoFinal_Chumbita.cargar_data scheduled__2023-12-28T00:00:00+00:00 [queued]>
[2023-12-29 05:16:24,133] {taskinstance.py:1376} INFO - 
--------------------------------------------------------------------------------
[2023-12-29 05:16:24,134] {taskinstance.py:1377} INFO - Starting attempt 1 of 6
[2023-12-29 05:16:24,135] {taskinstance.py:1378} INFO - 
--------------------------------------------------------------------------------
[2023-12-29 05:16:24,181] {taskinstance.py:1397} INFO - Executing <Task(PythonOperator): cargar_data> on 2023-12-28 00:00:00+00:00
[2023-12-29 05:16:24,202] {standard_task_runner.py:52} INFO - Started process 661 to run task
[2023-12-29 05:16:24,209] {standard_task_runner.py:79} INFO - Running: ['***', 'tasks', 'run', 'ProyectoFinal_Chumbita', 'cargar_data', 'scheduled__2023-12-28T00:00:00+00:00', '--job-id', '6', '--raw', '--subdir', 'DAGS_FOLDER/ProyectoFinal_Chumbita.py', '--cfg-path', '/tmp/tmp6_ace060', '--error-file', '/tmp/tmpuyi_mr9c']
[2023-12-29 05:16:24,214] {standard_task_runner.py:80} INFO - Job 6: Subtask cargar_data
[2023-12-29 05:16:24,371] {task_command.py:371} INFO - Running <TaskInstance: ProyectoFinal_Chumbita.cargar_data scheduled__2023-12-28T00:00:00+00:00 [running]> on host 442d8a143aec
[2023-12-29 05:16:24,467] {logging_mixin.py:115} WARNING - /home/***/.local/lib/python3.7/site-packages/***/utils/context.py:202 AirflowContextDeprecationWarning: Accessing 'execution_date' from the template is deprecated and will be removed in a future version. Please use 'data_interval_start' or 'logical_date' instead.
[2023-12-29 05:16:24,572] {taskinstance.py:1591} INFO - Exporting the following env vars:
AIRFLOW_CTX_DAG_OWNER=ArielChumbita
AIRFLOW_CTX_DAG_ID=ProyectoFinal_Chumbita
AIRFLOW_CTX_TASK_ID=cargar_data
AIRFLOW_CTX_EXECUTION_DATE=2023-12-28T00:00:00+00:00
AIRFLOW_CTX_TRY_NUMBER=1
AIRFLOW_CTX_DAG_RUN_ID=scheduled__2023-12-28T00:00:00+00:00
[2023-12-29 05:16:24,575] {logging_mixin.py:115} INFO - Cargando la data para la fecha: 2023-12-28 0
[2023-12-29 05:16:24,633] {logging_mixin.py:115} INFO - (1, 18)
[2023-12-29 05:16:24,708] {logging_mixin.py:115} INFO -   mining_algo  ...                           Date
0     SHA-256  ...  2023-12-29T05:16:15.25838946Z

[1 rows x 18 columns]
[2023-12-29 05:16:36,548] {python.py:173} INFO - Done. Returned value was: None
[2023-12-29 05:16:36,582] {taskinstance.py:1420} INFO - Marking task as SUCCESS. dag_id=ProyectoFinal_Chumbita, task_id=cargar_data, execution_date=20231228T000000, start_date=20231229T051624, end_date=20231229T051636
[2023-12-29 05:16:36,663] {local_task_job.py:156} INFO - Task exited with return code 0
[2023-12-29 05:16:36,709] {local_task_job.py:273} INFO - 0 downstream tasks scheduled from follow-on schedule check
