[2023-12-10 19:32:38,518] {taskinstance.py:1179} INFO - Dependencies all met for <TaskInstance: mi_primer_dag_v3.primera_tarea scheduled__2022-10-13T00:00:00+00:00 [queued]>
[2023-12-10 19:32:38,653] {taskinstance.py:1179} INFO - Dependencies all met for <TaskInstance: mi_primer_dag_v3.primera_tarea scheduled__2022-10-13T00:00:00+00:00 [queued]>
[2023-12-10 19:32:38,654] {taskinstance.py:1376} INFO - 
--------------------------------------------------------------------------------
[2023-12-10 19:32:38,667] {taskinstance.py:1377} INFO - Starting attempt 1 of 6
[2023-12-10 19:32:38,673] {taskinstance.py:1378} INFO - 
--------------------------------------------------------------------------------
[2023-12-10 19:32:38,992] {taskinstance.py:1397} INFO - Executing <Task(BashOperator): primera_tarea> on 2022-10-13 00:00:00+00:00
[2023-12-10 19:32:39,042] {standard_task_runner.py:52} INFO - Started process 901 to run task
[2023-12-10 19:32:39,099] {standard_task_runner.py:79} INFO - Running: ['***', 'tasks', 'run', 'mi_primer_dag_v3', 'primera_tarea', 'scheduled__2022-10-13T00:00:00+00:00', '--job-id', '211', '--raw', '--subdir', 'DAGS_FOLDER/primer_dag_v3.py', '--cfg-path', '/tmp/tmpon5f4png', '--error-file', '/tmp/tmpliz6_nli']
[2023-12-10 19:32:39,197] {standard_task_runner.py:80} INFO - Job 211: Subtask primera_tarea
[2023-12-10 19:32:40,114] {task_command.py:371} INFO - Running <TaskInstance: mi_primer_dag_v3.primera_tarea scheduled__2022-10-13T00:00:00+00:00 [running]> on host 42828894a739
[2023-12-10 19:32:41,337] {taskinstance.py:1591} INFO - Exporting the following env vars:
AIRFLOW_CTX_DAG_OWNER=DavidBU
AIRFLOW_CTX_DAG_ID=mi_primer_dag_v3
AIRFLOW_CTX_TASK_ID=primera_tarea
AIRFLOW_CTX_EXECUTION_DATE=2022-10-13T00:00:00+00:00
AIRFLOW_CTX_TRY_NUMBER=1
AIRFLOW_CTX_DAG_RUN_ID=scheduled__2022-10-13T00:00:00+00:00
[2023-12-10 19:32:41,345] {subprocess.py:62} INFO - Tmp dir root location: 
 /tmp
[2023-12-10 19:32:41,349] {subprocess.py:74} INFO - Running command: ['bash', '-c', 'echo hola mundo, esta es nuestra primera tarea!']
[2023-12-10 19:32:41,438] {subprocess.py:85} INFO - Output:
[2023-12-10 19:32:41,441] {subprocess.py:92} INFO - hola mundo, esta es nuestra primera tarea!
[2023-12-10 19:32:41,447] {subprocess.py:96} INFO - Command exited with return code 0
[2023-12-10 19:32:41,694] {taskinstance.py:1420} INFO - Marking task as SUCCESS. dag_id=mi_primer_dag_v3, task_id=primera_tarea, execution_date=20221013T000000, start_date=20231210T193238, end_date=20231210T193241
[2023-12-10 19:32:41,838] {local_task_job.py:156} INFO - Task exited with return code 0
[2023-12-10 19:32:42,228] {local_task_job.py:273} INFO - 2 downstream tasks scheduled from follow-on schedule check
