[2023-12-10 19:31:41,057] {taskinstance.py:1179} INFO - Dependencies all met for <TaskInstance: mi_primer_dag_v3.primera_tarea scheduled__2022-09-20T00:00:00+00:00 [queued]>
[2023-12-10 19:31:41,150] {taskinstance.py:1179} INFO - Dependencies all met for <TaskInstance: mi_primer_dag_v3.primera_tarea scheduled__2022-09-20T00:00:00+00:00 [queued]>
[2023-12-10 19:31:41,153] {taskinstance.py:1376} INFO - 
--------------------------------------------------------------------------------
[2023-12-10 19:31:41,155] {taskinstance.py:1377} INFO - Starting attempt 1 of 6
[2023-12-10 19:31:41,155] {taskinstance.py:1378} INFO - 
--------------------------------------------------------------------------------
[2023-12-10 19:31:41,253] {taskinstance.py:1397} INFO - Executing <Task(BashOperator): primera_tarea> on 2022-09-20 00:00:00+00:00
[2023-12-10 19:31:41,268] {standard_task_runner.py:52} INFO - Started process 684 to run task
[2023-12-10 19:31:41,302] {standard_task_runner.py:79} INFO - Running: ['***', 'tasks', 'run', 'mi_primer_dag_v3', 'primera_tarea', 'scheduled__2022-09-20T00:00:00+00:00', '--job-id', '148', '--raw', '--subdir', 'DAGS_FOLDER/primer_dag_v3.py', '--cfg-path', '/tmp/tmp4m420pq2', '--error-file', '/tmp/tmpj4vb1tr9']
[2023-12-10 19:31:41,320] {standard_task_runner.py:80} INFO - Job 148: Subtask primera_tarea
[2023-12-10 19:31:42,522] {task_command.py:371} INFO - Running <TaskInstance: mi_primer_dag_v3.primera_tarea scheduled__2022-09-20T00:00:00+00:00 [running]> on host 42828894a739
[2023-12-10 19:31:43,609] {taskinstance.py:1591} INFO - Exporting the following env vars:
AIRFLOW_CTX_DAG_OWNER=DavidBU
AIRFLOW_CTX_DAG_ID=mi_primer_dag_v3
AIRFLOW_CTX_TASK_ID=primera_tarea
AIRFLOW_CTX_EXECUTION_DATE=2022-09-20T00:00:00+00:00
AIRFLOW_CTX_TRY_NUMBER=1
AIRFLOW_CTX_DAG_RUN_ID=scheduled__2022-09-20T00:00:00+00:00
[2023-12-10 19:31:43,612] {subprocess.py:62} INFO - Tmp dir root location: 
 /tmp
[2023-12-10 19:31:43,615] {subprocess.py:74} INFO - Running command: ['bash', '-c', 'echo hola mundo, esta es nuestra primera tarea!']
[2023-12-10 19:31:43,732] {subprocess.py:85} INFO - Output:
[2023-12-10 19:31:43,737] {subprocess.py:92} INFO - hola mundo, esta es nuestra primera tarea!
[2023-12-10 19:31:43,751] {subprocess.py:96} INFO - Command exited with return code 0
[2023-12-10 19:31:44,059] {taskinstance.py:1420} INFO - Marking task as SUCCESS. dag_id=mi_primer_dag_v3, task_id=primera_tarea, execution_date=20220920T000000, start_date=20231210T193141, end_date=20231210T193144
[2023-12-10 19:31:44,452] {local_task_job.py:156} INFO - Task exited with return code 0
[2023-12-10 19:31:45,201] {local_task_job.py:273} INFO - 0 downstream tasks scheduled from follow-on schedule check
