[2023-12-10 20:21:35,288] {taskinstance.py:1179} INFO - Dependencies all met for <TaskInstance: mi_primer_dag.primer_task scheduled__2023-06-26T00:00:00+00:00 [queued]>
[2023-12-10 20:21:35,389] {taskinstance.py:1179} INFO - Dependencies all met for <TaskInstance: mi_primer_dag.primer_task scheduled__2023-06-26T00:00:00+00:00 [queued]>
[2023-12-10 20:21:35,410] {taskinstance.py:1376} INFO - 
--------------------------------------------------------------------------------
[2023-12-10 20:21:35,411] {taskinstance.py:1377} INFO - Starting attempt 1 of 6
[2023-12-10 20:21:35,420] {taskinstance.py:1378} INFO - 
--------------------------------------------------------------------------------
[2023-12-10 20:21:35,628] {taskinstance.py:1397} INFO - Executing <Task(BashOperator): primer_task> on 2023-06-26 00:00:00+00:00
[2023-12-10 20:21:35,655] {standard_task_runner.py:52} INFO - Started process 1170 to run task
[2023-12-10 20:21:35,671] {standard_task_runner.py:79} INFO - Running: ['***', 'tasks', 'run', 'mi_primer_dag', 'primer_task', 'scheduled__2023-06-26T00:00:00+00:00', '--job-id', '1937', '--raw', '--subdir', 'DAGS_FOLDER/mi_primer_dag.py', '--cfg-path', '/tmp/tmpoc4l4ud7', '--error-file', '/tmp/tmpvaz72slu']
[2023-12-10 20:21:35,675] {standard_task_runner.py:80} INFO - Job 1937: Subtask primer_task
[2023-12-10 20:21:36,438] {task_command.py:371} INFO - Running <TaskInstance: mi_primer_dag.primer_task scheduled__2023-06-26T00:00:00+00:00 [running]> on host 42828894a739
[2023-12-10 20:21:37,327] {taskinstance.py:1591} INFO - Exporting the following env vars:
AIRFLOW_CTX_DAG_OWNER=DavidBU
AIRFLOW_CTX_DAG_ID=mi_primer_dag
AIRFLOW_CTX_TASK_ID=primer_task
AIRFLOW_CTX_EXECUTION_DATE=2023-06-26T00:00:00+00:00
AIRFLOW_CTX_TRY_NUMBER=1
AIRFLOW_CTX_DAG_RUN_ID=scheduled__2023-06-26T00:00:00+00:00
[2023-12-10 20:21:37,334] {subprocess.py:62} INFO - Tmp dir root location: 
 /tmp
[2023-12-10 20:21:37,337] {subprocess.py:74} INFO - Running command: ['bash', '-c', 'echo hola mundo, esta es nuestra primera tarea usando bash operator!']
[2023-12-10 20:21:37,376] {subprocess.py:85} INFO - Output:
[2023-12-10 20:21:37,381] {subprocess.py:92} INFO - hola mundo, esta es nuestra primera tarea usando bash operator!
[2023-12-10 20:21:37,382] {subprocess.py:96} INFO - Command exited with return code 0
[2023-12-10 20:21:37,557] {taskinstance.py:1420} INFO - Marking task as SUCCESS. dag_id=mi_primer_dag, task_id=primer_task, execution_date=20230626T000000, start_date=20231210T202135, end_date=20231210T202137
[2023-12-10 20:21:37,638] {local_task_job.py:156} INFO - Task exited with return code 0
[2023-12-10 20:21:37,777] {local_task_job.py:273} INFO - 0 downstream tasks scheduled from follow-on schedule check
