[2023-12-10 20:20:22,317] {taskinstance.py:1179} INFO - Dependencies all met for <TaskInstance: mi_primer_dar_con_PythonOperator.aloha_david scheduled__2022-10-13T00:00:00+00:00 [queued]>
[2023-12-10 20:20:22,465] {taskinstance.py:1179} INFO - Dependencies all met for <TaskInstance: mi_primer_dar_con_PythonOperator.aloha_david scheduled__2022-10-13T00:00:00+00:00 [queued]>
[2023-12-10 20:20:22,471] {taskinstance.py:1376} INFO - 
--------------------------------------------------------------------------------
[2023-12-10 20:20:22,481] {taskinstance.py:1377} INFO - Starting attempt 1 of 6
[2023-12-10 20:20:22,482] {taskinstance.py:1378} INFO - 
--------------------------------------------------------------------------------
[2023-12-10 20:20:22,563] {taskinstance.py:1397} INFO - Executing <Task(PythonOperator): aloha_david> on 2022-10-13 00:00:00+00:00
[2023-12-10 20:20:22,579] {standard_task_runner.py:52} INFO - Started process 854 to run task
[2023-12-10 20:20:22,595] {standard_task_runner.py:79} INFO - Running: ['***', 'tasks', 'run', 'mi_primer_dar_con_PythonOperator', 'aloha_david', 'scheduled__2022-10-13T00:00:00+00:00', '--job-id', '1848', '--raw', '--subdir', 'DAGS_FOLDER/mi_primer_dag_pythonoperator.py', '--cfg-path', '/tmp/tmpx65p_jjw', '--error-file', '/tmp/tmpzxiifkvt']
[2023-12-10 20:20:22,599] {standard_task_runner.py:80} INFO - Job 1848: Subtask aloha_david
[2023-12-10 20:20:23,323] {task_command.py:371} INFO - Running <TaskInstance: mi_primer_dar_con_PythonOperator.aloha_david scheduled__2022-10-13T00:00:00+00:00 [running]> on host 42828894a739
[2023-12-10 20:20:24,149] {taskinstance.py:1591} INFO - Exporting the following env vars:
AIRFLOW_CTX_DAG_OWNER=DavidBU
AIRFLOW_CTX_DAG_ID=mi_primer_dar_con_PythonOperator
AIRFLOW_CTX_TASK_ID=aloha_david
AIRFLOW_CTX_EXECUTION_DATE=2022-10-13T00:00:00+00:00
AIRFLOW_CTX_TRY_NUMBER=1
AIRFLOW_CTX_DAG_RUN_ID=scheduled__2022-10-13T00:00:00+00:00
[2023-12-10 20:20:24,156] {logging_mixin.py:115} INFO - Aloha Mundo soy yo!
[2023-12-10 20:20:24,157] {python.py:173} INFO - Done. Returned value was: None
[2023-12-10 20:20:24,261] {taskinstance.py:1420} INFO - Marking task as SUCCESS. dag_id=mi_primer_dar_con_PythonOperator, task_id=aloha_david, execution_date=20221013T000000, start_date=20231210T202022, end_date=20231210T202024
[2023-12-10 20:20:24,398] {local_task_job.py:156} INFO - Task exited with return code 0
[2023-12-10 20:20:24,694] {local_task_job.py:273} INFO - 0 downstream tasks scheduled from follow-on schedule check
