[2023-12-29 05:05:22,440] {processor.py:153} INFO - Started process (PID=169) to work on /opt/airflow/dags/dag_smtp_emails.py
[2023-12-29 05:05:22,449] {processor.py:641} INFO - Processing file /opt/airflow/dags/dag_smtp_emails.py for tasks to queue
[2023-12-29 05:05:22,451] {logging_mixin.py:115} INFO - [2023-12-29 05:05:22,451] {dagbag.py:508} INFO - Filling up the DagBag from /opt/airflow/dags/dag_smtp_emails.py
[2023-12-29 05:05:22,657] {processor.py:651} INFO - DAG(s) dict_keys(['dag_smtp_email_automatico']) retrieved from /opt/airflow/dags/dag_smtp_emails.py
[2023-12-29 05:05:23,421] {logging_mixin.py:115} INFO - [2023-12-29 05:05:23,421] {manager.py:508} INFO - Created Permission View: can read on DAG:dag_smtp_email_automatico
[2023-12-29 05:05:23,544] {logging_mixin.py:115} INFO - [2023-12-29 05:05:23,544] {manager.py:508} INFO - Created Permission View: can edit on DAG:dag_smtp_email_automatico
[2023-12-29 05:05:23,660] {logging_mixin.py:115} INFO - [2023-12-29 05:05:23,660] {manager.py:508} INFO - Created Permission View: can delete on DAG:dag_smtp_email_automatico
[2023-12-29 05:05:23,689] {logging_mixin.py:115} INFO - [2023-12-29 05:05:23,689] {dag.py:2420} INFO - Sync 1 DAGs
[2023-12-29 05:05:23,849] {logging_mixin.py:115} INFO - [2023-12-29 05:05:23,849] {dag.py:2439} INFO - Creating ORM DAG for dag_smtp_email_automatico
[2023-12-29 05:05:24,335] {logging_mixin.py:115} INFO - [2023-12-29 05:05:24,333] {dag.py:2972} INFO - Setting next_dagrun for dag_smtp_email_automatico to 2023-05-17T00:00:00+00:00, run_after=2023-05-18T00:00:00+00:00
[2023-12-29 05:05:24,831] {processor.py:161} INFO - Processing /opt/airflow/dags/dag_smtp_emails.py took 2.400 seconds
[2023-12-29 05:05:35,544] {processor.py:153} INFO - Started process (PID=183) to work on /opt/airflow/dags/dag_smtp_emails.py
[2023-12-29 05:05:35,546] {processor.py:641} INFO - Processing file /opt/airflow/dags/dag_smtp_emails.py for tasks to queue
[2023-12-29 05:05:35,551] {logging_mixin.py:115} INFO - [2023-12-29 05:05:35,551] {dagbag.py:508} INFO - Filling up the DagBag from /opt/airflow/dags/dag_smtp_emails.py
[2023-12-29 05:05:35,822] {processor.py:651} INFO - DAG(s) dict_keys(['dag_smtp_email_automatico']) retrieved from /opt/airflow/dags/dag_smtp_emails.py
[2023-12-29 05:05:36,385] {logging_mixin.py:115} INFO - [2023-12-29 05:05:36,384] {dag.py:2420} INFO - Sync 1 DAGs
[2023-12-29 05:05:36,860] {logging_mixin.py:115} INFO - [2023-12-29 05:05:36,860] {dag.py:2972} INFO - Setting next_dagrun for dag_smtp_email_automatico to 2023-05-17T00:00:00+00:00, run_after=2023-05-18T00:00:00+00:00
[2023-12-29 05:05:36,923] {processor.py:161} INFO - Processing /opt/airflow/dags/dag_smtp_emails.py took 1.511 seconds
[2023-12-29 05:05:47,840] {processor.py:153} INFO - Started process (PID=195) to work on /opt/airflow/dags/dag_smtp_emails.py
[2023-12-29 05:05:47,854] {processor.py:641} INFO - Processing file /opt/airflow/dags/dag_smtp_emails.py for tasks to queue
[2023-12-29 05:05:47,861] {logging_mixin.py:115} INFO - [2023-12-29 05:05:47,861] {dagbag.py:508} INFO - Filling up the DagBag from /opt/airflow/dags/dag_smtp_emails.py
[2023-12-29 05:05:48,092] {processor.py:651} INFO - DAG(s) dict_keys(['dag_smtp_email_automatico']) retrieved from /opt/airflow/dags/dag_smtp_emails.py
[2023-12-29 05:05:49,160] {logging_mixin.py:115} INFO - [2023-12-29 05:05:49,160] {dag.py:2420} INFO - Sync 1 DAGs
[2023-12-29 05:05:49,826] {logging_mixin.py:115} INFO - [2023-12-29 05:05:49,826] {dag.py:2972} INFO - Setting next_dagrun for dag_smtp_email_automatico to 2023-05-17T00:00:00+00:00, run_after=2023-05-18T00:00:00+00:00
[2023-12-29 05:05:50,081] {processor.py:161} INFO - Processing /opt/airflow/dags/dag_smtp_emails.py took 2.589 seconds
[2023-12-29 05:06:01,140] {processor.py:153} INFO - Started process (PID=209) to work on /opt/airflow/dags/dag_smtp_emails.py
[2023-12-29 05:06:01,193] {processor.py:641} INFO - Processing file /opt/airflow/dags/dag_smtp_emails.py for tasks to queue
[2023-12-29 05:06:01,277] {logging_mixin.py:115} INFO - [2023-12-29 05:06:01,253] {dagbag.py:508} INFO - Filling up the DagBag from /opt/airflow/dags/dag_smtp_emails.py
[2023-12-29 05:06:02,313] {processor.py:651} INFO - DAG(s) dict_keys(['dag_smtp_email_automatico']) retrieved from /opt/airflow/dags/dag_smtp_emails.py
[2023-12-29 05:06:03,983] {logging_mixin.py:115} INFO - [2023-12-29 05:06:03,983] {dag.py:2420} INFO - Sync 1 DAGs
[2023-12-29 05:06:04,934] {logging_mixin.py:115} INFO - [2023-12-29 05:06:04,934] {dag.py:2972} INFO - Setting next_dagrun for dag_smtp_email_automatico to 2023-05-17T00:00:00+00:00, run_after=2023-05-18T00:00:00+00:00
[2023-12-29 05:06:05,016] {processor.py:161} INFO - Processing /opt/airflow/dags/dag_smtp_emails.py took 3.882 seconds
[2023-12-29 05:06:15,384] {processor.py:153} INFO - Started process (PID=221) to work on /opt/airflow/dags/dag_smtp_emails.py
[2023-12-29 05:06:15,386] {processor.py:641} INFO - Processing file /opt/airflow/dags/dag_smtp_emails.py for tasks to queue
[2023-12-29 05:06:15,388] {logging_mixin.py:115} INFO - [2023-12-29 05:06:15,388] {dagbag.py:508} INFO - Filling up the DagBag from /opt/airflow/dags/dag_smtp_emails.py
[2023-12-29 05:06:15,487] {processor.py:651} INFO - DAG(s) dict_keys(['dag_smtp_email_automatico']) retrieved from /opt/airflow/dags/dag_smtp_emails.py
[2023-12-29 05:06:15,714] {logging_mixin.py:115} INFO - [2023-12-29 05:06:15,713] {dag.py:2420} INFO - Sync 1 DAGs
[2023-12-29 05:06:15,952] {logging_mixin.py:115} INFO - [2023-12-29 05:06:15,951] {dag.py:2972} INFO - Setting next_dagrun for dag_smtp_email_automatico to 2023-05-17T00:00:00+00:00, run_after=2023-05-18T00:00:00+00:00
[2023-12-29 05:06:16,002] {processor.py:161} INFO - Processing /opt/airflow/dags/dag_smtp_emails.py took 0.632 seconds
[2023-12-29 05:06:26,909] {processor.py:153} INFO - Started process (PID=237) to work on /opt/airflow/dags/dag_smtp_emails.py
[2023-12-29 05:06:26,919] {processor.py:641} INFO - Processing file /opt/airflow/dags/dag_smtp_emails.py for tasks to queue
[2023-12-29 05:06:26,939] {logging_mixin.py:115} INFO - [2023-12-29 05:06:26,939] {dagbag.py:508} INFO - Filling up the DagBag from /opt/airflow/dags/dag_smtp_emails.py
[2023-12-29 05:06:27,084] {processor.py:651} INFO - DAG(s) dict_keys(['dag_smtp_email_automatico']) retrieved from /opt/airflow/dags/dag_smtp_emails.py
[2023-12-29 05:06:27,915] {logging_mixin.py:115} INFO - [2023-12-29 05:06:27,915] {dag.py:2420} INFO - Sync 1 DAGs
[2023-12-29 05:06:28,208] {logging_mixin.py:115} INFO - [2023-12-29 05:06:28,207] {dag.py:2972} INFO - Setting next_dagrun for dag_smtp_email_automatico to 2023-05-17T00:00:00+00:00, run_after=2023-05-18T00:00:00+00:00
[2023-12-29 05:06:28,368] {processor.py:161} INFO - Processing /opt/airflow/dags/dag_smtp_emails.py took 1.450 seconds
[2023-12-29 05:06:40,548] {processor.py:153} INFO - Started process (PID=251) to work on /opt/airflow/dags/dag_smtp_emails.py
[2023-12-29 05:06:40,581] {processor.py:641} INFO - Processing file /opt/airflow/dags/dag_smtp_emails.py for tasks to queue
[2023-12-29 05:06:40,773] {logging_mixin.py:115} INFO - [2023-12-29 05:06:40,773] {dagbag.py:508} INFO - Filling up the DagBag from /opt/airflow/dags/dag_smtp_emails.py
[2023-12-29 05:06:42,364] {processor.py:651} INFO - DAG(s) dict_keys(['dag_smtp_email_automatico']) retrieved from /opt/airflow/dags/dag_smtp_emails.py
[2023-12-29 05:06:44,301] {logging_mixin.py:115} INFO - [2023-12-29 05:06:44,300] {dag.py:2420} INFO - Sync 1 DAGs
[2023-12-29 05:06:45,794] {logging_mixin.py:115} INFO - [2023-12-29 05:06:45,794] {dag.py:2972} INFO - Setting next_dagrun for dag_smtp_email_automatico to 2023-05-17T00:00:00+00:00, run_after=2023-05-18T00:00:00+00:00
[2023-12-29 05:06:46,305] {processor.py:161} INFO - Processing /opt/airflow/dags/dag_smtp_emails.py took 6.027 seconds
[2023-12-29 05:07:00,485] {processor.py:153} INFO - Started process (PID=266) to work on /opt/airflow/dags/dag_smtp_emails.py
[2023-12-29 05:07:00,523] {processor.py:641} INFO - Processing file /opt/airflow/dags/dag_smtp_emails.py for tasks to queue
[2023-12-29 05:07:00,528] {logging_mixin.py:115} INFO - [2023-12-29 05:07:00,528] {dagbag.py:508} INFO - Filling up the DagBag from /opt/airflow/dags/dag_smtp_emails.py
[2023-12-29 05:07:01,649] {processor.py:651} INFO - DAG(s) dict_keys(['dag_smtp_email_automatico']) retrieved from /opt/airflow/dags/dag_smtp_emails.py
[2023-12-29 05:07:08,009] {logging_mixin.py:115} INFO - [2023-12-29 05:07:08,009] {dag.py:2420} INFO - Sync 1 DAGs
[2023-12-29 05:07:11,550] {logging_mixin.py:115} INFO - [2023-12-29 05:07:11,548] {dag.py:2972} INFO - Setting next_dagrun for dag_smtp_email_automatico to 2023-05-17T00:00:00+00:00, run_after=2023-05-18T00:00:00+00:00
[2023-12-29 05:07:11,982] {processor.py:161} INFO - Processing /opt/airflow/dags/dag_smtp_emails.py took 11.876 seconds
[2023-12-29 05:07:23,741] {processor.py:153} INFO - Started process (PID=277) to work on /opt/airflow/dags/dag_smtp_emails.py
[2023-12-29 05:07:23,835] {processor.py:641} INFO - Processing file /opt/airflow/dags/dag_smtp_emails.py for tasks to queue
[2023-12-29 05:07:23,907] {logging_mixin.py:115} INFO - [2023-12-29 05:07:23,906] {dagbag.py:508} INFO - Filling up the DagBag from /opt/airflow/dags/dag_smtp_emails.py
[2023-12-29 05:07:25,851] {processor.py:651} INFO - DAG(s) dict_keys(['dag_smtp_email_automatico']) retrieved from /opt/airflow/dags/dag_smtp_emails.py
[2023-12-29 05:07:31,358] {logging_mixin.py:115} INFO - [2023-12-29 05:07:31,358] {dag.py:2420} INFO - Sync 1 DAGs
[2023-12-29 05:07:33,668] {logging_mixin.py:115} INFO - [2023-12-29 05:07:33,665] {dag.py:2972} INFO - Setting next_dagrun for dag_smtp_email_automatico to 2023-05-17T00:00:00+00:00, run_after=2023-05-18T00:00:00+00:00
[2023-12-29 05:07:34,289] {processor.py:161} INFO - Processing /opt/airflow/dags/dag_smtp_emails.py took 10.901 seconds
[2023-12-29 05:07:47,465] {processor.py:153} INFO - Started process (PID=287) to work on /opt/airflow/dags/dag_smtp_emails.py
[2023-12-29 05:07:47,490] {processor.py:641} INFO - Processing file /opt/airflow/dags/dag_smtp_emails.py for tasks to queue
[2023-12-29 05:07:47,523] {logging_mixin.py:115} INFO - [2023-12-29 05:07:47,523] {dagbag.py:508} INFO - Filling up the DagBag from /opt/airflow/dags/dag_smtp_emails.py
[2023-12-29 05:07:48,981] {processor.py:651} INFO - DAG(s) dict_keys(['dag_smtp_email_automatico']) retrieved from /opt/airflow/dags/dag_smtp_emails.py
[2023-12-29 05:07:51,673] {logging_mixin.py:115} INFO - [2023-12-29 05:07:51,673] {dag.py:2420} INFO - Sync 1 DAGs
[2023-12-29 05:08:01,534] {logging_mixin.py:115} INFO - [2023-12-29 05:08:01,533] {dag.py:2972} INFO - Setting next_dagrun for dag_smtp_email_automatico to 2023-12-28T00:00:00+00:00, run_after=2023-12-29T00:00:00+00:00
[2023-12-29 05:08:03,420] {processor.py:161} INFO - Processing /opt/airflow/dags/dag_smtp_emails.py took 16.631 seconds
[2023-12-29 05:08:25,554] {processor.py:153} INFO - Started process (PID=301) to work on /opt/airflow/dags/dag_smtp_emails.py
[2023-12-29 05:08:25,638] {processor.py:641} INFO - Processing file /opt/airflow/dags/dag_smtp_emails.py for tasks to queue
[2023-12-29 05:08:25,724] {logging_mixin.py:115} INFO - [2023-12-29 05:08:25,723] {dagbag.py:508} INFO - Filling up the DagBag from /opt/airflow/dags/dag_smtp_emails.py
[2023-12-29 05:08:26,425] {processor.py:651} INFO - DAG(s) dict_keys(['ProyectoFinal_Mail_Chumbita']) retrieved from /opt/airflow/dags/dag_smtp_emails.py
[2023-12-29 05:08:30,322] {logging_mixin.py:115} INFO - [2023-12-29 05:08:30,321] {manager.py:508} INFO - Created Permission View: can read on DAG:ProyectoFinal_Mail_Chumbita
[2023-12-29 05:08:30,423] {logging_mixin.py:115} INFO - [2023-12-29 05:08:30,422] {manager.py:508} INFO - Created Permission View: can edit on DAG:ProyectoFinal_Mail_Chumbita
[2023-12-29 05:08:30,970] {logging_mixin.py:115} INFO - [2023-12-29 05:08:30,969] {manager.py:508} INFO - Created Permission View: can delete on DAG:ProyectoFinal_Mail_Chumbita
[2023-12-29 05:08:30,975] {logging_mixin.py:115} INFO - [2023-12-29 05:08:30,975] {dag.py:2420} INFO - Sync 1 DAGs
[2023-12-29 05:08:31,227] {logging_mixin.py:115} INFO - [2023-12-29 05:08:31,227] {dag.py:2439} INFO - Creating ORM DAG for ProyectoFinal_Mail_Chumbita
[2023-12-29 05:08:32,193] {logging_mixin.py:115} INFO - [2023-12-29 05:08:32,193] {dag.py:2972} INFO - Setting next_dagrun for ProyectoFinal_Mail_Chumbita to 2023-12-28T00:00:00+00:00, run_after=2023-12-29T00:00:00+00:00
[2023-12-29 05:08:32,592] {processor.py:161} INFO - Processing /opt/airflow/dags/dag_smtp_emails.py took 7.100 seconds
[2023-12-29 05:08:37,233] {processor.py:153} INFO - Started process (PID=306) to work on /opt/airflow/dags/dag_smtp_emails.py
[2023-12-29 05:08:37,235] {processor.py:641} INFO - Processing file /opt/airflow/dags/dag_smtp_emails.py for tasks to queue
[2023-12-29 05:08:37,245] {logging_mixin.py:115} INFO - [2023-12-29 05:08:37,237] {dagbag.py:508} INFO - Filling up the DagBag from /opt/airflow/dags/dag_smtp_emails.py
[2023-12-29 05:08:37,821] {processor.py:651} INFO - DAG(s) dict_keys(['ProyectoFinal_Mail_Chumbita']) retrieved from /opt/airflow/dags/dag_smtp_emails.py
[2023-12-29 05:08:38,532] {logging_mixin.py:115} INFO - [2023-12-29 05:08:38,532] {dag.py:2420} INFO - Sync 1 DAGs
[2023-12-29 05:08:38,803] {logging_mixin.py:115} INFO - [2023-12-29 05:08:38,802] {dag.py:2972} INFO - Setting next_dagrun for ProyectoFinal_Mail_Chumbita to 2023-12-28T00:00:00+00:00, run_after=2023-12-29T00:00:00+00:00
[2023-12-29 05:08:39,372] {processor.py:161} INFO - Processing /opt/airflow/dags/dag_smtp_emails.py took 2.158 seconds
[2023-12-29 05:08:50,097] {processor.py:153} INFO - Started process (PID=320) to work on /opt/airflow/dags/dag_smtp_emails.py
[2023-12-29 05:08:50,124] {processor.py:641} INFO - Processing file /opt/airflow/dags/dag_smtp_emails.py for tasks to queue
[2023-12-29 05:08:50,134] {logging_mixin.py:115} INFO - [2023-12-29 05:08:50,134] {dagbag.py:508} INFO - Filling up the DagBag from /opt/airflow/dags/dag_smtp_emails.py
[2023-12-29 05:08:50,702] {processor.py:651} INFO - DAG(s) dict_keys(['ProyectoFinal_Mail_Chumbita']) retrieved from /opt/airflow/dags/dag_smtp_emails.py
[2023-12-29 05:08:51,463] {logging_mixin.py:115} INFO - [2023-12-29 05:08:51,463] {dag.py:2420} INFO - Sync 1 DAGs
[2023-12-29 05:08:52,089] {logging_mixin.py:115} INFO - [2023-12-29 05:08:52,086] {dag.py:2972} INFO - Setting next_dagrun for ProyectoFinal_Mail_Chumbita to 2023-12-28T00:00:00+00:00, run_after=2023-12-29T00:00:00+00:00
[2023-12-29 05:08:52,683] {processor.py:161} INFO - Processing /opt/airflow/dags/dag_smtp_emails.py took 2.680 seconds
[2023-12-29 05:09:03,226] {processor.py:153} INFO - Started process (PID=332) to work on /opt/airflow/dags/dag_smtp_emails.py
[2023-12-29 05:09:03,242] {processor.py:641} INFO - Processing file /opt/airflow/dags/dag_smtp_emails.py for tasks to queue
[2023-12-29 05:09:03,244] {logging_mixin.py:115} INFO - [2023-12-29 05:09:03,243] {dagbag.py:508} INFO - Filling up the DagBag from /opt/airflow/dags/dag_smtp_emails.py
[2023-12-29 05:09:03,455] {processor.py:651} INFO - DAG(s) dict_keys(['ProyectoFinal_Mail_Chumbita']) retrieved from /opt/airflow/dags/dag_smtp_emails.py
[2023-12-29 05:09:03,639] {logging_mixin.py:115} INFO - [2023-12-29 05:09:03,639] {dag.py:2420} INFO - Sync 1 DAGs
[2023-12-29 05:09:03,872] {logging_mixin.py:115} INFO - [2023-12-29 05:09:03,871] {dag.py:2972} INFO - Setting next_dagrun for ProyectoFinal_Mail_Chumbita to 2023-12-28T00:00:00+00:00, run_after=2023-12-29T00:00:00+00:00
[2023-12-29 05:09:04,039] {processor.py:161} INFO - Processing /opt/airflow/dags/dag_smtp_emails.py took 0.831 seconds
