[2023-12-10 19:36:37,970] {taskinstance.py:1179} INFO - Dependencies all met for <TaskInstance: mi_primer_dag_v3.tercera_tarea scheduled__2023-01-03T00:00:00+00:00 [queued]>
[2023-12-10 19:36:38,017] {taskinstance.py:1179} INFO - Dependencies all met for <TaskInstance: mi_primer_dag_v3.tercera_tarea scheduled__2023-01-03T00:00:00+00:00 [queued]>
[2023-12-10 19:36:38,020] {taskinstance.py:1376} INFO - 
--------------------------------------------------------------------------------
[2023-12-10 19:36:38,024] {taskinstance.py:1377} INFO - Starting attempt 1 of 6
[2023-12-10 19:36:38,024] {taskinstance.py:1378} INFO - 
--------------------------------------------------------------------------------
[2023-12-10 19:36:38,110] {taskinstance.py:1397} INFO - Executing <Task(BashOperator): tercera_tarea> on 2023-01-03 00:00:00+00:00
[2023-12-10 19:36:38,143] {standard_task_runner.py:52} INFO - Started process 1777 to run task
[2023-12-10 19:36:38,150] {standard_task_runner.py:79} INFO - Running: ['***', 'tasks', 'run', 'mi_primer_dag_v3', 'tercera_tarea', 'scheduled__2023-01-03T00:00:00+00:00', '--job-id', '471', '--raw', '--subdir', 'DAGS_FOLDER/primer_dag_v3.py', '--cfg-path', '/tmp/tmp7q30n8_z', '--error-file', '/tmp/tmpxgm7e507']
[2023-12-10 19:36:38,153] {standard_task_runner.py:80} INFO - Job 471: Subtask tercera_tarea
[2023-12-10 19:36:38,818] {task_command.py:371} INFO - Running <TaskInstance: mi_primer_dag_v3.tercera_tarea scheduled__2023-01-03T00:00:00+00:00 [running]> on host 42828894a739
[2023-12-10 19:36:39,192] {taskinstance.py:1591} INFO - Exporting the following env vars:
AIRFLOW_CTX_DAG_OWNER=DavidBU
AIRFLOW_CTX_DAG_ID=mi_primer_dag_v3
AIRFLOW_CTX_TASK_ID=tercera_tarea
AIRFLOW_CTX_EXECUTION_DATE=2023-01-03T00:00:00+00:00
AIRFLOW_CTX_TRY_NUMBER=1
AIRFLOW_CTX_DAG_RUN_ID=scheduled__2023-01-03T00:00:00+00:00
[2023-12-10 19:36:39,201] {subprocess.py:62} INFO - Tmp dir root location: 
 /tmp
[2023-12-10 19:36:39,212] {subprocess.py:74} INFO - Running command: ['bash', '-c', 'echo hola, soy la tarea 3 y sere corrida luego de Tarea 1 al mismo tiempo que Tarea 2']
[2023-12-10 19:36:39,247] {subprocess.py:85} INFO - Output:
[2023-12-10 19:36:39,263] {subprocess.py:92} INFO - hola, soy la tarea 3 y sere corrida luego de Tarea 1 al mismo tiempo que Tarea 2
[2023-12-10 19:36:39,264] {subprocess.py:96} INFO - Command exited with return code 0
[2023-12-10 19:36:39,745] {taskinstance.py:1420} INFO - Marking task as SUCCESS. dag_id=mi_primer_dag_v3, task_id=tercera_tarea, execution_date=20230103T000000, start_date=20231210T193637, end_date=20231210T193639
[2023-12-10 19:36:40,111] {local_task_job.py:156} INFO - Task exited with return code 0
[2023-12-10 19:36:40,478] {local_task_job.py:273} INFO - 0 downstream tasks scheduled from follow-on schedule check
