[2023-12-21 02:22:39,230] {taskinstance.py:1179} INFO - Dependencies all met for <TaskInstance: mi_primer_dag_v4.primera_tarea scheduled__2023-12-18T00:00:00+00:00 [queued]>
[2023-12-21 02:22:39,647] {taskinstance.py:1179} INFO - Dependencies all met for <TaskInstance: mi_primer_dag_v4.primera_tarea scheduled__2023-12-18T00:00:00+00:00 [queued]>
[2023-12-21 02:22:39,652] {taskinstance.py:1376} INFO - 
--------------------------------------------------------------------------------
[2023-12-21 02:22:39,655] {taskinstance.py:1377} INFO - Starting attempt 1 of 6
[2023-12-21 02:22:39,661] {taskinstance.py:1378} INFO - 
--------------------------------------------------------------------------------
[2023-12-21 02:22:40,200] {taskinstance.py:1397} INFO - Executing <Task(BashOperator): primera_tarea> on 2023-12-18 00:00:00+00:00
[2023-12-21 02:22:40,413] {standard_task_runner.py:52} INFO - Started process 290 to run task
[2023-12-21 02:22:40,459] {standard_task_runner.py:79} INFO - Running: ['***', 'tasks', 'run', 'mi_primer_dag_v4', 'primera_tarea', 'scheduled__2023-12-18T00:00:00+00:00', '--job-id', '135', '--raw', '--subdir', 'DAGS_FOLDER/primer_dag.py', '--cfg-path', '/tmp/tmpcdgj3dgt', '--error-file', '/tmp/tmp_v1kwhws']
[2023-12-21 02:22:40,523] {standard_task_runner.py:80} INFO - Job 135: Subtask primera_tarea
[2023-12-21 02:22:42,140] {task_command.py:371} INFO - Running <TaskInstance: mi_primer_dag_v4.primera_tarea scheduled__2023-12-18T00:00:00+00:00 [running]> on host de0a7ae97836
[2023-12-21 02:22:45,723] {taskinstance.py:1591} INFO - Exporting the following env vars:
AIRFLOW_CTX_DAG_OWNER=DavidBU
AIRFLOW_CTX_DAG_ID=mi_primer_dag_v4
AIRFLOW_CTX_TASK_ID=primera_tarea
AIRFLOW_CTX_EXECUTION_DATE=2023-12-18T00:00:00+00:00
AIRFLOW_CTX_TRY_NUMBER=1
AIRFLOW_CTX_DAG_RUN_ID=scheduled__2023-12-18T00:00:00+00:00
[2023-12-21 02:22:45,842] {subprocess.py:62} INFO - Tmp dir root location: 
 /tmp
[2023-12-21 02:22:45,850] {subprocess.py:74} INFO - Running command: ['bash', '-c', 'echo Chile']
[2023-12-21 02:22:46,162] {subprocess.py:85} INFO - Output:
[2023-12-21 02:22:46,247] {subprocess.py:92} INFO - Chile
[2023-12-21 02:22:46,248] {subprocess.py:96} INFO - Command exited with return code 0
