[2023-12-21 03:21:37,384] {taskinstance.py:1179} INFO - Dependencies all met for <TaskInstance: mi_primer_dag_v4.primera_tarea scheduled__2023-12-18T00:00:00+00:00 [queued]>
[2023-12-21 03:21:37,899] {taskinstance.py:1179} INFO - Dependencies all met for <TaskInstance: mi_primer_dag_v4.primera_tarea scheduled__2023-12-18T00:00:00+00:00 [queued]>
[2023-12-21 03:21:37,903] {taskinstance.py:1376} INFO - 
--------------------------------------------------------------------------------
[2023-12-21 03:21:37,905] {taskinstance.py:1377} INFO - Starting attempt 2 of 6
[2023-12-21 03:21:37,923] {taskinstance.py:1378} INFO - 
--------------------------------------------------------------------------------
[2023-12-21 03:21:38,635] {taskinstance.py:1397} INFO - Executing <Task(BashOperator): primera_tarea> on 2023-12-18 00:00:00+00:00
[2023-12-21 03:21:38,845] {standard_task_runner.py:52} INFO - Started process 220 to run task
[2023-12-21 03:21:39,119] {standard_task_runner.py:79} INFO - Running: ['***', 'tasks', 'run', 'mi_primer_dag_v4', 'primera_tarea', 'scheduled__2023-12-18T00:00:00+00:00', '--job-id', '158', '--raw', '--subdir', 'DAGS_FOLDER/primer_dag.py', '--cfg-path', '/tmp/tmp6czetxp1', '--error-file', '/tmp/tmprojksn3_']
[2023-12-21 03:21:39,182] {standard_task_runner.py:80} INFO - Job 158: Subtask primera_tarea
[2023-12-21 03:21:51,142] {task_command.py:371} INFO - Running <TaskInstance: mi_primer_dag_v4.primera_tarea scheduled__2023-12-18T00:00:00+00:00 [running]> on host b0993ec57291
[2023-12-21 03:21:57,839] {taskinstance.py:1591} INFO - Exporting the following env vars:
AIRFLOW_CTX_DAG_OWNER=DavidBU
AIRFLOW_CTX_DAG_ID=mi_primer_dag_v4
AIRFLOW_CTX_TASK_ID=primera_tarea
AIRFLOW_CTX_EXECUTION_DATE=2023-12-18T00:00:00+00:00
AIRFLOW_CTX_TRY_NUMBER=2
AIRFLOW_CTX_DAG_RUN_ID=scheduled__2023-12-18T00:00:00+00:00
[2023-12-21 03:21:57,845] {subprocess.py:62} INFO - Tmp dir root location: 
 /tmp
[2023-12-21 03:21:57,849] {subprocess.py:74} INFO - Running command: ['bash', '-c', 'echo Chile']
[2023-12-21 03:21:58,945] {subprocess.py:85} INFO - Output:
[2023-12-21 03:21:59,013] {subprocess.py:92} INFO - Chile
[2023-12-21 03:21:59,016] {subprocess.py:96} INFO - Command exited with return code 0
[2023-12-21 03:23:09,590] {taskinstance.py:1420} INFO - Marking task as SUCCESS. dag_id=mi_primer_dag_v4, task_id=primera_tarea, execution_date=20231218T000000, start_date=20231221T032137, end_date=20231221T032309
[2023-12-21 03:23:10,577] {local_task_job.py:156} INFO - Task exited with return code 0
[2023-12-21 03:23:20,319] {local_task_job.py:273} INFO - 0 downstream tasks scheduled from follow-on schedule check
