[2023-12-10 19:46:03,451] {taskinstance.py:1179} INFO - Dependencies all met for <TaskInstance: mi_primer_dag_v3.primera_tarea scheduled__2023-09-01T00:00:00+00:00 [queued]>
[2023-12-10 19:46:03,580] {taskinstance.py:1179} INFO - Dependencies all met for <TaskInstance: mi_primer_dag_v3.primera_tarea scheduled__2023-09-01T00:00:00+00:00 [queued]>
[2023-12-10 19:46:03,583] {taskinstance.py:1376} INFO - 
--------------------------------------------------------------------------------
[2023-12-10 19:46:03,584] {taskinstance.py:1377} INFO - Starting attempt 1 of 6
[2023-12-10 19:46:03,586] {taskinstance.py:1378} INFO - 
--------------------------------------------------------------------------------
[2023-12-10 19:46:03,744] {taskinstance.py:1397} INFO - Executing <Task(BashOperator): primera_tarea> on 2023-09-01 00:00:00+00:00
[2023-12-10 19:46:03,769] {standard_task_runner.py:52} INFO - Started process 4142 to run task
[2023-12-10 19:46:03,825] {standard_task_runner.py:79} INFO - Running: ['***', 'tasks', 'run', 'mi_primer_dag_v3', 'primera_tarea', 'scheduled__2023-09-01T00:00:00+00:00', '--job-id', '1180', '--raw', '--subdir', 'DAGS_FOLDER/primer_dag_v3.py', '--cfg-path', '/tmp/tmph9_pe4rb', '--error-file', '/tmp/tmp3v3prkc9']
[2023-12-10 19:46:03,854] {standard_task_runner.py:80} INFO - Job 1180: Subtask primera_tarea
[2023-12-10 19:46:04,804] {task_command.py:371} INFO - Running <TaskInstance: mi_primer_dag_v3.primera_tarea scheduled__2023-09-01T00:00:00+00:00 [running]> on host 42828894a739
[2023-12-10 19:46:05,601] {taskinstance.py:1591} INFO - Exporting the following env vars:
AIRFLOW_CTX_DAG_OWNER=DavidBU
AIRFLOW_CTX_DAG_ID=mi_primer_dag_v3
AIRFLOW_CTX_TASK_ID=primera_tarea
AIRFLOW_CTX_EXECUTION_DATE=2023-09-01T00:00:00+00:00
AIRFLOW_CTX_TRY_NUMBER=1
AIRFLOW_CTX_DAG_RUN_ID=scheduled__2023-09-01T00:00:00+00:00
[2023-12-10 19:46:05,606] {subprocess.py:62} INFO - Tmp dir root location: 
 /tmp
[2023-12-10 19:46:05,618] {subprocess.py:74} INFO - Running command: ['bash', '-c', 'echo hola mundo, esta es nuestra primera tarea!']
[2023-12-10 19:46:05,644] {subprocess.py:85} INFO - Output:
[2023-12-10 19:46:05,666] {subprocess.py:92} INFO - hola mundo, esta es nuestra primera tarea!
[2023-12-10 19:46:05,668] {subprocess.py:96} INFO - Command exited with return code 0
[2023-12-10 19:46:05,780] {taskinstance.py:1420} INFO - Marking task as SUCCESS. dag_id=mi_primer_dag_v3, task_id=primera_tarea, execution_date=20230901T000000, start_date=20231210T194603, end_date=20231210T194605
[2023-12-10 19:46:05,881] {local_task_job.py:156} INFO - Task exited with return code 0
[2023-12-10 19:46:06,065] {local_task_job.py:273} INFO - 2 downstream tasks scheduled from follow-on schedule check
