[2023-12-10 20:20:11,357] {taskinstance.py:1179} INFO - Dependencies all met for <TaskInstance: mi_primer_dar_con_PythonOperator.aloha_david scheduled__2022-10-06T00:00:00+00:00 [queued]>
[2023-12-10 20:20:11,418] {taskinstance.py:1179} INFO - Dependencies all met for <TaskInstance: mi_primer_dar_con_PythonOperator.aloha_david scheduled__2022-10-06T00:00:00+00:00 [queued]>
[2023-12-10 20:20:11,421] {taskinstance.py:1376} INFO - 
--------------------------------------------------------------------------------
[2023-12-10 20:20:11,422] {taskinstance.py:1377} INFO - Starting attempt 1 of 6
[2023-12-10 20:20:11,423] {taskinstance.py:1378} INFO - 
--------------------------------------------------------------------------------
[2023-12-10 20:20:11,539] {taskinstance.py:1397} INFO - Executing <Task(PythonOperator): aloha_david> on 2022-10-06 00:00:00+00:00
[2023-12-10 20:20:11,557] {standard_task_runner.py:52} INFO - Started process 809 to run task
[2023-12-10 20:20:11,573] {standard_task_runner.py:79} INFO - Running: ['***', 'tasks', 'run', 'mi_primer_dar_con_PythonOperator', 'aloha_david', 'scheduled__2022-10-06T00:00:00+00:00', '--job-id', '1836', '--raw', '--subdir', 'DAGS_FOLDER/mi_primer_dag_pythonoperator.py', '--cfg-path', '/tmp/tmpm_7fm497', '--error-file', '/tmp/tmpnwjdy7nq']
[2023-12-10 20:20:11,588] {standard_task_runner.py:80} INFO - Job 1836: Subtask aloha_david
[2023-12-10 20:20:12,225] {task_command.py:371} INFO - Running <TaskInstance: mi_primer_dar_con_PythonOperator.aloha_david scheduled__2022-10-06T00:00:00+00:00 [running]> on host 42828894a739
[2023-12-10 20:20:13,015] {taskinstance.py:1591} INFO - Exporting the following env vars:
AIRFLOW_CTX_DAG_OWNER=DavidBU
AIRFLOW_CTX_DAG_ID=mi_primer_dar_con_PythonOperator
AIRFLOW_CTX_TASK_ID=aloha_david
AIRFLOW_CTX_EXECUTION_DATE=2022-10-06T00:00:00+00:00
AIRFLOW_CTX_TRY_NUMBER=1
AIRFLOW_CTX_DAG_RUN_ID=scheduled__2022-10-06T00:00:00+00:00
[2023-12-10 20:20:13,020] {logging_mixin.py:115} INFO - Aloha Mundo soy yo!
[2023-12-10 20:20:13,021] {python.py:173} INFO - Done. Returned value was: None
[2023-12-10 20:20:13,082] {taskinstance.py:1420} INFO - Marking task as SUCCESS. dag_id=mi_primer_dar_con_PythonOperator, task_id=aloha_david, execution_date=20221006T000000, start_date=20231210T202011, end_date=20231210T202013
[2023-12-10 20:20:13,259] {local_task_job.py:156} INFO - Task exited with return code 0
[2023-12-10 20:20:13,372] {local_task_job.py:273} INFO - 0 downstream tasks scheduled from follow-on schedule check
