[2023-12-12 02:56:19,807] {taskinstance.py:1179} INFO - Dependencies all met for <TaskInstance: Entregable3_Chumbita.extraer_data manual__2023-12-12T02:56:17.234084+00:00 [queued]>
[2023-12-12 02:56:19,822] {taskinstance.py:1179} INFO - Dependencies all met for <TaskInstance: Entregable3_Chumbita.extraer_data manual__2023-12-12T02:56:17.234084+00:00 [queued]>
[2023-12-12 02:56:19,823] {taskinstance.py:1376} INFO - 
--------------------------------------------------------------------------------
[2023-12-12 02:56:19,825] {taskinstance.py:1377} INFO - Starting attempt 1 of 6
[2023-12-12 02:56:19,825] {taskinstance.py:1378} INFO - 
--------------------------------------------------------------------------------
[2023-12-12 02:56:19,852] {taskinstance.py:1397} INFO - Executing <Task(PythonOperator): extraer_data> on 2023-12-12 02:56:17.234084+00:00
[2023-12-12 02:56:19,859] {standard_task_runner.py:52} INFO - Started process 1354 to run task
[2023-12-12 02:56:19,864] {standard_task_runner.py:79} INFO - Running: ['***', 'tasks', 'run', 'Entregable3_Chumbita', 'extraer_data', 'manual__2023-12-12T02:56:17.234084+00:00', '--job-id', '29', '--raw', '--subdir', 'DAGS_FOLDER/ETL_Entregable3_Chumbita.py', '--cfg-path', '/tmp/tmp7r6pn0av', '--error-file', '/tmp/tmp76alglmj']
[2023-12-12 02:56:19,867] {standard_task_runner.py:80} INFO - Job 29: Subtask extraer_data
[2023-12-12 02:56:19,975] {task_command.py:371} INFO - Running <TaskInstance: Entregable3_Chumbita.extraer_data manual__2023-12-12T02:56:17.234084+00:00 [running]> on host 02fb1b542166
[2023-12-12 02:56:20,038] {logging_mixin.py:115} WARNING - /home/***/.local/lib/python3.7/site-packages/***/utils/context.py:202 AirflowContextDeprecationWarning: Accessing 'execution_date' from the template is deprecated and will be removed in a future version. Please use 'data_interval_start' or 'logical_date' instead.
[2023-12-12 02:56:20,098] {taskinstance.py:1591} INFO - Exporting the following env vars:
AIRFLOW_CTX_DAG_OWNER=ArielChumbita
AIRFLOW_CTX_DAG_ID=Entregable3_Chumbita
AIRFLOW_CTX_TASK_ID=extraer_data
AIRFLOW_CTX_EXECUTION_DATE=2023-12-12T02:56:17.234084+00:00
AIRFLOW_CTX_TRY_NUMBER=1
AIRFLOW_CTX_DAG_RUN_ID=manual__2023-12-12T02:56:17.234084+00:00
[2023-12-12 02:56:20,100] {logging_mixin.py:115} INFO - Adquiriendo data para la fecha: 2023-12-12 2
[2023-12-12 02:56:21,155] {logging_mixin.py:115} INFO - Success!
[2023-12-12 02:56:21,166] {python.py:173} INFO - Done. Returned value was: None
[2023-12-12 02:56:21,187] {taskinstance.py:1420} INFO - Marking task as SUCCESS. dag_id=Entregable3_Chumbita, task_id=extraer_data, execution_date=20231212T025617, start_date=20231212T025619, end_date=20231212T025621
[2023-12-12 02:56:21,244] {local_task_job.py:156} INFO - Task exited with return code 0
[2023-12-12 02:56:21,315] {local_task_job.py:273} INFO - 1 downstream tasks scheduled from follow-on schedule check
