[2023-12-10 19:33:56,335] {taskinstance.py:1179} INFO - Dependencies all met for <TaskInstance: mi_primer_dag_v3.tercera_tarea scheduled__2022-11-08T00:00:00+00:00 [queued]>
[2023-12-10 19:33:56,591] {taskinstance.py:1179} INFO - Dependencies all met for <TaskInstance: mi_primer_dag_v3.tercera_tarea scheduled__2022-11-08T00:00:00+00:00 [queued]>
[2023-12-10 19:33:56,624] {taskinstance.py:1376} INFO - 
--------------------------------------------------------------------------------
[2023-12-10 19:33:56,640] {taskinstance.py:1377} INFO - Starting attempt 1 of 6
[2023-12-10 19:33:56,657] {taskinstance.py:1378} INFO - 
--------------------------------------------------------------------------------
[2023-12-10 19:33:57,085] {taskinstance.py:1397} INFO - Executing <Task(BashOperator): tercera_tarea> on 2022-11-08 00:00:00+00:00
[2023-12-10 19:33:57,138] {standard_task_runner.py:52} INFO - Started process 1194 to run task
[2023-12-10 19:33:57,237] {standard_task_runner.py:79} INFO - Running: ['***', 'tasks', 'run', 'mi_primer_dag_v3', 'tercera_tarea', 'scheduled__2022-11-08T00:00:00+00:00', '--job-id', '299', '--raw', '--subdir', 'DAGS_FOLDER/primer_dag_v3.py', '--cfg-path', '/tmp/tmppydp67ad', '--error-file', '/tmp/tmpcdove3r9']
[2023-12-10 19:33:57,270] {standard_task_runner.py:80} INFO - Job 299: Subtask tercera_tarea
[2023-12-10 19:33:59,120] {task_command.py:371} INFO - Running <TaskInstance: mi_primer_dag_v3.tercera_tarea scheduled__2022-11-08T00:00:00+00:00 [running]> on host 42828894a739
[2023-12-10 19:34:00,265] {taskinstance.py:1591} INFO - Exporting the following env vars:
AIRFLOW_CTX_DAG_OWNER=DavidBU
AIRFLOW_CTX_DAG_ID=mi_primer_dag_v3
AIRFLOW_CTX_TASK_ID=tercera_tarea
AIRFLOW_CTX_EXECUTION_DATE=2022-11-08T00:00:00+00:00
AIRFLOW_CTX_TRY_NUMBER=1
AIRFLOW_CTX_DAG_RUN_ID=scheduled__2022-11-08T00:00:00+00:00
[2023-12-10 19:34:00,378] {subprocess.py:62} INFO - Tmp dir root location: 
 /tmp
[2023-12-10 19:34:00,486] {subprocess.py:74} INFO - Running command: ['bash', '-c', 'echo hola, soy la tarea 3 y sere corrida luego de Tarea 1 al mismo tiempo que Tarea 2']
[2023-12-10 19:34:00,645] {subprocess.py:85} INFO - Output:
[2023-12-10 19:34:00,711] {subprocess.py:92} INFO - hola, soy la tarea 3 y sere corrida luego de Tarea 1 al mismo tiempo que Tarea 2
[2023-12-10 19:34:00,727] {subprocess.py:96} INFO - Command exited with return code 0
[2023-12-10 19:34:01,163] {taskinstance.py:1420} INFO - Marking task as SUCCESS. dag_id=mi_primer_dag_v3, task_id=tercera_tarea, execution_date=20221108T000000, start_date=20231210T193356, end_date=20231210T193401
[2023-12-10 19:34:01,949] {local_task_job.py:156} INFO - Task exited with return code 0
[2023-12-10 19:34:02,512] {local_task_job.py:273} INFO - 0 downstream tasks scheduled from follow-on schedule check
