[2023-12-10 19:32:45,916] {taskinstance.py:1179} INFO - Dependencies all met for <TaskInstance: mi_primer_dag_v3.segunda_tarea scheduled__2022-10-13T00:00:00+00:00 [queued]>
[2023-12-10 19:32:45,983] {taskinstance.py:1179} INFO - Dependencies all met for <TaskInstance: mi_primer_dag_v3.segunda_tarea scheduled__2022-10-13T00:00:00+00:00 [queued]>
[2023-12-10 19:32:45,984] {taskinstance.py:1376} INFO - 
--------------------------------------------------------------------------------
[2023-12-10 19:32:46,006] {taskinstance.py:1377} INFO - Starting attempt 1 of 6
[2023-12-10 19:32:46,008] {taskinstance.py:1378} INFO - 
--------------------------------------------------------------------------------
[2023-12-10 19:32:46,280] {taskinstance.py:1397} INFO - Executing <Task(BashOperator): segunda_tarea> on 2022-10-13 00:00:00+00:00
[2023-12-10 19:32:46,335] {standard_task_runner.py:52} INFO - Started process 928 to run task
[2023-12-10 19:32:46,384] {standard_task_runner.py:79} INFO - Running: ['***', 'tasks', 'run', 'mi_primer_dag_v3', 'segunda_tarea', 'scheduled__2022-10-13T00:00:00+00:00', '--job-id', '221', '--raw', '--subdir', 'DAGS_FOLDER/primer_dag_v3.py', '--cfg-path', '/tmp/tmplmyigb0b', '--error-file', '/tmp/tmpx0qdgu4d']
[2023-12-10 19:32:46,414] {standard_task_runner.py:80} INFO - Job 221: Subtask segunda_tarea
[2023-12-10 19:32:47,232] {task_command.py:371} INFO - Running <TaskInstance: mi_primer_dag_v3.segunda_tarea scheduled__2022-10-13T00:00:00+00:00 [running]> on host 42828894a739
[2023-12-10 19:32:48,588] {taskinstance.py:1591} INFO - Exporting the following env vars:
AIRFLOW_CTX_DAG_OWNER=DavidBU
AIRFLOW_CTX_DAG_ID=mi_primer_dag_v3
AIRFLOW_CTX_TASK_ID=segunda_tarea
AIRFLOW_CTX_EXECUTION_DATE=2022-10-13T00:00:00+00:00
AIRFLOW_CTX_TRY_NUMBER=1
AIRFLOW_CTX_DAG_RUN_ID=scheduled__2022-10-13T00:00:00+00:00
[2023-12-10 19:32:48,629] {subprocess.py:62} INFO - Tmp dir root location: 
 /tmp
[2023-12-10 19:32:48,688] {subprocess.py:74} INFO - Running command: ['bash', '-c', 'echo hola, soy la tarea 2 y sere corrida luego de la Tarea 1']
[2023-12-10 19:32:48,784] {subprocess.py:85} INFO - Output:
[2023-12-10 19:32:48,816] {subprocess.py:92} INFO - hola, soy la tarea 2 y sere corrida luego de la Tarea 1
[2023-12-10 19:32:48,848] {subprocess.py:96} INFO - Command exited with return code 0
[2023-12-10 19:32:49,284] {taskinstance.py:1420} INFO - Marking task as SUCCESS. dag_id=mi_primer_dag_v3, task_id=segunda_tarea, execution_date=20221013T000000, start_date=20231210T193245, end_date=20231210T193249
[2023-12-10 19:32:49,507] {local_task_job.py:156} INFO - Task exited with return code 0
[2023-12-10 19:32:49,741] {local_task_job.py:273} INFO - 0 downstream tasks scheduled from follow-on schedule check
