[2023-12-10 20:22:52,597] {taskinstance.py:1179} INFO - Dependencies all met for <TaskInstance: mi_primer_dag.primer_task scheduled__2023-08-15T00:00:00+00:00 [queued]>
[2023-12-10 20:22:52,749] {taskinstance.py:1179} INFO - Dependencies all met for <TaskInstance: mi_primer_dag.primer_task scheduled__2023-08-15T00:00:00+00:00 [queued]>
[2023-12-10 20:22:52,755] {taskinstance.py:1376} INFO - 
--------------------------------------------------------------------------------
[2023-12-10 20:22:52,756] {taskinstance.py:1377} INFO - Starting attempt 1 of 6
[2023-12-10 20:22:52,757] {taskinstance.py:1378} INFO - 
--------------------------------------------------------------------------------
[2023-12-10 20:22:52,897] {taskinstance.py:1397} INFO - Executing <Task(BashOperator): primer_task> on 2023-08-15 00:00:00+00:00
[2023-12-10 20:22:52,919] {standard_task_runner.py:52} INFO - Started process 1524 to run task
[2023-12-10 20:22:52,982] {standard_task_runner.py:79} INFO - Running: ['***', 'tasks', 'run', 'mi_primer_dag', 'primer_task', 'scheduled__2023-08-15T00:00:00+00:00', '--job-id', '2037', '--raw', '--subdir', 'DAGS_FOLDER/mi_primer_dag.py', '--cfg-path', '/tmp/tmpkau_vovu', '--error-file', '/tmp/tmpgaoo2vqo']
[2023-12-10 20:22:52,993] {standard_task_runner.py:80} INFO - Job 2037: Subtask primer_task
[2023-12-10 20:22:53,335] {task_command.py:371} INFO - Running <TaskInstance: mi_primer_dag.primer_task scheduled__2023-08-15T00:00:00+00:00 [running]> on host 42828894a739
[2023-12-10 20:22:54,362] {taskinstance.py:1591} INFO - Exporting the following env vars:
AIRFLOW_CTX_DAG_OWNER=DavidBU
AIRFLOW_CTX_DAG_ID=mi_primer_dag
AIRFLOW_CTX_TASK_ID=primer_task
AIRFLOW_CTX_EXECUTION_DATE=2023-08-15T00:00:00+00:00
AIRFLOW_CTX_TRY_NUMBER=1
AIRFLOW_CTX_DAG_RUN_ID=scheduled__2023-08-15T00:00:00+00:00
[2023-12-10 20:22:54,368] {subprocess.py:62} INFO - Tmp dir root location: 
 /tmp
[2023-12-10 20:22:54,379] {subprocess.py:74} INFO - Running command: ['bash', '-c', 'echo hola mundo, esta es nuestra primera tarea usando bash operator!']
[2023-12-10 20:22:54,456] {subprocess.py:85} INFO - Output:
[2023-12-10 20:22:54,460] {subprocess.py:92} INFO - hola mundo, esta es nuestra primera tarea usando bash operator!
[2023-12-10 20:22:54,463] {subprocess.py:96} INFO - Command exited with return code 0
[2023-12-10 20:22:54,587] {taskinstance.py:1420} INFO - Marking task as SUCCESS. dag_id=mi_primer_dag, task_id=primer_task, execution_date=20230815T000000, start_date=20231210T202252, end_date=20231210T202254
[2023-12-10 20:22:54,650] {local_task_job.py:156} INFO - Task exited with return code 0
[2023-12-10 20:22:54,769] {local_task_job.py:273} INFO - 0 downstream tasks scheduled from follow-on schedule check
