[2023-12-10 19:47:37,720] {taskinstance.py:1179} INFO - Dependencies all met for <TaskInstance: mi_primer_dag_v3.primera_tarea scheduled__2023-10-11T00:00:00+00:00 [queued]>
[2023-12-10 19:47:37,801] {taskinstance.py:1179} INFO - Dependencies all met for <TaskInstance: mi_primer_dag_v3.primera_tarea scheduled__2023-10-11T00:00:00+00:00 [queued]>
[2023-12-10 19:47:37,802] {taskinstance.py:1376} INFO - 
--------------------------------------------------------------------------------
[2023-12-10 19:47:37,803] {taskinstance.py:1377} INFO - Starting attempt 1 of 6
[2023-12-10 19:47:37,804] {taskinstance.py:1378} INFO - 
--------------------------------------------------------------------------------
[2023-12-10 19:47:37,846] {taskinstance.py:1397} INFO - Executing <Task(BashOperator): primera_tarea> on 2023-10-11 00:00:00+00:00
[2023-12-10 19:47:37,862] {standard_task_runner.py:52} INFO - Started process 4555 to run task
[2023-12-10 19:47:37,877] {standard_task_runner.py:79} INFO - Running: ['***', 'tasks', 'run', 'mi_primer_dag_v3', 'primera_tarea', 'scheduled__2023-10-11T00:00:00+00:00', '--job-id', '1306', '--raw', '--subdir', 'DAGS_FOLDER/primer_dag_v3.py', '--cfg-path', '/tmp/tmps32frr7q', '--error-file', '/tmp/tmpj2qb13zp']
[2023-12-10 19:47:37,883] {standard_task_runner.py:80} INFO - Job 1306: Subtask primera_tarea
[2023-12-10 19:47:38,188] {task_command.py:371} INFO - Running <TaskInstance: mi_primer_dag_v3.primera_tarea scheduled__2023-10-11T00:00:00+00:00 [running]> on host 42828894a739
[2023-12-10 19:47:38,675] {taskinstance.py:1591} INFO - Exporting the following env vars:
AIRFLOW_CTX_DAG_OWNER=DavidBU
AIRFLOW_CTX_DAG_ID=mi_primer_dag_v3
AIRFLOW_CTX_TASK_ID=primera_tarea
AIRFLOW_CTX_EXECUTION_DATE=2023-10-11T00:00:00+00:00
AIRFLOW_CTX_TRY_NUMBER=1
AIRFLOW_CTX_DAG_RUN_ID=scheduled__2023-10-11T00:00:00+00:00
[2023-12-10 19:47:38,683] {subprocess.py:62} INFO - Tmp dir root location: 
 /tmp
[2023-12-10 19:47:38,695] {subprocess.py:74} INFO - Running command: ['bash', '-c', 'echo hola mundo, esta es nuestra primera tarea!']
[2023-12-10 19:47:38,735] {subprocess.py:85} INFO - Output:
[2023-12-10 19:47:38,755] {subprocess.py:92} INFO - hola mundo, esta es nuestra primera tarea!
[2023-12-10 19:47:38,764] {subprocess.py:96} INFO - Command exited with return code 0
[2023-12-10 19:47:39,178] {taskinstance.py:1420} INFO - Marking task as SUCCESS. dag_id=mi_primer_dag_v3, task_id=primera_tarea, execution_date=20231011T000000, start_date=20231210T194737, end_date=20231210T194739
[2023-12-10 19:47:39,443] {local_task_job.py:156} INFO - Task exited with return code 0
[2023-12-10 19:47:40,159] {local_task_job.py:273} INFO - 0 downstream tasks scheduled from follow-on schedule check
