[2023-12-10 19:43:11,022] {taskinstance.py:1179} INFO - Dependencies all met for <TaskInstance: mi_primer_dag_v3.primera_tarea scheduled__2023-06-09T00:00:00+00:00 [queued]>
[2023-12-10 19:43:11,102] {taskinstance.py:1179} INFO - Dependencies all met for <TaskInstance: mi_primer_dag_v3.primera_tarea scheduled__2023-06-09T00:00:00+00:00 [queued]>
[2023-12-10 19:43:11,104] {taskinstance.py:1376} INFO - 
--------------------------------------------------------------------------------
[2023-12-10 19:43:11,105] {taskinstance.py:1377} INFO - Starting attempt 1 of 6
[2023-12-10 19:43:11,111] {taskinstance.py:1378} INFO - 
--------------------------------------------------------------------------------
[2023-12-10 19:43:11,216] {taskinstance.py:1397} INFO - Executing <Task(BashOperator): primera_tarea> on 2023-06-09 00:00:00+00:00
[2023-12-10 19:43:11,223] {standard_task_runner.py:52} INFO - Started process 3295 to run task
[2023-12-10 19:43:11,244] {standard_task_runner.py:79} INFO - Running: ['***', 'tasks', 'run', 'mi_primer_dag_v3', 'primera_tarea', 'scheduled__2023-06-09T00:00:00+00:00', '--job-id', '924', '--raw', '--subdir', 'DAGS_FOLDER/primer_dag_v3.py', '--cfg-path', '/tmp/tmpmw_uejop', '--error-file', '/tmp/tmp02gc0ao6']
[2023-12-10 19:43:11,263] {standard_task_runner.py:80} INFO - Job 924: Subtask primera_tarea
[2023-12-10 19:43:12,356] {task_command.py:371} INFO - Running <TaskInstance: mi_primer_dag_v3.primera_tarea scheduled__2023-06-09T00:00:00+00:00 [running]> on host 42828894a739
[2023-12-10 19:43:13,819] {taskinstance.py:1591} INFO - Exporting the following env vars:
AIRFLOW_CTX_DAG_OWNER=DavidBU
AIRFLOW_CTX_DAG_ID=mi_primer_dag_v3
AIRFLOW_CTX_TASK_ID=primera_tarea
AIRFLOW_CTX_EXECUTION_DATE=2023-06-09T00:00:00+00:00
AIRFLOW_CTX_TRY_NUMBER=1
AIRFLOW_CTX_DAG_RUN_ID=scheduled__2023-06-09T00:00:00+00:00
[2023-12-10 19:43:13,827] {subprocess.py:62} INFO - Tmp dir root location: 
 /tmp
[2023-12-10 19:43:13,839] {subprocess.py:74} INFO - Running command: ['bash', '-c', 'echo hola mundo, esta es nuestra primera tarea!']
[2023-12-10 19:43:14,136] {subprocess.py:85} INFO - Output:
[2023-12-10 19:43:14,165] {subprocess.py:92} INFO - hola mundo, esta es nuestra primera tarea!
[2023-12-10 19:43:14,172] {subprocess.py:96} INFO - Command exited with return code 0
[2023-12-10 19:43:15,086] {taskinstance.py:1420} INFO - Marking task as SUCCESS. dag_id=mi_primer_dag_v3, task_id=primera_tarea, execution_date=20230609T000000, start_date=20231210T194311, end_date=20231210T194315
[2023-12-10 19:43:15,271] {local_task_job.py:156} INFO - Task exited with return code 0
[2023-12-10 19:43:16,053] {local_task_job.py:273} INFO - 2 downstream tasks scheduled from follow-on schedule check
