[2023-12-10 19:49:23,293] {taskinstance.py:1179} INFO - Dependencies all met for <TaskInstance: mi_primer_dag_v3.segunda_tarea scheduled__2023-12-04T00:00:00+00:00 [queued]>
[2023-12-10 19:49:23,327] {taskinstance.py:1179} INFO - Dependencies all met for <TaskInstance: mi_primer_dag_v3.segunda_tarea scheduled__2023-12-04T00:00:00+00:00 [queued]>
[2023-12-10 19:49:23,327] {taskinstance.py:1376} INFO - 
--------------------------------------------------------------------------------
[2023-12-10 19:49:23,328] {taskinstance.py:1377} INFO - Starting attempt 1 of 6
[2023-12-10 19:49:23,329] {taskinstance.py:1378} INFO - 
--------------------------------------------------------------------------------
[2023-12-10 19:49:23,434] {taskinstance.py:1397} INFO - Executing <Task(BashOperator): segunda_tarea> on 2023-12-04 00:00:00+00:00
[2023-12-10 19:49:23,441] {standard_task_runner.py:52} INFO - Started process 5100 to run task
[2023-12-10 19:49:23,456] {standard_task_runner.py:79} INFO - Running: ['***', 'tasks', 'run', 'mi_primer_dag_v3', 'segunda_tarea', 'scheduled__2023-12-04T00:00:00+00:00', '--job-id', '1474', '--raw', '--subdir', 'DAGS_FOLDER/primer_dag_v3.py', '--cfg-path', '/tmp/tmpyzgeh1zb', '--error-file', '/tmp/tmp7z6daofj']
[2023-12-10 19:49:23,460] {standard_task_runner.py:80} INFO - Job 1474: Subtask segunda_tarea
[2023-12-10 19:49:23,682] {task_command.py:371} INFO - Running <TaskInstance: mi_primer_dag_v3.segunda_tarea scheduled__2023-12-04T00:00:00+00:00 [running]> on host 42828894a739
[2023-12-10 19:49:24,496] {taskinstance.py:1591} INFO - Exporting the following env vars:
AIRFLOW_CTX_DAG_OWNER=DavidBU
AIRFLOW_CTX_DAG_ID=mi_primer_dag_v3
AIRFLOW_CTX_TASK_ID=segunda_tarea
AIRFLOW_CTX_EXECUTION_DATE=2023-12-04T00:00:00+00:00
AIRFLOW_CTX_TRY_NUMBER=1
AIRFLOW_CTX_DAG_RUN_ID=scheduled__2023-12-04T00:00:00+00:00
[2023-12-10 19:49:24,513] {subprocess.py:62} INFO - Tmp dir root location: 
 /tmp
[2023-12-10 19:49:24,528] {subprocess.py:74} INFO - Running command: ['bash', '-c', 'echo hola, soy la tarea 2 y sere corrida luego de la Tarea 1']
[2023-12-10 19:49:24,620] {subprocess.py:85} INFO - Output:
[2023-12-10 19:49:24,638] {subprocess.py:92} INFO - hola, soy la tarea 2 y sere corrida luego de la Tarea 1
[2023-12-10 19:49:24,645] {subprocess.py:96} INFO - Command exited with return code 0
[2023-12-10 19:49:24,861] {taskinstance.py:1420} INFO - Marking task as SUCCESS. dag_id=mi_primer_dag_v3, task_id=segunda_tarea, execution_date=20231204T000000, start_date=20231210T194923, end_date=20231210T194924
[2023-12-10 19:49:25,008] {local_task_job.py:156} INFO - Task exited with return code 0
[2023-12-10 19:49:25,146] {local_task_job.py:273} INFO - 0 downstream tasks scheduled from follow-on schedule check
