[2023-12-10 19:42:33,435] {taskinstance.py:1179} INFO - Dependencies all met for <TaskInstance: mi_primer_dag_v3.segunda_tarea scheduled__2023-05-19T00:00:00+00:00 [queued]>
[2023-12-10 19:42:33,529] {taskinstance.py:1179} INFO - Dependencies all met for <TaskInstance: mi_primer_dag_v3.segunda_tarea scheduled__2023-05-19T00:00:00+00:00 [queued]>
[2023-12-10 19:42:33,545] {taskinstance.py:1376} INFO - 
--------------------------------------------------------------------------------
[2023-12-10 19:42:33,549] {taskinstance.py:1377} INFO - Starting attempt 1 of 6
[2023-12-10 19:42:33,566] {taskinstance.py:1378} INFO - 
--------------------------------------------------------------------------------
[2023-12-10 19:42:33,948] {taskinstance.py:1397} INFO - Executing <Task(BashOperator): segunda_tarea> on 2023-05-19 00:00:00+00:00
[2023-12-10 19:42:34,046] {standard_task_runner.py:52} INFO - Started process 3137 to run task
[2023-12-10 19:42:34,051] {standard_task_runner.py:79} INFO - Running: ['***', 'tasks', 'run', 'mi_primer_dag_v3', 'segunda_tarea', 'scheduled__2023-05-19T00:00:00+00:00', '--job-id', '877', '--raw', '--subdir', 'DAGS_FOLDER/primer_dag_v3.py', '--cfg-path', '/tmp/tmpan1lsvlb', '--error-file', '/tmp/tmpnvv5hf0d']
[2023-12-10 19:42:34,084] {standard_task_runner.py:80} INFO - Job 877: Subtask segunda_tarea
[2023-12-10 19:42:34,724] {task_command.py:371} INFO - Running <TaskInstance: mi_primer_dag_v3.segunda_tarea scheduled__2023-05-19T00:00:00+00:00 [running]> on host 42828894a739
[2023-12-10 19:42:35,136] {taskinstance.py:1591} INFO - Exporting the following env vars:
AIRFLOW_CTX_DAG_OWNER=DavidBU
AIRFLOW_CTX_DAG_ID=mi_primer_dag_v3
AIRFLOW_CTX_TASK_ID=segunda_tarea
AIRFLOW_CTX_EXECUTION_DATE=2023-05-19T00:00:00+00:00
AIRFLOW_CTX_TRY_NUMBER=1
AIRFLOW_CTX_DAG_RUN_ID=scheduled__2023-05-19T00:00:00+00:00
[2023-12-10 19:42:35,138] {subprocess.py:62} INFO - Tmp dir root location: 
 /tmp
[2023-12-10 19:42:35,140] {subprocess.py:74} INFO - Running command: ['bash', '-c', 'echo hola, soy la tarea 2 y sere corrida luego de la Tarea 1']
[2023-12-10 19:42:35,157] {subprocess.py:85} INFO - Output:
[2023-12-10 19:42:35,167] {subprocess.py:92} INFO - hola, soy la tarea 2 y sere corrida luego de la Tarea 1
[2023-12-10 19:42:35,168] {subprocess.py:96} INFO - Command exited with return code 0
[2023-12-10 19:42:35,279] {taskinstance.py:1420} INFO - Marking task as SUCCESS. dag_id=mi_primer_dag_v3, task_id=segunda_tarea, execution_date=20230519T000000, start_date=20231210T194233, end_date=20231210T194235
[2023-12-10 19:42:35,355] {local_task_job.py:156} INFO - Task exited with return code 0
[2023-12-10 19:42:35,507] {local_task_job.py:273} INFO - 0 downstream tasks scheduled from follow-on schedule check
