[2023-12-10 19:38:34,696] {taskinstance.py:1179} INFO - Dependencies all met for <TaskInstance: mi_primer_dag_v3.primera_tarea scheduled__2023-02-25T00:00:00+00:00 [queued]>
[2023-12-10 19:38:34,877] {taskinstance.py:1179} INFO - Dependencies all met for <TaskInstance: mi_primer_dag_v3.primera_tarea scheduled__2023-02-25T00:00:00+00:00 [queued]>
[2023-12-10 19:38:35,085] {taskinstance.py:1376} INFO - 
--------------------------------------------------------------------------------
[2023-12-10 19:38:35,200] {taskinstance.py:1377} INFO - Starting attempt 1 of 6
[2023-12-10 19:38:35,246] {taskinstance.py:1378} INFO - 
--------------------------------------------------------------------------------
[2023-12-10 19:38:35,706] {taskinstance.py:1397} INFO - Executing <Task(BashOperator): primera_tarea> on 2023-02-25 00:00:00+00:00
[2023-12-10 19:38:35,860] {standard_task_runner.py:52} INFO - Started process 2264 to run task
[2023-12-10 19:38:35,878] {standard_task_runner.py:79} INFO - Running: ['***', 'tasks', 'run', 'mi_primer_dag_v3', 'primera_tarea', 'scheduled__2023-02-25T00:00:00+00:00', '--job-id', '614', '--raw', '--subdir', 'DAGS_FOLDER/primer_dag_v3.py', '--cfg-path', '/tmp/tmpiyvg8ig6', '--error-file', '/tmp/tmpt1m153vc']
[2023-12-10 19:38:36,008] {standard_task_runner.py:80} INFO - Job 614: Subtask primera_tarea
[2023-12-10 19:38:37,229] {task_command.py:371} INFO - Running <TaskInstance: mi_primer_dag_v3.primera_tarea scheduled__2023-02-25T00:00:00+00:00 [running]> on host 42828894a739
[2023-12-10 19:38:38,829] {taskinstance.py:1591} INFO - Exporting the following env vars:
AIRFLOW_CTX_DAG_OWNER=DavidBU
AIRFLOW_CTX_DAG_ID=mi_primer_dag_v3
AIRFLOW_CTX_TASK_ID=primera_tarea
AIRFLOW_CTX_EXECUTION_DATE=2023-02-25T00:00:00+00:00
AIRFLOW_CTX_TRY_NUMBER=1
AIRFLOW_CTX_DAG_RUN_ID=scheduled__2023-02-25T00:00:00+00:00
[2023-12-10 19:38:38,836] {subprocess.py:62} INFO - Tmp dir root location: 
 /tmp
[2023-12-10 19:38:38,837] {subprocess.py:74} INFO - Running command: ['bash', '-c', 'echo hola mundo, esta es nuestra primera tarea!']
[2023-12-10 19:38:38,922] {subprocess.py:85} INFO - Output:
[2023-12-10 19:38:39,033] {subprocess.py:92} INFO - hola mundo, esta es nuestra primera tarea!
[2023-12-10 19:38:39,052] {subprocess.py:96} INFO - Command exited with return code 0
[2023-12-10 19:38:39,669] {taskinstance.py:1420} INFO - Marking task as SUCCESS. dag_id=mi_primer_dag_v3, task_id=primera_tarea, execution_date=20230225T000000, start_date=20231210T193834, end_date=20231210T193839
[2023-12-10 19:38:39,777] {local_task_job.py:156} INFO - Task exited with return code 0
[2023-12-10 19:38:40,380] {local_task_job.py:273} INFO - 2 downstream tasks scheduled from follow-on schedule check
