[2023-12-10 19:35:01,230] {taskinstance.py:1179} INFO - Dependencies all met for <TaskInstance: mi_primer_dag_v3.tercera_tarea scheduled__2022-11-28T00:00:00+00:00 [queued]>
[2023-12-10 19:35:01,422] {taskinstance.py:1179} INFO - Dependencies all met for <TaskInstance: mi_primer_dag_v3.tercera_tarea scheduled__2022-11-28T00:00:00+00:00 [queued]>
[2023-12-10 19:35:01,586] {taskinstance.py:1376} INFO - 
--------------------------------------------------------------------------------
[2023-12-10 19:35:01,603] {taskinstance.py:1377} INFO - Starting attempt 1 of 6
[2023-12-10 19:35:01,654] {taskinstance.py:1378} INFO - 
--------------------------------------------------------------------------------
[2023-12-10 19:35:02,320] {taskinstance.py:1397} INFO - Executing <Task(BashOperator): tercera_tarea> on 2022-11-28 00:00:00+00:00
[2023-12-10 19:35:02,518] {standard_task_runner.py:52} INFO - Started process 1406 to run task
[2023-12-10 19:35:02,623] {standard_task_runner.py:79} INFO - Running: ['***', 'tasks', 'run', 'mi_primer_dag_v3', 'tercera_tarea', 'scheduled__2022-11-28T00:00:00+00:00', '--job-id', '358', '--raw', '--subdir', 'DAGS_FOLDER/primer_dag_v3.py', '--cfg-path', '/tmp/tmpc8ujee_t', '--error-file', '/tmp/tmpz9d1s5re']
[2023-12-10 19:35:02,642] {standard_task_runner.py:80} INFO - Job 358: Subtask tercera_tarea
[2023-12-10 19:35:04,284] {task_command.py:371} INFO - Running <TaskInstance: mi_primer_dag_v3.tercera_tarea scheduled__2022-11-28T00:00:00+00:00 [running]> on host 42828894a739
[2023-12-10 19:35:05,384] {taskinstance.py:1591} INFO - Exporting the following env vars:
AIRFLOW_CTX_DAG_OWNER=DavidBU
AIRFLOW_CTX_DAG_ID=mi_primer_dag_v3
AIRFLOW_CTX_TASK_ID=tercera_tarea
AIRFLOW_CTX_EXECUTION_DATE=2022-11-28T00:00:00+00:00
AIRFLOW_CTX_TRY_NUMBER=1
AIRFLOW_CTX_DAG_RUN_ID=scheduled__2022-11-28T00:00:00+00:00
[2023-12-10 19:35:05,416] {subprocess.py:62} INFO - Tmp dir root location: 
 /tmp
[2023-12-10 19:35:05,422] {subprocess.py:74} INFO - Running command: ['bash', '-c', 'echo hola, soy la tarea 3 y sere corrida luego de Tarea 1 al mismo tiempo que Tarea 2']
[2023-12-10 19:35:05,527] {subprocess.py:85} INFO - Output:
[2023-12-10 19:35:05,559] {subprocess.py:92} INFO - hola, soy la tarea 3 y sere corrida luego de Tarea 1 al mismo tiempo que Tarea 2
[2023-12-10 19:35:05,575] {subprocess.py:96} INFO - Command exited with return code 0
[2023-12-10 19:35:05,864] {taskinstance.py:1420} INFO - Marking task as SUCCESS. dag_id=mi_primer_dag_v3, task_id=tercera_tarea, execution_date=20221128T000000, start_date=20231210T193501, end_date=20231210T193505
[2023-12-10 19:35:06,285] {local_task_job.py:156} INFO - Task exited with return code 0
[2023-12-10 19:35:07,467] {local_task_job.py:273} INFO - 0 downstream tasks scheduled from follow-on schedule check
