[2023-12-10 20:28:48,175] {taskinstance.py:1179} INFO - Dependencies all met for <TaskInstance: mi_primer_dar_con_PythonOperator.aloha_david scheduled__2023-11-13T00:00:00+00:00 [queued]>
[2023-12-10 20:28:48,306] {taskinstance.py:1179} INFO - Dependencies all met for <TaskInstance: mi_primer_dar_con_PythonOperator.aloha_david scheduled__2023-11-13T00:00:00+00:00 [queued]>
[2023-12-10 20:28:48,310] {taskinstance.py:1376} INFO - 
--------------------------------------------------------------------------------
[2023-12-10 20:28:48,316] {taskinstance.py:1377} INFO - Starting attempt 1 of 6
[2023-12-10 20:28:48,317] {taskinstance.py:1378} INFO - 
--------------------------------------------------------------------------------
[2023-12-10 20:28:48,553] {taskinstance.py:1397} INFO - Executing <Task(PythonOperator): aloha_david> on 2023-11-13 00:00:00+00:00
[2023-12-10 20:28:48,607] {standard_task_runner.py:52} INFO - Started process 2942 to run task
[2023-12-10 20:28:48,626] {standard_task_runner.py:79} INFO - Running: ['***', 'tasks', 'run', 'mi_primer_dar_con_PythonOperator', 'aloha_david', 'scheduled__2023-11-13T00:00:00+00:00', '--job-id', '2455', '--raw', '--subdir', 'DAGS_FOLDER/mi_primer_dag_pythonoperator.py', '--cfg-path', '/tmp/tmpsafr9x1v', '--error-file', '/tmp/tmp1g7ddyky']
[2023-12-10 20:28:48,662] {standard_task_runner.py:80} INFO - Job 2455: Subtask aloha_david
[2023-12-10 20:28:49,374] {task_command.py:371} INFO - Running <TaskInstance: mi_primer_dar_con_PythonOperator.aloha_david scheduled__2023-11-13T00:00:00+00:00 [running]> on host 42828894a739
[2023-12-10 20:28:49,833] {taskinstance.py:1591} INFO - Exporting the following env vars:
AIRFLOW_CTX_DAG_OWNER=DavidBU
AIRFLOW_CTX_DAG_ID=mi_primer_dar_con_PythonOperator
AIRFLOW_CTX_TASK_ID=aloha_david
AIRFLOW_CTX_EXECUTION_DATE=2023-11-13T00:00:00+00:00
AIRFLOW_CTX_TRY_NUMBER=1
AIRFLOW_CTX_DAG_RUN_ID=scheduled__2023-11-13T00:00:00+00:00
[2023-12-10 20:28:49,835] {logging_mixin.py:115} INFO - Aloha Mundo soy yo!
[2023-12-10 20:28:49,836] {python.py:173} INFO - Done. Returned value was: None
[2023-12-10 20:28:49,881] {taskinstance.py:1420} INFO - Marking task as SUCCESS. dag_id=mi_primer_dar_con_PythonOperator, task_id=aloha_david, execution_date=20231113T000000, start_date=20231210T202848, end_date=20231210T202849
[2023-12-10 20:28:49,936] {local_task_job.py:156} INFO - Task exited with return code 0
[2023-12-10 20:28:50,036] {local_task_job.py:273} INFO - 0 downstream tasks scheduled from follow-on schedule check
