[2023-12-24 19:35:37,602] {taskinstance.py:1179} INFO - Dependencies all met for <TaskInstance: Bitcoin_ETL.transformar_data manual__2023-12-24T19:35:32.426569+00:00 [queued]>
[2023-12-24 19:35:37,620] {taskinstance.py:1179} INFO - Dependencies all met for <TaskInstance: Bitcoin_ETL.transformar_data manual__2023-12-24T19:35:32.426569+00:00 [queued]>
[2023-12-24 19:35:37,621] {taskinstance.py:1376} INFO - 
--------------------------------------------------------------------------------
[2023-12-24 19:35:37,622] {taskinstance.py:1377} INFO - Starting attempt 1 of 6
[2023-12-24 19:35:37,622] {taskinstance.py:1378} INFO - 
--------------------------------------------------------------------------------
[2023-12-24 19:35:37,654] {taskinstance.py:1397} INFO - Executing <Task(PythonOperator): transformar_data> on 2023-12-24 19:35:32.426569+00:00
[2023-12-24 19:35:37,662] {standard_task_runner.py:52} INFO - Started process 537 to run task
[2023-12-24 19:35:37,672] {standard_task_runner.py:79} INFO - Running: ['***', 'tasks', 'run', 'Bitcoin_ETL', 'transformar_data', 'manual__2023-12-24T19:35:32.426569+00:00', '--job-id', '8', '--raw', '--subdir', 'DAGS_FOLDER/ETL_Bitcoin.py', '--cfg-path', '/tmp/tmpddx8txxu', '--error-file', '/tmp/tmp4hjgva3c']
[2023-12-24 19:35:37,674] {standard_task_runner.py:80} INFO - Job 8: Subtask transformar_data
[2023-12-24 19:35:37,827] {task_command.py:371} INFO - Running <TaskInstance: Bitcoin_ETL.transformar_data manual__2023-12-24T19:35:32.426569+00:00 [running]> on host 3331eab26945
[2023-12-24 19:35:37,917] {logging_mixin.py:115} WARNING - /home/***/.local/lib/python3.7/site-packages/***/utils/context.py:202 AirflowContextDeprecationWarning: Accessing 'execution_date' from the template is deprecated and will be removed in a future version. Please use 'data_interval_start' or 'logical_date' instead.
[2023-12-24 19:35:37,980] {taskinstance.py:1591} INFO - Exporting the following env vars:
AIRFLOW_CTX_DAG_OWNER=ArielChumbita
AIRFLOW_CTX_DAG_ID=Bitcoin_ETL
AIRFLOW_CTX_TASK_ID=transformar_data
AIRFLOW_CTX_EXECUTION_DATE=2023-12-24T19:35:32.426569+00:00
AIRFLOW_CTX_TRY_NUMBER=1
AIRFLOW_CTX_DAG_RUN_ID=manual__2023-12-24T19:35:32.426569+00:00
[2023-12-24 19:35:37,982] {logging_mixin.py:115} INFO - Transformando la data para la fecha: 2023-12-24 19
[2023-12-24 19:35:38,011] {python.py:173} INFO - Done. Returned value was: None
[2023-12-24 19:35:38,034] {taskinstance.py:1420} INFO - Marking task as SUCCESS. dag_id=Bitcoin_ETL, task_id=transformar_data, execution_date=20231224T193532, start_date=20231224T193537, end_date=20231224T193538
[2023-12-24 19:35:38,080] {local_task_job.py:156} INFO - Task exited with return code 0
[2023-12-24 19:35:38,154] {local_task_job.py:273} INFO - 1 downstream tasks scheduled from follow-on schedule check
