[2023-12-10 19:38:33,252] {taskinstance.py:1179} INFO - Dependencies all met for <TaskInstance: mi_primer_dag_v3.primera_tarea scheduled__2023-02-24T00:00:00+00:00 [queued]>
[2023-12-10 19:38:33,319] {taskinstance.py:1179} INFO - Dependencies all met for <TaskInstance: mi_primer_dag_v3.primera_tarea scheduled__2023-02-24T00:00:00+00:00 [queued]>
[2023-12-10 19:38:33,320] {taskinstance.py:1376} INFO - 
--------------------------------------------------------------------------------
[2023-12-10 19:38:33,322] {taskinstance.py:1377} INFO - Starting attempt 1 of 6
[2023-12-10 19:38:33,322] {taskinstance.py:1378} INFO - 
--------------------------------------------------------------------------------
[2023-12-10 19:38:33,391] {taskinstance.py:1397} INFO - Executing <Task(BashOperator): primera_tarea> on 2023-02-24 00:00:00+00:00
[2023-12-10 19:38:33,406] {standard_task_runner.py:52} INFO - Started process 2249 to run task
[2023-12-10 19:38:33,426] {standard_task_runner.py:79} INFO - Running: ['***', 'tasks', 'run', 'mi_primer_dag_v3', 'primera_tarea', 'scheduled__2023-02-24T00:00:00+00:00', '--job-id', '613', '--raw', '--subdir', 'DAGS_FOLDER/primer_dag_v3.py', '--cfg-path', '/tmp/tmpt3jv80fg', '--error-file', '/tmp/tmph9x_x7_b']
[2023-12-10 19:38:33,433] {standard_task_runner.py:80} INFO - Job 613: Subtask primera_tarea
[2023-12-10 19:38:33,930] {task_command.py:371} INFO - Running <TaskInstance: mi_primer_dag_v3.primera_tarea scheduled__2023-02-24T00:00:00+00:00 [running]> on host 42828894a739
[2023-12-10 19:38:34,709] {taskinstance.py:1591} INFO - Exporting the following env vars:
AIRFLOW_CTX_DAG_OWNER=DavidBU
AIRFLOW_CTX_DAG_ID=mi_primer_dag_v3
AIRFLOW_CTX_TASK_ID=primera_tarea
AIRFLOW_CTX_EXECUTION_DATE=2023-02-24T00:00:00+00:00
AIRFLOW_CTX_TRY_NUMBER=1
AIRFLOW_CTX_DAG_RUN_ID=scheduled__2023-02-24T00:00:00+00:00
[2023-12-10 19:38:34,791] {subprocess.py:62} INFO - Tmp dir root location: 
 /tmp
[2023-12-10 19:38:34,939] {subprocess.py:74} INFO - Running command: ['bash', '-c', 'echo hola mundo, esta es nuestra primera tarea!']
[2023-12-10 19:38:35,154] {subprocess.py:85} INFO - Output:
[2023-12-10 19:38:35,230] {subprocess.py:92} INFO - hola mundo, esta es nuestra primera tarea!
[2023-12-10 19:38:35,310] {subprocess.py:96} INFO - Command exited with return code 0
[2023-12-10 19:38:35,769] {taskinstance.py:1420} INFO - Marking task as SUCCESS. dag_id=mi_primer_dag_v3, task_id=primera_tarea, execution_date=20230224T000000, start_date=20231210T193833, end_date=20231210T193835
[2023-12-10 19:38:36,084] {local_task_job.py:156} INFO - Task exited with return code 0
[2023-12-10 19:38:36,499] {local_task_job.py:273} INFO - 2 downstream tasks scheduled from follow-on schedule check
