[2023-12-10 19:44:53,342] {taskinstance.py:1179} INFO - Dependencies all met for <TaskInstance: mi_primer_dag_v3.segunda_tarea scheduled__2023-07-23T00:00:00+00:00 [queued]>
[2023-12-10 19:44:53,418] {taskinstance.py:1179} INFO - Dependencies all met for <TaskInstance: mi_primer_dag_v3.segunda_tarea scheduled__2023-07-23T00:00:00+00:00 [queued]>
[2023-12-10 19:44:53,426] {taskinstance.py:1376} INFO - 
--------------------------------------------------------------------------------
[2023-12-10 19:44:53,430] {taskinstance.py:1377} INFO - Starting attempt 1 of 6
[2023-12-10 19:44:53,433] {taskinstance.py:1378} INFO - 
--------------------------------------------------------------------------------
[2023-12-10 19:44:53,587] {taskinstance.py:1397} INFO - Executing <Task(BashOperator): segunda_tarea> on 2023-07-23 00:00:00+00:00
[2023-12-10 19:44:53,624] {standard_task_runner.py:52} INFO - Started process 3797 to run task
[2023-12-10 19:44:53,623] {standard_task_runner.py:79} INFO - Running: ['***', 'tasks', 'run', 'mi_primer_dag_v3', 'segunda_tarea', 'scheduled__2023-07-23T00:00:00+00:00', '--job-id', '1076', '--raw', '--subdir', 'DAGS_FOLDER/primer_dag_v3.py', '--cfg-path', '/tmp/tmpozt_d7tt', '--error-file', '/tmp/tmpmg536sb5']
[2023-12-10 19:44:53,679] {standard_task_runner.py:80} INFO - Job 1076: Subtask segunda_tarea
[2023-12-10 19:44:54,535] {task_command.py:371} INFO - Running <TaskInstance: mi_primer_dag_v3.segunda_tarea scheduled__2023-07-23T00:00:00+00:00 [running]> on host 42828894a739
[2023-12-10 19:44:55,221] {taskinstance.py:1591} INFO - Exporting the following env vars:
AIRFLOW_CTX_DAG_OWNER=DavidBU
AIRFLOW_CTX_DAG_ID=mi_primer_dag_v3
AIRFLOW_CTX_TASK_ID=segunda_tarea
AIRFLOW_CTX_EXECUTION_DATE=2023-07-23T00:00:00+00:00
AIRFLOW_CTX_TRY_NUMBER=1
AIRFLOW_CTX_DAG_RUN_ID=scheduled__2023-07-23T00:00:00+00:00
[2023-12-10 19:44:55,226] {subprocess.py:62} INFO - Tmp dir root location: 
 /tmp
[2023-12-10 19:44:55,228] {subprocess.py:74} INFO - Running command: ['bash', '-c', 'echo hola, soy la tarea 2 y sere corrida luego de la Tarea 1']
[2023-12-10 19:44:55,373] {subprocess.py:85} INFO - Output:
[2023-12-10 19:44:55,434] {subprocess.py:92} INFO - hola, soy la tarea 2 y sere corrida luego de la Tarea 1
[2023-12-10 19:44:55,439] {subprocess.py:96} INFO - Command exited with return code 0
[2023-12-10 19:44:56,019] {taskinstance.py:1420} INFO - Marking task as SUCCESS. dag_id=mi_primer_dag_v3, task_id=segunda_tarea, execution_date=20230723T000000, start_date=20231210T194453, end_date=20231210T194456
[2023-12-10 19:44:56,211] {local_task_job.py:156} INFO - Task exited with return code 0
[2023-12-10 19:44:57,221] {local_task_job.py:273} INFO - 0 downstream tasks scheduled from follow-on schedule check
