[2023-12-10 20:22:14,033] {taskinstance.py:1179} INFO - Dependencies all met for <TaskInstance: mi_primer_dag.primer_task scheduled__2023-07-23T00:00:00+00:00 [queued]>
[2023-12-10 20:22:14,413] {taskinstance.py:1179} INFO - Dependencies all met for <TaskInstance: mi_primer_dag.primer_task scheduled__2023-07-23T00:00:00+00:00 [queued]>
[2023-12-10 20:22:14,418] {taskinstance.py:1376} INFO - 
--------------------------------------------------------------------------------
[2023-12-10 20:22:14,428] {taskinstance.py:1377} INFO - Starting attempt 1 of 6
[2023-12-10 20:22:14,437] {taskinstance.py:1378} INFO - 
--------------------------------------------------------------------------------
[2023-12-10 20:22:14,825] {taskinstance.py:1397} INFO - Executing <Task(BashOperator): primer_task> on 2023-07-23 00:00:00+00:00
[2023-12-10 20:22:14,948] {standard_task_runner.py:52} INFO - Started process 1352 to run task
[2023-12-10 20:22:15,121] {standard_task_runner.py:79} INFO - Running: ['***', 'tasks', 'run', 'mi_primer_dag', 'primer_task', 'scheduled__2023-07-23T00:00:00+00:00', '--job-id', '1987', '--raw', '--subdir', 'DAGS_FOLDER/mi_primer_dag.py', '--cfg-path', '/tmp/tmplrllrrrg', '--error-file', '/tmp/tmp3kxoo5cl']
[2023-12-10 20:22:15,166] {standard_task_runner.py:80} INFO - Job 1987: Subtask primer_task
[2023-12-10 20:22:16,615] {task_command.py:371} INFO - Running <TaskInstance: mi_primer_dag.primer_task scheduled__2023-07-23T00:00:00+00:00 [running]> on host 42828894a739
[2023-12-10 20:22:18,006] {taskinstance.py:1591} INFO - Exporting the following env vars:
AIRFLOW_CTX_DAG_OWNER=DavidBU
AIRFLOW_CTX_DAG_ID=mi_primer_dag
AIRFLOW_CTX_TASK_ID=primer_task
AIRFLOW_CTX_EXECUTION_DATE=2023-07-23T00:00:00+00:00
AIRFLOW_CTX_TRY_NUMBER=1
AIRFLOW_CTX_DAG_RUN_ID=scheduled__2023-07-23T00:00:00+00:00
[2023-12-10 20:22:18,011] {subprocess.py:62} INFO - Tmp dir root location: 
 /tmp
[2023-12-10 20:22:18,013] {subprocess.py:74} INFO - Running command: ['bash', '-c', 'echo hola mundo, esta es nuestra primera tarea usando bash operator!']
[2023-12-10 20:22:18,054] {subprocess.py:85} INFO - Output:
[2023-12-10 20:22:18,070] {subprocess.py:92} INFO - hola mundo, esta es nuestra primera tarea usando bash operator!
[2023-12-10 20:22:18,073] {subprocess.py:96} INFO - Command exited with return code 0
[2023-12-10 20:22:18,491] {taskinstance.py:1420} INFO - Marking task as SUCCESS. dag_id=mi_primer_dag, task_id=primer_task, execution_date=20230723T000000, start_date=20231210T202214, end_date=20231210T202218
[2023-12-10 20:22:18,807] {local_task_job.py:156} INFO - Task exited with return code 0
[2023-12-10 20:22:19,248] {local_task_job.py:273} INFO - 0 downstream tasks scheduled from follow-on schedule check
