[2023-12-10 21:17:19,200] {processor.py:153} INFO - Started process (PID=169) to work on /opt/airflow/dags/example_template.py
[2023-12-10 21:17:19,205] {processor.py:641} INFO - Processing file /opt/airflow/dags/example_template.py for tasks to queue
[2023-12-10 21:17:19,217] {logging_mixin.py:115} INFO - [2023-12-10 21:17:19,212] {dagbag.py:508} INFO - Filling up the DagBag from /opt/airflow/dags/example_template.py
[2023-12-10 21:17:19,350] {processor.py:651} INFO - DAG(s) dict_keys(['dag_print_context']) retrieved from /opt/airflow/dags/example_template.py
[2023-12-10 21:17:19,837] {logging_mixin.py:115} INFO - [2023-12-10 21:17:19,836] {manager.py:508} INFO - Created Permission View: can delete on DAG:dag_print_context
[2023-12-10 21:17:19,892] {logging_mixin.py:115} INFO - [2023-12-10 21:17:19,892] {manager.py:508} INFO - Created Permission View: can read on DAG:dag_print_context
[2023-12-10 21:17:19,935] {logging_mixin.py:115} INFO - [2023-12-10 21:17:19,935] {manager.py:508} INFO - Created Permission View: can edit on DAG:dag_print_context
[2023-12-10 21:17:19,939] {logging_mixin.py:115} INFO - [2023-12-10 21:17:19,939] {dag.py:2420} INFO - Sync 1 DAGs
[2023-12-10 21:17:20,004] {logging_mixin.py:115} INFO - [2023-12-10 21:17:20,004] {dag.py:2439} INFO - Creating ORM DAG for dag_print_context
[2023-12-10 21:17:20,052] {logging_mixin.py:115} INFO - [2023-12-10 21:17:20,052] {dag.py:2972} INFO - Setting next_dagrun for dag_print_context to 2023-12-07T00:00:00+00:00, run_after=2023-12-08T00:00:00+00:00
[2023-12-10 21:17:20,216] {processor.py:161} INFO - Processing /opt/airflow/dags/example_template.py took 1.042 seconds
[2023-12-10 21:17:30,539] {processor.py:153} INFO - Started process (PID=197) to work on /opt/airflow/dags/example_template.py
[2023-12-10 21:17:30,558] {processor.py:641} INFO - Processing file /opt/airflow/dags/example_template.py for tasks to queue
[2023-12-10 21:17:30,560] {logging_mixin.py:115} INFO - [2023-12-10 21:17:30,560] {dagbag.py:508} INFO - Filling up the DagBag from /opt/airflow/dags/example_template.py
[2023-12-10 21:17:30,684] {processor.py:651} INFO - DAG(s) dict_keys(['dag_print_context']) retrieved from /opt/airflow/dags/example_template.py
[2023-12-10 21:17:30,769] {logging_mixin.py:115} INFO - [2023-12-10 21:17:30,769] {dag.py:2420} INFO - Sync 1 DAGs
[2023-12-10 21:17:30,940] {logging_mixin.py:115} INFO - [2023-12-10 21:17:30,939] {dag.py:2972} INFO - Setting next_dagrun for dag_print_context to 2023-12-07T00:00:00+00:00, run_after=2023-12-08T00:00:00+00:00
[2023-12-10 21:17:31,072] {processor.py:161} INFO - Processing /opt/airflow/dags/example_template.py took 0.552 seconds
[2023-12-10 21:17:41,400] {processor.py:153} INFO - Started process (PID=214) to work on /opt/airflow/dags/example_template.py
[2023-12-10 21:17:41,402] {processor.py:641} INFO - Processing file /opt/airflow/dags/example_template.py for tasks to queue
[2023-12-10 21:17:41,404] {logging_mixin.py:115} INFO - [2023-12-10 21:17:41,404] {dagbag.py:508} INFO - Filling up the DagBag from /opt/airflow/dags/example_template.py
[2023-12-10 21:17:41,550] {processor.py:651} INFO - DAG(s) dict_keys(['dag_print_context']) retrieved from /opt/airflow/dags/example_template.py
[2023-12-10 21:17:41,617] {logging_mixin.py:115} INFO - [2023-12-10 21:17:41,617] {dag.py:2420} INFO - Sync 1 DAGs
[2023-12-10 21:17:41,758] {logging_mixin.py:115} INFO - [2023-12-10 21:17:41,758] {dag.py:2972} INFO - Setting next_dagrun for dag_print_context to 2023-12-07T00:00:00+00:00, run_after=2023-12-08T00:00:00+00:00
[2023-12-10 21:17:41,883] {processor.py:161} INFO - Processing /opt/airflow/dags/example_template.py took 0.508 seconds
[2023-12-10 21:17:52,171] {processor.py:153} INFO - Started process (PID=236) to work on /opt/airflow/dags/example_template.py
[2023-12-10 21:17:52,173] {processor.py:641} INFO - Processing file /opt/airflow/dags/example_template.py for tasks to queue
[2023-12-10 21:17:52,175] {logging_mixin.py:115} INFO - [2023-12-10 21:17:52,175] {dagbag.py:508} INFO - Filling up the DagBag from /opt/airflow/dags/example_template.py
[2023-12-10 21:17:52,308] {processor.py:651} INFO - DAG(s) dict_keys(['dag_print_context']) retrieved from /opt/airflow/dags/example_template.py
[2023-12-10 21:17:52,464] {logging_mixin.py:115} INFO - [2023-12-10 21:17:52,464] {dag.py:2420} INFO - Sync 1 DAGs
[2023-12-10 21:17:52,595] {logging_mixin.py:115} INFO - [2023-12-10 21:17:52,595] {dag.py:2972} INFO - Setting next_dagrun for dag_print_context to 2023-12-10T00:00:00+00:00, run_after=2023-12-11T00:00:00+00:00
[2023-12-10 21:17:52,660] {processor.py:161} INFO - Processing /opt/airflow/dags/example_template.py took 0.530 seconds
[2023-12-10 21:18:03,842] {processor.py:153} INFO - Started process (PID=260) to work on /opt/airflow/dags/example_template.py
[2023-12-10 21:18:03,843] {processor.py:641} INFO - Processing file /opt/airflow/dags/example_template.py for tasks to queue
[2023-12-10 21:18:03,853] {logging_mixin.py:115} INFO - [2023-12-10 21:18:03,845] {dagbag.py:508} INFO - Filling up the DagBag from /opt/airflow/dags/example_template.py
[2023-12-10 21:18:04,054] {processor.py:651} INFO - DAG(s) dict_keys(['dag_print_context']) retrieved from /opt/airflow/dags/example_template.py
[2023-12-10 21:18:04,219] {logging_mixin.py:115} INFO - [2023-12-10 21:18:04,219] {dag.py:2420} INFO - Sync 1 DAGs
[2023-12-10 21:18:04,287] {logging_mixin.py:115} INFO - [2023-12-10 21:18:04,287] {dag.py:2972} INFO - Setting next_dagrun for dag_print_context to 2023-12-10T00:00:00+00:00, run_after=2023-12-11T00:00:00+00:00
[2023-12-10 21:18:04,329] {processor.py:161} INFO - Processing /opt/airflow/dags/example_template.py took 0.503 seconds
[2023-12-10 21:18:14,838] {processor.py:153} INFO - Started process (PID=280) to work on /opt/airflow/dags/example_template.py
[2023-12-10 21:18:14,839] {processor.py:641} INFO - Processing file /opt/airflow/dags/example_template.py for tasks to queue
[2023-12-10 21:18:14,841] {logging_mixin.py:115} INFO - [2023-12-10 21:18:14,841] {dagbag.py:508} INFO - Filling up the DagBag from /opt/airflow/dags/example_template.py
[2023-12-10 21:18:14,888] {processor.py:651} INFO - DAG(s) dict_keys(['dag_print_context']) retrieved from /opt/airflow/dags/example_template.py
[2023-12-10 21:18:14,938] {logging_mixin.py:115} INFO - [2023-12-10 21:18:14,938] {dag.py:2420} INFO - Sync 1 DAGs
[2023-12-10 21:18:15,005] {logging_mixin.py:115} INFO - [2023-12-10 21:18:15,004] {dag.py:2972} INFO - Setting next_dagrun for dag_print_context to 2023-12-10T00:00:00+00:00, run_after=2023-12-11T00:00:00+00:00
[2023-12-10 21:18:15,047] {processor.py:161} INFO - Processing /opt/airflow/dags/example_template.py took 0.215 seconds
[2023-12-10 21:18:25,891] {processor.py:153} INFO - Started process (PID=300) to work on /opt/airflow/dags/example_template.py
[2023-12-10 21:18:25,892] {processor.py:641} INFO - Processing file /opt/airflow/dags/example_template.py for tasks to queue
[2023-12-10 21:18:25,895] {logging_mixin.py:115} INFO - [2023-12-10 21:18:25,894] {dagbag.py:508} INFO - Filling up the DagBag from /opt/airflow/dags/example_template.py
[2023-12-10 21:18:25,957] {processor.py:651} INFO - DAG(s) dict_keys(['dag_print_context']) retrieved from /opt/airflow/dags/example_template.py
[2023-12-10 21:18:26,041] {logging_mixin.py:115} INFO - [2023-12-10 21:18:26,041] {dag.py:2420} INFO - Sync 1 DAGs
[2023-12-10 21:18:26,100] {logging_mixin.py:115} INFO - [2023-12-10 21:18:26,100] {dag.py:2972} INFO - Setting next_dagrun for dag_print_context to 2023-12-10T00:00:00+00:00, run_after=2023-12-11T00:00:00+00:00
[2023-12-10 21:18:26,132] {processor.py:161} INFO - Processing /opt/airflow/dags/example_template.py took 0.255 seconds
[2023-12-10 21:18:36,518] {processor.py:153} INFO - Started process (PID=320) to work on /opt/airflow/dags/example_template.py
[2023-12-10 21:18:36,520] {processor.py:641} INFO - Processing file /opt/airflow/dags/example_template.py for tasks to queue
[2023-12-10 21:18:36,521] {logging_mixin.py:115} INFO - [2023-12-10 21:18:36,521] {dagbag.py:508} INFO - Filling up the DagBag from /opt/airflow/dags/example_template.py
[2023-12-10 21:18:36,568] {processor.py:651} INFO - DAG(s) dict_keys(['dag_print_context']) retrieved from /opt/airflow/dags/example_template.py
[2023-12-10 21:18:36,619] {logging_mixin.py:115} INFO - [2023-12-10 21:18:36,618] {dag.py:2420} INFO - Sync 1 DAGs
[2023-12-10 21:18:36,656] {logging_mixin.py:115} INFO - [2023-12-10 21:18:36,656] {dag.py:2972} INFO - Setting next_dagrun for dag_print_context to 2023-12-10T00:00:00+00:00, run_after=2023-12-11T00:00:00+00:00
[2023-12-10 21:18:36,686] {processor.py:161} INFO - Processing /opt/airflow/dags/example_template.py took 0.174 seconds
[2023-12-10 21:18:47,066] {processor.py:153} INFO - Started process (PID=340) to work on /opt/airflow/dags/example_template.py
[2023-12-10 21:18:47,067] {processor.py:641} INFO - Processing file /opt/airflow/dags/example_template.py for tasks to queue
[2023-12-10 21:18:47,069] {logging_mixin.py:115} INFO - [2023-12-10 21:18:47,069] {dagbag.py:508} INFO - Filling up the DagBag from /opt/airflow/dags/example_template.py
[2023-12-10 21:18:47,113] {processor.py:651} INFO - DAG(s) dict_keys(['dag_print_context']) retrieved from /opt/airflow/dags/example_template.py
[2023-12-10 21:18:47,165] {logging_mixin.py:115} INFO - [2023-12-10 21:18:47,165] {dag.py:2420} INFO - Sync 1 DAGs
[2023-12-10 21:18:47,205] {logging_mixin.py:115} INFO - [2023-12-10 21:18:47,205] {dag.py:2972} INFO - Setting next_dagrun for dag_print_context to 2023-12-10T00:00:00+00:00, run_after=2023-12-11T00:00:00+00:00
[2023-12-10 21:18:47,230] {processor.py:161} INFO - Processing /opt/airflow/dags/example_template.py took 0.172 seconds
[2023-12-10 21:18:57,418] {processor.py:153} INFO - Started process (PID=360) to work on /opt/airflow/dags/example_template.py
[2023-12-10 21:18:57,421] {processor.py:641} INFO - Processing file /opt/airflow/dags/example_template.py for tasks to queue
[2023-12-10 21:18:57,423] {logging_mixin.py:115} INFO - [2023-12-10 21:18:57,423] {dagbag.py:508} INFO - Filling up the DagBag from /opt/airflow/dags/example_template.py
[2023-12-10 21:18:57,473] {processor.py:651} INFO - DAG(s) dict_keys(['dag_print_context']) retrieved from /opt/airflow/dags/example_template.py
[2023-12-10 21:18:57,532] {logging_mixin.py:115} INFO - [2023-12-10 21:18:57,531] {dag.py:2420} INFO - Sync 1 DAGs
[2023-12-10 21:18:57,642] {logging_mixin.py:115} INFO - [2023-12-10 21:18:57,642] {dag.py:2972} INFO - Setting next_dagrun for dag_print_context to 2023-12-10T00:00:00+00:00, run_after=2023-12-11T00:00:00+00:00
[2023-12-10 21:18:57,701] {processor.py:161} INFO - Processing /opt/airflow/dags/example_template.py took 0.289 seconds
[2023-12-10 21:19:08,074] {processor.py:153} INFO - Started process (PID=380) to work on /opt/airflow/dags/example_template.py
[2023-12-10 21:19:08,076] {processor.py:641} INFO - Processing file /opt/airflow/dags/example_template.py for tasks to queue
[2023-12-10 21:19:08,078] {logging_mixin.py:115} INFO - [2023-12-10 21:19:08,077] {dagbag.py:508} INFO - Filling up the DagBag from /opt/airflow/dags/example_template.py
[2023-12-10 21:19:08,134] {processor.py:651} INFO - DAG(s) dict_keys(['dag_print_context']) retrieved from /opt/airflow/dags/example_template.py
[2023-12-10 21:19:08,228] {logging_mixin.py:115} INFO - [2023-12-10 21:19:08,228] {dag.py:2420} INFO - Sync 1 DAGs
[2023-12-10 21:19:08,348] {logging_mixin.py:115} INFO - [2023-12-10 21:19:08,347] {dag.py:2972} INFO - Setting next_dagrun for dag_print_context to 2023-12-10T00:00:00+00:00, run_after=2023-12-11T00:00:00+00:00
[2023-12-10 21:19:08,391] {processor.py:161} INFO - Processing /opt/airflow/dags/example_template.py took 0.327 seconds
[2023-12-10 21:19:18,575] {processor.py:153} INFO - Started process (PID=395) to work on /opt/airflow/dags/example_template.py
[2023-12-10 21:19:18,584] {processor.py:641} INFO - Processing file /opt/airflow/dags/example_template.py for tasks to queue
[2023-12-10 21:19:18,586] {logging_mixin.py:115} INFO - [2023-12-10 21:19:18,586] {dagbag.py:508} INFO - Filling up the DagBag from /opt/airflow/dags/example_template.py
[2023-12-10 21:19:18,656] {processor.py:651} INFO - DAG(s) dict_keys(['dag_print_context']) retrieved from /opt/airflow/dags/example_template.py
[2023-12-10 21:19:18,807] {logging_mixin.py:115} INFO - [2023-12-10 21:19:18,807] {dag.py:2420} INFO - Sync 1 DAGs
[2023-12-10 21:19:18,957] {logging_mixin.py:115} INFO - [2023-12-10 21:19:18,957] {dag.py:2972} INFO - Setting next_dagrun for dag_print_context to 2023-12-10T00:00:00+00:00, run_after=2023-12-11T00:00:00+00:00
[2023-12-10 21:19:19,026] {processor.py:161} INFO - Processing /opt/airflow/dags/example_template.py took 0.459 seconds
[2023-12-10 21:19:29,532] {processor.py:153} INFO - Started process (PID=415) to work on /opt/airflow/dags/example_template.py
[2023-12-10 21:19:29,533] {processor.py:641} INFO - Processing file /opt/airflow/dags/example_template.py for tasks to queue
[2023-12-10 21:19:29,535] {logging_mixin.py:115} INFO - [2023-12-10 21:19:29,535] {dagbag.py:508} INFO - Filling up the DagBag from /opt/airflow/dags/example_template.py
[2023-12-10 21:19:29,583] {processor.py:651} INFO - DAG(s) dict_keys(['dag_print_context']) retrieved from /opt/airflow/dags/example_template.py
[2023-12-10 21:19:29,632] {logging_mixin.py:115} INFO - [2023-12-10 21:19:29,632] {dag.py:2420} INFO - Sync 1 DAGs
[2023-12-10 21:19:29,673] {logging_mixin.py:115} INFO - [2023-12-10 21:19:29,673] {dag.py:2972} INFO - Setting next_dagrun for dag_print_context to 2023-12-10T00:00:00+00:00, run_after=2023-12-11T00:00:00+00:00
[2023-12-10 21:19:29,700] {processor.py:161} INFO - Processing /opt/airflow/dags/example_template.py took 0.175 seconds
[2023-12-10 21:19:40,346] {processor.py:153} INFO - Started process (PID=435) to work on /opt/airflow/dags/example_template.py
[2023-12-10 21:19:40,351] {processor.py:641} INFO - Processing file /opt/airflow/dags/example_template.py for tasks to queue
[2023-12-10 21:19:40,357] {logging_mixin.py:115} INFO - [2023-12-10 21:19:40,357] {dagbag.py:508} INFO - Filling up the DagBag from /opt/airflow/dags/example_template.py
[2023-12-10 21:19:40,449] {processor.py:651} INFO - DAG(s) dict_keys(['dag_print_context']) retrieved from /opt/airflow/dags/example_template.py
[2023-12-10 21:19:40,557] {logging_mixin.py:115} INFO - [2023-12-10 21:19:40,556] {dag.py:2420} INFO - Sync 1 DAGs
[2023-12-10 21:19:40,621] {logging_mixin.py:115} INFO - [2023-12-10 21:19:40,620] {dag.py:2972} INFO - Setting next_dagrun for dag_print_context to 2023-12-10T00:00:00+00:00, run_after=2023-12-11T00:00:00+00:00
[2023-12-10 21:19:40,652] {processor.py:161} INFO - Processing /opt/airflow/dags/example_template.py took 0.315 seconds
[2023-12-10 21:19:51,102] {processor.py:153} INFO - Started process (PID=455) to work on /opt/airflow/dags/example_template.py
[2023-12-10 21:19:51,104] {processor.py:641} INFO - Processing file /opt/airflow/dags/example_template.py for tasks to queue
[2023-12-10 21:19:51,105] {logging_mixin.py:115} INFO - [2023-12-10 21:19:51,105] {dagbag.py:508} INFO - Filling up the DagBag from /opt/airflow/dags/example_template.py
[2023-12-10 21:19:51,154] {processor.py:651} INFO - DAG(s) dict_keys(['dag_print_context']) retrieved from /opt/airflow/dags/example_template.py
[2023-12-10 21:19:51,201] {logging_mixin.py:115} INFO - [2023-12-10 21:19:51,201] {dag.py:2420} INFO - Sync 1 DAGs
[2023-12-10 21:19:51,256] {logging_mixin.py:115} INFO - [2023-12-10 21:19:51,256] {dag.py:2972} INFO - Setting next_dagrun for dag_print_context to 2023-12-10T00:00:00+00:00, run_after=2023-12-11T00:00:00+00:00
[2023-12-10 21:19:51,291] {processor.py:161} INFO - Processing /opt/airflow/dags/example_template.py took 0.196 seconds
[2023-12-10 21:20:01,744] {processor.py:153} INFO - Started process (PID=475) to work on /opt/airflow/dags/example_template.py
[2023-12-10 21:20:01,745] {processor.py:641} INFO - Processing file /opt/airflow/dags/example_template.py for tasks to queue
[2023-12-10 21:20:01,747] {logging_mixin.py:115} INFO - [2023-12-10 21:20:01,747] {dagbag.py:508} INFO - Filling up the DagBag from /opt/airflow/dags/example_template.py
[2023-12-10 21:20:01,876] {processor.py:651} INFO - DAG(s) dict_keys(['dag_print_context']) retrieved from /opt/airflow/dags/example_template.py
[2023-12-10 21:20:01,986] {logging_mixin.py:115} INFO - [2023-12-10 21:20:01,986] {dag.py:2420} INFO - Sync 1 DAGs
[2023-12-10 21:20:02,061] {logging_mixin.py:115} INFO - [2023-12-10 21:20:02,061] {dag.py:2972} INFO - Setting next_dagrun for dag_print_context to 2023-12-10T00:00:00+00:00, run_after=2023-12-11T00:00:00+00:00
[2023-12-10 21:20:02,092] {processor.py:161} INFO - Processing /opt/airflow/dags/example_template.py took 0.357 seconds
[2023-12-10 21:20:12,376] {processor.py:153} INFO - Started process (PID=495) to work on /opt/airflow/dags/example_template.py
[2023-12-10 21:20:12,378] {processor.py:641} INFO - Processing file /opt/airflow/dags/example_template.py for tasks to queue
[2023-12-10 21:20:12,380] {logging_mixin.py:115} INFO - [2023-12-10 21:20:12,379] {dagbag.py:508} INFO - Filling up the DagBag from /opt/airflow/dags/example_template.py
[2023-12-10 21:20:12,436] {processor.py:651} INFO - DAG(s) dict_keys(['dag_print_context']) retrieved from /opt/airflow/dags/example_template.py
[2023-12-10 21:20:12,495] {logging_mixin.py:115} INFO - [2023-12-10 21:20:12,495] {dag.py:2420} INFO - Sync 1 DAGs
[2023-12-10 21:20:12,562] {logging_mixin.py:115} INFO - [2023-12-10 21:20:12,562] {dag.py:2972} INFO - Setting next_dagrun for dag_print_context to 2023-12-10T00:00:00+00:00, run_after=2023-12-11T00:00:00+00:00
[2023-12-10 21:20:12,622] {processor.py:161} INFO - Processing /opt/airflow/dags/example_template.py took 0.253 seconds
[2023-12-10 21:20:23,126] {processor.py:153} INFO - Started process (PID=515) to work on /opt/airflow/dags/example_template.py
[2023-12-10 21:20:23,127] {processor.py:641} INFO - Processing file /opt/airflow/dags/example_template.py for tasks to queue
[2023-12-10 21:20:23,129] {logging_mixin.py:115} INFO - [2023-12-10 21:20:23,128] {dagbag.py:508} INFO - Filling up the DagBag from /opt/airflow/dags/example_template.py
[2023-12-10 21:20:23,176] {processor.py:651} INFO - DAG(s) dict_keys(['dag_print_context']) retrieved from /opt/airflow/dags/example_template.py
[2023-12-10 21:20:23,275] {logging_mixin.py:115} INFO - [2023-12-10 21:20:23,275] {dag.py:2420} INFO - Sync 1 DAGs
[2023-12-10 21:20:23,388] {logging_mixin.py:115} INFO - [2023-12-10 21:20:23,388] {dag.py:2972} INFO - Setting next_dagrun for dag_print_context to 2023-12-10T00:00:00+00:00, run_after=2023-12-11T00:00:00+00:00
[2023-12-10 21:20:23,445] {processor.py:161} INFO - Processing /opt/airflow/dags/example_template.py took 0.324 seconds
[2023-12-10 21:20:34,319] {processor.py:153} INFO - Started process (PID=535) to work on /opt/airflow/dags/example_template.py
[2023-12-10 21:20:34,320] {processor.py:641} INFO - Processing file /opt/airflow/dags/example_template.py for tasks to queue
[2023-12-10 21:20:34,322] {logging_mixin.py:115} INFO - [2023-12-10 21:20:34,321] {dagbag.py:508} INFO - Filling up the DagBag from /opt/airflow/dags/example_template.py
[2023-12-10 21:20:34,377] {processor.py:651} INFO - DAG(s) dict_keys(['dag_print_context']) retrieved from /opt/airflow/dags/example_template.py
[2023-12-10 21:20:34,469] {logging_mixin.py:115} INFO - [2023-12-10 21:20:34,469] {dag.py:2420} INFO - Sync 1 DAGs
[2023-12-10 21:20:34,619] {logging_mixin.py:115} INFO - [2023-12-10 21:20:34,619] {dag.py:2972} INFO - Setting next_dagrun for dag_print_context to 2023-12-10T00:00:00+00:00, run_after=2023-12-11T00:00:00+00:00
[2023-12-10 21:20:34,692] {processor.py:161} INFO - Processing /opt/airflow/dags/example_template.py took 0.381 seconds
[2023-12-10 21:20:45,518] {processor.py:153} INFO - Started process (PID=555) to work on /opt/airflow/dags/example_template.py
[2023-12-10 21:20:45,660] {processor.py:641} INFO - Processing file /opt/airflow/dags/example_template.py for tasks to queue
[2023-12-10 21:20:45,662] {logging_mixin.py:115} INFO - [2023-12-10 21:20:45,662] {dagbag.py:508} INFO - Filling up the DagBag from /opt/airflow/dags/example_template.py
[2023-12-10 21:20:46,837] {processor.py:651} INFO - DAG(s) dict_keys(['dag_print_context']) retrieved from /opt/airflow/dags/example_template.py
[2023-12-10 21:36:41,817] {processor.py:153} INFO - Started process (PID=169) to work on /opt/airflow/dags/example_template.py
[2023-12-10 21:36:41,820] {processor.py:641} INFO - Processing file /opt/airflow/dags/example_template.py for tasks to queue
[2023-12-10 21:36:41,821] {logging_mixin.py:115} INFO - [2023-12-10 21:36:41,821] {dagbag.py:508} INFO - Filling up the DagBag from /opt/airflow/dags/example_template.py
[2023-12-10 21:36:41,943] {processor.py:651} INFO - DAG(s) dict_keys(['dag_print_context']) retrieved from /opt/airflow/dags/example_template.py
[2023-12-10 21:36:42,066] {logging_mixin.py:115} INFO - [2023-12-10 21:36:42,066] {dag.py:2420} INFO - Sync 1 DAGs
[2023-12-10 21:36:42,178] {logging_mixin.py:115} INFO - [2023-12-10 21:36:42,178] {dag.py:2972} INFO - Setting next_dagrun for dag_print_context to 2023-12-10T00:00:00+00:00, run_after=2023-12-11T00:00:00+00:00
[2023-12-10 21:36:42,241] {processor.py:161} INFO - Processing /opt/airflow/dags/example_template.py took 0.435 seconds
[2023-12-10 21:36:52,853] {processor.py:153} INFO - Started process (PID=189) to work on /opt/airflow/dags/example_template.py
[2023-12-10 21:36:52,869] {processor.py:641} INFO - Processing file /opt/airflow/dags/example_template.py for tasks to queue
[2023-12-10 21:36:52,873] {logging_mixin.py:115} INFO - [2023-12-10 21:36:52,872] {dagbag.py:508} INFO - Filling up the DagBag from /opt/airflow/dags/example_template.py
[2023-12-10 21:36:52,969] {processor.py:651} INFO - DAG(s) dict_keys(['dag_print_context']) retrieved from /opt/airflow/dags/example_template.py
[2023-12-10 21:36:53,094] {logging_mixin.py:115} INFO - [2023-12-10 21:36:53,094] {dag.py:2420} INFO - Sync 1 DAGs
[2023-12-10 21:36:53,212] {logging_mixin.py:115} INFO - [2023-12-10 21:36:53,212] {dag.py:2972} INFO - Setting next_dagrun for dag_print_context to 2023-12-10T00:00:00+00:00, run_after=2023-12-11T00:00:00+00:00
[2023-12-10 21:36:53,269] {processor.py:161} INFO - Processing /opt/airflow/dags/example_template.py took 0.424 seconds
[2023-12-10 21:37:04,169] {processor.py:153} INFO - Started process (PID=209) to work on /opt/airflow/dags/example_template.py
[2023-12-10 21:37:04,170] {processor.py:641} INFO - Processing file /opt/airflow/dags/example_template.py for tasks to queue
[2023-12-10 21:37:04,173] {logging_mixin.py:115} INFO - [2023-12-10 21:37:04,172] {dagbag.py:508} INFO - Filling up the DagBag from /opt/airflow/dags/example_template.py
[2023-12-10 21:37:04,235] {processor.py:651} INFO - DAG(s) dict_keys(['dag_print_context']) retrieved from /opt/airflow/dags/example_template.py
[2023-12-10 21:37:04,346] {logging_mixin.py:115} INFO - [2023-12-10 21:37:04,346] {dag.py:2420} INFO - Sync 1 DAGs
[2023-12-10 21:37:04,422] {logging_mixin.py:115} INFO - [2023-12-10 21:37:04,422] {dag.py:2972} INFO - Setting next_dagrun for dag_print_context to 2023-12-10T00:00:00+00:00, run_after=2023-12-11T00:00:00+00:00
[2023-12-10 21:37:04,460] {processor.py:161} INFO - Processing /opt/airflow/dags/example_template.py took 0.300 seconds
[2023-12-10 21:37:15,032] {processor.py:153} INFO - Started process (PID=229) to work on /opt/airflow/dags/example_template.py
[2023-12-10 21:37:15,043] {processor.py:641} INFO - Processing file /opt/airflow/dags/example_template.py for tasks to queue
[2023-12-10 21:37:15,058] {logging_mixin.py:115} INFO - [2023-12-10 21:37:15,058] {dagbag.py:508} INFO - Filling up the DagBag from /opt/airflow/dags/example_template.py
[2023-12-10 21:37:15,181] {processor.py:651} INFO - DAG(s) dict_keys(['dag_print_context']) retrieved from /opt/airflow/dags/example_template.py
[2023-12-10 21:37:15,291] {logging_mixin.py:115} INFO - [2023-12-10 21:37:15,291] {dag.py:2420} INFO - Sync 1 DAGs
[2023-12-10 21:37:15,365] {logging_mixin.py:115} INFO - [2023-12-10 21:37:15,365] {dag.py:2972} INFO - Setting next_dagrun for dag_print_context to 2023-12-10T00:00:00+00:00, run_after=2023-12-11T00:00:00+00:00
[2023-12-10 21:37:15,399] {processor.py:161} INFO - Processing /opt/airflow/dags/example_template.py took 0.373 seconds
[2023-12-10 21:37:25,833] {processor.py:153} INFO - Started process (PID=249) to work on /opt/airflow/dags/example_template.py
[2023-12-10 21:37:25,846] {processor.py:641} INFO - Processing file /opt/airflow/dags/example_template.py for tasks to queue
[2023-12-10 21:37:25,848] {logging_mixin.py:115} INFO - [2023-12-10 21:37:25,847] {dagbag.py:508} INFO - Filling up the DagBag from /opt/airflow/dags/example_template.py
[2023-12-10 21:37:25,951] {processor.py:651} INFO - DAG(s) dict_keys(['dag_print_context']) retrieved from /opt/airflow/dags/example_template.py
[2023-12-10 21:37:26,051] {logging_mixin.py:115} INFO - [2023-12-10 21:37:26,051] {dag.py:2420} INFO - Sync 1 DAGs
[2023-12-10 21:37:26,198] {logging_mixin.py:115} INFO - [2023-12-10 21:37:26,197] {dag.py:2972} INFO - Setting next_dagrun for dag_print_context to 2023-12-10T00:00:00+00:00, run_after=2023-12-11T00:00:00+00:00
[2023-12-10 21:37:27,086] {processor.py:161} INFO - Processing /opt/airflow/dags/example_template.py took 1.258 seconds
[2023-12-10 21:37:37,192] {processor.py:153} INFO - Started process (PID=269) to work on /opt/airflow/dags/example_template.py
[2023-12-10 21:37:37,194] {processor.py:641} INFO - Processing file /opt/airflow/dags/example_template.py for tasks to queue
[2023-12-10 21:37:37,196] {logging_mixin.py:115} INFO - [2023-12-10 21:37:37,195] {dagbag.py:508} INFO - Filling up the DagBag from /opt/airflow/dags/example_template.py
[2023-12-10 21:37:37,250] {processor.py:651} INFO - DAG(s) dict_keys(['dag_print_context']) retrieved from /opt/airflow/dags/example_template.py
[2023-12-10 21:37:37,302] {logging_mixin.py:115} INFO - [2023-12-10 21:37:37,302] {dag.py:2420} INFO - Sync 1 DAGs
[2023-12-10 21:37:37,339] {logging_mixin.py:115} INFO - [2023-12-10 21:37:37,339] {dag.py:2972} INFO - Setting next_dagrun for dag_print_context to 2023-12-10T00:00:00+00:00, run_after=2023-12-11T00:00:00+00:00
[2023-12-10 21:37:37,363] {processor.py:161} INFO - Processing /opt/airflow/dags/example_template.py took 0.177 seconds
[2023-12-10 21:37:47,558] {processor.py:153} INFO - Started process (PID=289) to work on /opt/airflow/dags/example_template.py
[2023-12-10 21:37:47,560] {processor.py:641} INFO - Processing file /opt/airflow/dags/example_template.py for tasks to queue
[2023-12-10 21:37:47,561] {logging_mixin.py:115} INFO - [2023-12-10 21:37:47,561] {dagbag.py:508} INFO - Filling up the DagBag from /opt/airflow/dags/example_template.py
[2023-12-10 21:37:47,623] {processor.py:651} INFO - DAG(s) dict_keys(['dag_print_context']) retrieved from /opt/airflow/dags/example_template.py
[2023-12-10 21:37:47,700] {logging_mixin.py:115} INFO - [2023-12-10 21:37:47,700] {dag.py:2420} INFO - Sync 1 DAGs
[2023-12-10 21:37:47,782] {logging_mixin.py:115} INFO - [2023-12-10 21:37:47,782] {dag.py:2972} INFO - Setting next_dagrun for dag_print_context to 2023-12-10T00:00:00+00:00, run_after=2023-12-11T00:00:00+00:00
[2023-12-10 21:37:47,808] {processor.py:161} INFO - Processing /opt/airflow/dags/example_template.py took 0.258 seconds
[2023-12-10 21:37:57,914] {processor.py:153} INFO - Started process (PID=309) to work on /opt/airflow/dags/example_template.py
[2023-12-10 21:37:57,916] {processor.py:641} INFO - Processing file /opt/airflow/dags/example_template.py for tasks to queue
[2023-12-10 21:37:57,918] {logging_mixin.py:115} INFO - [2023-12-10 21:37:57,917] {dagbag.py:508} INFO - Filling up the DagBag from /opt/airflow/dags/example_template.py
[2023-12-10 21:37:57,962] {processor.py:651} INFO - DAG(s) dict_keys(['dag_print_context']) retrieved from /opt/airflow/dags/example_template.py
[2023-12-10 21:37:58,016] {logging_mixin.py:115} INFO - [2023-12-10 21:37:58,016] {dag.py:2420} INFO - Sync 1 DAGs
[2023-12-10 21:37:58,068] {logging_mixin.py:115} INFO - [2023-12-10 21:37:58,067] {dag.py:2972} INFO - Setting next_dagrun for dag_print_context to 2023-12-10T00:00:00+00:00, run_after=2023-12-11T00:00:00+00:00
[2023-12-10 21:37:58,095] {processor.py:161} INFO - Processing /opt/airflow/dags/example_template.py took 0.187 seconds
[2023-12-10 21:38:08,281] {processor.py:153} INFO - Started process (PID=329) to work on /opt/airflow/dags/example_template.py
[2023-12-10 21:38:08,284] {processor.py:641} INFO - Processing file /opt/airflow/dags/example_template.py for tasks to queue
[2023-12-10 21:38:08,286] {logging_mixin.py:115} INFO - [2023-12-10 21:38:08,285] {dagbag.py:508} INFO - Filling up the DagBag from /opt/airflow/dags/example_template.py
[2023-12-10 21:38:08,357] {processor.py:651} INFO - DAG(s) dict_keys(['dag_print_context']) retrieved from /opt/airflow/dags/example_template.py
[2023-12-10 21:38:08,467] {logging_mixin.py:115} INFO - [2023-12-10 21:38:08,466] {dag.py:2420} INFO - Sync 1 DAGs
[2023-12-10 21:38:08,649] {logging_mixin.py:115} INFO - [2023-12-10 21:38:08,648] {dag.py:2972} INFO - Setting next_dagrun for dag_print_context to 2023-12-10T00:00:00+00:00, run_after=2023-12-11T00:00:00+00:00
[2023-12-10 21:38:08,686] {processor.py:161} INFO - Processing /opt/airflow/dags/example_template.py took 0.414 seconds
[2023-12-10 21:38:19,354] {processor.py:153} INFO - Started process (PID=349) to work on /opt/airflow/dags/example_template.py
[2023-12-10 21:38:19,356] {processor.py:641} INFO - Processing file /opt/airflow/dags/example_template.py for tasks to queue
[2023-12-10 21:38:19,358] {logging_mixin.py:115} INFO - [2023-12-10 21:38:19,357] {dagbag.py:508} INFO - Filling up the DagBag from /opt/airflow/dags/example_template.py
[2023-12-10 21:38:19,411] {processor.py:651} INFO - DAG(s) dict_keys(['dag_print_context']) retrieved from /opt/airflow/dags/example_template.py
[2023-12-10 21:38:19,474] {logging_mixin.py:115} INFO - [2023-12-10 21:38:19,474] {dag.py:2420} INFO - Sync 1 DAGs
[2023-12-10 21:38:19,537] {logging_mixin.py:115} INFO - [2023-12-10 21:38:19,537] {dag.py:2972} INFO - Setting next_dagrun for dag_print_context to 2023-12-10T00:00:00+00:00, run_after=2023-12-11T00:00:00+00:00
[2023-12-10 21:38:19,569] {processor.py:161} INFO - Processing /opt/airflow/dags/example_template.py took 0.223 seconds
[2023-12-10 21:38:30,002] {processor.py:153} INFO - Started process (PID=369) to work on /opt/airflow/dags/example_template.py
[2023-12-10 21:38:30,005] {processor.py:641} INFO - Processing file /opt/airflow/dags/example_template.py for tasks to queue
[2023-12-10 21:38:30,007] {logging_mixin.py:115} INFO - [2023-12-10 21:38:30,007] {dagbag.py:508} INFO - Filling up the DagBag from /opt/airflow/dags/example_template.py
[2023-12-10 21:38:30,115] {processor.py:651} INFO - DAG(s) dict_keys(['dag_print_context']) retrieved from /opt/airflow/dags/example_template.py
[2023-12-10 21:38:30,233] {logging_mixin.py:115} INFO - [2023-12-10 21:38:30,232] {dag.py:2420} INFO - Sync 1 DAGs
[2023-12-10 21:38:30,397] {logging_mixin.py:115} INFO - [2023-12-10 21:38:30,396] {dag.py:2972} INFO - Setting next_dagrun for dag_print_context to 2023-12-10T00:00:00+00:00, run_after=2023-12-11T00:00:00+00:00
[2023-12-10 21:38:30,462] {processor.py:161} INFO - Processing /opt/airflow/dags/example_template.py took 0.469 seconds
[2023-12-10 21:39:19,460] {processor.py:153} INFO - Started process (PID=169) to work on /opt/airflow/dags/example_template.py
[2023-12-10 21:39:19,462] {processor.py:641} INFO - Processing file /opt/airflow/dags/example_template.py for tasks to queue
[2023-12-10 21:39:19,464] {logging_mixin.py:115} INFO - [2023-12-10 21:39:19,463] {dagbag.py:508} INFO - Filling up the DagBag from /opt/airflow/dags/example_template.py
[2023-12-10 21:39:19,522] {processor.py:651} INFO - DAG(s) dict_keys(['dag_print_context']) retrieved from /opt/airflow/dags/example_template.py
[2023-12-10 21:39:19,660] {logging_mixin.py:115} INFO - [2023-12-10 21:39:19,660] {dag.py:2420} INFO - Sync 1 DAGs
[2023-12-10 21:39:19,796] {logging_mixin.py:115} INFO - [2023-12-10 21:39:19,796] {dag.py:2972} INFO - Setting next_dagrun for dag_print_context to 2023-12-10T00:00:00+00:00, run_after=2023-12-11T00:00:00+00:00
[2023-12-10 21:39:19,879] {processor.py:161} INFO - Processing /opt/airflow/dags/example_template.py took 0.430 seconds
[2023-12-10 21:39:31,286] {processor.py:153} INFO - Started process (PID=189) to work on /opt/airflow/dags/example_template.py
[2023-12-10 21:39:31,319] {processor.py:641} INFO - Processing file /opt/airflow/dags/example_template.py for tasks to queue
[2023-12-10 21:39:31,334] {logging_mixin.py:115} INFO - [2023-12-10 21:39:31,324] {dagbag.py:508} INFO - Filling up the DagBag from /opt/airflow/dags/example_template.py
[2023-12-10 21:39:31,758] {processor.py:651} INFO - DAG(s) dict_keys(['dag_print_context']) retrieved from /opt/airflow/dags/example_template.py
[2023-12-10 21:39:32,039] {logging_mixin.py:115} INFO - [2023-12-10 21:39:32,023] {dag.py:2420} INFO - Sync 1 DAGs
[2023-12-10 21:39:32,269] {logging_mixin.py:115} INFO - [2023-12-10 21:39:32,269] {dag.py:2972} INFO - Setting next_dagrun for dag_print_context to 2023-12-10T00:00:00+00:00, run_after=2023-12-11T00:00:00+00:00
[2023-12-10 21:39:32,393] {processor.py:161} INFO - Processing /opt/airflow/dags/example_template.py took 1.158 seconds
[2023-12-10 21:39:42,620] {processor.py:153} INFO - Started process (PID=209) to work on /opt/airflow/dags/example_template.py
[2023-12-10 21:39:42,621] {processor.py:641} INFO - Processing file /opt/airflow/dags/example_template.py for tasks to queue
[2023-12-10 21:39:42,623] {logging_mixin.py:115} INFO - [2023-12-10 21:39:42,623] {dagbag.py:508} INFO - Filling up the DagBag from /opt/airflow/dags/example_template.py
[2023-12-10 21:39:42,678] {processor.py:651} INFO - DAG(s) dict_keys(['dag_print_context']) retrieved from /opt/airflow/dags/example_template.py
[2023-12-10 21:39:42,743] {logging_mixin.py:115} INFO - [2023-12-10 21:39:42,743] {dag.py:2420} INFO - Sync 1 DAGs
[2023-12-10 21:39:42,788] {logging_mixin.py:115} INFO - [2023-12-10 21:39:42,788] {dag.py:2972} INFO - Setting next_dagrun for dag_print_context to 2023-12-10T00:00:00+00:00, run_after=2023-12-11T00:00:00+00:00
[2023-12-10 21:39:42,822] {processor.py:161} INFO - Processing /opt/airflow/dags/example_template.py took 0.210 seconds
[2023-12-10 21:39:53,054] {processor.py:153} INFO - Started process (PID=229) to work on /opt/airflow/dags/example_template.py
[2023-12-10 21:39:53,055] {processor.py:641} INFO - Processing file /opt/airflow/dags/example_template.py for tasks to queue
[2023-12-10 21:39:53,058] {logging_mixin.py:115} INFO - [2023-12-10 21:39:53,058] {dagbag.py:508} INFO - Filling up the DagBag from /opt/airflow/dags/example_template.py
[2023-12-10 21:39:53,108] {processor.py:651} INFO - DAG(s) dict_keys(['dag_print_context']) retrieved from /opt/airflow/dags/example_template.py
[2023-12-10 21:39:53,158] {logging_mixin.py:115} INFO - [2023-12-10 21:39:53,158] {dag.py:2420} INFO - Sync 1 DAGs
[2023-12-10 21:39:53,199] {logging_mixin.py:115} INFO - [2023-12-10 21:39:53,198] {dag.py:2972} INFO - Setting next_dagrun for dag_print_context to 2023-12-10T00:00:00+00:00, run_after=2023-12-11T00:00:00+00:00
[2023-12-10 21:39:53,225] {processor.py:161} INFO - Processing /opt/airflow/dags/example_template.py took 0.177 seconds
[2023-12-10 21:40:03,525] {processor.py:153} INFO - Started process (PID=249) to work on /opt/airflow/dags/example_template.py
[2023-12-10 21:40:03,526] {processor.py:641} INFO - Processing file /opt/airflow/dags/example_template.py for tasks to queue
[2023-12-10 21:40:03,528] {logging_mixin.py:115} INFO - [2023-12-10 21:40:03,528] {dagbag.py:508} INFO - Filling up the DagBag from /opt/airflow/dags/example_template.py
[2023-12-10 21:40:03,573] {processor.py:651} INFO - DAG(s) dict_keys(['dag_print_context']) retrieved from /opt/airflow/dags/example_template.py
[2023-12-10 21:40:03,627] {logging_mixin.py:115} INFO - [2023-12-10 21:40:03,627] {dag.py:2420} INFO - Sync 1 DAGs
[2023-12-10 21:40:03,667] {logging_mixin.py:115} INFO - [2023-12-10 21:40:03,666] {dag.py:2972} INFO - Setting next_dagrun for dag_print_context to 2023-12-10T00:00:00+00:00, run_after=2023-12-11T00:00:00+00:00
[2023-12-10 21:40:03,692] {processor.py:161} INFO - Processing /opt/airflow/dags/example_template.py took 0.174 seconds
[2023-12-10 21:40:15,824] {processor.py:153} INFO - Started process (PID=269) to work on /opt/airflow/dags/example_template.py
[2023-12-10 21:40:15,842] {processor.py:641} INFO - Processing file /opt/airflow/dags/example_template.py for tasks to queue
[2023-12-10 21:40:15,849] {logging_mixin.py:115} INFO - [2023-12-10 21:40:15,849] {dagbag.py:508} INFO - Filling up the DagBag from /opt/airflow/dags/example_template.py
[2023-12-10 21:40:15,950] {processor.py:651} INFO - DAG(s) dict_keys(['dag_print_context']) retrieved from /opt/airflow/dags/example_template.py
[2023-12-10 21:40:16,072] {logging_mixin.py:115} INFO - [2023-12-10 21:40:16,071] {dag.py:2420} INFO - Sync 1 DAGs
[2023-12-10 21:40:16,250] {logging_mixin.py:115} INFO - [2023-12-10 21:40:16,250] {dag.py:2972} INFO - Setting next_dagrun for dag_print_context to 2023-12-10T00:00:00+00:00, run_after=2023-12-11T00:00:00+00:00
[2023-12-10 21:40:17,389] {processor.py:161} INFO - Processing /opt/airflow/dags/example_template.py took 1.573 seconds
[2023-12-10 21:40:28,179] {processor.py:153} INFO - Started process (PID=289) to work on /opt/airflow/dags/example_template.py
[2023-12-10 21:40:28,181] {processor.py:641} INFO - Processing file /opt/airflow/dags/example_template.py for tasks to queue
[2023-12-10 21:40:28,186] {logging_mixin.py:115} INFO - [2023-12-10 21:40:28,186] {dagbag.py:508} INFO - Filling up the DagBag from /opt/airflow/dags/example_template.py
[2023-12-10 21:40:28,233] {processor.py:651} INFO - DAG(s) dict_keys(['dag_print_context']) retrieved from /opt/airflow/dags/example_template.py
[2023-12-10 21:40:28,297] {logging_mixin.py:115} INFO - [2023-12-10 21:40:28,297] {dag.py:2420} INFO - Sync 1 DAGs
[2023-12-10 21:40:28,367] {logging_mixin.py:115} INFO - [2023-12-10 21:40:28,367] {dag.py:2972} INFO - Setting next_dagrun for dag_print_context to 2023-12-10T00:00:00+00:00, run_after=2023-12-11T00:00:00+00:00
[2023-12-10 21:40:28,398] {processor.py:161} INFO - Processing /opt/airflow/dags/example_template.py took 0.225 seconds
[2023-12-10 21:40:38,750] {processor.py:153} INFO - Started process (PID=309) to work on /opt/airflow/dags/example_template.py
[2023-12-10 21:40:38,751] {processor.py:641} INFO - Processing file /opt/airflow/dags/example_template.py for tasks to queue
[2023-12-10 21:40:38,753] {logging_mixin.py:115} INFO - [2023-12-10 21:40:38,753] {dagbag.py:508} INFO - Filling up the DagBag from /opt/airflow/dags/example_template.py
[2023-12-10 21:40:38,797] {processor.py:651} INFO - DAG(s) dict_keys(['dag_print_context']) retrieved from /opt/airflow/dags/example_template.py
[2023-12-10 21:40:38,834] {logging_mixin.py:115} INFO - [2023-12-10 21:40:38,834] {dag.py:2420} INFO - Sync 1 DAGs
[2023-12-10 21:40:38,868] {logging_mixin.py:115} INFO - [2023-12-10 21:40:38,868] {dag.py:2972} INFO - Setting next_dagrun for dag_print_context to 2023-12-10T00:00:00+00:00, run_after=2023-12-11T00:00:00+00:00
[2023-12-10 21:40:38,932] {processor.py:161} INFO - Processing /opt/airflow/dags/example_template.py took 0.187 seconds
[2023-12-10 21:40:49,327] {processor.py:153} INFO - Started process (PID=329) to work on /opt/airflow/dags/example_template.py
[2023-12-10 21:40:49,329] {processor.py:641} INFO - Processing file /opt/airflow/dags/example_template.py for tasks to queue
[2023-12-10 21:40:49,330] {logging_mixin.py:115} INFO - [2023-12-10 21:40:49,330] {dagbag.py:508} INFO - Filling up the DagBag from /opt/airflow/dags/example_template.py
[2023-12-10 21:40:49,371] {processor.py:651} INFO - DAG(s) dict_keys(['dag_print_context']) retrieved from /opt/airflow/dags/example_template.py
[2023-12-10 21:40:49,430] {logging_mixin.py:115} INFO - [2023-12-10 21:40:49,430] {dag.py:2420} INFO - Sync 1 DAGs
[2023-12-10 21:40:49,492] {logging_mixin.py:115} INFO - [2023-12-10 21:40:49,492] {dag.py:2972} INFO - Setting next_dagrun for dag_print_context to 2023-12-10T00:00:00+00:00, run_after=2023-12-11T00:00:00+00:00
[2023-12-10 21:40:49,518] {processor.py:161} INFO - Processing /opt/airflow/dags/example_template.py took 0.196 seconds
[2023-12-10 21:40:59,924] {processor.py:153} INFO - Started process (PID=349) to work on /opt/airflow/dags/example_template.py
[2023-12-10 21:40:59,925] {processor.py:641} INFO - Processing file /opt/airflow/dags/example_template.py for tasks to queue
[2023-12-10 21:40:59,927] {logging_mixin.py:115} INFO - [2023-12-10 21:40:59,927] {dagbag.py:508} INFO - Filling up the DagBag from /opt/airflow/dags/example_template.py
[2023-12-10 21:40:59,970] {processor.py:651} INFO - DAG(s) dict_keys(['dag_print_context']) retrieved from /opt/airflow/dags/example_template.py
[2023-12-10 21:41:00,011] {logging_mixin.py:115} INFO - [2023-12-10 21:41:00,011] {dag.py:2420} INFO - Sync 1 DAGs
[2023-12-10 21:41:00,060] {logging_mixin.py:115} INFO - [2023-12-10 21:41:00,059] {dag.py:2972} INFO - Setting next_dagrun for dag_print_context to 2023-12-10T00:00:00+00:00, run_after=2023-12-11T00:00:00+00:00
[2023-12-10 21:41:00,082] {processor.py:161} INFO - Processing /opt/airflow/dags/example_template.py took 0.165 seconds
[2023-12-10 21:41:10,447] {processor.py:153} INFO - Started process (PID=369) to work on /opt/airflow/dags/example_template.py
[2023-12-10 21:41:10,449] {processor.py:641} INFO - Processing file /opt/airflow/dags/example_template.py for tasks to queue
[2023-12-10 21:41:10,451] {logging_mixin.py:115} INFO - [2023-12-10 21:41:10,450] {dagbag.py:508} INFO - Filling up the DagBag from /opt/airflow/dags/example_template.py
[2023-12-10 21:41:10,507] {processor.py:651} INFO - DAG(s) dict_keys(['dag_print_context']) retrieved from /opt/airflow/dags/example_template.py
[2023-12-10 21:41:10,558] {logging_mixin.py:115} INFO - [2023-12-10 21:41:10,558] {dag.py:2420} INFO - Sync 1 DAGs
[2023-12-10 21:41:10,592] {logging_mixin.py:115} INFO - [2023-12-10 21:41:10,592] {dag.py:2972} INFO - Setting next_dagrun for dag_print_context to 2023-12-10T00:00:00+00:00, run_after=2023-12-11T00:00:00+00:00
[2023-12-10 21:41:10,616] {processor.py:161} INFO - Processing /opt/airflow/dags/example_template.py took 0.175 seconds
[2023-12-10 21:41:21,017] {processor.py:153} INFO - Started process (PID=389) to work on /opt/airflow/dags/example_template.py
[2023-12-10 21:41:21,018] {processor.py:641} INFO - Processing file /opt/airflow/dags/example_template.py for tasks to queue
[2023-12-10 21:41:21,020] {logging_mixin.py:115} INFO - [2023-12-10 21:41:21,019] {dagbag.py:508} INFO - Filling up the DagBag from /opt/airflow/dags/example_template.py
[2023-12-10 21:41:21,065] {processor.py:651} INFO - DAG(s) dict_keys(['dag_print_context']) retrieved from /opt/airflow/dags/example_template.py
[2023-12-10 21:41:21,110] {logging_mixin.py:115} INFO - [2023-12-10 21:41:21,110] {dag.py:2420} INFO - Sync 1 DAGs
[2023-12-10 21:41:21,148] {logging_mixin.py:115} INFO - [2023-12-10 21:41:21,148] {dag.py:2972} INFO - Setting next_dagrun for dag_print_context to 2023-12-10T00:00:00+00:00, run_after=2023-12-11T00:00:00+00:00
[2023-12-10 21:41:21,170] {processor.py:161} INFO - Processing /opt/airflow/dags/example_template.py took 0.164 seconds
[2023-12-10 21:41:31,525] {processor.py:153} INFO - Started process (PID=409) to work on /opt/airflow/dags/example_template.py
[2023-12-10 21:41:31,527] {processor.py:641} INFO - Processing file /opt/airflow/dags/example_template.py for tasks to queue
[2023-12-10 21:41:31,528] {logging_mixin.py:115} INFO - [2023-12-10 21:41:31,528] {dagbag.py:508} INFO - Filling up the DagBag from /opt/airflow/dags/example_template.py
[2023-12-10 21:41:31,570] {processor.py:651} INFO - DAG(s) dict_keys(['dag_print_context']) retrieved from /opt/airflow/dags/example_template.py
[2023-12-10 21:41:31,644] {logging_mixin.py:115} INFO - [2023-12-10 21:41:31,644] {dag.py:2420} INFO - Sync 1 DAGs
[2023-12-10 21:41:31,703] {logging_mixin.py:115} INFO - [2023-12-10 21:41:31,702] {dag.py:2972} INFO - Setting next_dagrun for dag_print_context to 2023-12-10T00:00:00+00:00, run_after=2023-12-11T00:00:00+00:00
[2023-12-10 21:41:31,732] {processor.py:161} INFO - Processing /opt/airflow/dags/example_template.py took 0.212 seconds
[2023-12-10 21:41:42,052] {processor.py:153} INFO - Started process (PID=429) to work on /opt/airflow/dags/example_template.py
[2023-12-10 21:41:42,053] {processor.py:641} INFO - Processing file /opt/airflow/dags/example_template.py for tasks to queue
[2023-12-10 21:41:42,057] {logging_mixin.py:115} INFO - [2023-12-10 21:41:42,057] {dagbag.py:508} INFO - Filling up the DagBag from /opt/airflow/dags/example_template.py
[2023-12-10 21:41:42,110] {processor.py:651} INFO - DAG(s) dict_keys(['dag_print_context']) retrieved from /opt/airflow/dags/example_template.py
[2023-12-10 21:41:42,157] {logging_mixin.py:115} INFO - [2023-12-10 21:41:42,157] {dag.py:2420} INFO - Sync 1 DAGs
[2023-12-10 21:41:42,198] {logging_mixin.py:115} INFO - [2023-12-10 21:41:42,198] {dag.py:2972} INFO - Setting next_dagrun for dag_print_context to 2023-12-10T00:00:00+00:00, run_after=2023-12-11T00:00:00+00:00
[2023-12-10 21:41:42,227] {processor.py:161} INFO - Processing /opt/airflow/dags/example_template.py took 0.182 seconds
[2023-12-10 21:41:52,301] {processor.py:153} INFO - Started process (PID=449) to work on /opt/airflow/dags/example_template.py
[2023-12-10 21:41:52,303] {processor.py:641} INFO - Processing file /opt/airflow/dags/example_template.py for tasks to queue
[2023-12-10 21:41:52,307] {logging_mixin.py:115} INFO - [2023-12-10 21:41:52,307] {dagbag.py:508} INFO - Filling up the DagBag from /opt/airflow/dags/example_template.py
[2023-12-10 21:41:52,363] {processor.py:651} INFO - DAG(s) dict_keys(['dag_print_context']) retrieved from /opt/airflow/dags/example_template.py
[2023-12-10 21:41:52,425] {logging_mixin.py:115} INFO - [2023-12-10 21:41:52,425] {dag.py:2420} INFO - Sync 1 DAGs
[2023-12-10 21:41:52,465] {logging_mixin.py:115} INFO - [2023-12-10 21:41:52,465] {dag.py:2972} INFO - Setting next_dagrun for dag_print_context to 2023-12-10T00:00:00+00:00, run_after=2023-12-11T00:00:00+00:00
[2023-12-10 21:41:52,488] {processor.py:161} INFO - Processing /opt/airflow/dags/example_template.py took 0.194 seconds
[2023-12-10 21:42:02,896] {processor.py:153} INFO - Started process (PID=469) to work on /opt/airflow/dags/example_template.py
[2023-12-10 21:42:02,897] {processor.py:641} INFO - Processing file /opt/airflow/dags/example_template.py for tasks to queue
[2023-12-10 21:42:02,899] {logging_mixin.py:115} INFO - [2023-12-10 21:42:02,899] {dagbag.py:508} INFO - Filling up the DagBag from /opt/airflow/dags/example_template.py
[2023-12-10 21:42:02,947] {processor.py:651} INFO - DAG(s) dict_keys(['dag_print_context']) retrieved from /opt/airflow/dags/example_template.py
[2023-12-10 21:42:03,000] {logging_mixin.py:115} INFO - [2023-12-10 21:42:03,000] {dag.py:2420} INFO - Sync 1 DAGs
[2023-12-10 21:42:03,040] {logging_mixin.py:115} INFO - [2023-12-10 21:42:03,040] {dag.py:2972} INFO - Setting next_dagrun for dag_print_context to 2023-12-10T00:00:00+00:00, run_after=2023-12-11T00:00:00+00:00
[2023-12-10 21:42:03,066] {processor.py:161} INFO - Processing /opt/airflow/dags/example_template.py took 0.176 seconds
[2023-12-10 21:42:13,417] {processor.py:153} INFO - Started process (PID=489) to work on /opt/airflow/dags/example_template.py
[2023-12-10 21:42:13,420] {processor.py:641} INFO - Processing file /opt/airflow/dags/example_template.py for tasks to queue
[2023-12-10 21:42:13,421] {logging_mixin.py:115} INFO - [2023-12-10 21:42:13,421] {dagbag.py:508} INFO - Filling up the DagBag from /opt/airflow/dags/example_template.py
[2023-12-10 21:42:13,464] {processor.py:651} INFO - DAG(s) dict_keys(['dag_print_context']) retrieved from /opt/airflow/dags/example_template.py
[2023-12-10 21:42:13,509] {logging_mixin.py:115} INFO - [2023-12-10 21:42:13,509] {dag.py:2420} INFO - Sync 1 DAGs
[2023-12-10 21:42:13,547] {logging_mixin.py:115} INFO - [2023-12-10 21:42:13,547] {dag.py:2972} INFO - Setting next_dagrun for dag_print_context to 2023-12-10T00:00:00+00:00, run_after=2023-12-11T00:00:00+00:00
[2023-12-10 21:42:13,579] {processor.py:161} INFO - Processing /opt/airflow/dags/example_template.py took 0.169 seconds
[2023-12-10 21:42:23,798] {processor.py:153} INFO - Started process (PID=509) to work on /opt/airflow/dags/example_template.py
[2023-12-10 21:42:23,799] {processor.py:641} INFO - Processing file /opt/airflow/dags/example_template.py for tasks to queue
[2023-12-10 21:42:23,800] {logging_mixin.py:115} INFO - [2023-12-10 21:42:23,800] {dagbag.py:508} INFO - Filling up the DagBag from /opt/airflow/dags/example_template.py
[2023-12-10 21:42:23,841] {processor.py:651} INFO - DAG(s) dict_keys(['dag_print_context']) retrieved from /opt/airflow/dags/example_template.py
[2023-12-10 21:42:23,885] {logging_mixin.py:115} INFO - [2023-12-10 21:42:23,885] {dag.py:2420} INFO - Sync 1 DAGs
[2023-12-10 21:42:23,935] {logging_mixin.py:115} INFO - [2023-12-10 21:42:23,935] {dag.py:2972} INFO - Setting next_dagrun for dag_print_context to 2023-12-10T00:00:00+00:00, run_after=2023-12-11T00:00:00+00:00
[2023-12-10 21:42:23,958] {processor.py:161} INFO - Processing /opt/airflow/dags/example_template.py took 0.168 seconds
[2023-12-10 21:42:34,350] {processor.py:153} INFO - Started process (PID=529) to work on /opt/airflow/dags/example_template.py
[2023-12-10 21:42:34,352] {processor.py:641} INFO - Processing file /opt/airflow/dags/example_template.py for tasks to queue
[2023-12-10 21:42:34,353] {logging_mixin.py:115} INFO - [2023-12-10 21:42:34,353] {dagbag.py:508} INFO - Filling up the DagBag from /opt/airflow/dags/example_template.py
[2023-12-10 21:42:34,393] {processor.py:651} INFO - DAG(s) dict_keys(['dag_print_context']) retrieved from /opt/airflow/dags/example_template.py
[2023-12-10 21:42:34,433] {logging_mixin.py:115} INFO - [2023-12-10 21:42:34,433] {dag.py:2420} INFO - Sync 1 DAGs
[2023-12-10 21:42:34,467] {logging_mixin.py:115} INFO - [2023-12-10 21:42:34,467] {dag.py:2972} INFO - Setting next_dagrun for dag_print_context to 2023-12-10T00:00:00+00:00, run_after=2023-12-11T00:00:00+00:00
[2023-12-10 21:42:34,490] {processor.py:161} INFO - Processing /opt/airflow/dags/example_template.py took 0.150 seconds
[2023-12-10 21:42:44,830] {processor.py:153} INFO - Started process (PID=549) to work on /opt/airflow/dags/example_template.py
[2023-12-10 21:42:44,832] {processor.py:641} INFO - Processing file /opt/airflow/dags/example_template.py for tasks to queue
[2023-12-10 21:42:44,833] {logging_mixin.py:115} INFO - [2023-12-10 21:42:44,833] {dagbag.py:508} INFO - Filling up the DagBag from /opt/airflow/dags/example_template.py
[2023-12-10 21:42:44,880] {processor.py:651} INFO - DAG(s) dict_keys(['dag_print_context']) retrieved from /opt/airflow/dags/example_template.py
[2023-12-10 21:42:44,935] {logging_mixin.py:115} INFO - [2023-12-10 21:42:44,935] {dag.py:2420} INFO - Sync 1 DAGs
[2023-12-10 21:42:44,990] {logging_mixin.py:115} INFO - [2023-12-10 21:42:44,990] {dag.py:2972} INFO - Setting next_dagrun for dag_print_context to 2023-12-10T00:00:00+00:00, run_after=2023-12-11T00:00:00+00:00
[2023-12-10 21:42:45,027] {processor.py:161} INFO - Processing /opt/airflow/dags/example_template.py took 0.200 seconds
[2023-12-10 21:42:55,581] {processor.py:153} INFO - Started process (PID=569) to work on /opt/airflow/dags/example_template.py
[2023-12-10 21:42:55,582] {processor.py:641} INFO - Processing file /opt/airflow/dags/example_template.py for tasks to queue
[2023-12-10 21:42:55,584] {logging_mixin.py:115} INFO - [2023-12-10 21:42:55,584] {dagbag.py:508} INFO - Filling up the DagBag from /opt/airflow/dags/example_template.py
[2023-12-10 21:42:55,622] {processor.py:651} INFO - DAG(s) dict_keys(['dag_print_context']) retrieved from /opt/airflow/dags/example_template.py
[2023-12-10 21:42:55,670] {logging_mixin.py:115} INFO - [2023-12-10 21:42:55,669] {dag.py:2420} INFO - Sync 1 DAGs
[2023-12-10 21:42:55,718] {logging_mixin.py:115} INFO - [2023-12-10 21:42:55,718] {dag.py:2972} INFO - Setting next_dagrun for dag_print_context to 2023-12-10T00:00:00+00:00, run_after=2023-12-11T00:00:00+00:00
[2023-12-10 21:42:55,744] {processor.py:161} INFO - Processing /opt/airflow/dags/example_template.py took 0.170 seconds
[2023-12-10 21:43:06,129] {processor.py:153} INFO - Started process (PID=589) to work on /opt/airflow/dags/example_template.py
[2023-12-10 21:43:06,130] {processor.py:641} INFO - Processing file /opt/airflow/dags/example_template.py for tasks to queue
[2023-12-10 21:43:06,131] {logging_mixin.py:115} INFO - [2023-12-10 21:43:06,131] {dagbag.py:508} INFO - Filling up the DagBag from /opt/airflow/dags/example_template.py
[2023-12-10 21:43:06,179] {processor.py:651} INFO - DAG(s) dict_keys(['dag_print_context']) retrieved from /opt/airflow/dags/example_template.py
[2023-12-10 21:43:06,226] {logging_mixin.py:115} INFO - [2023-12-10 21:43:06,226] {dag.py:2420} INFO - Sync 1 DAGs
[2023-12-10 21:43:06,267] {logging_mixin.py:115} INFO - [2023-12-10 21:43:06,267] {dag.py:2972} INFO - Setting next_dagrun for dag_print_context to 2023-12-10T00:00:00+00:00, run_after=2023-12-11T00:00:00+00:00
[2023-12-10 21:43:06,297] {processor.py:161} INFO - Processing /opt/airflow/dags/example_template.py took 0.173 seconds
[2023-12-10 21:43:16,706] {processor.py:153} INFO - Started process (PID=609) to work on /opt/airflow/dags/example_template.py
[2023-12-10 21:43:16,707] {processor.py:641} INFO - Processing file /opt/airflow/dags/example_template.py for tasks to queue
[2023-12-10 21:43:16,708] {logging_mixin.py:115} INFO - [2023-12-10 21:43:16,708] {dagbag.py:508} INFO - Filling up the DagBag from /opt/airflow/dags/example_template.py
[2023-12-10 21:43:16,761] {processor.py:651} INFO - DAG(s) dict_keys(['dag_print_context']) retrieved from /opt/airflow/dags/example_template.py
[2023-12-10 21:43:16,810] {logging_mixin.py:115} INFO - [2023-12-10 21:43:16,810] {dag.py:2420} INFO - Sync 1 DAGs
[2023-12-10 21:43:16,853] {logging_mixin.py:115} INFO - [2023-12-10 21:43:16,852] {dag.py:2972} INFO - Setting next_dagrun for dag_print_context to 2023-12-10T00:00:00+00:00, run_after=2023-12-11T00:00:00+00:00
[2023-12-10 21:43:16,876] {processor.py:161} INFO - Processing /opt/airflow/dags/example_template.py took 0.176 seconds
[2023-12-10 21:43:27,257] {processor.py:153} INFO - Started process (PID=629) to work on /opt/airflow/dags/example_template.py
[2023-12-10 21:43:27,258] {processor.py:641} INFO - Processing file /opt/airflow/dags/example_template.py for tasks to queue
[2023-12-10 21:43:27,260] {logging_mixin.py:115} INFO - [2023-12-10 21:43:27,260] {dagbag.py:508} INFO - Filling up the DagBag from /opt/airflow/dags/example_template.py
[2023-12-10 21:43:27,303] {processor.py:651} INFO - DAG(s) dict_keys(['dag_print_context']) retrieved from /opt/airflow/dags/example_template.py
[2023-12-10 21:43:27,342] {logging_mixin.py:115} INFO - [2023-12-10 21:43:27,342] {dag.py:2420} INFO - Sync 1 DAGs
[2023-12-10 21:43:27,386] {logging_mixin.py:115} INFO - [2023-12-10 21:43:27,386] {dag.py:2972} INFO - Setting next_dagrun for dag_print_context to 2023-12-10T00:00:00+00:00, run_after=2023-12-11T00:00:00+00:00
[2023-12-10 21:43:27,416] {processor.py:161} INFO - Processing /opt/airflow/dags/example_template.py took 0.164 seconds
[2023-12-10 21:43:37,855] {processor.py:153} INFO - Started process (PID=649) to work on /opt/airflow/dags/example_template.py
[2023-12-10 21:43:37,856] {processor.py:641} INFO - Processing file /opt/airflow/dags/example_template.py for tasks to queue
[2023-12-10 21:43:37,857] {logging_mixin.py:115} INFO - [2023-12-10 21:43:37,857] {dagbag.py:508} INFO - Filling up the DagBag from /opt/airflow/dags/example_template.py
[2023-12-10 21:43:37,895] {processor.py:651} INFO - DAG(s) dict_keys(['dag_print_context']) retrieved from /opt/airflow/dags/example_template.py
[2023-12-10 21:43:37,939] {logging_mixin.py:115} INFO - [2023-12-10 21:43:37,939] {dag.py:2420} INFO - Sync 1 DAGs
[2023-12-10 21:43:37,983] {logging_mixin.py:115} INFO - [2023-12-10 21:43:37,983] {dag.py:2972} INFO - Setting next_dagrun for dag_print_context to 2023-12-10T00:00:00+00:00, run_after=2023-12-11T00:00:00+00:00
[2023-12-10 21:43:38,007] {processor.py:161} INFO - Processing /opt/airflow/dags/example_template.py took 0.161 seconds
[2023-12-10 21:43:48,414] {processor.py:153} INFO - Started process (PID=669) to work on /opt/airflow/dags/example_template.py
[2023-12-10 21:43:48,415] {processor.py:641} INFO - Processing file /opt/airflow/dags/example_template.py for tasks to queue
[2023-12-10 21:43:48,416] {logging_mixin.py:115} INFO - [2023-12-10 21:43:48,416] {dagbag.py:508} INFO - Filling up the DagBag from /opt/airflow/dags/example_template.py
[2023-12-10 21:43:48,456] {processor.py:651} INFO - DAG(s) dict_keys(['dag_print_context']) retrieved from /opt/airflow/dags/example_template.py
[2023-12-10 21:43:48,496] {logging_mixin.py:115} INFO - [2023-12-10 21:43:48,496] {dag.py:2420} INFO - Sync 1 DAGs
[2023-12-10 21:43:48,550] {logging_mixin.py:115} INFO - [2023-12-10 21:43:48,550] {dag.py:2972} INFO - Setting next_dagrun for dag_print_context to 2023-12-10T00:00:00+00:00, run_after=2023-12-11T00:00:00+00:00
[2023-12-10 21:43:48,574] {processor.py:161} INFO - Processing /opt/airflow/dags/example_template.py took 0.166 seconds
[2023-12-10 21:43:59,028] {processor.py:153} INFO - Started process (PID=689) to work on /opt/airflow/dags/example_template.py
[2023-12-10 21:43:59,030] {processor.py:641} INFO - Processing file /opt/airflow/dags/example_template.py for tasks to queue
[2023-12-10 21:43:59,032] {logging_mixin.py:115} INFO - [2023-12-10 21:43:59,032] {dagbag.py:508} INFO - Filling up the DagBag from /opt/airflow/dags/example_template.py
[2023-12-10 21:43:59,074] {processor.py:651} INFO - DAG(s) dict_keys(['dag_print_context']) retrieved from /opt/airflow/dags/example_template.py
[2023-12-10 21:43:59,114] {logging_mixin.py:115} INFO - [2023-12-10 21:43:59,114] {dag.py:2420} INFO - Sync 1 DAGs
[2023-12-10 21:43:59,155] {logging_mixin.py:115} INFO - [2023-12-10 21:43:59,155] {dag.py:2972} INFO - Setting next_dagrun for dag_print_context to 2023-12-10T00:00:00+00:00, run_after=2023-12-11T00:00:00+00:00
[2023-12-10 21:43:59,177] {processor.py:161} INFO - Processing /opt/airflow/dags/example_template.py took 0.160 seconds
[2023-12-10 21:44:09,563] {processor.py:153} INFO - Started process (PID=709) to work on /opt/airflow/dags/example_template.py
[2023-12-10 21:44:09,566] {processor.py:641} INFO - Processing file /opt/airflow/dags/example_template.py for tasks to queue
[2023-12-10 21:44:09,569] {logging_mixin.py:115} INFO - [2023-12-10 21:44:09,569] {dagbag.py:508} INFO - Filling up the DagBag from /opt/airflow/dags/example_template.py
[2023-12-10 21:44:09,616] {processor.py:651} INFO - DAG(s) dict_keys(['dag_print_context']) retrieved from /opt/airflow/dags/example_template.py
[2023-12-10 21:44:09,660] {logging_mixin.py:115} INFO - [2023-12-10 21:44:09,659] {dag.py:2420} INFO - Sync 1 DAGs
[2023-12-10 21:44:09,723] {logging_mixin.py:115} INFO - [2023-12-10 21:44:09,722] {dag.py:2972} INFO - Setting next_dagrun for dag_print_context to 2023-12-10T00:00:00+00:00, run_after=2023-12-11T00:00:00+00:00
[2023-12-10 21:44:09,753] {processor.py:161} INFO - Processing /opt/airflow/dags/example_template.py took 0.198 seconds
[2023-12-10 21:44:20,146] {processor.py:153} INFO - Started process (PID=729) to work on /opt/airflow/dags/example_template.py
[2023-12-10 21:44:20,148] {processor.py:641} INFO - Processing file /opt/airflow/dags/example_template.py for tasks to queue
[2023-12-10 21:44:20,149] {logging_mixin.py:115} INFO - [2023-12-10 21:44:20,149] {dagbag.py:508} INFO - Filling up the DagBag from /opt/airflow/dags/example_template.py
[2023-12-10 21:44:20,195] {processor.py:651} INFO - DAG(s) dict_keys(['dag_print_context']) retrieved from /opt/airflow/dags/example_template.py
[2023-12-10 21:44:20,242] {logging_mixin.py:115} INFO - [2023-12-10 21:44:20,241] {dag.py:2420} INFO - Sync 1 DAGs
[2023-12-10 21:44:20,295] {logging_mixin.py:115} INFO - [2023-12-10 21:44:20,295] {dag.py:2972} INFO - Setting next_dagrun for dag_print_context to 2023-12-10T00:00:00+00:00, run_after=2023-12-11T00:00:00+00:00
[2023-12-10 21:44:20,336] {processor.py:161} INFO - Processing /opt/airflow/dags/example_template.py took 0.194 seconds
[2023-12-10 21:44:30,686] {processor.py:153} INFO - Started process (PID=749) to work on /opt/airflow/dags/example_template.py
[2023-12-10 21:44:30,689] {processor.py:641} INFO - Processing file /opt/airflow/dags/example_template.py for tasks to queue
[2023-12-10 21:44:30,691] {logging_mixin.py:115} INFO - [2023-12-10 21:44:30,691] {dagbag.py:508} INFO - Filling up the DagBag from /opt/airflow/dags/example_template.py
[2023-12-10 21:44:30,741] {processor.py:651} INFO - DAG(s) dict_keys(['dag_print_context']) retrieved from /opt/airflow/dags/example_template.py
[2023-12-10 21:44:30,791] {logging_mixin.py:115} INFO - [2023-12-10 21:44:30,790] {dag.py:2420} INFO - Sync 1 DAGs
[2023-12-10 21:44:30,852] {logging_mixin.py:115} INFO - [2023-12-10 21:44:30,852] {dag.py:2972} INFO - Setting next_dagrun for dag_print_context to 2023-12-10T00:00:00+00:00, run_after=2023-12-11T00:00:00+00:00
[2023-12-10 21:44:30,884] {processor.py:161} INFO - Processing /opt/airflow/dags/example_template.py took 0.212 seconds
[2023-12-10 21:44:41,196] {processor.py:153} INFO - Started process (PID=769) to work on /opt/airflow/dags/example_template.py
[2023-12-10 21:44:41,198] {processor.py:641} INFO - Processing file /opt/airflow/dags/example_template.py for tasks to queue
[2023-12-10 21:44:41,199] {logging_mixin.py:115} INFO - [2023-12-10 21:44:41,199] {dagbag.py:508} INFO - Filling up the DagBag from /opt/airflow/dags/example_template.py
[2023-12-10 21:44:41,246] {processor.py:651} INFO - DAG(s) dict_keys(['dag_print_context']) retrieved from /opt/airflow/dags/example_template.py
[2023-12-10 21:44:41,295] {logging_mixin.py:115} INFO - [2023-12-10 21:44:41,295] {dag.py:2420} INFO - Sync 1 DAGs
[2023-12-10 21:44:41,342] {logging_mixin.py:115} INFO - [2023-12-10 21:44:41,342] {dag.py:2972} INFO - Setting next_dagrun for dag_print_context to 2023-12-10T00:00:00+00:00, run_after=2023-12-11T00:00:00+00:00
[2023-12-10 21:44:41,367] {processor.py:161} INFO - Processing /opt/airflow/dags/example_template.py took 0.176 seconds
[2023-12-10 21:44:51,708] {processor.py:153} INFO - Started process (PID=789) to work on /opt/airflow/dags/example_template.py
[2023-12-10 21:44:51,709] {processor.py:641} INFO - Processing file /opt/airflow/dags/example_template.py for tasks to queue
[2023-12-10 21:44:51,711] {logging_mixin.py:115} INFO - [2023-12-10 21:44:51,711] {dagbag.py:508} INFO - Filling up the DagBag from /opt/airflow/dags/example_template.py
[2023-12-10 21:44:51,757] {processor.py:651} INFO - DAG(s) dict_keys(['dag_print_context']) retrieved from /opt/airflow/dags/example_template.py
[2023-12-10 21:44:51,803] {logging_mixin.py:115} INFO - [2023-12-10 21:44:51,803] {dag.py:2420} INFO - Sync 1 DAGs
[2023-12-10 21:44:51,850] {logging_mixin.py:115} INFO - [2023-12-10 21:44:51,850] {dag.py:2972} INFO - Setting next_dagrun for dag_print_context to 2023-12-10T00:00:00+00:00, run_after=2023-12-11T00:00:00+00:00
[2023-12-10 21:44:51,878] {processor.py:161} INFO - Processing /opt/airflow/dags/example_template.py took 0.174 seconds
