[2023-12-10 20:18:49,997] {taskinstance.py:1179} INFO - Dependencies all met for <TaskInstance: mi_primer_dar_con_PythonOperator.aloha_david scheduled__2022-08-18T00:00:00+00:00 [queued]>
[2023-12-10 20:18:50,166] {taskinstance.py:1179} INFO - Dependencies all met for <TaskInstance: mi_primer_dar_con_PythonOperator.aloha_david scheduled__2022-08-18T00:00:00+00:00 [queued]>
[2023-12-10 20:18:50,293] {taskinstance.py:1376} INFO - 
--------------------------------------------------------------------------------
[2023-12-10 20:18:50,380] {taskinstance.py:1377} INFO - Starting attempt 1 of 6
[2023-12-10 20:18:50,411] {taskinstance.py:1378} INFO - 
--------------------------------------------------------------------------------
[2023-12-10 20:18:50,629] {taskinstance.py:1397} INFO - Executing <Task(PythonOperator): aloha_david> on 2022-08-18 00:00:00+00:00
[2023-12-10 20:18:50,654] {standard_task_runner.py:52} INFO - Started process 469 to run task
[2023-12-10 20:18:50,678] {standard_task_runner.py:79} INFO - Running: ['***', 'tasks', 'run', 'mi_primer_dar_con_PythonOperator', 'aloha_david', 'scheduled__2022-08-18T00:00:00+00:00', '--job-id', '1740', '--raw', '--subdir', 'DAGS_FOLDER/mi_primer_dag_pythonoperator.py', '--cfg-path', '/tmp/tmpu2nplc9q', '--error-file', '/tmp/tmpg44qumig']
[2023-12-10 20:18:50,727] {standard_task_runner.py:80} INFO - Job 1740: Subtask aloha_david
[2023-12-10 20:18:51,812] {task_command.py:371} INFO - Running <TaskInstance: mi_primer_dar_con_PythonOperator.aloha_david scheduled__2022-08-18T00:00:00+00:00 [running]> on host 42828894a739
[2023-12-10 20:18:52,990] {taskinstance.py:1591} INFO - Exporting the following env vars:
AIRFLOW_CTX_DAG_OWNER=DavidBU
AIRFLOW_CTX_DAG_ID=mi_primer_dar_con_PythonOperator
AIRFLOW_CTX_TASK_ID=aloha_david
AIRFLOW_CTX_EXECUTION_DATE=2022-08-18T00:00:00+00:00
AIRFLOW_CTX_TRY_NUMBER=1
AIRFLOW_CTX_DAG_RUN_ID=scheduled__2022-08-18T00:00:00+00:00
[2023-12-10 20:18:53,007] {logging_mixin.py:115} INFO - Aloha Mundo soy yo!
[2023-12-10 20:18:53,022] {python.py:173} INFO - Done. Returned value was: None
[2023-12-10 20:18:53,195] {taskinstance.py:1420} INFO - Marking task as SUCCESS. dag_id=mi_primer_dar_con_PythonOperator, task_id=aloha_david, execution_date=20220818T000000, start_date=20231210T201850, end_date=20231210T201853
[2023-12-10 20:18:53,405] {local_task_job.py:156} INFO - Task exited with return code 0
[2023-12-10 20:18:53,691] {local_task_job.py:273} INFO - 0 downstream tasks scheduled from follow-on schedule check
