[2023-12-12 02:24:28,593] {taskinstance.py:1179} INFO - Dependencies all met for <TaskInstance: Entregable3_Chumbita.conexion_BD manual__2023-12-12T02:24:13.269296+00:00 [queued]>
[2023-12-12 02:24:28,608] {taskinstance.py:1179} INFO - Dependencies all met for <TaskInstance: Entregable3_Chumbita.conexion_BD manual__2023-12-12T02:24:13.269296+00:00 [queued]>
[2023-12-12 02:24:28,608] {taskinstance.py:1376} INFO - 
--------------------------------------------------------------------------------
[2023-12-12 02:24:28,610] {taskinstance.py:1377} INFO - Starting attempt 1 of 6
[2023-12-12 02:24:28,611] {taskinstance.py:1378} INFO - 
--------------------------------------------------------------------------------
[2023-12-12 02:24:28,654] {taskinstance.py:1397} INFO - Executing <Task(PythonOperator): conexion_BD> on 2023-12-12 02:24:13.269296+00:00
[2023-12-12 02:24:28,663] {standard_task_runner.py:52} INFO - Started process 247 to run task
[2023-12-12 02:24:28,669] {standard_task_runner.py:79} INFO - Running: ['***', 'tasks', 'run', 'Entregable3_Chumbita', 'conexion_BD', 'manual__2023-12-12T02:24:13.269296+00:00', '--job-id', '8', '--raw', '--subdir', 'DAGS_FOLDER/ETL_Entregable3_Chumbita.py', '--cfg-path', '/tmp/tmpaq68z4df', '--error-file', '/tmp/tmpzlgg2ozl']
[2023-12-12 02:24:28,671] {standard_task_runner.py:80} INFO - Job 8: Subtask conexion_BD
[2023-12-12 02:24:28,790] {task_command.py:371} INFO - Running <TaskInstance: Entregable3_Chumbita.conexion_BD manual__2023-12-12T02:24:13.269296+00:00 [running]> on host 02fb1b542166
[2023-12-12 02:24:28,888] {logging_mixin.py:115} WARNING - /home/***/.local/lib/python3.7/site-packages/***/utils/context.py:202 AirflowContextDeprecationWarning: Accessing 'execution_date' from the template is deprecated and will be removed in a future version. Please use 'data_interval_start' or 'logical_date' instead.
[2023-12-12 02:24:28,964] {taskinstance.py:1591} INFO - Exporting the following env vars:
AIRFLOW_CTX_DAG_OWNER=ArielChumbita
AIRFLOW_CTX_DAG_ID=Entregable3_Chumbita
AIRFLOW_CTX_TASK_ID=conexion_BD
AIRFLOW_CTX_EXECUTION_DATE=2023-12-12T02:24:13.269296+00:00
AIRFLOW_CTX_TRY_NUMBER=1
AIRFLOW_CTX_DAG_RUN_ID=manual__2023-12-12T02:24:13.269296+00:00
[2023-12-12 02:24:28,966] {logging_mixin.py:115} INFO - Conectandose a la BD en la fecha: 2023-12-12 2
[2023-12-12 02:24:30,296] {logging_mixin.py:115} INFO - <connection object at 0x7fdf628c46e0; dsn: 'user=ariel_chumbita_coderhouse password=xxx dbname=data-engineer-database host=data-engineer-cluster.cyhh5bfevlmn.us-east-1.redshift.amazonaws.com port=5439', closed: 0>
[2023-12-12 02:24:30,297] {logging_mixin.py:115} INFO - Connected to Redshift successfully!
[2023-12-12 02:24:30,298] {python.py:173} INFO - Done. Returned value was: None
[2023-12-12 02:24:30,321] {taskinstance.py:1420} INFO - Marking task as SUCCESS. dag_id=Entregable3_Chumbita, task_id=conexion_BD, execution_date=20231212T022413, start_date=20231212T022428, end_date=20231212T022430
[2023-12-12 02:24:30,370] {local_task_job.py:156} INFO - Task exited with return code 0
[2023-12-12 02:24:30,441] {local_task_job.py:273} INFO - 1 downstream tasks scheduled from follow-on schedule check
