[2023-12-12 02:20:03,877] {manager.py:480} INFO - Processing files using up to 2 processes at a time 
[2023-12-12 02:20:03,892] {manager.py:481} INFO - Process each file at most once every 10 seconds
[2023-12-12 02:20:03,902] {manager.py:483} INFO - Checking for new files in /opt/airflow/dags every 300 seconds
[2023-12-12 02:20:03,904] {manager.py:690} INFO - Searching for files in /opt/airflow/dags
[2023-12-12 02:20:03,946] {manager.py:693} INFO - There are 1 files in /opt/airflow/dags
[2023-12-12 02:20:04,756] {manager.py:809} INFO - 
================================================================================
DAG File Processing Stats

File Path                                        PID  Runtime      # DAGs    # Errors  Last Runtime    Last Run
---------------------------------------------  -----  ---------  --------  ----------  --------------  ----------
/opt/airflow/dags/ETL_Entregable3_Chumbita.py    169  0.24s             0           0
================================================================================
[2023-12-12 02:20:35,079] {manager.py:809} INFO - 
================================================================================
DAG File Processing Stats

File Path                                      PID    Runtime      # DAGs    # Errors  Last Runtime    Last Run
---------------------------------------------  -----  ---------  --------  ----------  --------------  -------------------
/opt/airflow/dags/ETL_Entregable3_Chumbita.py                           1           0  28.28s          2023-12-12T02:20:32
================================================================================
[2023-12-12 02:21:06,196] {manager.py:809} INFO - 
================================================================================
DAG File Processing Stats

File Path                                        PID  Runtime      # DAGs    # Errors  Last Runtime    Last Run
---------------------------------------------  -----  ---------  --------  ----------  --------------  -------------------
/opt/airflow/dags/ETL_Entregable3_Chumbita.py    181  0.08s             1           0  12.98s          2023-12-12T02:20:55
================================================================================
[2023-12-12 02:21:39,932] {manager.py:809} INFO - 
================================================================================
DAG File Processing Stats

File Path                                        PID  Runtime      # DAGs    # Errors  Last Runtime    Last Run
---------------------------------------------  -----  ---------  --------  ----------  --------------  -------------------
/opt/airflow/dags/ETL_Entregable3_Chumbita.py    181  33.95s            1           0  12.98s          2023-12-12T02:20:55
================================================================================
[2023-12-12 02:21:59,599] {manager.py:1082} ERROR - Processor for /opt/airflow/dags/ETL_Entregable3_Chumbita.py with PID 181 started at 2023-12-12T02:21:05.980852+00:00 has timed out, killing it.
[2023-12-12 02:22:09,803] {manager.py:809} INFO - 
================================================================================
DAG File Processing Stats

File Path                                        PID  Runtime      # DAGs    # Errors  Last Runtime    Last Run
---------------------------------------------  -----  ---------  --------  ----------  --------------  -------------------
/opt/airflow/dags/ETL_Entregable3_Chumbita.py    185  4.63s             1           0  12.98s          2023-12-12T02:20:55
================================================================================
[2023-12-12 02:22:40,285] {manager.py:809} INFO - 
================================================================================
DAG File Processing Stats

File Path                                      PID    Runtime      # DAGs    # Errors  Last Runtime    Last Run
---------------------------------------------  -----  ---------  --------  ----------  --------------  -------------------
/opt/airflow/dags/ETL_Entregable3_Chumbita.py                           1           0  6.36s           2023-12-12T02:22:36
================================================================================
[2023-12-12 02:23:10,396] {manager.py:809} INFO - 
================================================================================
DAG File Processing Stats

File Path                                        PID  Runtime      # DAGs    # Errors  Last Runtime    Last Run
---------------------------------------------  -----  ---------  --------  ----------  --------------  -------------------
/opt/airflow/dags/ETL_Entregable3_Chumbita.py    209  2.33s             1           0  10.75s          2023-12-12T02:22:57
================================================================================
[2023-12-12 02:23:41,197] {manager.py:809} INFO - 
================================================================================
DAG File Processing Stats

File Path                                        PID  Runtime      # DAGs    # Errors  Last Runtime    Last Run
---------------------------------------------  -----  ---------  --------  ----------  --------------  -------------------
/opt/airflow/dags/ETL_Entregable3_Chumbita.py    220  17.54s            1           0  5.44s           2023-12-12T02:23:13
================================================================================
[2023-12-12 02:24:11,453] {manager.py:809} INFO - 
================================================================================
DAG File Processing Stats

File Path                                      PID    Runtime      # DAGs    # Errors  Last Runtime    Last Run
---------------------------------------------  -----  ---------  --------  ----------  --------------  -------------------
/opt/airflow/dags/ETL_Entregable3_Chumbita.py                           1           0  6.63s           2023-12-12T02:24:08
================================================================================
[2023-12-12 02:24:41,683] {manager.py:809} INFO - 
================================================================================
DAG File Processing Stats

File Path                                      PID    Runtime      # DAGs    # Errors  Last Runtime    Last Run
---------------------------------------------  -----  ---------  --------  ----------  --------------  -------------------
/opt/airflow/dags/ETL_Entregable3_Chumbita.py                           1           0  1.56s           2023-12-12T02:24:34
================================================================================
[2023-12-12 02:25:04,367] {manager.py:690} INFO - Searching for files in /opt/airflow/dags
[2023-12-12 02:25:04,422] {manager.py:693} INFO - There are 1 files in /opt/airflow/dags
[2023-12-12 02:25:11,763] {manager.py:809} INFO - 
================================================================================
DAG File Processing Stats

File Path                                      PID    Runtime      # DAGs    # Errors  Last Runtime    Last Run
---------------------------------------------  -----  ---------  --------  ----------  --------------  -------------------
/opt/airflow/dags/ETL_Entregable3_Chumbita.py                           1           0  1.17s           2023-12-12T02:25:09
================================================================================
[2023-12-12 02:25:42,032] {manager.py:809} INFO - 
================================================================================
DAG File Processing Stats

File Path                                        PID  Runtime      # DAGs    # Errors  Last Runtime    Last Run
---------------------------------------------  -----  ---------  --------  ----------  --------------  -------------------
/opt/airflow/dags/ETL_Entregable3_Chumbita.py    299  0.36s             1           0  0.76s           2023-12-12T02:25:31
================================================================================
[2023-12-12 02:26:12,343] {manager.py:809} INFO - 
================================================================================
DAG File Processing Stats

File Path                                      PID    Runtime      # DAGs    # Errors  Last Runtime    Last Run
---------------------------------------------  -----  ---------  --------  ----------  --------------  -------------------
/opt/airflow/dags/ETL_Entregable3_Chumbita.py                           1           0  1.40s           2023-12-12T02:26:05
================================================================================
[2023-12-12 02:26:43,158] {manager.py:809} INFO - 
================================================================================
DAG File Processing Stats

File Path                                      PID    Runtime      # DAGs    # Errors  Last Runtime    Last Run
---------------------------------------------  -----  ---------  --------  ----------  --------------  -------------------
/opt/airflow/dags/ETL_Entregable3_Chumbita.py                           1           0  0.88s           2023-12-12T02:26:38
================================================================================
[2023-12-12 02:27:13,184] {manager.py:809} INFO - 
================================================================================
DAG File Processing Stats

File Path                                      PID    Runtime      # DAGs    # Errors  Last Runtime    Last Run
---------------------------------------------  -----  ---------  --------  ----------  --------------  -------------------
/opt/airflow/dags/ETL_Entregable3_Chumbita.py                           1           0  1.59s           2023-12-12T02:27:12
================================================================================
[2023-12-12 02:27:43,307] {manager.py:809} INFO - 
================================================================================
DAG File Processing Stats

File Path                                      PID    Runtime      # DAGs    # Errors  Last Runtime    Last Run
---------------------------------------------  -----  ---------  --------  ----------  --------------  -------------------
/opt/airflow/dags/ETL_Entregable3_Chumbita.py                           1           0  1.76s           2023-12-12T02:27:35
================================================================================
[2023-12-12 02:28:13,617] {manager.py:809} INFO - 
================================================================================
DAG File Processing Stats

File Path                                      PID    Runtime      # DAGs    # Errors  Last Runtime    Last Run
---------------------------------------------  -----  ---------  --------  ----------  --------------  -------------------
/opt/airflow/dags/ETL_Entregable3_Chumbita.py                           1           0  1.73s           2023-12-12T02:28:09
================================================================================
[2023-12-12 02:28:43,704] {manager.py:809} INFO - 
================================================================================
DAG File Processing Stats

File Path                                      PID    Runtime      # DAGs    # Errors  Last Runtime    Last Run
---------------------------------------------  -----  ---------  --------  ----------  --------------  -------------------
/opt/airflow/dags/ETL_Entregable3_Chumbita.py                           1           0  0.86s           2023-12-12T02:28:42
================================================================================
[2023-12-12 02:29:13,922] {manager.py:809} INFO - 
================================================================================
DAG File Processing Stats

File Path                                      PID    Runtime      # DAGs    # Errors  Last Runtime    Last Run
---------------------------------------------  -----  ---------  --------  ----------  --------------  -------------------
/opt/airflow/dags/ETL_Entregable3_Chumbita.py                           1           0  1.75s           2023-12-12T02:29:05
================================================================================
[2023-12-12 02:29:44,067] {manager.py:809} INFO - 
================================================================================
DAG File Processing Stats

File Path                                      PID    Runtime      # DAGs    # Errors  Last Runtime    Last Run
---------------------------------------------  -----  ---------  --------  ----------  --------------  -------------------
/opt/airflow/dags/ETL_Entregable3_Chumbita.py                           1           0  1.50s           2023-12-12T02:29:40
================================================================================
[2023-12-12 02:30:04,933] {manager.py:690} INFO - Searching for files in /opt/airflow/dags
[2023-12-12 02:30:05,385] {manager.py:693} INFO - There are 1 files in /opt/airflow/dags
[2023-12-12 02:30:14,221] {manager.py:809} INFO - 
================================================================================
DAG File Processing Stats

File Path                                      PID    Runtime      # DAGs    # Errors  Last Runtime    Last Run
---------------------------------------------  -----  ---------  --------  ----------  --------------  -------------------
/opt/airflow/dags/ETL_Entregable3_Chumbita.py                           1           0  1.72s           2023-12-12T02:30:07
================================================================================
[2023-12-12 02:30:44,568] {manager.py:809} INFO - 
================================================================================
DAG File Processing Stats

File Path                                      PID    Runtime      # DAGs    # Errors  Last Runtime    Last Run
---------------------------------------------  -----  ---------  --------  ----------  --------------  -------------------
/opt/airflow/dags/ETL_Entregable3_Chumbita.py                           1           0  0.98s           2023-12-12T02:30:40
================================================================================
[2023-12-12 02:31:14,765] {manager.py:809} INFO - 
================================================================================
DAG File Processing Stats

File Path                                      PID    Runtime      # DAGs    # Errors  Last Runtime    Last Run
---------------------------------------------  -----  ---------  --------  ----------  --------------  -------------------
/opt/airflow/dags/ETL_Entregable3_Chumbita.py                           1           0  0.80s           2023-12-12T02:31:13
================================================================================
[2023-12-12 02:31:44,771] {manager.py:809} INFO - 
================================================================================
DAG File Processing Stats

File Path                                      PID    Runtime      # DAGs    # Errors  Last Runtime    Last Run
---------------------------------------------  -----  ---------  --------  ----------  --------------  -------------------
/opt/airflow/dags/ETL_Entregable3_Chumbita.py                           1           0  1.01s           2023-12-12T02:31:35
================================================================================
[2023-12-12 02:32:14,988] {manager.py:809} INFO - 
================================================================================
DAG File Processing Stats

File Path                                      PID    Runtime      # DAGs    # Errors  Last Runtime    Last Run
---------------------------------------------  -----  ---------  --------  ----------  --------------  -------------------
/opt/airflow/dags/ETL_Entregable3_Chumbita.py                           1           0  0.97s           2023-12-12T02:32:09
================================================================================
[2023-12-12 02:32:45,341] {manager.py:809} INFO - 
================================================================================
DAG File Processing Stats

File Path                                      PID    Runtime      # DAGs    # Errors  Last Runtime    Last Run
---------------------------------------------  -----  ---------  --------  ----------  --------------  -------------------
/opt/airflow/dags/ETL_Entregable3_Chumbita.py                           1           0  0.92s           2023-12-12T02:32:43
================================================================================
[2023-12-12 02:33:15,599] {manager.py:809} INFO - 
================================================================================
DAG File Processing Stats

File Path                                        PID  Runtime      # DAGs    # Errors  Last Runtime    Last Run
---------------------------------------------  -----  ---------  --------  ----------  --------------  -------------------
/opt/airflow/dags/ETL_Entregable3_Chumbita.py    554  0.01s             1           0  1.03s           2023-12-12T02:33:05
================================================================================
[2023-12-12 02:33:45,762] {manager.py:809} INFO - 
================================================================================
DAG File Processing Stats

File Path                                      PID    Runtime      # DAGs    # Errors  Last Runtime    Last Run
---------------------------------------------  -----  ---------  --------  ----------  --------------  -------------------
/opt/airflow/dags/ETL_Entregable3_Chumbita.py                           1           0  0.68s           2023-12-12T02:33:38
================================================================================
[2023-12-12 02:34:16,034] {manager.py:809} INFO - 
================================================================================
DAG File Processing Stats

File Path                                      PID    Runtime      # DAGs    # Errors  Last Runtime    Last Run
---------------------------------------------  -----  ---------  --------  ----------  --------------  -------------------
/opt/airflow/dags/ETL_Entregable3_Chumbita.py                           1           0  1.50s           2023-12-12T02:34:11
================================================================================
[2023-12-12 02:34:46,665] {manager.py:809} INFO - 
================================================================================
DAG File Processing Stats

File Path                                      PID    Runtime      # DAGs    # Errors  Last Runtime    Last Run
---------------------------------------------  -----  ---------  --------  ----------  --------------  -------------------
/opt/airflow/dags/ETL_Entregable3_Chumbita.py                           1           0  0.88s           2023-12-12T02:34:43
================================================================================
[2023-12-12 02:35:05,063] {manager.py:690} INFO - Searching for files in /opt/airflow/dags
[2023-12-12 02:35:05,103] {manager.py:693} INFO - There are 1 files in /opt/airflow/dags
[2023-12-12 02:35:17,205] {manager.py:809} INFO - 
================================================================================
DAG File Processing Stats

File Path                                      PID    Runtime      # DAGs    # Errors  Last Runtime    Last Run
---------------------------------------------  -----  ---------  --------  ----------  --------------  -------------------
/opt/airflow/dags/ETL_Entregable3_Chumbita.py                           1           0  0.78s           2023-12-12T02:35:16
================================================================================
[2023-12-12 02:35:47,562] {manager.py:809} INFO - 
================================================================================
DAG File Processing Stats

File Path                                      PID    Runtime      # DAGs    # Errors  Last Runtime    Last Run
---------------------------------------------  -----  ---------  --------  ----------  --------------  -------------------
/opt/airflow/dags/ETL_Entregable3_Chumbita.py                           1           0  0.81s           2023-12-12T02:35:38
================================================================================
[2023-12-12 02:36:18,020] {manager.py:809} INFO - 
================================================================================
DAG File Processing Stats

File Path                                      PID    Runtime      # DAGs    # Errors  Last Runtime    Last Run
---------------------------------------------  -----  ---------  --------  ----------  --------------  -------------------
/opt/airflow/dags/ETL_Entregable3_Chumbita.py                           1           0  0.71s           2023-12-12T02:36:10
================================================================================
[2023-12-12 02:36:48,368] {manager.py:809} INFO - 
================================================================================
DAG File Processing Stats

File Path                                      PID    Runtime      # DAGs    # Errors  Last Runtime    Last Run
---------------------------------------------  -----  ---------  --------  ----------  --------------  -------------------
/opt/airflow/dags/ETL_Entregable3_Chumbita.py                           1           0  0.74s           2023-12-12T02:36:42
================================================================================
[2023-12-12 02:37:18,820] {manager.py:809} INFO - 
================================================================================
DAG File Processing Stats

File Path                                      PID    Runtime      # DAGs    # Errors  Last Runtime    Last Run
---------------------------------------------  -----  ---------  --------  ----------  --------------  -------------------
/opt/airflow/dags/ETL_Entregable3_Chumbita.py                           1           0  0.70s           2023-12-12T02:37:15
================================================================================
[2023-12-12 02:37:49,152] {manager.py:809} INFO - 
================================================================================
DAG File Processing Stats

File Path                                      PID    Runtime      # DAGs    # Errors  Last Runtime    Last Run
---------------------------------------------  -----  ---------  --------  ----------  --------------  -------------------
/opt/airflow/dags/ETL_Entregable3_Chumbita.py                           1           0  0.93s           2023-12-12T02:37:47
================================================================================
[2023-12-12 02:38:19,342] {manager.py:809} INFO - 
================================================================================
DAG File Processing Stats

File Path                                      PID    Runtime      # DAGs    # Errors  Last Runtime    Last Run
---------------------------------------------  -----  ---------  --------  ----------  --------------  -------------------
/opt/airflow/dags/ETL_Entregable3_Chumbita.py                           1           0  0.72s           2023-12-12T02:38:09
================================================================================
[2023-12-12 02:38:49,598] {manager.py:809} INFO - 
================================================================================
DAG File Processing Stats

File Path                                      PID    Runtime      # DAGs    # Errors  Last Runtime    Last Run
---------------------------------------------  -----  ---------  --------  ----------  --------------  -------------------
/opt/airflow/dags/ETL_Entregable3_Chumbita.py                           1           0  0.73s           2023-12-12T02:38:41
================================================================================
[2023-12-12 02:39:19,900] {manager.py:809} INFO - 
================================================================================
DAG File Processing Stats

File Path                                      PID    Runtime      # DAGs    # Errors  Last Runtime    Last Run
---------------------------------------------  -----  ---------  --------  ----------  --------------  -------------------
/opt/airflow/dags/ETL_Entregable3_Chumbita.py                           1           0  0.92s           2023-12-12T02:39:14
================================================================================
[2023-12-12 02:39:50,202] {manager.py:809} INFO - 
================================================================================
DAG File Processing Stats

File Path                                      PID    Runtime      # DAGs    # Errors  Last Runtime    Last Run
---------------------------------------------  -----  ---------  --------  ----------  --------------  -------------------
/opt/airflow/dags/ETL_Entregable3_Chumbita.py                           1           0  0.82s           2023-12-12T02:39:46
================================================================================
[2023-12-12 02:40:05,290] {manager.py:690} INFO - Searching for files in /opt/airflow/dags
[2023-12-12 02:40:05,342] {manager.py:693} INFO - There are 1 files in /opt/airflow/dags
[2023-12-12 02:40:20,490] {manager.py:809} INFO - 
================================================================================
DAG File Processing Stats

File Path                                      PID    Runtime      # DAGs    # Errors  Last Runtime    Last Run
---------------------------------------------  -----  ---------  --------  ----------  --------------  -------------------
/opt/airflow/dags/ETL_Entregable3_Chumbita.py                           1           0  0.92s           2023-12-12T02:40:19
================================================================================
[2023-12-12 02:40:50,917] {manager.py:809} INFO - 
================================================================================
DAG File Processing Stats

File Path                                      PID    Runtime      # DAGs    # Errors  Last Runtime    Last Run
---------------------------------------------  -----  ---------  --------  ----------  --------------  -------------------
/opt/airflow/dags/ETL_Entregable3_Chumbita.py                           1           0  0.85s           2023-12-12T02:40:41
================================================================================
[2023-12-12 02:41:21,538] {manager.py:809} INFO - 
================================================================================
DAG File Processing Stats

File Path                                      PID    Runtime      # DAGs    # Errors  Last Runtime    Last Run
---------------------------------------------  -----  ---------  --------  ----------  --------------  -------------------
/opt/airflow/dags/ETL_Entregable3_Chumbita.py                           1           0  1.93s           2023-12-12T02:41:16
================================================================================
[2023-12-12 02:41:51,808] {manager.py:809} INFO - 
================================================================================
DAG File Processing Stats

File Path                                      PID    Runtime      # DAGs    # Errors  Last Runtime    Last Run
---------------------------------------------  -----  ---------  --------  ----------  --------------  -------------------
/opt/airflow/dags/ETL_Entregable3_Chumbita.py                           1           0  0.89s           2023-12-12T02:41:49
================================================================================
[2023-12-12 02:42:21,875] {manager.py:809} INFO - 
================================================================================
DAG File Processing Stats

File Path                                        PID  Runtime      # DAGs    # Errors  Last Runtime    Last Run
---------------------------------------------  -----  ---------  --------  ----------  --------------  -------------------
/opt/airflow/dags/ETL_Entregable3_Chumbita.py    872  0.01s             1           0  0.80s           2023-12-12T02:42:11
================================================================================
[2023-12-12 02:42:52,753] {manager.py:809} INFO - 
================================================================================
DAG File Processing Stats

File Path                                      PID    Runtime      # DAGs    # Errors  Last Runtime    Last Run
---------------------------------------------  -----  ---------  --------  ----------  --------------  -------------------
/opt/airflow/dags/ETL_Entregable3_Chumbita.py                           1           0  0.75s           2023-12-12T02:42:45
================================================================================
[2023-12-12 02:43:22,977] {manager.py:809} INFO - 
================================================================================
DAG File Processing Stats

File Path                                      PID    Runtime      # DAGs    # Errors  Last Runtime    Last Run
---------------------------------------------  -----  ---------  --------  ----------  --------------  -------------------
/opt/airflow/dags/ETL_Entregable3_Chumbita.py                           1           0  0.86s           2023-12-12T02:43:18
================================================================================
[2023-12-12 02:43:53,238] {manager.py:809} INFO - 
================================================================================
DAG File Processing Stats

File Path                                      PID    Runtime      # DAGs    # Errors  Last Runtime    Last Run
---------------------------------------------  -----  ---------  --------  ----------  --------------  -------------------
/opt/airflow/dags/ETL_Entregable3_Chumbita.py                           1           0  0.85s           2023-12-12T02:43:52
================================================================================
[2023-12-12 02:44:23,724] {manager.py:809} INFO - 
================================================================================
DAG File Processing Stats

File Path                                      PID    Runtime      # DAGs    # Errors  Last Runtime    Last Run
---------------------------------------------  -----  ---------  --------  ----------  --------------  -------------------
/opt/airflow/dags/ETL_Entregable3_Chumbita.py                           1           0  0.99s           2023-12-12T02:44:14
================================================================================
[2023-12-12 02:44:54,105] {manager.py:809} INFO - 
================================================================================
DAG File Processing Stats

File Path                                      PID    Runtime      # DAGs    # Errors  Last Runtime    Last Run
---------------------------------------------  -----  ---------  --------  ----------  --------------  -------------------
/opt/airflow/dags/ETL_Entregable3_Chumbita.py                           1           0  1.38s           2023-12-12T02:44:48
================================================================================
[2023-12-12 02:45:05,312] {manager.py:690} INFO - Searching for files in /opt/airflow/dags
[2023-12-12 02:45:05,361] {manager.py:693} INFO - There are 1 files in /opt/airflow/dags
[2023-12-12 02:45:24,569] {manager.py:809} INFO - 
================================================================================
DAG File Processing Stats

File Path                                      PID    Runtime      # DAGs    # Errors  Last Runtime    Last Run
---------------------------------------------  -----  ---------  --------  ----------  --------------  -------------------
/opt/airflow/dags/ETL_Entregable3_Chumbita.py                           1           0  1.20s           2023-12-12T02:45:21
================================================================================
[2023-12-12 02:45:54,755] {manager.py:809} INFO - 
================================================================================
DAG File Processing Stats

File Path                                      PID    Runtime      # DAGs    # Errors  Last Runtime    Last Run
---------------------------------------------  -----  ---------  --------  ----------  --------------  -------------------
/opt/airflow/dags/ETL_Entregable3_Chumbita.py                           1           0  0.94s           2023-12-12T02:45:54
================================================================================
[2023-12-12 02:46:24,832] {manager.py:809} INFO - 
================================================================================
DAG File Processing Stats

File Path                                      PID    Runtime      # DAGs    # Errors  Last Runtime    Last Run
---------------------------------------------  -----  ---------  --------  ----------  --------------  -------------------
/opt/airflow/dags/ETL_Entregable3_Chumbita.py                           1           0  1.06s           2023-12-12T02:46:16
================================================================================
[2023-12-12 02:46:54,938] {manager.py:809} INFO - 
================================================================================
DAG File Processing Stats

File Path                                      PID    Runtime      # DAGs    # Errors  Last Runtime    Last Run
---------------------------------------------  -----  ---------  --------  ----------  --------------  -------------------
/opt/airflow/dags/ETL_Entregable3_Chumbita.py                           1           0  0.85s           2023-12-12T02:46:49
================================================================================
[2023-12-12 02:47:24,947] {manager.py:809} INFO - 
================================================================================
DAG File Processing Stats

File Path                                      PID    Runtime      # DAGs    # Errors  Last Runtime    Last Run
---------------------------------------------  -----  ---------  --------  ----------  --------------  -------------------
/opt/airflow/dags/ETL_Entregable3_Chumbita.py                           1           0  0.96s           2023-12-12T02:47:22
================================================================================
[2023-12-12 02:47:55,079] {manager.py:809} INFO - 
================================================================================
DAG File Processing Stats

File Path                                        PID  Runtime      # DAGs    # Errors  Last Runtime    Last Run
---------------------------------------------  -----  ---------  --------  ----------  --------------  -------------------
/opt/airflow/dags/ETL_Entregable3_Chumbita.py   1061  0.57s             1           0  0.82s           2023-12-12T02:47:44
================================================================================
[2023-12-12 02:48:25,488] {manager.py:809} INFO - 
================================================================================
DAG File Processing Stats

File Path                                      PID    Runtime      # DAGs    # Errors  Last Runtime    Last Run
---------------------------------------------  -----  ---------  --------  ----------  --------------  -------------------
/opt/airflow/dags/ETL_Entregable3_Chumbita.py                           1           0  0.78s           2023-12-12T02:48:16
================================================================================
[2023-12-12 02:48:55,785] {manager.py:809} INFO - 
================================================================================
DAG File Processing Stats

File Path                                      PID    Runtime      # DAGs    # Errors  Last Runtime    Last Run
---------------------------------------------  -----  ---------  --------  ----------  --------------  -------------------
/opt/airflow/dags/ETL_Entregable3_Chumbita.py                           1           0  1.56s           2023-12-12T02:48:50
================================================================================
[2023-12-12 02:49:26,668] {manager.py:809} INFO - 
================================================================================
DAG File Processing Stats

File Path                                      PID    Runtime      # DAGs    # Errors  Last Runtime    Last Run
---------------------------------------------  -----  ---------  --------  ----------  --------------  -------------------
/opt/airflow/dags/ETL_Entregable3_Chumbita.py                           1           0  1.07s           2023-12-12T02:49:23
================================================================================
[2023-12-12 02:49:56,844] {manager.py:809} INFO - 
================================================================================
DAG File Processing Stats

File Path                                      PID    Runtime      # DAGs    # Errors  Last Runtime    Last Run
---------------------------------------------  -----  ---------  --------  ----------  --------------  -------------------
/opt/airflow/dags/ETL_Entregable3_Chumbita.py                           1           0  0.98s           2023-12-12T02:49:56
================================================================================
[2023-12-12 02:50:05,601] {manager.py:690} INFO - Searching for files in /opt/airflow/dags
[2023-12-12 02:50:05,645] {manager.py:693} INFO - There are 1 files in /opt/airflow/dags
[2023-12-12 02:50:27,118] {manager.py:809} INFO - 
================================================================================
DAG File Processing Stats

File Path                                      PID    Runtime      # DAGs    # Errors  Last Runtime    Last Run
---------------------------------------------  -----  ---------  --------  ----------  --------------  -------------------
/opt/airflow/dags/ETL_Entregable3_Chumbita.py                           1           0  0.91s           2023-12-12T02:50:18
================================================================================
[2023-12-12 02:50:57,309] {manager.py:809} INFO - 
================================================================================
DAG File Processing Stats

File Path                                      PID    Runtime      # DAGs    # Errors  Last Runtime    Last Run
---------------------------------------------  -----  ---------  --------  ----------  --------------  -------------------
/opt/airflow/dags/ETL_Entregable3_Chumbita.py                           1           0  0.74s           2023-12-12T02:50:50
================================================================================
[2023-12-12 02:51:27,385] {manager.py:809} INFO - 
================================================================================
DAG File Processing Stats

File Path                                      PID    Runtime      # DAGs    # Errors  Last Runtime    Last Run
---------------------------------------------  -----  ---------  --------  ----------  --------------  -------------------
/opt/airflow/dags/ETL_Entregable3_Chumbita.py                           1           0  0.70s           2023-12-12T02:51:23
================================================================================
[2023-12-12 02:51:57,759] {manager.py:809} INFO - 
================================================================================
DAG File Processing Stats

File Path                                      PID    Runtime      # DAGs    # Errors  Last Runtime    Last Run
---------------------------------------------  -----  ---------  --------  ----------  --------------  -------------------
/opt/airflow/dags/ETL_Entregable3_Chumbita.py                           1           0  0.77s           2023-12-12T02:51:56
================================================================================
[2023-12-12 02:52:28,133] {manager.py:809} INFO - 
================================================================================
DAG File Processing Stats

File Path                                      PID    Runtime      # DAGs    # Errors  Last Runtime    Last Run
---------------------------------------------  -----  ---------  --------  ----------  --------------  -------------------
/opt/airflow/dags/ETL_Entregable3_Chumbita.py                           1           0  0.85s           2023-12-12T02:52:18
================================================================================
[2023-12-12 02:52:58,522] {manager.py:809} INFO - 
================================================================================
DAG File Processing Stats

File Path                                      PID    Runtime      # DAGs    # Errors  Last Runtime    Last Run
---------------------------------------------  -----  ---------  --------  ----------  --------------  -------------------
/opt/airflow/dags/ETL_Entregable3_Chumbita.py                           1           0  0.77s           2023-12-12T02:52:51
================================================================================
[2023-12-12 02:53:28,666] {manager.py:809} INFO - 
================================================================================
DAG File Processing Stats

File Path                                      PID    Runtime      # DAGs    # Errors  Last Runtime    Last Run
---------------------------------------------  -----  ---------  --------  ----------  --------------  -------------------
/opt/airflow/dags/ETL_Entregable3_Chumbita.py                           1           0  0.70s           2023-12-12T02:53:23
================================================================================
[2023-12-12 02:53:59,113] {manager.py:809} INFO - 
================================================================================
DAG File Processing Stats

File Path                                      PID    Runtime      # DAGs    # Errors  Last Runtime    Last Run
---------------------------------------------  -----  ---------  --------  ----------  --------------  -------------------
/opt/airflow/dags/ETL_Entregable3_Chumbita.py                           1           0  0.73s           2023-12-12T02:53:56
================================================================================
[2023-12-12 02:54:29,217] {manager.py:809} INFO - 
================================================================================
DAG File Processing Stats

File Path                                      PID    Runtime      # DAGs    # Errors  Last Runtime    Last Run
---------------------------------------------  -----  ---------  --------  ----------  --------------  -------------------
/opt/airflow/dags/ETL_Entregable3_Chumbita.py                           1           0  0.73s           2023-12-12T02:54:28
================================================================================
[2023-12-12 02:54:59,377] {manager.py:809} INFO - 
================================================================================
DAG File Processing Stats

File Path                                      PID    Runtime      # DAGs    # Errors  Last Runtime    Last Run
---------------------------------------------  -----  ---------  --------  ----------  --------------  -------------------
/opt/airflow/dags/ETL_Entregable3_Chumbita.py                           1           0  0.70s           2023-12-12T02:54:50
================================================================================
[2023-12-12 02:55:06,413] {manager.py:690} INFO - Searching for files in /opt/airflow/dags
[2023-12-12 02:55:06,457] {manager.py:693} INFO - There are 1 files in /opt/airflow/dags
[2023-12-12 02:55:29,602] {manager.py:809} INFO - 
================================================================================
DAG File Processing Stats

File Path                                      PID    Runtime      # DAGs    # Errors  Last Runtime    Last Run
---------------------------------------------  -----  ---------  --------  ----------  --------------  -------------------
/opt/airflow/dags/ETL_Entregable3_Chumbita.py                           1           0  0.70s           2023-12-12T02:55:22
================================================================================
[2023-12-12 02:55:59,856] {manager.py:809} INFO - 
================================================================================
DAG File Processing Stats

File Path                                      PID    Runtime      # DAGs    # Errors  Last Runtime    Last Run
---------------------------------------------  -----  ---------  --------  ----------  --------------  -------------------
/opt/airflow/dags/ETL_Entregable3_Chumbita.py                           1           0  0.85s           2023-12-12T02:55:55
================================================================================
[2023-12-12 02:56:30,212] {manager.py:809} INFO - 
================================================================================
DAG File Processing Stats

File Path                                      PID    Runtime      # DAGs    # Errors  Last Runtime    Last Run
---------------------------------------------  -----  ---------  --------  ----------  --------------  -------------------
/opt/airflow/dags/ETL_Entregable3_Chumbita.py                           1           0  1.14s           2023-12-12T02:56:28
================================================================================
[2023-12-12 02:57:00,283] {manager.py:809} INFO - 
================================================================================
DAG File Processing Stats

File Path                                      PID    Runtime      # DAGs    # Errors  Last Runtime    Last Run
---------------------------------------------  -----  ---------  --------  ----------  --------------  -------------------
/opt/airflow/dags/ETL_Entregable3_Chumbita.py                           1           0  1.17s           2023-12-12T02:56:50
================================================================================
[2023-12-12 02:57:30,605] {manager.py:809} INFO - 
================================================================================
DAG File Processing Stats

File Path                                      PID    Runtime      # DAGs    # Errors  Last Runtime    Last Run
---------------------------------------------  -----  ---------  --------  ----------  --------------  -------------------
/opt/airflow/dags/ETL_Entregable3_Chumbita.py                           1           0  0.82s           2023-12-12T02:57:22
================================================================================
[2023-12-12 02:58:01,074] {manager.py:809} INFO - 
================================================================================
DAG File Processing Stats

File Path                                      PID    Runtime      # DAGs    # Errors  Last Runtime    Last Run
---------------------------------------------  -----  ---------  --------  ----------  --------------  -------------------
/opt/airflow/dags/ETL_Entregable3_Chumbita.py                           1           0  0.75s           2023-12-12T02:57:55
================================================================================
[2023-12-12 02:58:31,313] {manager.py:809} INFO - 
================================================================================
DAG File Processing Stats

File Path                                      PID    Runtime      # DAGs    # Errors  Last Runtime    Last Run
---------------------------------------------  -----  ---------  --------  ----------  --------------  -------------------
/opt/airflow/dags/ETL_Entregable3_Chumbita.py                           1           0  0.89s           2023-12-12T02:58:28
================================================================================
[2023-12-12 02:59:01,529] {manager.py:809} INFO - 
================================================================================
DAG File Processing Stats

File Path                                      PID    Runtime      # DAGs    # Errors  Last Runtime    Last Run
---------------------------------------------  -----  ---------  --------  ----------  --------------  -------------------
/opt/airflow/dags/ETL_Entregable3_Chumbita.py                           1           0  0.79s           2023-12-12T02:59:00
================================================================================
[2023-12-12 02:59:31,773] {manager.py:809} INFO - 
================================================================================
DAG File Processing Stats

File Path                                      PID    Runtime      # DAGs    # Errors  Last Runtime    Last Run
---------------------------------------------  -----  ---------  --------  ----------  --------------  -------------------
/opt/airflow/dags/ETL_Entregable3_Chumbita.py                           1           0  0.82s           2023-12-12T02:59:22
================================================================================
[2023-12-12 03:00:02,127] {manager.py:809} INFO - 
================================================================================
DAG File Processing Stats

File Path                                      PID    Runtime      # DAGs    # Errors  Last Runtime    Last Run
---------------------------------------------  -----  ---------  --------  ----------  --------------  -------------------
/opt/airflow/dags/ETL_Entregable3_Chumbita.py                           1           0  0.94s           2023-12-12T02:59:55
================================================================================
[2023-12-12 03:00:07,150] {manager.py:690} INFO - Searching for files in /opt/airflow/dags
[2023-12-12 03:00:07,196] {manager.py:693} INFO - There are 1 files in /opt/airflow/dags
[2023-12-12 03:00:32,260] {manager.py:809} INFO - 
================================================================================
DAG File Processing Stats

File Path                                      PID    Runtime      # DAGs    # Errors  Last Runtime    Last Run
---------------------------------------------  -----  ---------  --------  ----------  --------------  -------------------
/opt/airflow/dags/ETL_Entregable3_Chumbita.py                           1           0  0.89s           2023-12-12T03:00:28
================================================================================
[2023-12-12 03:01:02,643] {manager.py:809} INFO - 
================================================================================
DAG File Processing Stats

File Path                                      PID    Runtime      # DAGs    # Errors  Last Runtime    Last Run
---------------------------------------------  -----  ---------  --------  ----------  --------------  -------------------
/opt/airflow/dags/ETL_Entregable3_Chumbita.py                           1           0  0.76s           2023-12-12T03:01:00
================================================================================
[2023-12-12 03:01:32,720] {manager.py:809} INFO - 
================================================================================
DAG File Processing Stats

File Path                                        PID  Runtime      # DAGs    # Errors  Last Runtime    Last Run
---------------------------------------------  -----  ---------  --------  ----------  --------------  -------------------
/opt/airflow/dags/ETL_Entregable3_Chumbita.py   1535  0.01s             1           0  0.74s           2023-12-12T03:01:22
================================================================================
[2023-12-12 03:02:02,814] {manager.py:809} INFO - 
================================================================================
DAG File Processing Stats

File Path                                      PID    Runtime      # DAGs    # Errors  Last Runtime    Last Run
---------------------------------------------  -----  ---------  --------  ----------  --------------  -------------------
/opt/airflow/dags/ETL_Entregable3_Chumbita.py                           1           0  0.76s           2023-12-12T03:01:55
================================================================================
[2023-12-12 03:02:32,845] {manager.py:809} INFO - 
================================================================================
DAG File Processing Stats

File Path                                      PID    Runtime      # DAGs    # Errors  Last Runtime    Last Run
---------------------------------------------  -----  ---------  --------  ----------  --------------  -------------------
/opt/airflow/dags/ETL_Entregable3_Chumbita.py                           1           0  0.83s           2023-12-12T03:02:28
================================================================================
[2023-12-12 03:03:03,174] {manager.py:809} INFO - 
================================================================================
DAG File Processing Stats

File Path                                      PID    Runtime      # DAGs    # Errors  Last Runtime    Last Run
---------------------------------------------  -----  ---------  --------  ----------  --------------  -------------------
/opt/airflow/dags/ETL_Entregable3_Chumbita.py                           1           0  0.94s           2023-12-12T03:03:01
================================================================================
[2023-12-12 03:03:33,204] {manager.py:809} INFO - 
================================================================================
DAG File Processing Stats

File Path                                      PID    Runtime      # DAGs    # Errors  Last Runtime    Last Run
---------------------------------------------  -----  ---------  --------  ----------  --------------  -------------------
/opt/airflow/dags/ETL_Entregable3_Chumbita.py                           1           0  1.17s           2023-12-12T03:03:23
================================================================================
[2023-12-12 03:04:03,210] {manager.py:809} INFO - 
================================================================================
DAG File Processing Stats

File Path                                      PID    Runtime      # DAGs    # Errors  Last Runtime    Last Run
---------------------------------------------  -----  ---------  --------  ----------  --------------  -------------------
/opt/airflow/dags/ETL_Entregable3_Chumbita.py                           1           0  0.88s           2023-12-12T03:03:58
================================================================================
[2023-12-12 03:04:33,934] {manager.py:809} INFO - 
================================================================================
DAG File Processing Stats

File Path                                      PID    Runtime      # DAGs    # Errors  Last Runtime    Last Run
---------------------------------------------  -----  ---------  --------  ----------  --------------  -------------------
/opt/airflow/dags/ETL_Entregable3_Chumbita.py                           1           0  0.79s           2023-12-12T03:04:31
================================================================================
[2023-12-12 03:05:04,289] {manager.py:809} INFO - 
================================================================================
DAG File Processing Stats

File Path                                        PID  Runtime      # DAGs    # Errors  Last Runtime    Last Run
---------------------------------------------  -----  ---------  --------  ----------  --------------  -------------------
/opt/airflow/dags/ETL_Entregable3_Chumbita.py   1649  1.38s             1           0  0.88s           2023-12-12T03:04:52
================================================================================
[2023-12-12 03:05:07,299] {manager.py:690} INFO - Searching for files in /opt/airflow/dags
[2023-12-12 03:05:07,368] {manager.py:693} INFO - There are 1 files in /opt/airflow/dags
[2023-12-12 03:05:34,745] {manager.py:809} INFO - 
================================================================================
DAG File Processing Stats

File Path                                      PID    Runtime      # DAGs    # Errors  Last Runtime    Last Run
---------------------------------------------  -----  ---------  --------  ----------  --------------  -------------------
/opt/airflow/dags/ETL_Entregable3_Chumbita.py                           1           0  1.62s           2023-12-12T03:05:27
================================================================================
[2023-12-12 03:06:05,370] {manager.py:809} INFO - 
================================================================================
DAG File Processing Stats

File Path                                      PID    Runtime      # DAGs    # Errors  Last Runtime    Last Run
---------------------------------------------  -----  ---------  --------  ----------  --------------  -------------------
/opt/airflow/dags/ETL_Entregable3_Chumbita.py                           1           0  1.03s           2023-12-12T03:06:01
================================================================================
[2023-12-12 03:06:35,572] {manager.py:809} INFO - 
================================================================================
DAG File Processing Stats

File Path                                      PID    Runtime      # DAGs    # Errors  Last Runtime    Last Run
---------------------------------------------  -----  ---------  --------  ----------  --------------  -------------------
/opt/airflow/dags/ETL_Entregable3_Chumbita.py                           1           0  1.42s           2023-12-12T03:06:34
================================================================================
[2023-12-12 03:07:05,582] {manager.py:809} INFO - 
================================================================================
DAG File Processing Stats

File Path                                      PID    Runtime      # DAGs    # Errors  Last Runtime    Last Run
---------------------------------------------  -----  ---------  --------  ----------  --------------  -------------------
/opt/airflow/dags/ETL_Entregable3_Chumbita.py                           1           0  0.85s           2023-12-12T03:06:56
================================================================================
[2023-12-12 03:07:35,970] {manager.py:809} INFO - 
================================================================================
DAG File Processing Stats

File Path                                      PID    Runtime      # DAGs    # Errors  Last Runtime    Last Run
---------------------------------------------  -----  ---------  --------  ----------  --------------  -------------------
/opt/airflow/dags/ETL_Entregable3_Chumbita.py                           1           0  0.93s           2023-12-12T03:07:29
================================================================================
[2023-12-12 03:08:06,115] {manager.py:809} INFO - 
================================================================================
DAG File Processing Stats

File Path                                      PID    Runtime      # DAGs    # Errors  Last Runtime    Last Run
---------------------------------------------  -----  ---------  --------  ----------  --------------  -------------------
/opt/airflow/dags/ETL_Entregable3_Chumbita.py                           1           0  0.92s           2023-12-12T03:08:02
================================================================================
[2023-12-12 03:08:36,494] {manager.py:809} INFO - 
================================================================================
DAG File Processing Stats

File Path                                        PID  Runtime      # DAGs    # Errors  Last Runtime    Last Run
---------------------------------------------  -----  ---------  --------  ----------  --------------  -------------------
/opt/airflow/dags/ETL_Entregable3_Chumbita.py   1766  1.56s             1           0  0.89s           2023-12-12T03:08:24
================================================================================
[2023-12-12 03:09:06,727] {manager.py:809} INFO - 
================================================================================
DAG File Processing Stats

File Path                                      PID    Runtime      # DAGs    # Errors  Last Runtime    Last Run
---------------------------------------------  -----  ---------  --------  ----------  --------------  -------------------
/opt/airflow/dags/ETL_Entregable3_Chumbita.py                           1           0  1.07s           2023-12-12T03:08:59
================================================================================
[2023-12-12 03:09:36,834] {manager.py:809} INFO - 
================================================================================
DAG File Processing Stats

File Path                                      PID    Runtime      # DAGs    # Errors  Last Runtime    Last Run
---------------------------------------------  -----  ---------  --------  ----------  --------------  -------------------
/opt/airflow/dags/ETL_Entregable3_Chumbita.py                           1           0  1.08s           2023-12-12T03:09:33
================================================================================
[2023-12-12 03:10:07,067] {manager.py:809} INFO - 
================================================================================
DAG File Processing Stats

File Path                                      PID    Runtime      # DAGs    # Errors  Last Runtime    Last Run
---------------------------------------------  -----  ---------  --------  ----------  --------------  -------------------
/opt/airflow/dags/ETL_Entregable3_Chumbita.py                           1           0  0.71s           2023-12-12T03:10:06
================================================================================
[2023-12-12 03:10:08,070] {manager.py:690} INFO - Searching for files in /opt/airflow/dags
[2023-12-12 03:10:08,108] {manager.py:693} INFO - There are 1 files in /opt/airflow/dags
[2023-12-12 03:10:37,507] {manager.py:809} INFO - 
================================================================================
DAG File Processing Stats

File Path                                      PID    Runtime      # DAGs    # Errors  Last Runtime    Last Run
---------------------------------------------  -----  ---------  --------  ----------  --------------  -------------------
/opt/airflow/dags/ETL_Entregable3_Chumbita.py                           1           0  0.78s           2023-12-12T03:10:28
================================================================================
[2023-12-12 03:11:07,874] {manager.py:809} INFO - 
================================================================================
DAG File Processing Stats

File Path                                      PID    Runtime      # DAGs    # Errors  Last Runtime    Last Run
---------------------------------------------  -----  ---------  --------  ----------  --------------  -------------------
/opt/airflow/dags/ETL_Entregable3_Chumbita.py                           1           0  0.72s           2023-12-12T03:11:00
================================================================================
[2023-12-12 03:11:38,027] {manager.py:809} INFO - 
================================================================================
DAG File Processing Stats

File Path                                      PID    Runtime      # DAGs    # Errors  Last Runtime    Last Run
---------------------------------------------  -----  ---------  --------  ----------  --------------  -------------------
/opt/airflow/dags/ETL_Entregable3_Chumbita.py                           1           0  0.99s           2023-12-12T03:11:33
================================================================================
[2023-12-12 03:12:08,451] {manager.py:809} INFO - 
================================================================================
DAG File Processing Stats

File Path                                      PID    Runtime      # DAGs    # Errors  Last Runtime    Last Run
---------------------------------------------  -----  ---------  --------  ----------  --------------  -------------------
/opt/airflow/dags/ETL_Entregable3_Chumbita.py                           1           0  0.80s           2023-12-12T03:12:06
================================================================================
[2023-12-12 03:12:38,902] {manager.py:809} INFO - 
================================================================================
DAG File Processing Stats

File Path                                        PID  Runtime      # DAGs    # Errors  Last Runtime    Last Run
---------------------------------------------  -----  ---------  --------  ----------  --------------  -------------------
/opt/airflow/dags/ETL_Entregable3_Chumbita.py   1901  0.01s             1           0  0.78s           2023-12-12T03:12:28
================================================================================
[2023-12-12 03:13:09,276] {manager.py:809} INFO - 
================================================================================
DAG File Processing Stats

File Path                                      PID    Runtime      # DAGs    # Errors  Last Runtime    Last Run
---------------------------------------------  -----  ---------  --------  ----------  --------------  -------------------
/opt/airflow/dags/ETL_Entregable3_Chumbita.py                           1           0  0.79s           2023-12-12T03:13:01
================================================================================
[2023-12-12 03:13:39,596] {manager.py:809} INFO - 
================================================================================
DAG File Processing Stats

File Path                                      PID    Runtime      # DAGs    # Errors  Last Runtime    Last Run
---------------------------------------------  -----  ---------  --------  ----------  --------------  -------------------
/opt/airflow/dags/ETL_Entregable3_Chumbita.py                           1           0  0.95s           2023-12-12T03:13:34
================================================================================
[2023-12-12 03:14:09,726] {manager.py:809} INFO - 
================================================================================
DAG File Processing Stats

File Path                                      PID    Runtime      # DAGs    # Errors  Last Runtime    Last Run
---------------------------------------------  -----  ---------  --------  ----------  --------------  -------------------
/opt/airflow/dags/ETL_Entregable3_Chumbita.py                           1           0  0.97s           2023-12-12T03:14:06
================================================================================
[2023-12-12 03:14:40,133] {manager.py:809} INFO - 
================================================================================
DAG File Processing Stats

File Path                                      PID    Runtime      # DAGs    # Errors  Last Runtime    Last Run
---------------------------------------------  -----  ---------  --------  ----------  --------------  -------------------
/opt/airflow/dags/ETL_Entregable3_Chumbita.py                           1           0  0.81s           2023-12-12T03:14:39
================================================================================
[2023-12-12 03:15:08,531] {manager.py:690} INFO - Searching for files in /opt/airflow/dags
[2023-12-12 03:15:08,573] {manager.py:693} INFO - There are 1 files in /opt/airflow/dags
[2023-12-12 03:15:10,604] {manager.py:809} INFO - 
================================================================================
DAG File Processing Stats

File Path                                      PID    Runtime      # DAGs    # Errors  Last Runtime    Last Run
---------------------------------------------  -----  ---------  --------  ----------  --------------  -------------------
/opt/airflow/dags/ETL_Entregable3_Chumbita.py                           1           0  0.91s           2023-12-12T03:15:01
================================================================================
[2023-12-12 03:15:40,735] {manager.py:809} INFO - 
================================================================================
DAG File Processing Stats

File Path                                      PID    Runtime      # DAGs    # Errors  Last Runtime    Last Run
---------------------------------------------  -----  ---------  --------  ----------  --------------  -------------------
/opt/airflow/dags/ETL_Entregable3_Chumbita.py                           1           0  1.31s           2023-12-12T03:15:34
================================================================================
[2023-12-12 03:16:11,053] {manager.py:809} INFO - 
================================================================================
DAG File Processing Stats

File Path                                      PID    Runtime      # DAGs    # Errors  Last Runtime    Last Run
---------------------------------------------  -----  ---------  --------  ----------  --------------  -------------------
/opt/airflow/dags/ETL_Entregable3_Chumbita.py                           1           0  0.79s           2023-12-12T03:16:10
================================================================================
[2023-12-12 03:16:41,565] {manager.py:809} INFO - 
================================================================================
DAG File Processing Stats

File Path                                      PID    Runtime      # DAGs    # Errors  Last Runtime    Last Run
---------------------------------------------  -----  ---------  --------  ----------  --------------  -------------------
/opt/airflow/dags/ETL_Entregable3_Chumbita.py                           1           0  3.89s           2023-12-12T03:16:35
================================================================================
[2023-12-12 03:17:11,725] {manager.py:809} INFO - 
================================================================================
DAG File Processing Stats

File Path                                      PID    Runtime      # DAGs    # Errors  Last Runtime    Last Run
---------------------------------------------  -----  ---------  --------  ----------  --------------  -------------------
/opt/airflow/dags/ETL_Entregable3_Chumbita.py                           1           0  0.80s           2023-12-12T03:17:11
================================================================================
[2023-12-12 03:17:41,803] {manager.py:809} INFO - 
================================================================================
DAG File Processing Stats

File Path                                      PID    Runtime      # DAGs    # Errors  Last Runtime    Last Run
---------------------------------------------  -----  ---------  --------  ----------  --------------  -------------------
/opt/airflow/dags/ETL_Entregable3_Chumbita.py                           1           0  1.17s           2023-12-12T03:17:33
================================================================================
[2023-12-12 03:18:12,150] {manager.py:809} INFO - 
================================================================================
DAG File Processing Stats

File Path                                      PID    Runtime      # DAGs    # Errors  Last Runtime    Last Run
---------------------------------------------  -----  ---------  --------  ----------  --------------  -------------------
/opt/airflow/dags/ETL_Entregable3_Chumbita.py                           1           0  1.15s           2023-12-12T03:18:10
================================================================================
[2023-12-12 03:18:42,478] {manager.py:809} INFO - 
================================================================================
DAG File Processing Stats

File Path                                      PID    Runtime      # DAGs    # Errors  Last Runtime    Last Run
---------------------------------------------  -----  ---------  --------  ----------  --------------  -------------------
/opt/airflow/dags/ETL_Entregable3_Chumbita.py                           1           0  2.92s           2023-12-12T03:18:34
================================================================================
[2023-12-12 03:19:12,793] {manager.py:809} INFO - 
================================================================================
DAG File Processing Stats

File Path                                      PID    Runtime      # DAGs    # Errors  Last Runtime    Last Run
---------------------------------------------  -----  ---------  --------  ----------  --------------  -------------------
/opt/airflow/dags/ETL_Entregable3_Chumbita.py                           1           0  0.87s           2023-12-12T03:19:08
================================================================================
[2023-12-12 03:19:42,978] {manager.py:809} INFO - 
================================================================================
DAG File Processing Stats

File Path                                      PID    Runtime      # DAGs    # Errors  Last Runtime    Last Run
---------------------------------------------  -----  ---------  --------  ----------  --------------  -------------------
/opt/airflow/dags/ETL_Entregable3_Chumbita.py                           1           0  0.88s           2023-12-12T03:19:40
================================================================================
[2023-12-12 03:20:08,712] {manager.py:690} INFO - Searching for files in /opt/airflow/dags
[2023-12-12 03:20:08,768] {manager.py:693} INFO - There are 1 files in /opt/airflow/dags
[2023-12-12 03:20:13,337] {manager.py:809} INFO - 
================================================================================
DAG File Processing Stats

File Path                                      PID    Runtime      # DAGs    # Errors  Last Runtime    Last Run
---------------------------------------------  -----  ---------  --------  ----------  --------------  -------------------
/opt/airflow/dags/ETL_Entregable3_Chumbita.py                           1           0  1.58s           2023-12-12T03:20:03
================================================================================
[2023-12-12 03:20:44,139] {manager.py:809} INFO - 
================================================================================
DAG File Processing Stats

File Path                                      PID    Runtime      # DAGs    # Errors  Last Runtime    Last Run
---------------------------------------------  -----  ---------  --------  ----------  --------------  -------------------
/opt/airflow/dags/ETL_Entregable3_Chumbita.py                           1           0  1.10s           2023-12-12T03:20:37
================================================================================
[2023-12-12 03:21:14,351] {manager.py:809} INFO - 
================================================================================
DAG File Processing Stats

File Path                                      PID    Runtime      # DAGs    # Errors  Last Runtime    Last Run
---------------------------------------------  -----  ---------  --------  ----------  --------------  -------------------
/opt/airflow/dags/ETL_Entregable3_Chumbita.py                           1           0  0.85s           2023-12-12T03:21:09
================================================================================
[2023-12-12 03:21:45,018] {manager.py:809} INFO - 
================================================================================
DAG File Processing Stats

File Path                                      PID    Runtime      # DAGs    # Errors  Last Runtime    Last Run
---------------------------------------------  -----  ---------  --------  ----------  --------------  -------------------
/opt/airflow/dags/ETL_Entregable3_Chumbita.py                           1           0  0.91s           2023-12-12T03:21:43
================================================================================
[2023-12-12 03:22:15,441] {manager.py:809} INFO - 
================================================================================
DAG File Processing Stats

File Path                                        PID  Runtime      # DAGs    # Errors  Last Runtime    Last Run
---------------------------------------------  -----  ---------  --------  ----------  --------------  -------------------
/opt/airflow/dags/ETL_Entregable3_Chumbita.py   2213  0.78s             1           0  0.76s           2023-12-12T03:22:04
================================================================================
[2023-12-12 03:22:46,408] {manager.py:809} INFO - 
================================================================================
DAG File Processing Stats

File Path                                      PID    Runtime      # DAGs    # Errors  Last Runtime    Last Run
---------------------------------------------  -----  ---------  --------  ----------  --------------  -------------------
/opt/airflow/dags/ETL_Entregable3_Chumbita.py                           1           0  1.02s           2023-12-12T03:22:37
================================================================================
[2023-12-21 01:53:41,781] {manager.py:480} INFO - Processing files using up to 2 processes at a time 
[2023-12-21 01:53:41,785] {manager.py:481} INFO - Process each file at most once every 10 seconds
[2023-12-21 01:53:41,796] {manager.py:483} INFO - Checking for new files in /opt/airflow/dags every 300 seconds
[2023-12-21 01:53:41,801] {manager.py:690} INFO - Searching for files in /opt/airflow/dags
[2023-12-21 01:53:41,992] {manager.py:693} INFO - There are 1 files in /opt/airflow/dags
[2023-12-21 01:53:43,050] {manager.py:809} INFO - 
================================================================================
DAG File Processing Stats

File Path                                        PID  Runtime      # DAGs    # Errors  Last Runtime    Last Run
---------------------------------------------  -----  ---------  --------  ----------  --------------  ----------
/opt/airflow/dags/ETL_Entregable3_Chumbita.py    168  0.07s             0           0
================================================================================
[2023-12-21 01:54:13,049] {manager.py:809} INFO - 
================================================================================
DAG File Processing Stats

File Path                                        PID  Runtime      # DAGs    # Errors  Last Runtime    Last Run
---------------------------------------------  -----  ---------  --------  ----------  --------------  -------------------
/opt/airflow/dags/ETL_Entregable3_Chumbita.py    199  2.05s             1           0  3.16s           2023-12-21T01:54:00
================================================================================
[2023-12-21 01:54:43,132] {manager.py:809} INFO - 
================================================================================
DAG File Processing Stats

File Path                                      PID    Runtime      # DAGs    # Errors  Last Runtime    Last Run
---------------------------------------------  -----  ---------  --------  ----------  --------------  -------------------
/opt/airflow/dags/ETL_Entregable3_Chumbita.py                           1           0  0.73s           2023-12-21T01:54:39
================================================================================
[2023-12-21 01:55:13,492] {manager.py:809} INFO - 
================================================================================
DAG File Processing Stats

File Path                                      PID    Runtime      # DAGs    # Errors  Last Runtime    Last Run
---------------------------------------------  -----  ---------  --------  ----------  --------------  -------------------
/opt/airflow/dags/ETL_Entregable3_Chumbita.py                           1           0  0.75s           2023-12-21T01:55:11
================================================================================
[2023-12-21 01:55:43,859] {manager.py:809} INFO - 
================================================================================
DAG File Processing Stats

File Path                                      PID    Runtime      # DAGs    # Errors  Last Runtime    Last Run
---------------------------------------------  -----  ---------  --------  ----------  --------------  -------------------
/opt/airflow/dags/ETL_Entregable3_Chumbita.py                           1           0  0.67s           2023-12-21T01:55:43
================================================================================
[2023-12-21 01:56:14,028] {manager.py:809} INFO - 
================================================================================
DAG File Processing Stats

File Path                                      PID    Runtime      # DAGs    # Errors  Last Runtime    Last Run
---------------------------------------------  -----  ---------  --------  ----------  --------------  -------------------
/opt/airflow/dags/ETL_Entregable3_Chumbita.py                           1           0  0.71s           2023-12-21T01:56:06
================================================================================
[2023-12-21 01:56:44,453] {manager.py:809} INFO - 
================================================================================
DAG File Processing Stats

File Path                                      PID    Runtime      # DAGs    # Errors  Last Runtime    Last Run
---------------------------------------------  -----  ---------  --------  ----------  --------------  -------------------
/opt/airflow/dags/ETL_Entregable3_Chumbita.py                           1           0  0.71s           2023-12-21T01:56:38
================================================================================
[2023-12-21 01:57:14,815] {manager.py:809} INFO - 
================================================================================
DAG File Processing Stats

File Path                                      PID    Runtime      # DAGs    # Errors  Last Runtime    Last Run
---------------------------------------------  -----  ---------  --------  ----------  --------------  -------------------
/opt/airflow/dags/ETL_Entregable3_Chumbita.py                           1           0  0.79s           2023-12-21T01:57:10
================================================================================
[2023-12-21 01:57:45,059] {manager.py:809} INFO - 
================================================================================
DAG File Processing Stats

File Path                                      PID    Runtime      # DAGs    # Errors  Last Runtime    Last Run
---------------------------------------------  -----  ---------  --------  ----------  --------------  -------------------
/opt/airflow/dags/ETL_Entregable3_Chumbita.py                           1           0  0.75s           2023-12-21T01:57:43
================================================================================
[2023-12-21 01:58:15,100] {manager.py:809} INFO - 
================================================================================
DAG File Processing Stats

File Path                                        PID  Runtime      # DAGs    # Errors  Last Runtime    Last Run
---------------------------------------------  -----  ---------  --------  ----------  --------------  -------------------
/opt/airflow/dags/ETL_Entregable3_Chumbita.py    337  0.01s             1           0  0.86s           2023-12-21T01:58:05
================================================================================
[2023-12-21 01:58:41,948] {manager.py:690} INFO - Searching for files in /opt/airflow/dags
[2023-12-21 01:58:42,010] {manager.py:693} INFO - There are 1 files in /opt/airflow/dags
[2023-12-21 01:58:45,371] {manager.py:809} INFO - 
================================================================================
DAG File Processing Stats

File Path                                      PID    Runtime      # DAGs    # Errors  Last Runtime    Last Run
---------------------------------------------  -----  ---------  --------  ----------  --------------  -------------------
/opt/airflow/dags/ETL_Entregable3_Chumbita.py                           1           0  0.74s           2023-12-21T01:58:37
================================================================================
[2023-12-21 01:59:15,557] {manager.py:809} INFO - 
================================================================================
DAG File Processing Stats

File Path                                      PID    Runtime      # DAGs    # Errors  Last Runtime    Last Run
---------------------------------------------  -----  ---------  --------  ----------  --------------  -------------------
/opt/airflow/dags/ETL_Entregable3_Chumbita.py                           1           0  0.68s           2023-12-21T01:59:10
================================================================================
[2023-12-21 01:59:45,787] {manager.py:809} INFO - 
================================================================================
DAG File Processing Stats

File Path                                      PID    Runtime      # DAGs    # Errors  Last Runtime    Last Run
---------------------------------------------  -----  ---------  --------  ----------  --------------  -------------------
/opt/airflow/dags/ETL_Entregable3_Chumbita.py                           1           0  0.69s           2023-12-21T01:59:42
================================================================================
[2023-12-21 02:00:16,003] {manager.py:809} INFO - 
================================================================================
DAG File Processing Stats

File Path                                      PID    Runtime      # DAGs    # Errors  Last Runtime    Last Run
---------------------------------------------  -----  ---------  --------  ----------  --------------  -------------------
/opt/airflow/dags/ETL_Entregable3_Chumbita.py                           1           0  0.89s           2023-12-21T02:00:15
================================================================================
[2023-12-21 02:00:46,458] {manager.py:809} INFO - 
================================================================================
DAG File Processing Stats

File Path                                      PID    Runtime      # DAGs    # Errors  Last Runtime    Last Run
---------------------------------------------  -----  ---------  --------  ----------  --------------  -------------------
/opt/airflow/dags/ETL_Entregable3_Chumbita.py                           1           0  0.74s           2023-12-21T02:00:36
================================================================================
[2023-12-21 02:01:16,657] {manager.py:809} INFO - 
================================================================================
DAG File Processing Stats

File Path                                      PID    Runtime      # DAGs    # Errors  Last Runtime    Last Run
---------------------------------------------  -----  ---------  --------  ----------  --------------  -------------------
/opt/airflow/dags/ETL_Entregable3_Chumbita.py                           1           0  0.68s           2023-12-21T02:01:08
================================================================================
[2023-12-21 02:01:46,912] {manager.py:809} INFO - 
================================================================================
DAG File Processing Stats

File Path                                      PID    Runtime      # DAGs    # Errors  Last Runtime    Last Run
---------------------------------------------  -----  ---------  --------  ----------  --------------  -------------------
/opt/airflow/dags/ETL_Entregable3_Chumbita.py                           1           0  0.75s           2023-12-21T02:01:41
================================================================================
[2023-12-21 02:02:17,168] {manager.py:809} INFO - 
================================================================================
DAG File Processing Stats

File Path                                      PID    Runtime      # DAGs    # Errors  Last Runtime    Last Run
---------------------------------------------  -----  ---------  --------  ----------  --------------  -------------------
/opt/airflow/dags/ETL_Entregable3_Chumbita.py                           1           0  0.79s           2023-12-21T02:02:13
================================================================================
[2023-12-21 02:02:47,714] {manager.py:809} INFO - 
================================================================================
DAG File Processing Stats

File Path                                      PID    Runtime      # DAGs    # Errors  Last Runtime    Last Run
---------------------------------------------  -----  ---------  --------  ----------  --------------  -------------------
/opt/airflow/dags/ETL_Entregable3_Chumbita.py                           1           0  1.08s           2023-12-21T02:02:46
================================================================================
[2023-12-21 02:03:17,953] {manager.py:809} INFO - 
================================================================================
DAG File Processing Stats

File Path                                      PID    Runtime      # DAGs    # Errors  Last Runtime    Last Run
---------------------------------------------  -----  ---------  --------  ----------  --------------  -------------------
/opt/airflow/dags/ETL_Entregable3_Chumbita.py                           1           0  0.93s           2023-12-21T02:03:08
================================================================================
[2023-12-21 02:03:42,034] {manager.py:690} INFO - Searching for files in /opt/airflow/dags
[2023-12-21 02:03:42,069] {manager.py:693} INFO - There are 1 files in /opt/airflow/dags
[2023-12-21 02:03:48,251] {manager.py:809} INFO - 
================================================================================
DAG File Processing Stats

File Path                                      PID    Runtime      # DAGs    # Errors  Last Runtime    Last Run
---------------------------------------------  -----  ---------  --------  ----------  --------------  -------------------
/opt/airflow/dags/ETL_Entregable3_Chumbita.py                           1           0  1.20s           2023-12-21T02:03:42
================================================================================
[2023-12-21 02:04:19,058] {manager.py:809} INFO - 
================================================================================
DAG File Processing Stats

File Path                                      PID    Runtime      # DAGs    # Errors  Last Runtime    Last Run
---------------------------------------------  -----  ---------  --------  ----------  --------------  -------------------
/opt/airflow/dags/ETL_Entregable3_Chumbita.py                           1           0  1.01s           2023-12-21T02:04:15
================================================================================
[2023-12-21 02:04:49,229] {manager.py:809} INFO - 
================================================================================
DAG File Processing Stats

File Path                                      PID    Runtime      # DAGs    # Errors  Last Runtime    Last Run
---------------------------------------------  -----  ---------  --------  ----------  --------------  -------------------
/opt/airflow/dags/ETL_Entregable3_Chumbita.py                           1           0  0.78s           2023-12-21T02:04:47
================================================================================
[2023-12-21 02:05:12,235] {manager.py:462} INFO - Exiting gracefully upon receiving signal 15
