[2023-12-10 20:19:11,403] {taskinstance.py:1179} INFO - Dependencies all met for <TaskInstance: mi_primer_dar_con_PythonOperator.aloha_david scheduled__2022-08-30T00:00:00+00:00 [queued]>
[2023-12-10 20:19:11,433] {taskinstance.py:1179} INFO - Dependencies all met for <TaskInstance: mi_primer_dar_con_PythonOperator.aloha_david scheduled__2022-08-30T00:00:00+00:00 [queued]>
[2023-12-10 20:19:11,437] {taskinstance.py:1376} INFO - 
--------------------------------------------------------------------------------
[2023-12-10 20:19:11,438] {taskinstance.py:1377} INFO - Starting attempt 1 of 6
[2023-12-10 20:19:11,440] {taskinstance.py:1378} INFO - 
--------------------------------------------------------------------------------
[2023-12-10 20:19:11,504] {taskinstance.py:1397} INFO - Executing <Task(PythonOperator): aloha_david> on 2022-08-30 00:00:00+00:00
[2023-12-10 20:19:11,512] {standard_task_runner.py:52} INFO - Started process 545 to run task
[2023-12-10 20:19:11,518] {standard_task_runner.py:79} INFO - Running: ['***', 'tasks', 'run', 'mi_primer_dar_con_PythonOperator', 'aloha_david', 'scheduled__2022-08-30T00:00:00+00:00', '--job-id', '1760', '--raw', '--subdir', 'DAGS_FOLDER/mi_primer_dag_pythonoperator.py', '--cfg-path', '/tmp/tmp4_ad963n', '--error-file', '/tmp/tmpa1ordx90']
[2023-12-10 20:19:11,524] {standard_task_runner.py:80} INFO - Job 1760: Subtask aloha_david
[2023-12-10 20:19:11,662] {task_command.py:371} INFO - Running <TaskInstance: mi_primer_dar_con_PythonOperator.aloha_david scheduled__2022-08-30T00:00:00+00:00 [running]> on host 42828894a739
[2023-12-10 20:19:11,804] {taskinstance.py:1591} INFO - Exporting the following env vars:
AIRFLOW_CTX_DAG_OWNER=DavidBU
AIRFLOW_CTX_DAG_ID=mi_primer_dar_con_PythonOperator
AIRFLOW_CTX_TASK_ID=aloha_david
AIRFLOW_CTX_EXECUTION_DATE=2022-08-30T00:00:00+00:00
AIRFLOW_CTX_TRY_NUMBER=1
AIRFLOW_CTX_DAG_RUN_ID=scheduled__2022-08-30T00:00:00+00:00
[2023-12-10 20:19:11,805] {logging_mixin.py:115} INFO - Aloha Mundo soy yo!
[2023-12-10 20:19:11,806] {python.py:173} INFO - Done. Returned value was: None
[2023-12-10 20:19:11,827] {taskinstance.py:1420} INFO - Marking task as SUCCESS. dag_id=mi_primer_dar_con_PythonOperator, task_id=aloha_david, execution_date=20220830T000000, start_date=20231210T201911, end_date=20231210T201911
[2023-12-10 20:19:11,890] {local_task_job.py:156} INFO - Task exited with return code 0
[2023-12-10 20:19:12,226] {local_task_job.py:273} INFO - 0 downstream tasks scheduled from follow-on schedule check
