[2023-12-10 19:42:52,713] {taskinstance.py:1179} INFO - Dependencies all met for <TaskInstance: mi_primer_dag_v3.tercera_tarea scheduled__2023-05-26T00:00:00+00:00 [queued]>
[2023-12-10 19:42:52,907] {taskinstance.py:1179} INFO - Dependencies all met for <TaskInstance: mi_primer_dag_v3.tercera_tarea scheduled__2023-05-26T00:00:00+00:00 [queued]>
[2023-12-10 19:42:52,926] {taskinstance.py:1376} INFO - 
--------------------------------------------------------------------------------
[2023-12-10 19:42:52,958] {taskinstance.py:1377} INFO - Starting attempt 1 of 6
[2023-12-10 19:42:52,979] {taskinstance.py:1378} INFO - 
--------------------------------------------------------------------------------
[2023-12-10 19:42:53,242] {taskinstance.py:1397} INFO - Executing <Task(BashOperator): tercera_tarea> on 2023-05-26 00:00:00+00:00
[2023-12-10 19:42:53,257] {standard_task_runner.py:52} INFO - Started process 3212 to run task
[2023-12-10 19:42:53,361] {standard_task_runner.py:79} INFO - Running: ['***', 'tasks', 'run', 'mi_primer_dag_v3', 'tercera_tarea', 'scheduled__2023-05-26T00:00:00+00:00', '--job-id', '900', '--raw', '--subdir', 'DAGS_FOLDER/primer_dag_v3.py', '--cfg-path', '/tmp/tmpk_mti48_', '--error-file', '/tmp/tmpd1t0oljg']
[2023-12-10 19:42:53,476] {standard_task_runner.py:80} INFO - Job 900: Subtask tercera_tarea
[2023-12-10 19:42:54,258] {task_command.py:371} INFO - Running <TaskInstance: mi_primer_dag_v3.tercera_tarea scheduled__2023-05-26T00:00:00+00:00 [running]> on host 42828894a739
[2023-12-10 19:42:55,875] {taskinstance.py:1591} INFO - Exporting the following env vars:
AIRFLOW_CTX_DAG_OWNER=DavidBU
AIRFLOW_CTX_DAG_ID=mi_primer_dag_v3
AIRFLOW_CTX_TASK_ID=tercera_tarea
AIRFLOW_CTX_EXECUTION_DATE=2023-05-26T00:00:00+00:00
AIRFLOW_CTX_TRY_NUMBER=1
AIRFLOW_CTX_DAG_RUN_ID=scheduled__2023-05-26T00:00:00+00:00
[2023-12-10 19:42:55,885] {subprocess.py:62} INFO - Tmp dir root location: 
 /tmp
[2023-12-10 19:42:55,887] {subprocess.py:74} INFO - Running command: ['bash', '-c', 'echo hola, soy la tarea 3 y sere corrida luego de Tarea 1 al mismo tiempo que Tarea 2']
[2023-12-10 19:42:56,003] {subprocess.py:85} INFO - Output:
[2023-12-10 19:42:56,065] {subprocess.py:92} INFO - hola, soy la tarea 3 y sere corrida luego de Tarea 1 al mismo tiempo que Tarea 2
[2023-12-10 19:42:56,084] {subprocess.py:96} INFO - Command exited with return code 0
[2023-12-10 19:42:56,544] {taskinstance.py:1420} INFO - Marking task as SUCCESS. dag_id=mi_primer_dag_v3, task_id=tercera_tarea, execution_date=20230526T000000, start_date=20231210T194252, end_date=20231210T194256
[2023-12-10 19:42:56,824] {local_task_job.py:156} INFO - Task exited with return code 0
[2023-12-10 19:42:57,998] {local_task_job.py:273} INFO - 0 downstream tasks scheduled from follow-on schedule check
