[2023-12-29 04:26:35,322] {processor.py:163} INFO - Started process (PID=5068) to work on /opt/airflow/dags/dag_sensors2.py
[2023-12-29 04:26:35,327] {processor.py:642} INFO - Processing file /opt/airflow/dags/dag_sensors2.py for tasks to queue
[2023-12-29 04:26:35,329] {logging_mixin.py:109} INFO - [2023-12-29 04:26:35,328] {dagbag.py:500} INFO - Filling up the DagBag from /opt/airflow/dags/dag_sensors2.py
[2023-12-29 04:26:35,735] {processor.py:654} INFO - DAG(s) dict_keys(['data_sensors_AC']) retrieved from /opt/airflow/dags/dag_sensors2.py
[2023-12-29 04:27:33,273] {processor.py:163} INFO - Started process (PID=5145) to work on /opt/airflow/dags/dag_sensors2.py
[2023-12-29 04:27:33,276] {processor.py:642} INFO - Processing file /opt/airflow/dags/dag_sensors2.py for tasks to queue
[2023-12-29 04:27:33,288] {logging_mixin.py:109} INFO - [2023-12-29 04:27:33,288] {dagbag.py:500} INFO - Filling up the DagBag from /opt/airflow/dags/dag_sensors2.py
[2023-12-29 04:27:33,831] {processor.py:654} INFO - DAG(s) dict_keys(['data_sensors_AC']) retrieved from /opt/airflow/dags/dag_sensors2.py
[2023-12-29 04:28:26,922] {processor.py:163} INFO - Started process (PID=5211) to work on /opt/airflow/dags/dag_sensors2.py
[2023-12-29 04:28:26,925] {processor.py:642} INFO - Processing file /opt/airflow/dags/dag_sensors2.py for tasks to queue
[2023-12-29 04:28:26,945] {logging_mixin.py:109} INFO - [2023-12-29 04:28:26,945] {dagbag.py:500} INFO - Filling up the DagBag from /opt/airflow/dags/dag_sensors2.py
[2023-12-29 04:28:27,241] {processor.py:654} INFO - DAG(s) dict_keys(['data_sensors_AC']) retrieved from /opt/airflow/dags/dag_sensors2.py
[2023-12-29 04:28:57,073] {logging_mixin.py:109} INFO - [2023-12-29 04:28:57,073] {manager.py:496} INFO - Created Permission View: can edit on DAG:data_sensors_AC
[2023-12-29 04:28:57,209] {logging_mixin.py:109} INFO - [2023-12-29 04:28:57,209] {manager.py:496} INFO - Created Permission View: can read on DAG:data_sensors_AC
[2023-12-29 04:28:57,226] {logging_mixin.py:109} INFO - [2023-12-29 04:28:57,222] {dag.py:2396} INFO - Sync 1 DAGs
[2023-12-29 04:28:57,356] {logging_mixin.py:109} INFO - [2023-12-29 04:28:57,334] {dag.py:2415} INFO - Creating ORM DAG for data_sensors_AC
[2023-12-29 04:28:57,731] {logging_mixin.py:109} INFO - [2023-12-29 04:28:57,730] {dag.py:2935} INFO - Setting next_dagrun for data_sensors_AC to 2023-12-26T00:00:00+00:00
[2023-12-29 04:28:57,806] {processor.py:171} INFO - Processing /opt/airflow/dags/dag_sensors2.py took 30.911 seconds
[2023-12-29 04:29:28,336] {processor.py:163} INFO - Started process (PID=5301) to work on /opt/airflow/dags/dag_sensors2.py
[2023-12-29 04:29:28,352] {processor.py:642} INFO - Processing file /opt/airflow/dags/dag_sensors2.py for tasks to queue
[2023-12-29 04:29:28,377] {logging_mixin.py:109} INFO - [2023-12-29 04:29:28,377] {dagbag.py:500} INFO - Filling up the DagBag from /opt/airflow/dags/dag_sensors2.py
[2023-12-29 04:29:28,725] {processor.py:654} INFO - DAG(s) dict_keys(['data_sensors_AC']) retrieved from /opt/airflow/dags/dag_sensors2.py
[2023-12-29 04:29:28,788] {logging_mixin.py:109} INFO - [2023-12-29 04:29:28,787] {dag.py:2396} INFO - Sync 1 DAGs
[2023-12-29 04:29:28,911] {logging_mixin.py:109} INFO - [2023-12-29 04:29:28,911] {dag.py:2935} INFO - Setting next_dagrun for data_sensors_AC to 2023-12-26T00:00:00+00:00
[2023-12-29 04:29:28,978] {processor.py:171} INFO - Processing /opt/airflow/dags/dag_sensors2.py took 0.650 seconds
[2023-12-29 04:30:01,914] {processor.py:163} INFO - Started process (PID=5344) to work on /opt/airflow/dags/dag_sensors2.py
[2023-12-29 04:30:01,921] {processor.py:642} INFO - Processing file /opt/airflow/dags/dag_sensors2.py for tasks to queue
[2023-12-29 04:30:01,923] {logging_mixin.py:109} INFO - [2023-12-29 04:30:01,923] {dagbag.py:500} INFO - Filling up the DagBag from /opt/airflow/dags/dag_sensors2.py
[2023-12-29 04:30:02,411] {processor.py:654} INFO - DAG(s) dict_keys(['data_sensors_AC']) retrieved from /opt/airflow/dags/dag_sensors2.py
[2023-12-29 04:30:02,491] {logging_mixin.py:109} INFO - [2023-12-29 04:30:02,491] {dag.py:2396} INFO - Sync 1 DAGs
[2023-12-29 04:30:02,615] {logging_mixin.py:109} INFO - [2023-12-29 04:30:02,614] {dag.py:2935} INFO - Setting next_dagrun for data_sensors_AC to 2023-12-29T00:00:00+00:00
[2023-12-29 04:30:02,767] {processor.py:171} INFO - Processing /opt/airflow/dags/dag_sensors2.py took 0.875 seconds
[2023-12-29 04:30:36,656] {processor.py:163} INFO - Started process (PID=5400) to work on /opt/airflow/dags/dag_sensors2.py
[2023-12-29 04:30:36,671] {processor.py:642} INFO - Processing file /opt/airflow/dags/dag_sensors2.py for tasks to queue
[2023-12-29 04:30:36,692] {logging_mixin.py:109} INFO - [2023-12-29 04:30:36,692] {dagbag.py:500} INFO - Filling up the DagBag from /opt/airflow/dags/dag_sensors2.py
[2023-12-29 04:30:37,096] {processor.py:654} INFO - DAG(s) dict_keys(['data_sensors_AC']) retrieved from /opt/airflow/dags/dag_sensors2.py
[2023-12-29 04:30:37,263] {logging_mixin.py:109} INFO - [2023-12-29 04:30:37,263] {dag.py:2396} INFO - Sync 1 DAGs
[2023-12-29 04:30:37,501] {logging_mixin.py:109} INFO - [2023-12-29 04:30:37,501] {dag.py:2935} INFO - Setting next_dagrun for data_sensors_AC to 2023-12-29T00:00:00+00:00
[2023-12-29 04:30:37,695] {processor.py:171} INFO - Processing /opt/airflow/dags/dag_sensors2.py took 1.048 seconds
[2023-12-29 04:31:10,420] {processor.py:163} INFO - Started process (PID=5450) to work on /opt/airflow/dags/dag_sensors2.py
[2023-12-29 04:31:10,474] {processor.py:642} INFO - Processing file /opt/airflow/dags/dag_sensors2.py for tasks to queue
[2023-12-29 04:31:10,480] {logging_mixin.py:109} INFO - [2023-12-29 04:31:10,479] {dagbag.py:500} INFO - Filling up the DagBag from /opt/airflow/dags/dag_sensors2.py
[2023-12-29 04:31:11,049] {processor.py:654} INFO - DAG(s) dict_keys(['data_sensors_AC']) retrieved from /opt/airflow/dags/dag_sensors2.py
[2023-12-29 04:31:11,155] {logging_mixin.py:109} INFO - [2023-12-29 04:31:11,154] {dag.py:2396} INFO - Sync 1 DAGs
[2023-12-29 04:31:11,301] {logging_mixin.py:109} INFO - [2023-12-29 04:31:11,300] {dag.py:2935} INFO - Setting next_dagrun for data_sensors_AC to 2023-12-29T00:00:00+00:00
[2023-12-29 04:31:11,430] {processor.py:171} INFO - Processing /opt/airflow/dags/dag_sensors2.py took 1.019 seconds
[2023-12-29 04:31:42,906] {processor.py:163} INFO - Started process (PID=5494) to work on /opt/airflow/dags/dag_sensors2.py
[2023-12-29 04:31:42,921] {processor.py:642} INFO - Processing file /opt/airflow/dags/dag_sensors2.py for tasks to queue
[2023-12-29 04:31:42,923] {logging_mixin.py:109} INFO - [2023-12-29 04:31:42,923] {dagbag.py:500} INFO - Filling up the DagBag from /opt/airflow/dags/dag_sensors2.py
[2023-12-29 04:31:43,460] {processor.py:654} INFO - DAG(s) dict_keys(['data_sensors_AC']) retrieved from /opt/airflow/dags/dag_sensors2.py
[2023-12-29 04:31:43,546] {logging_mixin.py:109} INFO - [2023-12-29 04:31:43,545] {dag.py:2396} INFO - Sync 1 DAGs
[2023-12-29 04:31:43,774] {logging_mixin.py:109} INFO - [2023-12-29 04:31:43,741] {dag.py:2935} INFO - Setting next_dagrun for data_sensors_AC to 2023-12-29T00:00:00+00:00
[2023-12-29 04:31:43,936] {processor.py:171} INFO - Processing /opt/airflow/dags/dag_sensors2.py took 1.071 seconds
[2023-12-29 04:32:14,153] {processor.py:163} INFO - Started process (PID=5550) to work on /opt/airflow/dags/dag_sensors2.py
[2023-12-29 04:32:14,156] {processor.py:642} INFO - Processing file /opt/airflow/dags/dag_sensors2.py for tasks to queue
[2023-12-29 04:32:14,162] {logging_mixin.py:109} INFO - [2023-12-29 04:32:14,161] {dagbag.py:500} INFO - Filling up the DagBag from /opt/airflow/dags/dag_sensors2.py
[2023-12-29 04:32:14,322] {processor.py:654} INFO - DAG(s) dict_keys(['data_sensors_AC']) retrieved from /opt/airflow/dags/dag_sensors2.py
[2023-12-29 04:32:14,360] {logging_mixin.py:109} INFO - [2023-12-29 04:32:14,359] {dag.py:2396} INFO - Sync 1 DAGs
[2023-12-29 04:32:14,388] {logging_mixin.py:109} INFO - [2023-12-29 04:32:14,388] {dag.py:2935} INFO - Setting next_dagrun for data_sensors_AC to 2023-12-29T00:00:00+00:00
[2023-12-29 04:32:14,407] {processor.py:171} INFO - Processing /opt/airflow/dags/dag_sensors2.py took 0.263 seconds
[2023-12-29 04:32:44,791] {processor.py:163} INFO - Started process (PID=5597) to work on /opt/airflow/dags/dag_sensors2.py
[2023-12-29 04:32:44,806] {processor.py:642} INFO - Processing file /opt/airflow/dags/dag_sensors2.py for tasks to queue
[2023-12-29 04:32:44,814] {logging_mixin.py:109} INFO - [2023-12-29 04:32:44,814] {dagbag.py:500} INFO - Filling up the DagBag from /opt/airflow/dags/dag_sensors2.py
[2023-12-29 04:32:45,064] {processor.py:654} INFO - DAG(s) dict_keys(['data_sensors_AC']) retrieved from /opt/airflow/dags/dag_sensors2.py
[2023-12-29 04:32:45,100] {logging_mixin.py:109} INFO - [2023-12-29 04:32:45,099] {dag.py:2396} INFO - Sync 1 DAGs
[2023-12-29 04:32:45,164] {logging_mixin.py:109} INFO - [2023-12-29 04:32:45,164] {dag.py:2935} INFO - Setting next_dagrun for data_sensors_AC to 2023-12-29T00:00:00+00:00
[2023-12-29 04:32:45,233] {processor.py:171} INFO - Processing /opt/airflow/dags/dag_sensors2.py took 0.457 seconds
[2023-12-29 04:33:15,321] {processor.py:163} INFO - Started process (PID=5655) to work on /opt/airflow/dags/dag_sensors2.py
[2023-12-29 04:33:15,324] {processor.py:642} INFO - Processing file /opt/airflow/dags/dag_sensors2.py for tasks to queue
[2023-12-29 04:33:15,327] {logging_mixin.py:109} INFO - [2023-12-29 04:33:15,326] {dagbag.py:500} INFO - Filling up the DagBag from /opt/airflow/dags/dag_sensors2.py
[2023-12-29 04:33:15,412] {processor.py:654} INFO - DAG(s) dict_keys(['data_sensors_AC']) retrieved from /opt/airflow/dags/dag_sensors2.py
[2023-12-29 04:33:15,432] {logging_mixin.py:109} INFO - [2023-12-29 04:33:15,432] {dag.py:2396} INFO - Sync 1 DAGs
[2023-12-29 04:33:15,463] {logging_mixin.py:109} INFO - [2023-12-29 04:33:15,462] {dag.py:2935} INFO - Setting next_dagrun for data_sensors_AC to 2023-12-29T00:00:00+00:00
[2023-12-29 04:33:15,486] {processor.py:171} INFO - Processing /opt/airflow/dags/dag_sensors2.py took 0.173 seconds
[2023-12-29 04:33:45,896] {processor.py:163} INFO - Started process (PID=5710) to work on /opt/airflow/dags/dag_sensors2.py
[2023-12-29 04:33:45,912] {processor.py:642} INFO - Processing file /opt/airflow/dags/dag_sensors2.py for tasks to queue
[2023-12-29 04:33:45,924] {logging_mixin.py:109} INFO - [2023-12-29 04:33:45,924] {dagbag.py:500} INFO - Filling up the DagBag from /opt/airflow/dags/dag_sensors2.py
[2023-12-29 04:33:46,240] {processor.py:654} INFO - DAG(s) dict_keys(['data_sensors_AC']) retrieved from /opt/airflow/dags/dag_sensors2.py
[2023-12-29 04:33:46,271] {logging_mixin.py:109} INFO - [2023-12-29 04:33:46,271] {dag.py:2396} INFO - Sync 1 DAGs
[2023-12-29 04:33:46,322] {logging_mixin.py:109} INFO - [2023-12-29 04:33:46,321] {dag.py:2935} INFO - Setting next_dagrun for data_sensors_AC to 2023-12-29T00:00:00+00:00
[2023-12-29 04:33:46,377] {processor.py:171} INFO - Processing /opt/airflow/dags/dag_sensors2.py took 0.488 seconds
[2023-12-29 04:34:16,797] {processor.py:163} INFO - Started process (PID=5756) to work on /opt/airflow/dags/dag_sensors2.py
[2023-12-29 04:34:16,807] {processor.py:642} INFO - Processing file /opt/airflow/dags/dag_sensors2.py for tasks to queue
[2023-12-29 04:34:16,823] {logging_mixin.py:109} INFO - [2023-12-29 04:34:16,822] {dagbag.py:500} INFO - Filling up the DagBag from /opt/airflow/dags/dag_sensors2.py
[2023-12-29 04:34:17,426] {processor.py:654} INFO - DAG(s) dict_keys(['data_sensors_AC']) retrieved from /opt/airflow/dags/dag_sensors2.py
[2023-12-29 04:34:17,543] {logging_mixin.py:109} INFO - [2023-12-29 04:34:17,543] {dag.py:2396} INFO - Sync 1 DAGs
[2023-12-29 04:34:17,870] {logging_mixin.py:109} INFO - [2023-12-29 04:34:17,870] {dag.py:2935} INFO - Setting next_dagrun for data_sensors_AC to 2023-12-29T00:00:00+00:00
[2023-12-29 04:34:17,921] {processor.py:171} INFO - Processing /opt/airflow/dags/dag_sensors2.py took 1.134 seconds
