[2023-12-29 05:16:17,689] {taskinstance.py:1179} INFO - Dependencies all met for <TaskInstance: ProyectoFinal_Chumbita.transformar_data scheduled__2023-12-28T00:00:00+00:00 [queued]>
[2023-12-29 05:16:17,708] {taskinstance.py:1179} INFO - Dependencies all met for <TaskInstance: ProyectoFinal_Chumbita.transformar_data scheduled__2023-12-28T00:00:00+00:00 [queued]>
[2023-12-29 05:16:17,709] {taskinstance.py:1376} INFO - 
--------------------------------------------------------------------------------
[2023-12-29 05:16:17,710] {taskinstance.py:1377} INFO - Starting attempt 1 of 6
[2023-12-29 05:16:17,711] {taskinstance.py:1378} INFO - 
--------------------------------------------------------------------------------
[2023-12-29 05:16:17,736] {taskinstance.py:1397} INFO - Executing <Task(PythonOperator): transformar_data> on 2023-12-28 00:00:00+00:00
[2023-12-29 05:16:17,744] {standard_task_runner.py:52} INFO - Started process 655 to run task
[2023-12-29 05:16:17,750] {standard_task_runner.py:79} INFO - Running: ['***', 'tasks', 'run', 'ProyectoFinal_Chumbita', 'transformar_data', 'scheduled__2023-12-28T00:00:00+00:00', '--job-id', '4', '--raw', '--subdir', 'DAGS_FOLDER/ProyectoFinal_Chumbita.py', '--cfg-path', '/tmp/tmpttsj1jjs', '--error-file', '/tmp/tmpdyktily0']
[2023-12-29 05:16:17,753] {standard_task_runner.py:80} INFO - Job 4: Subtask transformar_data
[2023-12-29 05:16:17,860] {task_command.py:371} INFO - Running <TaskInstance: ProyectoFinal_Chumbita.transformar_data scheduled__2023-12-28T00:00:00+00:00 [running]> on host 442d8a143aec
[2023-12-29 05:16:17,936] {logging_mixin.py:115} WARNING - /home/***/.local/lib/python3.7/site-packages/***/utils/context.py:202 AirflowContextDeprecationWarning: Accessing 'execution_date' from the template is deprecated and will be removed in a future version. Please use 'data_interval_start' or 'logical_date' instead.
[2023-12-29 05:16:18,003] {taskinstance.py:1591} INFO - Exporting the following env vars:
AIRFLOW_CTX_DAG_OWNER=ArielChumbita
AIRFLOW_CTX_DAG_ID=ProyectoFinal_Chumbita
AIRFLOW_CTX_TASK_ID=transformar_data
AIRFLOW_CTX_EXECUTION_DATE=2023-12-28T00:00:00+00:00
AIRFLOW_CTX_TRY_NUMBER=1
AIRFLOW_CTX_DAG_RUN_ID=scheduled__2023-12-28T00:00:00+00:00
[2023-12-29 05:16:18,005] {logging_mixin.py:115} INFO - Transformando la data para la fecha: 2023-12-28 0
[2023-12-29 05:16:18,173] {python.py:173} INFO - Done. Returned value was: None
[2023-12-29 05:16:18,203] {taskinstance.py:1420} INFO - Marking task as SUCCESS. dag_id=ProyectoFinal_Chumbita, task_id=transformar_data, execution_date=20231228T000000, start_date=20231229T051617, end_date=20231229T051618
[2023-12-29 05:16:18,242] {local_task_job.py:156} INFO - Task exited with return code 0
[2023-12-29 05:16:18,365] {local_task_job.py:273} INFO - 1 downstream tasks scheduled from follow-on schedule check
