[2023-12-10 19:43:40,066] {taskinstance.py:1179} INFO - Dependencies all met for <TaskInstance: mi_primer_dag_v3.primera_tarea scheduled__2023-06-22T00:00:00+00:00 [queued]>
[2023-12-10 19:43:40,200] {taskinstance.py:1179} INFO - Dependencies all met for <TaskInstance: mi_primer_dag_v3.primera_tarea scheduled__2023-06-22T00:00:00+00:00 [queued]>
[2023-12-10 19:43:40,229] {taskinstance.py:1376} INFO - 
--------------------------------------------------------------------------------
[2023-12-10 19:43:40,246] {taskinstance.py:1377} INFO - Starting attempt 1 of 6
[2023-12-10 19:43:40,257] {taskinstance.py:1378} INFO - 
--------------------------------------------------------------------------------
[2023-12-10 19:43:40,403] {taskinstance.py:1397} INFO - Executing <Task(BashOperator): primera_tarea> on 2023-06-22 00:00:00+00:00
[2023-12-10 19:43:40,441] {standard_task_runner.py:52} INFO - Started process 3437 to run task
[2023-12-10 19:43:40,469] {standard_task_runner.py:79} INFO - Running: ['***', 'tasks', 'run', 'mi_primer_dag_v3', 'primera_tarea', 'scheduled__2023-06-22T00:00:00+00:00', '--job-id', '967', '--raw', '--subdir', 'DAGS_FOLDER/primer_dag_v3.py', '--cfg-path', '/tmp/tmp5w9u509r', '--error-file', '/tmp/tmp2c0gwj67']
[2023-12-10 19:43:40,487] {standard_task_runner.py:80} INFO - Job 967: Subtask primera_tarea
[2023-12-10 19:43:40,847] {task_command.py:371} INFO - Running <TaskInstance: mi_primer_dag_v3.primera_tarea scheduled__2023-06-22T00:00:00+00:00 [running]> on host 42828894a739
[2023-12-10 19:43:41,831] {taskinstance.py:1591} INFO - Exporting the following env vars:
AIRFLOW_CTX_DAG_OWNER=DavidBU
AIRFLOW_CTX_DAG_ID=mi_primer_dag_v3
AIRFLOW_CTX_TASK_ID=primera_tarea
AIRFLOW_CTX_EXECUTION_DATE=2023-06-22T00:00:00+00:00
AIRFLOW_CTX_TRY_NUMBER=1
AIRFLOW_CTX_DAG_RUN_ID=scheduled__2023-06-22T00:00:00+00:00
[2023-12-10 19:43:41,834] {subprocess.py:62} INFO - Tmp dir root location: 
 /tmp
[2023-12-10 19:43:41,835] {subprocess.py:74} INFO - Running command: ['bash', '-c', 'echo hola mundo, esta es nuestra primera tarea!']
[2023-12-10 19:43:41,882] {subprocess.py:85} INFO - Output:
[2023-12-10 19:43:41,885] {subprocess.py:92} INFO - hola mundo, esta es nuestra primera tarea!
[2023-12-10 19:43:41,902] {subprocess.py:96} INFO - Command exited with return code 0
[2023-12-10 19:43:42,065] {taskinstance.py:1420} INFO - Marking task as SUCCESS. dag_id=mi_primer_dag_v3, task_id=primera_tarea, execution_date=20230622T000000, start_date=20231210T194340, end_date=20231210T194342
[2023-12-10 19:43:42,277] {local_task_job.py:156} INFO - Task exited with return code 0
[2023-12-10 19:43:42,962] {local_task_job.py:273} INFO - 2 downstream tasks scheduled from follow-on schedule check
