[2023-12-10 20:20:59,082] {taskinstance.py:1179} INFO - Dependencies all met for <TaskInstance: mi_primer_dag.primer_task scheduled__2023-05-31T00:00:00+00:00 [queued]>
[2023-12-10 20:20:59,108] {taskinstance.py:1179} INFO - Dependencies all met for <TaskInstance: mi_primer_dag.primer_task scheduled__2023-05-31T00:00:00+00:00 [queued]>
[2023-12-10 20:20:59,109] {taskinstance.py:1376} INFO - 
--------------------------------------------------------------------------------
[2023-12-10 20:20:59,109] {taskinstance.py:1377} INFO - Starting attempt 1 of 6
[2023-12-10 20:20:59,110] {taskinstance.py:1378} INFO - 
--------------------------------------------------------------------------------
[2023-12-10 20:20:59,205] {taskinstance.py:1397} INFO - Executing <Task(BashOperator): primer_task> on 2023-05-31 00:00:00+00:00
[2023-12-10 20:20:59,220] {standard_task_runner.py:52} INFO - Started process 998 to run task
[2023-12-10 20:20:59,231] {standard_task_runner.py:79} INFO - Running: ['***', 'tasks', 'run', 'mi_primer_dag', 'primer_task', 'scheduled__2023-05-31T00:00:00+00:00', '--job-id', '1888', '--raw', '--subdir', 'DAGS_FOLDER/mi_primer_dag.py', '--cfg-path', '/tmp/tmph9hojsq8', '--error-file', '/tmp/tmpx54yv1g9']
[2023-12-10 20:20:59,234] {standard_task_runner.py:80} INFO - Job 1888: Subtask primer_task
[2023-12-10 20:20:59,545] {task_command.py:371} INFO - Running <TaskInstance: mi_primer_dag.primer_task scheduled__2023-05-31T00:00:00+00:00 [running]> on host 42828894a739
[2023-12-10 20:20:59,951] {taskinstance.py:1591} INFO - Exporting the following env vars:
AIRFLOW_CTX_DAG_OWNER=DavidBU
AIRFLOW_CTX_DAG_ID=mi_primer_dag
AIRFLOW_CTX_TASK_ID=primer_task
AIRFLOW_CTX_EXECUTION_DATE=2023-05-31T00:00:00+00:00
AIRFLOW_CTX_TRY_NUMBER=1
AIRFLOW_CTX_DAG_RUN_ID=scheduled__2023-05-31T00:00:00+00:00
[2023-12-10 20:20:59,957] {subprocess.py:62} INFO - Tmp dir root location: 
 /tmp
[2023-12-10 20:20:59,961] {subprocess.py:74} INFO - Running command: ['bash', '-c', 'echo hola mundo, esta es nuestra primera tarea usando bash operator!']
[2023-12-10 20:20:59,988] {subprocess.py:85} INFO - Output:
[2023-12-10 20:20:59,994] {subprocess.py:92} INFO - hola mundo, esta es nuestra primera tarea usando bash operator!
[2023-12-10 20:20:59,995] {subprocess.py:96} INFO - Command exited with return code 0
[2023-12-10 20:21:00,116] {taskinstance.py:1420} INFO - Marking task as SUCCESS. dag_id=mi_primer_dag, task_id=primer_task, execution_date=20230531T000000, start_date=20231210T202059, end_date=20231210T202100
[2023-12-10 20:21:00,304] {local_task_job.py:156} INFO - Task exited with return code 0
[2023-12-10 20:21:00,507] {local_task_job.py:273} INFO - 0 downstream tasks scheduled from follow-on schedule check
