[2023-12-10 19:44:11,921] {taskinstance.py:1179} INFO - Dependencies all met for <TaskInstance: mi_primer_dag_v3.segunda_tarea scheduled__2023-07-03T00:00:00+00:00 [queued]>
[2023-12-10 19:44:12,110] {taskinstance.py:1179} INFO - Dependencies all met for <TaskInstance: mi_primer_dag_v3.segunda_tarea scheduled__2023-07-03T00:00:00+00:00 [queued]>
[2023-12-10 19:44:12,111] {taskinstance.py:1376} INFO - 
--------------------------------------------------------------------------------
[2023-12-10 19:44:12,123] {taskinstance.py:1377} INFO - Starting attempt 1 of 6
[2023-12-10 19:44:12,126] {taskinstance.py:1378} INFO - 
--------------------------------------------------------------------------------
[2023-12-10 19:44:12,335] {taskinstance.py:1397} INFO - Executing <Task(BashOperator): segunda_tarea> on 2023-07-03 00:00:00+00:00
[2023-12-10 19:44:12,356] {standard_task_runner.py:52} INFO - Started process 3598 to run task
[2023-12-10 19:44:12,440] {standard_task_runner.py:79} INFO - Running: ['***', 'tasks', 'run', 'mi_primer_dag_v3', 'segunda_tarea', 'scheduled__2023-07-03T00:00:00+00:00', '--job-id', '1015', '--raw', '--subdir', 'DAGS_FOLDER/primer_dag_v3.py', '--cfg-path', '/tmp/tmpaqd2m9ne', '--error-file', '/tmp/tmpgwv8agum']
[2023-12-10 19:44:12,453] {standard_task_runner.py:80} INFO - Job 1015: Subtask segunda_tarea
[2023-12-10 19:44:13,298] {task_command.py:371} INFO - Running <TaskInstance: mi_primer_dag_v3.segunda_tarea scheduled__2023-07-03T00:00:00+00:00 [running]> on host 42828894a739
[2023-12-10 19:44:14,299] {taskinstance.py:1591} INFO - Exporting the following env vars:
AIRFLOW_CTX_DAG_OWNER=DavidBU
AIRFLOW_CTX_DAG_ID=mi_primer_dag_v3
AIRFLOW_CTX_TASK_ID=segunda_tarea
AIRFLOW_CTX_EXECUTION_DATE=2023-07-03T00:00:00+00:00
AIRFLOW_CTX_TRY_NUMBER=1
AIRFLOW_CTX_DAG_RUN_ID=scheduled__2023-07-03T00:00:00+00:00
[2023-12-10 19:44:14,302] {subprocess.py:62} INFO - Tmp dir root location: 
 /tmp
[2023-12-10 19:44:14,305] {subprocess.py:74} INFO - Running command: ['bash', '-c', 'echo hola, soy la tarea 2 y sere corrida luego de la Tarea 1']
[2023-12-10 19:44:14,412] {subprocess.py:85} INFO - Output:
[2023-12-10 19:44:14,465] {subprocess.py:92} INFO - hola, soy la tarea 2 y sere corrida luego de la Tarea 1
[2023-12-10 19:44:14,481] {subprocess.py:96} INFO - Command exited with return code 0
[2023-12-10 19:44:15,090] {taskinstance.py:1420} INFO - Marking task as SUCCESS. dag_id=mi_primer_dag_v3, task_id=segunda_tarea, execution_date=20230703T000000, start_date=20231210T194411, end_date=20231210T194415
[2023-12-10 19:44:15,537] {local_task_job.py:156} INFO - Task exited with return code 0
[2023-12-10 19:44:15,754] {local_task_job.py:273} INFO - 0 downstream tasks scheduled from follow-on schedule check
