[2023-12-10 19:39:32,966] {taskinstance.py:1179} INFO - Dependencies all met for <TaskInstance: mi_primer_dag_v3.segunda_tarea scheduled__2023-03-15T00:00:00+00:00 [queued]>
[2023-12-10 19:39:33,266] {taskinstance.py:1179} INFO - Dependencies all met for <TaskInstance: mi_primer_dag_v3.segunda_tarea scheduled__2023-03-15T00:00:00+00:00 [queued]>
[2023-12-10 19:39:33,275] {taskinstance.py:1376} INFO - 
--------------------------------------------------------------------------------
[2023-12-10 19:39:33,284] {taskinstance.py:1377} INFO - Starting attempt 1 of 6
[2023-12-10 19:39:33,290] {taskinstance.py:1378} INFO - 
--------------------------------------------------------------------------------
[2023-12-10 19:39:33,598] {taskinstance.py:1397} INFO - Executing <Task(BashOperator): segunda_tarea> on 2023-03-15 00:00:00+00:00
[2023-12-10 19:39:33,629] {standard_task_runner.py:52} INFO - Started process 2487 to run task
[2023-12-10 19:39:33,626] {standard_task_runner.py:79} INFO - Running: ['***', 'tasks', 'run', 'mi_primer_dag_v3', 'segunda_tarea', 'scheduled__2023-03-15T00:00:00+00:00', '--job-id', '682', '--raw', '--subdir', 'DAGS_FOLDER/primer_dag_v3.py', '--cfg-path', '/tmp/tmpd4qg9rw_', '--error-file', '/tmp/tmpld13t_6h']
[2023-12-10 19:39:33,701] {standard_task_runner.py:80} INFO - Job 682: Subtask segunda_tarea
[2023-12-10 19:39:34,369] {task_command.py:371} INFO - Running <TaskInstance: mi_primer_dag_v3.segunda_tarea scheduled__2023-03-15T00:00:00+00:00 [running]> on host 42828894a739
[2023-12-10 19:39:36,588] {taskinstance.py:1591} INFO - Exporting the following env vars:
AIRFLOW_CTX_DAG_OWNER=DavidBU
AIRFLOW_CTX_DAG_ID=mi_primer_dag_v3
AIRFLOW_CTX_TASK_ID=segunda_tarea
AIRFLOW_CTX_EXECUTION_DATE=2023-03-15T00:00:00+00:00
AIRFLOW_CTX_TRY_NUMBER=1
AIRFLOW_CTX_DAG_RUN_ID=scheduled__2023-03-15T00:00:00+00:00
[2023-12-10 19:39:36,601] {subprocess.py:62} INFO - Tmp dir root location: 
 /tmp
[2023-12-10 19:39:36,631] {subprocess.py:74} INFO - Running command: ['bash', '-c', 'echo hola, soy la tarea 2 y sere corrida luego de la Tarea 1']
[2023-12-10 19:39:36,663] {subprocess.py:85} INFO - Output:
[2023-12-10 19:39:36,678] {subprocess.py:92} INFO - hola, soy la tarea 2 y sere corrida luego de la Tarea 1
[2023-12-10 19:39:36,689] {subprocess.py:96} INFO - Command exited with return code 0
[2023-12-10 19:39:37,406] {taskinstance.py:1420} INFO - Marking task as SUCCESS. dag_id=mi_primer_dag_v3, task_id=segunda_tarea, execution_date=20230315T000000, start_date=20231210T193932, end_date=20231210T193937
[2023-12-10 19:39:37,594] {local_task_job.py:156} INFO - Task exited with return code 0
[2023-12-10 19:39:38,489] {local_task_job.py:273} INFO - 0 downstream tasks scheduled from follow-on schedule check
