[2023-12-10 20:18:20,797] {taskinstance.py:1179} INFO - Dependencies all met for <TaskInstance: mi_primer_dar_con_PythonOperator.aloha_david scheduled__2022-08-09T00:00:00+00:00 [queued]>
[2023-12-10 20:18:21,054] {taskinstance.py:1179} INFO - Dependencies all met for <TaskInstance: mi_primer_dar_con_PythonOperator.aloha_david scheduled__2022-08-09T00:00:00+00:00 [queued]>
[2023-12-10 20:18:21,277] {taskinstance.py:1376} INFO - 
--------------------------------------------------------------------------------
[2023-12-10 20:18:21,406] {taskinstance.py:1377} INFO - Starting attempt 1 of 6
[2023-12-10 20:18:21,514] {taskinstance.py:1378} INFO - 
--------------------------------------------------------------------------------
[2023-12-10 20:18:21,991] {taskinstance.py:1397} INFO - Executing <Task(PythonOperator): aloha_david> on 2022-08-09 00:00:00+00:00
[2023-12-10 20:18:22,041] {standard_task_runner.py:52} INFO - Started process 385 to run task
[2023-12-10 20:18:22,142] {standard_task_runner.py:79} INFO - Running: ['***', 'tasks', 'run', 'mi_primer_dar_con_PythonOperator', 'aloha_david', 'scheduled__2022-08-09T00:00:00+00:00', '--job-id', '1717', '--raw', '--subdir', 'DAGS_FOLDER/mi_primer_dag_pythonoperator.py', '--cfg-path', '/tmp/tmp2hn5xum4', '--error-file', '/tmp/tmp93ac5b8x']
[2023-12-10 20:18:22,209] {standard_task_runner.py:80} INFO - Job 1717: Subtask aloha_david
[2023-12-10 20:18:23,559] {task_command.py:371} INFO - Running <TaskInstance: mi_primer_dar_con_PythonOperator.aloha_david scheduled__2022-08-09T00:00:00+00:00 [running]> on host 42828894a739
[2023-12-10 20:18:25,393] {taskinstance.py:1591} INFO - Exporting the following env vars:
AIRFLOW_CTX_DAG_OWNER=DavidBU
AIRFLOW_CTX_DAG_ID=mi_primer_dar_con_PythonOperator
AIRFLOW_CTX_TASK_ID=aloha_david
AIRFLOW_CTX_EXECUTION_DATE=2022-08-09T00:00:00+00:00
AIRFLOW_CTX_TRY_NUMBER=1
AIRFLOW_CTX_DAG_RUN_ID=scheduled__2022-08-09T00:00:00+00:00
[2023-12-10 20:18:25,415] {logging_mixin.py:115} INFO - Aloha Mundo soy yo!
[2023-12-10 20:18:25,432] {python.py:173} INFO - Done. Returned value was: None
[2023-12-10 20:18:26,791] {taskinstance.py:1420} INFO - Marking task as SUCCESS. dag_id=mi_primer_dar_con_PythonOperator, task_id=aloha_david, execution_date=20220809T000000, start_date=20231210T201820, end_date=20231210T201826
[2023-12-10 20:18:27,501] {local_task_job.py:221} WARNING - State of this instance has been externally set to success. Terminating instance.
