[2023-12-10 20:21:25,723] {taskinstance.py:1179} INFO - Dependencies all met for <TaskInstance: mi_primer_dag.primer_task scheduled__2023-06-19T00:00:00+00:00 [queued]>
[2023-12-10 20:21:25,773] {taskinstance.py:1179} INFO - Dependencies all met for <TaskInstance: mi_primer_dag.primer_task scheduled__2023-06-19T00:00:00+00:00 [queued]>
[2023-12-10 20:21:25,774] {taskinstance.py:1376} INFO - 
--------------------------------------------------------------------------------
[2023-12-10 20:21:25,775] {taskinstance.py:1377} INFO - Starting attempt 1 of 6
[2023-12-10 20:21:25,783] {taskinstance.py:1378} INFO - 
--------------------------------------------------------------------------------
[2023-12-10 20:21:25,919] {taskinstance.py:1397} INFO - Executing <Task(BashOperator): primer_task> on 2023-06-19 00:00:00+00:00
[2023-12-10 20:21:25,954] {standard_task_runner.py:52} INFO - Started process 1121 to run task
[2023-12-10 20:21:25,956] {standard_task_runner.py:79} INFO - Running: ['***', 'tasks', 'run', 'mi_primer_dag', 'primer_task', 'scheduled__2023-06-19T00:00:00+00:00', '--job-id', '1924', '--raw', '--subdir', 'DAGS_FOLDER/mi_primer_dag.py', '--cfg-path', '/tmp/tmp7gcwg80m', '--error-file', '/tmp/tmps71mktk6']
[2023-12-10 20:21:25,998] {standard_task_runner.py:80} INFO - Job 1924: Subtask primer_task
[2023-12-10 20:21:27,078] {task_command.py:371} INFO - Running <TaskInstance: mi_primer_dag.primer_task scheduled__2023-06-19T00:00:00+00:00 [running]> on host 42828894a739
[2023-12-10 20:21:27,719] {taskinstance.py:1591} INFO - Exporting the following env vars:
AIRFLOW_CTX_DAG_OWNER=DavidBU
AIRFLOW_CTX_DAG_ID=mi_primer_dag
AIRFLOW_CTX_TASK_ID=primer_task
AIRFLOW_CTX_EXECUTION_DATE=2023-06-19T00:00:00+00:00
AIRFLOW_CTX_TRY_NUMBER=1
AIRFLOW_CTX_DAG_RUN_ID=scheduled__2023-06-19T00:00:00+00:00
[2023-12-10 20:21:27,725] {subprocess.py:62} INFO - Tmp dir root location: 
 /tmp
[2023-12-10 20:21:27,745] {subprocess.py:74} INFO - Running command: ['bash', '-c', 'echo hola mundo, esta es nuestra primera tarea usando bash operator!']
[2023-12-10 20:21:27,866] {subprocess.py:85} INFO - Output:
[2023-12-10 20:21:27,883] {subprocess.py:92} INFO - hola mundo, esta es nuestra primera tarea usando bash operator!
[2023-12-10 20:21:27,897] {subprocess.py:96} INFO - Command exited with return code 0
[2023-12-10 20:21:28,070] {taskinstance.py:1420} INFO - Marking task as SUCCESS. dag_id=mi_primer_dag, task_id=primer_task, execution_date=20230619T000000, start_date=20231210T202125, end_date=20231210T202128
[2023-12-10 20:21:28,206] {local_task_job.py:156} INFO - Task exited with return code 0
[2023-12-10 20:21:28,547] {local_task_job.py:273} INFO - 0 downstream tasks scheduled from follow-on schedule check
