[2023-12-10 20:13:33,474] {taskinstance.py:1179} INFO - Dependencies all met for <TaskInstance: mi_primer_dag.primer_task scheduled__2022-10-11T00:00:00+00:00 [queued]>
[2023-12-10 20:13:33,547] {taskinstance.py:1179} INFO - Dependencies all met for <TaskInstance: mi_primer_dag.primer_task scheduled__2022-10-11T00:00:00+00:00 [queued]>
[2023-12-10 20:13:33,549] {taskinstance.py:1376} INFO - 
--------------------------------------------------------------------------------
[2023-12-10 20:13:33,550] {taskinstance.py:1377} INFO - Starting attempt 1 of 6
[2023-12-10 20:13:33,551] {taskinstance.py:1378} INFO - 
--------------------------------------------------------------------------------
[2023-12-10 20:13:33,651] {taskinstance.py:1397} INFO - Executing <Task(BashOperator): primer_task> on 2022-10-11 00:00:00+00:00
[2023-12-10 20:13:33,659] {standard_task_runner.py:52} INFO - Started process 551 to run task
[2023-12-10 20:13:33,688] {standard_task_runner.py:79} INFO - Running: ['***', 'tasks', 'run', 'mi_primer_dag', 'primer_task', 'scheduled__2022-10-11T00:00:00+00:00', '--job-id', '1559', '--raw', '--subdir', 'DAGS_FOLDER/mi_primer_dag.py', '--cfg-path', '/tmp/tmpb2souqlp', '--error-file', '/tmp/tmp9kh7jwlt']
[2023-12-10 20:13:33,696] {standard_task_runner.py:80} INFO - Job 1559: Subtask primer_task
[2023-12-10 20:13:33,950] {task_command.py:371} INFO - Running <TaskInstance: mi_primer_dag.primer_task scheduled__2022-10-11T00:00:00+00:00 [running]> on host 42828894a739
[2023-12-10 20:13:34,901] {taskinstance.py:1591} INFO - Exporting the following env vars:
AIRFLOW_CTX_DAG_OWNER=DavidBU
AIRFLOW_CTX_DAG_ID=mi_primer_dag
AIRFLOW_CTX_TASK_ID=primer_task
AIRFLOW_CTX_EXECUTION_DATE=2022-10-11T00:00:00+00:00
AIRFLOW_CTX_TRY_NUMBER=1
AIRFLOW_CTX_DAG_RUN_ID=scheduled__2022-10-11T00:00:00+00:00
[2023-12-10 20:13:34,914] {subprocess.py:62} INFO - Tmp dir root location: 
 /tmp
[2023-12-10 20:13:34,933] {subprocess.py:74} INFO - Running command: ['bash', '-c', 'echo hola mundo, esta es nuestra primera tarea usando bash operator!']
[2023-12-10 20:13:34,984] {subprocess.py:85} INFO - Output:
[2023-12-10 20:13:34,985] {subprocess.py:92} INFO - hola mundo, esta es nuestra primera tarea usando bash operator!
[2023-12-10 20:13:34,986] {subprocess.py:96} INFO - Command exited with return code 0
[2023-12-10 20:13:35,224] {taskinstance.py:1420} INFO - Marking task as SUCCESS. dag_id=mi_primer_dag, task_id=primer_task, execution_date=20221011T000000, start_date=20231210T201333, end_date=20231210T201335
[2023-12-10 20:13:35,296] {local_task_job.py:156} INFO - Task exited with return code 0
[2023-12-10 20:13:35,386] {local_task_job.py:273} INFO - 0 downstream tasks scheduled from follow-on schedule check
