[2023-12-10 19:41:45,820] {taskinstance.py:1179} INFO - Dependencies all met for <TaskInstance: mi_primer_dag_v3.tercera_tarea scheduled__2023-04-24T00:00:00+00:00 [queued]>
[2023-12-10 19:41:46,004] {taskinstance.py:1179} INFO - Dependencies all met for <TaskInstance: mi_primer_dag_v3.tercera_tarea scheduled__2023-04-24T00:00:00+00:00 [queued]>
[2023-12-10 19:41:46,007] {taskinstance.py:1376} INFO - 
--------------------------------------------------------------------------------
[2023-12-10 19:41:46,010] {taskinstance.py:1377} INFO - Starting attempt 1 of 6
[2023-12-10 19:41:46,018] {taskinstance.py:1378} INFO - 
--------------------------------------------------------------------------------
[2023-12-10 19:41:46,381] {taskinstance.py:1397} INFO - Executing <Task(BashOperator): tercera_tarea> on 2023-04-24 00:00:00+00:00
[2023-12-10 19:41:46,429] {standard_task_runner.py:52} INFO - Started process 2933 to run task
[2023-12-10 19:41:46,485] {standard_task_runner.py:79} INFO - Running: ['***', 'tasks', 'run', 'mi_primer_dag_v3', 'tercera_tarea', 'scheduled__2023-04-24T00:00:00+00:00', '--job-id', '814', '--raw', '--subdir', 'DAGS_FOLDER/primer_dag_v3.py', '--cfg-path', '/tmp/tmpmq6u1zne', '--error-file', '/tmp/tmplyavnw9i']
[2023-12-10 19:41:46,553] {standard_task_runner.py:80} INFO - Job 814: Subtask tercera_tarea
[2023-12-10 19:41:48,070] {task_command.py:371} INFO - Running <TaskInstance: mi_primer_dag_v3.tercera_tarea scheduled__2023-04-24T00:00:00+00:00 [running]> on host 42828894a739
[2023-12-10 19:41:49,554] {taskinstance.py:1591} INFO - Exporting the following env vars:
AIRFLOW_CTX_DAG_OWNER=DavidBU
AIRFLOW_CTX_DAG_ID=mi_primer_dag_v3
AIRFLOW_CTX_TASK_ID=tercera_tarea
AIRFLOW_CTX_EXECUTION_DATE=2023-04-24T00:00:00+00:00
AIRFLOW_CTX_TRY_NUMBER=1
AIRFLOW_CTX_DAG_RUN_ID=scheduled__2023-04-24T00:00:00+00:00
[2023-12-10 19:41:49,561] {subprocess.py:62} INFO - Tmp dir root location: 
 /tmp
[2023-12-10 19:41:49,573] {subprocess.py:74} INFO - Running command: ['bash', '-c', 'echo hola, soy la tarea 3 y sere corrida luego de Tarea 1 al mismo tiempo que Tarea 2']
[2023-12-10 19:41:49,674] {subprocess.py:85} INFO - Output:
[2023-12-10 19:41:49,679] {subprocess.py:92} INFO - hola, soy la tarea 3 y sere corrida luego de Tarea 1 al mismo tiempo que Tarea 2
[2023-12-10 19:41:49,686] {subprocess.py:96} INFO - Command exited with return code 0
[2023-12-10 19:41:50,528] {taskinstance.py:1420} INFO - Marking task as SUCCESS. dag_id=mi_primer_dag_v3, task_id=tercera_tarea, execution_date=20230424T000000, start_date=20231210T194145, end_date=20231210T194150
[2023-12-10 19:41:50,802] {local_task_job.py:156} INFO - Task exited with return code 0
[2023-12-10 19:41:51,555] {local_task_job.py:273} INFO - 0 downstream tasks scheduled from follow-on schedule check
