[2023-12-10 19:32:57,362] {taskinstance.py:1179} INFO - Dependencies all met for <TaskInstance: mi_primer_dag_v3.segunda_tarea scheduled__2022-10-15T00:00:00+00:00 [queued]>
[2023-12-10 19:32:57,571] {taskinstance.py:1179} INFO - Dependencies all met for <TaskInstance: mi_primer_dag_v3.segunda_tarea scheduled__2022-10-15T00:00:00+00:00 [queued]>
[2023-12-10 19:32:57,573] {taskinstance.py:1376} INFO - 
--------------------------------------------------------------------------------
[2023-12-10 19:32:57,588] {taskinstance.py:1377} INFO - Starting attempt 1 of 6
[2023-12-10 19:32:57,589] {taskinstance.py:1378} INFO - 
--------------------------------------------------------------------------------
[2023-12-10 19:32:57,929] {taskinstance.py:1397} INFO - Executing <Task(BashOperator): segunda_tarea> on 2022-10-15 00:00:00+00:00
[2023-12-10 19:32:58,056] {standard_task_runner.py:52} INFO - Started process 975 to run task
[2023-12-10 19:32:58,198] {standard_task_runner.py:79} INFO - Running: ['***', 'tasks', 'run', 'mi_primer_dag_v3', 'segunda_tarea', 'scheduled__2022-10-15T00:00:00+00:00', '--job-id', '234', '--raw', '--subdir', 'DAGS_FOLDER/primer_dag_v3.py', '--cfg-path', '/tmp/tmpvza3kfjw', '--error-file', '/tmp/tmpbl88ofnh']
[2023-12-10 19:32:58,204] {standard_task_runner.py:80} INFO - Job 234: Subtask segunda_tarea
[2023-12-10 19:32:58,759] {task_command.py:371} INFO - Running <TaskInstance: mi_primer_dag_v3.segunda_tarea scheduled__2022-10-15T00:00:00+00:00 [running]> on host 42828894a739
[2023-12-10 19:32:59,806] {taskinstance.py:1591} INFO - Exporting the following env vars:
AIRFLOW_CTX_DAG_OWNER=DavidBU
AIRFLOW_CTX_DAG_ID=mi_primer_dag_v3
AIRFLOW_CTX_TASK_ID=segunda_tarea
AIRFLOW_CTX_EXECUTION_DATE=2022-10-15T00:00:00+00:00
AIRFLOW_CTX_TRY_NUMBER=1
AIRFLOW_CTX_DAG_RUN_ID=scheduled__2022-10-15T00:00:00+00:00
[2023-12-10 19:32:59,818] {subprocess.py:62} INFO - Tmp dir root location: 
 /tmp
[2023-12-10 19:32:59,826] {subprocess.py:74} INFO - Running command: ['bash', '-c', 'echo hola, soy la tarea 2 y sere corrida luego de la Tarea 1']
[2023-12-10 19:32:59,920] {subprocess.py:85} INFO - Output:
[2023-12-10 19:32:59,965] {subprocess.py:92} INFO - hola, soy la tarea 2 y sere corrida luego de la Tarea 1
[2023-12-10 19:32:59,981] {subprocess.py:96} INFO - Command exited with return code 0
[2023-12-10 19:33:01,095] {taskinstance.py:1420} INFO - Marking task as SUCCESS. dag_id=mi_primer_dag_v3, task_id=segunda_tarea, execution_date=20221015T000000, start_date=20231210T193257, end_date=20231210T193301
[2023-12-10 19:33:01,273] {local_task_job.py:156} INFO - Task exited with return code 0
[2023-12-10 19:33:02,726] {local_task_job.py:273} INFO - 0 downstream tasks scheduled from follow-on schedule check
