[2023-12-10 19:38:39,922] {taskinstance.py:1179} INFO - Dependencies all met for <TaskInstance: mi_primer_dag_v3.segunda_tarea scheduled__2023-02-20T00:00:00+00:00 [queued]>
[2023-12-10 19:38:40,166] {taskinstance.py:1179} INFO - Dependencies all met for <TaskInstance: mi_primer_dag_v3.segunda_tarea scheduled__2023-02-20T00:00:00+00:00 [queued]>
[2023-12-10 19:38:40,180] {taskinstance.py:1376} INFO - 
--------------------------------------------------------------------------------
[2023-12-10 19:38:40,182] {taskinstance.py:1377} INFO - Starting attempt 1 of 6
[2023-12-10 19:38:40,184] {taskinstance.py:1378} INFO - 
--------------------------------------------------------------------------------
[2023-12-10 19:38:40,554] {taskinstance.py:1397} INFO - Executing <Task(BashOperator): segunda_tarea> on 2023-02-20 00:00:00+00:00
[2023-12-10 19:38:40,625] {standard_task_runner.py:52} INFO - Started process 2280 to run task
[2023-12-10 19:38:40,682] {standard_task_runner.py:79} INFO - Running: ['***', 'tasks', 'run', 'mi_primer_dag_v3', 'segunda_tarea', 'scheduled__2023-02-20T00:00:00+00:00', '--job-id', '625', '--raw', '--subdir', 'DAGS_FOLDER/primer_dag_v3.py', '--cfg-path', '/tmp/tmp28s5cfrr', '--error-file', '/tmp/tmp21hhinya']
[2023-12-10 19:38:40,737] {standard_task_runner.py:80} INFO - Job 625: Subtask segunda_tarea
[2023-12-10 19:38:41,899] {task_command.py:371} INFO - Running <TaskInstance: mi_primer_dag_v3.segunda_tarea scheduled__2023-02-20T00:00:00+00:00 [running]> on host 42828894a739
[2023-12-10 19:38:44,106] {taskinstance.py:1591} INFO - Exporting the following env vars:
AIRFLOW_CTX_DAG_OWNER=DavidBU
AIRFLOW_CTX_DAG_ID=mi_primer_dag_v3
AIRFLOW_CTX_TASK_ID=segunda_tarea
AIRFLOW_CTX_EXECUTION_DATE=2023-02-20T00:00:00+00:00
AIRFLOW_CTX_TRY_NUMBER=1
AIRFLOW_CTX_DAG_RUN_ID=scheduled__2023-02-20T00:00:00+00:00
[2023-12-10 19:38:44,113] {subprocess.py:62} INFO - Tmp dir root location: 
 /tmp
[2023-12-10 19:38:44,127] {subprocess.py:74} INFO - Running command: ['bash', '-c', 'echo hola, soy la tarea 2 y sere corrida luego de la Tarea 1']
[2023-12-10 19:38:44,400] {subprocess.py:85} INFO - Output:
[2023-12-10 19:38:44,571] {subprocess.py:92} INFO - hola, soy la tarea 2 y sere corrida luego de la Tarea 1
[2023-12-10 19:38:44,573] {subprocess.py:96} INFO - Command exited with return code 0
[2023-12-10 19:38:45,555] {taskinstance.py:1420} INFO - Marking task as SUCCESS. dag_id=mi_primer_dag_v3, task_id=segunda_tarea, execution_date=20230220T000000, start_date=20231210T193840, end_date=20231210T193845
[2023-12-10 19:38:46,830] {local_task_job.py:156} INFO - Task exited with return code 0
[2023-12-10 19:38:47,804] {local_task_job.py:273} INFO - 0 downstream tasks scheduled from follow-on schedule check
