[2023-12-11 08:24:16,664] {taskinstance.py:1179} INFO - Dependencies all met for <TaskInstance: mi_primer_dag_v4.segunda_tarea scheduled__2023-12-06T00:00:00+00:00 [queued]>
[2023-12-11 08:24:16,766] {taskinstance.py:1179} INFO - Dependencies all met for <TaskInstance: mi_primer_dag_v4.segunda_tarea scheduled__2023-12-06T00:00:00+00:00 [queued]>
[2023-12-11 08:24:16,768] {taskinstance.py:1376} INFO - 
--------------------------------------------------------------------------------
[2023-12-11 08:24:16,790] {taskinstance.py:1377} INFO - Starting attempt 1 of 6
[2023-12-11 08:24:16,791] {taskinstance.py:1378} INFO - 
--------------------------------------------------------------------------------
[2023-12-11 08:24:16,990] {taskinstance.py:1397} INFO - Executing <Task(BashOperator): segunda_tarea> on 2023-12-06 00:00:00+00:00
[2023-12-11 08:24:17,008] {standard_task_runner.py:52} INFO - Started process 3233 to run task
[2023-12-11 08:24:17,033] {standard_task_runner.py:79} INFO - Running: ['***', 'tasks', 'run', 'mi_primer_dag_v4', 'segunda_tarea', 'scheduled__2023-12-06T00:00:00+00:00', '--job-id', '105', '--raw', '--subdir', 'DAGS_FOLDER/primer_dag.py', '--cfg-path', '/tmp/tmpmpz5tw__', '--error-file', '/tmp/tmpi0umrhrz']
[2023-12-11 08:24:17,046] {standard_task_runner.py:80} INFO - Job 105: Subtask segunda_tarea
[2023-12-11 08:24:18,329] {task_command.py:371} INFO - Running <TaskInstance: mi_primer_dag_v4.segunda_tarea scheduled__2023-12-06T00:00:00+00:00 [running]> on host 03477fa6e3b6
[2023-12-11 08:24:19,889] {taskinstance.py:1591} INFO - Exporting the following env vars:
AIRFLOW_CTX_DAG_OWNER=DavidBU
AIRFLOW_CTX_DAG_ID=mi_primer_dag_v4
AIRFLOW_CTX_TASK_ID=segunda_tarea
AIRFLOW_CTX_EXECUTION_DATE=2023-12-06T00:00:00+00:00
AIRFLOW_CTX_TRY_NUMBER=1
AIRFLOW_CTX_DAG_RUN_ID=scheduled__2023-12-06T00:00:00+00:00
[2023-12-11 08:24:19,894] {subprocess.py:62} INFO - Tmp dir root location: 
 /tmp
[2023-12-11 08:24:19,901] {subprocess.py:74} INFO - Running command: ['bash', '-c', 'echo David']
[2023-12-11 08:24:20,105] {subprocess.py:85} INFO - Output:
[2023-12-11 08:24:20,124] {subprocess.py:92} INFO - David
[2023-12-11 08:24:20,127] {subprocess.py:96} INFO - Command exited with return code 0
[2023-12-11 08:24:21,919] {taskinstance.py:1420} INFO - Marking task as SUCCESS. dag_id=mi_primer_dag_v4, task_id=segunda_tarea, execution_date=20231206T000000, start_date=20231211T082416, end_date=20231211T082421
[2023-12-11 08:24:22,404] {local_task_job.py:156} INFO - Task exited with return code 0
[2023-12-11 08:24:22,737] {local_task_job.py:273} INFO - 1 downstream tasks scheduled from follow-on schedule check
