[2023-12-10 19:34:09,459] {taskinstance.py:1179} INFO - Dependencies all met for <TaskInstance: mi_primer_dag_v3.primera_tarea scheduled__2022-11-12T00:00:00+00:00 [queued]>
[2023-12-10 19:34:09,687] {taskinstance.py:1179} INFO - Dependencies all met for <TaskInstance: mi_primer_dag_v3.primera_tarea scheduled__2022-11-12T00:00:00+00:00 [queued]>
[2023-12-10 19:34:09,690] {taskinstance.py:1376} INFO - 
--------------------------------------------------------------------------------
[2023-12-10 19:34:09,702] {taskinstance.py:1377} INFO - Starting attempt 1 of 6
[2023-12-10 19:34:09,707] {taskinstance.py:1378} INFO - 
--------------------------------------------------------------------------------
[2023-12-10 19:34:09,885] {taskinstance.py:1397} INFO - Executing <Task(BashOperator): primera_tarea> on 2022-11-12 00:00:00+00:00
[2023-12-10 19:34:09,892] {standard_task_runner.py:52} INFO - Started process 1217 to run task
[2023-12-10 19:34:09,907] {standard_task_runner.py:79} INFO - Running: ['***', 'tasks', 'run', 'mi_primer_dag_v3', 'primera_tarea', 'scheduled__2022-11-12T00:00:00+00:00', '--job-id', '305', '--raw', '--subdir', 'DAGS_FOLDER/primer_dag_v3.py', '--cfg-path', '/tmp/tmp17eldiom', '--error-file', '/tmp/tmp0y41uhfe']
[2023-12-10 19:34:09,943] {standard_task_runner.py:80} INFO - Job 305: Subtask primera_tarea
[2023-12-10 19:34:10,468] {task_command.py:371} INFO - Running <TaskInstance: mi_primer_dag_v3.primera_tarea scheduled__2022-11-12T00:00:00+00:00 [running]> on host 42828894a739
[2023-12-10 19:34:10,915] {taskinstance.py:1591} INFO - Exporting the following env vars:
AIRFLOW_CTX_DAG_OWNER=DavidBU
AIRFLOW_CTX_DAG_ID=mi_primer_dag_v3
AIRFLOW_CTX_TASK_ID=primera_tarea
AIRFLOW_CTX_EXECUTION_DATE=2022-11-12T00:00:00+00:00
AIRFLOW_CTX_TRY_NUMBER=1
AIRFLOW_CTX_DAG_RUN_ID=scheduled__2022-11-12T00:00:00+00:00
[2023-12-10 19:34:10,918] {subprocess.py:62} INFO - Tmp dir root location: 
 /tmp
[2023-12-10 19:34:10,922] {subprocess.py:74} INFO - Running command: ['bash', '-c', 'echo hola mundo, esta es nuestra primera tarea!']
[2023-12-10 19:34:10,971] {subprocess.py:85} INFO - Output:
[2023-12-10 19:34:10,973] {subprocess.py:92} INFO - hola mundo, esta es nuestra primera tarea!
[2023-12-10 19:34:10,974] {subprocess.py:96} INFO - Command exited with return code 0
[2023-12-10 19:34:11,585] {taskinstance.py:1420} INFO - Marking task as SUCCESS. dag_id=mi_primer_dag_v3, task_id=primera_tarea, execution_date=20221112T000000, start_date=20231210T193409, end_date=20231210T193411
[2023-12-10 19:34:11,920] {local_task_job.py:156} INFO - Task exited with return code 0
[2023-12-10 19:34:12,636] {local_task_job.py:273} INFO - 2 downstream tasks scheduled from follow-on schedule check
