[2023-12-10 19:35:05,910] {taskinstance.py:1179} INFO - Dependencies all met for <TaskInstance: mi_primer_dag_v3.tercera_tarea scheduled__2022-11-29T00:00:00+00:00 [queued]>
[2023-12-10 19:35:06,050] {taskinstance.py:1179} INFO - Dependencies all met for <TaskInstance: mi_primer_dag_v3.tercera_tarea scheduled__2022-11-29T00:00:00+00:00 [queued]>
[2023-12-10 19:35:06,054] {taskinstance.py:1376} INFO - 
--------------------------------------------------------------------------------
[2023-12-10 19:35:06,076] {taskinstance.py:1377} INFO - Starting attempt 1 of 6
[2023-12-10 19:35:06,206] {taskinstance.py:1378} INFO - 
--------------------------------------------------------------------------------
[2023-12-10 19:35:06,694] {taskinstance.py:1397} INFO - Executing <Task(BashOperator): tercera_tarea> on 2022-11-29 00:00:00+00:00
[2023-12-10 19:35:06,749] {standard_task_runner.py:52} INFO - Started process 1421 to run task
[2023-12-10 19:35:06,941] {standard_task_runner.py:79} INFO - Running: ['***', 'tasks', 'run', 'mi_primer_dag_v3', 'tercera_tarea', 'scheduled__2022-11-29T00:00:00+00:00', '--job-id', '366', '--raw', '--subdir', 'DAGS_FOLDER/primer_dag_v3.py', '--cfg-path', '/tmp/tmpsidukbpd', '--error-file', '/tmp/tmpvzt_n3k3']
[2023-12-10 19:35:06,972] {standard_task_runner.py:80} INFO - Job 366: Subtask tercera_tarea
[2023-12-10 19:35:07,891] {task_command.py:371} INFO - Running <TaskInstance: mi_primer_dag_v3.tercera_tarea scheduled__2022-11-29T00:00:00+00:00 [running]> on host 42828894a739
[2023-12-10 19:35:08,950] {taskinstance.py:1591} INFO - Exporting the following env vars:
AIRFLOW_CTX_DAG_OWNER=DavidBU
AIRFLOW_CTX_DAG_ID=mi_primer_dag_v3
AIRFLOW_CTX_TASK_ID=tercera_tarea
AIRFLOW_CTX_EXECUTION_DATE=2022-11-29T00:00:00+00:00
AIRFLOW_CTX_TRY_NUMBER=1
AIRFLOW_CTX_DAG_RUN_ID=scheduled__2022-11-29T00:00:00+00:00
[2023-12-10 19:35:09,212] {subprocess.py:62} INFO - Tmp dir root location: 
 /tmp
[2023-12-10 19:35:09,522] {subprocess.py:74} INFO - Running command: ['bash', '-c', 'echo hola, soy la tarea 3 y sere corrida luego de Tarea 1 al mismo tiempo que Tarea 2']
[2023-12-10 19:35:09,795] {subprocess.py:85} INFO - Output:
[2023-12-10 19:35:09,830] {subprocess.py:92} INFO - hola, soy la tarea 3 y sere corrida luego de Tarea 1 al mismo tiempo que Tarea 2
[2023-12-10 19:35:09,854] {subprocess.py:96} INFO - Command exited with return code 0
[2023-12-10 19:35:10,437] {taskinstance.py:1420} INFO - Marking task as SUCCESS. dag_id=mi_primer_dag_v3, task_id=tercera_tarea, execution_date=20221129T000000, start_date=20231210T193505, end_date=20231210T193510
[2023-12-10 19:35:11,114] {local_task_job.py:156} INFO - Task exited with return code 0
[2023-12-10 19:35:11,594] {local_task_job.py:273} INFO - 0 downstream tasks scheduled from follow-on schedule check
