[2023-12-10 20:20:28,557] {taskinstance.py:1179} INFO - Dependencies all met for <TaskInstance: mi_primer_dar_con_PythonOperator.aloha_david scheduled__2022-10-15T00:00:00+00:00 [queued]>
[2023-12-10 20:20:28,690] {taskinstance.py:1179} INFO - Dependencies all met for <TaskInstance: mi_primer_dar_con_PythonOperator.aloha_david scheduled__2022-10-15T00:00:00+00:00 [queued]>
[2023-12-10 20:20:28,698] {taskinstance.py:1376} INFO - 
--------------------------------------------------------------------------------
[2023-12-10 20:20:28,701] {taskinstance.py:1377} INFO - Starting attempt 1 of 6
[2023-12-10 20:20:28,703] {taskinstance.py:1378} INFO - 
--------------------------------------------------------------------------------
[2023-12-10 20:20:29,004] {taskinstance.py:1397} INFO - Executing <Task(PythonOperator): aloha_david> on 2022-10-15 00:00:00+00:00
[2023-12-10 20:20:29,052] {standard_task_runner.py:52} INFO - Started process 868 to run task
[2023-12-10 20:20:29,095] {standard_task_runner.py:79} INFO - Running: ['***', 'tasks', 'run', 'mi_primer_dar_con_PythonOperator', 'aloha_david', 'scheduled__2022-10-15T00:00:00+00:00', '--job-id', '1851', '--raw', '--subdir', 'DAGS_FOLDER/mi_primer_dag_pythonoperator.py', '--cfg-path', '/tmp/tmp4pdp7d_u', '--error-file', '/tmp/tmp86vnz8n2']
[2023-12-10 20:20:29,109] {standard_task_runner.py:80} INFO - Job 1851: Subtask aloha_david
[2023-12-10 20:20:29,648] {task_command.py:371} INFO - Running <TaskInstance: mi_primer_dar_con_PythonOperator.aloha_david scheduled__2022-10-15T00:00:00+00:00 [running]> on host 42828894a739
[2023-12-10 20:20:30,787] {taskinstance.py:1591} INFO - Exporting the following env vars:
AIRFLOW_CTX_DAG_OWNER=DavidBU
AIRFLOW_CTX_DAG_ID=mi_primer_dar_con_PythonOperator
AIRFLOW_CTX_TASK_ID=aloha_david
AIRFLOW_CTX_EXECUTION_DATE=2022-10-15T00:00:00+00:00
AIRFLOW_CTX_TRY_NUMBER=1
AIRFLOW_CTX_DAG_RUN_ID=scheduled__2022-10-15T00:00:00+00:00
[2023-12-10 20:20:30,802] {logging_mixin.py:115} INFO - Aloha Mundo soy yo!
[2023-12-10 20:20:30,803] {python.py:173} INFO - Done. Returned value was: None
[2023-12-10 20:20:31,060] {taskinstance.py:1420} INFO - Marking task as SUCCESS. dag_id=mi_primer_dar_con_PythonOperator, task_id=aloha_david, execution_date=20221015T000000, start_date=20231210T202028, end_date=20231210T202031
[2023-12-10 20:20:31,270] {local_task_job.py:156} INFO - Task exited with return code 0
[2023-12-10 20:20:31,526] {local_task_job.py:273} INFO - 0 downstream tasks scheduled from follow-on schedule check
