[2023-12-10 19:32:15,787] {taskinstance.py:1179} INFO - Dependencies all met for <TaskInstance: mi_primer_dag_v3.segunda_tarea scheduled__2022-10-02T00:00:00+00:00 [queued]>
[2023-12-10 19:32:15,850] {taskinstance.py:1179} INFO - Dependencies all met for <TaskInstance: mi_primer_dag_v3.segunda_tarea scheduled__2022-10-02T00:00:00+00:00 [queued]>
[2023-12-10 19:32:15,853] {taskinstance.py:1376} INFO - 
--------------------------------------------------------------------------------
[2023-12-10 19:32:15,862] {taskinstance.py:1377} INFO - Starting attempt 1 of 6
[2023-12-10 19:32:15,889] {taskinstance.py:1378} INFO - 
--------------------------------------------------------------------------------
[2023-12-10 19:32:16,113] {taskinstance.py:1397} INFO - Executing <Task(BashOperator): segunda_tarea> on 2022-10-02 00:00:00+00:00
[2023-12-10 19:32:16,129] {standard_task_runner.py:52} INFO - Started process 823 to run task
[2023-12-10 19:32:16,154] {standard_task_runner.py:79} INFO - Running: ['***', 'tasks', 'run', 'mi_primer_dag_v3', 'segunda_tarea', 'scheduled__2022-10-02T00:00:00+00:00', '--job-id', '188', '--raw', '--subdir', 'DAGS_FOLDER/primer_dag_v3.py', '--cfg-path', '/tmp/tmp7r_c5h2w', '--error-file', '/tmp/tmp2om8yd8l']
[2023-12-10 19:32:16,182] {standard_task_runner.py:80} INFO - Job 188: Subtask segunda_tarea
[2023-12-10 19:32:17,126] {task_command.py:371} INFO - Running <TaskInstance: mi_primer_dag_v3.segunda_tarea scheduled__2022-10-02T00:00:00+00:00 [running]> on host 42828894a739
[2023-12-10 19:32:17,907] {taskinstance.py:1591} INFO - Exporting the following env vars:
AIRFLOW_CTX_DAG_OWNER=DavidBU
AIRFLOW_CTX_DAG_ID=mi_primer_dag_v3
AIRFLOW_CTX_TASK_ID=segunda_tarea
AIRFLOW_CTX_EXECUTION_DATE=2022-10-02T00:00:00+00:00
AIRFLOW_CTX_TRY_NUMBER=1
AIRFLOW_CTX_DAG_RUN_ID=scheduled__2022-10-02T00:00:00+00:00
[2023-12-10 19:32:17,912] {subprocess.py:62} INFO - Tmp dir root location: 
 /tmp
[2023-12-10 19:32:17,915] {subprocess.py:74} INFO - Running command: ['bash', '-c', 'echo hola, soy la tarea 2 y sere corrida luego de la Tarea 1']
[2023-12-10 19:32:17,981] {subprocess.py:85} INFO - Output:
[2023-12-10 19:32:17,990] {subprocess.py:92} INFO - hola, soy la tarea 2 y sere corrida luego de la Tarea 1
[2023-12-10 19:32:17,991] {subprocess.py:96} INFO - Command exited with return code 0
[2023-12-10 19:32:18,238] {taskinstance.py:1420} INFO - Marking task as SUCCESS. dag_id=mi_primer_dag_v3, task_id=segunda_tarea, execution_date=20221002T000000, start_date=20231210T193215, end_date=20231210T193218
[2023-12-10 19:32:18,391] {local_task_job.py:156} INFO - Task exited with return code 0
[2023-12-10 19:32:19,338] {local_task_job.py:273} INFO - 0 downstream tasks scheduled from follow-on schedule check
