[2023-12-21 03:21:37,744] {taskinstance.py:1179} INFO - Dependencies all met for <TaskInstance: mi_primer_dag_v4.primera_tarea scheduled__2023-12-19T00:00:00+00:00 [queued]>
[2023-12-21 03:21:38,131] {taskinstance.py:1179} INFO - Dependencies all met for <TaskInstance: mi_primer_dag_v4.primera_tarea scheduled__2023-12-19T00:00:00+00:00 [queued]>
[2023-12-21 03:21:38,155] {taskinstance.py:1376} INFO - 
--------------------------------------------------------------------------------
[2023-12-21 03:21:38,171] {taskinstance.py:1377} INFO - Starting attempt 2 of 6
[2023-12-21 03:21:38,181] {taskinstance.py:1378} INFO - 
--------------------------------------------------------------------------------
[2023-12-21 03:21:38,903] {taskinstance.py:1397} INFO - Executing <Task(BashOperator): primera_tarea> on 2023-12-19 00:00:00+00:00
[2023-12-21 03:21:39,070] {standard_task_runner.py:52} INFO - Started process 226 to run task
[2023-12-21 03:21:41,255] {standard_task_runner.py:79} INFO - Running: ['***', 'tasks', 'run', 'mi_primer_dag_v4', 'primera_tarea', 'scheduled__2023-12-19T00:00:00+00:00', '--job-id', '161', '--raw', '--subdir', 'DAGS_FOLDER/primer_dag.py', '--cfg-path', '/tmp/tmp2zdfdlg1', '--error-file', '/tmp/tmpu25z6wum']
[2023-12-21 03:21:41,318] {standard_task_runner.py:80} INFO - Job 161: Subtask primera_tarea
[2023-12-21 03:21:51,378] {task_command.py:371} INFO - Running <TaskInstance: mi_primer_dag_v4.primera_tarea scheduled__2023-12-19T00:00:00+00:00 [running]> on host b0993ec57291
[2023-12-21 03:21:56,797] {taskinstance.py:1591} INFO - Exporting the following env vars:
AIRFLOW_CTX_DAG_OWNER=DavidBU
AIRFLOW_CTX_DAG_ID=mi_primer_dag_v4
AIRFLOW_CTX_TASK_ID=primera_tarea
AIRFLOW_CTX_EXECUTION_DATE=2023-12-19T00:00:00+00:00
AIRFLOW_CTX_TRY_NUMBER=2
AIRFLOW_CTX_DAG_RUN_ID=scheduled__2023-12-19T00:00:00+00:00
[2023-12-21 03:21:56,805] {subprocess.py:62} INFO - Tmp dir root location: 
 /tmp
[2023-12-21 03:21:56,809] {subprocess.py:74} INFO - Running command: ['bash', '-c', 'echo Chile']
[2023-12-21 03:21:57,412] {subprocess.py:85} INFO - Output:
[2023-12-21 03:21:57,875] {subprocess.py:92} INFO - Chile
[2023-12-21 03:21:57,877] {subprocess.py:96} INFO - Command exited with return code 0
[2023-12-21 03:23:09,673] {taskinstance.py:1420} INFO - Marking task as SUCCESS. dag_id=mi_primer_dag_v4, task_id=primera_tarea, execution_date=20231219T000000, start_date=20231221T032137, end_date=20231221T032309
[2023-12-21 03:23:10,530] {local_task_job.py:156} INFO - Task exited with return code 0
[2023-12-21 03:23:20,242] {local_task_job.py:273} INFO - 0 downstream tasks scheduled from follow-on schedule check
