[2023-12-10 20:20:44,143] {taskinstance.py:1179} INFO - Dependencies all met for <TaskInstance: mi_primer_dar_con_PythonOperator.aloha_david scheduled__2022-10-25T00:00:00+00:00 [queued]>
[2023-12-10 20:20:44,227] {taskinstance.py:1179} INFO - Dependencies all met for <TaskInstance: mi_primer_dar_con_PythonOperator.aloha_david scheduled__2022-10-25T00:00:00+00:00 [queued]>
[2023-12-10 20:20:44,246] {taskinstance.py:1376} INFO - 
--------------------------------------------------------------------------------
[2023-12-10 20:20:44,259] {taskinstance.py:1377} INFO - Starting attempt 1 of 6
[2023-12-10 20:20:44,275] {taskinstance.py:1378} INFO - 
--------------------------------------------------------------------------------
[2023-12-10 20:20:44,570] {taskinstance.py:1397} INFO - Executing <Task(PythonOperator): aloha_david> on 2022-10-25 00:00:00+00:00
[2023-12-10 20:20:44,597] {standard_task_runner.py:52} INFO - Started process 939 to run task
[2023-12-10 20:20:44,635] {standard_task_runner.py:79} INFO - Running: ['***', 'tasks', 'run', 'mi_primer_dar_con_PythonOperator', 'aloha_david', 'scheduled__2022-10-25T00:00:00+00:00', '--job-id', '1871', '--raw', '--subdir', 'DAGS_FOLDER/mi_primer_dag_pythonoperator.py', '--cfg-path', '/tmp/tmp3a0p1isv', '--error-file', '/tmp/tmpuywx9c65']
[2023-12-10 20:20:44,648] {standard_task_runner.py:80} INFO - Job 1871: Subtask aloha_david
[2023-12-10 20:20:45,877] {task_command.py:371} INFO - Running <TaskInstance: mi_primer_dar_con_PythonOperator.aloha_david scheduled__2022-10-25T00:00:00+00:00 [running]> on host 42828894a739
[2023-12-10 20:20:46,600] {taskinstance.py:1591} INFO - Exporting the following env vars:
AIRFLOW_CTX_DAG_OWNER=DavidBU
AIRFLOW_CTX_DAG_ID=mi_primer_dar_con_PythonOperator
AIRFLOW_CTX_TASK_ID=aloha_david
AIRFLOW_CTX_EXECUTION_DATE=2022-10-25T00:00:00+00:00
AIRFLOW_CTX_TRY_NUMBER=1
AIRFLOW_CTX_DAG_RUN_ID=scheduled__2022-10-25T00:00:00+00:00
[2023-12-10 20:20:46,616] {logging_mixin.py:115} INFO - Aloha Mundo soy yo!
[2023-12-10 20:20:46,616] {python.py:173} INFO - Done. Returned value was: None
[2023-12-10 20:20:46,661] {taskinstance.py:1420} INFO - Marking task as SUCCESS. dag_id=mi_primer_dar_con_PythonOperator, task_id=aloha_david, execution_date=20221025T000000, start_date=20231210T202044, end_date=20231210T202046
[2023-12-10 20:20:46,783] {local_task_job.py:156} INFO - Task exited with return code 0
[2023-12-10 20:20:47,074] {local_task_job.py:273} INFO - 0 downstream tasks scheduled from follow-on schedule check
