[2023-12-10 20:29:05,009] {taskinstance.py:1179} INFO - Dependencies all met for <TaskInstance: mi_primer_dar_con_PythonOperator.aloha_david scheduled__2023-12-01T00:00:00+00:00 [queued]>
[2023-12-10 20:29:05,054] {taskinstance.py:1179} INFO - Dependencies all met for <TaskInstance: mi_primer_dar_con_PythonOperator.aloha_david scheduled__2023-12-01T00:00:00+00:00 [queued]>
[2023-12-10 20:29:05,066] {taskinstance.py:1376} INFO - 
--------------------------------------------------------------------------------
[2023-12-10 20:29:05,072] {taskinstance.py:1377} INFO - Starting attempt 1 of 6
[2023-12-10 20:29:05,080] {taskinstance.py:1378} INFO - 
--------------------------------------------------------------------------------
[2023-12-10 20:29:05,262] {taskinstance.py:1397} INFO - Executing <Task(PythonOperator): aloha_david> on 2023-12-01 00:00:00+00:00
[2023-12-10 20:29:05,303] {standard_task_runner.py:79} INFO - Running: ['***', 'tasks', 'run', 'mi_primer_dar_con_PythonOperator', 'aloha_david', 'scheduled__2023-12-01T00:00:00+00:00', '--job-id', '2473', '--raw', '--subdir', 'DAGS_FOLDER/mi_primer_dag_pythonoperator.py', '--cfg-path', '/tmp/tmp9d2l795c', '--error-file', '/tmp/tmpug2vla6c']
[2023-12-10 20:29:05,330] {standard_task_runner.py:80} INFO - Job 2473: Subtask aloha_david
[2023-12-10 20:29:05,286] {standard_task_runner.py:52} INFO - Started process 3009 to run task
[2023-12-10 20:29:05,922] {task_command.py:371} INFO - Running <TaskInstance: mi_primer_dar_con_PythonOperator.aloha_david scheduled__2023-12-01T00:00:00+00:00 [running]> on host 42828894a739
[2023-12-10 20:29:06,498] {taskinstance.py:1591} INFO - Exporting the following env vars:
AIRFLOW_CTX_DAG_OWNER=DavidBU
AIRFLOW_CTX_DAG_ID=mi_primer_dar_con_PythonOperator
AIRFLOW_CTX_TASK_ID=aloha_david
AIRFLOW_CTX_EXECUTION_DATE=2023-12-01T00:00:00+00:00
AIRFLOW_CTX_TRY_NUMBER=1
AIRFLOW_CTX_DAG_RUN_ID=scheduled__2023-12-01T00:00:00+00:00
[2023-12-10 20:29:06,503] {logging_mixin.py:115} INFO - Aloha Mundo soy yo!
[2023-12-10 20:29:06,504] {python.py:173} INFO - Done. Returned value was: None
[2023-12-10 20:29:06,630] {taskinstance.py:1420} INFO - Marking task as SUCCESS. dag_id=mi_primer_dar_con_PythonOperator, task_id=aloha_david, execution_date=20231201T000000, start_date=20231210T202905, end_date=20231210T202906
[2023-12-10 20:29:06,740] {local_task_job.py:156} INFO - Task exited with return code 0
[2023-12-10 20:29:07,043] {local_task_job.py:273} INFO - 0 downstream tasks scheduled from follow-on schedule check
