[2023-12-10 19:45:21,000] {taskinstance.py:1179} INFO - Dependencies all met for <TaskInstance: mi_primer_dag_v3.segunda_tarea scheduled__2023-08-09T00:00:00+00:00 [queued]>
[2023-12-10 19:45:21,179] {taskinstance.py:1179} INFO - Dependencies all met for <TaskInstance: mi_primer_dag_v3.segunda_tarea scheduled__2023-08-09T00:00:00+00:00 [queued]>
[2023-12-10 19:45:21,182] {taskinstance.py:1376} INFO - 
--------------------------------------------------------------------------------
[2023-12-10 19:45:21,183] {taskinstance.py:1377} INFO - Starting attempt 1 of 6
[2023-12-10 19:45:21,184] {taskinstance.py:1378} INFO - 
--------------------------------------------------------------------------------
[2023-12-10 19:45:21,370] {taskinstance.py:1397} INFO - Executing <Task(BashOperator): segunda_tarea> on 2023-08-09 00:00:00+00:00
[2023-12-10 19:45:21,394] {standard_task_runner.py:52} INFO - Started process 3936 to run task
[2023-12-10 19:45:21,425] {standard_task_runner.py:79} INFO - Running: ['***', 'tasks', 'run', 'mi_primer_dag_v3', 'segunda_tarea', 'scheduled__2023-08-09T00:00:00+00:00', '--job-id', '1120', '--raw', '--subdir', 'DAGS_FOLDER/primer_dag_v3.py', '--cfg-path', '/tmp/tmplp63du5n', '--error-file', '/tmp/tmppii3db8z']
[2023-12-10 19:45:21,439] {standard_task_runner.py:80} INFO - Job 1120: Subtask segunda_tarea
[2023-12-10 19:45:22,012] {task_command.py:371} INFO - Running <TaskInstance: mi_primer_dag_v3.segunda_tarea scheduled__2023-08-09T00:00:00+00:00 [running]> on host 42828894a739
[2023-12-10 19:45:22,322] {taskinstance.py:1591} INFO - Exporting the following env vars:
AIRFLOW_CTX_DAG_OWNER=DavidBU
AIRFLOW_CTX_DAG_ID=mi_primer_dag_v3
AIRFLOW_CTX_TASK_ID=segunda_tarea
AIRFLOW_CTX_EXECUTION_DATE=2023-08-09T00:00:00+00:00
AIRFLOW_CTX_TRY_NUMBER=1
AIRFLOW_CTX_DAG_RUN_ID=scheduled__2023-08-09T00:00:00+00:00
[2023-12-10 19:45:22,325] {subprocess.py:62} INFO - Tmp dir root location: 
 /tmp
[2023-12-10 19:45:22,327] {subprocess.py:74} INFO - Running command: ['bash', '-c', 'echo hola, soy la tarea 2 y sere corrida luego de la Tarea 1']
[2023-12-10 19:45:22,345] {subprocess.py:85} INFO - Output:
[2023-12-10 19:45:22,350] {subprocess.py:92} INFO - hola, soy la tarea 2 y sere corrida luego de la Tarea 1
[2023-12-10 19:45:22,351] {subprocess.py:96} INFO - Command exited with return code 0
[2023-12-10 19:45:22,483] {taskinstance.py:1420} INFO - Marking task as SUCCESS. dag_id=mi_primer_dag_v3, task_id=segunda_tarea, execution_date=20230809T000000, start_date=20231210T194521, end_date=20231210T194522
[2023-12-10 19:45:22,540] {local_task_job.py:156} INFO - Task exited with return code 0
[2023-12-10 19:45:22,694] {local_task_job.py:273} INFO - 0 downstream tasks scheduled from follow-on schedule check
