[2023-12-10 19:44:55,038] {taskinstance.py:1179} INFO - Dependencies all met for <TaskInstance: mi_primer_dag_v3.segunda_tarea scheduled__2023-07-24T00:00:00+00:00 [queued]>
[2023-12-10 19:44:55,090] {taskinstance.py:1179} INFO - Dependencies all met for <TaskInstance: mi_primer_dag_v3.segunda_tarea scheduled__2023-07-24T00:00:00+00:00 [queued]>
[2023-12-10 19:44:55,099] {taskinstance.py:1376} INFO - 
--------------------------------------------------------------------------------
[2023-12-10 19:44:55,102] {taskinstance.py:1377} INFO - Starting attempt 1 of 6
[2023-12-10 19:44:55,103] {taskinstance.py:1378} INFO - 
--------------------------------------------------------------------------------
[2023-12-10 19:44:55,244] {taskinstance.py:1397} INFO - Executing <Task(BashOperator): segunda_tarea> on 2023-07-24 00:00:00+00:00
[2023-12-10 19:44:55,251] {standard_task_runner.py:52} INFO - Started process 3803 to run task
[2023-12-10 19:44:55,360] {standard_task_runner.py:79} INFO - Running: ['***', 'tasks', 'run', 'mi_primer_dag_v3', 'segunda_tarea', 'scheduled__2023-07-24T00:00:00+00:00', '--job-id', '1077', '--raw', '--subdir', 'DAGS_FOLDER/primer_dag_v3.py', '--cfg-path', '/tmp/tmpwfmlcs_6', '--error-file', '/tmp/tmpg2ajru4v']
[2023-12-10 19:44:55,384] {standard_task_runner.py:80} INFO - Job 1077: Subtask segunda_tarea
[2023-12-10 19:44:56,001] {task_command.py:371} INFO - Running <TaskInstance: mi_primer_dag_v3.segunda_tarea scheduled__2023-07-24T00:00:00+00:00 [running]> on host 42828894a739
[2023-12-10 19:44:56,928] {taskinstance.py:1591} INFO - Exporting the following env vars:
AIRFLOW_CTX_DAG_OWNER=DavidBU
AIRFLOW_CTX_DAG_ID=mi_primer_dag_v3
AIRFLOW_CTX_TASK_ID=segunda_tarea
AIRFLOW_CTX_EXECUTION_DATE=2023-07-24T00:00:00+00:00
AIRFLOW_CTX_TRY_NUMBER=1
AIRFLOW_CTX_DAG_RUN_ID=scheduled__2023-07-24T00:00:00+00:00
[2023-12-10 19:44:56,937] {subprocess.py:62} INFO - Tmp dir root location: 
 /tmp
[2023-12-10 19:44:56,954] {subprocess.py:74} INFO - Running command: ['bash', '-c', 'echo hola, soy la tarea 2 y sere corrida luego de la Tarea 1']
[2023-12-10 19:44:57,259] {subprocess.py:85} INFO - Output:
[2023-12-10 19:44:57,302] {subprocess.py:92} INFO - hola, soy la tarea 2 y sere corrida luego de la Tarea 1
[2023-12-10 19:44:57,317] {subprocess.py:96} INFO - Command exited with return code 0
[2023-12-10 19:44:57,719] {taskinstance.py:1420} INFO - Marking task as SUCCESS. dag_id=mi_primer_dag_v3, task_id=segunda_tarea, execution_date=20230724T000000, start_date=20231210T194455, end_date=20231210T194457
[2023-12-10 19:44:57,910] {local_task_job.py:156} INFO - Task exited with return code 0
[2023-12-10 19:44:58,261] {local_task_job.py:273} INFO - 0 downstream tasks scheduled from follow-on schedule check
