[2023-12-10 19:47:24,056] {taskinstance.py:1179} INFO - Dependencies all met for <TaskInstance: mi_primer_dag_v3.segunda_tarea scheduled__2023-10-01T00:00:00+00:00 [queued]>
[2023-12-10 19:47:24,490] {taskinstance.py:1179} INFO - Dependencies all met for <TaskInstance: mi_primer_dag_v3.segunda_tarea scheduled__2023-10-01T00:00:00+00:00 [queued]>
[2023-12-10 19:47:24,507] {taskinstance.py:1376} INFO - 
--------------------------------------------------------------------------------
[2023-12-10 19:47:24,522] {taskinstance.py:1377} INFO - Starting attempt 1 of 6
[2023-12-10 19:47:24,523] {taskinstance.py:1378} INFO - 
--------------------------------------------------------------------------------
[2023-12-10 19:47:24,739] {taskinstance.py:1397} INFO - Executing <Task(BashOperator): segunda_tarea> on 2023-10-01 00:00:00+00:00
[2023-12-10 19:47:24,748] {standard_task_runner.py:52} INFO - Started process 4499 to run task
[2023-12-10 19:47:24,813] {standard_task_runner.py:79} INFO - Running: ['***', 'tasks', 'run', 'mi_primer_dag_v3', 'segunda_tarea', 'scheduled__2023-10-01T00:00:00+00:00', '--job-id', '1287', '--raw', '--subdir', 'DAGS_FOLDER/primer_dag_v3.py', '--cfg-path', '/tmp/tmpi40wcrsg', '--error-file', '/tmp/tmputv5gf0o']
[2023-12-10 19:47:24,830] {standard_task_runner.py:80} INFO - Job 1287: Subtask segunda_tarea
[2023-12-10 19:47:26,022] {task_command.py:371} INFO - Running <TaskInstance: mi_primer_dag_v3.segunda_tarea scheduled__2023-10-01T00:00:00+00:00 [running]> on host 42828894a739
[2023-12-10 19:47:27,949] {taskinstance.py:1591} INFO - Exporting the following env vars:
AIRFLOW_CTX_DAG_OWNER=DavidBU
AIRFLOW_CTX_DAG_ID=mi_primer_dag_v3
AIRFLOW_CTX_TASK_ID=segunda_tarea
AIRFLOW_CTX_EXECUTION_DATE=2023-10-01T00:00:00+00:00
AIRFLOW_CTX_TRY_NUMBER=1
AIRFLOW_CTX_DAG_RUN_ID=scheduled__2023-10-01T00:00:00+00:00
[2023-12-10 19:47:27,959] {subprocess.py:62} INFO - Tmp dir root location: 
 /tmp
[2023-12-10 19:47:27,960] {subprocess.py:74} INFO - Running command: ['bash', '-c', 'echo hola, soy la tarea 2 y sere corrida luego de la Tarea 1']
[2023-12-10 19:47:28,096] {subprocess.py:85} INFO - Output:
[2023-12-10 19:47:28,168] {subprocess.py:92} INFO - hola, soy la tarea 2 y sere corrida luego de la Tarea 1
[2023-12-10 19:47:28,182] {subprocess.py:96} INFO - Command exited with return code 0
[2023-12-10 19:47:28,748] {taskinstance.py:1420} INFO - Marking task as SUCCESS. dag_id=mi_primer_dag_v3, task_id=segunda_tarea, execution_date=20231001T000000, start_date=20231210T194724, end_date=20231210T194728
[2023-12-10 19:47:29,117] {local_task_job.py:156} INFO - Task exited with return code 0
[2023-12-10 19:47:29,472] {local_task_job.py:273} INFO - 0 downstream tasks scheduled from follow-on schedule check
