[2023-12-10 19:31:04,296] {taskinstance.py:1179} INFO - Dependencies all met for <TaskInstance: mi_primer_dag_v3.primera_tarea scheduled__2022-09-07T00:00:00+00:00 [queued]>
[2023-12-10 19:31:04,341] {taskinstance.py:1179} INFO - Dependencies all met for <TaskInstance: mi_primer_dag_v3.primera_tarea scheduled__2022-09-07T00:00:00+00:00 [queued]>
[2023-12-10 19:31:04,346] {taskinstance.py:1376} INFO - 
--------------------------------------------------------------------------------
[2023-12-10 19:31:04,347] {taskinstance.py:1377} INFO - Starting attempt 1 of 6
[2023-12-10 19:31:04,348] {taskinstance.py:1378} INFO - 
--------------------------------------------------------------------------------
[2023-12-10 19:31:04,489] {taskinstance.py:1397} INFO - Executing <Task(BashOperator): primera_tarea> on 2022-09-07 00:00:00+00:00
[2023-12-10 19:31:04,501] {standard_task_runner.py:52} INFO - Started process 545 to run task
[2023-12-10 19:31:04,536] {standard_task_runner.py:79} INFO - Running: ['***', 'tasks', 'run', 'mi_primer_dag_v3', 'primera_tarea', 'scheduled__2022-09-07T00:00:00+00:00', '--job-id', '108', '--raw', '--subdir', 'DAGS_FOLDER/primer_dag_v3.py', '--cfg-path', '/tmp/tmp6q82k9n8', '--error-file', '/tmp/tmp7mxq4a51']
[2023-12-10 19:31:04,633] {standard_task_runner.py:80} INFO - Job 108: Subtask primera_tarea
[2023-12-10 19:31:05,367] {task_command.py:371} INFO - Running <TaskInstance: mi_primer_dag_v3.primera_tarea scheduled__2022-09-07T00:00:00+00:00 [running]> on host 42828894a739
[2023-12-10 19:31:06,529] {taskinstance.py:1591} INFO - Exporting the following env vars:
AIRFLOW_CTX_DAG_OWNER=DavidBU
AIRFLOW_CTX_DAG_ID=mi_primer_dag_v3
AIRFLOW_CTX_TASK_ID=primera_tarea
AIRFLOW_CTX_EXECUTION_DATE=2022-09-07T00:00:00+00:00
AIRFLOW_CTX_TRY_NUMBER=1
AIRFLOW_CTX_DAG_RUN_ID=scheduled__2022-09-07T00:00:00+00:00
[2023-12-10 19:31:06,535] {subprocess.py:62} INFO - Tmp dir root location: 
 /tmp
[2023-12-10 19:31:06,537] {subprocess.py:74} INFO - Running command: ['bash', '-c', 'echo hola mundo, esta es nuestra primera tarea!']
[2023-12-10 19:31:06,572] {subprocess.py:85} INFO - Output:
[2023-12-10 19:31:06,593] {subprocess.py:92} INFO - hola mundo, esta es nuestra primera tarea!
[2023-12-10 19:31:06,627] {subprocess.py:96} INFO - Command exited with return code 0
[2023-12-10 19:31:06,971] {taskinstance.py:1420} INFO - Marking task as SUCCESS. dag_id=mi_primer_dag_v3, task_id=primera_tarea, execution_date=20220907T000000, start_date=20231210T193104, end_date=20231210T193106
[2023-12-10 19:31:07,228] {local_task_job.py:156} INFO - Task exited with return code 0
[2023-12-10 19:31:08,024] {local_task_job.py:273} INFO - 2 downstream tasks scheduled from follow-on schedule check
