[2023-12-11 08:24:25,108] {taskinstance.py:1179} INFO - Dependencies all met for <TaskInstance: mi_primer_dag_v4.tercera_tarea scheduled__2023-12-06T00:00:00+00:00 [queued]>
[2023-12-11 08:24:25,168] {taskinstance.py:1179} INFO - Dependencies all met for <TaskInstance: mi_primer_dag_v4.tercera_tarea scheduled__2023-12-06T00:00:00+00:00 [queued]>
[2023-12-11 08:24:25,174] {taskinstance.py:1376} INFO - 
--------------------------------------------------------------------------------
[2023-12-11 08:24:25,179] {taskinstance.py:1377} INFO - Starting attempt 1 of 6
[2023-12-11 08:24:25,191] {taskinstance.py:1378} INFO - 
--------------------------------------------------------------------------------
[2023-12-11 08:24:25,324] {taskinstance.py:1397} INFO - Executing <Task(BashOperator): tercera_tarea> on 2023-12-06 00:00:00+00:00
[2023-12-11 08:24:25,339] {standard_task_runner.py:52} INFO - Started process 3267 to run task
[2023-12-11 08:24:25,380] {standard_task_runner.py:79} INFO - Running: ['***', 'tasks', 'run', 'mi_primer_dag_v4', 'tercera_tarea', 'scheduled__2023-12-06T00:00:00+00:00', '--job-id', '114', '--raw', '--subdir', 'DAGS_FOLDER/primer_dag.py', '--cfg-path', '/tmp/tmpony81a29', '--error-file', '/tmp/tmprfo0vqkt']
[2023-12-11 08:24:25,406] {standard_task_runner.py:80} INFO - Job 114: Subtask tercera_tarea
[2023-12-11 08:24:25,878] {task_command.py:371} INFO - Running <TaskInstance: mi_primer_dag_v4.tercera_tarea scheduled__2023-12-06T00:00:00+00:00 [running]> on host 03477fa6e3b6
[2023-12-11 08:24:26,502] {taskinstance.py:1591} INFO - Exporting the following env vars:
AIRFLOW_CTX_DAG_OWNER=DavidBU
AIRFLOW_CTX_DAG_ID=mi_primer_dag_v4
AIRFLOW_CTX_TASK_ID=tercera_tarea
AIRFLOW_CTX_EXECUTION_DATE=2023-12-06T00:00:00+00:00
AIRFLOW_CTX_TRY_NUMBER=1
AIRFLOW_CTX_DAG_RUN_ID=scheduled__2023-12-06T00:00:00+00:00
[2023-12-11 08:24:26,509] {subprocess.py:62} INFO - Tmp dir root location: 
 /tmp
[2023-12-11 08:24:26,528] {subprocess.py:74} INFO - Running command: ['bash', '-c', 'echo Bustos Usta']
[2023-12-11 08:24:26,578] {subprocess.py:85} INFO - Output:
[2023-12-11 08:24:26,594] {subprocess.py:92} INFO - Bustos Usta
[2023-12-11 08:24:26,597] {subprocess.py:96} INFO - Command exited with return code 0
[2023-12-11 08:24:26,776] {taskinstance.py:1420} INFO - Marking task as SUCCESS. dag_id=mi_primer_dag_v4, task_id=tercera_tarea, execution_date=20231206T000000, start_date=20231211T082425, end_date=20231211T082426
[2023-12-11 08:24:26,891] {local_task_job.py:156} INFO - Task exited with return code 0
[2023-12-11 08:24:27,109] {local_task_job.py:273} INFO - 0 downstream tasks scheduled from follow-on schedule check
