[2023-12-10 19:30:15,324] {taskinstance.py:1179} INFO - Dependencies all met for <TaskInstance: mi_primer_dag_v3.primera_tarea scheduled__2022-08-19T00:00:00+00:00 [queued]>
[2023-12-10 19:30:15,377] {taskinstance.py:1179} INFO - Dependencies all met for <TaskInstance: mi_primer_dag_v3.primera_tarea scheduled__2022-08-19T00:00:00+00:00 [queued]>
[2023-12-10 19:30:15,381] {taskinstance.py:1376} INFO - 
--------------------------------------------------------------------------------
[2023-12-10 19:30:15,386] {taskinstance.py:1377} INFO - Starting attempt 1 of 6
[2023-12-10 19:30:15,387] {taskinstance.py:1378} INFO - 
--------------------------------------------------------------------------------
[2023-12-10 19:30:15,471] {taskinstance.py:1397} INFO - Executing <Task(BashOperator): primera_tarea> on 2022-08-19 00:00:00+00:00
[2023-12-10 19:30:15,482] {standard_task_runner.py:52} INFO - Started process 362 to run task
[2023-12-10 19:30:15,503] {standard_task_runner.py:79} INFO - Running: ['***', 'tasks', 'run', 'mi_primer_dag_v3', 'primera_tarea', 'scheduled__2022-08-19T00:00:00+00:00', '--job-id', '52', '--raw', '--subdir', 'DAGS_FOLDER/primer_dag_v3.py', '--cfg-path', '/tmp/tmpk1qpj4kt', '--error-file', '/tmp/tmpo29wbll6']
[2023-12-10 19:30:15,506] {standard_task_runner.py:80} INFO - Job 52: Subtask primera_tarea
[2023-12-10 19:30:16,045] {task_command.py:371} INFO - Running <TaskInstance: mi_primer_dag_v3.primera_tarea scheduled__2022-08-19T00:00:00+00:00 [running]> on host 42828894a739
[2023-12-10 19:30:16,883] {taskinstance.py:1591} INFO - Exporting the following env vars:
AIRFLOW_CTX_DAG_OWNER=DavidBU
AIRFLOW_CTX_DAG_ID=mi_primer_dag_v3
AIRFLOW_CTX_TASK_ID=primera_tarea
AIRFLOW_CTX_EXECUTION_DATE=2022-08-19T00:00:00+00:00
AIRFLOW_CTX_TRY_NUMBER=1
AIRFLOW_CTX_DAG_RUN_ID=scheduled__2022-08-19T00:00:00+00:00
[2023-12-10 19:30:16,901] {subprocess.py:62} INFO - Tmp dir root location: 
 /tmp
[2023-12-10 19:30:16,912] {subprocess.py:74} INFO - Running command: ['bash', '-c', 'echo hola mundo, esta es nuestra primera tarea!']
[2023-12-10 19:30:17,060] {subprocess.py:85} INFO - Output:
[2023-12-10 19:30:17,074] {subprocess.py:92} INFO - hola mundo, esta es nuestra primera tarea!
[2023-12-10 19:30:17,095] {subprocess.py:96} INFO - Command exited with return code 0
[2023-12-10 19:30:17,693] {taskinstance.py:1420} INFO - Marking task as SUCCESS. dag_id=mi_primer_dag_v3, task_id=primera_tarea, execution_date=20220819T000000, start_date=20231210T193015, end_date=20231210T193017
[2023-12-10 19:30:17,924] {local_task_job.py:156} INFO - Task exited with return code 0
[2023-12-10 19:30:18,585] {local_task_job.py:273} INFO - 0 downstream tasks scheduled from follow-on schedule check
