[2023-12-10 20:17:15,780] {taskinstance.py:1179} INFO - Dependencies all met for <TaskInstance: mi_primer_dag.primer_task scheduled__2023-02-16T00:00:00+00:00 [queued]>
[2023-12-10 20:17:15,901] {taskinstance.py:1179} INFO - Dependencies all met for <TaskInstance: mi_primer_dag.primer_task scheduled__2023-02-16T00:00:00+00:00 [queued]>
[2023-12-10 20:17:15,902] {taskinstance.py:1376} INFO - 
--------------------------------------------------------------------------------
[2023-12-10 20:17:15,904] {taskinstance.py:1377} INFO - Starting attempt 1 of 6
[2023-12-10 20:17:15,905] {taskinstance.py:1378} INFO - 
--------------------------------------------------------------------------------
[2023-12-10 20:17:16,079] {taskinstance.py:1397} INFO - Executing <Task(BashOperator): primer_task> on 2023-02-16 00:00:00+00:00
[2023-12-10 20:17:16,101] {standard_task_runner.py:52} INFO - Started process 233 to run task
[2023-12-10 20:17:16,126] {standard_task_runner.py:79} INFO - Running: ['***', 'tasks', 'run', 'mi_primer_dag', 'primer_task', 'scheduled__2023-02-16T00:00:00+00:00', '--job-id', '1690', '--raw', '--subdir', 'DAGS_FOLDER/mi_primer_dag.py', '--cfg-path', '/tmp/tmptcagokpm', '--error-file', '/tmp/tmpym8xn5di']
[2023-12-10 20:17:16,167] {standard_task_runner.py:80} INFO - Job 1690: Subtask primer_task
[2023-12-10 20:17:16,738] {task_command.py:371} INFO - Running <TaskInstance: mi_primer_dag.primer_task scheduled__2023-02-16T00:00:00+00:00 [running]> on host 42828894a739
[2023-12-10 20:17:17,286] {taskinstance.py:1591} INFO - Exporting the following env vars:
AIRFLOW_CTX_DAG_OWNER=DavidBU
AIRFLOW_CTX_DAG_ID=mi_primer_dag
AIRFLOW_CTX_TASK_ID=primer_task
AIRFLOW_CTX_EXECUTION_DATE=2023-02-16T00:00:00+00:00
AIRFLOW_CTX_TRY_NUMBER=1
AIRFLOW_CTX_DAG_RUN_ID=scheduled__2023-02-16T00:00:00+00:00
[2023-12-10 20:17:17,288] {subprocess.py:62} INFO - Tmp dir root location: 
 /tmp
[2023-12-10 20:17:17,290] {subprocess.py:74} INFO - Running command: ['bash', '-c', 'echo hola mundo, esta es nuestra primera tarea usando bash operator!']
[2023-12-10 20:17:17,319] {subprocess.py:85} INFO - Output:
[2023-12-10 20:17:17,339] {subprocess.py:92} INFO - hola mundo, esta es nuestra primera tarea usando bash operator!
[2023-12-10 20:17:17,340] {subprocess.py:96} INFO - Command exited with return code 0
[2023-12-10 20:17:17,478] {taskinstance.py:1420} INFO - Marking task as SUCCESS. dag_id=mi_primer_dag, task_id=primer_task, execution_date=20230216T000000, start_date=20231210T201715, end_date=20231210T201717
[2023-12-10 20:17:17,558] {local_task_job.py:156} INFO - Task exited with return code 0
[2023-12-10 20:17:17,666] {local_task_job.py:273} INFO - 0 downstream tasks scheduled from follow-on schedule check
