[2023-12-10 19:43:10,113] {taskinstance.py:1179} INFO - Dependencies all met for <TaskInstance: mi_primer_dag_v3.primera_tarea scheduled__2023-06-08T00:00:00+00:00 [queued]>
[2023-12-10 19:43:10,182] {taskinstance.py:1179} INFO - Dependencies all met for <TaskInstance: mi_primer_dag_v3.primera_tarea scheduled__2023-06-08T00:00:00+00:00 [queued]>
[2023-12-10 19:43:10,183] {taskinstance.py:1376} INFO - 
--------------------------------------------------------------------------------
[2023-12-10 19:43:10,187] {taskinstance.py:1377} INFO - Starting attempt 1 of 6
[2023-12-10 19:43:10,188] {taskinstance.py:1378} INFO - 
--------------------------------------------------------------------------------
[2023-12-10 19:43:10,517] {taskinstance.py:1397} INFO - Executing <Task(BashOperator): primera_tarea> on 2023-06-08 00:00:00+00:00
[2023-12-10 19:43:10,528] {standard_task_runner.py:52} INFO - Started process 3292 to run task
[2023-12-10 19:43:10,576] {standard_task_runner.py:79} INFO - Running: ['***', 'tasks', 'run', 'mi_primer_dag_v3', 'primera_tarea', 'scheduled__2023-06-08T00:00:00+00:00', '--job-id', '923', '--raw', '--subdir', 'DAGS_FOLDER/primer_dag_v3.py', '--cfg-path', '/tmp/tmp8xcqy_ra', '--error-file', '/tmp/tmpvetrdd2h']
[2023-12-10 19:43:10,598] {standard_task_runner.py:80} INFO - Job 923: Subtask primera_tarea
[2023-12-10 19:43:11,224] {task_command.py:371} INFO - Running <TaskInstance: mi_primer_dag_v3.primera_tarea scheduled__2023-06-08T00:00:00+00:00 [running]> on host 42828894a739
[2023-12-10 19:43:12,333] {taskinstance.py:1591} INFO - Exporting the following env vars:
AIRFLOW_CTX_DAG_OWNER=DavidBU
AIRFLOW_CTX_DAG_ID=mi_primer_dag_v3
AIRFLOW_CTX_TASK_ID=primera_tarea
AIRFLOW_CTX_EXECUTION_DATE=2023-06-08T00:00:00+00:00
AIRFLOW_CTX_TRY_NUMBER=1
AIRFLOW_CTX_DAG_RUN_ID=scheduled__2023-06-08T00:00:00+00:00
[2023-12-10 19:43:12,340] {subprocess.py:62} INFO - Tmp dir root location: 
 /tmp
[2023-12-10 19:43:12,351] {subprocess.py:74} INFO - Running command: ['bash', '-c', 'echo hola mundo, esta es nuestra primera tarea!']
[2023-12-10 19:43:12,400] {subprocess.py:85} INFO - Output:
[2023-12-10 19:43:12,426] {subprocess.py:92} INFO - hola mundo, esta es nuestra primera tarea!
[2023-12-10 19:43:12,447] {subprocess.py:96} INFO - Command exited with return code 0
[2023-12-10 19:43:13,277] {taskinstance.py:1420} INFO - Marking task as SUCCESS. dag_id=mi_primer_dag_v3, task_id=primera_tarea, execution_date=20230608T000000, start_date=20231210T194310, end_date=20231210T194313
[2023-12-10 19:43:13,568] {local_task_job.py:156} INFO - Task exited with return code 0
[2023-12-10 19:43:15,187] {local_task_job.py:273} INFO - 0 downstream tasks scheduled from follow-on schedule check
