[2023-12-10 19:47:54,610] {taskinstance.py:1179} INFO - Dependencies all met for <TaskInstance: mi_primer_dag_v3.segunda_tarea scheduled__2023-10-17T00:00:00+00:00 [queued]>
[2023-12-10 19:47:54,687] {taskinstance.py:1179} INFO - Dependencies all met for <TaskInstance: mi_primer_dag_v3.segunda_tarea scheduled__2023-10-17T00:00:00+00:00 [queued]>
[2023-12-10 19:47:54,690] {taskinstance.py:1376} INFO - 
--------------------------------------------------------------------------------
[2023-12-10 19:47:54,694] {taskinstance.py:1377} INFO - Starting attempt 1 of 6
[2023-12-10 19:47:54,697] {taskinstance.py:1378} INFO - 
--------------------------------------------------------------------------------
[2023-12-10 19:47:54,906] {taskinstance.py:1397} INFO - Executing <Task(BashOperator): segunda_tarea> on 2023-10-17 00:00:00+00:00
[2023-12-10 19:47:54,915] {standard_task_runner.py:52} INFO - Started process 4642 to run task
[2023-12-10 19:47:54,934] {standard_task_runner.py:79} INFO - Running: ['***', 'tasks', 'run', 'mi_primer_dag_v3', 'segunda_tarea', 'scheduled__2023-10-17T00:00:00+00:00', '--job-id', '1332', '--raw', '--subdir', 'DAGS_FOLDER/primer_dag_v3.py', '--cfg-path', '/tmp/tmpk6fgqj0n', '--error-file', '/tmp/tmp0w7_ptj3']
[2023-12-10 19:47:54,953] {standard_task_runner.py:80} INFO - Job 1332: Subtask segunda_tarea
[2023-12-10 19:47:55,416] {task_command.py:371} INFO - Running <TaskInstance: mi_primer_dag_v3.segunda_tarea scheduled__2023-10-17T00:00:00+00:00 [running]> on host 42828894a739
[2023-12-10 19:47:56,384] {taskinstance.py:1591} INFO - Exporting the following env vars:
AIRFLOW_CTX_DAG_OWNER=DavidBU
AIRFLOW_CTX_DAG_ID=mi_primer_dag_v3
AIRFLOW_CTX_TASK_ID=segunda_tarea
AIRFLOW_CTX_EXECUTION_DATE=2023-10-17T00:00:00+00:00
AIRFLOW_CTX_TRY_NUMBER=1
AIRFLOW_CTX_DAG_RUN_ID=scheduled__2023-10-17T00:00:00+00:00
[2023-12-10 19:47:56,389] {subprocess.py:62} INFO - Tmp dir root location: 
 /tmp
[2023-12-10 19:47:56,417] {subprocess.py:74} INFO - Running command: ['bash', '-c', 'echo hola, soy la tarea 2 y sere corrida luego de la Tarea 1']
[2023-12-10 19:47:56,486] {subprocess.py:85} INFO - Output:
[2023-12-10 19:47:56,491] {subprocess.py:92} INFO - hola, soy la tarea 2 y sere corrida luego de la Tarea 1
[2023-12-10 19:47:56,492] {subprocess.py:96} INFO - Command exited with return code 0
[2023-12-10 19:47:56,870] {taskinstance.py:1420} INFO - Marking task as SUCCESS. dag_id=mi_primer_dag_v3, task_id=segunda_tarea, execution_date=20231017T000000, start_date=20231210T194754, end_date=20231210T194756
[2023-12-10 19:47:57,111] {local_task_job.py:156} INFO - Task exited with return code 0
[2023-12-10 19:47:57,319] {local_task_job.py:273} INFO - 0 downstream tasks scheduled from follow-on schedule check
