[2023-12-29 03:51:41,378] {taskinstance.py:1032} INFO - Dependencies all met for <TaskInstance: dag_xcoms_facil.elegir_mejor_valor scheduled__2023-12-28T00:00:00+00:00 [queued]>
[2023-12-29 03:51:41,481] {taskinstance.py:1032} INFO - Dependencies all met for <TaskInstance: dag_xcoms_facil.elegir_mejor_valor scheduled__2023-12-28T00:00:00+00:00 [queued]>
[2023-12-29 03:51:41,482] {taskinstance.py:1238} INFO - 
--------------------------------------------------------------------------------
[2023-12-29 03:51:41,483] {taskinstance.py:1239} INFO - Starting attempt 1 of 1
[2023-12-29 03:51:41,506] {taskinstance.py:1240} INFO - 
--------------------------------------------------------------------------------
[2023-12-29 03:51:41,660] {taskinstance.py:1259} INFO - Executing <Task(BranchPythonOperator): elegir_mejor_valor> on 2023-12-28 00:00:00+00:00
[2023-12-29 03:51:41,864] {standard_task_runner.py:76} INFO - Running: ['***', 'tasks', 'run', 'dag_xcoms_facil', 'elegir_mejor_valor', 'scheduled__2023-12-28T00:00:00+00:00', '--job-id', '17', '--raw', '--subdir', 'DAGS_FOLDER/dag_actividad_xcoms.py', '--cfg-path', '/tmp/tmpi7hu3ghu', '--error-file', '/tmp/tmpu1tv6d1t']
[2023-12-29 03:51:41,878] {standard_task_runner.py:77} INFO - Job 17: Subtask elegir_mejor_valor
[2023-12-29 03:51:41,769] {standard_task_runner.py:52} INFO - Started process 605 to run task
[2023-12-29 03:51:42,242] {logging_mixin.py:109} INFO - Running <TaskInstance: dag_xcoms_facil.elegir_mejor_valor scheduled__2023-12-28T00:00:00+00:00 [running]> on host 2762520f2c23
[2023-12-29 03:51:42,561] {taskinstance.py:1426} INFO - Exporting the following env vars:
AIRFLOW_CTX_DAG_EMAIL=ariel.chumbita@gmail.com
AIRFLOW_CTX_DAG_OWNER=ArielChumbita
AIRFLOW_CTX_DAG_ID=dag_xcoms_facil
AIRFLOW_CTX_TASK_ID=elegir_mejor_valor
AIRFLOW_CTX_EXECUTION_DATE=2023-12-28T00:00:00+00:00
AIRFLOW_CTX_DAG_RUN_ID=scheduled__2023-12-28T00:00:00+00:00
[2023-12-29 03:51:42,745] {python.py:175} INFO - Done. Returned value was: usar_algo
[2023-12-29 03:51:42,753] {skipmixin.py:143} INFO - Following branch usar_algo
[2023-12-29 03:51:42,755] {skipmixin.py:174} INFO - Skipping tasks []
[2023-12-29 03:51:43,165] {taskinstance.py:1277} INFO - Marking task as SUCCESS. dag_id=dag_xcoms_facil, task_id=elegir_mejor_valor, execution_date=20231228T000000, start_date=20231229T035141, end_date=20231229T035143
[2023-12-29 03:51:43,303] {local_task_job.py:154} INFO - Task exited with return code 0
[2023-12-29 03:51:43,873] {local_task_job.py:264} INFO - 1 downstream tasks scheduled from follow-on schedule check
