[2023-12-10 20:16:01,908] {taskinstance.py:1179} INFO - Dependencies all met for <TaskInstance: mi_primer_dag.primer_task scheduled__2023-02-03T00:00:00+00:00 [queued]>
[2023-12-10 20:16:02,220] {taskinstance.py:1179} INFO - Dependencies all met for <TaskInstance: mi_primer_dag.primer_task scheduled__2023-02-03T00:00:00+00:00 [queued]>
[2023-12-10 20:16:02,419] {taskinstance.py:1376} INFO - 
--------------------------------------------------------------------------------
[2023-12-10 20:16:02,567] {taskinstance.py:1377} INFO - Starting attempt 1 of 6
[2023-12-10 20:16:02,751] {taskinstance.py:1378} INFO - 
--------------------------------------------------------------------------------
[2023-12-10 20:16:02,932] {taskinstance.py:1397} INFO - Executing <Task(BashOperator): primer_task> on 2023-02-03 00:00:00+00:00
[2023-12-10 20:16:02,999] {standard_task_runner.py:52} INFO - Started process 1027 to run task
[2023-12-10 20:16:03,019] {standard_task_runner.py:79} INFO - Running: ['***', 'tasks', 'run', 'mi_primer_dag', 'primer_task', 'scheduled__2023-02-03T00:00:00+00:00', '--job-id', '1674', '--raw', '--subdir', 'DAGS_FOLDER/mi_primer_dag.py', '--cfg-path', '/tmp/tmpjlx2kh05', '--error-file', '/tmp/tmpk3lihb68']
[2023-12-10 20:16:03,183] {standard_task_runner.py:80} INFO - Job 1674: Subtask primer_task
[2023-12-10 20:16:03,954] {task_command.py:371} INFO - Running <TaskInstance: mi_primer_dag.primer_task scheduled__2023-02-03T00:00:00+00:00 [running]> on host 42828894a739
[2023-12-10 20:16:05,373] {taskinstance.py:1591} INFO - Exporting the following env vars:
AIRFLOW_CTX_DAG_OWNER=DavidBU
AIRFLOW_CTX_DAG_ID=mi_primer_dag
AIRFLOW_CTX_TASK_ID=primer_task
AIRFLOW_CTX_EXECUTION_DATE=2023-02-03T00:00:00+00:00
AIRFLOW_CTX_TRY_NUMBER=1
AIRFLOW_CTX_DAG_RUN_ID=scheduled__2023-02-03T00:00:00+00:00
[2023-12-10 20:16:05,394] {subprocess.py:62} INFO - Tmp dir root location: 
 /tmp
[2023-12-10 20:16:05,455] {subprocess.py:74} INFO - Running command: ['bash', '-c', 'echo hola mundo, esta es nuestra primera tarea usando bash operator!']
[2023-12-10 20:16:05,597] {subprocess.py:85} INFO - Output:
[2023-12-10 20:16:05,614] {subprocess.py:92} INFO - hola mundo, esta es nuestra primera tarea usando bash operator!
[2023-12-10 20:16:05,630] {subprocess.py:96} INFO - Command exited with return code 0
[2023-12-10 20:16:06,392] {taskinstance.py:1420} INFO - Marking task as SUCCESS. dag_id=mi_primer_dag, task_id=primer_task, execution_date=20230203T000000, start_date=20231210T201602, end_date=20231210T201606
[2023-12-10 20:16:06,447] {local_task_job.py:84} ERROR - Received SIGTERM. Terminating subprocesses
[2023-12-10 20:16:06,601] {process_utils.py:129} INFO - Sending Signals.SIGTERM to group 1027. PIDs of all processes in the group: [1027]
[2023-12-10 20:16:06,636] {process_utils.py:80} INFO - Sending the signal Signals.SIGTERM to group 1027
[2023-12-10 20:16:06,663] {process_utils.py:75} INFO - Process psutil.Process(pid=1027, status='terminated', exitcode=0, started='20:16:02') (1027) terminated with exit code 0
[2023-12-10 20:16:06,684] {local_task_job.py:156} INFO - Task exited with return code 143
[2023-12-10 20:16:07,237] {local_task_job.py:273} INFO - 0 downstream tasks scheduled from follow-on schedule check
