[2023-12-11 08:24:29,108] {taskinstance.py:1179} INFO - Dependencies all met for <TaskInstance: mi_primer_dag_v4.segunda_tarea manual__2023-12-11T08:24:13.055605+00:00 [queued]>
[2023-12-11 08:24:29,129] {taskinstance.py:1179} INFO - Dependencies all met for <TaskInstance: mi_primer_dag_v4.segunda_tarea manual__2023-12-11T08:24:13.055605+00:00 [queued]>
[2023-12-11 08:24:29,130] {taskinstance.py:1376} INFO - 
--------------------------------------------------------------------------------
[2023-12-11 08:24:29,133] {taskinstance.py:1377} INFO - Starting attempt 1 of 6
[2023-12-11 08:24:29,134] {taskinstance.py:1378} INFO - 
--------------------------------------------------------------------------------
[2023-12-11 08:24:29,172] {taskinstance.py:1397} INFO - Executing <Task(BashOperator): segunda_tarea> on 2023-12-11 08:24:13.055605+00:00
[2023-12-11 08:24:29,178] {standard_task_runner.py:52} INFO - Started process 3287 to run task
[2023-12-11 08:24:29,191] {standard_task_runner.py:79} INFO - Running: ['***', 'tasks', 'run', 'mi_primer_dag_v4', 'segunda_tarea', 'manual__2023-12-11T08:24:13.055605+00:00', '--job-id', '117', '--raw', '--subdir', 'DAGS_FOLDER/primer_dag.py', '--cfg-path', '/tmp/tmpk3ruwoki', '--error-file', '/tmp/tmpkfhp9_6e']
[2023-12-11 08:24:29,193] {standard_task_runner.py:80} INFO - Job 117: Subtask segunda_tarea
[2023-12-11 08:24:29,376] {task_command.py:371} INFO - Running <TaskInstance: mi_primer_dag_v4.segunda_tarea manual__2023-12-11T08:24:13.055605+00:00 [running]> on host 03477fa6e3b6
[2023-12-11 08:24:29,689] {taskinstance.py:1591} INFO - Exporting the following env vars:
AIRFLOW_CTX_DAG_OWNER=DavidBU
AIRFLOW_CTX_DAG_ID=mi_primer_dag_v4
AIRFLOW_CTX_TASK_ID=segunda_tarea
AIRFLOW_CTX_EXECUTION_DATE=2023-12-11T08:24:13.055605+00:00
AIRFLOW_CTX_TRY_NUMBER=1
AIRFLOW_CTX_DAG_RUN_ID=manual__2023-12-11T08:24:13.055605+00:00
[2023-12-11 08:24:29,691] {subprocess.py:62} INFO - Tmp dir root location: 
 /tmp
[2023-12-11 08:24:29,696] {subprocess.py:74} INFO - Running command: ['bash', '-c', 'echo David']
[2023-12-11 08:24:29,714] {subprocess.py:85} INFO - Output:
[2023-12-11 08:24:29,720] {subprocess.py:92} INFO - David
[2023-12-11 08:24:29,721] {subprocess.py:96} INFO - Command exited with return code 0
[2023-12-11 08:24:29,862] {taskinstance.py:1420} INFO - Marking task as SUCCESS. dag_id=mi_primer_dag_v4, task_id=segunda_tarea, execution_date=20231211T082413, start_date=20231211T082429, end_date=20231211T082429
[2023-12-11 08:24:30,029] {local_task_job.py:156} INFO - Task exited with return code 0
[2023-12-11 08:24:30,363] {local_task_job.py:273} INFO - 1 downstream tasks scheduled from follow-on schedule check
