[2023-12-29 02:11:31,625] {taskinstance.py:1032} INFO - Dependencies all met for <TaskInstance: dag_smtp_email_fin_mundo.dag_envio_fin_mundo manual__2023-12-29T02:11:04.008816+00:00 [queued]>
[2023-12-29 02:11:31,662] {taskinstance.py:1032} INFO - Dependencies all met for <TaskInstance: dag_smtp_email_fin_mundo.dag_envio_fin_mundo manual__2023-12-29T02:11:04.008816+00:00 [queued]>
[2023-12-29 02:11:31,663] {taskinstance.py:1238} INFO - 
--------------------------------------------------------------------------------
[2023-12-29 02:11:31,664] {taskinstance.py:1239} INFO - Starting attempt 1 of 1
[2023-12-29 02:11:31,665] {taskinstance.py:1240} INFO - 
--------------------------------------------------------------------------------
[2023-12-29 02:11:31,709] {taskinstance.py:1259} INFO - Executing <Task(PythonOperator): dag_envio_fin_mundo> on 2023-12-29 02:11:04.008816+00:00
[2023-12-29 02:11:31,727] {standard_task_runner.py:76} INFO - Running: ['***', 'tasks', 'run', 'dag_smtp_email_fin_mundo', 'dag_envio_fin_mundo', 'manual__2023-12-29T02:11:04.008816+00:00', '--job-id', '5', '--raw', '--subdir', 'DAGS_FOLDER/Microdesafio_Semana11.py', '--cfg-path', '/tmp/tmpoiz1k80v', '--error-file', '/tmp/tmppik194ww']
[2023-12-29 02:11:31,732] {standard_task_runner.py:77} INFO - Job 5: Subtask dag_envio_fin_mundo
[2023-12-29 02:11:31,718] {standard_task_runner.py:52} INFO - Started process 348 to run task
[2023-12-29 02:11:31,868] {logging_mixin.py:109} INFO - Running <TaskInstance: dag_smtp_email_fin_mundo.dag_envio_fin_mundo manual__2023-12-29T02:11:04.008816+00:00 [running]> on host 2762520f2c23
[2023-12-29 02:11:32,102] {taskinstance.py:1426} INFO - Exporting the following env vars:
AIRFLOW_CTX_DAG_OWNER=ArielChumbita
AIRFLOW_CTX_DAG_ID=dag_smtp_email_fin_mundo
AIRFLOW_CTX_TASK_ID=dag_envio_fin_mundo
AIRFLOW_CTX_EXECUTION_DATE=2023-12-29T02:11:04.008816+00:00
AIRFLOW_CTX_DAG_RUN_ID=manual__2023-12-29T02:11:04.008816+00:00
[2023-12-29 02:11:34,503] {logging_mixin.py:109} INFO - 'ascii' codec can't encode character '\xe9' in position 549: ordinal not in range(128)
[2023-12-29 02:11:34,507] {logging_mixin.py:109} INFO - Failure
[2023-12-29 02:11:34,511] {python.py:175} INFO - Done. Returned value was: None
[2023-12-29 02:11:34,576] {taskinstance.py:1277} INFO - Marking task as SUCCESS. dag_id=dag_smtp_email_fin_mundo, task_id=dag_envio_fin_mundo, execution_date=20231229T021104, start_date=20231229T021131, end_date=20231229T021134
[2023-12-29 02:11:34,758] {local_task_job.py:154} INFO - Task exited with return code 0
[2023-12-29 02:11:34,914] {local_task_job.py:264} INFO - 0 downstream tasks scheduled from follow-on schedule check
