[2023-12-10 19:40:05,396] {taskinstance.py:1179} INFO - Dependencies all met for <TaskInstance: mi_primer_dag_v3.tercera_tarea scheduled__2023-03-29T00:00:00+00:00 [queued]>
[2023-12-10 19:40:06,478] {taskinstance.py:1179} INFO - Dependencies all met for <TaskInstance: mi_primer_dag_v3.tercera_tarea scheduled__2023-03-29T00:00:00+00:00 [queued]>
[2023-12-10 19:40:06,506] {taskinstance.py:1376} INFO - 
--------------------------------------------------------------------------------
[2023-12-10 19:40:06,515] {taskinstance.py:1377} INFO - Starting attempt 1 of 6
[2023-12-10 19:40:06,519] {taskinstance.py:1378} INFO - 
--------------------------------------------------------------------------------
[2023-12-10 19:40:07,169] {taskinstance.py:1397} INFO - Executing <Task(BashOperator): tercera_tarea> on 2023-03-29 00:00:00+00:00
[2023-12-10 19:40:07,297] {standard_task_runner.py:52} INFO - Started process 2630 to run task
[2023-12-10 19:40:07,495] {standard_task_runner.py:79} INFO - Running: ['***', 'tasks', 'run', 'mi_primer_dag_v3', 'tercera_tarea', 'scheduled__2023-03-29T00:00:00+00:00', '--job-id', '726', '--raw', '--subdir', 'DAGS_FOLDER/primer_dag_v3.py', '--cfg-path', '/tmp/tmp2huoh4mh', '--error-file', '/tmp/tmprggrvpkn']
[2023-12-10 19:40:07,517] {standard_task_runner.py:80} INFO - Job 726: Subtask tercera_tarea
[2023-12-10 19:40:09,021] {task_command.py:371} INFO - Running <TaskInstance: mi_primer_dag_v3.tercera_tarea scheduled__2023-03-29T00:00:00+00:00 [running]> on host 42828894a739
[2023-12-10 19:40:12,816] {taskinstance.py:1591} INFO - Exporting the following env vars:
AIRFLOW_CTX_DAG_OWNER=DavidBU
AIRFLOW_CTX_DAG_ID=mi_primer_dag_v3
AIRFLOW_CTX_TASK_ID=tercera_tarea
AIRFLOW_CTX_EXECUTION_DATE=2023-03-29T00:00:00+00:00
AIRFLOW_CTX_TRY_NUMBER=1
AIRFLOW_CTX_DAG_RUN_ID=scheduled__2023-03-29T00:00:00+00:00
[2023-12-10 19:40:12,850] {subprocess.py:62} INFO - Tmp dir root location: 
 /tmp
[2023-12-10 19:40:12,866] {subprocess.py:74} INFO - Running command: ['bash', '-c', 'echo hola, soy la tarea 3 y sere corrida luego de Tarea 1 al mismo tiempo que Tarea 2']
[2023-12-10 19:40:12,977] {subprocess.py:85} INFO - Output:
[2023-12-10 19:40:13,114] {subprocess.py:92} INFO - hola, soy la tarea 3 y sere corrida luego de Tarea 1 al mismo tiempo que Tarea 2
[2023-12-10 19:40:13,127] {subprocess.py:96} INFO - Command exited with return code 0
[2023-12-10 19:40:13,740] {taskinstance.py:1420} INFO - Marking task as SUCCESS. dag_id=mi_primer_dag_v3, task_id=tercera_tarea, execution_date=20230329T000000, start_date=20231210T194005, end_date=20231210T194013
[2023-12-10 19:40:13,996] {local_task_job.py:156} INFO - Task exited with return code 0
[2023-12-10 19:40:14,447] {local_task_job.py:273} INFO - 0 downstream tasks scheduled from follow-on schedule check
