[2023-12-11 06:45:22,926] {manager.py:480} INFO - Processing files using up to 2 processes at a time 
[2023-12-11 06:45:23,070] {manager.py:481} INFO - Process each file at most once every 10 seconds
[2023-12-11 06:45:23,071] {manager.py:483} INFO - Checking for new files in /opt/airflow/dags every 300 seconds
[2023-12-11 06:45:23,072] {manager.py:690} INFO - Searching for files in /opt/airflow/dags
[2023-12-11 06:45:23,201] {manager.py:693} INFO - There are 0 files in /opt/airflow/dags
[2023-12-11 06:48:25,860] {manager.py:462} INFO - Exiting gracefully upon receiving signal 15
[2023-12-11 07:22:53,825] {manager.py:480} INFO - Processing files using up to 2 processes at a time 
[2023-12-11 07:22:53,831] {manager.py:481} INFO - Process each file at most once every 10 seconds
[2023-12-11 07:22:53,832] {manager.py:483} INFO - Checking for new files in /opt/airflow/dags every 300 seconds
[2023-12-11 07:22:53,833] {manager.py:690} INFO - Searching for files in /opt/airflow/dags
[2023-12-11 07:22:53,844] {manager.py:693} INFO - There are 0 files in /opt/airflow/dags
[2023-12-11 07:25:41,196] {manager.py:462} INFO - Exiting gracefully upon receiving signal 15
[2023-12-11 07:26:30,713] {manager.py:480} INFO - Processing files using up to 2 processes at a time 
[2023-12-11 07:26:30,728] {manager.py:481} INFO - Process each file at most once every 10 seconds
[2023-12-11 07:26:30,729] {manager.py:483} INFO - Checking for new files in /opt/airflow/dags every 300 seconds
[2023-12-11 07:26:30,730] {manager.py:690} INFO - Searching for files in /opt/airflow/dags
[2023-12-11 07:26:30,787] {manager.py:693} INFO - There are 0 files in /opt/airflow/dags
[2023-12-11 07:31:31,328] {manager.py:690} INFO - Searching for files in /opt/airflow/dags
[2023-12-11 07:31:31,384] {manager.py:693} INFO - There are 0 files in /opt/airflow/dags
[2023-12-11 07:36:32,182] {manager.py:690} INFO - Searching for files in /opt/airflow/dags
[2023-12-11 07:36:32,209] {manager.py:693} INFO - There are 0 files in /opt/airflow/dags
[2023-12-11 07:40:50,508] {manager.py:462} INFO - Exiting gracefully upon receiving signal 15
[2023-12-11 07:41:42,121] {manager.py:480} INFO - Processing files using up to 2 processes at a time 
[2023-12-11 07:41:42,122] {manager.py:481} INFO - Process each file at most once every 10 seconds
[2023-12-11 07:41:42,123] {manager.py:483} INFO - Checking for new files in /opt/airflow/dags every 300 seconds
[2023-12-11 07:41:42,124] {manager.py:690} INFO - Searching for files in /opt/airflow/dags
[2023-12-11 07:41:42,135] {manager.py:693} INFO - There are 0 files in /opt/airflow/dags
[2023-12-11 07:46:42,450] {manager.py:690} INFO - Searching for files in /opt/airflow/dags
[2023-12-11 07:46:42,486] {manager.py:693} INFO - There are 0 files in /opt/airflow/dags
[2023-12-11 07:50:54,577] {manager.py:462} INFO - Exiting gracefully upon receiving signal 15
[2023-12-11 07:51:49,997] {manager.py:480} INFO - Processing files using up to 2 processes at a time 
[2023-12-11 07:51:50,000] {manager.py:481} INFO - Process each file at most once every 10 seconds
[2023-12-11 07:51:50,002] {manager.py:483} INFO - Checking for new files in /opt/airflow/dags every 300 seconds
[2023-12-11 07:51:50,003] {manager.py:690} INFO - Searching for files in /opt/airflow/dags
[2023-12-11 07:51:50,031] {manager.py:693} INFO - There are 1 files in /opt/airflow/dags
[2023-12-11 07:51:50,229] {manager.py:809} INFO - 
================================================================================
DAG File Processing Stats

File Path                                     PID  Runtime      # DAGs    # Errors  Last Runtime    Last Run
------------------------------------------  -----  ---------  --------  ----------  --------------  ----------
/opt/airflow/dags/dag_postgres_database.py    169  0.04s             0           0
================================================================================
[2023-12-11 07:52:20,320] {manager.py:809} INFO - 
================================================================================
DAG File Processing Stats

File Path                                   PID    Runtime      # DAGs    # Errors  Last Runtime    Last Run
------------------------------------------  -----  ---------  --------  ----------  --------------  -------------------
/opt/airflow/dags/dag_postgres_database.py                           1           0  0.95s           2023-12-11T07:52:12
================================================================================
[2023-12-11 07:52:50,374] {manager.py:809} INFO - 
================================================================================
DAG File Processing Stats

File Path                                   PID    Runtime      # DAGs    # Errors  Last Runtime    Last Run
------------------------------------------  -----  ---------  --------  ----------  --------------  -------------------
/opt/airflow/dags/dag_postgres_database.py                           1           0  0.21s           2023-12-11T07:52:44
================================================================================
[2023-12-11 07:53:20,504] {manager.py:809} INFO - 
================================================================================
DAG File Processing Stats

File Path                                   PID    Runtime      # DAGs    # Errors  Last Runtime    Last Run
------------------------------------------  -----  ---------  --------  ----------  --------------  -------------------
/opt/airflow/dags/dag_postgres_database.py                           1           0  0.22s           2023-12-11T07:53:15
================================================================================
[2023-12-11 07:53:50,642] {manager.py:809} INFO - 
================================================================================
DAG File Processing Stats

File Path                                   PID    Runtime      # DAGs    # Errors  Last Runtime    Last Run
------------------------------------------  -----  ---------  --------  ----------  --------------  -------------------
/opt/airflow/dags/dag_postgres_database.py                           1           0  0.26s           2023-12-11T07:53:46
================================================================================
[2023-12-11 07:54:20,795] {manager.py:809} INFO - 
================================================================================
DAG File Processing Stats

File Path                                   PID    Runtime      # DAGs    # Errors  Last Runtime    Last Run
------------------------------------------  -----  ---------  --------  ----------  --------------  -------------------
/opt/airflow/dags/dag_postgres_database.py                           1           0  0.39s           2023-12-11T07:54:17
================================================================================
[2023-12-11 07:54:51,512] {manager.py:809} INFO - 
================================================================================
DAG File Processing Stats

File Path                                   PID    Runtime      # DAGs    # Errors  Last Runtime    Last Run
------------------------------------------  -----  ---------  --------  ----------  --------------  -------------------
/opt/airflow/dags/dag_postgres_database.py                           1           0  0.23s           2023-12-11T07:54:48
================================================================================
[2023-12-11 07:55:21,641] {manager.py:809} INFO - 
================================================================================
DAG File Processing Stats

File Path                                   PID    Runtime      # DAGs    # Errors  Last Runtime    Last Run
------------------------------------------  -----  ---------  --------  ----------  --------------  -------------------
/opt/airflow/dags/dag_postgres_database.py                           1           0  0.27s           2023-12-11T07:55:19
================================================================================
[2023-12-11 07:55:51,735] {manager.py:809} INFO - 
================================================================================
DAG File Processing Stats

File Path                                   PID    Runtime      # DAGs    # Errors  Last Runtime    Last Run
------------------------------------------  -----  ---------  --------  ----------  --------------  -------------------
/opt/airflow/dags/dag_postgres_database.py                           1           0  0.28s           2023-12-11T07:55:50
================================================================================
[2023-12-11 07:56:22,009] {manager.py:809} INFO - 
================================================================================
DAG File Processing Stats

File Path                                   PID    Runtime      # DAGs    # Errors  Last Runtime    Last Run
------------------------------------------  -----  ---------  --------  ----------  --------------  -------------------
/opt/airflow/dags/dag_postgres_database.py                           1           0  0.23s           2023-12-11T07:56:12
================================================================================
[2023-12-11 07:56:50,162] {manager.py:690} INFO - Searching for files in /opt/airflow/dags
[2023-12-11 07:56:50,595] {manager.py:693} INFO - There are 4 files in /opt/airflow/dags
[2023-12-11 07:56:51,168] {manager.py:462} INFO - Exiting gracefully upon receiving signal 15
[2023-12-11 07:56:51,168] {manager.py:462} INFO - Exiting gracefully upon receiving signal 15
[2023-12-11 07:56:51,168] {manager.py:462} INFO - Exiting gracefully upon receiving signal 15
[2023-12-11 07:56:52,486] {manager.py:462} INFO - Exiting gracefully upon receiving signal 15
[2023-12-11 07:56:52,889] {manager.py:462} INFO - Exiting gracefully upon receiving signal 15
[2023-12-11 07:56:52,985] {manager.py:462} INFO - Exiting gracefully upon receiving signal 15
[2023-12-11 07:57:38,634] {manager.py:480} INFO - Processing files using up to 2 processes at a time 
[2023-12-11 07:57:38,638] {manager.py:481} INFO - Process each file at most once every 10 seconds
[2023-12-11 07:57:38,642] {manager.py:483} INFO - Checking for new files in /opt/airflow/dags every 300 seconds
[2023-12-11 07:57:38,644] {manager.py:690} INFO - Searching for files in /opt/airflow/dags
[2023-12-11 07:57:38,823] {manager.py:693} INFO - There are 4 files in /opt/airflow/dags
[2023-12-11 07:57:39,039] {manager.py:809} INFO - 
================================================================================
DAG File Processing Stats

File Path                                     PID  Runtime      # DAGs    # Errors  Last Runtime    Last Run
------------------------------------------  -----  ---------  --------  ----------  --------------  ----------
/opt/airflow/dags/dag_backfilling.py                                 0           0
/opt/airflow/dags/dag_con_catchup.py          172  0.07s             0           0
/opt/airflow/dags/dag_postgres_database.py                           0           0
/opt/airflow/dags/primer_dag.py               169  0.08s             0           0
================================================================================
[2023-12-11 07:58:09,170] {manager.py:809} INFO - 
================================================================================
DAG File Processing Stats

File Path                                   PID    Runtime      # DAGs    # Errors  Last Runtime    Last Run
------------------------------------------  -----  ---------  --------  ----------  --------------  -------------------
/opt/airflow/dags/dag_backfilling.py                                 1           0  1.73s           2023-12-11T07:58:04
/opt/airflow/dags/dag_con_catchup.py                                 1           0  1.90s           2023-12-11T07:58:03
/opt/airflow/dags/dag_postgres_database.py                           1           0  2.49s           2023-12-11T07:58:05
/opt/airflow/dags/primer_dag.py                                      1           0  1.76s           2023-12-11T07:58:02
================================================================================
[2023-12-11 07:58:39,416] {manager.py:809} INFO - 
================================================================================
DAG File Processing Stats

File Path                                   PID    Runtime      # DAGs    # Errors  Last Runtime    Last Run
------------------------------------------  -----  ---------  --------  ----------  --------------  -------------------
/opt/airflow/dags/dag_backfilling.py                                 1           0  0.25s           2023-12-11T07:58:36
/opt/airflow/dags/dag_con_catchup.py                                 1           0  0.27s           2023-12-11T07:58:35
/opt/airflow/dags/dag_postgres_database.py                           1           0  0.24s           2023-12-11T07:58:37
/opt/airflow/dags/primer_dag.py                                      1           0  0.31s           2023-12-11T07:58:35
================================================================================
[2023-12-11 07:59:09,724] {manager.py:809} INFO - 
================================================================================
DAG File Processing Stats

File Path                                     PID  Runtime      # DAGs    # Errors  Last Runtime    Last Run
------------------------------------------  -----  ---------  --------  ----------  --------------  -------------------
/opt/airflow/dags/dag_backfilling.py                                 1           0  0.33s           2023-12-11T07:59:08
/opt/airflow/dags/dag_con_catchup.py                                 1           0  0.69s           2023-12-11T07:59:07
/opt/airflow/dags/dag_postgres_database.py    344  0.75s             1           0  0.24s           2023-12-11T07:58:58
/opt/airflow/dags/primer_dag.py                                      1           0  0.68s           2023-12-11T07:59:07
================================================================================
[2023-12-11 07:59:39,775] {manager.py:809} INFO - 
================================================================================
DAG File Processing Stats

File Path                                   PID    Runtime      # DAGs    # Errors  Last Runtime    Last Run
------------------------------------------  -----  ---------  --------  ----------  --------------  -------------------
/opt/airflow/dags/dag_backfilling.py                                 1           0  1.01s           2023-12-11T07:59:33
/opt/airflow/dags/dag_con_catchup.py                                 1           0  0.55s           2023-12-11T07:59:32
/opt/airflow/dags/dag_postgres_database.py                           1           0  0.95s           2023-12-11T07:59:33
/opt/airflow/dags/primer_dag.py                                      1           0  0.48s           2023-12-11T07:59:32
================================================================================
[2023-12-11 08:00:10,691] {manager.py:809} INFO - 
================================================================================
DAG File Processing Stats

File Path                                   PID    Runtime      # DAGs    # Errors  Last Runtime    Last Run
------------------------------------------  -----  ---------  --------  ----------  --------------  -------------------
/opt/airflow/dags/dag_backfilling.py                                 1           0  0.25s           2023-12-11T08:00:05
/opt/airflow/dags/dag_con_catchup.py                                 1           0  0.26s           2023-12-11T08:00:04
/opt/airflow/dags/dag_postgres_database.py                           1           0  0.27s           2023-12-11T08:00:05
/opt/airflow/dags/primer_dag.py                                      1           0  0.28s           2023-12-11T08:00:04
================================================================================
[2023-12-11 08:00:41,177] {manager.py:809} INFO - 
================================================================================
DAG File Processing Stats

File Path                                   PID    Runtime      # DAGs    # Errors  Last Runtime    Last Run
------------------------------------------  -----  ---------  --------  ----------  --------------  -------------------
/opt/airflow/dags/dag_backfilling.py                                 1           0  0.48s           2023-12-11T08:00:38
/opt/airflow/dags/dag_con_catchup.py                                 1           0  0.57s           2023-12-11T08:00:36
/opt/airflow/dags/dag_postgres_database.py                           1           0  0.53s           2023-12-11T08:00:38
/opt/airflow/dags/primer_dag.py                                      1           0  0.64s           2023-12-11T08:00:36
================================================================================
[2023-12-11 08:01:11,943] {manager.py:809} INFO - 
================================================================================
DAG File Processing Stats

File Path                                   PID    Runtime      # DAGs    # Errors  Last Runtime    Last Run
------------------------------------------  -----  ---------  --------  ----------  --------------  -------------------
/opt/airflow/dags/dag_backfilling.py                                 1           0  0.24s           2023-12-11T08:01:09
/opt/airflow/dags/dag_con_catchup.py                                 1           0  0.32s           2023-12-11T08:01:08
/opt/airflow/dags/dag_postgres_database.py                           1           0  0.24s           2023-12-11T08:01:09
/opt/airflow/dags/primer_dag.py                                      1           0  0.34s           2023-12-11T08:01:08
================================================================================
[2023-12-11 08:01:42,076] {manager.py:809} INFO - 
================================================================================
DAG File Processing Stats

File Path                                     PID  Runtime      # DAGs    # Errors  Last Runtime    Last Run
------------------------------------------  -----  ---------  --------  ----------  --------------  -------------------
/opt/airflow/dags/dag_backfilling.py          633  0.01s             1           0  0.34s           2023-12-11T08:01:31
/opt/airflow/dags/dag_con_catchup.py                                 1           0  0.27s           2023-12-11T08:01:41
/opt/airflow/dags/dag_postgres_database.py    636  0.01s             1           0  0.34s           2023-12-11T08:01:31
/opt/airflow/dags/primer_dag.py                                      1           0  0.27s           2023-12-11T08:01:41
================================================================================
[2023-12-11 08:02:12,589] {manager.py:809} INFO - 
================================================================================
DAG File Processing Stats

File Path                                     PID  Runtime      # DAGs    # Errors  Last Runtime    Last Run
------------------------------------------  -----  ---------  --------  ----------  --------------  -------------------
/opt/airflow/dags/dag_backfilling.py                                 1           0  0.24s           2023-12-11T08:02:03
/opt/airflow/dags/dag_con_catchup.py          685  0.01s             1           0  0.25s           2023-12-11T08:02:02
/opt/airflow/dags/dag_postgres_database.py                           1           0  0.25s           2023-12-11T08:02:03
/opt/airflow/dags/primer_dag.py               683  0.02s             1           0  0.25s           2023-12-11T08:02:02
================================================================================
[2023-12-11 08:02:39,147] {manager.py:690} INFO - Searching for files in /opt/airflow/dags
[2023-12-11 08:02:39,318] {manager.py:693} INFO - There are 4 files in /opt/airflow/dags
[2023-12-11 08:02:43,410] {manager.py:809} INFO - 
================================================================================
DAG File Processing Stats

File Path                                   PID    Runtime      # DAGs    # Errors  Last Runtime    Last Run
------------------------------------------  -----  ---------  --------  ----------  --------------  -------------------
/opt/airflow/dags/dag_backfilling.py                                 1           0  0.25s           2023-12-11T08:02:35
/opt/airflow/dags/dag_con_catchup.py                                 1           0  0.30s           2023-12-11T08:02:33
/opt/airflow/dags/dag_postgres_database.py                           1           0  0.26s           2023-12-11T08:02:35
/opt/airflow/dags/primer_dag.py                                      1           0  0.28s           2023-12-11T08:02:33
================================================================================
[2023-12-11 08:03:13,919] {manager.py:809} INFO - 
================================================================================
DAG File Processing Stats

File Path                                   PID    Runtime      # DAGs    # Errors  Last Runtime    Last Run
------------------------------------------  -----  ---------  --------  ----------  --------------  -------------------
/opt/airflow/dags/dag_backfilling.py                                 1           0  0.23s           2023-12-11T08:03:06
/opt/airflow/dags/dag_con_catchup.py                                 1           0  0.21s           2023-12-11T08:03:05
/opt/airflow/dags/dag_postgres_database.py                           1           0  0.23s           2023-12-11T08:03:06
/opt/airflow/dags/primer_dag.py                                      1           0  0.22s           2023-12-11T08:03:05
================================================================================
[2023-12-11 08:03:44,460] {manager.py:809} INFO - 
================================================================================
DAG File Processing Stats

File Path                                   PID    Runtime      # DAGs    # Errors  Last Runtime    Last Run
------------------------------------------  -----  ---------  --------  ----------  --------------  -------------------
/opt/airflow/dags/dag_backfilling.py                                 1           0  0.28s           2023-12-11T08:03:38
/opt/airflow/dags/dag_con_catchup.py                                 1           0  0.35s           2023-12-11T08:03:37
/opt/airflow/dags/dag_postgres_database.py                           1           0  0.27s           2023-12-11T08:03:38
/opt/airflow/dags/primer_dag.py                                      1           0  0.38s           2023-12-11T08:03:37
================================================================================
[2023-12-11 08:04:14,906] {manager.py:809} INFO - 
================================================================================
DAG File Processing Stats

File Path                                   PID    Runtime      # DAGs    # Errors  Last Runtime    Last Run
------------------------------------------  -----  ---------  --------  ----------  --------------  -------------------
/opt/airflow/dags/dag_backfilling.py                                 1           0  0.24s           2023-12-11T08:04:09
/opt/airflow/dags/dag_con_catchup.py                                 1           0  0.23s           2023-12-11T08:04:08
/opt/airflow/dags/dag_postgres_database.py                           1           0  0.24s           2023-12-11T08:04:09
/opt/airflow/dags/primer_dag.py                                      1           0  0.23s           2023-12-11T08:04:08
================================================================================
[2023-12-11 08:04:45,587] {manager.py:809} INFO - 
================================================================================
DAG File Processing Stats

File Path                                     PID  Runtime      # DAGs    # Errors  Last Runtime    Last Run
------------------------------------------  -----  ---------  --------  ----------  --------------  -------------------
/opt/airflow/dags/dag_backfilling.py                                 1           0  2.32s           2023-12-11T08:04:36
/opt/airflow/dags/dag_con_catchup.py                                 1           0  0.91s           2023-12-11T08:04:45
/opt/airflow/dags/dag_postgres_database.py                           1           0  1.60s           2023-12-11T08:04:36
/opt/airflow/dags/primer_dag.py               987  0.94s             1           0  3.95s           2023-12-11T08:04:34
================================================================================
[2023-12-11 08:05:15,706] {manager.py:809} INFO - 
================================================================================
DAG File Processing Stats

File Path                                   PID    Runtime      # DAGs    # Errors  Last Runtime    Last Run
------------------------------------------  -----  ---------  --------  ----------  --------------  -------------------
/opt/airflow/dags/dag_backfilling.py                                 1           0  0.27s           2023-12-11T08:05:07
/opt/airflow/dags/dag_con_catchup.py                                 1           0  0.28s           2023-12-11T08:05:06
/opt/airflow/dags/dag_postgres_database.py                           1           0  0.26s           2023-12-11T08:05:07
/opt/airflow/dags/primer_dag.py                                      1           0  0.30s           2023-12-11T08:05:06
================================================================================
[2023-12-11 08:05:46,140] {manager.py:809} INFO - 
================================================================================
DAG File Processing Stats

File Path                                   PID    Runtime      # DAGs    # Errors  Last Runtime    Last Run
------------------------------------------  -----  ---------  --------  ----------  --------------  -------------------
/opt/airflow/dags/dag_backfilling.py                                 1           0  0.23s           2023-12-11T08:05:41
/opt/airflow/dags/dag_con_catchup.py                                 1           0  0.64s           2023-12-11T08:05:39
/opt/airflow/dags/dag_postgres_database.py                           1           0  0.24s           2023-12-11T08:05:41
/opt/airflow/dags/primer_dag.py                                      1           0  0.58s           2023-12-11T08:05:38
================================================================================
[2023-12-11 08:06:16,555] {manager.py:809} INFO - 
================================================================================
DAG File Processing Stats

File Path                                   PID    Runtime      # DAGs    # Errors  Last Runtime    Last Run
------------------------------------------  -----  ---------  --------  ----------  --------------  -------------------
/opt/airflow/dags/dag_backfilling.py                                 1           0  0.36s           2023-12-11T08:06:12
/opt/airflow/dags/dag_con_catchup.py                                 1           0  0.22s           2023-12-11T08:06:10
/opt/airflow/dags/dag_postgres_database.py                           1           0  0.38s           2023-12-11T08:06:12
/opt/airflow/dags/primer_dag.py                                      1           0  0.23s           2023-12-11T08:06:10
================================================================================
[2023-12-11 08:06:46,919] {manager.py:809} INFO - 
================================================================================
DAG File Processing Stats

File Path                                   PID    Runtime      # DAGs    # Errors  Last Runtime    Last Run
------------------------------------------  -----  ---------  --------  ----------  --------------  -------------------
/opt/airflow/dags/dag_backfilling.py                                 1           0  0.60s           2023-12-11T08:06:44
/opt/airflow/dags/dag_con_catchup.py                                 1           0  0.21s           2023-12-11T08:06:41
/opt/airflow/dags/dag_postgres_database.py                           1           0  0.55s           2023-12-11T08:06:44
/opt/airflow/dags/primer_dag.py                                      1           0  0.22s           2023-12-11T08:06:41
================================================================================
[2023-12-11 08:07:17,258] {manager.py:809} INFO - 
================================================================================
DAG File Processing Stats

File Path                                   PID    Runtime      # DAGs    # Errors  Last Runtime    Last Run
------------------------------------------  -----  ---------  --------  ----------  --------------  -------------------
/opt/airflow/dags/dag_backfilling.py                                 1           0  0.24s           2023-12-11T08:07:16
/opt/airflow/dags/dag_con_catchup.py                                 1           0  0.22s           2023-12-11T08:07:13
/opt/airflow/dags/dag_postgres_database.py                           1           0  0.26s           2023-12-11T08:07:16
/opt/airflow/dags/primer_dag.py                                      1           0  0.22s           2023-12-11T08:07:13
================================================================================
[2023-12-11 08:07:39,899] {manager.py:690} INFO - Searching for files in /opt/airflow/dags
[2023-12-11 08:07:40,030] {manager.py:693} INFO - There are 4 files in /opt/airflow/dags
[2023-12-11 08:07:47,720] {manager.py:809} INFO - 
================================================================================
DAG File Processing Stats

File Path                                     PID  Runtime      # DAGs    # Errors  Last Runtime    Last Run
------------------------------------------  -----  ---------  --------  ----------  --------------  -------------------
/opt/airflow/dags/dag_backfilling.py         1340  0.03s             1           0  0.22s           2023-12-11T08:07:37
/opt/airflow/dags/dag_con_catchup.py                                 1           0  0.39s           2023-12-11T08:07:44
/opt/airflow/dags/dag_postgres_database.py   1337  0.04s             1           0  0.23s           2023-12-11T08:07:37
/opt/airflow/dags/primer_dag.py                                      1           0  0.39s           2023-12-11T08:07:44
================================================================================
[2023-12-11 08:08:18,285] {manager.py:809} INFO - 
================================================================================
DAG File Processing Stats

File Path                                   PID    Runtime      # DAGs    # Errors  Last Runtime    Last Run
------------------------------------------  -----  ---------  --------  ----------  --------------  -------------------
/opt/airflow/dags/dag_backfilling.py                                 1           0  0.24s           2023-12-11T08:08:09
/opt/airflow/dags/dag_con_catchup.py                                 1           0  0.28s           2023-12-11T08:08:16
/opt/airflow/dags/dag_postgres_database.py                           1           0  0.26s           2023-12-11T08:08:09
/opt/airflow/dags/primer_dag.py                                      1           0  0.30s           2023-12-11T08:08:16
================================================================================
[2023-12-11 08:08:49,140] {manager.py:809} INFO - 
================================================================================
DAG File Processing Stats

File Path                                   PID    Runtime      # DAGs    # Errors  Last Runtime    Last Run
------------------------------------------  -----  ---------  --------  ----------  --------------  -------------------
/opt/airflow/dags/dag_backfilling.py                                 1           0  0.22s           2023-12-11T08:08:40
/opt/airflow/dags/dag_con_catchup.py                                 1           0  0.23s           2023-12-11T08:08:48
/opt/airflow/dags/dag_postgres_database.py                           1           0  0.22s           2023-12-11T08:08:40
/opt/airflow/dags/primer_dag.py                                      1           0  0.25s           2023-12-11T08:08:48
================================================================================
[2023-12-11 08:09:19,205] {manager.py:809} INFO - 
================================================================================
DAG File Processing Stats

File Path                                     PID  Runtime      # DAGs    # Errors  Last Runtime    Last Run
------------------------------------------  -----  ---------  --------  ----------  --------------  -------------------
/opt/airflow/dags/dag_backfilling.py                                 1           0  0.22s           2023-12-11T08:09:12
/opt/airflow/dags/dag_con_catchup.py         1510  0.21s             1           0  0.21s           2023-12-11T08:09:08
/opt/airflow/dags/dag_postgres_database.py                           1           0  0.24s           2023-12-11T08:09:12
/opt/airflow/dags/primer_dag.py              1507  0.22s             1           0  0.22s           2023-12-11T08:09:08
================================================================================
[2023-12-11 08:09:49,719] {manager.py:809} INFO - 
================================================================================
DAG File Processing Stats

File Path                                   PID    Runtime      # DAGs    # Errors  Last Runtime    Last Run
------------------------------------------  -----  ---------  --------  ----------  --------------  -------------------
/opt/airflow/dags/dag_backfilling.py                                 1           0  0.28s           2023-12-11T08:09:43
/opt/airflow/dags/dag_con_catchup.py                                 1           0  0.23s           2023-12-11T08:09:40
/opt/airflow/dags/dag_postgres_database.py                           1           0  0.30s           2023-12-11T08:09:43
/opt/airflow/dags/primer_dag.py                                      1           0  0.25s           2023-12-11T08:09:40
================================================================================
[2023-12-11 08:10:19,824] {manager.py:809} INFO - 
================================================================================
DAG File Processing Stats

File Path                                   PID    Runtime      # DAGs    # Errors  Last Runtime    Last Run
------------------------------------------  -----  ---------  --------  ----------  --------------  -------------------
/opt/airflow/dags/dag_backfilling.py                                 1           0  0.25s           2023-12-11T08:10:14
/opt/airflow/dags/dag_con_catchup.py                                 1           0  0.24s           2023-12-11T08:10:11
/opt/airflow/dags/dag_postgres_database.py                           1           0  0.27s           2023-12-11T08:10:14
/opt/airflow/dags/primer_dag.py                                      1           0  0.24s           2023-12-11T08:10:11
================================================================================
[2023-12-11 08:10:50,218] {manager.py:809} INFO - 
================================================================================
DAG File Processing Stats

File Path                                   PID    Runtime      # DAGs    # Errors  Last Runtime    Last Run
------------------------------------------  -----  ---------  --------  ----------  --------------  -------------------
/opt/airflow/dags/dag_backfilling.py                                 1           0  1.31s           2023-12-11T08:10:48
/opt/airflow/dags/dag_con_catchup.py                                 1           0  0.20s           2023-12-11T08:10:44
/opt/airflow/dags/dag_postgres_database.py                           1           0  1.35s           2023-12-11T08:10:48
/opt/airflow/dags/primer_dag.py                                      1           0  0.20s           2023-12-11T08:10:44
================================================================================
[2023-12-11 08:11:20,282] {manager.py:809} INFO - 
================================================================================
DAG File Processing Stats

File Path                                   PID    Runtime      # DAGs    # Errors  Last Runtime    Last Run
------------------------------------------  -----  ---------  --------  ----------  --------------  -------------------
/opt/airflow/dags/dag_backfilling.py                                 1           0  0.34s           2023-12-11T08:11:19
/opt/airflow/dags/dag_con_catchup.py                                 1           0  0.25s           2023-12-11T08:11:17
/opt/airflow/dags/dag_postgres_database.py                           1           0  0.39s           2023-12-11T08:11:19
/opt/airflow/dags/primer_dag.py                                      1           0  0.25s           2023-12-11T08:11:17
================================================================================
[2023-12-11 08:11:50,375] {manager.py:809} INFO - 
================================================================================
DAG File Processing Stats

File Path                                   PID    Runtime      # DAGs    # Errors  Last Runtime    Last Run
------------------------------------------  -----  ---------  --------  ----------  --------------  -------------------
/opt/airflow/dags/dag_backfilling.py                                 1           0  0.33s           2023-12-11T08:11:40
/opt/airflow/dags/dag_con_catchup.py                                 1           0  0.29s           2023-12-11T08:11:49
/opt/airflow/dags/dag_postgres_database.py                           1           0  0.32s           2023-12-11T08:11:40
/opt/airflow/dags/primer_dag.py                                      1           0  0.29s           2023-12-11T08:11:49
================================================================================
[2023-12-11 08:12:20,414] {manager.py:809} INFO - 
================================================================================
DAG File Processing Stats

File Path                                     PID  Runtime      # DAGs    # Errors  Last Runtime    Last Run
------------------------------------------  -----  ---------  --------  ----------  --------------  -------------------
/opt/airflow/dags/dag_backfilling.py                                 1           0  0.22s           2023-12-11T08:12:12
/opt/airflow/dags/dag_con_catchup.py         1861  0.01s             1           0  0.29s           2023-12-11T08:12:10
/opt/airflow/dags/dag_postgres_database.py                           1           0  0.24s           2023-12-11T08:12:12
/opt/airflow/dags/primer_dag.py              1859  0.02s             1           0  0.29s           2023-12-11T08:12:10
================================================================================
[2023-12-11 08:12:39,994] {manager.py:690} INFO - Searching for files in /opt/airflow/dags
[2023-12-11 08:12:40,132] {manager.py:693} INFO - There are 4 files in /opt/airflow/dags
[2023-12-11 08:12:50,631] {manager.py:809} INFO - 
================================================================================
DAG File Processing Stats

File Path                                   PID    Runtime      # DAGs    # Errors  Last Runtime    Last Run
------------------------------------------  -----  ---------  --------  ----------  --------------  -------------------
/opt/airflow/dags/dag_backfilling.py                                 1           0  0.30s           2023-12-11T08:12:44
/opt/airflow/dags/dag_con_catchup.py                                 1           0  0.69s           2023-12-11T08:12:42
/opt/airflow/dags/dag_postgres_database.py                           1           0  0.32s           2023-12-11T08:12:44
/opt/airflow/dags/primer_dag.py                                      1           0  0.71s           2023-12-11T08:12:42
================================================================================
[2023-12-11 08:13:20,992] {manager.py:809} INFO - 
================================================================================
DAG File Processing Stats

File Path                                   PID    Runtime      # DAGs    # Errors  Last Runtime    Last Run
------------------------------------------  -----  ---------  --------  ----------  --------------  -------------------
/opt/airflow/dags/dag_backfilling.py                                 1           0  0.24s           2023-12-11T08:13:16
/opt/airflow/dags/dag_con_catchup.py                                 1           0  0.21s           2023-12-11T08:13:13
/opt/airflow/dags/dag_postgres_database.py                           1           0  0.25s           2023-12-11T08:13:16
/opt/airflow/dags/primer_dag.py                                      1           0  0.21s           2023-12-11T08:13:13
================================================================================
[2023-12-11 08:13:51,454] {manager.py:809} INFO - 
================================================================================
DAG File Processing Stats

File Path                                   PID    Runtime      # DAGs    # Errors  Last Runtime    Last Run
------------------------------------------  -----  ---------  --------  ----------  --------------  -------------------
/opt/airflow/dags/dag_backfilling.py                                 1           0  0.24s           2023-12-11T08:13:47
/opt/airflow/dags/dag_con_catchup.py                                 1           0  0.25s           2023-12-11T08:13:45
/opt/airflow/dags/dag_postgres_database.py                           1           0  0.26s           2023-12-11T08:13:47
/opt/airflow/dags/primer_dag.py                                      1           0  0.27s           2023-12-11T08:13:45
================================================================================
[2023-12-11 08:14:21,466] {manager.py:809} INFO - 
================================================================================
DAG File Processing Stats

File Path                                   PID    Runtime      # DAGs    # Errors  Last Runtime    Last Run
------------------------------------------  -----  ---------  --------  ----------  --------------  -------------------
/opt/airflow/dags/dag_backfilling.py                                 1           0  0.26s           2023-12-11T08:14:18
/opt/airflow/dags/dag_con_catchup.py                                 1           0  0.35s           2023-12-11T08:14:16
/opt/airflow/dags/dag_postgres_database.py                           1           0  0.26s           2023-12-11T08:14:18
/opt/airflow/dags/primer_dag.py                                      1           0  0.36s           2023-12-11T08:14:16
================================================================================
[2023-12-11 08:14:51,616] {manager.py:809} INFO - 
================================================================================
DAG File Processing Stats

File Path                                   PID    Runtime      # DAGs    # Errors  Last Runtime    Last Run
------------------------------------------  -----  ---------  --------  ----------  --------------  -------------------
/opt/airflow/dags/dag_backfilling.py                                 1           0  0.28s           2023-12-11T08:14:50
/opt/airflow/dags/dag_con_catchup.py                                 1           0  0.39s           2023-12-11T08:14:48
/opt/airflow/dags/dag_postgres_database.py                           1           0  0.31s           2023-12-11T08:14:50
/opt/airflow/dags/primer_dag.py                                      1           0  0.37s           2023-12-11T08:14:48
================================================================================
[2023-12-11 08:15:21,995] {manager.py:809} INFO - 
================================================================================
DAG File Processing Stats

File Path                                   PID    Runtime      # DAGs    # Errors  Last Runtime    Last Run
------------------------------------------  -----  ---------  --------  ----------  --------------  -------------------
/opt/airflow/dags/dag_backfilling.py                                 1           0  0.39s           2023-12-11T08:15:12
/opt/airflow/dags/dag_con_catchup.py                                 1           0  0.39s           2023-12-11T08:15:20
/opt/airflow/dags/dag_postgres_database.py                           1           0  0.37s           2023-12-11T08:15:12
/opt/airflow/dags/primer_dag.py                                      1           0  0.41s           2023-12-11T08:15:20
================================================================================
[2023-12-11 08:15:52,153] {manager.py:809} INFO - 
================================================================================
DAG File Processing Stats

File Path                                   PID    Runtime      # DAGs    # Errors  Last Runtime    Last Run
------------------------------------------  -----  ---------  --------  ----------  --------------  -------------------
/opt/airflow/dags/dag_backfilling.py                                 1           0  0.58s           2023-12-11T08:15:45
/opt/airflow/dags/dag_con_catchup.py                                 1           0  0.53s           2023-12-11T08:15:43
/opt/airflow/dags/dag_postgres_database.py                           1           0  0.72s           2023-12-11T08:15:45
/opt/airflow/dags/primer_dag.py                                      1           0  0.62s           2023-12-11T08:15:43
================================================================================
[2023-12-11 08:16:22,466] {manager.py:809} INFO - 
================================================================================
DAG File Processing Stats

File Path                                   PID    Runtime      # DAGs    # Errors  Last Runtime    Last Run
------------------------------------------  -----  ---------  --------  ----------  --------------  -------------------
/opt/airflow/dags/dag_backfilling.py                                 1           0  0.44s           2023-12-11T08:16:17
/opt/airflow/dags/dag_con_catchup.py                                 1           0  0.34s           2023-12-11T08:16:15
/opt/airflow/dags/dag_postgres_database.py                           1           0  0.41s           2023-12-11T08:16:17
/opt/airflow/dags/primer_dag.py                                      1           0  0.23s           2023-12-11T08:16:16
================================================================================
[2023-12-11 08:16:53,337] {manager.py:809} INFO - 
================================================================================
DAG File Processing Stats

File Path                                   PID    Runtime      # DAGs    # Errors  Last Runtime    Last Run
------------------------------------------  -----  ---------  --------  ----------  --------------  -------------------
/opt/airflow/dags/dag_backfilling.py                                 1           0  0.43s           2023-12-11T08:16:49
/opt/airflow/dags/dag_con_catchup.py                                 1           0  0.97s           2023-12-11T08:16:48
/opt/airflow/dags/dag_postgres_database.py                           1           0  0.50s           2023-12-11T08:16:49
/opt/airflow/dags/primer_dag.py                                      1           0  1.07s           2023-12-11T08:16:48
================================================================================
[2023-12-11 08:17:23,911] {manager.py:809} INFO - 
================================================================================
DAG File Processing Stats

File Path                                   PID    Runtime      # DAGs    # Errors  Last Runtime    Last Run
------------------------------------------  -----  ---------  --------  ----------  --------------  -------------------
/opt/airflow/dags/dag_backfilling.py                                 1           0  0.22s           2023-12-11T08:17:22
/opt/airflow/dags/dag_con_catchup.py                                 1           0  0.19s           2023-12-11T08:17:21
/opt/airflow/dags/dag_postgres_database.py                           1           0  0.24s           2023-12-11T08:17:21
/opt/airflow/dags/primer_dag.py                                      1           0  0.23s           2023-12-11T08:17:21
================================================================================
[2023-12-11 08:17:40,499] {manager.py:690} INFO - Searching for files in /opt/airflow/dags
[2023-12-11 08:17:40,611] {manager.py:693} INFO - There are 4 files in /opt/airflow/dags
[2023-12-11 08:17:54,073] {manager.py:809} INFO - 
================================================================================
DAG File Processing Stats

File Path                                   PID    Runtime      # DAGs    # Errors  Last Runtime    Last Run
------------------------------------------  -----  ---------  --------  ----------  --------------  -------------------
/opt/airflow/dags/dag_backfilling.py                                 1           0  0.18s           2023-12-11T08:17:54
/opt/airflow/dags/dag_con_catchup.py                                 1           0  0.33s           2023-12-11T08:17:53
/opt/airflow/dags/dag_postgres_database.py                           1           0  0.23s           2023-12-11T08:17:53
/opt/airflow/dags/primer_dag.py                                      1           0  0.24s           2023-12-11T08:17:53
================================================================================
[2023-12-11 08:18:24,154] {manager.py:809} INFO - 
================================================================================
DAG File Processing Stats

File Path                                   PID    Runtime      # DAGs    # Errors  Last Runtime    Last Run
------------------------------------------  -----  ---------  --------  ----------  --------------  -------------------
/opt/airflow/dags/dag_backfilling.py                                 1           0  0.18s           2023-12-11T08:18:15
/opt/airflow/dags/dag_con_catchup.py                                 1           0  0.17s           2023-12-11T08:18:15
/opt/airflow/dags/dag_postgres_database.py                           1           0  0.24s           2023-12-11T08:18:14
/opt/airflow/dags/primer_dag.py                                      1           0  0.22s           2023-12-11T08:18:14
================================================================================
[2023-12-11 08:18:54,467] {manager.py:809} INFO - 
================================================================================
DAG File Processing Stats

File Path                                   PID    Runtime      # DAGs    # Errors  Last Runtime    Last Run
------------------------------------------  -----  ---------  --------  ----------  --------------  -------------------
/opt/airflow/dags/dag_backfilling.py                                 1           0  0.32s           2023-12-11T08:18:47
/opt/airflow/dags/dag_con_catchup.py                                 1           0  0.29s           2023-12-11T08:18:47
/opt/airflow/dags/dag_postgres_database.py                           1           0  0.36s           2023-12-11T08:18:46
/opt/airflow/dags/primer_dag.py                                      1           0  0.33s           2023-12-11T08:18:46
================================================================================
[2023-12-11 08:19:24,877] {manager.py:809} INFO - 
================================================================================
DAG File Processing Stats

File Path                                   PID    Runtime      # DAGs    # Errors  Last Runtime    Last Run
------------------------------------------  -----  ---------  --------  ----------  --------------  -------------------
/opt/airflow/dags/dag_backfilling.py                                 1           0  0.23s           2023-12-11T08:19:20
/opt/airflow/dags/dag_con_catchup.py                                 1           0  0.24s           2023-12-11T08:19:19
/opt/airflow/dags/dag_postgres_database.py                           1           0  0.21s           2023-12-11T08:19:19
/opt/airflow/dags/primer_dag.py                                      1           0  0.19s           2023-12-11T08:19:19
================================================================================
[2023-12-11 08:19:55,048] {manager.py:809} INFO - 
================================================================================
DAG File Processing Stats

File Path                                   PID    Runtime      # DAGs    # Errors  Last Runtime    Last Run
------------------------------------------  -----  ---------  --------  ----------  --------------  -------------------
/opt/airflow/dags/dag_backfilling.py                                 1           0  0.20s           2023-12-11T08:19:51
/opt/airflow/dags/dag_con_catchup.py                                 1           0  0.45s           2023-12-11T08:19:51
/opt/airflow/dags/dag_postgres_database.py                           1           0  0.29s           2023-12-11T08:19:51
/opt/airflow/dags/primer_dag.py                                      1           0  0.28s           2023-12-11T08:19:51
================================================================================
[2023-12-11 08:20:25,911] {manager.py:809} INFO - 
================================================================================
DAG File Processing Stats

File Path                                   PID    Runtime      # DAGs    # Errors  Last Runtime    Last Run
------------------------------------------  -----  ---------  --------  ----------  --------------  -------------------
/opt/airflow/dags/dag_backfilling.py                                 1           0  0.30s           2023-12-11T08:20:23
/opt/airflow/dags/dag_con_catchup.py                                 1           0  0.30s           2023-12-11T08:20:23
/opt/airflow/dags/dag_postgres_database.py                           1           0  0.30s           2023-12-11T08:20:23
/opt/airflow/dags/primer_dag.py                                      1           0  0.27s           2023-12-11T08:20:23
================================================================================
[2023-12-11 08:20:56,487] {manager.py:809} INFO - 
================================================================================
DAG File Processing Stats

File Path                                     PID  Runtime      # DAGs    # Errors  Last Runtime    Last Run
------------------------------------------  -----  ---------  --------  ----------  --------------  -------------------
/opt/airflow/dags/dag_backfilling.py         2832  0.01s             1           0  0.51s           2023-12-11T08:20:45
/opt/airflow/dags/dag_con_catchup.py         2829  0.01s             1           0  0.53s           2023-12-11T08:20:45
/opt/airflow/dags/dag_postgres_database.py                           1           0  0.24s           2023-12-11T08:20:55
/opt/airflow/dags/primer_dag.py                                      1           0  0.25s           2023-12-11T08:20:55
================================================================================
[2023-12-11 08:21:26,999] {manager.py:809} INFO - 
================================================================================
DAG File Processing Stats

File Path                                     PID  Runtime      # DAGs    # Errors  Last Runtime    Last Run
------------------------------------------  -----  ---------  --------  ----------  --------------  -------------------
/opt/airflow/dags/dag_backfilling.py                                 1           0  0.36s           2023-12-11T08:21:17
/opt/airflow/dags/dag_con_catchup.py                                 1           0  0.35s           2023-12-11T08:21:17
/opt/airflow/dags/dag_postgres_database.py   2879  0.02s             1           0  0.22s           2023-12-11T08:21:16
/opt/airflow/dags/primer_dag.py              2882  0.01s             1           0  0.22s           2023-12-11T08:21:16
================================================================================
[2023-12-11 08:21:57,408] {manager.py:809} INFO - 
================================================================================
DAG File Processing Stats

File Path                                   PID    Runtime      # DAGs    # Errors  Last Runtime    Last Run
------------------------------------------  -----  ---------  --------  ----------  --------------  -------------------
/opt/airflow/dags/dag_backfilling.py                                 1           0  0.21s           2023-12-11T08:21:49
/opt/airflow/dags/dag_con_catchup.py                                 1           0  0.20s           2023-12-11T08:21:49
/opt/airflow/dags/dag_postgres_database.py                           1           0  0.20s           2023-12-11T08:21:47
/opt/airflow/dags/primer_dag.py                                      1           0  0.20s           2023-12-11T08:21:47
================================================================================
[2023-12-11 08:22:28,302] {manager.py:809} INFO - 
================================================================================
DAG File Processing Stats

File Path                                   PID    Runtime      # DAGs    # Errors  Last Runtime    Last Run
------------------------------------------  -----  ---------  --------  ----------  --------------  -------------------
/opt/airflow/dags/dag_backfilling.py                                 1           0  0.25s           2023-12-11T08:22:21
/opt/airflow/dags/dag_con_catchup.py                                 1           0  0.25s           2023-12-11T08:22:21
/opt/airflow/dags/dag_postgres_database.py                           1           0  0.29s           2023-12-11T08:22:20
/opt/airflow/dags/primer_dag.py                                      1           0  0.28s           2023-12-11T08:22:20
================================================================================
[2023-12-11 08:22:40,715] {manager.py:690} INFO - Searching for files in /opt/airflow/dags
[2023-12-11 08:22:40,821] {manager.py:693} INFO - There are 4 files in /opt/airflow/dags
[2023-12-11 08:22:58,647] {manager.py:809} INFO - 
================================================================================
DAG File Processing Stats

File Path                                   PID    Runtime      # DAGs    # Errors  Last Runtime    Last Run
------------------------------------------  -----  ---------  --------  ----------  --------------  -------------------
/opt/airflow/dags/dag_backfilling.py                                 1           0  0.25s           2023-12-11T08:22:52
/opt/airflow/dags/dag_con_catchup.py                                 1           0  0.26s           2023-12-11T08:22:52
/opt/airflow/dags/dag_postgres_database.py                           1           0  0.26s           2023-12-11T08:22:51
/opt/airflow/dags/primer_dag.py                                      1           0  0.26s           2023-12-11T08:22:51
================================================================================
[2023-12-11 08:23:28,766] {manager.py:809} INFO - 
================================================================================
DAG File Processing Stats

File Path                                   PID    Runtime      # DAGs    # Errors  Last Runtime    Last Run
------------------------------------------  -----  ---------  --------  ----------  --------------  -------------------
/opt/airflow/dags/dag_backfilling.py                                 1           0  0.36s           2023-12-11T08:23:24
/opt/airflow/dags/dag_con_catchup.py                                 1           0  0.36s           2023-12-11T08:23:24
/opt/airflow/dags/dag_postgres_database.py                           1           0  0.28s           2023-12-11T08:23:23
/opt/airflow/dags/primer_dag.py                                      1           0  0.26s           2023-12-11T08:23:23
================================================================================
[2023-12-11 08:23:59,310] {manager.py:809} INFO - 
================================================================================
DAG File Processing Stats

File Path                                   PID    Runtime      # DAGs    # Errors  Last Runtime    Last Run
------------------------------------------  -----  ---------  --------  ----------  --------------  -------------------
/opt/airflow/dags/dag_backfilling.py                                 1           0  0.20s           2023-12-11T08:23:56
/opt/airflow/dags/dag_con_catchup.py                                 1           0  0.20s           2023-12-11T08:23:56
/opt/airflow/dags/dag_postgres_database.py                           1           0  0.32s           2023-12-11T08:23:55
/opt/airflow/dags/primer_dag.py                                      1           0  0.32s           2023-12-11T08:23:55
================================================================================
[2023-12-11 08:24:29,807] {manager.py:809} INFO - 
================================================================================
DAG File Processing Stats

File Path                                   PID    Runtime      # DAGs    # Errors  Last Runtime    Last Run
------------------------------------------  -----  ---------  --------  ----------  --------------  -------------------
/opt/airflow/dags/dag_backfilling.py                                 1           0  4.15s           2023-12-11T08:24:23
/opt/airflow/dags/dag_con_catchup.py                                 1           0  4.26s           2023-12-11T08:24:23
/opt/airflow/dags/dag_postgres_database.py                           1           0  0.57s           2023-12-11T08:24:28
/opt/airflow/dags/primer_dag.py                                      1           0  1.10s           2023-12-11T08:24:28
================================================================================
[2023-12-11 08:25:00,681] {manager.py:809} INFO - 
================================================================================
DAG File Processing Stats

File Path                                     PID  Runtime      # DAGs    # Errors  Last Runtime    Last Run
------------------------------------------  -----  ---------  --------  ----------  --------------  -------------------
/opt/airflow/dags/dag_backfilling.py                                 1           0  0.22s           2023-12-11T08:24:55
/opt/airflow/dags/dag_con_catchup.py                                 1           0  0.22s           2023-12-11T08:24:55
/opt/airflow/dags/dag_postgres_database.py   3342  0.01s             1           0  0.22s           2023-12-11T08:24:50
/opt/airflow/dags/primer_dag.py              3345  0.01s             1           0  0.22s           2023-12-11T08:24:50
================================================================================
[2023-12-11 08:25:31,017] {manager.py:809} INFO - 
================================================================================
DAG File Processing Stats

File Path                                   PID    Runtime      # DAGs    # Errors  Last Runtime    Last Run
------------------------------------------  -----  ---------  --------  ----------  --------------  -------------------
/opt/airflow/dags/dag_backfilling.py                                 1           0  1.32s           2023-12-11T08:25:28
/opt/airflow/dags/dag_con_catchup.py                                 1           0  1.29s           2023-12-11T08:25:28
/opt/airflow/dags/dag_postgres_database.py                           1           0  0.29s           2023-12-11T08:25:21
/opt/airflow/dags/primer_dag.py                                      1           0  0.29s           2023-12-11T08:25:21
================================================================================
[2023-12-11 08:26:01,029] {manager.py:809} INFO - 
================================================================================
DAG File Processing Stats

File Path                                   PID    Runtime      # DAGs    # Errors  Last Runtime    Last Run
------------------------------------------  -----  ---------  --------  ----------  --------------  -------------------
/opt/airflow/dags/dag_backfilling.py                                 1           0  0.26s           2023-12-11T08:25:59
/opt/airflow/dags/dag_con_catchup.py                                 1           0  0.28s           2023-12-11T08:26:00
/opt/airflow/dags/dag_postgres_database.py                           1           0  0.23s           2023-12-11T08:25:53
/opt/airflow/dags/primer_dag.py                                      1           0  0.24s           2023-12-11T08:25:53
================================================================================
[2023-12-11 08:26:31,751] {manager.py:809} INFO - 
================================================================================
DAG File Processing Stats

File Path                                     PID  Runtime      # DAGs    # Errors  Last Runtime    Last Run
------------------------------------------  -----  ---------  --------  ----------  --------------  -------------------
/opt/airflow/dags/dag_backfilling.py         3515  0.01s             1           0  0.30s           2023-12-11T08:26:21
/opt/airflow/dags/dag_con_catchup.py         3512  0.02s             1           0  0.30s           2023-12-11T08:26:21
/opt/airflow/dags/dag_postgres_database.py                           1           0  0.33s           2023-12-11T08:26:25
/opt/airflow/dags/primer_dag.py                                      1           0  0.32s           2023-12-11T08:26:25
================================================================================
[2023-12-11 08:27:02,187] {manager.py:809} INFO - 
================================================================================
DAG File Processing Stats

File Path                                   PID    Runtime      # DAGs    # Errors  Last Runtime    Last Run
------------------------------------------  -----  ---------  --------  ----------  --------------  -------------------
/opt/airflow/dags/dag_backfilling.py                                 1           0  0.31s           2023-12-11T08:26:52
/opt/airflow/dags/dag_con_catchup.py                                 1           0  0.29s           2023-12-11T08:26:52
/opt/airflow/dags/dag_postgres_database.py                           1           0  0.54s           2023-12-11T08:26:57
/opt/airflow/dags/primer_dag.py                                      1           0  0.52s           2023-12-11T08:26:57
================================================================================
[2023-12-11 08:27:32,710] {manager.py:809} INFO - 
================================================================================
DAG File Processing Stats

File Path                                   PID    Runtime      # DAGs    # Errors  Last Runtime    Last Run
------------------------------------------  -----  ---------  --------  ----------  --------------  -------------------
/opt/airflow/dags/dag_backfilling.py                                 1           0  0.33s           2023-12-11T08:27:24
/opt/airflow/dags/dag_con_catchup.py                                 1           0  0.33s           2023-12-11T08:27:24
/opt/airflow/dags/dag_postgres_database.py                           1           0  0.28s           2023-12-11T08:27:29
/opt/airflow/dags/primer_dag.py                                      1           0  0.26s           2023-12-11T08:27:29
================================================================================
[2023-12-11 08:27:41,315] {manager.py:690} INFO - Searching for files in /opt/airflow/dags
[2023-12-11 08:27:41,468] {manager.py:693} INFO - There are 4 files in /opt/airflow/dags
[2023-12-11 08:28:03,716] {manager.py:809} INFO - 
================================================================================
DAG File Processing Stats

File Path                                   PID    Runtime      # DAGs    # Errors  Last Runtime    Last Run
------------------------------------------  -----  ---------  --------  ----------  --------------  -------------------
/opt/airflow/dags/dag_backfilling.py                                 1           0  0.29s           2023-12-11T08:27:56
/opt/airflow/dags/dag_con_catchup.py                                 1           0  0.30s           2023-12-11T08:27:56
/opt/airflow/dags/dag_postgres_database.py                           1           0  0.36s           2023-12-11T08:28:01
/opt/airflow/dags/primer_dag.py                                      1           0  0.33s           2023-12-11T08:28:01
================================================================================
[2023-12-11 08:28:34,010] {manager.py:809} INFO - 
================================================================================
DAG File Processing Stats

File Path                                   PID    Runtime      # DAGs    # Errors  Last Runtime    Last Run
------------------------------------------  -----  ---------  --------  ----------  --------------  -------------------
/opt/airflow/dags/dag_backfilling.py                                 1           0  0.26s           2023-12-11T08:28:27
/opt/airflow/dags/dag_con_catchup.py                                 1           0  0.28s           2023-12-11T08:28:27
/opt/airflow/dags/dag_postgres_database.py                           1           0  0.25s           2023-12-11T08:28:33
/opt/airflow/dags/primer_dag.py                                      1           0  0.25s           2023-12-11T08:28:33
================================================================================
[2023-12-11 08:29:04,267] {manager.py:809} INFO - 
================================================================================
DAG File Processing Stats

File Path                                     PID  Runtime      # DAGs    # Errors  Last Runtime    Last Run
------------------------------------------  -----  ---------  --------  ----------  --------------  -------------------
/opt/airflow/dags/dag_backfilling.py                                 1           0  0.39s           2023-12-11T08:28:59
/opt/airflow/dags/dag_con_catchup.py                                 1           0  0.39s           2023-12-11T08:28:59
/opt/airflow/dags/dag_postgres_database.py   3802  0.01s             1           0  0.28s           2023-12-11T08:28:54
/opt/airflow/dags/primer_dag.py              3805  0.01s             1           0  0.28s           2023-12-11T08:28:54
================================================================================
[2023-12-11 08:29:34,320] {manager.py:809} INFO - 
================================================================================
DAG File Processing Stats

File Path                                   PID    Runtime      # DAGs    # Errors  Last Runtime    Last Run
------------------------------------------  -----  ---------  --------  ----------  --------------  -------------------
/opt/airflow/dags/dag_backfilling.py                                 1           0  0.74s           2023-12-11T08:29:31
/opt/airflow/dags/dag_con_catchup.py                                 1           0  0.57s           2023-12-11T08:29:31
/opt/airflow/dags/dag_postgres_database.py                           1           0  0.28s           2023-12-11T08:29:25
/opt/airflow/dags/primer_dag.py                                      1           0  0.26s           2023-12-11T08:29:25
================================================================================
[2023-12-11 08:30:04,327] {manager.py:809} INFO - 
================================================================================
DAG File Processing Stats

File Path                                   PID    Runtime      # DAGs    # Errors  Last Runtime    Last Run
------------------------------------------  -----  ---------  --------  ----------  --------------  -------------------
/opt/airflow/dags/dag_backfilling.py                                 1           0  0.26s           2023-12-11T08:30:03
/opt/airflow/dags/dag_con_catchup.py                                 1           0  0.26s           2023-12-11T08:30:03
/opt/airflow/dags/dag_postgres_database.py                           1           0  0.25s           2023-12-11T08:29:56
/opt/airflow/dags/primer_dag.py                                      1           0  0.23s           2023-12-11T08:29:56
================================================================================
[2023-12-11 08:30:34,424] {manager.py:809} INFO - 
================================================================================
DAG File Processing Stats

File Path                                     PID  Runtime      # DAGs    # Errors  Last Runtime    Last Run
------------------------------------------  -----  ---------  --------  ----------  --------------  -------------------
/opt/airflow/dags/dag_backfilling.py                                 1           0  0.52s           2023-12-11T08:30:24
/opt/airflow/dags/dag_con_catchup.py         3972  0.01s             1           0  0.25s           2023-12-11T08:30:24
/opt/airflow/dags/dag_postgres_database.py                           1           0  0.23s           2023-12-11T08:30:28
/opt/airflow/dags/primer_dag.py                                      1           0  0.24s           2023-12-11T08:30:28
================================================================================
[2023-12-11 08:31:05,093] {manager.py:809} INFO - 
================================================================================
DAG File Processing Stats

File Path                                   PID    Runtime      # DAGs    # Errors  Last Runtime    Last Run
------------------------------------------  -----  ---------  --------  ----------  --------------  -------------------
/opt/airflow/dags/dag_backfilling.py                                 1           0  0.71s           2023-12-11T08:30:56
/opt/airflow/dags/dag_con_catchup.py                                 1           0  0.71s           2023-12-11T08:30:56
/opt/airflow/dags/dag_postgres_database.py                           1           0  0.28s           2023-12-11T08:31:00
/opt/airflow/dags/primer_dag.py                                      1           0  0.26s           2023-12-11T08:31:00
================================================================================
[2023-12-11 08:31:35,202] {manager.py:809} INFO - 
================================================================================
DAG File Processing Stats

File Path                                   PID    Runtime      # DAGs    # Errors  Last Runtime    Last Run
------------------------------------------  -----  ---------  --------  ----------  --------------  -------------------
/opt/airflow/dags/dag_backfilling.py                                 1           0  0.27s           2023-12-11T08:31:28
/opt/airflow/dags/dag_con_catchup.py                                 1           0  0.26s           2023-12-11T08:31:28
/opt/airflow/dags/dag_postgres_database.py                           1           0  0.34s           2023-12-11T08:31:32
/opt/airflow/dags/primer_dag.py                                      1           0  0.37s           2023-12-11T08:31:32
================================================================================
[2023-12-11 08:32:05,312] {manager.py:809} INFO - 
================================================================================
DAG File Processing Stats

File Path                                   PID    Runtime      # DAGs    # Errors  Last Runtime    Last Run
------------------------------------------  -----  ---------  --------  ----------  --------------  -------------------
/opt/airflow/dags/dag_backfilling.py                                 1           0  0.26s           2023-12-11T08:32:00
/opt/airflow/dags/dag_con_catchup.py                                 1           0  0.25s           2023-12-11T08:31:59
/opt/airflow/dags/dag_postgres_database.py                           1           0  0.25s           2023-12-11T08:32:03
/opt/airflow/dags/primer_dag.py                                      1           0  0.24s           2023-12-11T08:32:03
================================================================================
[2023-12-11 08:32:35,809] {manager.py:809} INFO - 
================================================================================
DAG File Processing Stats

File Path                                   PID    Runtime      # DAGs    # Errors  Last Runtime    Last Run
------------------------------------------  -----  ---------  --------  ----------  --------------  -------------------
/opt/airflow/dags/dag_backfilling.py                                 1           0  0.26s           2023-12-11T08:32:31
/opt/airflow/dags/dag_con_catchup.py                                 1           0  0.25s           2023-12-11T08:32:31
/opt/airflow/dags/dag_postgres_database.py                           1           0  0.25s           2023-12-11T08:32:34
/opt/airflow/dags/primer_dag.py                                      1           0  0.23s           2023-12-11T08:32:34
================================================================================
[2023-12-11 08:32:41,887] {manager.py:690} INFO - Searching for files in /opt/airflow/dags
[2023-12-11 08:32:42,010] {manager.py:693} INFO - There are 4 files in /opt/airflow/dags
[2023-12-11 08:33:06,021] {manager.py:809} INFO - 
================================================================================
DAG File Processing Stats

File Path                                     PID  Runtime      # DAGs    # Errors  Last Runtime    Last Run
------------------------------------------  -----  ---------  --------  ----------  --------------  -------------------
/opt/airflow/dags/dag_backfilling.py                                 1           0  0.29s           2023-12-11T08:33:03
/opt/airflow/dags/dag_con_catchup.py                                 1           0  0.28s           2023-12-11T08:33:03
/opt/airflow/dags/dag_postgres_database.py   4262  0.02s             1           0  0.23s           2023-12-11T08:32:55
/opt/airflow/dags/primer_dag.py              4265  0.01s             1           0  0.23s           2023-12-11T08:32:55
================================================================================
[2023-12-11 08:33:36,599] {manager.py:809} INFO - 
================================================================================
DAG File Processing Stats

File Path                                   PID    Runtime      # DAGs    # Errors  Last Runtime    Last Run
------------------------------------------  -----  ---------  --------  ----------  --------------  -------------------
/opt/airflow/dags/dag_backfilling.py                                 1           0  0.36s           2023-12-11T08:33:34
/opt/airflow/dags/dag_con_catchup.py                                 1           0  0.35s           2023-12-11T08:33:34
/opt/airflow/dags/dag_postgres_database.py                           1           0  0.22s           2023-12-11T08:33:27
/opt/airflow/dags/primer_dag.py                                      1           0  0.22s           2023-12-11T08:33:27
================================================================================
[2023-12-11 08:33:41,831] {manager.py:462} INFO - Exiting gracefully upon receiving signal 15
