[2023-12-10 19:31:55,180] {taskinstance.py:1179} INFO - Dependencies all met for <TaskInstance: mi_primer_dag_v3.tercera_tarea scheduled__2022-09-24T00:00:00+00:00 [queued]>
[2023-12-10 19:31:55,339] {taskinstance.py:1179} INFO - Dependencies all met for <TaskInstance: mi_primer_dag_v3.tercera_tarea scheduled__2022-09-24T00:00:00+00:00 [queued]>
[2023-12-10 19:31:55,345] {taskinstance.py:1376} INFO - 
--------------------------------------------------------------------------------
[2023-12-10 19:31:55,353] {taskinstance.py:1377} INFO - Starting attempt 1 of 6
[2023-12-10 19:31:55,355] {taskinstance.py:1378} INFO - 
--------------------------------------------------------------------------------
[2023-12-10 19:31:55,540] {taskinstance.py:1397} INFO - Executing <Task(BashOperator): tercera_tarea> on 2022-09-24 00:00:00+00:00
[2023-12-10 19:31:55,657] {standard_task_runner.py:52} INFO - Started process 750 to run task
[2023-12-10 19:31:55,674] {standard_task_runner.py:79} INFO - Running: ['***', 'tasks', 'run', 'mi_primer_dag_v3', 'tercera_tarea', 'scheduled__2022-09-24T00:00:00+00:00', '--job-id', '167', '--raw', '--subdir', 'DAGS_FOLDER/primer_dag_v3.py', '--cfg-path', '/tmp/tmpq62dee2r', '--error-file', '/tmp/tmpau40nf23']
[2023-12-10 19:31:55,804] {standard_task_runner.py:80} INFO - Job 167: Subtask tercera_tarea
[2023-12-10 19:31:56,965] {task_command.py:371} INFO - Running <TaskInstance: mi_primer_dag_v3.tercera_tarea scheduled__2022-09-24T00:00:00+00:00 [running]> on host 42828894a739
[2023-12-10 19:31:58,603] {taskinstance.py:1591} INFO - Exporting the following env vars:
AIRFLOW_CTX_DAG_OWNER=DavidBU
AIRFLOW_CTX_DAG_ID=mi_primer_dag_v3
AIRFLOW_CTX_TASK_ID=tercera_tarea
AIRFLOW_CTX_EXECUTION_DATE=2022-09-24T00:00:00+00:00
AIRFLOW_CTX_TRY_NUMBER=1
AIRFLOW_CTX_DAG_RUN_ID=scheduled__2022-09-24T00:00:00+00:00
[2023-12-10 19:31:58,667] {subprocess.py:62} INFO - Tmp dir root location: 
 /tmp
[2023-12-10 19:31:58,674] {subprocess.py:74} INFO - Running command: ['bash', '-c', 'echo hola, soy la tarea 3 y sere corrida luego de Tarea 1 al mismo tiempo que Tarea 2']
[2023-12-10 19:31:58,790] {subprocess.py:85} INFO - Output:
[2023-12-10 19:31:58,837] {subprocess.py:92} INFO - hola, soy la tarea 3 y sere corrida luego de Tarea 1 al mismo tiempo que Tarea 2
[2023-12-10 19:31:58,851] {subprocess.py:96} INFO - Command exited with return code 0
[2023-12-10 19:31:59,445] {taskinstance.py:1420} INFO - Marking task as SUCCESS. dag_id=mi_primer_dag_v3, task_id=tercera_tarea, execution_date=20220924T000000, start_date=20231210T193155, end_date=20231210T193159
[2023-12-10 19:31:59,761] {local_task_job.py:156} INFO - Task exited with return code 0
[2023-12-10 19:32:00,147] {local_task_job.py:273} INFO - 0 downstream tasks scheduled from follow-on schedule check
