[2023-12-10 19:45:04,843] {taskinstance.py:1179} INFO - Dependencies all met for <TaskInstance: mi_primer_dag_v3.primera_tarea scheduled__2023-08-01T00:00:00+00:00 [queued]>
[2023-12-10 19:45:04,881] {taskinstance.py:1179} INFO - Dependencies all met for <TaskInstance: mi_primer_dag_v3.primera_tarea scheduled__2023-08-01T00:00:00+00:00 [queued]>
[2023-12-10 19:45:04,885] {taskinstance.py:1376} INFO - 
--------------------------------------------------------------------------------
[2023-12-10 19:45:04,886] {taskinstance.py:1377} INFO - Starting attempt 1 of 6
[2023-12-10 19:45:04,888] {taskinstance.py:1378} INFO - 
--------------------------------------------------------------------------------
[2023-12-10 19:45:04,996] {taskinstance.py:1397} INFO - Executing <Task(BashOperator): primera_tarea> on 2023-08-01 00:00:00+00:00
[2023-12-10 19:45:05,011] {standard_task_runner.py:52} INFO - Started process 3849 to run task
[2023-12-10 19:45:05,027] {standard_task_runner.py:79} INFO - Running: ['***', 'tasks', 'run', 'mi_primer_dag_v3', 'primera_tarea', 'scheduled__2023-08-01T00:00:00+00:00', '--job-id', '1093', '--raw', '--subdir', 'DAGS_FOLDER/primer_dag_v3.py', '--cfg-path', '/tmp/tmp0kqn0fbd', '--error-file', '/tmp/tmp6tq6aaqd']
[2023-12-10 19:45:05,030] {standard_task_runner.py:80} INFO - Job 1093: Subtask primera_tarea
[2023-12-10 19:45:05,376] {task_command.py:371} INFO - Running <TaskInstance: mi_primer_dag_v3.primera_tarea scheduled__2023-08-01T00:00:00+00:00 [running]> on host 42828894a739
[2023-12-10 19:45:06,150] {taskinstance.py:1591} INFO - Exporting the following env vars:
AIRFLOW_CTX_DAG_OWNER=DavidBU
AIRFLOW_CTX_DAG_ID=mi_primer_dag_v3
AIRFLOW_CTX_TASK_ID=primera_tarea
AIRFLOW_CTX_EXECUTION_DATE=2023-08-01T00:00:00+00:00
AIRFLOW_CTX_TRY_NUMBER=1
AIRFLOW_CTX_DAG_RUN_ID=scheduled__2023-08-01T00:00:00+00:00
[2023-12-10 19:45:06,166] {subprocess.py:62} INFO - Tmp dir root location: 
 /tmp
[2023-12-10 19:45:06,172] {subprocess.py:74} INFO - Running command: ['bash', '-c', 'echo hola mundo, esta es nuestra primera tarea!']
[2023-12-10 19:45:06,315] {subprocess.py:85} INFO - Output:
[2023-12-10 19:45:06,332] {subprocess.py:92} INFO - hola mundo, esta es nuestra primera tarea!
[2023-12-10 19:45:06,353] {subprocess.py:96} INFO - Command exited with return code 0
[2023-12-10 19:45:06,785] {taskinstance.py:1420} INFO - Marking task as SUCCESS. dag_id=mi_primer_dag_v3, task_id=primera_tarea, execution_date=20230801T000000, start_date=20231210T194504, end_date=20231210T194506
[2023-12-10 19:45:06,968] {local_task_job.py:156} INFO - Task exited with return code 0
[2023-12-10 19:45:07,616] {local_task_job.py:273} INFO - 0 downstream tasks scheduled from follow-on schedule check
