[2023-12-21 02:21:18,892] {taskinstance.py:1179} INFO - Dependencies all met for <TaskInstance: mi_primer_dag_v4.primera_tarea scheduled__2023-12-11T00:00:00+00:00 [queued]>
[2023-12-21 02:21:19,114] {taskinstance.py:1179} INFO - Dependencies all met for <TaskInstance: mi_primer_dag_v4.primera_tarea scheduled__2023-12-11T00:00:00+00:00 [queued]>
[2023-12-21 02:21:19,126] {taskinstance.py:1376} INFO - 
--------------------------------------------------------------------------------
[2023-12-21 02:21:19,129] {taskinstance.py:1377} INFO - Starting attempt 1 of 6
[2023-12-21 02:21:19,141] {taskinstance.py:1378} INFO - 
--------------------------------------------------------------------------------
[2023-12-21 02:21:19,329] {taskinstance.py:1397} INFO - Executing <Task(BashOperator): primera_tarea> on 2023-12-11 00:00:00+00:00
[2023-12-21 02:21:19,374] {standard_task_runner.py:52} INFO - Started process 191 to run task
[2023-12-21 02:21:19,402] {standard_task_runner.py:79} INFO - Running: ['***', 'tasks', 'run', 'mi_primer_dag_v4', 'primera_tarea', 'scheduled__2023-12-11T00:00:00+00:00', '--job-id', '120', '--raw', '--subdir', 'DAGS_FOLDER/primer_dag.py', '--cfg-path', '/tmp/tmp572qo8bl', '--error-file', '/tmp/tmp3t2tmlfq']
[2023-12-21 02:21:19,425] {standard_task_runner.py:80} INFO - Job 120: Subtask primera_tarea
[2023-12-21 02:21:22,971] {task_command.py:371} INFO - Running <TaskInstance: mi_primer_dag_v4.primera_tarea scheduled__2023-12-11T00:00:00+00:00 [running]> on host de0a7ae97836
[2023-12-21 02:22:06,748] {taskinstance.py:1591} INFO - Exporting the following env vars:
AIRFLOW_CTX_DAG_OWNER=DavidBU
AIRFLOW_CTX_DAG_ID=mi_primer_dag_v4
AIRFLOW_CTX_TASK_ID=primera_tarea
AIRFLOW_CTX_EXECUTION_DATE=2023-12-11T00:00:00+00:00
AIRFLOW_CTX_TRY_NUMBER=1
AIRFLOW_CTX_DAG_RUN_ID=scheduled__2023-12-11T00:00:00+00:00
[2023-12-21 02:22:06,763] {subprocess.py:62} INFO - Tmp dir root location: 
 /tmp
[2023-12-21 02:22:06,776] {subprocess.py:74} INFO - Running command: ['bash', '-c', 'echo Chile']
[2023-12-21 02:22:06,900] {subprocess.py:85} INFO - Output:
[2023-12-21 02:22:06,902] {subprocess.py:92} INFO - Chile
[2023-12-21 02:22:06,914] {subprocess.py:96} INFO - Command exited with return code 0
[2023-12-21 02:22:12,102] {taskinstance.py:1420} INFO - Marking task as SUCCESS. dag_id=mi_primer_dag_v4, task_id=primera_tarea, execution_date=20231211T000000, start_date=20231221T022118, end_date=20231221T022212
[2023-12-21 02:22:12,542] {local_task_job.py:156} INFO - Task exited with return code 0
[2023-12-21 02:22:12,929] {local_task_job.py:273} INFO - 1 downstream tasks scheduled from follow-on schedule check
