[2023-12-10 19:39:13,856] {taskinstance.py:1179} INFO - Dependencies all met for <TaskInstance: mi_primer_dag_v3.tercera_tarea scheduled__2023-03-09T00:00:00+00:00 [queued]>
[2023-12-10 19:39:14,099] {taskinstance.py:1179} INFO - Dependencies all met for <TaskInstance: mi_primer_dag_v3.tercera_tarea scheduled__2023-03-09T00:00:00+00:00 [queued]>
[2023-12-10 19:39:14,110] {taskinstance.py:1376} INFO - 
--------------------------------------------------------------------------------
[2023-12-10 19:39:14,119] {taskinstance.py:1377} INFO - Starting attempt 1 of 6
[2023-12-10 19:39:14,150] {taskinstance.py:1378} INFO - 
--------------------------------------------------------------------------------
[2023-12-10 19:39:14,356] {taskinstance.py:1397} INFO - Executing <Task(BashOperator): tercera_tarea> on 2023-03-09 00:00:00+00:00
[2023-12-10 19:39:14,449] {standard_task_runner.py:52} INFO - Started process 2416 to run task
[2023-12-10 19:39:14,517] {standard_task_runner.py:79} INFO - Running: ['***', 'tasks', 'run', 'mi_primer_dag_v3', 'tercera_tarea', 'scheduled__2023-03-09T00:00:00+00:00', '--job-id', '664', '--raw', '--subdir', 'DAGS_FOLDER/primer_dag_v3.py', '--cfg-path', '/tmp/tmpma5jche7', '--error-file', '/tmp/tmpz0r7pxdv']
[2023-12-10 19:39:14,604] {standard_task_runner.py:80} INFO - Job 664: Subtask tercera_tarea
[2023-12-10 19:39:15,467] {task_command.py:371} INFO - Running <TaskInstance: mi_primer_dag_v3.tercera_tarea scheduled__2023-03-09T00:00:00+00:00 [running]> on host 42828894a739
[2023-12-10 19:39:15,824] {taskinstance.py:1591} INFO - Exporting the following env vars:
AIRFLOW_CTX_DAG_OWNER=DavidBU
AIRFLOW_CTX_DAG_ID=mi_primer_dag_v3
AIRFLOW_CTX_TASK_ID=tercera_tarea
AIRFLOW_CTX_EXECUTION_DATE=2023-03-09T00:00:00+00:00
AIRFLOW_CTX_TRY_NUMBER=1
AIRFLOW_CTX_DAG_RUN_ID=scheduled__2023-03-09T00:00:00+00:00
[2023-12-10 19:39:15,826] {subprocess.py:62} INFO - Tmp dir root location: 
 /tmp
[2023-12-10 19:39:15,827] {subprocess.py:74} INFO - Running command: ['bash', '-c', 'echo hola, soy la tarea 3 y sere corrida luego de Tarea 1 al mismo tiempo que Tarea 2']
[2023-12-10 19:39:15,846] {subprocess.py:85} INFO - Output:
[2023-12-10 19:39:15,851] {subprocess.py:92} INFO - hola, soy la tarea 3 y sere corrida luego de Tarea 1 al mismo tiempo que Tarea 2
[2023-12-10 19:39:15,852] {subprocess.py:96} INFO - Command exited with return code 0
[2023-12-10 19:39:15,950] {taskinstance.py:1420} INFO - Marking task as SUCCESS. dag_id=mi_primer_dag_v3, task_id=tercera_tarea, execution_date=20230309T000000, start_date=20231210T193913, end_date=20231210T193915
[2023-12-10 19:39:16,021] {local_task_job.py:156} INFO - Task exited with return code 0
[2023-12-10 19:39:16,311] {local_task_job.py:273} INFO - 0 downstream tasks scheduled from follow-on schedule check
