[2023-12-10 19:44:20,044] {taskinstance.py:1179} INFO - Dependencies all met for <TaskInstance: mi_primer_dag_v3.segunda_tarea scheduled__2023-07-10T00:00:00+00:00 [queued]>
[2023-12-10 19:44:20,184] {taskinstance.py:1179} INFO - Dependencies all met for <TaskInstance: mi_primer_dag_v3.segunda_tarea scheduled__2023-07-10T00:00:00+00:00 [queued]>
[2023-12-10 19:44:20,192] {taskinstance.py:1376} INFO - 
--------------------------------------------------------------------------------
[2023-12-10 19:44:20,194] {taskinstance.py:1377} INFO - Starting attempt 1 of 6
[2023-12-10 19:44:20,194] {taskinstance.py:1378} INFO - 
--------------------------------------------------------------------------------
[2023-12-10 19:44:20,292] {taskinstance.py:1397} INFO - Executing <Task(BashOperator): segunda_tarea> on 2023-07-10 00:00:00+00:00
[2023-12-10 19:44:20,320] {standard_task_runner.py:52} INFO - Started process 3644 to run task
[2023-12-10 19:44:20,375] {standard_task_runner.py:79} INFO - Running: ['***', 'tasks', 'run', 'mi_primer_dag_v3', 'segunda_tarea', 'scheduled__2023-07-10T00:00:00+00:00', '--job-id', '1029', '--raw', '--subdir', 'DAGS_FOLDER/primer_dag_v3.py', '--cfg-path', '/tmp/tmpojnez7tf', '--error-file', '/tmp/tmp07fopfwx']
[2023-12-10 19:44:20,407] {standard_task_runner.py:80} INFO - Job 1029: Subtask segunda_tarea
[2023-12-10 19:44:20,946] {task_command.py:371} INFO - Running <TaskInstance: mi_primer_dag_v3.segunda_tarea scheduled__2023-07-10T00:00:00+00:00 [running]> on host 42828894a739
[2023-12-10 19:44:21,499] {taskinstance.py:1591} INFO - Exporting the following env vars:
AIRFLOW_CTX_DAG_OWNER=DavidBU
AIRFLOW_CTX_DAG_ID=mi_primer_dag_v3
AIRFLOW_CTX_TASK_ID=segunda_tarea
AIRFLOW_CTX_EXECUTION_DATE=2023-07-10T00:00:00+00:00
AIRFLOW_CTX_TRY_NUMBER=1
AIRFLOW_CTX_DAG_RUN_ID=scheduled__2023-07-10T00:00:00+00:00
[2023-12-10 19:44:21,505] {subprocess.py:62} INFO - Tmp dir root location: 
 /tmp
[2023-12-10 19:44:21,506] {subprocess.py:74} INFO - Running command: ['bash', '-c', 'echo hola, soy la tarea 2 y sere corrida luego de la Tarea 1']
[2023-12-10 19:44:21,526] {subprocess.py:85} INFO - Output:
[2023-12-10 19:44:21,531] {subprocess.py:92} INFO - hola, soy la tarea 2 y sere corrida luego de la Tarea 1
[2023-12-10 19:44:21,532] {subprocess.py:96} INFO - Command exited with return code 0
[2023-12-10 19:44:21,703] {taskinstance.py:1420} INFO - Marking task as SUCCESS. dag_id=mi_primer_dag_v3, task_id=segunda_tarea, execution_date=20230710T000000, start_date=20231210T194420, end_date=20231210T194421
[2023-12-10 19:44:21,858] {local_task_job.py:156} INFO - Task exited with return code 0
[2023-12-10 19:44:22,109] {local_task_job.py:273} INFO - 0 downstream tasks scheduled from follow-on schedule check
