[2023-12-10 20:27:44,202] {taskinstance.py:1179} INFO - Dependencies all met for <TaskInstance: mi_primer_dar_con_PythonOperator.aloha_david scheduled__2023-08-29T00:00:00+00:00 [queued]>
[2023-12-10 20:27:44,243] {taskinstance.py:1179} INFO - Dependencies all met for <TaskInstance: mi_primer_dar_con_PythonOperator.aloha_david scheduled__2023-08-29T00:00:00+00:00 [queued]>
[2023-12-10 20:27:44,245] {taskinstance.py:1376} INFO - 
--------------------------------------------------------------------------------
[2023-12-10 20:27:44,246] {taskinstance.py:1377} INFO - Starting attempt 1 of 6
[2023-12-10 20:27:44,247] {taskinstance.py:1378} INFO - 
--------------------------------------------------------------------------------
[2023-12-10 20:27:44,314] {taskinstance.py:1397} INFO - Executing <Task(PythonOperator): aloha_david> on 2023-08-29 00:00:00+00:00
[2023-12-10 20:27:44,325] {standard_task_runner.py:52} INFO - Started process 2700 to run task
[2023-12-10 20:27:44,362] {standard_task_runner.py:79} INFO - Running: ['***', 'tasks', 'run', 'mi_primer_dar_con_PythonOperator', 'aloha_david', 'scheduled__2023-08-29T00:00:00+00:00', '--job-id', '2379', '--raw', '--subdir', 'DAGS_FOLDER/mi_primer_dag_pythonoperator.py', '--cfg-path', '/tmp/tmplh3s4a_c', '--error-file', '/tmp/tmpwrzut8gq']
[2023-12-10 20:27:44,366] {standard_task_runner.py:80} INFO - Job 2379: Subtask aloha_david
[2023-12-10 20:27:45,141] {task_command.py:371} INFO - Running <TaskInstance: mi_primer_dar_con_PythonOperator.aloha_david scheduled__2023-08-29T00:00:00+00:00 [running]> on host 42828894a739
[2023-12-10 20:27:46,014] {taskinstance.py:1591} INFO - Exporting the following env vars:
AIRFLOW_CTX_DAG_OWNER=DavidBU
AIRFLOW_CTX_DAG_ID=mi_primer_dar_con_PythonOperator
AIRFLOW_CTX_TASK_ID=aloha_david
AIRFLOW_CTX_EXECUTION_DATE=2023-08-29T00:00:00+00:00
AIRFLOW_CTX_TRY_NUMBER=1
AIRFLOW_CTX_DAG_RUN_ID=scheduled__2023-08-29T00:00:00+00:00
[2023-12-10 20:27:46,017] {logging_mixin.py:115} INFO - Aloha Mundo soy yo!
[2023-12-10 20:27:46,019] {python.py:173} INFO - Done. Returned value was: None
[2023-12-10 20:27:46,083] {taskinstance.py:1420} INFO - Marking task as SUCCESS. dag_id=mi_primer_dar_con_PythonOperator, task_id=aloha_david, execution_date=20230829T000000, start_date=20231210T202744, end_date=20231210T202746
[2023-12-10 20:27:46,196] {local_task_job.py:156} INFO - Task exited with return code 0
[2023-12-10 20:27:46,335] {local_task_job.py:273} INFO - 0 downstream tasks scheduled from follow-on schedule check
