[2023-12-10 20:27:45,959] {taskinstance.py:1179} INFO - Dependencies all met for <TaskInstance: mi_primer_dar_con_PythonOperator.aloha_david scheduled__2023-09-01T00:00:00+00:00 [queued]>
[2023-12-10 20:27:46,045] {taskinstance.py:1179} INFO - Dependencies all met for <TaskInstance: mi_primer_dar_con_PythonOperator.aloha_david scheduled__2023-09-01T00:00:00+00:00 [queued]>
[2023-12-10 20:27:46,049] {taskinstance.py:1376} INFO - 
--------------------------------------------------------------------------------
[2023-12-10 20:27:46,051] {taskinstance.py:1377} INFO - Starting attempt 1 of 6
[2023-12-10 20:27:46,051] {taskinstance.py:1378} INFO - 
--------------------------------------------------------------------------------
[2023-12-10 20:27:46,148] {taskinstance.py:1397} INFO - Executing <Task(PythonOperator): aloha_david> on 2023-09-01 00:00:00+00:00
[2023-12-10 20:27:46,155] {standard_task_runner.py:52} INFO - Started process 2715 to run task
[2023-12-10 20:27:46,168] {standard_task_runner.py:79} INFO - Running: ['***', 'tasks', 'run', 'mi_primer_dar_con_PythonOperator', 'aloha_david', 'scheduled__2023-09-01T00:00:00+00:00', '--job-id', '2382', '--raw', '--subdir', 'DAGS_FOLDER/mi_primer_dag_pythonoperator.py', '--cfg-path', '/tmp/tmpkghya844', '--error-file', '/tmp/tmp3qy8ay5x']
[2023-12-10 20:27:46,174] {standard_task_runner.py:80} INFO - Job 2382: Subtask aloha_david
[2023-12-10 20:27:46,453] {task_command.py:371} INFO - Running <TaskInstance: mi_primer_dar_con_PythonOperator.aloha_david scheduled__2023-09-01T00:00:00+00:00 [running]> on host 42828894a739
[2023-12-10 20:27:46,695] {taskinstance.py:1591} INFO - Exporting the following env vars:
AIRFLOW_CTX_DAG_OWNER=DavidBU
AIRFLOW_CTX_DAG_ID=mi_primer_dar_con_PythonOperator
AIRFLOW_CTX_TASK_ID=aloha_david
AIRFLOW_CTX_EXECUTION_DATE=2023-09-01T00:00:00+00:00
AIRFLOW_CTX_TRY_NUMBER=1
AIRFLOW_CTX_DAG_RUN_ID=scheduled__2023-09-01T00:00:00+00:00
[2023-12-10 20:27:46,696] {logging_mixin.py:115} INFO - Aloha Mundo soy yo!
[2023-12-10 20:27:46,699] {python.py:173} INFO - Done. Returned value was: None
[2023-12-10 20:27:46,730] {taskinstance.py:1420} INFO - Marking task as SUCCESS. dag_id=mi_primer_dar_con_PythonOperator, task_id=aloha_david, execution_date=20230901T000000, start_date=20231210T202745, end_date=20231210T202746
[2023-12-10 20:27:46,772] {local_task_job.py:156} INFO - Task exited with return code 0
[2023-12-10 20:27:46,865] {local_task_job.py:273} INFO - 0 downstream tasks scheduled from follow-on schedule check
