[2023-12-10 19:46:03,447] {taskinstance.py:1179} INFO - Dependencies all met for <TaskInstance: mi_primer_dag_v3.segunda_tarea scheduled__2023-08-29T00:00:00+00:00 [queued]>
[2023-12-10 19:46:03,605] {taskinstance.py:1179} INFO - Dependencies all met for <TaskInstance: mi_primer_dag_v3.segunda_tarea scheduled__2023-08-29T00:00:00+00:00 [queued]>
[2023-12-10 19:46:03,606] {taskinstance.py:1376} INFO - 
--------------------------------------------------------------------------------
[2023-12-10 19:46:03,607] {taskinstance.py:1377} INFO - Starting attempt 1 of 6
[2023-12-10 19:46:03,608] {taskinstance.py:1378} INFO - 
--------------------------------------------------------------------------------
[2023-12-10 19:46:03,772] {taskinstance.py:1397} INFO - Executing <Task(BashOperator): segunda_tarea> on 2023-08-29 00:00:00+00:00
[2023-12-10 19:46:03,805] {standard_task_runner.py:52} INFO - Started process 4143 to run task
[2023-12-10 19:46:03,818] {standard_task_runner.py:79} INFO - Running: ['***', 'tasks', 'run', 'mi_primer_dag_v3', 'segunda_tarea', 'scheduled__2023-08-29T00:00:00+00:00', '--job-id', '1181', '--raw', '--subdir', 'DAGS_FOLDER/primer_dag_v3.py', '--cfg-path', '/tmp/tmpmctw0k26', '--error-file', '/tmp/tmp2hlotgwc']
[2023-12-10 19:46:03,832] {standard_task_runner.py:80} INFO - Job 1181: Subtask segunda_tarea
[2023-12-10 19:46:04,681] {task_command.py:371} INFO - Running <TaskInstance: mi_primer_dag_v3.segunda_tarea scheduled__2023-08-29T00:00:00+00:00 [running]> on host 42828894a739
[2023-12-10 19:46:05,272] {taskinstance.py:1591} INFO - Exporting the following env vars:
AIRFLOW_CTX_DAG_OWNER=DavidBU
AIRFLOW_CTX_DAG_ID=mi_primer_dag_v3
AIRFLOW_CTX_TASK_ID=segunda_tarea
AIRFLOW_CTX_EXECUTION_DATE=2023-08-29T00:00:00+00:00
AIRFLOW_CTX_TRY_NUMBER=1
AIRFLOW_CTX_DAG_RUN_ID=scheduled__2023-08-29T00:00:00+00:00
[2023-12-10 19:46:05,277] {subprocess.py:62} INFO - Tmp dir root location: 
 /tmp
[2023-12-10 19:46:05,282] {subprocess.py:74} INFO - Running command: ['bash', '-c', 'echo hola, soy la tarea 2 y sere corrida luego de la Tarea 1']
[2023-12-10 19:46:05,329] {subprocess.py:85} INFO - Output:
[2023-12-10 19:46:05,356] {subprocess.py:92} INFO - hola, soy la tarea 2 y sere corrida luego de la Tarea 1
[2023-12-10 19:46:05,357] {subprocess.py:96} INFO - Command exited with return code 0
[2023-12-10 19:46:05,549] {taskinstance.py:1420} INFO - Marking task as SUCCESS. dag_id=mi_primer_dag_v3, task_id=segunda_tarea, execution_date=20230829T000000, start_date=20231210T194603, end_date=20231210T194605
[2023-12-10 19:46:05,657] {local_task_job.py:156} INFO - Task exited with return code 0
[2023-12-10 19:46:05,862] {local_task_job.py:273} INFO - 0 downstream tasks scheduled from follow-on schedule check
