[2023-12-10 19:42:09,121] {taskinstance.py:1179} INFO - Dependencies all met for <TaskInstance: mi_primer_dag_v3.tercera_tarea scheduled__2023-05-07T00:00:00+00:00 [queued]>
[2023-12-10 19:42:09,803] {taskinstance.py:1179} INFO - Dependencies all met for <TaskInstance: mi_primer_dag_v3.tercera_tarea scheduled__2023-05-07T00:00:00+00:00 [queued]>
[2023-12-10 19:42:09,824] {taskinstance.py:1376} INFO - 
--------------------------------------------------------------------------------
[2023-12-10 19:42:09,828] {taskinstance.py:1377} INFO - Starting attempt 1 of 6
[2023-12-10 19:42:09,830] {taskinstance.py:1378} INFO - 
--------------------------------------------------------------------------------
[2023-12-10 19:42:10,263] {taskinstance.py:1397} INFO - Executing <Task(BashOperator): tercera_tarea> on 2023-05-07 00:00:00+00:00
[2023-12-10 19:42:10,387] {standard_task_runner.py:52} INFO - Started process 3030 to run task
[2023-12-10 19:42:10,512] {standard_task_runner.py:79} INFO - Running: ['***', 'tasks', 'run', 'mi_primer_dag_v3', 'tercera_tarea', 'scheduled__2023-05-07T00:00:00+00:00', '--job-id', '844', '--raw', '--subdir', 'DAGS_FOLDER/primer_dag_v3.py', '--cfg-path', '/tmp/tmpgx5pvbhs', '--error-file', '/tmp/tmpjh8gq9kp']
[2023-12-10 19:42:10,553] {standard_task_runner.py:80} INFO - Job 844: Subtask tercera_tarea
[2023-12-10 19:42:11,711] {task_command.py:371} INFO - Running <TaskInstance: mi_primer_dag_v3.tercera_tarea scheduled__2023-05-07T00:00:00+00:00 [running]> on host 42828894a739
[2023-12-10 19:42:13,996] {taskinstance.py:1591} INFO - Exporting the following env vars:
AIRFLOW_CTX_DAG_OWNER=DavidBU
AIRFLOW_CTX_DAG_ID=mi_primer_dag_v3
AIRFLOW_CTX_TASK_ID=tercera_tarea
AIRFLOW_CTX_EXECUTION_DATE=2023-05-07T00:00:00+00:00
AIRFLOW_CTX_TRY_NUMBER=1
AIRFLOW_CTX_DAG_RUN_ID=scheduled__2023-05-07T00:00:00+00:00
[2023-12-10 19:42:14,140] {subprocess.py:62} INFO - Tmp dir root location: 
 /tmp
[2023-12-10 19:42:14,152] {subprocess.py:74} INFO - Running command: ['bash', '-c', 'echo hola, soy la tarea 3 y sere corrida luego de Tarea 1 al mismo tiempo que Tarea 2']
[2023-12-10 19:42:14,285] {subprocess.py:85} INFO - Output:
[2023-12-10 19:42:14,314] {subprocess.py:92} INFO - hola, soy la tarea 3 y sere corrida luego de Tarea 1 al mismo tiempo que Tarea 2
[2023-12-10 19:42:14,338] {subprocess.py:96} INFO - Command exited with return code 0
[2023-12-10 19:42:16,476] {taskinstance.py:1420} INFO - Marking task as SUCCESS. dag_id=mi_primer_dag_v3, task_id=tercera_tarea, execution_date=20230507T000000, start_date=20231210T194209, end_date=20231210T194216
[2023-12-10 19:42:17,178] {local_task_job.py:156} INFO - Task exited with return code 0
[2023-12-10 19:42:17,804] {local_task_job.py:273} INFO - 0 downstream tasks scheduled from follow-on schedule check
