[2023-12-28 23:52:31,719] {processor.py:163} INFO - Started process (PID=279) to work on /opt/airflow/dags/dag_microdesafio_Semana7.py
[2023-12-28 23:52:31,737] {processor.py:642} INFO - Processing file /opt/airflow/dags/dag_microdesafio_Semana7.py for tasks to queue
[2023-12-28 23:52:31,739] {logging_mixin.py:109} INFO - [2023-12-28 23:52:31,739] {dagbag.py:500} INFO - Filling up the DagBag from /opt/airflow/dags/dag_microdesafio_Semana7.py
[2023-12-28 23:52:31,821] {logging_mixin.py:109} INFO - Pais Argentina (AR), Fecha fin mundo estimada: 2040
Pais Brasil (BR), Fecha fin mundo estimada: 2080
Pais Colombia (CO), Fecha fin mundo estimada: 2095
Pais Chile (CL), Fecha fin mundo estimada: 2100
Pais Paraguay (PY), Fecha fin mundo estimada: 2089
Pais Uruguay (UR), Fecha fin mundo estimada: 2093
Pais Venezuela (VE), Fecha fin mundo estimada: 2054
Pais Peru (PE), Fecha fin mundo estimada: 2078
Pais Ecuador (EC), Fecha fin mundo estimada: 2079
Pais Bolivia (BO), Fecha fin mundo estimada: 2083
[2023-12-28 23:52:31,964] {processor.py:654} INFO - DAG(s) dict_keys(['dag_smtp_email_fin_mundo']) retrieved from /opt/airflow/dags/dag_microdesafio_Semana7.py
[2023-12-28 23:52:34,167] {logging_mixin.py:109} INFO - [2023-12-28 23:52:34,166] {dag.py:2396} INFO - Sync 1 DAGs
[2023-12-28 23:52:34,222] {logging_mixin.py:109} INFO - [2023-12-28 23:52:34,222] {dag.py:2935} INFO - Setting next_dagrun for dag_smtp_email_fin_mundo to 2023-05-13T00:00:00+00:00
[2023-12-28 23:52:34,259] {processor.py:171} INFO - Processing /opt/airflow/dags/dag_microdesafio_Semana7.py took 2.547 seconds
[2023-12-28 23:54:52,268] {processor.py:163} INFO - Started process (PID=391) to work on /opt/airflow/dags/dag_microdesafio_Semana7.py
[2023-12-28 23:54:52,273] {processor.py:642} INFO - Processing file /opt/airflow/dags/dag_microdesafio_Semana7.py for tasks to queue
[2023-12-28 23:54:52,323] {logging_mixin.py:109} INFO - [2023-12-28 23:54:52,310] {dagbag.py:500} INFO - Filling up the DagBag from /opt/airflow/dags/dag_microdesafio_Semana7.py
[2023-12-28 23:54:52,411] {logging_mixin.py:109} INFO - Pais Argentina (AR), Fecha fin mundo estimada: 2040
Pais Brasil (BR), Fecha fin mundo estimada: 2080
Pais Colombia (CO), Fecha fin mundo estimada: 2095
Pais Chile (CL), Fecha fin mundo estimada: 2100
Pais Paraguay (PY), Fecha fin mundo estimada: 2089
Pais Uruguay (UR), Fecha fin mundo estimada: 2093
Pais Venezuela (VE), Fecha fin mundo estimada: 2054
Pais Peru (PE), Fecha fin mundo estimada: 2078
Pais Ecuador (EC), Fecha fin mundo estimada: 2079
Pais Bolivia (BO), Fecha fin mundo estimada: 2083
[2023-12-28 23:54:52,580] {processor.py:654} INFO - DAG(s) dict_keys(['dag_smtp_email_fin_mundo']) retrieved from /opt/airflow/dags/dag_microdesafio_Semana7.py
[2023-12-28 23:54:52,608] {logging_mixin.py:109} INFO - [2023-12-28 23:54:52,607] {dag.py:2396} INFO - Sync 1 DAGs
[2023-12-28 23:54:52,762] {logging_mixin.py:109} INFO - [2023-12-28 23:54:52,762] {dag.py:2935} INFO - Setting next_dagrun for dag_smtp_email_fin_mundo to 2023-05-13T00:00:00+00:00
[2023-12-28 23:54:52,804] {processor.py:171} INFO - Processing /opt/airflow/dags/dag_microdesafio_Semana7.py took 0.659 seconds
[2023-12-28 23:57:30,837] {processor.py:163} INFO - Started process (PID=589) to work on /opt/airflow/dags/dag_microdesafio_Semana7.py
[2023-12-28 23:57:30,862] {processor.py:642} INFO - Processing file /opt/airflow/dags/dag_microdesafio_Semana7.py for tasks to queue
[2023-12-28 23:57:30,864] {logging_mixin.py:109} INFO - [2023-12-28 23:57:30,864] {dagbag.py:500} INFO - Filling up the DagBag from /opt/airflow/dags/dag_microdesafio_Semana7.py
[2023-12-28 23:57:30,923] {logging_mixin.py:109} INFO - Pais Argentina (AR), Fecha fin mundo estimada: 2040
Pais Brasil (BR), Fecha fin mundo estimada: 2080
Pais Colombia (CO), Fecha fin mundo estimada: 2095
Pais Chile (CL), Fecha fin mundo estimada: 2100
Pais Paraguay (PY), Fecha fin mundo estimada: 2089
Pais Uruguay (UR), Fecha fin mundo estimada: 2093
Pais Venezuela (VE), Fecha fin mundo estimada: 2054
Pais Peru (PE), Fecha fin mundo estimada: 2078
Pais Ecuador (EC), Fecha fin mundo estimada: 2079
Pais Bolivia (BO), Fecha fin mundo estimada: 2083
[2023-12-28 23:57:30,968] {processor.py:654} INFO - DAG(s) dict_keys(['dag_smtp_email_fin_mundo']) retrieved from /opt/airflow/dags/dag_microdesafio_Semana7.py
[2023-12-28 23:57:32,236] {logging_mixin.py:109} INFO - [2023-12-28 23:57:32,235] {dag.py:2396} INFO - Sync 1 DAGs
[2023-12-28 23:57:32,357] {logging_mixin.py:109} INFO - [2023-12-28 23:57:32,357] {dag.py:2935} INFO - Setting next_dagrun for dag_smtp_email_fin_mundo to 2023-05-13T00:00:00+00:00
[2023-12-28 23:57:32,455] {processor.py:171} INFO - Processing /opt/airflow/dags/dag_microdesafio_Semana7.py took 1.625 seconds
[2023-12-28 23:58:02,908] {processor.py:163} INFO - Started process (PID=636) to work on /opt/airflow/dags/dag_microdesafio_Semana7.py
[2023-12-28 23:58:02,910] {processor.py:642} INFO - Processing file /opt/airflow/dags/dag_microdesafio_Semana7.py for tasks to queue
[2023-12-28 23:58:02,912] {logging_mixin.py:109} INFO - [2023-12-28 23:58:02,912] {dagbag.py:500} INFO - Filling up the DagBag from /opt/airflow/dags/dag_microdesafio_Semana7.py
[2023-12-28 23:58:02,947] {logging_mixin.py:109} INFO - Pais Argentina (AR), Fecha fin mundo estimada: 2040
Pais Brasil (BR), Fecha fin mundo estimada: 2080
Pais Colombia (CO), Fecha fin mundo estimada: 2095
Pais Chile (CL), Fecha fin mundo estimada: 2100
Pais Paraguay (PY), Fecha fin mundo estimada: 2089
Pais Uruguay (UR), Fecha fin mundo estimada: 2093
Pais Venezuela (VE), Fecha fin mundo estimada: 2054
Pais Peru (PE), Fecha fin mundo estimada: 2078
Pais Ecuador (EC), Fecha fin mundo estimada: 2079
Pais Bolivia (BO), Fecha fin mundo estimada: 2083
[2023-12-28 23:58:02,986] {processor.py:654} INFO - DAG(s) dict_keys(['dag_smtp_email_fin_mundo']) retrieved from /opt/airflow/dags/dag_microdesafio_Semana7.py
[2023-12-28 23:58:03,004] {logging_mixin.py:109} INFO - [2023-12-28 23:58:03,004] {dag.py:2396} INFO - Sync 1 DAGs
[2023-12-28 23:58:03,025] {logging_mixin.py:109} INFO - [2023-12-28 23:58:03,025] {dag.py:2935} INFO - Setting next_dagrun for dag_smtp_email_fin_mundo to 2023-05-13T00:00:00+00:00
[2023-12-28 23:58:03,044] {processor.py:171} INFO - Processing /opt/airflow/dags/dag_microdesafio_Semana7.py took 0.142 seconds
[2023-12-28 23:58:33,192] {processor.py:163} INFO - Started process (PID=693) to work on /opt/airflow/dags/dag_microdesafio_Semana7.py
[2023-12-28 23:58:33,196] {processor.py:642} INFO - Processing file /opt/airflow/dags/dag_microdesafio_Semana7.py for tasks to queue
[2023-12-28 23:58:33,199] {logging_mixin.py:109} INFO - [2023-12-28 23:58:33,198] {dagbag.py:500} INFO - Filling up the DagBag from /opt/airflow/dags/dag_microdesafio_Semana7.py
[2023-12-28 23:58:33,257] {logging_mixin.py:109} INFO - Pais Argentina (AR), Fecha fin mundo estimada: 2040
Pais Brasil (BR), Fecha fin mundo estimada: 2080
Pais Colombia (CO), Fecha fin mundo estimada: 2095
Pais Chile (CL), Fecha fin mundo estimada: 2100
Pais Paraguay (PY), Fecha fin mundo estimada: 2089
Pais Uruguay (UR), Fecha fin mundo estimada: 2093
Pais Venezuela (VE), Fecha fin mundo estimada: 2054
Pais Peru (PE), Fecha fin mundo estimada: 2078
Pais Ecuador (EC), Fecha fin mundo estimada: 2079
Pais Bolivia (BO), Fecha fin mundo estimada: 2083
[2023-12-28 23:58:33,326] {processor.py:654} INFO - DAG(s) dict_keys(['dag_smtp_email_fin_mundo']) retrieved from /opt/airflow/dags/dag_microdesafio_Semana7.py
[2023-12-28 23:58:33,334] {logging_mixin.py:109} INFO - [2023-12-28 23:58:33,334] {dag.py:2396} INFO - Sync 1 DAGs
[2023-12-28 23:58:33,357] {logging_mixin.py:109} INFO - [2023-12-28 23:58:33,357] {dag.py:2935} INFO - Setting next_dagrun for dag_smtp_email_fin_mundo to 2023-05-13T00:00:00+00:00
[2023-12-28 23:58:34,695] {processor.py:171} INFO - Processing /opt/airflow/dags/dag_microdesafio_Semana7.py took 1.526 seconds
[2023-12-28 23:59:04,924] {processor.py:163} INFO - Started process (PID=749) to work on /opt/airflow/dags/dag_microdesafio_Semana7.py
[2023-12-28 23:59:04,931] {processor.py:642} INFO - Processing file /opt/airflow/dags/dag_microdesafio_Semana7.py for tasks to queue
[2023-12-28 23:59:04,943] {logging_mixin.py:109} INFO - [2023-12-28 23:59:04,934] {dagbag.py:500} INFO - Filling up the DagBag from /opt/airflow/dags/dag_microdesafio_Semana7.py
[2023-12-28 23:59:04,987] {logging_mixin.py:109} INFO - Pais Argentina (AR), Fecha fin mundo estimada: 2040
Pais Brasil (BR), Fecha fin mundo estimada: 2080
Pais Colombia (CO), Fecha fin mundo estimada: 2095
Pais Chile (CL), Fecha fin mundo estimada: 2100
Pais Paraguay (PY), Fecha fin mundo estimada: 2089
Pais Uruguay (UR), Fecha fin mundo estimada: 2093
Pais Venezuela (VE), Fecha fin mundo estimada: 2054
Pais Peru (PE), Fecha fin mundo estimada: 2078
Pais Ecuador (EC), Fecha fin mundo estimada: 2079
Pais Bolivia (BO), Fecha fin mundo estimada: 2083
[2023-12-28 23:59:05,096] {processor.py:654} INFO - DAG(s) dict_keys(['dag_smtp_email_fin_mundo']) retrieved from /opt/airflow/dags/dag_microdesafio_Semana7.py
[2023-12-28 23:59:05,961] {logging_mixin.py:109} INFO - [2023-12-28 23:59:05,960] {dag.py:2396} INFO - Sync 1 DAGs
[2023-12-28 23:59:06,023] {logging_mixin.py:109} INFO - [2023-12-28 23:59:06,023] {dag.py:2935} INFO - Setting next_dagrun for dag_smtp_email_fin_mundo to 2023-05-13T00:00:00+00:00
[2023-12-28 23:59:06,067] {processor.py:171} INFO - Processing /opt/airflow/dags/dag_microdesafio_Semana7.py took 1.150 seconds
[2023-12-28 23:59:36,789] {processor.py:163} INFO - Started process (PID=797) to work on /opt/airflow/dags/dag_microdesafio_Semana7.py
[2023-12-28 23:59:36,846] {processor.py:642} INFO - Processing file /opt/airflow/dags/dag_microdesafio_Semana7.py for tasks to queue
[2023-12-28 23:59:36,848] {logging_mixin.py:109} INFO - [2023-12-28 23:59:36,848] {dagbag.py:500} INFO - Filling up the DagBag from /opt/airflow/dags/dag_microdesafio_Semana7.py
[2023-12-28 23:59:36,926] {logging_mixin.py:109} INFO - Pais Argentina (AR), Fecha fin mundo estimada: 2040
Pais Brasil (BR), Fecha fin mundo estimada: 2080
Pais Colombia (CO), Fecha fin mundo estimada: 2095
Pais Chile (CL), Fecha fin mundo estimada: 2100
Pais Paraguay (PY), Fecha fin mundo estimada: 2089
Pais Uruguay (UR), Fecha fin mundo estimada: 2093
Pais Venezuela (VE), Fecha fin mundo estimada: 2054
Pais Peru (PE), Fecha fin mundo estimada: 2078
Pais Ecuador (EC), Fecha fin mundo estimada: 2079
Pais Bolivia (BO), Fecha fin mundo estimada: 2083
[2023-12-28 23:59:37,019] {processor.py:654} INFO - DAG(s) dict_keys(['dag_smtp_email_fin_mundo']) retrieved from /opt/airflow/dags/dag_microdesafio_Semana7.py
[2023-12-28 23:59:37,059] {logging_mixin.py:109} INFO - [2023-12-28 23:59:37,058] {dag.py:2396} INFO - Sync 1 DAGs
[2023-12-28 23:59:37,113] {logging_mixin.py:109} INFO - [2023-12-28 23:59:37,113] {dag.py:2935} INFO - Setting next_dagrun for dag_smtp_email_fin_mundo to 2023-05-13T00:00:00+00:00
[2023-12-28 23:59:37,165] {processor.py:171} INFO - Processing /opt/airflow/dags/dag_microdesafio_Semana7.py took 0.383 seconds
