[2023-12-28 23:52:20,664] {processor.py:163} INFO - Started process (PID=261) to work on /opt/airflow/dags/dag_actividad_xcoms.py
[2023-12-28 23:52:20,671] {processor.py:642} INFO - Processing file /opt/airflow/dags/dag_actividad_xcoms.py for tasks to queue
[2023-12-28 23:52:20,681] {logging_mixin.py:109} INFO - [2023-12-28 23:52:20,680] {dagbag.py:500} INFO - Filling up the DagBag from /opt/airflow/dags/dag_actividad_xcoms.py
[2023-12-28 23:52:20,866] {processor.py:654} INFO - DAG(s) dict_keys(['dag_xcoms_facil']) retrieved from /opt/airflow/dags/dag_actividad_xcoms.py
[2023-12-28 23:52:31,610] {logging_mixin.py:109} INFO - [2023-12-28 23:52:31,610] {manager.py:496} INFO - Created Permission View: can edit on DAG:dag_xcoms_facil
[2023-12-28 23:52:31,686] {logging_mixin.py:109} INFO - [2023-12-28 23:52:31,686] {manager.py:496} INFO - Created Permission View: can read on DAG:dag_xcoms_facil
[2023-12-28 23:52:31,699] {logging_mixin.py:109} INFO - [2023-12-28 23:52:31,693] {dag.py:2396} INFO - Sync 1 DAGs
[2023-12-28 23:52:31,775] {logging_mixin.py:109} INFO - [2023-12-28 23:52:31,769] {dag.py:2415} INFO - Creating ORM DAG for dag_xcoms_facil
[2023-12-28 23:52:31,831] {logging_mixin.py:109} INFO - [2023-12-28 23:52:31,831] {dag.py:2935} INFO - Setting next_dagrun for dag_xcoms_facil to None
[2023-12-28 23:52:31,917] {processor.py:171} INFO - Processing /opt/airflow/dags/dag_actividad_xcoms.py took 11.272 seconds
[2023-12-28 23:54:50,818] {processor.py:163} INFO - Started process (PID=390) to work on /opt/airflow/dags/dag_actividad_xcoms.py
[2023-12-28 23:54:50,826] {processor.py:642} INFO - Processing file /opt/airflow/dags/dag_actividad_xcoms.py for tasks to queue
[2023-12-28 23:54:50,849] {logging_mixin.py:109} INFO - [2023-12-28 23:54:50,848] {dagbag.py:500} INFO - Filling up the DagBag from /opt/airflow/dags/dag_actividad_xcoms.py
[2023-12-28 23:54:51,392] {processor.py:654} INFO - DAG(s) dict_keys(['dag_xcoms_facil']) retrieved from /opt/airflow/dags/dag_actividad_xcoms.py
[2023-12-28 23:54:51,539] {logging_mixin.py:109} INFO - [2023-12-28 23:54:51,539] {dag.py:2396} INFO - Sync 1 DAGs
[2023-12-28 23:54:51,744] {logging_mixin.py:109} INFO - [2023-12-28 23:54:51,744] {dag.py:2935} INFO - Setting next_dagrun for dag_xcoms_facil to None
[2023-12-28 23:54:51,849] {processor.py:171} INFO - Processing /opt/airflow/dags/dag_actividad_xcoms.py took 1.051 seconds
[2023-12-28 23:57:30,346] {processor.py:163} INFO - Started process (PID=588) to work on /opt/airflow/dags/dag_actividad_xcoms.py
[2023-12-28 23:57:30,363] {processor.py:642} INFO - Processing file /opt/airflow/dags/dag_actividad_xcoms.py for tasks to queue
[2023-12-28 23:57:30,365] {logging_mixin.py:109} INFO - [2023-12-28 23:57:30,365] {dagbag.py:500} INFO - Filling up the DagBag from /opt/airflow/dags/dag_actividad_xcoms.py
[2023-12-28 23:57:30,583] {processor.py:654} INFO - DAG(s) dict_keys(['dag_xcoms_facil']) retrieved from /opt/airflow/dags/dag_actividad_xcoms.py
[2023-12-28 23:57:30,652] {logging_mixin.py:109} INFO - [2023-12-28 23:57:30,651] {dag.py:2396} INFO - Sync 1 DAGs
[2023-12-28 23:57:30,729] {logging_mixin.py:109} INFO - [2023-12-28 23:57:30,729] {dag.py:2935} INFO - Setting next_dagrun for dag_xcoms_facil to None
[2023-12-28 23:57:30,772] {processor.py:171} INFO - Processing /opt/airflow/dags/dag_actividad_xcoms.py took 0.433 seconds
[2023-12-28 23:58:00,871] {processor.py:163} INFO - Started process (PID=635) to work on /opt/airflow/dags/dag_actividad_xcoms.py
[2023-12-28 23:58:00,874] {processor.py:642} INFO - Processing file /opt/airflow/dags/dag_actividad_xcoms.py for tasks to queue
[2023-12-28 23:58:00,876] {logging_mixin.py:109} INFO - [2023-12-28 23:58:00,875] {dagbag.py:500} INFO - Filling up the DagBag from /opt/airflow/dags/dag_actividad_xcoms.py
[2023-12-28 23:58:00,975] {processor.py:654} INFO - DAG(s) dict_keys(['dag_xcoms_facil']) retrieved from /opt/airflow/dags/dag_actividad_xcoms.py
[2023-12-28 23:58:00,999] {logging_mixin.py:109} INFO - [2023-12-28 23:58:00,998] {dag.py:2396} INFO - Sync 1 DAGs
[2023-12-28 23:58:01,024] {logging_mixin.py:109} INFO - [2023-12-28 23:58:01,024] {dag.py:2935} INFO - Setting next_dagrun for dag_xcoms_facil to None
[2023-12-28 23:58:01,042] {processor.py:171} INFO - Processing /opt/airflow/dags/dag_actividad_xcoms.py took 0.178 seconds
[2023-12-28 23:58:32,053] {processor.py:163} INFO - Started process (PID=692) to work on /opt/airflow/dags/dag_actividad_xcoms.py
[2023-12-28 23:58:32,068] {processor.py:642} INFO - Processing file /opt/airflow/dags/dag_actividad_xcoms.py for tasks to queue
[2023-12-28 23:58:32,084] {logging_mixin.py:109} INFO - [2023-12-28 23:58:32,083] {dagbag.py:500} INFO - Filling up the DagBag from /opt/airflow/dags/dag_actividad_xcoms.py
[2023-12-28 23:58:32,305] {processor.py:654} INFO - DAG(s) dict_keys(['dag_xcoms_facil']) retrieved from /opt/airflow/dags/dag_actividad_xcoms.py
[2023-12-28 23:58:32,361] {logging_mixin.py:109} INFO - [2023-12-28 23:58:32,360] {dag.py:2396} INFO - Sync 1 DAGs
[2023-12-28 23:58:32,434] {logging_mixin.py:109} INFO - [2023-12-28 23:58:32,434] {dag.py:2935} INFO - Setting next_dagrun for dag_xcoms_facil to None
[2023-12-28 23:58:32,485] {processor.py:171} INFO - Processing /opt/airflow/dags/dag_actividad_xcoms.py took 0.449 seconds
[2023-12-28 23:59:02,882] {processor.py:163} INFO - Started process (PID=739) to work on /opt/airflow/dags/dag_actividad_xcoms.py
[2023-12-28 23:59:02,885] {processor.py:642} INFO - Processing file /opt/airflow/dags/dag_actividad_xcoms.py for tasks to queue
[2023-12-28 23:59:02,887] {logging_mixin.py:109} INFO - [2023-12-28 23:59:02,886] {dagbag.py:500} INFO - Filling up the DagBag from /opt/airflow/dags/dag_actividad_xcoms.py
[2023-12-28 23:59:02,969] {processor.py:654} INFO - DAG(s) dict_keys(['dag_xcoms_facil']) retrieved from /opt/airflow/dags/dag_actividad_xcoms.py
[2023-12-28 23:59:02,990] {logging_mixin.py:109} INFO - [2023-12-28 23:59:02,990] {dag.py:2396} INFO - Sync 1 DAGs
[2023-12-28 23:59:03,018] {logging_mixin.py:109} INFO - [2023-12-28 23:59:03,018] {dag.py:2935} INFO - Setting next_dagrun for dag_xcoms_facil to None
[2023-12-28 23:59:03,036] {processor.py:171} INFO - Processing /opt/airflow/dags/dag_actividad_xcoms.py took 0.160 seconds
[2023-12-28 23:59:33,732] {processor.py:163} INFO - Started process (PID=795) to work on /opt/airflow/dags/dag_actividad_xcoms.py
[2023-12-28 23:59:33,737] {processor.py:642} INFO - Processing file /opt/airflow/dags/dag_actividad_xcoms.py for tasks to queue
[2023-12-28 23:59:33,739] {logging_mixin.py:109} INFO - [2023-12-28 23:59:33,739] {dagbag.py:500} INFO - Filling up the DagBag from /opt/airflow/dags/dag_actividad_xcoms.py
[2023-12-28 23:59:33,845] {processor.py:654} INFO - DAG(s) dict_keys(['dag_xcoms_facil']) retrieved from /opt/airflow/dags/dag_actividad_xcoms.py
[2023-12-28 23:59:33,863] {logging_mixin.py:109} INFO - [2023-12-28 23:59:33,863] {dag.py:2396} INFO - Sync 1 DAGs
[2023-12-28 23:59:33,894] {logging_mixin.py:109} INFO - [2023-12-28 23:59:33,893] {dag.py:2935} INFO - Setting next_dagrun for dag_xcoms_facil to None
[2023-12-28 23:59:33,913] {processor.py:171} INFO - Processing /opt/airflow/dags/dag_actividad_xcoms.py took 0.187 seconds
