[2023-12-28 23:46:59,026] {processor.py:163} INFO - Started process (PID=63) to work on /opt/airflow/dags/dag_sencillo.py
[2023-12-28 23:46:59,065] {processor.py:642} INFO - Processing file /opt/airflow/dags/dag_sencillo.py for tasks to queue
[2023-12-28 23:46:59,082] {logging_mixin.py:109} INFO - [2023-12-28 23:46:59,082] {dagbag.py:500} INFO - Filling up the DagBag from /opt/airflow/dags/dag_sencillo.py
[2023-12-28 23:46:59,385] {processor.py:654} INFO - DAG(s) dict_keys(['PythonEmailDag']) retrieved from /opt/airflow/dags/dag_sencillo.py
[2023-12-28 23:47:53,560] {processor.py:163} INFO - Started process (PID=103) to work on /opt/airflow/dags/dag_sencillo.py
[2023-12-28 23:47:53,579] {processor.py:642} INFO - Processing file /opt/airflow/dags/dag_sencillo.py for tasks to queue
[2023-12-28 23:47:53,602] {logging_mixin.py:109} INFO - [2023-12-28 23:47:53,602] {dagbag.py:500} INFO - Filling up the DagBag from /opt/airflow/dags/dag_sencillo.py
[2023-12-28 23:47:54,385] {processor.py:654} INFO - DAG(s) dict_keys(['PythonEmailDag']) retrieved from /opt/airflow/dags/dag_sencillo.py
[2023-12-28 23:52:20,612] {processor.py:163} INFO - Started process (PID=260) to work on /opt/airflow/dags/dag_sencillo.py
[2023-12-28 23:52:20,619] {processor.py:642} INFO - Processing file /opt/airflow/dags/dag_sencillo.py for tasks to queue
[2023-12-28 23:52:20,621] {logging_mixin.py:109} INFO - [2023-12-28 23:52:20,621] {dagbag.py:500} INFO - Filling up the DagBag from /opt/airflow/dags/dag_sencillo.py
[2023-12-28 23:52:20,838] {processor.py:654} INFO - DAG(s) dict_keys(['PythonEmailDag']) retrieved from /opt/airflow/dags/dag_sencillo.py
[2023-12-28 23:52:31,218] {logging_mixin.py:109} INFO - [2023-12-28 23:52:31,217] {manager.py:496} INFO - Created Permission View: can edit on DAG:PythonEmailDag
[2023-12-28 23:52:31,272] {logging_mixin.py:109} INFO - [2023-12-28 23:52:31,272] {manager.py:496} INFO - Created Permission View: can read on DAG:PythonEmailDag
[2023-12-28 23:52:31,281] {logging_mixin.py:109} INFO - [2023-12-28 23:52:31,278] {dag.py:2396} INFO - Sync 1 DAGs
[2023-12-28 23:52:31,375] {logging_mixin.py:109} INFO - [2023-12-28 23:52:31,364] {dag.py:2415} INFO - Creating ORM DAG for PythonEmailDag
[2023-12-28 23:52:31,454] {logging_mixin.py:109} INFO - [2023-12-28 23:52:31,453] {dag.py:2935} INFO - Setting next_dagrun for PythonEmailDag to 2023-05-13T00:00:00+00:00
[2023-12-28 23:52:31,569] {processor.py:171} INFO - Processing /opt/airflow/dags/dag_sencillo.py took 10.978 seconds
[2023-12-28 23:54:49,851] {processor.py:163} INFO - Started process (PID=389) to work on /opt/airflow/dags/dag_sencillo.py
[2023-12-28 23:54:49,872] {processor.py:642} INFO - Processing file /opt/airflow/dags/dag_sencillo.py for tasks to queue
[2023-12-28 23:54:49,873] {logging_mixin.py:109} INFO - [2023-12-28 23:54:49,873] {dagbag.py:500} INFO - Filling up the DagBag from /opt/airflow/dags/dag_sencillo.py
[2023-12-28 23:54:50,451] {processor.py:654} INFO - DAG(s) dict_keys(['PythonEmailDag']) retrieved from /opt/airflow/dags/dag_sencillo.py
[2023-12-28 23:54:50,511] {logging_mixin.py:109} INFO - [2023-12-28 23:54:50,511] {dag.py:2396} INFO - Sync 1 DAGs
[2023-12-28 23:54:50,599] {logging_mixin.py:109} INFO - [2023-12-28 23:54:50,599] {dag.py:2935} INFO - Setting next_dagrun for PythonEmailDag to 2023-05-13T00:00:00+00:00
[2023-12-28 23:54:50,682] {processor.py:171} INFO - Processing /opt/airflow/dags/dag_sencillo.py took 0.859 seconds
[2023-12-28 23:57:29,894] {processor.py:163} INFO - Started process (PID=587) to work on /opt/airflow/dags/dag_sencillo.py
[2023-12-28 23:57:29,914] {processor.py:642} INFO - Processing file /opt/airflow/dags/dag_sencillo.py for tasks to queue
[2023-12-28 23:57:29,923] {logging_mixin.py:109} INFO - [2023-12-28 23:57:29,922] {dagbag.py:500} INFO - Filling up the DagBag from /opt/airflow/dags/dag_sencillo.py
[2023-12-28 23:57:30,123] {processor.py:654} INFO - DAG(s) dict_keys(['PythonEmailDag']) retrieved from /opt/airflow/dags/dag_sencillo.py
[2023-12-28 23:57:30,162] {logging_mixin.py:109} INFO - [2023-12-28 23:57:30,162] {dag.py:2396} INFO - Sync 1 DAGs
[2023-12-28 23:57:30,232] {logging_mixin.py:109} INFO - [2023-12-28 23:57:30,232] {dag.py:2935} INFO - Setting next_dagrun for PythonEmailDag to 2023-05-13T00:00:00+00:00
[2023-12-28 23:57:30,263] {processor.py:171} INFO - Processing /opt/airflow/dags/dag_sencillo.py took 0.386 seconds
[2023-12-28 23:58:00,556] {processor.py:163} INFO - Started process (PID=634) to work on /opt/airflow/dags/dag_sencillo.py
[2023-12-28 23:58:00,560] {processor.py:642} INFO - Processing file /opt/airflow/dags/dag_sencillo.py for tasks to queue
[2023-12-28 23:58:00,564] {logging_mixin.py:109} INFO - [2023-12-28 23:58:00,563] {dagbag.py:500} INFO - Filling up the DagBag from /opt/airflow/dags/dag_sencillo.py
[2023-12-28 23:58:00,671] {processor.py:654} INFO - DAG(s) dict_keys(['PythonEmailDag']) retrieved from /opt/airflow/dags/dag_sencillo.py
[2023-12-28 23:58:00,728] {logging_mixin.py:109} INFO - [2023-12-28 23:58:00,728] {dag.py:2396} INFO - Sync 1 DAGs
[2023-12-28 23:58:00,772] {logging_mixin.py:109} INFO - [2023-12-28 23:58:00,772] {dag.py:2935} INFO - Setting next_dagrun for PythonEmailDag to 2023-05-13T00:00:00+00:00
[2023-12-28 23:58:00,797] {processor.py:171} INFO - Processing /opt/airflow/dags/dag_sencillo.py took 0.249 seconds
[2023-12-28 23:58:31,197] {processor.py:163} INFO - Started process (PID=691) to work on /opt/airflow/dags/dag_sencillo.py
[2023-12-28 23:58:31,204] {processor.py:642} INFO - Processing file /opt/airflow/dags/dag_sencillo.py for tasks to queue
[2023-12-28 23:58:31,206] {logging_mixin.py:109} INFO - [2023-12-28 23:58:31,206] {dagbag.py:500} INFO - Filling up the DagBag from /opt/airflow/dags/dag_sencillo.py
[2023-12-28 23:58:31,695] {processor.py:654} INFO - DAG(s) dict_keys(['PythonEmailDag']) retrieved from /opt/airflow/dags/dag_sencillo.py
[2023-12-28 23:58:31,760] {logging_mixin.py:109} INFO - [2023-12-28 23:58:31,760] {dag.py:2396} INFO - Sync 1 DAGs
[2023-12-28 23:58:31,931] {logging_mixin.py:109} INFO - [2023-12-28 23:58:31,931] {dag.py:2935} INFO - Setting next_dagrun for PythonEmailDag to 2023-05-13T00:00:00+00:00
[2023-12-28 23:58:31,969] {processor.py:171} INFO - Processing /opt/airflow/dags/dag_sencillo.py took 0.814 seconds
[2023-12-28 23:59:02,648] {processor.py:163} INFO - Started process (PID=738) to work on /opt/airflow/dags/dag_sencillo.py
[2023-12-28 23:59:02,651] {processor.py:642} INFO - Processing file /opt/airflow/dags/dag_sencillo.py for tasks to queue
[2023-12-28 23:59:02,653] {logging_mixin.py:109} INFO - [2023-12-28 23:59:02,653] {dagbag.py:500} INFO - Filling up the DagBag from /opt/airflow/dags/dag_sencillo.py
[2023-12-28 23:59:02,755] {processor.py:654} INFO - DAG(s) dict_keys(['PythonEmailDag']) retrieved from /opt/airflow/dags/dag_sencillo.py
[2023-12-28 23:59:02,777] {logging_mixin.py:109} INFO - [2023-12-28 23:59:02,776] {dag.py:2396} INFO - Sync 1 DAGs
[2023-12-28 23:59:02,811] {logging_mixin.py:109} INFO - [2023-12-28 23:59:02,810] {dag.py:2935} INFO - Setting next_dagrun for PythonEmailDag to 2023-05-13T00:00:00+00:00
[2023-12-28 23:59:02,837] {processor.py:171} INFO - Processing /opt/airflow/dags/dag_sencillo.py took 0.196 seconds
[2023-12-28 23:59:33,478] {processor.py:163} INFO - Started process (PID=794) to work on /opt/airflow/dags/dag_sencillo.py
[2023-12-28 23:59:33,482] {processor.py:642} INFO - Processing file /opt/airflow/dags/dag_sencillo.py for tasks to queue
[2023-12-28 23:59:33,484] {logging_mixin.py:109} INFO - [2023-12-28 23:59:33,484] {dagbag.py:500} INFO - Filling up the DagBag from /opt/airflow/dags/dag_sencillo.py
[2023-12-28 23:59:33,612] {processor.py:654} INFO - DAG(s) dict_keys(['PythonEmailDag']) retrieved from /opt/airflow/dags/dag_sencillo.py
[2023-12-28 23:59:33,638] {logging_mixin.py:109} INFO - [2023-12-28 23:59:33,638] {dag.py:2396} INFO - Sync 1 DAGs
[2023-12-28 23:59:33,666] {logging_mixin.py:109} INFO - [2023-12-28 23:59:33,666] {dag.py:2935} INFO - Setting next_dagrun for PythonEmailDag to 2023-05-13T00:00:00+00:00
[2023-12-28 23:59:33,688] {processor.py:171} INFO - Processing /opt/airflow/dags/dag_sencillo.py took 0.218 seconds
