[2023-12-28 23:46:58,991] {processor.py:163} INFO - Started process (PID=62) to work on /opt/airflow/dags/dag_smtp_emails.py
[2023-12-28 23:46:58,999] {processor.py:642} INFO - Processing file /opt/airflow/dags/dag_smtp_emails.py for tasks to queue
[2023-12-28 23:46:59,002] {logging_mixin.py:109} INFO - [2023-12-28 23:46:59,001] {dagbag.py:500} INFO - Filling up the DagBag from /opt/airflow/dags/dag_smtp_emails.py
[2023-12-28 23:46:59,431] {processor.py:654} INFO - DAG(s) dict_keys(['dag_smtp_email_automatico']) retrieved from /opt/airflow/dags/dag_smtp_emails.py
[2023-12-28 23:47:53,549] {processor.py:163} INFO - Started process (PID=102) to work on /opt/airflow/dags/dag_smtp_emails.py
[2023-12-28 23:47:53,582] {processor.py:642} INFO - Processing file /opt/airflow/dags/dag_smtp_emails.py for tasks to queue
[2023-12-28 23:47:53,594] {logging_mixin.py:109} INFO - [2023-12-28 23:47:53,594] {dagbag.py:500} INFO - Filling up the DagBag from /opt/airflow/dags/dag_smtp_emails.py
[2023-12-28 23:47:54,201] {processor.py:654} INFO - DAG(s) dict_keys(['dag_smtp_email_automatico']) retrieved from /opt/airflow/dags/dag_smtp_emails.py
[2023-12-28 23:50:03,570] {processor.py:163} INFO - Started process (PID=171) to work on /opt/airflow/dags/dag_smtp_emails.py
[2023-12-28 23:50:03,714] {processor.py:642} INFO - Processing file /opt/airflow/dags/dag_smtp_emails.py for tasks to queue
[2023-12-28 23:50:03,730] {logging_mixin.py:109} INFO - [2023-12-28 23:50:03,730] {dagbag.py:500} INFO - Filling up the DagBag from /opt/airflow/dags/dag_smtp_emails.py
[2023-12-28 23:50:04,852] {processor.py:654} INFO - DAG(s) dict_keys(['dag_smtp_email_automatico']) retrieved from /opt/airflow/dags/dag_smtp_emails.py
[2023-12-28 23:51:03,669] {processor.py:163} INFO - Started process (PID=210) to work on /opt/airflow/dags/dag_smtp_emails.py
[2023-12-28 23:51:03,695] {processor.py:642} INFO - Processing file /opt/airflow/dags/dag_smtp_emails.py for tasks to queue
[2023-12-28 23:51:03,725] {logging_mixin.py:109} INFO - [2023-12-28 23:51:03,725] {dagbag.py:500} INFO - Filling up the DagBag from /opt/airflow/dags/dag_smtp_emails.py
[2023-12-28 23:51:07,357] {processor.py:654} INFO - DAG(s) dict_keys(['dag_smtp_email_automatico']) retrieved from /opt/airflow/dags/dag_smtp_emails.py
[2023-12-28 23:51:59,010] {processor.py:163} INFO - Started process (PID=241) to work on /opt/airflow/dags/dag_smtp_emails.py
[2023-12-28 23:51:59,044] {processor.py:642} INFO - Processing file /opt/airflow/dags/dag_smtp_emails.py for tasks to queue
[2023-12-28 23:51:59,058] {logging_mixin.py:109} INFO - [2023-12-28 23:51:59,058] {dagbag.py:500} INFO - Filling up the DagBag from /opt/airflow/dags/dag_smtp_emails.py
[2023-12-28 23:51:59,859] {processor.py:654} INFO - DAG(s) dict_keys(['dag_smtp_email_automatico']) retrieved from /opt/airflow/dags/dag_smtp_emails.py
[2023-12-28 23:52:20,377] {logging_mixin.py:109} INFO - [2023-12-28 23:52:20,377] {manager.py:496} INFO - Created Permission View: can edit on DAG:dag_smtp_email_automatico
[2023-12-28 23:52:20,405] {logging_mixin.py:109} INFO - [2023-12-28 23:52:20,405] {manager.py:496} INFO - Created Permission View: can read on DAG:dag_smtp_email_automatico
[2023-12-28 23:52:20,415] {logging_mixin.py:109} INFO - [2023-12-28 23:52:20,406] {dag.py:2396} INFO - Sync 1 DAGs
[2023-12-28 23:52:20,444] {logging_mixin.py:109} INFO - [2023-12-28 23:52:20,440] {dag.py:2415} INFO - Creating ORM DAG for dag_smtp_email_automatico
[2023-12-28 23:52:20,482] {logging_mixin.py:109} INFO - [2023-12-28 23:52:20,482] {dag.py:2935} INFO - Setting next_dagrun for dag_smtp_email_automatico to 2023-05-17T00:00:00+00:00
[2023-12-28 23:52:20,552] {processor.py:171} INFO - Processing /opt/airflow/dags/dag_smtp_emails.py took 21.571 seconds
[2023-12-28 23:54:48,545] {processor.py:163} INFO - Started process (PID=386) to work on /opt/airflow/dags/dag_smtp_emails.py
[2023-12-28 23:54:48,548] {processor.py:642} INFO - Processing file /opt/airflow/dags/dag_smtp_emails.py for tasks to queue
[2023-12-28 23:54:48,571] {logging_mixin.py:109} INFO - [2023-12-28 23:54:48,571] {dagbag.py:500} INFO - Filling up the DagBag from /opt/airflow/dags/dag_smtp_emails.py
[2023-12-28 23:54:49,214] {processor.py:654} INFO - DAG(s) dict_keys(['dag_smtp_email_automatico']) retrieved from /opt/airflow/dags/dag_smtp_emails.py
[2023-12-28 23:54:49,342] {logging_mixin.py:109} INFO - [2023-12-28 23:54:49,341] {dag.py:2396} INFO - Sync 1 DAGs
[2023-12-28 23:54:49,477] {logging_mixin.py:109} INFO - [2023-12-28 23:54:49,477] {dag.py:2935} INFO - Setting next_dagrun for dag_smtp_email_automatico to 2023-05-17T00:00:00+00:00
[2023-12-28 23:54:49,551] {processor.py:171} INFO - Processing /opt/airflow/dags/dag_smtp_emails.py took 1.023 seconds
[2023-12-28 23:57:29,386] {processor.py:163} INFO - Started process (PID=585) to work on /opt/airflow/dags/dag_smtp_emails.py
[2023-12-28 23:57:29,392] {processor.py:642} INFO - Processing file /opt/airflow/dags/dag_smtp_emails.py for tasks to queue
[2023-12-28 23:57:29,394] {logging_mixin.py:109} INFO - [2023-12-28 23:57:29,394] {dagbag.py:500} INFO - Filling up the DagBag from /opt/airflow/dags/dag_smtp_emails.py
[2023-12-28 23:57:29,687] {processor.py:654} INFO - DAG(s) dict_keys(['dag_smtp_email_automatico']) retrieved from /opt/airflow/dags/dag_smtp_emails.py
[2023-12-28 23:57:29,732] {logging_mixin.py:109} INFO - [2023-12-28 23:57:29,732] {dag.py:2396} INFO - Sync 1 DAGs
[2023-12-28 23:57:29,786] {logging_mixin.py:109} INFO - [2023-12-28 23:57:29,786] {dag.py:2935} INFO - Setting next_dagrun for dag_smtp_email_automatico to 2023-05-17T00:00:00+00:00
[2023-12-28 23:57:29,819] {processor.py:171} INFO - Processing /opt/airflow/dags/dag_smtp_emails.py took 0.440 seconds
[2023-12-28 23:58:00,553] {processor.py:163} INFO - Started process (PID=633) to work on /opt/airflow/dags/dag_smtp_emails.py
[2023-12-28 23:58:00,556] {processor.py:642} INFO - Processing file /opt/airflow/dags/dag_smtp_emails.py for tasks to queue
[2023-12-28 23:58:00,557] {logging_mixin.py:109} INFO - [2023-12-28 23:58:00,557] {dagbag.py:500} INFO - Filling up the DagBag from /opt/airflow/dags/dag_smtp_emails.py
[2023-12-28 23:58:00,670] {processor.py:654} INFO - DAG(s) dict_keys(['dag_smtp_email_automatico']) retrieved from /opt/airflow/dags/dag_smtp_emails.py
[2023-12-28 23:58:00,743] {logging_mixin.py:109} INFO - [2023-12-28 23:58:00,742] {dag.py:2396} INFO - Sync 1 DAGs
[2023-12-28 23:58:00,786] {logging_mixin.py:109} INFO - [2023-12-28 23:58:00,785] {dag.py:2935} INFO - Setting next_dagrun for dag_smtp_email_automatico to 2023-05-17T00:00:00+00:00
[2023-12-28 23:58:00,818] {processor.py:171} INFO - Processing /opt/airflow/dags/dag_smtp_emails.py took 0.273 seconds
[2023-12-28 23:58:31,181] {processor.py:163} INFO - Started process (PID=690) to work on /opt/airflow/dags/dag_smtp_emails.py
[2023-12-28 23:58:31,184] {processor.py:642} INFO - Processing file /opt/airflow/dags/dag_smtp_emails.py for tasks to queue
[2023-12-28 23:58:31,193] {logging_mixin.py:109} INFO - [2023-12-28 23:58:31,193] {dagbag.py:500} INFO - Filling up the DagBag from /opt/airflow/dags/dag_smtp_emails.py
[2023-12-28 23:58:31,597] {processor.py:654} INFO - DAG(s) dict_keys(['dag_smtp_email_automatico']) retrieved from /opt/airflow/dags/dag_smtp_emails.py
[2023-12-28 23:58:31,635] {logging_mixin.py:109} INFO - [2023-12-28 23:58:31,635] {dag.py:2396} INFO - Sync 1 DAGs
[2023-12-28 23:58:31,742] {logging_mixin.py:109} INFO - [2023-12-28 23:58:31,742] {dag.py:2935} INFO - Setting next_dagrun for dag_smtp_email_automatico to 2023-05-17T00:00:00+00:00
[2023-12-28 23:58:31,846] {processor.py:171} INFO - Processing /opt/airflow/dags/dag_smtp_emails.py took 0.700 seconds
[2023-12-28 23:59:02,645] {processor.py:163} INFO - Started process (PID=737) to work on /opt/airflow/dags/dag_smtp_emails.py
[2023-12-28 23:59:02,647] {processor.py:642} INFO - Processing file /opt/airflow/dags/dag_smtp_emails.py for tasks to queue
[2023-12-28 23:59:02,649] {logging_mixin.py:109} INFO - [2023-12-28 23:59:02,649] {dagbag.py:500} INFO - Filling up the DagBag from /opt/airflow/dags/dag_smtp_emails.py
[2023-12-28 23:59:02,745] {processor.py:654} INFO - DAG(s) dict_keys(['dag_smtp_email_automatico']) retrieved from /opt/airflow/dags/dag_smtp_emails.py
[2023-12-28 23:59:02,769] {logging_mixin.py:109} INFO - [2023-12-28 23:59:02,769] {dag.py:2396} INFO - Sync 1 DAGs
[2023-12-28 23:59:02,803] {logging_mixin.py:109} INFO - [2023-12-28 23:59:02,802] {dag.py:2935} INFO - Setting next_dagrun for dag_smtp_email_automatico to 2023-05-17T00:00:00+00:00
[2023-12-28 23:59:02,837] {processor.py:171} INFO - Processing /opt/airflow/dags/dag_smtp_emails.py took 0.199 seconds
[2023-12-28 23:59:33,472] {processor.py:163} INFO - Started process (PID=793) to work on /opt/airflow/dags/dag_smtp_emails.py
[2023-12-28 23:59:33,475] {processor.py:642} INFO - Processing file /opt/airflow/dags/dag_smtp_emails.py for tasks to queue
[2023-12-28 23:59:33,477] {logging_mixin.py:109} INFO - [2023-12-28 23:59:33,477] {dagbag.py:500} INFO - Filling up the DagBag from /opt/airflow/dags/dag_smtp_emails.py
[2023-12-28 23:59:33,610] {processor.py:654} INFO - DAG(s) dict_keys(['dag_smtp_email_automatico']) retrieved from /opt/airflow/dags/dag_smtp_emails.py
[2023-12-28 23:59:33,638] {logging_mixin.py:109} INFO - [2023-12-28 23:59:33,638] {dag.py:2396} INFO - Sync 1 DAGs
[2023-12-28 23:59:33,666] {logging_mixin.py:109} INFO - [2023-12-28 23:59:33,666] {dag.py:2935} INFO - Setting next_dagrun for dag_smtp_email_automatico to 2023-05-17T00:00:00+00:00
[2023-12-28 23:59:33,692] {processor.py:171} INFO - Processing /opt/airflow/dags/dag_smtp_emails.py took 0.231 seconds
