[2023-12-28 23:50:03,256] {processor.py:163} INFO - Started process (PID=170) to work on /opt/airflow/dags/Microdesafio_Semana11.py
[2023-12-28 23:50:03,507] {processor.py:642} INFO - Processing file /opt/airflow/dags/Microdesafio_Semana11.py for tasks to queue
[2023-12-28 23:50:04,136] {logging_mixin.py:109} INFO - [2023-12-28 23:50:04,136] {dagbag.py:500} INFO - Filling up the DagBag from /opt/airflow/dags/Microdesafio_Semana11.py
[2023-12-28 23:50:04,637] {logging_mixin.py:109} INFO - Pais Argentina (AR), Fecha fin mundo estimada: 2040
Pais Brasil (BR), Fecha fin mundo estimada: 2080
Pais Colombia (CO), Fecha fin mundo estimada: 2095
Pais Chile (CL), Fecha fin mundo estimada: 2100
Pais Paraguay (PY), Fecha fin mundo estimada: 2089
Pais Uruguay (UR), Fecha fin mundo estimada: 2093
Pais Venezuela (VE), Fecha fin mundo estimada: 2054
Pais Peru (PE), Fecha fin mundo estimada: 2078
Pais Ecuador (EC), Fecha fin mundo estimada: 2079
Pais Bolivia (BO), Fecha fin mundo estimada: 2083
Pais México (MX), Fecha fin mundo estimada: 2071
[2023-12-28 23:50:05,005] {processor.py:654} INFO - DAG(s) dict_keys(['dag_smtp_email_fin_mundo']) retrieved from /opt/airflow/dags/Microdesafio_Semana11.py
[2023-12-28 23:51:03,633] {processor.py:163} INFO - Started process (PID=209) to work on /opt/airflow/dags/Microdesafio_Semana11.py
[2023-12-28 23:51:03,679] {processor.py:642} INFO - Processing file /opt/airflow/dags/Microdesafio_Semana11.py for tasks to queue
[2023-12-28 23:51:03,711] {logging_mixin.py:109} INFO - [2023-12-28 23:51:03,711] {dagbag.py:500} INFO - Filling up the DagBag from /opt/airflow/dags/Microdesafio_Semana11.py
[2023-12-28 23:51:04,867] {logging_mixin.py:109} INFO - Pais Argentina (AR), Fecha fin mundo estimada: 2040
Pais Brasil (BR), Fecha fin mundo estimada: 2080
Pais Colombia (CO), Fecha fin mundo estimada: 2095
Pais Chile (CL), Fecha fin mundo estimada: 2100
Pais Paraguay (PY), Fecha fin mundo estimada: 2089
Pais Uruguay (UR), Fecha fin mundo estimada: 2093
Pais Venezuela (VE), Fecha fin mundo estimada: 2054
Pais Peru (PE), Fecha fin mundo estimada: 2078
Pais Ecuador (EC), Fecha fin mundo estimada: 2079
Pais Bolivia (BO), Fecha fin mundo estimada: 2083
Pais México (MX), Fecha fin mundo estimada: 2071
[2023-12-28 23:51:07,396] {processor.py:654} INFO - DAG(s) dict_keys(['dag_smtp_email_fin_mundo']) retrieved from /opt/airflow/dags/Microdesafio_Semana11.py
[2023-12-28 23:51:59,004] {processor.py:163} INFO - Started process (PID=240) to work on /opt/airflow/dags/Microdesafio_Semana11.py
[2023-12-28 23:51:59,007] {processor.py:642} INFO - Processing file /opt/airflow/dags/Microdesafio_Semana11.py for tasks to queue
[2023-12-28 23:51:59,022] {logging_mixin.py:109} INFO - [2023-12-28 23:51:59,022] {dagbag.py:500} INFO - Filling up the DagBag from /opt/airflow/dags/Microdesafio_Semana11.py
[2023-12-28 23:51:59,507] {logging_mixin.py:109} INFO - Pais Argentina (AR), Fecha fin mundo estimada: 2040
Pais Brasil (BR), Fecha fin mundo estimada: 2080
Pais Colombia (CO), Fecha fin mundo estimada: 2095
Pais Chile (CL), Fecha fin mundo estimada: 2100
Pais Paraguay (PY), Fecha fin mundo estimada: 2089
Pais Uruguay (UR), Fecha fin mundo estimada: 2093
Pais Venezuela (VE), Fecha fin mundo estimada: 2054
Pais Peru (PE), Fecha fin mundo estimada: 2078
Pais Ecuador (EC), Fecha fin mundo estimada: 2079
Pais Bolivia (BO), Fecha fin mundo estimada: 2083
Pais México (MX), Fecha fin mundo estimada: 2071
[2023-12-28 23:51:59,858] {processor.py:654} INFO - DAG(s) dict_keys(['dag_smtp_email_fin_mundo']) retrieved from /opt/airflow/dags/Microdesafio_Semana11.py
[2023-12-28 23:52:20,396] {logging_mixin.py:109} INFO - [2023-12-28 23:52:20,396] {manager.py:496} INFO - Created Permission View: can edit on DAG:dag_smtp_email_fin_mundo
[2023-12-28 23:52:20,418] {logging_mixin.py:109} INFO - [2023-12-28 23:52:20,418] {manager.py:496} INFO - Created Permission View: can read on DAG:dag_smtp_email_fin_mundo
[2023-12-28 23:52:20,422] {logging_mixin.py:109} INFO - [2023-12-28 23:52:20,419] {dag.py:2396} INFO - Sync 1 DAGs
[2023-12-28 23:52:20,448] {logging_mixin.py:109} INFO - [2023-12-28 23:52:20,445] {dag.py:2415} INFO - Creating ORM DAG for dag_smtp_email_fin_mundo
[2023-12-28 23:52:20,468] {logging_mixin.py:109} INFO - [2023-12-28 23:52:20,468] {dag.py:2935} INFO - Setting next_dagrun for dag_smtp_email_fin_mundo to 2022-09-07T00:00:00+00:00
[2023-12-28 23:52:20,505] {processor.py:171} INFO - Processing /opt/airflow/dags/Microdesafio_Semana11.py took 21.521 seconds
[2023-12-28 23:54:48,581] {processor.py:163} INFO - Started process (PID=385) to work on /opt/airflow/dags/Microdesafio_Semana11.py
[2023-12-28 23:54:48,592] {processor.py:642} INFO - Processing file /opt/airflow/dags/Microdesafio_Semana11.py for tasks to queue
[2023-12-28 23:54:48,601] {logging_mixin.py:109} INFO - [2023-12-28 23:54:48,601] {dagbag.py:500} INFO - Filling up the DagBag from /opt/airflow/dags/Microdesafio_Semana11.py
[2023-12-28 23:54:48,919] {logging_mixin.py:109} INFO - Pais Argentina (AR), Fecha fin mundo estimada: 2040
Pais Brasil (BR), Fecha fin mundo estimada: 2080
Pais Colombia (CO), Fecha fin mundo estimada: 2095
Pais Chile (CL), Fecha fin mundo estimada: 2100
Pais Paraguay (PY), Fecha fin mundo estimada: 2089
Pais Uruguay (UR), Fecha fin mundo estimada: 2093
Pais Venezuela (VE), Fecha fin mundo estimada: 2054
Pais Peru (PE), Fecha fin mundo estimada: 2078
Pais Ecuador (EC), Fecha fin mundo estimada: 2079
Pais Bolivia (BO), Fecha fin mundo estimada: 2083
Pais México (MX), Fecha fin mundo estimada: 2071
[2023-12-28 23:54:49,240] {processor.py:654} INFO - DAG(s) dict_keys(['dag_smtp_email_fin_mundo']) retrieved from /opt/airflow/dags/Microdesafio_Semana11.py
[2023-12-28 23:54:51,954] {logging_mixin.py:109} INFO - [2023-12-28 23:54:51,954] {dag.py:2396} INFO - Sync 1 DAGs
[2023-12-28 23:54:52,211] {logging_mixin.py:109} INFO - [2023-12-28 23:54:52,210] {dag.py:2935} INFO - Setting next_dagrun for dag_smtp_email_fin_mundo to 2022-09-07T00:00:00+00:00
[2023-12-28 23:54:52,461] {processor.py:171} INFO - Processing /opt/airflow/dags/Microdesafio_Semana11.py took 3.905 seconds
[2023-12-28 23:57:28,347] {processor.py:163} INFO - Started process (PID=584) to work on /opt/airflow/dags/Microdesafio_Semana11.py
[2023-12-28 23:57:28,363] {processor.py:642} INFO - Processing file /opt/airflow/dags/Microdesafio_Semana11.py for tasks to queue
[2023-12-28 23:57:28,366] {logging_mixin.py:109} INFO - [2023-12-28 23:57:28,365] {dagbag.py:500} INFO - Filling up the DagBag from /opt/airflow/dags/Microdesafio_Semana11.py
[2023-12-28 23:57:28,408] {logging_mixin.py:109} INFO - Pais Argentina (AR), Fecha fin mundo estimada: 2040
Pais Brasil (BR), Fecha fin mundo estimada: 2080
Pais Colombia (CO), Fecha fin mundo estimada: 2095
Pais Chile (CL), Fecha fin mundo estimada: 2100
Pais Paraguay (PY), Fecha fin mundo estimada: 2089
Pais Uruguay (UR), Fecha fin mundo estimada: 2093
Pais Venezuela (VE), Fecha fin mundo estimada: 2054
Pais Peru (PE), Fecha fin mundo estimada: 2078
Pais Ecuador (EC), Fecha fin mundo estimada: 2079
Pais Bolivia (BO), Fecha fin mundo estimada: 2083
Pais México (MX), Fecha fin mundo estimada: 2071
[2023-12-28 23:57:28,484] {processor.py:654} INFO - DAG(s) dict_keys(['dag_smtp_email_fin_mundo']) retrieved from /opt/airflow/dags/Microdesafio_Semana11.py
[2023-12-28 23:57:28,542] {logging_mixin.py:109} INFO - [2023-12-28 23:57:28,542] {dag.py:2396} INFO - Sync 1 DAGs
[2023-12-28 23:57:28,595] {logging_mixin.py:109} INFO - [2023-12-28 23:57:28,595] {dag.py:2935} INFO - Setting next_dagrun for dag_smtp_email_fin_mundo to 2022-09-07T00:00:00+00:00
[2023-12-28 23:57:28,931] {processor.py:171} INFO - Processing /opt/airflow/dags/Microdesafio_Semana11.py took 0.591 seconds
[2023-12-28 23:57:59,476] {processor.py:163} INFO - Started process (PID=632) to work on /opt/airflow/dags/Microdesafio_Semana11.py
[2023-12-28 23:57:59,478] {processor.py:642} INFO - Processing file /opt/airflow/dags/Microdesafio_Semana11.py for tasks to queue
[2023-12-28 23:57:59,480] {logging_mixin.py:109} INFO - [2023-12-28 23:57:59,479] {dagbag.py:500} INFO - Filling up the DagBag from /opt/airflow/dags/Microdesafio_Semana11.py
[2023-12-28 23:57:59,517] {logging_mixin.py:109} INFO - Pais Argentina (AR), Fecha fin mundo estimada: 2040
Pais Brasil (BR), Fecha fin mundo estimada: 2080
Pais Colombia (CO), Fecha fin mundo estimada: 2095
Pais Chile (CL), Fecha fin mundo estimada: 2100
Pais Paraguay (PY), Fecha fin mundo estimada: 2089
Pais Uruguay (UR), Fecha fin mundo estimada: 2093
Pais Venezuela (VE), Fecha fin mundo estimada: 2054
Pais Peru (PE), Fecha fin mundo estimada: 2078
Pais Ecuador (EC), Fecha fin mundo estimada: 2079
Pais Bolivia (BO), Fecha fin mundo estimada: 2083
Pais México (MX), Fecha fin mundo estimada: 2071
[2023-12-28 23:57:59,552] {processor.py:654} INFO - DAG(s) dict_keys(['dag_smtp_email_fin_mundo']) retrieved from /opt/airflow/dags/Microdesafio_Semana11.py
[2023-12-28 23:57:59,560] {logging_mixin.py:109} INFO - [2023-12-28 23:57:59,559] {dag.py:2396} INFO - Sync 1 DAGs
[2023-12-28 23:57:59,585] {logging_mixin.py:109} INFO - [2023-12-28 23:57:59,585] {dag.py:2935} INFO - Setting next_dagrun for dag_smtp_email_fin_mundo to 2022-09-07T00:00:00+00:00
[2023-12-28 23:57:59,602] {processor.py:171} INFO - Processing /opt/airflow/dags/Microdesafio_Semana11.py took 0.134 seconds
[2023-12-28 23:58:30,189] {processor.py:163} INFO - Started process (PID=689) to work on /opt/airflow/dags/Microdesafio_Semana11.py
[2023-12-28 23:58:30,197] {processor.py:642} INFO - Processing file /opt/airflow/dags/Microdesafio_Semana11.py for tasks to queue
[2023-12-28 23:58:30,219] {logging_mixin.py:109} INFO - [2023-12-28 23:58:30,218] {dagbag.py:500} INFO - Filling up the DagBag from /opt/airflow/dags/Microdesafio_Semana11.py
[2023-12-28 23:58:30,266] {logging_mixin.py:109} INFO - Pais Argentina (AR), Fecha fin mundo estimada: 2040
Pais Brasil (BR), Fecha fin mundo estimada: 2080
Pais Colombia (CO), Fecha fin mundo estimada: 2095
Pais Chile (CL), Fecha fin mundo estimada: 2100
Pais Paraguay (PY), Fecha fin mundo estimada: 2089
Pais Uruguay (UR), Fecha fin mundo estimada: 2093
Pais Venezuela (VE), Fecha fin mundo estimada: 2054
Pais Peru (PE), Fecha fin mundo estimada: 2078
Pais Ecuador (EC), Fecha fin mundo estimada: 2079
Pais Bolivia (BO), Fecha fin mundo estimada: 2083
Pais México (MX), Fecha fin mundo estimada: 2071
[2023-12-28 23:58:30,315] {processor.py:654} INFO - DAG(s) dict_keys(['dag_smtp_email_fin_mundo']) retrieved from /opt/airflow/dags/Microdesafio_Semana11.py
[2023-12-28 23:58:30,876] {logging_mixin.py:109} INFO - [2023-12-28 23:58:30,874] {dag.py:2396} INFO - Sync 1 DAGs
[2023-12-28 23:58:30,919] {logging_mixin.py:109} INFO - [2023-12-28 23:58:30,918] {dag.py:2935} INFO - Setting next_dagrun for dag_smtp_email_fin_mundo to 2022-09-07T00:00:00+00:00
[2023-12-28 23:58:30,947] {processor.py:171} INFO - Processing /opt/airflow/dags/Microdesafio_Semana11.py took 0.765 seconds
[2023-12-28 23:59:01,621] {processor.py:163} INFO - Started process (PID=736) to work on /opt/airflow/dags/Microdesafio_Semana11.py
[2023-12-28 23:59:01,624] {processor.py:642} INFO - Processing file /opt/airflow/dags/Microdesafio_Semana11.py for tasks to queue
[2023-12-28 23:59:01,626] {logging_mixin.py:109} INFO - [2023-12-28 23:59:01,625] {dagbag.py:500} INFO - Filling up the DagBag from /opt/airflow/dags/Microdesafio_Semana11.py
[2023-12-28 23:59:01,677] {logging_mixin.py:109} INFO - Pais Argentina (AR), Fecha fin mundo estimada: 2040
Pais Brasil (BR), Fecha fin mundo estimada: 2080
Pais Colombia (CO), Fecha fin mundo estimada: 2095
Pais Chile (CL), Fecha fin mundo estimada: 2100
Pais Paraguay (PY), Fecha fin mundo estimada: 2089
Pais Uruguay (UR), Fecha fin mundo estimada: 2093
Pais Venezuela (VE), Fecha fin mundo estimada: 2054
Pais Peru (PE), Fecha fin mundo estimada: 2078
Pais Ecuador (EC), Fecha fin mundo estimada: 2079
Pais Bolivia (BO), Fecha fin mundo estimada: 2083
Pais México (MX), Fecha fin mundo estimada: 2071
[2023-12-28 23:59:01,721] {processor.py:654} INFO - DAG(s) dict_keys(['dag_smtp_email_fin_mundo']) retrieved from /opt/airflow/dags/Microdesafio_Semana11.py
[2023-12-28 23:59:01,740] {logging_mixin.py:109} INFO - [2023-12-28 23:59:01,740] {dag.py:2396} INFO - Sync 1 DAGs
[2023-12-28 23:59:01,768] {logging_mixin.py:109} INFO - [2023-12-28 23:59:01,768] {dag.py:2935} INFO - Setting next_dagrun for dag_smtp_email_fin_mundo to 2022-09-07T00:00:00+00:00
[2023-12-28 23:59:01,787] {processor.py:171} INFO - Processing /opt/airflow/dags/Microdesafio_Semana11.py took 0.173 seconds
[2023-12-28 23:59:32,398] {processor.py:163} INFO - Started process (PID=792) to work on /opt/airflow/dags/Microdesafio_Semana11.py
[2023-12-28 23:59:32,407] {processor.py:642} INFO - Processing file /opt/airflow/dags/Microdesafio_Semana11.py for tasks to queue
[2023-12-28 23:59:32,409] {logging_mixin.py:109} INFO - [2023-12-28 23:59:32,409] {dagbag.py:500} INFO - Filling up the DagBag from /opt/airflow/dags/Microdesafio_Semana11.py
[2023-12-28 23:59:32,470] {logging_mixin.py:109} INFO - Pais Argentina (AR), Fecha fin mundo estimada: 2040
Pais Brasil (BR), Fecha fin mundo estimada: 2080
Pais Colombia (CO), Fecha fin mundo estimada: 2095
Pais Chile (CL), Fecha fin mundo estimada: 2100
Pais Paraguay (PY), Fecha fin mundo estimada: 2089
Pais Uruguay (UR), Fecha fin mundo estimada: 2093
Pais Venezuela (VE), Fecha fin mundo estimada: 2054
Pais Peru (PE), Fecha fin mundo estimada: 2078
Pais Ecuador (EC), Fecha fin mundo estimada: 2079
Pais Bolivia (BO), Fecha fin mundo estimada: 2083
Pais México (MX), Fecha fin mundo estimada: 2071
[2023-12-28 23:59:32,577] {processor.py:654} INFO - DAG(s) dict_keys(['dag_smtp_email_fin_mundo']) retrieved from /opt/airflow/dags/Microdesafio_Semana11.py
[2023-12-28 23:59:32,594] {logging_mixin.py:109} INFO - [2023-12-28 23:59:32,594] {dag.py:2396} INFO - Sync 1 DAGs
[2023-12-28 23:59:32,632] {logging_mixin.py:109} INFO - [2023-12-28 23:59:32,631] {dag.py:2935} INFO - Setting next_dagrun for dag_smtp_email_fin_mundo to 2022-09-07T00:00:00+00:00
[2023-12-28 23:59:32,691] {processor.py:171} INFO - Processing /opt/airflow/dags/Microdesafio_Semana11.py took 0.301 seconds
