[2023-12-10 19:39:27,406] {taskinstance.py:1179} INFO - Dependencies all met for <TaskInstance: mi_primer_dag_v3.segunda_tarea scheduled__2023-03-12T00:00:00+00:00 [queued]>
[2023-12-10 19:39:27,700] {taskinstance.py:1179} INFO - Dependencies all met for <TaskInstance: mi_primer_dag_v3.segunda_tarea scheduled__2023-03-12T00:00:00+00:00 [queued]>
[2023-12-10 19:39:27,715] {taskinstance.py:1376} INFO - 
--------------------------------------------------------------------------------
[2023-12-10 19:39:27,731] {taskinstance.py:1377} INFO - Starting attempt 1 of 6
[2023-12-10 19:39:27,744] {taskinstance.py:1378} INFO - 
--------------------------------------------------------------------------------
[2023-12-10 19:39:28,292] {taskinstance.py:1397} INFO - Executing <Task(BashOperator): segunda_tarea> on 2023-03-12 00:00:00+00:00
[2023-12-10 19:39:28,304] {standard_task_runner.py:52} INFO - Started process 2468 to run task
[2023-12-10 19:39:28,427] {standard_task_runner.py:79} INFO - Running: ['***', 'tasks', 'run', 'mi_primer_dag_v3', 'segunda_tarea', 'scheduled__2023-03-12T00:00:00+00:00', '--job-id', '673', '--raw', '--subdir', 'DAGS_FOLDER/primer_dag_v3.py', '--cfg-path', '/tmp/tmp_w3don_x', '--error-file', '/tmp/tmpzmoo67ur']
[2023-12-10 19:39:28,439] {standard_task_runner.py:80} INFO - Job 673: Subtask segunda_tarea
[2023-12-10 19:39:30,271] {task_command.py:371} INFO - Running <TaskInstance: mi_primer_dag_v3.segunda_tarea scheduled__2023-03-12T00:00:00+00:00 [running]> on host 42828894a739
[2023-12-10 19:39:32,276] {taskinstance.py:1591} INFO - Exporting the following env vars:
AIRFLOW_CTX_DAG_OWNER=DavidBU
AIRFLOW_CTX_DAG_ID=mi_primer_dag_v3
AIRFLOW_CTX_TASK_ID=segunda_tarea
AIRFLOW_CTX_EXECUTION_DATE=2023-03-12T00:00:00+00:00
AIRFLOW_CTX_TRY_NUMBER=1
AIRFLOW_CTX_DAG_RUN_ID=scheduled__2023-03-12T00:00:00+00:00
[2023-12-10 19:39:32,297] {subprocess.py:62} INFO - Tmp dir root location: 
 /tmp
[2023-12-10 19:39:32,299] {subprocess.py:74} INFO - Running command: ['bash', '-c', 'echo hola, soy la tarea 2 y sere corrida luego de la Tarea 1']
[2023-12-10 19:39:32,381] {subprocess.py:85} INFO - Output:
[2023-12-10 19:39:32,419] {subprocess.py:92} INFO - hola, soy la tarea 2 y sere corrida luego de la Tarea 1
[2023-12-10 19:39:32,428] {subprocess.py:96} INFO - Command exited with return code 0
[2023-12-10 19:39:33,186] {taskinstance.py:1420} INFO - Marking task as SUCCESS. dag_id=mi_primer_dag_v3, task_id=segunda_tarea, execution_date=20230312T000000, start_date=20231210T193927, end_date=20231210T193933
[2023-12-10 19:39:33,760] {local_task_job.py:156} INFO - Task exited with return code 0
[2023-12-10 19:39:34,530] {local_task_job.py:273} INFO - 0 downstream tasks scheduled from follow-on schedule check
