[2023-12-10 20:24:50,356] {taskinstance.py:1179} INFO - Dependencies all met for <TaskInstance: mi_primer_dag.primer_task scheduled__2023-10-31T00:00:00+00:00 [queued]>
[2023-12-10 20:24:50,475] {taskinstance.py:1179} INFO - Dependencies all met for <TaskInstance: mi_primer_dag.primer_task scheduled__2023-10-31T00:00:00+00:00 [queued]>
[2023-12-10 20:24:50,493] {taskinstance.py:1376} INFO - 
--------------------------------------------------------------------------------
[2023-12-10 20:24:50,540] {taskinstance.py:1377} INFO - Starting attempt 1 of 6
[2023-12-10 20:24:50,572] {taskinstance.py:1378} INFO - 
--------------------------------------------------------------------------------
[2023-12-10 20:24:50,859] {taskinstance.py:1397} INFO - Executing <Task(BashOperator): primer_task> on 2023-10-31 00:00:00+00:00
[2023-12-10 20:24:50,919] {standard_task_runner.py:52} INFO - Started process 2050 to run task
[2023-12-10 20:24:50,926] {standard_task_runner.py:79} INFO - Running: ['***', 'tasks', 'run', 'mi_primer_dag', 'primer_task', 'scheduled__2023-10-31T00:00:00+00:00', '--job-id', '2185', '--raw', '--subdir', 'DAGS_FOLDER/mi_primer_dag.py', '--cfg-path', '/tmp/tmpgb6jmaz0', '--error-file', '/tmp/tmpjv63cn_i']
[2023-12-10 20:24:50,970] {standard_task_runner.py:80} INFO - Job 2185: Subtask primer_task
[2023-12-10 20:24:51,776] {task_command.py:371} INFO - Running <TaskInstance: mi_primer_dag.primer_task scheduled__2023-10-31T00:00:00+00:00 [running]> on host 42828894a739
[2023-12-10 20:24:52,384] {taskinstance.py:1591} INFO - Exporting the following env vars:
AIRFLOW_CTX_DAG_OWNER=DavidBU
AIRFLOW_CTX_DAG_ID=mi_primer_dag
AIRFLOW_CTX_TASK_ID=primer_task
AIRFLOW_CTX_EXECUTION_DATE=2023-10-31T00:00:00+00:00
AIRFLOW_CTX_TRY_NUMBER=1
AIRFLOW_CTX_DAG_RUN_ID=scheduled__2023-10-31T00:00:00+00:00
[2023-12-10 20:24:52,387] {subprocess.py:62} INFO - Tmp dir root location: 
 /tmp
[2023-12-10 20:24:52,419] {subprocess.py:74} INFO - Running command: ['bash', '-c', 'echo hola mundo, esta es nuestra primera tarea usando bash operator!']
[2023-12-10 20:24:52,512] {subprocess.py:85} INFO - Output:
[2023-12-10 20:24:52,551] {subprocess.py:92} INFO - hola mundo, esta es nuestra primera tarea usando bash operator!
[2023-12-10 20:24:52,566] {subprocess.py:96} INFO - Command exited with return code 0
[2023-12-10 20:24:53,849] {taskinstance.py:1420} INFO - Marking task as SUCCESS. dag_id=mi_primer_dag, task_id=primer_task, execution_date=20231031T000000, start_date=20231210T202450, end_date=20231210T202453
[2023-12-10 20:24:54,143] {local_task_job.py:156} INFO - Task exited with return code 0
[2023-12-10 20:24:54,999] {local_task_job.py:273} INFO - 0 downstream tasks scheduled from follow-on schedule check
