[2023-12-10 20:24:22,336] {taskinstance.py:1179} INFO - Dependencies all met for <TaskInstance: mi_primer_dag.primer_task scheduled__2023-10-14T00:00:00+00:00 [queued]>
[2023-12-10 20:24:22,443] {taskinstance.py:1179} INFO - Dependencies all met for <TaskInstance: mi_primer_dag.primer_task scheduled__2023-10-14T00:00:00+00:00 [queued]>
[2023-12-10 20:24:22,480] {taskinstance.py:1376} INFO - 
--------------------------------------------------------------------------------
[2023-12-10 20:24:22,487] {taskinstance.py:1377} INFO - Starting attempt 1 of 6
[2023-12-10 20:24:22,488] {taskinstance.py:1378} INFO - 
--------------------------------------------------------------------------------
[2023-12-10 20:24:22,849] {taskinstance.py:1397} INFO - Executing <Task(BashOperator): primer_task> on 2023-10-14 00:00:00+00:00
[2023-12-10 20:24:22,870] {standard_task_runner.py:52} INFO - Started process 1935 to run task
[2023-12-10 20:24:22,982] {standard_task_runner.py:79} INFO - Running: ['***', 'tasks', 'run', 'mi_primer_dag', 'primer_task', 'scheduled__2023-10-14T00:00:00+00:00', '--job-id', '2156', '--raw', '--subdir', 'DAGS_FOLDER/mi_primer_dag.py', '--cfg-path', '/tmp/tmpg7768axo', '--error-file', '/tmp/tmpn5ubkwa2']
[2023-12-10 20:24:23,013] {standard_task_runner.py:80} INFO - Job 2156: Subtask primer_task
[2023-12-10 20:24:23,799] {task_command.py:371} INFO - Running <TaskInstance: mi_primer_dag.primer_task scheduled__2023-10-14T00:00:00+00:00 [running]> on host 42828894a739
[2023-12-10 20:24:24,469] {taskinstance.py:1591} INFO - Exporting the following env vars:
AIRFLOW_CTX_DAG_OWNER=DavidBU
AIRFLOW_CTX_DAG_ID=mi_primer_dag
AIRFLOW_CTX_TASK_ID=primer_task
AIRFLOW_CTX_EXECUTION_DATE=2023-10-14T00:00:00+00:00
AIRFLOW_CTX_TRY_NUMBER=1
AIRFLOW_CTX_DAG_RUN_ID=scheduled__2023-10-14T00:00:00+00:00
[2023-12-10 20:24:24,476] {subprocess.py:62} INFO - Tmp dir root location: 
 /tmp
[2023-12-10 20:24:24,479] {subprocess.py:74} INFO - Running command: ['bash', '-c', 'echo hola mundo, esta es nuestra primera tarea usando bash operator!']
[2023-12-10 20:24:24,510] {subprocess.py:85} INFO - Output:
[2023-12-10 20:24:24,520] {subprocess.py:92} INFO - hola mundo, esta es nuestra primera tarea usando bash operator!
[2023-12-10 20:24:24,521] {subprocess.py:96} INFO - Command exited with return code 0
[2023-12-10 20:24:24,671] {taskinstance.py:1420} INFO - Marking task as SUCCESS. dag_id=mi_primer_dag, task_id=primer_task, execution_date=20231014T000000, start_date=20231210T202422, end_date=20231210T202424
[2023-12-10 20:24:24,750] {local_task_job.py:156} INFO - Task exited with return code 0
[2023-12-10 20:24:24,920] {local_task_job.py:273} INFO - 0 downstream tasks scheduled from follow-on schedule check
