[2023-12-10 20:21:16,508] {taskinstance.py:1179} INFO - Dependencies all met for <TaskInstance: mi_primer_dag.primer_task scheduled__2023-06-12T00:00:00+00:00 [queued]>
[2023-12-10 20:21:16,702] {taskinstance.py:1179} INFO - Dependencies all met for <TaskInstance: mi_primer_dag.primer_task scheduled__2023-06-12T00:00:00+00:00 [queued]>
[2023-12-10 20:21:16,717] {taskinstance.py:1376} INFO - 
--------------------------------------------------------------------------------
[2023-12-10 20:21:16,717] {taskinstance.py:1377} INFO - Starting attempt 1 of 6
[2023-12-10 20:21:16,719] {taskinstance.py:1378} INFO - 
--------------------------------------------------------------------------------
[2023-12-10 20:21:16,943] {taskinstance.py:1397} INFO - Executing <Task(BashOperator): primer_task> on 2023-06-12 00:00:00+00:00
[2023-12-10 20:21:17,014] {standard_task_runner.py:52} INFO - Started process 1078 to run task
[2023-12-10 20:21:17,088] {standard_task_runner.py:79} INFO - Running: ['***', 'tasks', 'run', 'mi_primer_dag', 'primer_task', 'scheduled__2023-06-12T00:00:00+00:00', '--job-id', '1911', '--raw', '--subdir', 'DAGS_FOLDER/mi_primer_dag.py', '--cfg-path', '/tmp/tmp93p8cdnl', '--error-file', '/tmp/tmpdq_vu3f0']
[2023-12-10 20:21:17,100] {standard_task_runner.py:80} INFO - Job 1911: Subtask primer_task
[2023-12-10 20:21:18,280] {task_command.py:371} INFO - Running <TaskInstance: mi_primer_dag.primer_task scheduled__2023-06-12T00:00:00+00:00 [running]> on host 42828894a739
[2023-12-10 20:21:18,997] {taskinstance.py:1591} INFO - Exporting the following env vars:
AIRFLOW_CTX_DAG_OWNER=DavidBU
AIRFLOW_CTX_DAG_ID=mi_primer_dag
AIRFLOW_CTX_TASK_ID=primer_task
AIRFLOW_CTX_EXECUTION_DATE=2023-06-12T00:00:00+00:00
AIRFLOW_CTX_TRY_NUMBER=1
AIRFLOW_CTX_DAG_RUN_ID=scheduled__2023-06-12T00:00:00+00:00
[2023-12-10 20:21:19,000] {subprocess.py:62} INFO - Tmp dir root location: 
 /tmp
[2023-12-10 20:21:19,003] {subprocess.py:74} INFO - Running command: ['bash', '-c', 'echo hola mundo, esta es nuestra primera tarea usando bash operator!']
[2023-12-10 20:21:19,031] {subprocess.py:85} INFO - Output:
[2023-12-10 20:21:19,037] {subprocess.py:92} INFO - hola mundo, esta es nuestra primera tarea usando bash operator!
[2023-12-10 20:21:19,048] {subprocess.py:96} INFO - Command exited with return code 0
[2023-12-10 20:21:19,194] {taskinstance.py:1420} INFO - Marking task as SUCCESS. dag_id=mi_primer_dag, task_id=primer_task, execution_date=20230612T000000, start_date=20231210T202116, end_date=20231210T202119
[2023-12-10 20:21:19,316] {local_task_job.py:156} INFO - Task exited with return code 0
[2023-12-10 20:21:19,786] {local_task_job.py:273} INFO - 0 downstream tasks scheduled from follow-on schedule check
