[2023-12-10 20:28:05,008] {taskinstance.py:1179} INFO - Dependencies all met for <TaskInstance: mi_primer_dar_con_PythonOperator.aloha_david scheduled__2023-09-23T00:00:00+00:00 [queued]>
[2023-12-10 20:28:05,058] {taskinstance.py:1179} INFO - Dependencies all met for <TaskInstance: mi_primer_dar_con_PythonOperator.aloha_david scheduled__2023-09-23T00:00:00+00:00 [queued]>
[2023-12-10 20:28:05,058] {taskinstance.py:1376} INFO - 
--------------------------------------------------------------------------------
[2023-12-10 20:28:05,060] {taskinstance.py:1377} INFO - Starting attempt 1 of 6
[2023-12-10 20:28:05,060] {taskinstance.py:1378} INFO - 
--------------------------------------------------------------------------------
[2023-12-10 20:28:05,188] {taskinstance.py:1397} INFO - Executing <Task(PythonOperator): aloha_david> on 2023-09-23 00:00:00+00:00
[2023-12-10 20:28:05,208] {standard_task_runner.py:52} INFO - Started process 2780 to run task
[2023-12-10 20:28:05,219] {standard_task_runner.py:79} INFO - Running: ['***', 'tasks', 'run', 'mi_primer_dar_con_PythonOperator', 'aloha_david', 'scheduled__2023-09-23T00:00:00+00:00', '--job-id', '2404', '--raw', '--subdir', 'DAGS_FOLDER/mi_primer_dag_pythonoperator.py', '--cfg-path', '/tmp/tmpzejyk25f', '--error-file', '/tmp/tmpmh8t75g2']
[2023-12-10 20:28:05,225] {standard_task_runner.py:80} INFO - Job 2404: Subtask aloha_david
[2023-12-10 20:28:05,811] {task_command.py:371} INFO - Running <TaskInstance: mi_primer_dar_con_PythonOperator.aloha_david scheduled__2023-09-23T00:00:00+00:00 [running]> on host 42828894a739
[2023-12-10 20:28:06,330] {taskinstance.py:1591} INFO - Exporting the following env vars:
AIRFLOW_CTX_DAG_OWNER=DavidBU
AIRFLOW_CTX_DAG_ID=mi_primer_dar_con_PythonOperator
AIRFLOW_CTX_TASK_ID=aloha_david
AIRFLOW_CTX_EXECUTION_DATE=2023-09-23T00:00:00+00:00
AIRFLOW_CTX_TRY_NUMBER=1
AIRFLOW_CTX_DAG_RUN_ID=scheduled__2023-09-23T00:00:00+00:00
[2023-12-10 20:28:06,338] {logging_mixin.py:115} INFO - Aloha Mundo soy yo!
[2023-12-10 20:28:06,339] {python.py:173} INFO - Done. Returned value was: None
[2023-12-10 20:28:06,558] {taskinstance.py:1420} INFO - Marking task as SUCCESS. dag_id=mi_primer_dar_con_PythonOperator, task_id=aloha_david, execution_date=20230923T000000, start_date=20231210T202805, end_date=20231210T202806
[2023-12-10 20:28:06,662] {local_task_job.py:156} INFO - Task exited with return code 0
[2023-12-10 20:28:07,055] {local_task_job.py:273} INFO - 0 downstream tasks scheduled from follow-on schedule check
