[2023-12-10 20:23:10,874] {taskinstance.py:1179} INFO - Dependencies all met for <TaskInstance: mi_primer_dar_con_PythonOperator.aloha_david scheduled__2023-01-28T00:00:00+00:00 [queued]>
[2023-12-10 20:23:10,941] {taskinstance.py:1179} INFO - Dependencies all met for <TaskInstance: mi_primer_dar_con_PythonOperator.aloha_david scheduled__2023-01-28T00:00:00+00:00 [queued]>
[2023-12-10 20:23:10,944] {taskinstance.py:1376} INFO - 
--------------------------------------------------------------------------------
[2023-12-10 20:23:10,945] {taskinstance.py:1377} INFO - Starting attempt 1 of 6
[2023-12-10 20:23:10,946] {taskinstance.py:1378} INFO - 
--------------------------------------------------------------------------------
[2023-12-10 20:23:11,065] {taskinstance.py:1397} INFO - Executing <Task(PythonOperator): aloha_david> on 2023-01-28 00:00:00+00:00
[2023-12-10 20:23:11,092] {standard_task_runner.py:52} INFO - Started process 1602 to run task
[2023-12-10 20:23:11,164] {standard_task_runner.py:79} INFO - Running: ['***', 'tasks', 'run', 'mi_primer_dar_con_PythonOperator', 'aloha_david', 'scheduled__2023-01-28T00:00:00+00:00', '--job-id', '2062', '--raw', '--subdir', 'DAGS_FOLDER/mi_primer_dag_pythonoperator.py', '--cfg-path', '/tmp/tmp_4o79j2q', '--error-file', '/tmp/tmpgt_8bmvr']
[2023-12-10 20:23:11,196] {standard_task_runner.py:80} INFO - Job 2062: Subtask aloha_david
[2023-12-10 20:23:11,910] {task_command.py:371} INFO - Running <TaskInstance: mi_primer_dar_con_PythonOperator.aloha_david scheduled__2023-01-28T00:00:00+00:00 [running]> on host 42828894a739
[2023-12-10 20:23:12,842] {taskinstance.py:1591} INFO - Exporting the following env vars:
AIRFLOW_CTX_DAG_OWNER=DavidBU
AIRFLOW_CTX_DAG_ID=mi_primer_dar_con_PythonOperator
AIRFLOW_CTX_TASK_ID=aloha_david
AIRFLOW_CTX_EXECUTION_DATE=2023-01-28T00:00:00+00:00
AIRFLOW_CTX_TRY_NUMBER=1
AIRFLOW_CTX_DAG_RUN_ID=scheduled__2023-01-28T00:00:00+00:00
[2023-12-10 20:23:12,845] {logging_mixin.py:115} INFO - Aloha Mundo soy yo!
[2023-12-10 20:23:12,849] {python.py:173} INFO - Done. Returned value was: None
[2023-12-10 20:23:12,949] {taskinstance.py:1420} INFO - Marking task as SUCCESS. dag_id=mi_primer_dar_con_PythonOperator, task_id=aloha_david, execution_date=20230128T000000, start_date=20231210T202310, end_date=20231210T202312
[2023-12-10 20:23:13,175] {local_task_job.py:156} INFO - Task exited with return code 0
[2023-12-10 20:23:13,513] {local_task_job.py:273} INFO - 0 downstream tasks scheduled from follow-on schedule check
