[2023-12-10 19:45:07,739] {taskinstance.py:1179} INFO - Dependencies all met for <TaskInstance: mi_primer_dag_v3.primera_tarea scheduled__2023-08-04T00:00:00+00:00 [queued]>
[2023-12-10 19:45:07,904] {taskinstance.py:1179} INFO - Dependencies all met for <TaskInstance: mi_primer_dag_v3.primera_tarea scheduled__2023-08-04T00:00:00+00:00 [queued]>
[2023-12-10 19:45:07,905] {taskinstance.py:1376} INFO - 
--------------------------------------------------------------------------------
[2023-12-10 19:45:07,909] {taskinstance.py:1377} INFO - Starting attempt 1 of 6
[2023-12-10 19:45:07,909] {taskinstance.py:1378} INFO - 
--------------------------------------------------------------------------------
[2023-12-10 19:45:08,085] {taskinstance.py:1397} INFO - Executing <Task(BashOperator): primera_tarea> on 2023-08-04 00:00:00+00:00
[2023-12-10 19:45:08,173] {standard_task_runner.py:79} INFO - Running: ['***', 'tasks', 'run', 'mi_primer_dag_v3', 'primera_tarea', 'scheduled__2023-08-04T00:00:00+00:00', '--job-id', '1096', '--raw', '--subdir', 'DAGS_FOLDER/primer_dag_v3.py', '--cfg-path', '/tmp/tmpby2havai', '--error-file', '/tmp/tmp343ug5w_']
[2023-12-10 19:45:08,182] {standard_task_runner.py:80} INFO - Job 1096: Subtask primera_tarea
[2023-12-10 19:45:08,192] {standard_task_runner.py:52} INFO - Started process 3864 to run task
[2023-12-10 19:45:08,792] {task_command.py:371} INFO - Running <TaskInstance: mi_primer_dag_v3.primera_tarea scheduled__2023-08-04T00:00:00+00:00 [running]> on host 42828894a739
[2023-12-10 19:45:10,489] {taskinstance.py:1591} INFO - Exporting the following env vars:
AIRFLOW_CTX_DAG_OWNER=DavidBU
AIRFLOW_CTX_DAG_ID=mi_primer_dag_v3
AIRFLOW_CTX_TASK_ID=primera_tarea
AIRFLOW_CTX_EXECUTION_DATE=2023-08-04T00:00:00+00:00
AIRFLOW_CTX_TRY_NUMBER=1
AIRFLOW_CTX_DAG_RUN_ID=scheduled__2023-08-04T00:00:00+00:00
[2023-12-10 19:45:10,491] {subprocess.py:62} INFO - Tmp dir root location: 
 /tmp
[2023-12-10 19:45:10,495] {subprocess.py:74} INFO - Running command: ['bash', '-c', 'echo hola mundo, esta es nuestra primera tarea!']
[2023-12-10 19:45:10,552] {subprocess.py:85} INFO - Output:
[2023-12-10 19:45:10,593] {subprocess.py:92} INFO - hola mundo, esta es nuestra primera tarea!
[2023-12-10 19:45:10,600] {subprocess.py:96} INFO - Command exited with return code 0
[2023-12-10 19:45:10,824] {taskinstance.py:1420} INFO - Marking task as SUCCESS. dag_id=mi_primer_dag_v3, task_id=primera_tarea, execution_date=20230804T000000, start_date=20231210T194507, end_date=20231210T194510
[2023-12-10 19:45:11,069] {local_task_job.py:156} INFO - Task exited with return code 0
[2023-12-10 19:45:11,374] {local_task_job.py:273} INFO - 2 downstream tasks scheduled from follow-on schedule check
