[2023-12-10 19:47:28,830] {taskinstance.py:1179} INFO - Dependencies all met for <TaskInstance: mi_primer_dag_v3.segunda_tarea scheduled__2023-10-05T00:00:00+00:00 [queued]>
[2023-12-10 19:47:29,104] {taskinstance.py:1179} INFO - Dependencies all met for <TaskInstance: mi_primer_dag_v3.segunda_tarea scheduled__2023-10-05T00:00:00+00:00 [queued]>
[2023-12-10 19:47:29,110] {taskinstance.py:1376} INFO - 
--------------------------------------------------------------------------------
[2023-12-10 19:47:29,118] {taskinstance.py:1377} INFO - Starting attempt 1 of 6
[2023-12-10 19:47:29,130] {taskinstance.py:1378} INFO - 
--------------------------------------------------------------------------------
[2023-12-10 19:47:29,537] {taskinstance.py:1397} INFO - Executing <Task(BashOperator): segunda_tarea> on 2023-10-05 00:00:00+00:00
[2023-12-10 19:47:29,557] {standard_task_runner.py:52} INFO - Started process 4525 to run task
[2023-12-10 19:47:29,615] {standard_task_runner.py:79} INFO - Running: ['***', 'tasks', 'run', 'mi_primer_dag_v3', 'segunda_tarea', 'scheduled__2023-10-05T00:00:00+00:00', '--job-id', '1296', '--raw', '--subdir', 'DAGS_FOLDER/primer_dag_v3.py', '--cfg-path', '/tmp/tmp1btn23ue', '--error-file', '/tmp/tmpo8rx0jyt']
[2023-12-10 19:47:29,670] {standard_task_runner.py:80} INFO - Job 1296: Subtask segunda_tarea
[2023-12-10 19:47:30,468] {task_command.py:371} INFO - Running <TaskInstance: mi_primer_dag_v3.segunda_tarea scheduled__2023-10-05T00:00:00+00:00 [running]> on host 42828894a739
[2023-12-10 19:47:31,853] {taskinstance.py:1591} INFO - Exporting the following env vars:
AIRFLOW_CTX_DAG_OWNER=DavidBU
AIRFLOW_CTX_DAG_ID=mi_primer_dag_v3
AIRFLOW_CTX_TASK_ID=segunda_tarea
AIRFLOW_CTX_EXECUTION_DATE=2023-10-05T00:00:00+00:00
AIRFLOW_CTX_TRY_NUMBER=1
AIRFLOW_CTX_DAG_RUN_ID=scheduled__2023-10-05T00:00:00+00:00
[2023-12-10 19:47:31,870] {subprocess.py:62} INFO - Tmp dir root location: 
 /tmp
[2023-12-10 19:47:31,887] {subprocess.py:74} INFO - Running command: ['bash', '-c', 'echo hola, soy la tarea 2 y sere corrida luego de la Tarea 1']
[2023-12-10 19:47:32,023] {subprocess.py:85} INFO - Output:
[2023-12-10 19:47:32,042] {subprocess.py:92} INFO - hola, soy la tarea 2 y sere corrida luego de la Tarea 1
[2023-12-10 19:47:32,055] {subprocess.py:96} INFO - Command exited with return code 0
[2023-12-10 19:47:32,592] {taskinstance.py:1420} INFO - Marking task as SUCCESS. dag_id=mi_primer_dag_v3, task_id=segunda_tarea, execution_date=20231005T000000, start_date=20231210T194728, end_date=20231210T194732
[2023-12-10 19:47:32,688] {local_task_job.py:156} INFO - Task exited with return code 0
[2023-12-10 19:47:33,040] {local_task_job.py:273} INFO - 0 downstream tasks scheduled from follow-on schedule check
