[2023-12-10 19:47:29,552] {taskinstance.py:1179} INFO - Dependencies all met for <TaskInstance: mi_primer_dag_v3.segunda_tarea scheduled__2023-10-06T00:00:00+00:00 [queued]>
[2023-12-10 19:47:29,647] {taskinstance.py:1179} INFO - Dependencies all met for <TaskInstance: mi_primer_dag_v3.segunda_tarea scheduled__2023-10-06T00:00:00+00:00 [queued]>
[2023-12-10 19:47:29,650] {taskinstance.py:1376} INFO - 
--------------------------------------------------------------------------------
[2023-12-10 19:47:29,656] {taskinstance.py:1377} INFO - Starting attempt 1 of 6
[2023-12-10 19:47:29,664] {taskinstance.py:1378} INFO - 
--------------------------------------------------------------------------------
[2023-12-10 19:47:30,042] {taskinstance.py:1397} INFO - Executing <Task(BashOperator): segunda_tarea> on 2023-10-06 00:00:00+00:00
[2023-12-10 19:47:30,063] {standard_task_runner.py:52} INFO - Started process 4528 to run task
[2023-12-10 19:47:30,175] {standard_task_runner.py:79} INFO - Running: ['***', 'tasks', 'run', 'mi_primer_dag_v3', 'segunda_tarea', 'scheduled__2023-10-06T00:00:00+00:00', '--job-id', '1297', '--raw', '--subdir', 'DAGS_FOLDER/primer_dag_v3.py', '--cfg-path', '/tmp/tmpxr0eq8a0', '--error-file', '/tmp/tmp3xzhcyg1']
[2023-12-10 19:47:30,211] {standard_task_runner.py:80} INFO - Job 1297: Subtask segunda_tarea
[2023-12-10 19:47:31,405] {task_command.py:371} INFO - Running <TaskInstance: mi_primer_dag_v3.segunda_tarea scheduled__2023-10-06T00:00:00+00:00 [running]> on host 42828894a739
[2023-12-10 19:47:32,607] {taskinstance.py:1591} INFO - Exporting the following env vars:
AIRFLOW_CTX_DAG_OWNER=DavidBU
AIRFLOW_CTX_DAG_ID=mi_primer_dag_v3
AIRFLOW_CTX_TASK_ID=segunda_tarea
AIRFLOW_CTX_EXECUTION_DATE=2023-10-06T00:00:00+00:00
AIRFLOW_CTX_TRY_NUMBER=1
AIRFLOW_CTX_DAG_RUN_ID=scheduled__2023-10-06T00:00:00+00:00
[2023-12-10 19:47:32,618] {subprocess.py:62} INFO - Tmp dir root location: 
 /tmp
[2023-12-10 19:47:32,627] {subprocess.py:74} INFO - Running command: ['bash', '-c', 'echo hola, soy la tarea 2 y sere corrida luego de la Tarea 1']
[2023-12-10 19:47:32,678] {subprocess.py:85} INFO - Output:
[2023-12-10 19:47:32,685] {subprocess.py:92} INFO - hola, soy la tarea 2 y sere corrida luego de la Tarea 1
[2023-12-10 19:47:32,686] {subprocess.py:96} INFO - Command exited with return code 0
[2023-12-10 19:47:32,911] {taskinstance.py:1420} INFO - Marking task as SUCCESS. dag_id=mi_primer_dag_v3, task_id=segunda_tarea, execution_date=20231006T000000, start_date=20231210T194729, end_date=20231210T194732
[2023-12-10 19:47:33,114] {local_task_job.py:156} INFO - Task exited with return code 0
[2023-12-10 19:47:33,367] {local_task_job.py:273} INFO - 0 downstream tasks scheduled from follow-on schedule check
