[2023-12-11 08:24:12,995] {taskinstance.py:1179} INFO - Dependencies all met for <TaskInstance: mi_primer_dag_v4.primera_tarea scheduled__2023-12-10T00:00:00+00:00 [queued]>
[2023-12-11 08:24:13,069] {taskinstance.py:1179} INFO - Dependencies all met for <TaskInstance: mi_primer_dag_v4.primera_tarea scheduled__2023-12-10T00:00:00+00:00 [queued]>
[2023-12-11 08:24:13,073] {taskinstance.py:1376} INFO - 
--------------------------------------------------------------------------------
[2023-12-11 08:24:13,084] {taskinstance.py:1377} INFO - Starting attempt 1 of 6
[2023-12-11 08:24:13,088] {taskinstance.py:1378} INFO - 
--------------------------------------------------------------------------------
[2023-12-11 08:24:13,241] {taskinstance.py:1397} INFO - Executing <Task(BashOperator): primera_tarea> on 2023-12-10 00:00:00+00:00
[2023-12-11 08:24:13,248] {standard_task_runner.py:52} INFO - Started process 3218 to run task
[2023-12-11 08:24:13,267] {standard_task_runner.py:79} INFO - Running: ['***', 'tasks', 'run', 'mi_primer_dag_v4', 'primera_tarea', 'scheduled__2023-12-10T00:00:00+00:00', '--job-id', '104', '--raw', '--subdir', 'DAGS_FOLDER/primer_dag.py', '--cfg-path', '/tmp/tmp0anqh5wg', '--error-file', '/tmp/tmp8efocc32']
[2023-12-11 08:24:13,279] {standard_task_runner.py:80} INFO - Job 104: Subtask primera_tarea
[2023-12-11 08:24:13,791] {task_command.py:371} INFO - Running <TaskInstance: mi_primer_dag_v4.primera_tarea scheduled__2023-12-10T00:00:00+00:00 [running]> on host 03477fa6e3b6
[2023-12-11 08:24:14,446] {taskinstance.py:1591} INFO - Exporting the following env vars:
AIRFLOW_CTX_DAG_OWNER=DavidBU
AIRFLOW_CTX_DAG_ID=mi_primer_dag_v4
AIRFLOW_CTX_TASK_ID=primera_tarea
AIRFLOW_CTX_EXECUTION_DATE=2023-12-10T00:00:00+00:00
AIRFLOW_CTX_TRY_NUMBER=1
AIRFLOW_CTX_DAG_RUN_ID=scheduled__2023-12-10T00:00:00+00:00
[2023-12-11 08:24:14,481] {subprocess.py:62} INFO - Tmp dir root location: 
 /tmp
[2023-12-11 08:24:14,540] {subprocess.py:74} INFO - Running command: ['bash', '-c', 'echo Chile']
[2023-12-11 08:24:14,580] {subprocess.py:85} INFO - Output:
[2023-12-11 08:24:14,593] {subprocess.py:92} INFO - Chile
[2023-12-11 08:24:14,628] {subprocess.py:96} INFO - Command exited with return code 0
[2023-12-11 08:24:15,161] {taskinstance.py:1420} INFO - Marking task as SUCCESS. dag_id=mi_primer_dag_v4, task_id=primera_tarea, execution_date=20231210T000000, start_date=20231211T082413, end_date=20231211T082415
[2023-12-11 08:24:15,381] {local_task_job.py:156} INFO - Task exited with return code 0
[2023-12-11 08:24:15,652] {local_task_job.py:273} INFO - 1 downstream tasks scheduled from follow-on schedule check
