[2023-12-10 19:31:20,976] {taskinstance.py:1179} INFO - Dependencies all met for <TaskInstance: mi_primer_dag_v3.segunda_tarea scheduled__2022-09-11T00:00:00+00:00 [queued]>
[2023-12-10 19:31:21,317] {taskinstance.py:1179} INFO - Dependencies all met for <TaskInstance: mi_primer_dag_v3.segunda_tarea scheduled__2022-09-11T00:00:00+00:00 [queued]>
[2023-12-10 19:31:21,320] {taskinstance.py:1376} INFO - 
--------------------------------------------------------------------------------
[2023-12-10 19:31:21,346] {taskinstance.py:1377} INFO - Starting attempt 1 of 6
[2023-12-10 19:31:21,377] {taskinstance.py:1378} INFO - 
--------------------------------------------------------------------------------
[2023-12-10 19:31:22,174] {taskinstance.py:1397} INFO - Executing <Task(BashOperator): segunda_tarea> on 2022-09-11 00:00:00+00:00
[2023-12-10 19:31:22,209] {standard_task_runner.py:52} INFO - Started process 614 to run task
[2023-12-10 19:31:22,285] {standard_task_runner.py:79} INFO - Running: ['***', 'tasks', 'run', 'mi_primer_dag_v3', 'segunda_tarea', 'scheduled__2022-09-11T00:00:00+00:00', '--job-id', '127', '--raw', '--subdir', 'DAGS_FOLDER/primer_dag_v3.py', '--cfg-path', '/tmp/tmp9n1i6vpx', '--error-file', '/tmp/tmp7mwsznne']
[2023-12-10 19:31:22,345] {standard_task_runner.py:80} INFO - Job 127: Subtask segunda_tarea
[2023-12-10 19:31:24,080] {task_command.py:371} INFO - Running <TaskInstance: mi_primer_dag_v3.segunda_tarea scheduled__2022-09-11T00:00:00+00:00 [running]> on host 42828894a739
[2023-12-10 19:31:26,102] {taskinstance.py:1591} INFO - Exporting the following env vars:
AIRFLOW_CTX_DAG_OWNER=DavidBU
AIRFLOW_CTX_DAG_ID=mi_primer_dag_v3
AIRFLOW_CTX_TASK_ID=segunda_tarea
AIRFLOW_CTX_EXECUTION_DATE=2022-09-11T00:00:00+00:00
AIRFLOW_CTX_TRY_NUMBER=1
AIRFLOW_CTX_DAG_RUN_ID=scheduled__2022-09-11T00:00:00+00:00
[2023-12-10 19:31:26,110] {subprocess.py:62} INFO - Tmp dir root location: 
 /tmp
[2023-12-10 19:31:26,113] {subprocess.py:74} INFO - Running command: ['bash', '-c', 'echo hola, soy la tarea 2 y sere corrida luego de la Tarea 1']
[2023-12-10 19:31:26,344] {subprocess.py:85} INFO - Output:
[2023-12-10 19:31:26,351] {subprocess.py:92} INFO - hola, soy la tarea 2 y sere corrida luego de la Tarea 1
[2023-12-10 19:31:26,355] {subprocess.py:96} INFO - Command exited with return code 0
[2023-12-10 19:31:26,935] {taskinstance.py:1420} INFO - Marking task as SUCCESS. dag_id=mi_primer_dag_v3, task_id=segunda_tarea, execution_date=20220911T000000, start_date=20231210T193120, end_date=20231210T193126
[2023-12-10 19:31:27,699] {local_task_job.py:221} WARNING - State of this instance has been externally set to success. Terminating instance.
[2023-12-10 19:31:27,727] {process_utils.py:129} INFO - Sending Signals.SIGTERM to group 614. PIDs of all processes in the group: [614]
[2023-12-10 19:31:27,743] {process_utils.py:80} INFO - Sending the signal Signals.SIGTERM to group 614
[2023-12-10 19:31:27,752] {process_utils.py:75} INFO - Process psutil.Process(pid=614, status='terminated', exitcode=0, started='19:31:21') (614) terminated with exit code 0
