[2023-12-29 04:13:44,765] {taskinstance.py:1032} INFO - Dependencies all met for <TaskInstance: dag_xcoms_facil.empleado_B manual__2023-12-29T04:13:37.057085+00:00 [queued]>
[2023-12-29 04:13:44,877] {taskinstance.py:1032} INFO - Dependencies all met for <TaskInstance: dag_xcoms_facil.empleado_B manual__2023-12-29T04:13:37.057085+00:00 [queued]>
[2023-12-29 04:13:44,887] {taskinstance.py:1238} INFO - 
--------------------------------------------------------------------------------
[2023-12-29 04:13:44,895] {taskinstance.py:1239} INFO - Starting attempt 1 of 1
[2023-12-29 04:13:44,896] {taskinstance.py:1240} INFO - 
--------------------------------------------------------------------------------
[2023-12-29 04:13:44,970] {taskinstance.py:1259} INFO - Executing <Task(PythonOperator): empleado_B> on 2023-12-29 04:13:37.057085+00:00
[2023-12-29 04:13:44,993] {standard_task_runner.py:52} INFO - Started process 1378 to run task
[2023-12-29 04:13:45,008] {standard_task_runner.py:76} INFO - Running: ['***', 'tasks', 'run', 'dag_xcoms_facil', 'empleado_B', 'manual__2023-12-29T04:13:37.057085+00:00', '--job-id', '23', '--raw', '--subdir', 'DAGS_FOLDER/dag_actividad_xcoms.py', '--cfg-path', '/tmp/tmpen4vo379', '--error-file', '/tmp/tmpwk9366eh']
[2023-12-29 04:13:45,012] {standard_task_runner.py:77} INFO - Job 23: Subtask empleado_B
[2023-12-29 04:13:45,341] {logging_mixin.py:109} INFO - Running <TaskInstance: dag_xcoms_facil.empleado_B manual__2023-12-29T04:13:37.057085+00:00 [running]> on host 2762520f2c23
[2023-12-29 04:13:45,933] {taskinstance.py:1426} INFO - Exporting the following env vars:
AIRFLOW_CTX_DAG_EMAIL=ariel-2401@hotmail.com
AIRFLOW_CTX_DAG_OWNER=ArielChumbita
AIRFLOW_CTX_DAG_ID=dag_xcoms_facil
AIRFLOW_CTX_TASK_ID=empleado_B
AIRFLOW_CTX_EXECUTION_DATE=2023-12-29T04:13:37.057085+00:00
AIRFLOW_CTX_DAG_RUN_ID=manual__2023-12-29T04:13:37.057085+00:00
[2023-12-29 04:13:46,188] {python.py:175} INFO - Done. Returned value was: 5
[2023-12-29 04:13:46,657] {taskinstance.py:1277} INFO - Marking task as SUCCESS. dag_id=dag_xcoms_facil, task_id=empleado_B, execution_date=20231229T041337, start_date=20231229T041344, end_date=20231229T041346
[2023-12-29 04:13:46,871] {local_task_job.py:154} INFO - Task exited with return code 0
[2023-12-29 04:13:47,095] {local_task_job.py:264} INFO - 0 downstream tasks scheduled from follow-on schedule check
