[2023-12-10 19:36:30,071] {taskinstance.py:1179} INFO - Dependencies all met for <TaskInstance: mi_primer_dag_v3.primera_tarea scheduled__2023-01-02T00:00:00+00:00 [queued]>
[2023-12-10 19:36:30,090] {taskinstance.py:1179} INFO - Dependencies all met for <TaskInstance: mi_primer_dag_v3.primera_tarea scheduled__2023-01-02T00:00:00+00:00 [queued]>
[2023-12-10 19:36:30,091] {taskinstance.py:1376} INFO - 
--------------------------------------------------------------------------------
[2023-12-10 19:36:30,092] {taskinstance.py:1377} INFO - Starting attempt 1 of 6
[2023-12-10 19:36:30,093] {taskinstance.py:1378} INFO - 
--------------------------------------------------------------------------------
[2023-12-10 19:36:30,123] {taskinstance.py:1397} INFO - Executing <Task(BashOperator): primera_tarea> on 2023-01-02 00:00:00+00:00
[2023-12-10 19:36:30,128] {standard_task_runner.py:52} INFO - Started process 1747 to run task
[2023-12-10 19:36:30,135] {standard_task_runner.py:79} INFO - Running: ['***', 'tasks', 'run', 'mi_primer_dag_v3', 'primera_tarea', 'scheduled__2023-01-02T00:00:00+00:00', '--job-id', '462', '--raw', '--subdir', 'DAGS_FOLDER/primer_dag_v3.py', '--cfg-path', '/tmp/tmp1xlajj8_', '--error-file', '/tmp/tmpzlwll2m7']
[2023-12-10 19:36:30,138] {standard_task_runner.py:80} INFO - Job 462: Subtask primera_tarea
[2023-12-10 19:36:30,279] {task_command.py:371} INFO - Running <TaskInstance: mi_primer_dag_v3.primera_tarea scheduled__2023-01-02T00:00:00+00:00 [running]> on host 42828894a739
[2023-12-10 19:36:30,408] {taskinstance.py:1591} INFO - Exporting the following env vars:
AIRFLOW_CTX_DAG_OWNER=DavidBU
AIRFLOW_CTX_DAG_ID=mi_primer_dag_v3
AIRFLOW_CTX_TASK_ID=primera_tarea
AIRFLOW_CTX_EXECUTION_DATE=2023-01-02T00:00:00+00:00
AIRFLOW_CTX_TRY_NUMBER=1
AIRFLOW_CTX_DAG_RUN_ID=scheduled__2023-01-02T00:00:00+00:00
[2023-12-10 19:36:30,410] {subprocess.py:62} INFO - Tmp dir root location: 
 /tmp
[2023-12-10 19:36:30,411] {subprocess.py:74} INFO - Running command: ['bash', '-c', 'echo hola mundo, esta es nuestra primera tarea!']
[2023-12-10 19:36:30,421] {subprocess.py:85} INFO - Output:
[2023-12-10 19:36:30,424] {subprocess.py:92} INFO - hola mundo, esta es nuestra primera tarea!
[2023-12-10 19:36:30,425] {subprocess.py:96} INFO - Command exited with return code 0
[2023-12-10 19:36:30,486] {taskinstance.py:1420} INFO - Marking task as SUCCESS. dag_id=mi_primer_dag_v3, task_id=primera_tarea, execution_date=20230102T000000, start_date=20231210T193630, end_date=20231210T193630
[2023-12-10 19:36:30,550] {local_task_job.py:156} INFO - Task exited with return code 0
[2023-12-10 19:36:30,617] {local_task_job.py:273} INFO - 2 downstream tasks scheduled from follow-on schedule check
