[2023-12-29 03:51:02,827] {taskinstance.py:1032} INFO - Dependencies all met for <TaskInstance: dag_xcoms_facil.empleado_C scheduled__2023-12-28T00:00:00+00:00 [queued]>
[2023-12-29 03:51:03,203] {taskinstance.py:1032} INFO - Dependencies all met for <TaskInstance: dag_xcoms_facil.empleado_C scheduled__2023-12-28T00:00:00+00:00 [queued]>
[2023-12-29 03:51:03,216] {taskinstance.py:1238} INFO - 
--------------------------------------------------------------------------------
[2023-12-29 03:51:03,232] {taskinstance.py:1239} INFO - Starting attempt 1 of 1
[2023-12-29 03:51:03,234] {taskinstance.py:1240} INFO - 
--------------------------------------------------------------------------------
[2023-12-29 03:51:03,395] {taskinstance.py:1259} INFO - Executing <Task(PythonOperator): empleado_C> on 2023-12-28 00:00:00+00:00
[2023-12-29 03:51:03,607] {standard_task_runner.py:76} INFO - Running: ['***', 'tasks', 'run', 'dag_xcoms_facil', 'empleado_C', 'scheduled__2023-12-28T00:00:00+00:00', '--job-id', '12', '--raw', '--subdir', 'DAGS_FOLDER/dag_actividad_xcoms.py', '--cfg-path', '/tmp/tmpdn6q01rl', '--error-file', '/tmp/tmpi6aed0ta']
[2023-12-29 03:51:03,537] {standard_task_runner.py:52} INFO - Started process 579 to run task
[2023-12-29 03:51:03,821] {standard_task_runner.py:77} INFO - Job 12: Subtask empleado_C
[2023-12-29 03:51:05,180] {logging_mixin.py:109} INFO - Running <TaskInstance: dag_xcoms_facil.empleado_C scheduled__2023-12-28T00:00:00+00:00 [running]> on host 2762520f2c23
[2023-12-29 03:51:07,495] {taskinstance.py:1426} INFO - Exporting the following env vars:
AIRFLOW_CTX_DAG_EMAIL=ariel.chumbita@gmail.com
AIRFLOW_CTX_DAG_OWNER=ArielChumbita
AIRFLOW_CTX_DAG_ID=dag_xcoms_facil
AIRFLOW_CTX_TASK_ID=empleado_C
AIRFLOW_CTX_EXECUTION_DATE=2023-12-28T00:00:00+00:00
AIRFLOW_CTX_DAG_RUN_ID=scheduled__2023-12-28T00:00:00+00:00
[2023-12-29 03:51:07,502] {python.py:175} INFO - Done. Returned value was: 5
[2023-12-29 03:51:08,768] {taskinstance.py:1277} INFO - Marking task as SUCCESS. dag_id=dag_xcoms_facil, task_id=empleado_C, execution_date=20231228T000000, start_date=20231229T035102, end_date=20231229T035108
[2023-12-29 03:51:09,303] {local_task_job.py:154} INFO - Task exited with return code 0
[2023-12-29 03:51:09,677] {local_task_job.py:264} INFO - 0 downstream tasks scheduled from follow-on schedule check
