[2023-12-10 19:32:45,387] {taskinstance.py:1179} INFO - Dependencies all met for <TaskInstance: mi_primer_dag_v3.segunda_tarea scheduled__2022-10-11T00:00:00+00:00 [queued]>
[2023-12-10 19:32:45,539] {taskinstance.py:1179} INFO - Dependencies all met for <TaskInstance: mi_primer_dag_v3.segunda_tarea scheduled__2022-10-11T00:00:00+00:00 [queued]>
[2023-12-10 19:32:45,550] {taskinstance.py:1376} INFO - 
--------------------------------------------------------------------------------
[2023-12-10 19:32:45,564] {taskinstance.py:1377} INFO - Starting attempt 1 of 6
[2023-12-10 19:32:45,593] {taskinstance.py:1378} INFO - 
--------------------------------------------------------------------------------
[2023-12-10 19:32:45,879] {taskinstance.py:1397} INFO - Executing <Task(BashOperator): segunda_tarea> on 2022-10-11 00:00:00+00:00
[2023-12-10 19:32:45,930] {standard_task_runner.py:52} INFO - Started process 927 to run task
[2023-12-10 19:32:45,985] {standard_task_runner.py:79} INFO - Running: ['***', 'tasks', 'run', 'mi_primer_dag_v3', 'segunda_tarea', 'scheduled__2022-10-11T00:00:00+00:00', '--job-id', '219', '--raw', '--subdir', 'DAGS_FOLDER/primer_dag_v3.py', '--cfg-path', '/tmp/tmpshlv0r4a', '--error-file', '/tmp/tmpbrult0qd']
[2023-12-10 19:32:46,006] {standard_task_runner.py:80} INFO - Job 219: Subtask segunda_tarea
[2023-12-10 19:32:46,739] {task_command.py:371} INFO - Running <TaskInstance: mi_primer_dag_v3.segunda_tarea scheduled__2022-10-11T00:00:00+00:00 [running]> on host 42828894a739
[2023-12-10 19:32:47,681] {taskinstance.py:1591} INFO - Exporting the following env vars:
AIRFLOW_CTX_DAG_OWNER=DavidBU
AIRFLOW_CTX_DAG_ID=mi_primer_dag_v3
AIRFLOW_CTX_TASK_ID=segunda_tarea
AIRFLOW_CTX_EXECUTION_DATE=2022-10-11T00:00:00+00:00
AIRFLOW_CTX_TRY_NUMBER=1
AIRFLOW_CTX_DAG_RUN_ID=scheduled__2022-10-11T00:00:00+00:00
[2023-12-10 19:32:47,688] {subprocess.py:62} INFO - Tmp dir root location: 
 /tmp
[2023-12-10 19:32:47,722] {subprocess.py:74} INFO - Running command: ['bash', '-c', 'echo hola, soy la tarea 2 y sere corrida luego de la Tarea 1']
[2023-12-10 19:32:47,854] {subprocess.py:85} INFO - Output:
[2023-12-10 19:32:47,865] {subprocess.py:92} INFO - hola, soy la tarea 2 y sere corrida luego de la Tarea 1
[2023-12-10 19:32:47,878] {subprocess.py:96} INFO - Command exited with return code 0
[2023-12-10 19:32:48,220] {taskinstance.py:1420} INFO - Marking task as SUCCESS. dag_id=mi_primer_dag_v3, task_id=segunda_tarea, execution_date=20221011T000000, start_date=20231210T193245, end_date=20231210T193248
[2023-12-10 19:32:48,628] {local_task_job.py:156} INFO - Task exited with return code 0
[2023-12-10 19:32:49,122] {local_task_job.py:273} INFO - 0 downstream tasks scheduled from follow-on schedule check
