[2023-12-10 19:32:23,124] {taskinstance.py:1179} INFO - Dependencies all met for <TaskInstance: mi_primer_dag_v3.primera_tarea scheduled__2022-10-09T00:00:00+00:00 [queued]>
[2023-12-10 19:32:23,244] {taskinstance.py:1179} INFO - Dependencies all met for <TaskInstance: mi_primer_dag_v3.primera_tarea scheduled__2022-10-09T00:00:00+00:00 [queued]>
[2023-12-10 19:32:23,259] {taskinstance.py:1376} INFO - 
--------------------------------------------------------------------------------
[2023-12-10 19:32:23,291] {taskinstance.py:1377} INFO - Starting attempt 1 of 6
[2023-12-10 19:32:23,308] {taskinstance.py:1378} INFO - 
--------------------------------------------------------------------------------
[2023-12-10 19:32:24,051] {taskinstance.py:1397} INFO - Executing <Task(BashOperator): primera_tarea> on 2022-10-09 00:00:00+00:00
[2023-12-10 19:32:24,151] {standard_task_runner.py:52} INFO - Started process 854 to run task
[2023-12-10 19:32:24,321] {standard_task_runner.py:79} INFO - Running: ['***', 'tasks', 'run', 'mi_primer_dag_v3', 'primera_tarea', 'scheduled__2022-10-09T00:00:00+00:00', '--job-id', '196', '--raw', '--subdir', 'DAGS_FOLDER/primer_dag_v3.py', '--cfg-path', '/tmp/tmp9_h2oanr', '--error-file', '/tmp/tmp2_t1xehp']
[2023-12-10 19:32:24,365] {standard_task_runner.py:80} INFO - Job 196: Subtask primera_tarea
[2023-12-10 19:32:25,200] {task_command.py:371} INFO - Running <TaskInstance: mi_primer_dag_v3.primera_tarea scheduled__2022-10-09T00:00:00+00:00 [running]> on host 42828894a739
[2023-12-10 19:32:26,035] {taskinstance.py:1591} INFO - Exporting the following env vars:
AIRFLOW_CTX_DAG_OWNER=DavidBU
AIRFLOW_CTX_DAG_ID=mi_primer_dag_v3
AIRFLOW_CTX_TASK_ID=primera_tarea
AIRFLOW_CTX_EXECUTION_DATE=2022-10-09T00:00:00+00:00
AIRFLOW_CTX_TRY_NUMBER=1
AIRFLOW_CTX_DAG_RUN_ID=scheduled__2022-10-09T00:00:00+00:00
[2023-12-10 19:32:26,059] {subprocess.py:62} INFO - Tmp dir root location: 
 /tmp
[2023-12-10 19:32:26,071] {subprocess.py:74} INFO - Running command: ['bash', '-c', 'echo hola mundo, esta es nuestra primera tarea!']
[2023-12-10 19:32:26,103] {subprocess.py:85} INFO - Output:
[2023-12-10 19:32:26,275] {subprocess.py:92} INFO - hola mundo, esta es nuestra primera tarea!
[2023-12-10 19:32:26,305] {subprocess.py:96} INFO - Command exited with return code 0
[2023-12-10 19:32:26,833] {taskinstance.py:1420} INFO - Marking task as SUCCESS. dag_id=mi_primer_dag_v3, task_id=primera_tarea, execution_date=20221009T000000, start_date=20231210T193223, end_date=20231210T193226
[2023-12-10 19:32:27,387] {local_task_job.py:156} INFO - Task exited with return code 0
[2023-12-10 19:32:28,720] {local_task_job.py:273} INFO - 2 downstream tasks scheduled from follow-on schedule check
