[2023-12-21 03:21:38,069] {taskinstance.py:1179} INFO - Dependencies all met for <TaskInstance: mi_primer_dag_v4.primera_tarea scheduled__2023-12-16T00:00:00+00:00 [queued]>
[2023-12-21 03:21:38,261] {taskinstance.py:1179} INFO - Dependencies all met for <TaskInstance: mi_primer_dag_v4.primera_tarea scheduled__2023-12-16T00:00:00+00:00 [queued]>
[2023-12-21 03:21:38,271] {taskinstance.py:1376} INFO - 
--------------------------------------------------------------------------------
[2023-12-21 03:21:38,275] {taskinstance.py:1377} INFO - Starting attempt 2 of 6
[2023-12-21 03:21:38,280] {taskinstance.py:1378} INFO - 
--------------------------------------------------------------------------------
[2023-12-21 03:21:41,508] {taskinstance.py:1397} INFO - Executing <Task(BashOperator): primera_tarea> on 2023-12-16 00:00:00+00:00
[2023-12-21 03:21:41,678] {standard_task_runner.py:52} INFO - Started process 232 to run task
[2023-12-21 03:21:41,640] {standard_task_runner.py:79} INFO - Running: ['***', 'tasks', 'run', 'mi_primer_dag_v4', 'primera_tarea', 'scheduled__2023-12-16T00:00:00+00:00', '--job-id', '167', '--raw', '--subdir', 'DAGS_FOLDER/primer_dag.py', '--cfg-path', '/tmp/tmpm9ylotui', '--error-file', '/tmp/tmp2f1hwgrf']
[2023-12-21 03:21:42,432] {standard_task_runner.py:80} INFO - Job 167: Subtask primera_tarea
[2023-12-21 03:21:52,829] {task_command.py:371} INFO - Running <TaskInstance: mi_primer_dag_v4.primera_tarea scheduled__2023-12-16T00:00:00+00:00 [running]> on host b0993ec57291
[2023-12-21 03:21:55,692] {taskinstance.py:1591} INFO - Exporting the following env vars:
AIRFLOW_CTX_DAG_OWNER=DavidBU
AIRFLOW_CTX_DAG_ID=mi_primer_dag_v4
AIRFLOW_CTX_TASK_ID=primera_tarea
AIRFLOW_CTX_EXECUTION_DATE=2023-12-16T00:00:00+00:00
AIRFLOW_CTX_TRY_NUMBER=2
AIRFLOW_CTX_DAG_RUN_ID=scheduled__2023-12-16T00:00:00+00:00
[2023-12-21 03:21:55,729] {subprocess.py:62} INFO - Tmp dir root location: 
 /tmp
[2023-12-21 03:21:55,732] {subprocess.py:74} INFO - Running command: ['bash', '-c', 'echo Chile']
[2023-12-21 03:21:56,468] {subprocess.py:85} INFO - Output:
[2023-12-21 03:21:56,868] {subprocess.py:92} INFO - Chile
[2023-12-21 03:21:56,869] {subprocess.py:96} INFO - Command exited with return code 0
[2023-12-21 03:23:09,075] {taskinstance.py:1420} INFO - Marking task as SUCCESS. dag_id=mi_primer_dag_v4, task_id=primera_tarea, execution_date=20231216T000000, start_date=20231221T032138, end_date=20231221T032308
[2023-12-21 03:23:09,958] {local_task_job.py:156} INFO - Task exited with return code 0
[2023-12-21 03:23:20,242] {local_task_job.py:273} INFO - 0 downstream tasks scheduled from follow-on schedule check
