[2023-12-11 07:59:20,680] {taskinstance.py:1179} INFO - Dependencies all met for <TaskInstance: dag_con_conexion_postgres.crear_tabla_postgres scheduled__2023-12-08T00:00:00+00:00 [queued]>
[2023-12-11 07:59:20,887] {taskinstance.py:1179} INFO - Dependencies all met for <TaskInstance: dag_con_conexion_postgres.crear_tabla_postgres scheduled__2023-12-08T00:00:00+00:00 [queued]>
[2023-12-11 07:59:20,903] {taskinstance.py:1376} INFO - 
--------------------------------------------------------------------------------
[2023-12-11 07:59:20,904] {taskinstance.py:1377} INFO - Starting attempt 1 of 6
[2023-12-11 07:59:20,905] {taskinstance.py:1378} INFO - 
--------------------------------------------------------------------------------
[2023-12-11 07:59:21,022] {taskinstance.py:1397} INFO - Executing <Task(PostgresOperator): crear_tabla_postgres> on 2023-12-08 00:00:00+00:00
[2023-12-11 07:59:21,054] {standard_task_runner.py:52} INFO - Started process 366 to run task
[2023-12-11 07:59:21,144] {standard_task_runner.py:79} INFO - Running: ['***', 'tasks', 'run', 'dag_con_conexion_postgres', 'crear_tabla_postgres', 'scheduled__2023-12-08T00:00:00+00:00', '--job-id', '77', '--raw', '--subdir', 'DAGS_FOLDER/dag_postgres_database.py', '--cfg-path', '/tmp/tmpun6v_j9i', '--error-file', '/tmp/tmpo7arpo7y']
[2023-12-11 07:59:21,181] {standard_task_runner.py:80} INFO - Job 77: Subtask crear_tabla_postgres
[2023-12-11 07:59:21,818] {task_command.py:371} INFO - Running <TaskInstance: dag_con_conexion_postgres.crear_tabla_postgres scheduled__2023-12-08T00:00:00+00:00 [running]> on host 03477fa6e3b6
[2023-12-11 07:59:22,392] {taskinstance.py:1591} INFO - Exporting the following env vars:
AIRFLOW_CTX_DAG_OWNER=DavidBU
AIRFLOW_CTX_DAG_ID=dag_con_conexion_postgres
AIRFLOW_CTX_TASK_ID=crear_tabla_postgres
AIRFLOW_CTX_EXECUTION_DATE=2023-12-08T00:00:00+00:00
AIRFLOW_CTX_TRY_NUMBER=1
AIRFLOW_CTX_DAG_RUN_ID=scheduled__2023-12-08T00:00:00+00:00
[2023-12-11 07:59:22,632] {taskinstance.py:1909} ERROR - Task failed with exception
Traceback (most recent call last):
  File "/home/airflow/.local/lib/python3.7/site-packages/airflow/providers/postgres/operators/postgres.py", line 92, in execute
    self.hook.run(self.sql, self.autocommit, parameters=self.parameters)
  File "/home/airflow/.local/lib/python3.7/site-packages/airflow/hooks/dbapi.py", line 204, in run
    with closing(self.get_conn()) as conn:
  File "/home/airflow/.local/lib/python3.7/site-packages/airflow/providers/postgres/hooks/postgres.py", line 86, in get_conn
    conn = deepcopy(self.connection or self.get_connection(conn_id))
  File "/home/airflow/.local/lib/python3.7/site-packages/airflow/hooks/base.py", line 67, in get_connection
    conn = Connection.get_connection_from_secrets(conn_id)
  File "/home/airflow/.local/lib/python3.7/site-packages/airflow/models/connection.py", line 430, in get_connection_from_secrets
    raise AirflowNotFoundException(f"The conn_id `{conn_id}` isn't defined")
airflow.exceptions.AirflowNotFoundException: The conn_id `postgres_localhost` isn't defined
[2023-12-11 07:59:22,642] {taskinstance.py:1420} INFO - Marking task as UP_FOR_RETRY. dag_id=dag_con_conexion_postgres, task_id=crear_tabla_postgres, execution_date=20231208T000000, start_date=20231211T075920, end_date=20231211T075922
[2023-12-11 07:59:22,704] {standard_task_runner.py:97} ERROR - Failed to execute job 77 for task crear_tabla_postgres (The conn_id `postgres_localhost` isn't defined; 366)
[2023-12-11 07:59:22,736] {local_task_job.py:156} INFO - Task exited with return code 1
[2023-12-11 07:59:22,968] {local_task_job.py:273} INFO - 0 downstream tasks scheduled from follow-on schedule check
