[2023-12-10 19:36:54,037] {taskinstance.py:1179} INFO - Dependencies all met for <TaskInstance: mi_primer_dag_v3.segunda_tarea scheduled__2023-01-11T00:00:00+00:00 [queued]>
[2023-12-10 19:36:54,139] {taskinstance.py:1179} INFO - Dependencies all met for <TaskInstance: mi_primer_dag_v3.segunda_tarea scheduled__2023-01-11T00:00:00+00:00 [queued]>
[2023-12-10 19:36:54,147] {taskinstance.py:1376} INFO - 
--------------------------------------------------------------------------------
[2023-12-10 19:36:54,152] {taskinstance.py:1377} INFO - Starting attempt 1 of 6
[2023-12-10 19:36:54,152] {taskinstance.py:1378} INFO - 
--------------------------------------------------------------------------------
[2023-12-10 19:36:54,314] {taskinstance.py:1397} INFO - Executing <Task(BashOperator): segunda_tarea> on 2023-01-11 00:00:00+00:00
[2023-12-10 19:36:54,365] {standard_task_runner.py:52} INFO - Started process 1849 to run task
[2023-12-10 19:36:54,382] {standard_task_runner.py:79} INFO - Running: ['***', 'tasks', 'run', 'mi_primer_dag_v3', 'segunda_tarea', 'scheduled__2023-01-11T00:00:00+00:00', '--job-id', '493', '--raw', '--subdir', 'DAGS_FOLDER/primer_dag_v3.py', '--cfg-path', '/tmp/tmps25x9vyc', '--error-file', '/tmp/tmpmb1wwpbm']
[2023-12-10 19:36:54,406] {standard_task_runner.py:80} INFO - Job 493: Subtask segunda_tarea
[2023-12-10 19:36:55,192] {task_command.py:371} INFO - Running <TaskInstance: mi_primer_dag_v3.segunda_tarea scheduled__2023-01-11T00:00:00+00:00 [running]> on host 42828894a739
[2023-12-10 19:36:56,190] {taskinstance.py:1591} INFO - Exporting the following env vars:
AIRFLOW_CTX_DAG_OWNER=DavidBU
AIRFLOW_CTX_DAG_ID=mi_primer_dag_v3
AIRFLOW_CTX_TASK_ID=segunda_tarea
AIRFLOW_CTX_EXECUTION_DATE=2023-01-11T00:00:00+00:00
AIRFLOW_CTX_TRY_NUMBER=1
AIRFLOW_CTX_DAG_RUN_ID=scheduled__2023-01-11T00:00:00+00:00
[2023-12-10 19:36:56,195] {subprocess.py:62} INFO - Tmp dir root location: 
 /tmp
[2023-12-10 19:36:56,207] {subprocess.py:74} INFO - Running command: ['bash', '-c', 'echo hola, soy la tarea 2 y sere corrida luego de la Tarea 1']
[2023-12-10 19:36:56,232] {subprocess.py:85} INFO - Output:
[2023-12-10 19:36:56,243] {subprocess.py:92} INFO - hola, soy la tarea 2 y sere corrida luego de la Tarea 1
[2023-12-10 19:36:56,254] {subprocess.py:96} INFO - Command exited with return code 0
[2023-12-10 19:36:57,344] {taskinstance.py:1420} INFO - Marking task as SUCCESS. dag_id=mi_primer_dag_v3, task_id=segunda_tarea, execution_date=20230111T000000, start_date=20231210T193654, end_date=20231210T193657
[2023-12-10 19:36:58,133] {local_task_job.py:156} INFO - Task exited with return code 0
[2023-12-10 19:36:58,786] {local_task_job.py:273} INFO - 0 downstream tasks scheduled from follow-on schedule check
