[2023-12-21 02:22:38,128] {taskinstance.py:1179} INFO - Dependencies all met for <TaskInstance: dag_con_conexion_postgres.crear_tabla_postgres scheduled__2023-12-17T00:00:00+00:00 [queued]>
[2023-12-21 02:22:38,646] {taskinstance.py:1179} INFO - Dependencies all met for <TaskInstance: dag_con_conexion_postgres.crear_tabla_postgres scheduled__2023-12-17T00:00:00+00:00 [queued]>
[2023-12-21 02:22:38,664] {taskinstance.py:1376} INFO - 
--------------------------------------------------------------------------------
[2023-12-21 02:22:38,684] {taskinstance.py:1377} INFO - Starting attempt 1 of 6
[2023-12-21 02:22:38,689] {taskinstance.py:1378} INFO - 
--------------------------------------------------------------------------------
[2023-12-21 02:22:39,486] {taskinstance.py:1397} INFO - Executing <Task(PostgresOperator): crear_tabla_postgres> on 2023-12-17 00:00:00+00:00
[2023-12-21 02:22:39,637] {standard_task_runner.py:52} INFO - Started process 287 to run task
[2023-12-21 02:22:39,684] {standard_task_runner.py:79} INFO - Running: ['***', 'tasks', 'run', 'dag_con_conexion_postgres', 'crear_tabla_postgres', 'scheduled__2023-12-17T00:00:00+00:00', '--job-id', '128', '--raw', '--subdir', 'DAGS_FOLDER/dag_postgres_database.py', '--cfg-path', '/tmp/tmp9w9uvuts', '--error-file', '/tmp/tmpdi2b8mv_']
[2023-12-21 02:22:39,944] {standard_task_runner.py:80} INFO - Job 128: Subtask crear_tabla_postgres
[2023-12-21 02:22:41,865] {task_command.py:371} INFO - Running <TaskInstance: dag_con_conexion_postgres.crear_tabla_postgres scheduled__2023-12-17T00:00:00+00:00 [running]> on host de0a7ae97836
[2023-12-21 02:22:45,852] {taskinstance.py:1591} INFO - Exporting the following env vars:
AIRFLOW_CTX_DAG_OWNER=DavidBU
AIRFLOW_CTX_DAG_ID=dag_con_conexion_postgres
AIRFLOW_CTX_TASK_ID=crear_tabla_postgres
AIRFLOW_CTX_EXECUTION_DATE=2023-12-17T00:00:00+00:00
AIRFLOW_CTX_TRY_NUMBER=1
AIRFLOW_CTX_DAG_RUN_ID=scheduled__2023-12-17T00:00:00+00:00
[2023-12-21 02:22:46,253] {base.py:68} INFO - Using connection ID 'postgres_localhost' for task execution.
[2023-12-21 02:22:46,434] {dbapi.py:231} INFO - Running statement: 
            create table if not exists fin_mundo(
                dt date,
                pais varchar(30)
            )
        , parameters: None
[2023-12-21 02:22:46,459] {postgres.py:94} INFO - NOTICE:  la relación «fin_mundo» ya existe, ignorando

