[2023-12-29 04:13:50,911] {taskinstance.py:1032} INFO - Dependencies all met for <TaskInstance: dag_xcoms_facil.elegir_mejor_valor manual__2023-12-29T04:13:37.057085+00:00 [queued]>
[2023-12-29 04:13:51,005] {taskinstance.py:1032} INFO - Dependencies all met for <TaskInstance: dag_xcoms_facil.elegir_mejor_valor manual__2023-12-29T04:13:37.057085+00:00 [queued]>
[2023-12-29 04:13:51,030] {taskinstance.py:1238} INFO - 
--------------------------------------------------------------------------------
[2023-12-29 04:13:51,039] {taskinstance.py:1239} INFO - Starting attempt 1 of 1
[2023-12-29 04:13:51,041] {taskinstance.py:1240} INFO - 
--------------------------------------------------------------------------------
[2023-12-29 04:13:51,104] {taskinstance.py:1259} INFO - Executing <Task(BranchPythonOperator): elegir_mejor_valor> on 2023-12-29 04:13:37.057085+00:00
[2023-12-29 04:13:51,112] {standard_task_runner.py:52} INFO - Started process 1385 to run task
[2023-12-29 04:13:51,138] {standard_task_runner.py:76} INFO - Running: ['***', 'tasks', 'run', 'dag_xcoms_facil', 'elegir_mejor_valor', 'manual__2023-12-29T04:13:37.057085+00:00', '--job-id', '26', '--raw', '--subdir', 'DAGS_FOLDER/dag_actividad_xcoms.py', '--cfg-path', '/tmp/tmp_e_tk1e1', '--error-file', '/tmp/tmppuof6_c8']
[2023-12-29 04:13:51,143] {standard_task_runner.py:77} INFO - Job 26: Subtask elegir_mejor_valor
[2023-12-29 04:13:51,442] {logging_mixin.py:109} INFO - Running <TaskInstance: dag_xcoms_facil.elegir_mejor_valor manual__2023-12-29T04:13:37.057085+00:00 [running]> on host 2762520f2c23
[2023-12-29 04:13:51,744] {taskinstance.py:1426} INFO - Exporting the following env vars:
AIRFLOW_CTX_DAG_EMAIL=ariel-2401@hotmail.com
AIRFLOW_CTX_DAG_OWNER=ArielChumbita
AIRFLOW_CTX_DAG_ID=dag_xcoms_facil
AIRFLOW_CTX_TASK_ID=elegir_mejor_valor
AIRFLOW_CTX_EXECUTION_DATE=2023-12-29T04:13:37.057085+00:00
AIRFLOW_CTX_DAG_RUN_ID=manual__2023-12-29T04:13:37.057085+00:00
[2023-12-29 04:13:51,910] {python.py:175} INFO - Done. Returned value was: usar_algo
[2023-12-29 04:13:51,915] {skipmixin.py:143} INFO - Following branch usar_algo
[2023-12-29 04:13:51,927] {skipmixin.py:174} INFO - Skipping tasks []
[2023-12-29 04:13:52,492] {taskinstance.py:1277} INFO - Marking task as SUCCESS. dag_id=dag_xcoms_facil, task_id=elegir_mejor_valor, execution_date=20231229T041337, start_date=20231229T041350, end_date=20231229T041352
[2023-12-29 04:13:52,667] {local_task_job.py:154} INFO - Task exited with return code 0
[2023-12-29 04:13:52,900] {local_task_job.py:264} INFO - 1 downstream tasks scheduled from follow-on schedule check
