[2023-12-10 19:44:55,326] {taskinstance.py:1179} INFO - Dependencies all met for <TaskInstance: mi_primer_dag_v3.tercera_tarea scheduled__2023-07-24T00:00:00+00:00 [queued]>
[2023-12-10 19:44:55,503] {taskinstance.py:1179} INFO - Dependencies all met for <TaskInstance: mi_primer_dag_v3.tercera_tarea scheduled__2023-07-24T00:00:00+00:00 [queued]>
[2023-12-10 19:44:55,506] {taskinstance.py:1376} INFO - 
--------------------------------------------------------------------------------
[2023-12-10 19:44:55,511] {taskinstance.py:1377} INFO - Starting attempt 1 of 6
[2023-12-10 19:44:55,534] {taskinstance.py:1378} INFO - 
--------------------------------------------------------------------------------
[2023-12-10 19:44:55,801] {taskinstance.py:1397} INFO - Executing <Task(BashOperator): tercera_tarea> on 2023-07-24 00:00:00+00:00
[2023-12-10 19:44:55,808] {standard_task_runner.py:52} INFO - Started process 3809 to run task
[2023-12-10 19:44:55,834] {standard_task_runner.py:79} INFO - Running: ['***', 'tasks', 'run', 'mi_primer_dag_v3', 'tercera_tarea', 'scheduled__2023-07-24T00:00:00+00:00', '--job-id', '1080', '--raw', '--subdir', 'DAGS_FOLDER/primer_dag_v3.py', '--cfg-path', '/tmp/tmp8zoz5knw', '--error-file', '/tmp/tmpdtnrmsr_']
[2023-12-10 19:44:55,837] {standard_task_runner.py:80} INFO - Job 1080: Subtask tercera_tarea
[2023-12-10 19:44:56,668] {task_command.py:371} INFO - Running <TaskInstance: mi_primer_dag_v3.tercera_tarea scheduled__2023-07-24T00:00:00+00:00 [running]> on host 42828894a739
[2023-12-10 19:44:57,899] {taskinstance.py:1591} INFO - Exporting the following env vars:
AIRFLOW_CTX_DAG_OWNER=DavidBU
AIRFLOW_CTX_DAG_ID=mi_primer_dag_v3
AIRFLOW_CTX_TASK_ID=tercera_tarea
AIRFLOW_CTX_EXECUTION_DATE=2023-07-24T00:00:00+00:00
AIRFLOW_CTX_TRY_NUMBER=1
AIRFLOW_CTX_DAG_RUN_ID=scheduled__2023-07-24T00:00:00+00:00
[2023-12-10 19:44:57,904] {subprocess.py:62} INFO - Tmp dir root location: 
 /tmp
[2023-12-10 19:44:57,908] {subprocess.py:74} INFO - Running command: ['bash', '-c', 'echo hola, soy la tarea 3 y sere corrida luego de Tarea 1 al mismo tiempo que Tarea 2']
[2023-12-10 19:44:57,989] {subprocess.py:85} INFO - Output:
[2023-12-10 19:44:58,020] {subprocess.py:92} INFO - hola, soy la tarea 3 y sere corrida luego de Tarea 1 al mismo tiempo que Tarea 2
[2023-12-10 19:44:58,022] {subprocess.py:96} INFO - Command exited with return code 0
[2023-12-10 19:44:58,781] {taskinstance.py:1420} INFO - Marking task as SUCCESS. dag_id=mi_primer_dag_v3, task_id=tercera_tarea, execution_date=20230724T000000, start_date=20231210T194455, end_date=20231210T194458
[2023-12-10 19:44:59,143] {local_task_job.py:156} INFO - Task exited with return code 0
[2023-12-10 19:44:59,499] {local_task_job.py:273} INFO - 0 downstream tasks scheduled from follow-on schedule check
