[2023-12-21 01:54:01,520] {taskinstance.py:1179} INFO - Dependencies all met for <TaskInstance: Entregable3_Chumbita.conexion_BD scheduled__2023-12-12T00:00:00+00:00 [queued]>
[2023-12-21 01:54:01,568] {taskinstance.py:1179} INFO - Dependencies all met for <TaskInstance: Entregable3_Chumbita.conexion_BD scheduled__2023-12-12T00:00:00+00:00 [queued]>
[2023-12-21 01:54:01,569] {taskinstance.py:1376} INFO - 
--------------------------------------------------------------------------------
[2023-12-21 01:54:01,571] {taskinstance.py:1377} INFO - Starting attempt 1 of 6
[2023-12-21 01:54:01,572] {taskinstance.py:1378} INFO - 
--------------------------------------------------------------------------------
[2023-12-21 01:54:01,632] {taskinstance.py:1397} INFO - Executing <Task(PythonOperator): conexion_BD> on 2023-12-12 00:00:00+00:00
[2023-12-21 01:54:01,641] {standard_task_runner.py:52} INFO - Started process 198 to run task
[2023-12-21 01:54:01,649] {standard_task_runner.py:79} INFO - Running: ['***', 'tasks', 'run', 'Entregable3_Chumbita', 'conexion_BD', 'scheduled__2023-12-12T00:00:00+00:00', '--job-id', '44', '--raw', '--subdir', 'DAGS_FOLDER/ETL_Entregable3_Chumbita.py', '--cfg-path', '/tmp/tmpacefd0jh', '--error-file', '/tmp/tmp4tmpxfrz']
[2023-12-21 01:54:01,652] {standard_task_runner.py:80} INFO - Job 44: Subtask conexion_BD
[2023-12-21 01:54:01,925] {task_command.py:371} INFO - Running <TaskInstance: Entregable3_Chumbita.conexion_BD scheduled__2023-12-12T00:00:00+00:00 [running]> on host 02fb1b542166
[2023-12-21 01:54:02,083] {logging_mixin.py:115} WARNING - /home/***/.local/lib/python3.7/site-packages/***/utils/context.py:202 AirflowContextDeprecationWarning: Accessing 'execution_date' from the template is deprecated and will be removed in a future version. Please use 'data_interval_start' or 'logical_date' instead.
[2023-12-21 01:54:02,191] {taskinstance.py:1591} INFO - Exporting the following env vars:
AIRFLOW_CTX_DAG_OWNER=ArielChumbita
AIRFLOW_CTX_DAG_ID=Entregable3_Chumbita
AIRFLOW_CTX_TASK_ID=conexion_BD
AIRFLOW_CTX_EXECUTION_DATE=2023-12-12T00:00:00+00:00
AIRFLOW_CTX_TRY_NUMBER=1
AIRFLOW_CTX_DAG_RUN_ID=scheduled__2023-12-12T00:00:00+00:00
[2023-12-21 01:54:02,194] {logging_mixin.py:115} INFO - Conectandose a la BD en la fecha: 2023-12-12 0
[2023-12-21 01:54:11,461] {logging_mixin.py:115} INFO - <connection object at 0x7fa43df7c6e0; dsn: 'user=ariel_chumbita_coderhouse password=xxx dbname=data-engineer-database host=data-engineer-cluster.cyhh5bfevlmn.us-east-1.redshift.amazonaws.com port=5439', closed: 0>
[2023-12-21 01:54:11,462] {logging_mixin.py:115} INFO - Connected to Redshift successfully!
[2023-12-21 01:54:11,463] {python.py:173} INFO - Done. Returned value was: None
[2023-12-21 01:54:11,822] {taskinstance.py:1420} INFO - Marking task as SUCCESS. dag_id=Entregable3_Chumbita, task_id=conexion_BD, execution_date=20231212T000000, start_date=20231221T015401, end_date=20231221T015411
[2023-12-21 01:54:12,012] {local_task_job.py:156} INFO - Task exited with return code 0
[2023-12-21 01:54:12,224] {local_task_job.py:273} INFO - 1 downstream tasks scheduled from follow-on schedule check
