[2023-12-10 20:21:32,275] {taskinstance.py:1179} INFO - Dependencies all met for <TaskInstance: mi_primer_dag.primer_task scheduled__2023-06-23T00:00:00+00:00 [queued]>
[2023-12-10 20:21:32,445] {taskinstance.py:1179} INFO - Dependencies all met for <TaskInstance: mi_primer_dag.primer_task scheduled__2023-06-23T00:00:00+00:00 [queued]>
[2023-12-10 20:21:32,451] {taskinstance.py:1376} INFO - 
--------------------------------------------------------------------------------
[2023-12-10 20:21:32,486] {taskinstance.py:1377} INFO - Starting attempt 1 of 6
[2023-12-10 20:21:32,488] {taskinstance.py:1378} INFO - 
--------------------------------------------------------------------------------
[2023-12-10 20:21:32,667] {taskinstance.py:1397} INFO - Executing <Task(BashOperator): primer_task> on 2023-06-23 00:00:00+00:00
[2023-12-10 20:21:32,687] {standard_task_runner.py:52} INFO - Started process 1158 to run task
[2023-12-10 20:21:32,715] {standard_task_runner.py:79} INFO - Running: ['***', 'tasks', 'run', 'mi_primer_dag', 'primer_task', 'scheduled__2023-06-23T00:00:00+00:00', '--job-id', '1932', '--raw', '--subdir', 'DAGS_FOLDER/mi_primer_dag.py', '--cfg-path', '/tmp/tmpeqoik66i', '--error-file', '/tmp/tmp_x95q7lt']
[2023-12-10 20:21:32,738] {standard_task_runner.py:80} INFO - Job 1932: Subtask primer_task
[2023-12-10 20:21:33,680] {task_command.py:371} INFO - Running <TaskInstance: mi_primer_dag.primer_task scheduled__2023-06-23T00:00:00+00:00 [running]> on host 42828894a739
[2023-12-10 20:21:34,362] {taskinstance.py:1591} INFO - Exporting the following env vars:
AIRFLOW_CTX_DAG_OWNER=DavidBU
AIRFLOW_CTX_DAG_ID=mi_primer_dag
AIRFLOW_CTX_TASK_ID=primer_task
AIRFLOW_CTX_EXECUTION_DATE=2023-06-23T00:00:00+00:00
AIRFLOW_CTX_TRY_NUMBER=1
AIRFLOW_CTX_DAG_RUN_ID=scheduled__2023-06-23T00:00:00+00:00
[2023-12-10 20:21:34,367] {subprocess.py:62} INFO - Tmp dir root location: 
 /tmp
[2023-12-10 20:21:34,371] {subprocess.py:74} INFO - Running command: ['bash', '-c', 'echo hola mundo, esta es nuestra primera tarea usando bash operator!']
[2023-12-10 20:21:34,530] {subprocess.py:85} INFO - Output:
[2023-12-10 20:21:34,542] {subprocess.py:92} INFO - hola mundo, esta es nuestra primera tarea usando bash operator!
[2023-12-10 20:21:34,582] {subprocess.py:96} INFO - Command exited with return code 0
[2023-12-10 20:21:34,920] {taskinstance.py:1420} INFO - Marking task as SUCCESS. dag_id=mi_primer_dag, task_id=primer_task, execution_date=20230623T000000, start_date=20231210T202132, end_date=20231210T202134
[2023-12-10 20:21:35,033] {local_task_job.py:156} INFO - Task exited with return code 0
[2023-12-10 20:21:35,208] {local_task_job.py:273} INFO - 0 downstream tasks scheduled from follow-on schedule check
