[2023-12-10 19:35:34,848] {taskinstance.py:1179} INFO - Dependencies all met for <TaskInstance: mi_primer_dag_v3.primera_tarea scheduled__2022-12-13T00:00:00+00:00 [queued]>
[2023-12-10 19:35:34,960] {taskinstance.py:1179} INFO - Dependencies all met for <TaskInstance: mi_primer_dag_v3.primera_tarea scheduled__2022-12-13T00:00:00+00:00 [queued]>
[2023-12-10 19:35:34,973] {taskinstance.py:1376} INFO - 
--------------------------------------------------------------------------------
[2023-12-10 19:35:34,990] {taskinstance.py:1377} INFO - Starting attempt 1 of 6
[2023-12-10 19:35:34,993] {taskinstance.py:1378} INFO - 
--------------------------------------------------------------------------------
[2023-12-10 19:35:35,093] {taskinstance.py:1397} INFO - Executing <Task(BashOperator): primera_tarea> on 2022-12-13 00:00:00+00:00
[2023-12-10 19:35:35,103] {standard_task_runner.py:52} INFO - Started process 1524 to run task
[2023-12-10 19:35:35,129] {standard_task_runner.py:79} INFO - Running: ['***', 'tasks', 'run', 'mi_primer_dag_v3', 'primera_tarea', 'scheduled__2022-12-13T00:00:00+00:00', '--job-id', '394', '--raw', '--subdir', 'DAGS_FOLDER/primer_dag_v3.py', '--cfg-path', '/tmp/tmp5kja63h7', '--error-file', '/tmp/tmpkv5m8qxl']
[2023-12-10 19:35:35,158] {standard_task_runner.py:80} INFO - Job 394: Subtask primera_tarea
[2023-12-10 19:35:36,273] {task_command.py:371} INFO - Running <TaskInstance: mi_primer_dag_v3.primera_tarea scheduled__2022-12-13T00:00:00+00:00 [running]> on host 42828894a739
[2023-12-10 19:35:37,085] {taskinstance.py:1591} INFO - Exporting the following env vars:
AIRFLOW_CTX_DAG_OWNER=DavidBU
AIRFLOW_CTX_DAG_ID=mi_primer_dag_v3
AIRFLOW_CTX_TASK_ID=primera_tarea
AIRFLOW_CTX_EXECUTION_DATE=2022-12-13T00:00:00+00:00
AIRFLOW_CTX_TRY_NUMBER=1
AIRFLOW_CTX_DAG_RUN_ID=scheduled__2022-12-13T00:00:00+00:00
[2023-12-10 19:35:37,088] {subprocess.py:62} INFO - Tmp dir root location: 
 /tmp
[2023-12-10 19:35:37,099] {subprocess.py:74} INFO - Running command: ['bash', '-c', 'echo hola mundo, esta es nuestra primera tarea!']
[2023-12-10 19:35:37,236] {subprocess.py:85} INFO - Output:
[2023-12-10 19:35:37,243] {subprocess.py:92} INFO - hola mundo, esta es nuestra primera tarea!
[2023-12-10 19:35:37,267] {subprocess.py:96} INFO - Command exited with return code 0
[2023-12-10 19:35:37,912] {taskinstance.py:1420} INFO - Marking task as SUCCESS. dag_id=mi_primer_dag_v3, task_id=primera_tarea, execution_date=20221213T000000, start_date=20231210T193534, end_date=20231210T193537
[2023-12-10 19:35:38,814] {local_task_job.py:156} INFO - Task exited with return code 0
[2023-12-10 19:35:39,446] {local_task_job.py:273} INFO - 2 downstream tasks scheduled from follow-on schedule check
