[2023-12-10 19:37:44,064] {taskinstance.py:1179} INFO - Dependencies all met for <TaskInstance: mi_primer_dag_v3.tercera_tarea scheduled__2023-01-31T00:00:00+00:00 [queued]>
[2023-12-10 19:37:44,260] {taskinstance.py:1179} INFO - Dependencies all met for <TaskInstance: mi_primer_dag_v3.tercera_tarea scheduled__2023-01-31T00:00:00+00:00 [queued]>
[2023-12-10 19:37:44,273] {taskinstance.py:1376} INFO - 
--------------------------------------------------------------------------------
[2023-12-10 19:37:44,278] {taskinstance.py:1377} INFO - Starting attempt 1 of 6
[2023-12-10 19:37:44,283] {taskinstance.py:1378} INFO - 
--------------------------------------------------------------------------------
[2023-12-10 19:37:44,830] {taskinstance.py:1397} INFO - Executing <Task(BashOperator): tercera_tarea> on 2023-01-31 00:00:00+00:00
[2023-12-10 19:37:44,902] {standard_task_runner.py:52} INFO - Started process 2051 to run task
[2023-12-10 19:37:44,959] {standard_task_runner.py:79} INFO - Running: ['***', 'tasks', 'run', 'mi_primer_dag_v3', 'tercera_tarea', 'scheduled__2023-01-31T00:00:00+00:00', '--job-id', '553', '--raw', '--subdir', 'DAGS_FOLDER/primer_dag_v3.py', '--cfg-path', '/tmp/tmpn6qabcvn', '--error-file', '/tmp/tmp2krde38y']
[2023-12-10 19:37:45,118] {standard_task_runner.py:80} INFO - Job 553: Subtask tercera_tarea
[2023-12-10 19:37:46,303] {task_command.py:371} INFO - Running <TaskInstance: mi_primer_dag_v3.tercera_tarea scheduled__2023-01-31T00:00:00+00:00 [running]> on host 42828894a739
[2023-12-10 19:37:47,365] {taskinstance.py:1591} INFO - Exporting the following env vars:
AIRFLOW_CTX_DAG_OWNER=DavidBU
AIRFLOW_CTX_DAG_ID=mi_primer_dag_v3
AIRFLOW_CTX_TASK_ID=tercera_tarea
AIRFLOW_CTX_EXECUTION_DATE=2023-01-31T00:00:00+00:00
AIRFLOW_CTX_TRY_NUMBER=1
AIRFLOW_CTX_DAG_RUN_ID=scheduled__2023-01-31T00:00:00+00:00
[2023-12-10 19:37:47,367] {subprocess.py:62} INFO - Tmp dir root location: 
 /tmp
[2023-12-10 19:37:47,369] {subprocess.py:74} INFO - Running command: ['bash', '-c', 'echo hola, soy la tarea 3 y sere corrida luego de Tarea 1 al mismo tiempo que Tarea 2']
[2023-12-10 19:37:47,425] {subprocess.py:85} INFO - Output:
[2023-12-10 19:37:47,432] {subprocess.py:92} INFO - hola, soy la tarea 3 y sere corrida luego de Tarea 1 al mismo tiempo que Tarea 2
[2023-12-10 19:37:47,453] {subprocess.py:96} INFO - Command exited with return code 0
[2023-12-10 19:37:47,780] {taskinstance.py:1420} INFO - Marking task as SUCCESS. dag_id=mi_primer_dag_v3, task_id=tercera_tarea, execution_date=20230131T000000, start_date=20231210T193744, end_date=20231210T193747
[2023-12-10 19:37:47,914] {local_task_job.py:156} INFO - Task exited with return code 0
[2023-12-10 19:37:48,697] {local_task_job.py:273} INFO - 0 downstream tasks scheduled from follow-on schedule check
