[2023-12-10 19:43:42,172] {taskinstance.py:1179} INFO - Dependencies all met for <TaskInstance: mi_primer_dag_v3.primera_tarea scheduled__2023-06-24T00:00:00+00:00 [queued]>
[2023-12-10 19:43:42,414] {taskinstance.py:1179} INFO - Dependencies all met for <TaskInstance: mi_primer_dag_v3.primera_tarea scheduled__2023-06-24T00:00:00+00:00 [queued]>
[2023-12-10 19:43:42,433] {taskinstance.py:1376} INFO - 
--------------------------------------------------------------------------------
[2023-12-10 19:43:42,434] {taskinstance.py:1377} INFO - Starting attempt 1 of 6
[2023-12-10 19:43:42,435] {taskinstance.py:1378} INFO - 
--------------------------------------------------------------------------------
[2023-12-10 19:43:42,734] {taskinstance.py:1397} INFO - Executing <Task(BashOperator): primera_tarea> on 2023-06-24 00:00:00+00:00
[2023-12-10 19:43:42,844] {standard_task_runner.py:52} INFO - Started process 3449 to run task
[2023-12-10 19:43:42,854] {standard_task_runner.py:79} INFO - Running: ['***', 'tasks', 'run', 'mi_primer_dag_v3', 'primera_tarea', 'scheduled__2023-06-24T00:00:00+00:00', '--job-id', '969', '--raw', '--subdir', 'DAGS_FOLDER/primer_dag_v3.py', '--cfg-path', '/tmp/tmp02y5ncnz', '--error-file', '/tmp/tmpgu6pyair']
[2023-12-10 19:43:42,868] {standard_task_runner.py:80} INFO - Job 969: Subtask primera_tarea
[2023-12-10 19:43:43,639] {task_command.py:371} INFO - Running <TaskInstance: mi_primer_dag_v3.primera_tarea scheduled__2023-06-24T00:00:00+00:00 [running]> on host 42828894a739
[2023-12-10 19:43:45,120] {taskinstance.py:1591} INFO - Exporting the following env vars:
AIRFLOW_CTX_DAG_OWNER=DavidBU
AIRFLOW_CTX_DAG_ID=mi_primer_dag_v3
AIRFLOW_CTX_TASK_ID=primera_tarea
AIRFLOW_CTX_EXECUTION_DATE=2023-06-24T00:00:00+00:00
AIRFLOW_CTX_TRY_NUMBER=1
AIRFLOW_CTX_DAG_RUN_ID=scheduled__2023-06-24T00:00:00+00:00
[2023-12-10 19:43:45,135] {subprocess.py:62} INFO - Tmp dir root location: 
 /tmp
[2023-12-10 19:43:45,140] {subprocess.py:74} INFO - Running command: ['bash', '-c', 'echo hola mundo, esta es nuestra primera tarea!']
[2023-12-10 19:43:45,278] {subprocess.py:85} INFO - Output:
[2023-12-10 19:43:45,309] {subprocess.py:92} INFO - hola mundo, esta es nuestra primera tarea!
[2023-12-10 19:43:45,313] {subprocess.py:96} INFO - Command exited with return code 0
[2023-12-10 19:43:45,716] {taskinstance.py:1420} INFO - Marking task as SUCCESS. dag_id=mi_primer_dag_v3, task_id=primera_tarea, execution_date=20230624T000000, start_date=20231210T194342, end_date=20231210T194345
[2023-12-10 19:43:46,190] {local_task_job.py:156} INFO - Task exited with return code 0
[2023-12-10 19:43:47,202] {local_task_job.py:273} INFO - 2 downstream tasks scheduled from follow-on schedule check
