[2023-12-11 08:24:16,649] {taskinstance.py:1179} INFO - Dependencies all met for <TaskInstance: mi_primer_dag_v4.tercera_tarea scheduled__2023-12-05T00:00:00+00:00 [queued]>
[2023-12-11 08:24:16,706] {taskinstance.py:1179} INFO - Dependencies all met for <TaskInstance: mi_primer_dag_v4.tercera_tarea scheduled__2023-12-05T00:00:00+00:00 [queued]>
[2023-12-11 08:24:16,708] {taskinstance.py:1376} INFO - 
--------------------------------------------------------------------------------
[2023-12-11 08:24:16,728] {taskinstance.py:1377} INFO - Starting attempt 1 of 6
[2023-12-11 08:24:16,745] {taskinstance.py:1378} INFO - 
--------------------------------------------------------------------------------
[2023-12-11 08:24:16,892] {taskinstance.py:1397} INFO - Executing <Task(BashOperator): tercera_tarea> on 2023-12-05 00:00:00+00:00
[2023-12-11 08:24:16,905] {standard_task_runner.py:52} INFO - Started process 3232 to run task
[2023-12-11 08:24:16,962] {standard_task_runner.py:79} INFO - Running: ['***', 'tasks', 'run', 'mi_primer_dag_v4', 'tercera_tarea', 'scheduled__2023-12-05T00:00:00+00:00', '--job-id', '106', '--raw', '--subdir', 'DAGS_FOLDER/primer_dag.py', '--cfg-path', '/tmp/tmpq_tzwwk9', '--error-file', '/tmp/tmpc72ej7_r']
[2023-12-11 08:24:16,968] {standard_task_runner.py:80} INFO - Job 106: Subtask tercera_tarea
[2023-12-11 08:24:17,886] {task_command.py:371} INFO - Running <TaskInstance: mi_primer_dag_v4.tercera_tarea scheduled__2023-12-05T00:00:00+00:00 [running]> on host 03477fa6e3b6
[2023-12-11 08:24:19,862] {taskinstance.py:1591} INFO - Exporting the following env vars:
AIRFLOW_CTX_DAG_OWNER=DavidBU
AIRFLOW_CTX_DAG_ID=mi_primer_dag_v4
AIRFLOW_CTX_TASK_ID=tercera_tarea
AIRFLOW_CTX_EXECUTION_DATE=2023-12-05T00:00:00+00:00
AIRFLOW_CTX_TRY_NUMBER=1
AIRFLOW_CTX_DAG_RUN_ID=scheduled__2023-12-05T00:00:00+00:00
[2023-12-11 08:24:19,887] {subprocess.py:62} INFO - Tmp dir root location: 
 /tmp
[2023-12-11 08:24:19,906] {subprocess.py:74} INFO - Running command: ['bash', '-c', 'echo Bustos Usta']
[2023-12-11 08:24:20,093] {subprocess.py:85} INFO - Output:
[2023-12-11 08:24:20,103] {subprocess.py:92} INFO - Bustos Usta
[2023-12-11 08:24:20,105] {subprocess.py:96} INFO - Command exited with return code 0
[2023-12-11 08:24:21,868] {taskinstance.py:1420} INFO - Marking task as SUCCESS. dag_id=mi_primer_dag_v4, task_id=tercera_tarea, execution_date=20231205T000000, start_date=20231211T082416, end_date=20231211T082421
[2023-12-11 08:24:22,385] {local_task_job.py:156} INFO - Task exited with return code 0
[2023-12-11 08:24:22,770] {local_task_job.py:273} INFO - 0 downstream tasks scheduled from follow-on schedule check
