[2023-12-29 01:43:05,054] {taskinstance.py:1032} INFO - Dependencies all met for <TaskInstance: dag_smtp_email_fin_mundo.dag_envio_fin_mundo scheduled__2023-12-28T00:00:00+00:00 [queued]>
[2023-12-29 01:43:05,119] {taskinstance.py:1032} INFO - Dependencies all met for <TaskInstance: dag_smtp_email_fin_mundo.dag_envio_fin_mundo scheduled__2023-12-28T00:00:00+00:00 [queued]>
[2023-12-29 01:43:05,124] {taskinstance.py:1238} INFO - 
--------------------------------------------------------------------------------
[2023-12-29 01:43:05,125] {taskinstance.py:1239} INFO - Starting attempt 1 of 1
[2023-12-29 01:43:05,126] {taskinstance.py:1240} INFO - 
--------------------------------------------------------------------------------
[2023-12-29 01:43:05,234] {taskinstance.py:1259} INFO - Executing <Task(PythonOperator): dag_envio_fin_mundo> on 2023-12-28 00:00:00+00:00
[2023-12-29 01:43:05,263] {standard_task_runner.py:52} INFO - Started process 3530 to run task
[2023-12-29 01:43:05,290] {standard_task_runner.py:76} INFO - Running: ['***', 'tasks', 'run', 'dag_smtp_email_fin_mundo', 'dag_envio_fin_mundo', 'scheduled__2023-12-28T00:00:00+00:00', '--job-id', '2', '--raw', '--subdir', 'DAGS_FOLDER/dag_microdesafio_Semana7.py', '--cfg-path', '/tmp/tmp_1q29yyq', '--error-file', '/tmp/tmp_c1ljwj6']
[2023-12-29 01:43:05,299] {standard_task_runner.py:77} INFO - Job 2: Subtask dag_envio_fin_mundo
[2023-12-29 01:43:05,615] {logging_mixin.py:109} INFO - Running <TaskInstance: dag_smtp_email_fin_mundo.dag_envio_fin_mundo scheduled__2023-12-28T00:00:00+00:00 [running]> on host b822f88f233e
[2023-12-29 01:43:06,358] {taskinstance.py:1426} INFO - Exporting the following env vars:
AIRFLOW_CTX_DAG_OWNER=DavidBU
AIRFLOW_CTX_DAG_ID=dag_smtp_email_fin_mundo
AIRFLOW_CTX_TASK_ID=dag_envio_fin_mundo
AIRFLOW_CTX_EXECUTION_DATE=2023-12-28T00:00:00+00:00
AIRFLOW_CTX_DAG_RUN_ID=scheduled__2023-12-28T00:00:00+00:00
[2023-12-29 01:43:11,718] {logging_mixin.py:109} INFO - (535, b'5.7.8 Username and Password not accepted. For more information, go to\n5.7.8  https://support.google.com/mail/?p=BadCredentials k1-20020a17090a658100b0028cad653d05sm553801pjj.47 - gsmtp')
[2023-12-29 01:43:11,730] {logging_mixin.py:109} INFO - Failure
[2023-12-29 01:43:11,732] {python.py:175} INFO - Done. Returned value was: None
[2023-12-29 01:43:11,955] {taskinstance.py:1277} INFO - Marking task as SUCCESS. dag_id=dag_smtp_email_fin_mundo, task_id=dag_envio_fin_mundo, execution_date=20231228T000000, start_date=20231229T014305, end_date=20231229T014311
[2023-12-29 01:43:12,565] {local_task_job.py:154} INFO - Task exited with return code 0
[2023-12-29 01:43:13,089] {local_task_job.py:264} INFO - 0 downstream tasks scheduled from follow-on schedule check
