[2023-12-10 20:24:22,368] {taskinstance.py:1179} INFO - Dependencies all met for <TaskInstance: mi_primer_dar_con_PythonOperator.aloha_david scheduled__2023-03-15T00:00:00+00:00 [queued]>
[2023-12-10 20:24:22,444] {taskinstance.py:1179} INFO - Dependencies all met for <TaskInstance: mi_primer_dar_con_PythonOperator.aloha_david scheduled__2023-03-15T00:00:00+00:00 [queued]>
[2023-12-10 20:24:22,478] {taskinstance.py:1376} INFO - 
--------------------------------------------------------------------------------
[2023-12-10 20:24:22,487] {taskinstance.py:1377} INFO - Starting attempt 1 of 6
[2023-12-10 20:24:22,488] {taskinstance.py:1378} INFO - 
--------------------------------------------------------------------------------
[2023-12-10 20:24:22,864] {taskinstance.py:1397} INFO - Executing <Task(PythonOperator): aloha_david> on 2023-03-15 00:00:00+00:00
[2023-12-10 20:24:22,875] {standard_task_runner.py:52} INFO - Started process 1936 to run task
[2023-12-10 20:24:23,031] {standard_task_runner.py:79} INFO - Running: ['***', 'tasks', 'run', 'mi_primer_dar_con_PythonOperator', 'aloha_david', 'scheduled__2023-03-15T00:00:00+00:00', '--job-id', '2155', '--raw', '--subdir', 'DAGS_FOLDER/mi_primer_dag_pythonoperator.py', '--cfg-path', '/tmp/tmp32561l4p', '--error-file', '/tmp/tmp071upgz9']
[2023-12-10 20:24:23,079] {standard_task_runner.py:80} INFO - Job 2155: Subtask aloha_david
[2023-12-10 20:24:24,012] {task_command.py:371} INFO - Running <TaskInstance: mi_primer_dar_con_PythonOperator.aloha_david scheduled__2023-03-15T00:00:00+00:00 [running]> on host 42828894a739
[2023-12-10 20:24:24,571] {taskinstance.py:1591} INFO - Exporting the following env vars:
AIRFLOW_CTX_DAG_OWNER=DavidBU
AIRFLOW_CTX_DAG_ID=mi_primer_dar_con_PythonOperator
AIRFLOW_CTX_TASK_ID=aloha_david
AIRFLOW_CTX_EXECUTION_DATE=2023-03-15T00:00:00+00:00
AIRFLOW_CTX_TRY_NUMBER=1
AIRFLOW_CTX_DAG_RUN_ID=scheduled__2023-03-15T00:00:00+00:00
[2023-12-10 20:24:24,575] {logging_mixin.py:115} INFO - Aloha Mundo soy yo!
[2023-12-10 20:24:24,576] {python.py:173} INFO - Done. Returned value was: None
[2023-12-10 20:24:24,631] {taskinstance.py:1420} INFO - Marking task as SUCCESS. dag_id=mi_primer_dar_con_PythonOperator, task_id=aloha_david, execution_date=20230315T000000, start_date=20231210T202422, end_date=20231210T202424
[2023-12-10 20:24:24,716] {local_task_job.py:156} INFO - Task exited with return code 0
[2023-12-10 20:24:24,914] {local_task_job.py:273} INFO - 0 downstream tasks scheduled from follow-on schedule check
