[2023-12-29 04:13:45,206] {taskinstance.py:1032} INFO - Dependencies all met for <TaskInstance: dag_xcoms_facil.empleado_C manual__2023-12-29T04:13:37.057085+00:00 [queued]>
[2023-12-29 04:13:45,308] {taskinstance.py:1032} INFO - Dependencies all met for <TaskInstance: dag_xcoms_facil.empleado_C manual__2023-12-29T04:13:37.057085+00:00 [queued]>
[2023-12-29 04:13:45,326] {taskinstance.py:1238} INFO - 
--------------------------------------------------------------------------------
[2023-12-29 04:13:45,338] {taskinstance.py:1239} INFO - Starting attempt 1 of 1
[2023-12-29 04:13:45,339] {taskinstance.py:1240} INFO - 
--------------------------------------------------------------------------------
[2023-12-29 04:13:45,407] {taskinstance.py:1259} INFO - Executing <Task(PythonOperator): empleado_C> on 2023-12-29 04:13:37.057085+00:00
[2023-12-29 04:13:45,443] {standard_task_runner.py:76} INFO - Running: ['***', 'tasks', 'run', 'dag_xcoms_facil', 'empleado_C', 'manual__2023-12-29T04:13:37.057085+00:00', '--job-id', '25', '--raw', '--subdir', 'DAGS_FOLDER/dag_actividad_xcoms.py', '--cfg-path', '/tmp/tmpec_zek6p', '--error-file', '/tmp/tmpzfrat6do']
[2023-12-29 04:13:45,455] {standard_task_runner.py:77} INFO - Job 25: Subtask empleado_C
[2023-12-29 04:13:45,414] {standard_task_runner.py:52} INFO - Started process 1380 to run task
[2023-12-29 04:13:45,895] {logging_mixin.py:109} INFO - Running <TaskInstance: dag_xcoms_facil.empleado_C manual__2023-12-29T04:13:37.057085+00:00 [running]> on host 2762520f2c23
[2023-12-29 04:13:46,858] {taskinstance.py:1426} INFO - Exporting the following env vars:
AIRFLOW_CTX_DAG_EMAIL=ariel-2401@hotmail.com
AIRFLOW_CTX_DAG_OWNER=ArielChumbita
AIRFLOW_CTX_DAG_ID=dag_xcoms_facil
AIRFLOW_CTX_TASK_ID=empleado_C
AIRFLOW_CTX_EXECUTION_DATE=2023-12-29T04:13:37.057085+00:00
AIRFLOW_CTX_DAG_RUN_ID=manual__2023-12-29T04:13:37.057085+00:00
[2023-12-29 04:13:46,884] {python.py:175} INFO - Done. Returned value was: 9
[2023-12-29 04:13:47,094] {taskinstance.py:1277} INFO - Marking task as SUCCESS. dag_id=dag_xcoms_facil, task_id=empleado_C, execution_date=20231229T041337, start_date=20231229T041345, end_date=20231229T041347
[2023-12-29 04:13:47,187] {local_task_job.py:154} INFO - Task exited with return code 0
[2023-12-29 04:13:47,404] {local_task_job.py:264} INFO - 1 downstream tasks scheduled from follow-on schedule check
