[2023-12-10 19:47:27,293] {taskinstance.py:1179} INFO - Dependencies all met for <TaskInstance: mi_primer_dag_v3.tercera_tarea scheduled__2023-10-04T00:00:00+00:00 [queued]>
[2023-12-10 19:47:27,513] {taskinstance.py:1179} INFO - Dependencies all met for <TaskInstance: mi_primer_dag_v3.tercera_tarea scheduled__2023-10-04T00:00:00+00:00 [queued]>
[2023-12-10 19:47:27,529] {taskinstance.py:1376} INFO - 
--------------------------------------------------------------------------------
[2023-12-10 19:47:27,542] {taskinstance.py:1377} INFO - Starting attempt 1 of 6
[2023-12-10 19:47:27,544] {taskinstance.py:1378} INFO - 
--------------------------------------------------------------------------------
[2023-12-10 19:47:27,799] {taskinstance.py:1397} INFO - Executing <Task(BashOperator): tercera_tarea> on 2023-10-04 00:00:00+00:00
[2023-12-10 19:47:27,813] {standard_task_runner.py:52} INFO - Started process 4512 to run task
[2023-12-10 19:47:27,837] {standard_task_runner.py:79} INFO - Running: ['***', 'tasks', 'run', 'mi_primer_dag_v3', 'tercera_tarea', 'scheduled__2023-10-04T00:00:00+00:00', '--job-id', '1294', '--raw', '--subdir', 'DAGS_FOLDER/primer_dag_v3.py', '--cfg-path', '/tmp/tmp3y82qr0t', '--error-file', '/tmp/tmp9a2ok9z9']
[2023-12-10 19:47:27,876] {standard_task_runner.py:80} INFO - Job 1294: Subtask tercera_tarea
[2023-12-10 19:47:29,560] {task_command.py:371} INFO - Running <TaskInstance: mi_primer_dag_v3.tercera_tarea scheduled__2023-10-04T00:00:00+00:00 [running]> on host 42828894a739
[2023-12-10 19:47:31,239] {taskinstance.py:1591} INFO - Exporting the following env vars:
AIRFLOW_CTX_DAG_OWNER=DavidBU
AIRFLOW_CTX_DAG_ID=mi_primer_dag_v3
AIRFLOW_CTX_TASK_ID=tercera_tarea
AIRFLOW_CTX_EXECUTION_DATE=2023-10-04T00:00:00+00:00
AIRFLOW_CTX_TRY_NUMBER=1
AIRFLOW_CTX_DAG_RUN_ID=scheduled__2023-10-04T00:00:00+00:00
[2023-12-10 19:47:31,242] {subprocess.py:62} INFO - Tmp dir root location: 
 /tmp
[2023-12-10 19:47:31,244] {subprocess.py:74} INFO - Running command: ['bash', '-c', 'echo hola, soy la tarea 3 y sere corrida luego de Tarea 1 al mismo tiempo que Tarea 2']
[2023-12-10 19:47:31,325] {subprocess.py:85} INFO - Output:
[2023-12-10 19:47:31,358] {subprocess.py:92} INFO - hola, soy la tarea 3 y sere corrida luego de Tarea 1 al mismo tiempo que Tarea 2
[2023-12-10 19:47:31,390] {subprocess.py:96} INFO - Command exited with return code 0
[2023-12-10 19:47:31,679] {taskinstance.py:1420} INFO - Marking task as SUCCESS. dag_id=mi_primer_dag_v3, task_id=tercera_tarea, execution_date=20231004T000000, start_date=20231210T194727, end_date=20231210T194731
[2023-12-10 19:47:31,959] {local_task_job.py:156} INFO - Task exited with return code 0
[2023-12-10 19:47:32,505] {local_task_job.py:273} INFO - 0 downstream tasks scheduled from follow-on schedule check
