[2023-12-10 19:44:20,865] {taskinstance.py:1179} INFO - Dependencies all met for <TaskInstance: mi_primer_dag_v3.segunda_tarea scheduled__2023-07-11T00:00:00+00:00 [queued]>
[2023-12-10 19:44:20,966] {taskinstance.py:1179} INFO - Dependencies all met for <TaskInstance: mi_primer_dag_v3.segunda_tarea scheduled__2023-07-11T00:00:00+00:00 [queued]>
[2023-12-10 19:44:20,967] {taskinstance.py:1376} INFO - 
--------------------------------------------------------------------------------
[2023-12-10 19:44:20,969] {taskinstance.py:1377} INFO - Starting attempt 1 of 6
[2023-12-10 19:44:20,970] {taskinstance.py:1378} INFO - 
--------------------------------------------------------------------------------
[2023-12-10 19:44:21,067] {taskinstance.py:1397} INFO - Executing <Task(BashOperator): segunda_tarea> on 2023-07-11 00:00:00+00:00
[2023-12-10 19:44:21,081] {standard_task_runner.py:52} INFO - Started process 3650 to run task
[2023-12-10 19:44:21,102] {standard_task_runner.py:79} INFO - Running: ['***', 'tasks', 'run', 'mi_primer_dag_v3', 'segunda_tarea', 'scheduled__2023-07-11T00:00:00+00:00', '--job-id', '1035', '--raw', '--subdir', 'DAGS_FOLDER/primer_dag_v3.py', '--cfg-path', '/tmp/tmpc8zuwebk', '--error-file', '/tmp/tmpg_dbym3a']
[2023-12-10 19:44:21,124] {standard_task_runner.py:80} INFO - Job 1035: Subtask segunda_tarea
[2023-12-10 19:44:21,494] {task_command.py:371} INFO - Running <TaskInstance: mi_primer_dag_v3.segunda_tarea scheduled__2023-07-11T00:00:00+00:00 [running]> on host 42828894a739
[2023-12-10 19:44:22,038] {taskinstance.py:1591} INFO - Exporting the following env vars:
AIRFLOW_CTX_DAG_OWNER=DavidBU
AIRFLOW_CTX_DAG_ID=mi_primer_dag_v3
AIRFLOW_CTX_TASK_ID=segunda_tarea
AIRFLOW_CTX_EXECUTION_DATE=2023-07-11T00:00:00+00:00
AIRFLOW_CTX_TRY_NUMBER=1
AIRFLOW_CTX_DAG_RUN_ID=scheduled__2023-07-11T00:00:00+00:00
[2023-12-10 19:44:22,041] {subprocess.py:62} INFO - Tmp dir root location: 
 /tmp
[2023-12-10 19:44:22,043] {subprocess.py:74} INFO - Running command: ['bash', '-c', 'echo hola, soy la tarea 2 y sere corrida luego de la Tarea 1']
[2023-12-10 19:44:22,090] {subprocess.py:85} INFO - Output:
[2023-12-10 19:44:22,097] {subprocess.py:92} INFO - hola, soy la tarea 2 y sere corrida luego de la Tarea 1
[2023-12-10 19:44:22,102] {subprocess.py:96} INFO - Command exited with return code 0
[2023-12-10 19:44:22,285] {taskinstance.py:1420} INFO - Marking task as SUCCESS. dag_id=mi_primer_dag_v3, task_id=segunda_tarea, execution_date=20230711T000000, start_date=20231210T194420, end_date=20231210T194422
[2023-12-10 19:44:22,373] {local_task_job.py:156} INFO - Task exited with return code 0
[2023-12-10 19:44:22,497] {local_task_job.py:273} INFO - 0 downstream tasks scheduled from follow-on schedule check
