[2023-12-10 19:43:06,730] {taskinstance.py:1179} INFO - Dependencies all met for <TaskInstance: mi_primer_dag_v3.primera_tarea scheduled__2023-06-04T00:00:00+00:00 [queued]>
[2023-12-10 19:43:06,848] {taskinstance.py:1179} INFO - Dependencies all met for <TaskInstance: mi_primer_dag_v3.primera_tarea scheduled__2023-06-04T00:00:00+00:00 [queued]>
[2023-12-10 19:43:06,850] {taskinstance.py:1376} INFO - 
--------------------------------------------------------------------------------
[2023-12-10 19:43:06,863] {taskinstance.py:1377} INFO - Starting attempt 1 of 6
[2023-12-10 19:43:06,885] {taskinstance.py:1378} INFO - 
--------------------------------------------------------------------------------
[2023-12-10 19:43:07,115] {taskinstance.py:1397} INFO - Executing <Task(BashOperator): primera_tarea> on 2023-06-04 00:00:00+00:00
[2023-12-10 19:43:07,129] {standard_task_runner.py:52} INFO - Started process 3275 to run task
[2023-12-10 19:43:07,149] {standard_task_runner.py:79} INFO - Running: ['***', 'tasks', 'run', 'mi_primer_dag_v3', 'primera_tarea', 'scheduled__2023-06-04T00:00:00+00:00', '--job-id', '917', '--raw', '--subdir', 'DAGS_FOLDER/primer_dag_v3.py', '--cfg-path', '/tmp/tmped3ircpr', '--error-file', '/tmp/tmp_zw1g144']
[2023-12-10 19:43:07,189] {standard_task_runner.py:80} INFO - Job 917: Subtask primera_tarea
[2023-12-10 19:43:07,916] {task_command.py:371} INFO - Running <TaskInstance: mi_primer_dag_v3.primera_tarea scheduled__2023-06-04T00:00:00+00:00 [running]> on host 42828894a739
[2023-12-10 19:43:08,738] {taskinstance.py:1591} INFO - Exporting the following env vars:
AIRFLOW_CTX_DAG_OWNER=DavidBU
AIRFLOW_CTX_DAG_ID=mi_primer_dag_v3
AIRFLOW_CTX_TASK_ID=primera_tarea
AIRFLOW_CTX_EXECUTION_DATE=2023-06-04T00:00:00+00:00
AIRFLOW_CTX_TRY_NUMBER=1
AIRFLOW_CTX_DAG_RUN_ID=scheduled__2023-06-04T00:00:00+00:00
[2023-12-10 19:43:08,755] {subprocess.py:62} INFO - Tmp dir root location: 
 /tmp
[2023-12-10 19:43:08,761] {subprocess.py:74} INFO - Running command: ['bash', '-c', 'echo hola mundo, esta es nuestra primera tarea!']
[2023-12-10 19:43:08,802] {subprocess.py:85} INFO - Output:
[2023-12-10 19:43:08,807] {subprocess.py:92} INFO - hola mundo, esta es nuestra primera tarea!
[2023-12-10 19:43:08,808] {subprocess.py:96} INFO - Command exited with return code 0
[2023-12-10 19:43:09,051] {taskinstance.py:1420} INFO - Marking task as SUCCESS. dag_id=mi_primer_dag_v3, task_id=primera_tarea, execution_date=20230604T000000, start_date=20231210T194306, end_date=20231210T194309
[2023-12-10 19:43:09,215] {local_task_job.py:156} INFO - Task exited with return code 0
[2023-12-10 19:43:10,151] {local_task_job.py:273} INFO - 0 downstream tasks scheduled from follow-on schedule check
