[2023-12-10 20:19:39,675] {taskinstance.py:1179} INFO - Dependencies all met for <TaskInstance: mi_primer_dar_con_PythonOperator.aloha_david scheduled__2022-09-17T00:00:00+00:00 [queued]>
[2023-12-10 20:19:39,796] {taskinstance.py:1179} INFO - Dependencies all met for <TaskInstance: mi_primer_dar_con_PythonOperator.aloha_david scheduled__2022-09-17T00:00:00+00:00 [queued]>
[2023-12-10 20:19:39,895] {taskinstance.py:1376} INFO - 
--------------------------------------------------------------------------------
[2023-12-10 20:19:39,910] {taskinstance.py:1377} INFO - Starting attempt 1 of 6
[2023-12-10 20:19:40,010] {taskinstance.py:1378} INFO - 
--------------------------------------------------------------------------------
[2023-12-10 20:19:40,228] {taskinstance.py:1397} INFO - Executing <Task(PythonOperator): aloha_david> on 2022-09-17 00:00:00+00:00
[2023-12-10 20:19:40,252] {standard_task_runner.py:52} INFO - Started process 666 to run task
[2023-12-10 20:19:40,264] {standard_task_runner.py:79} INFO - Running: ['***', 'tasks', 'run', 'mi_primer_dar_con_PythonOperator', 'aloha_david', 'scheduled__2022-09-17T00:00:00+00:00', '--job-id', '1796', '--raw', '--subdir', 'DAGS_FOLDER/mi_primer_dag_pythonoperator.py', '--cfg-path', '/tmp/tmp61cr35tb', '--error-file', '/tmp/tmpg_uxztxo']
[2023-12-10 20:19:40,288] {standard_task_runner.py:80} INFO - Job 1796: Subtask aloha_david
[2023-12-10 20:19:40,830] {task_command.py:371} INFO - Running <TaskInstance: mi_primer_dar_con_PythonOperator.aloha_david scheduled__2022-09-17T00:00:00+00:00 [running]> on host 42828894a739
[2023-12-10 20:19:41,187] {taskinstance.py:1591} INFO - Exporting the following env vars:
AIRFLOW_CTX_DAG_OWNER=DavidBU
AIRFLOW_CTX_DAG_ID=mi_primer_dar_con_PythonOperator
AIRFLOW_CTX_TASK_ID=aloha_david
AIRFLOW_CTX_EXECUTION_DATE=2022-09-17T00:00:00+00:00
AIRFLOW_CTX_TRY_NUMBER=1
AIRFLOW_CTX_DAG_RUN_ID=scheduled__2022-09-17T00:00:00+00:00
[2023-12-10 20:19:41,191] {logging_mixin.py:115} INFO - Aloha Mundo soy yo!
[2023-12-10 20:19:41,196] {python.py:173} INFO - Done. Returned value was: None
[2023-12-10 20:19:41,420] {taskinstance.py:1420} INFO - Marking task as SUCCESS. dag_id=mi_primer_dar_con_PythonOperator, task_id=aloha_david, execution_date=20220917T000000, start_date=20231210T201939, end_date=20231210T201941
[2023-12-10 20:19:41,488] {local_task_job.py:156} INFO - Task exited with return code 0
[2023-12-10 20:19:41,618] {local_task_job.py:273} INFO - 0 downstream tasks scheduled from follow-on schedule check
