[2023-12-10 19:45:34,428] {taskinstance.py:1179} INFO - Dependencies all met for <TaskInstance: mi_primer_dag_v3.tercera_tarea scheduled__2023-08-15T00:00:00+00:00 [queued]>
[2023-12-10 19:45:34,711] {taskinstance.py:1179} INFO - Dependencies all met for <TaskInstance: mi_primer_dag_v3.tercera_tarea scheduled__2023-08-15T00:00:00+00:00 [queued]>
[2023-12-10 19:45:34,731] {taskinstance.py:1376} INFO - 
--------------------------------------------------------------------------------
[2023-12-10 19:45:34,747] {taskinstance.py:1377} INFO - Starting attempt 1 of 6
[2023-12-10 19:45:34,762] {taskinstance.py:1378} INFO - 
--------------------------------------------------------------------------------
[2023-12-10 19:45:34,901] {taskinstance.py:1397} INFO - Executing <Task(BashOperator): tercera_tarea> on 2023-08-15 00:00:00+00:00
[2023-12-10 19:45:34,909] {standard_task_runner.py:52} INFO - Started process 4001 to run task
[2023-12-10 19:45:34,966] {standard_task_runner.py:79} INFO - Running: ['***', 'tasks', 'run', 'mi_primer_dag_v3', 'tercera_tarea', 'scheduled__2023-08-15T00:00:00+00:00', '--job-id', '1140', '--raw', '--subdir', 'DAGS_FOLDER/primer_dag_v3.py', '--cfg-path', '/tmp/tmpuo88g2aj', '--error-file', '/tmp/tmpb7__4r45']
[2023-12-10 19:45:35,021] {standard_task_runner.py:80} INFO - Job 1140: Subtask tercera_tarea
[2023-12-10 19:45:35,784] {task_command.py:371} INFO - Running <TaskInstance: mi_primer_dag_v3.tercera_tarea scheduled__2023-08-15T00:00:00+00:00 [running]> on host 42828894a739
[2023-12-10 19:45:36,945] {taskinstance.py:1591} INFO - Exporting the following env vars:
AIRFLOW_CTX_DAG_OWNER=DavidBU
AIRFLOW_CTX_DAG_ID=mi_primer_dag_v3
AIRFLOW_CTX_TASK_ID=tercera_tarea
AIRFLOW_CTX_EXECUTION_DATE=2023-08-15T00:00:00+00:00
AIRFLOW_CTX_TRY_NUMBER=1
AIRFLOW_CTX_DAG_RUN_ID=scheduled__2023-08-15T00:00:00+00:00
[2023-12-10 19:45:36,949] {subprocess.py:62} INFO - Tmp dir root location: 
 /tmp
[2023-12-10 19:45:36,953] {subprocess.py:74} INFO - Running command: ['bash', '-c', 'echo hola, soy la tarea 3 y sere corrida luego de Tarea 1 al mismo tiempo que Tarea 2']
[2023-12-10 19:45:37,035] {subprocess.py:85} INFO - Output:
[2023-12-10 19:45:37,044] {subprocess.py:92} INFO - hola, soy la tarea 3 y sere corrida luego de Tarea 1 al mismo tiempo que Tarea 2
[2023-12-10 19:45:37,055] {subprocess.py:96} INFO - Command exited with return code 0
[2023-12-10 19:45:37,422] {taskinstance.py:1420} INFO - Marking task as SUCCESS. dag_id=mi_primer_dag_v3, task_id=tercera_tarea, execution_date=20230815T000000, start_date=20231210T194534, end_date=20231210T194537
[2023-12-10 19:45:37,572] {local_task_job.py:156} INFO - Task exited with return code 0
[2023-12-10 19:45:38,434] {local_task_job.py:273} INFO - 0 downstream tasks scheduled from follow-on schedule check
