[2023-12-10 19:31:54,428] {taskinstance.py:1179} INFO - Dependencies all met for <TaskInstance: mi_primer_dag_v3.segunda_tarea scheduled__2022-09-24T00:00:00+00:00 [queued]>
[2023-12-10 19:31:54,615] {taskinstance.py:1179} INFO - Dependencies all met for <TaskInstance: mi_primer_dag_v3.segunda_tarea scheduled__2022-09-24T00:00:00+00:00 [queued]>
[2023-12-10 19:31:54,627] {taskinstance.py:1376} INFO - 
--------------------------------------------------------------------------------
[2023-12-10 19:31:54,634] {taskinstance.py:1377} INFO - Starting attempt 1 of 6
[2023-12-10 19:31:54,642] {taskinstance.py:1378} INFO - 
--------------------------------------------------------------------------------
[2023-12-10 19:31:54,970] {taskinstance.py:1397} INFO - Executing <Task(BashOperator): segunda_tarea> on 2022-09-24 00:00:00+00:00
[2023-12-10 19:31:55,009] {standard_task_runner.py:52} INFO - Started process 748 to run task
[2023-12-10 19:31:55,047] {standard_task_runner.py:79} INFO - Running: ['***', 'tasks', 'run', 'mi_primer_dag_v3', 'segunda_tarea', 'scheduled__2022-09-24T00:00:00+00:00', '--job-id', '165', '--raw', '--subdir', 'DAGS_FOLDER/primer_dag_v3.py', '--cfg-path', '/tmp/tmpz2pxg79s', '--error-file', '/tmp/tmpv7usk4il']
[2023-12-10 19:31:55,061] {standard_task_runner.py:80} INFO - Job 165: Subtask segunda_tarea
[2023-12-10 19:31:56,329] {task_command.py:371} INFO - Running <TaskInstance: mi_primer_dag_v3.segunda_tarea scheduled__2022-09-24T00:00:00+00:00 [running]> on host 42828894a739
[2023-12-10 19:31:58,380] {taskinstance.py:1591} INFO - Exporting the following env vars:
AIRFLOW_CTX_DAG_OWNER=DavidBU
AIRFLOW_CTX_DAG_ID=mi_primer_dag_v3
AIRFLOW_CTX_TASK_ID=segunda_tarea
AIRFLOW_CTX_EXECUTION_DATE=2022-09-24T00:00:00+00:00
AIRFLOW_CTX_TRY_NUMBER=1
AIRFLOW_CTX_DAG_RUN_ID=scheduled__2022-09-24T00:00:00+00:00
[2023-12-10 19:31:58,444] {subprocess.py:62} INFO - Tmp dir root location: 
 /tmp
[2023-12-10 19:31:58,476] {subprocess.py:74} INFO - Running command: ['bash', '-c', 'echo hola, soy la tarea 2 y sere corrida luego de la Tarea 1']
[2023-12-10 19:31:58,611] {subprocess.py:85} INFO - Output:
[2023-12-10 19:31:58,643] {subprocess.py:92} INFO - hola, soy la tarea 2 y sere corrida luego de la Tarea 1
[2023-12-10 19:31:58,654] {subprocess.py:96} INFO - Command exited with return code 0
[2023-12-10 19:31:59,088] {taskinstance.py:1420} INFO - Marking task as SUCCESS. dag_id=mi_primer_dag_v3, task_id=segunda_tarea, execution_date=20220924T000000, start_date=20231210T193154, end_date=20231210T193159
[2023-12-10 19:31:59,238] {local_task_job.py:156} INFO - Task exited with return code 0
[2023-12-10 19:32:00,023] {local_task_job.py:273} INFO - 0 downstream tasks scheduled from follow-on schedule check
