[2023-12-10 19:40:12,236] {taskinstance.py:1179} INFO - Dependencies all met for <TaskInstance: mi_primer_dag_v3.segunda_tarea scheduled__2023-03-31T00:00:00+00:00 [queued]>
[2023-12-10 19:40:12,919] {taskinstance.py:1179} INFO - Dependencies all met for <TaskInstance: mi_primer_dag_v3.segunda_tarea scheduled__2023-03-31T00:00:00+00:00 [queued]>
[2023-12-10 19:40:12,950] {taskinstance.py:1376} INFO - 
--------------------------------------------------------------------------------
[2023-12-10 19:40:12,966] {taskinstance.py:1377} INFO - Starting attempt 1 of 6
[2023-12-10 19:40:12,982] {taskinstance.py:1378} INFO - 
--------------------------------------------------------------------------------
[2023-12-10 19:40:13,407] {taskinstance.py:1397} INFO - Executing <Task(BashOperator): segunda_tarea> on 2023-03-31 00:00:00+00:00
[2023-12-10 19:40:13,415] {standard_task_runner.py:52} INFO - Started process 2650 to run task
[2023-12-10 19:40:13,492] {standard_task_runner.py:79} INFO - Running: ['***', 'tasks', 'run', 'mi_primer_dag_v3', 'segunda_tarea', 'scheduled__2023-03-31T00:00:00+00:00', '--job-id', '733', '--raw', '--subdir', 'DAGS_FOLDER/primer_dag_v3.py', '--cfg-path', '/tmp/tmps3ki8_yo', '--error-file', '/tmp/tmp0ze0so14']
[2023-12-10 19:40:13,594] {standard_task_runner.py:80} INFO - Job 733: Subtask segunda_tarea
[2023-12-10 19:40:14,786] {task_command.py:371} INFO - Running <TaskInstance: mi_primer_dag_v3.segunda_tarea scheduled__2023-03-31T00:00:00+00:00 [running]> on host 42828894a739
[2023-12-10 19:40:15,890] {taskinstance.py:1591} INFO - Exporting the following env vars:
AIRFLOW_CTX_DAG_OWNER=DavidBU
AIRFLOW_CTX_DAG_ID=mi_primer_dag_v3
AIRFLOW_CTX_TASK_ID=segunda_tarea
AIRFLOW_CTX_EXECUTION_DATE=2023-03-31T00:00:00+00:00
AIRFLOW_CTX_TRY_NUMBER=1
AIRFLOW_CTX_DAG_RUN_ID=scheduled__2023-03-31T00:00:00+00:00
[2023-12-10 19:40:15,892] {subprocess.py:62} INFO - Tmp dir root location: 
 /tmp
[2023-12-10 19:40:15,893] {subprocess.py:74} INFO - Running command: ['bash', '-c', 'echo hola, soy la tarea 2 y sere corrida luego de la Tarea 1']
[2023-12-10 19:40:15,938] {subprocess.py:85} INFO - Output:
[2023-12-10 19:40:15,946] {subprocess.py:92} INFO - hola, soy la tarea 2 y sere corrida luego de la Tarea 1
[2023-12-10 19:40:15,952] {subprocess.py:96} INFO - Command exited with return code 0
[2023-12-10 19:40:16,642] {taskinstance.py:1420} INFO - Marking task as SUCCESS. dag_id=mi_primer_dag_v3, task_id=segunda_tarea, execution_date=20230331T000000, start_date=20231210T194012, end_date=20231210T194016
[2023-12-10 19:40:16,959] {local_task_job.py:156} INFO - Task exited with return code 0
[2023-12-10 19:40:17,676] {local_task_job.py:273} INFO - 0 downstream tasks scheduled from follow-on schedule check
