[2023-12-10 20:22:26,029] {taskinstance.py:1179} INFO - Dependencies all met for <TaskInstance: mi_primer_dar_con_PythonOperator.aloha_david scheduled__2022-12-27T00:00:00+00:00 [queued]>
[2023-12-10 20:22:26,136] {taskinstance.py:1179} INFO - Dependencies all met for <TaskInstance: mi_primer_dar_con_PythonOperator.aloha_david scheduled__2022-12-27T00:00:00+00:00 [queued]>
[2023-12-10 20:22:26,139] {taskinstance.py:1376} INFO - 
--------------------------------------------------------------------------------
[2023-12-10 20:22:26,144] {taskinstance.py:1377} INFO - Starting attempt 1 of 6
[2023-12-10 20:22:26,154] {taskinstance.py:1378} INFO - 
--------------------------------------------------------------------------------
[2023-12-10 20:22:26,287] {taskinstance.py:1397} INFO - Executing <Task(PythonOperator): aloha_david> on 2022-12-27 00:00:00+00:00
[2023-12-10 20:22:26,302] {standard_task_runner.py:52} INFO - Started process 1395 to run task
[2023-12-10 20:22:26,336] {standard_task_runner.py:79} INFO - Running: ['***', 'tasks', 'run', 'mi_primer_dar_con_PythonOperator', 'aloha_david', 'scheduled__2022-12-27T00:00:00+00:00', '--job-id', '2000', '--raw', '--subdir', 'DAGS_FOLDER/mi_primer_dag_pythonoperator.py', '--cfg-path', '/tmp/tmp70cxzemd', '--error-file', '/tmp/tmpsn4ps80k']
[2023-12-10 20:22:26,347] {standard_task_runner.py:80} INFO - Job 2000: Subtask aloha_david
[2023-12-10 20:22:27,015] {task_command.py:371} INFO - Running <TaskInstance: mi_primer_dar_con_PythonOperator.aloha_david scheduled__2022-12-27T00:00:00+00:00 [running]> on host 42828894a739
[2023-12-10 20:22:28,208] {taskinstance.py:1591} INFO - Exporting the following env vars:
AIRFLOW_CTX_DAG_OWNER=DavidBU
AIRFLOW_CTX_DAG_ID=mi_primer_dar_con_PythonOperator
AIRFLOW_CTX_TASK_ID=aloha_david
AIRFLOW_CTX_EXECUTION_DATE=2022-12-27T00:00:00+00:00
AIRFLOW_CTX_TRY_NUMBER=1
AIRFLOW_CTX_DAG_RUN_ID=scheduled__2022-12-27T00:00:00+00:00
[2023-12-10 20:22:28,215] {logging_mixin.py:115} INFO - Aloha Mundo soy yo!
[2023-12-10 20:22:28,218] {python.py:173} INFO - Done. Returned value was: None
[2023-12-10 20:22:28,259] {taskinstance.py:1420} INFO - Marking task as SUCCESS. dag_id=mi_primer_dar_con_PythonOperator, task_id=aloha_david, execution_date=20221227T000000, start_date=20231210T202226, end_date=20231210T202228
[2023-12-10 20:22:28,383] {local_task_job.py:156} INFO - Task exited with return code 0
[2023-12-10 20:22:28,749] {local_task_job.py:273} INFO - 0 downstream tasks scheduled from follow-on schedule check
