[2023-12-10 20:13:56,664] {taskinstance.py:1179} INFO - Dependencies all met for <TaskInstance: mi_primer_dag.primer_task scheduled__2022-11-03T00:00:00+00:00 [queued]>
[2023-12-10 20:13:56,890] {taskinstance.py:1179} INFO - Dependencies all met for <TaskInstance: mi_primer_dag.primer_task scheduled__2022-11-03T00:00:00+00:00 [queued]>
[2023-12-10 20:13:57,087] {taskinstance.py:1376} INFO - 
--------------------------------------------------------------------------------
[2023-12-10 20:13:57,418] {taskinstance.py:1377} INFO - Starting attempt 1 of 6
[2023-12-10 20:13:57,535] {taskinstance.py:1378} INFO - 
--------------------------------------------------------------------------------
[2023-12-10 20:13:57,748] {taskinstance.py:1397} INFO - Executing <Task(BashOperator): primer_task> on 2022-11-03 00:00:00+00:00
[2023-12-10 20:13:57,814] {standard_task_runner.py:52} INFO - Started process 645 to run task
[2023-12-10 20:13:57,848] {standard_task_runner.py:79} INFO - Running: ['***', 'tasks', 'run', 'mi_primer_dag', 'primer_task', 'scheduled__2022-11-03T00:00:00+00:00', '--job-id', '1582', '--raw', '--subdir', 'DAGS_FOLDER/mi_primer_dag.py', '--cfg-path', '/tmp/tmplcfbhfue', '--error-file', '/tmp/tmp7g0bz2zx']
[2023-12-10 20:13:57,874] {standard_task_runner.py:80} INFO - Job 1582: Subtask primer_task
[2023-12-10 20:13:58,523] {task_command.py:371} INFO - Running <TaskInstance: mi_primer_dag.primer_task scheduled__2022-11-03T00:00:00+00:00 [running]> on host 42828894a739
[2023-12-10 20:13:59,238] {taskinstance.py:1591} INFO - Exporting the following env vars:
AIRFLOW_CTX_DAG_OWNER=DavidBU
AIRFLOW_CTX_DAG_ID=mi_primer_dag
AIRFLOW_CTX_TASK_ID=primer_task
AIRFLOW_CTX_EXECUTION_DATE=2022-11-03T00:00:00+00:00
AIRFLOW_CTX_TRY_NUMBER=1
AIRFLOW_CTX_DAG_RUN_ID=scheduled__2022-11-03T00:00:00+00:00
[2023-12-10 20:13:59,245] {subprocess.py:62} INFO - Tmp dir root location: 
 /tmp
[2023-12-10 20:13:59,247] {subprocess.py:74} INFO - Running command: ['bash', '-c', 'echo hola mundo, esta es nuestra primera tarea usando bash operator!']
[2023-12-10 20:13:59,287] {subprocess.py:85} INFO - Output:
[2023-12-10 20:13:59,302] {subprocess.py:92} INFO - hola mundo, esta es nuestra primera tarea usando bash operator!
[2023-12-10 20:13:59,309] {subprocess.py:96} INFO - Command exited with return code 0
[2023-12-10 20:13:59,455] {taskinstance.py:1420} INFO - Marking task as SUCCESS. dag_id=mi_primer_dag, task_id=primer_task, execution_date=20221103T000000, start_date=20231210T201356, end_date=20231210T201359
[2023-12-10 20:13:59,545] {local_task_job.py:156} INFO - Task exited with return code 0
[2023-12-10 20:13:59,668] {local_task_job.py:273} INFO - 0 downstream tasks scheduled from follow-on schedule check
