[2023-12-21 03:24:13,370] {taskinstance.py:1179} INFO - Dependencies all met for <TaskInstance: mi_primer_dag_v4.tercera_tarea scheduled__2023-12-12T00:00:00+00:00 [queued]>
[2023-12-21 03:24:13,526] {taskinstance.py:1179} INFO - Dependencies all met for <TaskInstance: mi_primer_dag_v4.tercera_tarea scheduled__2023-12-12T00:00:00+00:00 [queued]>
[2023-12-21 03:24:13,561] {taskinstance.py:1376} INFO - 
--------------------------------------------------------------------------------
[2023-12-21 03:24:13,577] {taskinstance.py:1377} INFO - Starting attempt 1 of 6
[2023-12-21 03:24:13,594] {taskinstance.py:1378} INFO - 
--------------------------------------------------------------------------------
[2023-12-21 03:24:13,943] {taskinstance.py:1397} INFO - Executing <Task(BashOperator): tercera_tarea> on 2023-12-12 00:00:00+00:00
[2023-12-21 03:24:14,048] {standard_task_runner.py:52} INFO - Started process 458 to run task
[2023-12-21 03:24:14,055] {standard_task_runner.py:79} INFO - Running: ['***', 'tasks', 'run', 'mi_primer_dag_v4', 'tercera_tarea', 'scheduled__2023-12-12T00:00:00+00:00', '--job-id', '188', '--raw', '--subdir', 'DAGS_FOLDER/primer_dag.py', '--cfg-path', '/tmp/tmp7c5iso51', '--error-file', '/tmp/tmpkxct2yv2']
[2023-12-21 03:24:14,067] {standard_task_runner.py:80} INFO - Job 188: Subtask tercera_tarea
[2023-12-21 03:24:14,686] {task_command.py:371} INFO - Running <TaskInstance: mi_primer_dag_v4.tercera_tarea scheduled__2023-12-12T00:00:00+00:00 [running]> on host b0993ec57291
[2023-12-21 03:24:15,494] {taskinstance.py:1591} INFO - Exporting the following env vars:
AIRFLOW_CTX_DAG_OWNER=DavidBU
AIRFLOW_CTX_DAG_ID=mi_primer_dag_v4
AIRFLOW_CTX_TASK_ID=tercera_tarea
AIRFLOW_CTX_EXECUTION_DATE=2023-12-12T00:00:00+00:00
AIRFLOW_CTX_TRY_NUMBER=1
AIRFLOW_CTX_DAG_RUN_ID=scheduled__2023-12-12T00:00:00+00:00
[2023-12-21 03:24:15,496] {subprocess.py:62} INFO - Tmp dir root location: 
 /tmp
[2023-12-21 03:24:15,508] {subprocess.py:74} INFO - Running command: ['bash', '-c', 'echo Bustos Usta']
[2023-12-21 03:24:15,552] {subprocess.py:85} INFO - Output:
[2023-12-21 03:24:15,580] {subprocess.py:92} INFO - Bustos Usta
[2023-12-21 03:24:15,587] {subprocess.py:96} INFO - Command exited with return code 0
[2023-12-21 03:24:19,795] {taskinstance.py:1420} INFO - Marking task as SUCCESS. dag_id=mi_primer_dag_v4, task_id=tercera_tarea, execution_date=20231212T000000, start_date=20231221T032413, end_date=20231221T032419
[2023-12-21 03:24:19,931] {local_task_job.py:156} INFO - Task exited with return code 0
[2023-12-21 03:24:20,169] {local_task_job.py:273} INFO - 0 downstream tasks scheduled from follow-on schedule check
