[2023-12-10 19:40:13,253] {taskinstance.py:1179} INFO - Dependencies all met for <TaskInstance: mi_primer_dag_v3.segunda_tarea scheduled__2023-04-01T00:00:00+00:00 [queued]>
[2023-12-10 19:40:13,475] {taskinstance.py:1179} INFO - Dependencies all met for <TaskInstance: mi_primer_dag_v3.segunda_tarea scheduled__2023-04-01T00:00:00+00:00 [queued]>
[2023-12-10 19:40:13,476] {taskinstance.py:1376} INFO - 
--------------------------------------------------------------------------------
[2023-12-10 19:40:13,477] {taskinstance.py:1377} INFO - Starting attempt 1 of 6
[2023-12-10 19:40:13,479] {taskinstance.py:1378} INFO - 
--------------------------------------------------------------------------------
[2023-12-10 19:40:13,582] {taskinstance.py:1397} INFO - Executing <Task(BashOperator): segunda_tarea> on 2023-04-01 00:00:00+00:00
[2023-12-10 19:40:13,600] {standard_task_runner.py:52} INFO - Started process 2651 to run task
[2023-12-10 19:40:13,647] {standard_task_runner.py:79} INFO - Running: ['***', 'tasks', 'run', 'mi_primer_dag_v3', 'segunda_tarea', 'scheduled__2023-04-01T00:00:00+00:00', '--job-id', '734', '--raw', '--subdir', 'DAGS_FOLDER/primer_dag_v3.py', '--cfg-path', '/tmp/tmp43m2w0mp', '--error-file', '/tmp/tmps1o1s95c']
[2023-12-10 19:40:13,653] {standard_task_runner.py:80} INFO - Job 734: Subtask segunda_tarea
[2023-12-10 19:40:15,123] {task_command.py:371} INFO - Running <TaskInstance: mi_primer_dag_v3.segunda_tarea scheduled__2023-04-01T00:00:00+00:00 [running]> on host 42828894a739
[2023-12-10 19:40:15,926] {taskinstance.py:1591} INFO - Exporting the following env vars:
AIRFLOW_CTX_DAG_OWNER=DavidBU
AIRFLOW_CTX_DAG_ID=mi_primer_dag_v3
AIRFLOW_CTX_TASK_ID=segunda_tarea
AIRFLOW_CTX_EXECUTION_DATE=2023-04-01T00:00:00+00:00
AIRFLOW_CTX_TRY_NUMBER=1
AIRFLOW_CTX_DAG_RUN_ID=scheduled__2023-04-01T00:00:00+00:00
[2023-12-10 19:40:15,934] {subprocess.py:62} INFO - Tmp dir root location: 
 /tmp
[2023-12-10 19:40:15,937] {subprocess.py:74} INFO - Running command: ['bash', '-c', 'echo hola, soy la tarea 2 y sere corrida luego de la Tarea 1']
[2023-12-10 19:40:16,018] {subprocess.py:85} INFO - Output:
[2023-12-10 19:40:16,272] {subprocess.py:92} INFO - hola, soy la tarea 2 y sere corrida luego de la Tarea 1
[2023-12-10 19:40:16,373] {subprocess.py:96} INFO - Command exited with return code 0
[2023-12-10 19:40:17,086] {taskinstance.py:1420} INFO - Marking task as SUCCESS. dag_id=mi_primer_dag_v3, task_id=segunda_tarea, execution_date=20230401T000000, start_date=20231210T194013, end_date=20231210T194017
[2023-12-10 19:40:17,306] {local_task_job.py:156} INFO - Task exited with return code 0
[2023-12-10 19:40:17,455] {local_task_job.py:273} INFO - 0 downstream tasks scheduled from follow-on schedule check
