[2023-12-21 02:22:39,168] {taskinstance.py:1179} INFO - Dependencies all met for <TaskInstance: dag_con_conexion_postgres.crear_tabla_postgres scheduled__2023-12-20T00:00:00+00:00 [queued]>
[2023-12-21 02:22:39,699] {taskinstance.py:1179} INFO - Dependencies all met for <TaskInstance: dag_con_conexion_postgres.crear_tabla_postgres scheduled__2023-12-20T00:00:00+00:00 [queued]>
[2023-12-21 02:22:39,715] {taskinstance.py:1376} INFO - 
--------------------------------------------------------------------------------
[2023-12-21 02:22:39,726] {taskinstance.py:1377} INFO - Starting attempt 1 of 6
[2023-12-21 02:22:39,727] {taskinstance.py:1378} INFO - 
--------------------------------------------------------------------------------
[2023-12-21 02:22:40,434] {taskinstance.py:1397} INFO - Executing <Task(PostgresOperator): crear_tabla_postgres> on 2023-12-20 00:00:00+00:00
[2023-12-21 02:22:40,646] {standard_task_runner.py:52} INFO - Started process 293 to run task
[2023-12-21 02:22:40,682] {standard_task_runner.py:79} INFO - Running: ['***', 'tasks', 'run', 'dag_con_conexion_postgres', 'crear_tabla_postgres', 'scheduled__2023-12-20T00:00:00+00:00', '--job-id', '133', '--raw', '--subdir', 'DAGS_FOLDER/dag_postgres_database.py', '--cfg-path', '/tmp/tmpsho42h7a', '--error-file', '/tmp/tmp7i3ju4vh']
[2023-12-21 02:22:40,823] {standard_task_runner.py:80} INFO - Job 133: Subtask crear_tabla_postgres
[2023-12-21 02:22:42,656] {task_command.py:371} INFO - Running <TaskInstance: dag_con_conexion_postgres.crear_tabla_postgres scheduled__2023-12-20T00:00:00+00:00 [running]> on host de0a7ae97836
[2023-12-21 02:22:45,893] {taskinstance.py:1591} INFO - Exporting the following env vars:
AIRFLOW_CTX_DAG_OWNER=DavidBU
AIRFLOW_CTX_DAG_ID=dag_con_conexion_postgres
AIRFLOW_CTX_TASK_ID=crear_tabla_postgres
AIRFLOW_CTX_EXECUTION_DATE=2023-12-20T00:00:00+00:00
AIRFLOW_CTX_TRY_NUMBER=1
AIRFLOW_CTX_DAG_RUN_ID=scheduled__2023-12-20T00:00:00+00:00
[2023-12-21 02:22:46,060] {base.py:68} INFO - Using connection ID 'postgres_localhost' for task execution.
[2023-12-21 02:22:46,188] {dbapi.py:231} INFO - Running statement: 
            create table if not exists fin_mundo(
                dt date,
                pais varchar(30)
            )
        , parameters: None
[2023-12-21 02:22:46,206] {postgres.py:94} INFO - NOTICE:  la relación «fin_mundo» ya existe, ignorando

