[2023-12-10 19:35:28,293] {taskinstance.py:1179} INFO - Dependencies all met for <TaskInstance: mi_primer_dag_v3.primera_tarea scheduled__2022-12-08T00:00:00+00:00 [queued]>
[2023-12-10 19:35:28,374] {taskinstance.py:1179} INFO - Dependencies all met for <TaskInstance: mi_primer_dag_v3.primera_tarea scheduled__2022-12-08T00:00:00+00:00 [queued]>
[2023-12-10 19:35:28,386] {taskinstance.py:1376} INFO - 
--------------------------------------------------------------------------------
[2023-12-10 19:35:28,396] {taskinstance.py:1377} INFO - Starting attempt 1 of 6
[2023-12-10 19:35:28,397] {taskinstance.py:1378} INFO - 
--------------------------------------------------------------------------------
[2023-12-10 19:35:28,526] {taskinstance.py:1397} INFO - Executing <Task(BashOperator): primera_tarea> on 2022-12-08 00:00:00+00:00
[2023-12-10 19:35:28,546] {standard_task_runner.py:52} INFO - Started process 1495 to run task
[2023-12-10 19:35:28,557] {standard_task_runner.py:79} INFO - Running: ['***', 'tasks', 'run', 'mi_primer_dag_v3', 'primera_tarea', 'scheduled__2022-12-08T00:00:00+00:00', '--job-id', '387', '--raw', '--subdir', 'DAGS_FOLDER/primer_dag_v3.py', '--cfg-path', '/tmp/tmpvduyjf2s', '--error-file', '/tmp/tmpzo3zxysw']
[2023-12-10 19:35:28,565] {standard_task_runner.py:80} INFO - Job 387: Subtask primera_tarea
[2023-12-10 19:35:29,089] {task_command.py:371} INFO - Running <TaskInstance: mi_primer_dag_v3.primera_tarea scheduled__2022-12-08T00:00:00+00:00 [running]> on host 42828894a739
[2023-12-10 19:35:30,027] {taskinstance.py:1591} INFO - Exporting the following env vars:
AIRFLOW_CTX_DAG_OWNER=DavidBU
AIRFLOW_CTX_DAG_ID=mi_primer_dag_v3
AIRFLOW_CTX_TASK_ID=primera_tarea
AIRFLOW_CTX_EXECUTION_DATE=2022-12-08T00:00:00+00:00
AIRFLOW_CTX_TRY_NUMBER=1
AIRFLOW_CTX_DAG_RUN_ID=scheduled__2022-12-08T00:00:00+00:00
[2023-12-10 19:35:30,030] {subprocess.py:62} INFO - Tmp dir root location: 
 /tmp
[2023-12-10 19:35:30,033] {subprocess.py:74} INFO - Running command: ['bash', '-c', 'echo hola mundo, esta es nuestra primera tarea!']
[2023-12-10 19:35:30,063] {subprocess.py:85} INFO - Output:
[2023-12-10 19:35:30,070] {subprocess.py:92} INFO - hola mundo, esta es nuestra primera tarea!
[2023-12-10 19:35:30,072] {subprocess.py:96} INFO - Command exited with return code 0
[2023-12-10 19:35:30,719] {taskinstance.py:1420} INFO - Marking task as SUCCESS. dag_id=mi_primer_dag_v3, task_id=primera_tarea, execution_date=20221208T000000, start_date=20231210T193528, end_date=20231210T193530
[2023-12-10 19:35:30,873] {local_task_job.py:156} INFO - Task exited with return code 0
[2023-12-10 19:35:31,090] {local_task_job.py:273} INFO - 2 downstream tasks scheduled from follow-on schedule check
