[2023-12-10 20:23:12,810] {taskinstance.py:1179} INFO - Dependencies all met for <TaskInstance: mi_primer_dag.primer_task scheduled__2023-08-29T00:00:00+00:00 [queued]>
[2023-12-10 20:23:12,882] {taskinstance.py:1179} INFO - Dependencies all met for <TaskInstance: mi_primer_dag.primer_task scheduled__2023-08-29T00:00:00+00:00 [queued]>
[2023-12-10 20:23:12,900] {taskinstance.py:1376} INFO - 
--------------------------------------------------------------------------------
[2023-12-10 20:23:12,901] {taskinstance.py:1377} INFO - Starting attempt 1 of 6
[2023-12-10 20:23:12,905] {taskinstance.py:1378} INFO - 
--------------------------------------------------------------------------------
[2023-12-10 20:23:13,090] {taskinstance.py:1397} INFO - Executing <Task(BashOperator): primer_task> on 2023-08-29 00:00:00+00:00
[2023-12-10 20:23:13,120] {standard_task_runner.py:52} INFO - Started process 1606 to run task
[2023-12-10 20:23:13,180] {standard_task_runner.py:79} INFO - Running: ['***', 'tasks', 'run', 'mi_primer_dag', 'primer_task', 'scheduled__2023-08-29T00:00:00+00:00', '--job-id', '2064', '--raw', '--subdir', 'DAGS_FOLDER/mi_primer_dag.py', '--cfg-path', '/tmp/tmp7bd8cgm_', '--error-file', '/tmp/tmpoqf30qqp']
[2023-12-10 20:23:13,189] {standard_task_runner.py:80} INFO - Job 2064: Subtask primer_task
[2023-12-10 20:23:13,895] {task_command.py:371} INFO - Running <TaskInstance: mi_primer_dag.primer_task scheduled__2023-08-29T00:00:00+00:00 [running]> on host 42828894a739
[2023-12-10 20:23:14,181] {taskinstance.py:1591} INFO - Exporting the following env vars:
AIRFLOW_CTX_DAG_OWNER=DavidBU
AIRFLOW_CTX_DAG_ID=mi_primer_dag
AIRFLOW_CTX_TASK_ID=primer_task
AIRFLOW_CTX_EXECUTION_DATE=2023-08-29T00:00:00+00:00
AIRFLOW_CTX_TRY_NUMBER=1
AIRFLOW_CTX_DAG_RUN_ID=scheduled__2023-08-29T00:00:00+00:00
[2023-12-10 20:23:14,187] {subprocess.py:62} INFO - Tmp dir root location: 
 /tmp
[2023-12-10 20:23:14,189] {subprocess.py:74} INFO - Running command: ['bash', '-c', 'echo hola mundo, esta es nuestra primera tarea usando bash operator!']
[2023-12-10 20:23:14,231] {subprocess.py:85} INFO - Output:
[2023-12-10 20:23:14,236] {subprocess.py:92} INFO - hola mundo, esta es nuestra primera tarea usando bash operator!
[2023-12-10 20:23:14,237] {subprocess.py:96} INFO - Command exited with return code 0
[2023-12-10 20:23:14,416] {taskinstance.py:1420} INFO - Marking task as SUCCESS. dag_id=mi_primer_dag, task_id=primer_task, execution_date=20230829T000000, start_date=20231210T202312, end_date=20231210T202314
[2023-12-10 20:23:14,494] {local_task_job.py:156} INFO - Task exited with return code 0
[2023-12-10 20:23:14,572] {local_task_job.py:273} INFO - 0 downstream tasks scheduled from follow-on schedule check
