[2023-12-10 19:31:58,439] {taskinstance.py:1179} INFO - Dependencies all met for <TaskInstance: mi_primer_dag_v3.segunda_tarea scheduled__2022-09-26T00:00:00+00:00 [queued]>
[2023-12-10 19:31:58,615] {taskinstance.py:1179} INFO - Dependencies all met for <TaskInstance: mi_primer_dag_v3.segunda_tarea scheduled__2022-09-26T00:00:00+00:00 [queued]>
[2023-12-10 19:31:58,653] {taskinstance.py:1376} INFO - 
--------------------------------------------------------------------------------
[2023-12-10 19:31:58,655] {taskinstance.py:1377} INFO - Starting attempt 1 of 6
[2023-12-10 19:31:58,660] {taskinstance.py:1378} INFO - 
--------------------------------------------------------------------------------
[2023-12-10 19:31:58,954] {taskinstance.py:1397} INFO - Executing <Task(BashOperator): segunda_tarea> on 2022-09-26 00:00:00+00:00
[2023-12-10 19:31:59,014] {standard_task_runner.py:52} INFO - Started process 759 to run task
[2023-12-10 19:31:59,081] {standard_task_runner.py:79} INFO - Running: ['***', 'tasks', 'run', 'mi_primer_dag_v3', 'segunda_tarea', 'scheduled__2022-09-26T00:00:00+00:00', '--job-id', '171', '--raw', '--subdir', 'DAGS_FOLDER/primer_dag_v3.py', '--cfg-path', '/tmp/tmpp5cux57m', '--error-file', '/tmp/tmpwq8owrn7']
[2023-12-10 19:31:59,087] {standard_task_runner.py:80} INFO - Job 171: Subtask segunda_tarea
[2023-12-10 19:32:00,294] {task_command.py:371} INFO - Running <TaskInstance: mi_primer_dag_v3.segunda_tarea scheduled__2022-09-26T00:00:00+00:00 [running]> on host 42828894a739
[2023-12-10 19:32:01,469] {taskinstance.py:1591} INFO - Exporting the following env vars:
AIRFLOW_CTX_DAG_OWNER=DavidBU
AIRFLOW_CTX_DAG_ID=mi_primer_dag_v3
AIRFLOW_CTX_TASK_ID=segunda_tarea
AIRFLOW_CTX_EXECUTION_DATE=2022-09-26T00:00:00+00:00
AIRFLOW_CTX_TRY_NUMBER=1
AIRFLOW_CTX_DAG_RUN_ID=scheduled__2022-09-26T00:00:00+00:00
[2023-12-10 19:32:01,475] {subprocess.py:62} INFO - Tmp dir root location: 
 /tmp
[2023-12-10 19:32:01,479] {subprocess.py:74} INFO - Running command: ['bash', '-c', 'echo hola, soy la tarea 2 y sere corrida luego de la Tarea 1']
[2023-12-10 19:32:01,538] {subprocess.py:85} INFO - Output:
[2023-12-10 19:32:01,557] {subprocess.py:92} INFO - hola, soy la tarea 2 y sere corrida luego de la Tarea 1
[2023-12-10 19:32:01,576] {subprocess.py:96} INFO - Command exited with return code 0
[2023-12-10 19:32:01,969] {taskinstance.py:1420} INFO - Marking task as SUCCESS. dag_id=mi_primer_dag_v3, task_id=segunda_tarea, execution_date=20220926T000000, start_date=20231210T193158, end_date=20231210T193201
[2023-12-10 19:32:02,275] {local_task_job.py:156} INFO - Task exited with return code 0
[2023-12-10 19:32:02,762] {local_task_job.py:273} INFO - 0 downstream tasks scheduled from follow-on schedule check
