[2023-12-11 08:24:24,839] {taskinstance.py:1179} INFO - Dependencies all met for <TaskInstance: mi_primer_dag_v4.tercera_tarea scheduled__2023-12-08T00:00:00+00:00 [queued]>
[2023-12-11 08:24:24,879] {taskinstance.py:1179} INFO - Dependencies all met for <TaskInstance: mi_primer_dag_v4.tercera_tarea scheduled__2023-12-08T00:00:00+00:00 [queued]>
[2023-12-11 08:24:24,886] {taskinstance.py:1376} INFO - 
--------------------------------------------------------------------------------
[2023-12-11 08:24:24,901] {taskinstance.py:1377} INFO - Starting attempt 1 of 6
[2023-12-11 08:24:24,902] {taskinstance.py:1378} INFO - 
--------------------------------------------------------------------------------
[2023-12-11 08:24:25,049] {taskinstance.py:1397} INFO - Executing <Task(BashOperator): tercera_tarea> on 2023-12-08 00:00:00+00:00
[2023-12-11 08:24:25,068] {standard_task_runner.py:52} INFO - Started process 3266 to run task
[2023-12-11 08:24:25,114] {standard_task_runner.py:79} INFO - Running: ['***', 'tasks', 'run', 'mi_primer_dag_v4', 'tercera_tarea', 'scheduled__2023-12-08T00:00:00+00:00', '--job-id', '113', '--raw', '--subdir', 'DAGS_FOLDER/primer_dag.py', '--cfg-path', '/tmp/tmp5qr3cjyv', '--error-file', '/tmp/tmphoa9kuo3']
[2023-12-11 08:24:25,150] {standard_task_runner.py:80} INFO - Job 113: Subtask tercera_tarea
[2023-12-11 08:24:25,630] {task_command.py:371} INFO - Running <TaskInstance: mi_primer_dag_v4.tercera_tarea scheduled__2023-12-08T00:00:00+00:00 [running]> on host 03477fa6e3b6
[2023-12-11 08:24:26,077] {taskinstance.py:1591} INFO - Exporting the following env vars:
AIRFLOW_CTX_DAG_OWNER=DavidBU
AIRFLOW_CTX_DAG_ID=mi_primer_dag_v4
AIRFLOW_CTX_TASK_ID=tercera_tarea
AIRFLOW_CTX_EXECUTION_DATE=2023-12-08T00:00:00+00:00
AIRFLOW_CTX_TRY_NUMBER=1
AIRFLOW_CTX_DAG_RUN_ID=scheduled__2023-12-08T00:00:00+00:00
[2023-12-11 08:24:26,095] {subprocess.py:62} INFO - Tmp dir root location: 
 /tmp
[2023-12-11 08:24:26,104] {subprocess.py:74} INFO - Running command: ['bash', '-c', 'echo Bustos Usta']
[2023-12-11 08:24:26,140] {subprocess.py:85} INFO - Output:
[2023-12-11 08:24:26,144] {subprocess.py:92} INFO - Bustos Usta
[2023-12-11 08:24:26,145] {subprocess.py:96} INFO - Command exited with return code 0
[2023-12-11 08:24:26,407] {taskinstance.py:1420} INFO - Marking task as SUCCESS. dag_id=mi_primer_dag_v4, task_id=tercera_tarea, execution_date=20231208T000000, start_date=20231211T082424, end_date=20231211T082426
[2023-12-11 08:24:26,625] {local_task_job.py:156} INFO - Task exited with return code 0
[2023-12-11 08:24:26,858] {local_task_job.py:273} INFO - 0 downstream tasks scheduled from follow-on schedule check
