[2023-12-10 20:28:49,541] {taskinstance.py:1179} INFO - Dependencies all met for <TaskInstance: mi_primer_dar_con_PythonOperator.aloha_david scheduled__2023-11-15T00:00:00+00:00 [queued]>
[2023-12-10 20:28:49,591] {taskinstance.py:1179} INFO - Dependencies all met for <TaskInstance: mi_primer_dar_con_PythonOperator.aloha_david scheduled__2023-11-15T00:00:00+00:00 [queued]>
[2023-12-10 20:28:49,593] {taskinstance.py:1376} INFO - 
--------------------------------------------------------------------------------
[2023-12-10 20:28:49,594] {taskinstance.py:1377} INFO - Starting attempt 1 of 6
[2023-12-10 20:28:49,595] {taskinstance.py:1378} INFO - 
--------------------------------------------------------------------------------
[2023-12-10 20:28:49,689] {taskinstance.py:1397} INFO - Executing <Task(PythonOperator): aloha_david> on 2023-11-15 00:00:00+00:00
[2023-12-10 20:28:49,700] {standard_task_runner.py:52} INFO - Started process 2945 to run task
[2023-12-10 20:28:49,714] {standard_task_runner.py:79} INFO - Running: ['***', 'tasks', 'run', 'mi_primer_dar_con_PythonOperator', 'aloha_david', 'scheduled__2023-11-15T00:00:00+00:00', '--job-id', '2457', '--raw', '--subdir', 'DAGS_FOLDER/mi_primer_dag_pythonoperator.py', '--cfg-path', '/tmp/tmpanbcij14', '--error-file', '/tmp/tmprluicc21']
[2023-12-10 20:28:49,717] {standard_task_runner.py:80} INFO - Job 2457: Subtask aloha_david
[2023-12-10 20:28:49,945] {task_command.py:371} INFO - Running <TaskInstance: mi_primer_dar_con_PythonOperator.aloha_david scheduled__2023-11-15T00:00:00+00:00 [running]> on host 42828894a739
[2023-12-10 20:28:50,185] {taskinstance.py:1591} INFO - Exporting the following env vars:
AIRFLOW_CTX_DAG_OWNER=DavidBU
AIRFLOW_CTX_DAG_ID=mi_primer_dar_con_PythonOperator
AIRFLOW_CTX_TASK_ID=aloha_david
AIRFLOW_CTX_EXECUTION_DATE=2023-11-15T00:00:00+00:00
AIRFLOW_CTX_TRY_NUMBER=1
AIRFLOW_CTX_DAG_RUN_ID=scheduled__2023-11-15T00:00:00+00:00
[2023-12-10 20:28:50,190] {logging_mixin.py:115} INFO - Aloha Mundo soy yo!
[2023-12-10 20:28:50,190] {python.py:173} INFO - Done. Returned value was: None
[2023-12-10 20:28:50,221] {taskinstance.py:1420} INFO - Marking task as SUCCESS. dag_id=mi_primer_dar_con_PythonOperator, task_id=aloha_david, execution_date=20231115T000000, start_date=20231210T202849, end_date=20231210T202850
[2023-12-10 20:28:50,248] {local_task_job.py:156} INFO - Task exited with return code 0
[2023-12-10 20:28:50,308] {local_task_job.py:273} INFO - 0 downstream tasks scheduled from follow-on schedule check
