[2023-12-10 19:31:48,749] {taskinstance.py:1179} INFO - Dependencies all met for <TaskInstance: mi_primer_dag_v3.segunda_tarea scheduled__2022-09-20T00:00:00+00:00 [queued]>
[2023-12-10 19:31:48,868] {taskinstance.py:1179} INFO - Dependencies all met for <TaskInstance: mi_primer_dag_v3.segunda_tarea scheduled__2022-09-20T00:00:00+00:00 [queued]>
[2023-12-10 19:31:48,886] {taskinstance.py:1376} INFO - 
--------------------------------------------------------------------------------
[2023-12-10 19:31:48,892] {taskinstance.py:1377} INFO - Starting attempt 1 of 6
[2023-12-10 19:31:48,894] {taskinstance.py:1378} INFO - 
--------------------------------------------------------------------------------
[2023-12-10 19:31:49,103] {taskinstance.py:1397} INFO - Executing <Task(BashOperator): segunda_tarea> on 2022-09-20 00:00:00+00:00
[2023-12-10 19:31:49,130] {standard_task_runner.py:52} INFO - Started process 720 to run task
[2023-12-10 19:31:49,154] {standard_task_runner.py:79} INFO - Running: ['***', 'tasks', 'run', 'mi_primer_dag_v3', 'segunda_tarea', 'scheduled__2022-09-20T00:00:00+00:00', '--job-id', '156', '--raw', '--subdir', 'DAGS_FOLDER/primer_dag_v3.py', '--cfg-path', '/tmp/tmpa2yovbty', '--error-file', '/tmp/tmp5f4oyrjm']
[2023-12-10 19:31:49,159] {standard_task_runner.py:80} INFO - Job 156: Subtask segunda_tarea
[2023-12-10 19:31:49,788] {task_command.py:371} INFO - Running <TaskInstance: mi_primer_dag_v3.segunda_tarea scheduled__2022-09-20T00:00:00+00:00 [running]> on host 42828894a739
[2023-12-10 19:31:51,383] {taskinstance.py:1591} INFO - Exporting the following env vars:
AIRFLOW_CTX_DAG_OWNER=DavidBU
AIRFLOW_CTX_DAG_ID=mi_primer_dag_v3
AIRFLOW_CTX_TASK_ID=segunda_tarea
AIRFLOW_CTX_EXECUTION_DATE=2022-09-20T00:00:00+00:00
AIRFLOW_CTX_TRY_NUMBER=1
AIRFLOW_CTX_DAG_RUN_ID=scheduled__2022-09-20T00:00:00+00:00
[2023-12-10 19:31:51,385] {subprocess.py:62} INFO - Tmp dir root location: 
 /tmp
[2023-12-10 19:31:51,387] {subprocess.py:74} INFO - Running command: ['bash', '-c', 'echo hola, soy la tarea 2 y sere corrida luego de la Tarea 1']
[2023-12-10 19:31:51,515] {subprocess.py:85} INFO - Output:
[2023-12-10 19:31:51,543] {subprocess.py:92} INFO - hola, soy la tarea 2 y sere corrida luego de la Tarea 1
[2023-12-10 19:31:51,545] {subprocess.py:96} INFO - Command exited with return code 0
[2023-12-10 19:31:52,146] {taskinstance.py:1420} INFO - Marking task as SUCCESS. dag_id=mi_primer_dag_v3, task_id=segunda_tarea, execution_date=20220920T000000, start_date=20231210T193148, end_date=20231210T193152
[2023-12-10 19:31:52,346] {local_task_job.py:156} INFO - Task exited with return code 0
[2023-12-10 19:31:53,187] {local_task_job.py:273} INFO - 0 downstream tasks scheduled from follow-on schedule check
