[2023-12-29 01:43:31,028] {taskinstance.py:1032} INFO - Dependencies all met for <TaskInstance: dag_smtp_email_fin_mundo.dag_envio_fin_mundo manual__2023-12-29T01:43:17.537060+00:00 [queued]>
[2023-12-29 01:43:31,174] {taskinstance.py:1032} INFO - Dependencies all met for <TaskInstance: dag_smtp_email_fin_mundo.dag_envio_fin_mundo manual__2023-12-29T01:43:17.537060+00:00 [queued]>
[2023-12-29 01:43:31,175] {taskinstance.py:1238} INFO - 
--------------------------------------------------------------------------------
[2023-12-29 01:43:31,176] {taskinstance.py:1239} INFO - Starting attempt 1 of 1
[2023-12-29 01:43:31,187] {taskinstance.py:1240} INFO - 
--------------------------------------------------------------------------------
[2023-12-29 01:43:31,413] {taskinstance.py:1259} INFO - Executing <Task(PythonOperator): dag_envio_fin_mundo> on 2023-12-29 01:43:17.537060+00:00
[2023-12-29 01:43:31,576] {standard_task_runner.py:76} INFO - Running: ['***', 'tasks', 'run', 'dag_smtp_email_fin_mundo', 'dag_envio_fin_mundo', 'manual__2023-12-29T01:43:17.537060+00:00', '--job-id', '3', '--raw', '--subdir', 'DAGS_FOLDER/dag_microdesafio_Semana7.py', '--cfg-path', '/tmp/tmp4ytycf59', '--error-file', '/tmp/tmpegs2xsr2']
[2023-12-29 01:43:31,464] {standard_task_runner.py:52} INFO - Started process 3542 to run task
[2023-12-29 01:43:31,623] {standard_task_runner.py:77} INFO - Job 3: Subtask dag_envio_fin_mundo
[2023-12-29 01:43:32,287] {logging_mixin.py:109} INFO - Running <TaskInstance: dag_smtp_email_fin_mundo.dag_envio_fin_mundo manual__2023-12-29T01:43:17.537060+00:00 [running]> on host b822f88f233e
[2023-12-29 01:43:33,072] {taskinstance.py:1426} INFO - Exporting the following env vars:
AIRFLOW_CTX_DAG_OWNER=DavidBU
AIRFLOW_CTX_DAG_ID=dag_smtp_email_fin_mundo
AIRFLOW_CTX_TASK_ID=dag_envio_fin_mundo
AIRFLOW_CTX_EXECUTION_DATE=2023-12-29T01:43:17.537060+00:00
AIRFLOW_CTX_DAG_RUN_ID=manual__2023-12-29T01:43:17.537060+00:00
[2023-12-29 01:43:35,829] {logging_mixin.py:109} INFO - (535, b'5.7.8 Username and Password not accepted. For more information, go to\n5.7.8  https://support.google.com/mail/?p=BadCredentials t10-20020a63dd0a000000b005bd627c05c3sm13775047pgg.19 - gsmtp')
[2023-12-29 01:43:35,849] {logging_mixin.py:109} INFO - Failure
[2023-12-29 01:43:35,868] {python.py:175} INFO - Done. Returned value was: None
[2023-12-29 01:43:36,042] {taskinstance.py:1277} INFO - Marking task as SUCCESS. dag_id=dag_smtp_email_fin_mundo, task_id=dag_envio_fin_mundo, execution_date=20231229T014317, start_date=20231229T014331, end_date=20231229T014336
[2023-12-29 01:43:36,295] {local_task_job.py:154} INFO - Task exited with return code 0
[2023-12-29 01:43:36,715] {local_task_job.py:264} INFO - 0 downstream tasks scheduled from follow-on schedule check
