[2023-12-10 19:46:58,750] {taskinstance.py:1179} INFO - Dependencies all met for <TaskInstance: mi_primer_dag_v3.segunda_tarea scheduled__2023-09-18T00:00:00+00:00 [queued]>
[2023-12-10 19:46:58,842] {taskinstance.py:1179} INFO - Dependencies all met for <TaskInstance: mi_primer_dag_v3.segunda_tarea scheduled__2023-09-18T00:00:00+00:00 [queued]>
[2023-12-10 19:46:58,851] {taskinstance.py:1376} INFO - 
--------------------------------------------------------------------------------
[2023-12-10 19:46:58,858] {taskinstance.py:1377} INFO - Starting attempt 1 of 6
[2023-12-10 19:46:58,860] {taskinstance.py:1378} INFO - 
--------------------------------------------------------------------------------
[2023-12-10 19:46:59,110] {taskinstance.py:1397} INFO - Executing <Task(BashOperator): segunda_tarea> on 2023-09-18 00:00:00+00:00
[2023-12-10 19:46:59,118] {standard_task_runner.py:52} INFO - Started process 4379 to run task
[2023-12-10 19:46:59,144] {standard_task_runner.py:79} INFO - Running: ['***', 'tasks', 'run', 'mi_primer_dag_v3', 'segunda_tarea', 'scheduled__2023-09-18T00:00:00+00:00', '--job-id', '1249', '--raw', '--subdir', 'DAGS_FOLDER/primer_dag_v3.py', '--cfg-path', '/tmp/tmp17h061_u', '--error-file', '/tmp/tmp7mp5gw88']
[2023-12-10 19:46:59,154] {standard_task_runner.py:80} INFO - Job 1249: Subtask segunda_tarea
[2023-12-10 19:46:59,667] {task_command.py:371} INFO - Running <TaskInstance: mi_primer_dag_v3.segunda_tarea scheduled__2023-09-18T00:00:00+00:00 [running]> on host 42828894a739
[2023-12-10 19:47:01,212] {taskinstance.py:1591} INFO - Exporting the following env vars:
AIRFLOW_CTX_DAG_OWNER=DavidBU
AIRFLOW_CTX_DAG_ID=mi_primer_dag_v3
AIRFLOW_CTX_TASK_ID=segunda_tarea
AIRFLOW_CTX_EXECUTION_DATE=2023-09-18T00:00:00+00:00
AIRFLOW_CTX_TRY_NUMBER=1
AIRFLOW_CTX_DAG_RUN_ID=scheduled__2023-09-18T00:00:00+00:00
[2023-12-10 19:47:01,219] {subprocess.py:62} INFO - Tmp dir root location: 
 /tmp
[2023-12-10 19:47:01,221] {subprocess.py:74} INFO - Running command: ['bash', '-c', 'echo hola, soy la tarea 2 y sere corrida luego de la Tarea 1']
[2023-12-10 19:47:01,398] {subprocess.py:85} INFO - Output:
[2023-12-10 19:47:01,403] {subprocess.py:92} INFO - hola, soy la tarea 2 y sere corrida luego de la Tarea 1
[2023-12-10 19:47:01,451] {subprocess.py:96} INFO - Command exited with return code 0
[2023-12-10 19:47:01,771] {taskinstance.py:1420} INFO - Marking task as SUCCESS. dag_id=mi_primer_dag_v3, task_id=segunda_tarea, execution_date=20230918T000000, start_date=20231210T194658, end_date=20231210T194701
[2023-12-10 19:47:01,962] {local_task_job.py:156} INFO - Task exited with return code 0
[2023-12-10 19:47:02,539] {local_task_job.py:273} INFO - 0 downstream tasks scheduled from follow-on schedule check
