[2023-12-10 19:46:04,402] {taskinstance.py:1179} INFO - Dependencies all met for <TaskInstance: mi_primer_dag_v3.primera_tarea scheduled__2023-09-02T00:00:00+00:00 [queued]>
[2023-12-10 19:46:04,636] {taskinstance.py:1179} INFO - Dependencies all met for <TaskInstance: mi_primer_dag_v3.primera_tarea scheduled__2023-09-02T00:00:00+00:00 [queued]>
[2023-12-10 19:46:04,649] {taskinstance.py:1376} INFO - 
--------------------------------------------------------------------------------
[2023-12-10 19:46:04,664] {taskinstance.py:1377} INFO - Starting attempt 1 of 6
[2023-12-10 19:46:04,677] {taskinstance.py:1378} INFO - 
--------------------------------------------------------------------------------
[2023-12-10 19:46:04,852] {taskinstance.py:1397} INFO - Executing <Task(BashOperator): primera_tarea> on 2023-09-02 00:00:00+00:00
[2023-12-10 19:46:04,870] {standard_task_runner.py:52} INFO - Started process 4148 to run task
[2023-12-10 19:46:04,897] {standard_task_runner.py:79} INFO - Running: ['***', 'tasks', 'run', 'mi_primer_dag_v3', 'primera_tarea', 'scheduled__2023-09-02T00:00:00+00:00', '--job-id', '1184', '--raw', '--subdir', 'DAGS_FOLDER/primer_dag_v3.py', '--cfg-path', '/tmp/tmp5c2gju1l', '--error-file', '/tmp/tmp120kccah']
[2023-12-10 19:46:04,902] {standard_task_runner.py:80} INFO - Job 1184: Subtask primera_tarea
[2023-12-10 19:46:05,478] {task_command.py:371} INFO - Running <TaskInstance: mi_primer_dag_v3.primera_tarea scheduled__2023-09-02T00:00:00+00:00 [running]> on host 42828894a739
[2023-12-10 19:46:05,967] {taskinstance.py:1591} INFO - Exporting the following env vars:
AIRFLOW_CTX_DAG_OWNER=DavidBU
AIRFLOW_CTX_DAG_ID=mi_primer_dag_v3
AIRFLOW_CTX_TASK_ID=primera_tarea
AIRFLOW_CTX_EXECUTION_DATE=2023-09-02T00:00:00+00:00
AIRFLOW_CTX_TRY_NUMBER=1
AIRFLOW_CTX_DAG_RUN_ID=scheduled__2023-09-02T00:00:00+00:00
[2023-12-10 19:46:05,973] {subprocess.py:62} INFO - Tmp dir root location: 
 /tmp
[2023-12-10 19:46:05,975] {subprocess.py:74} INFO - Running command: ['bash', '-c', 'echo hola mundo, esta es nuestra primera tarea!']
[2023-12-10 19:46:06,061] {subprocess.py:85} INFO - Output:
[2023-12-10 19:46:06,078] {subprocess.py:92} INFO - hola mundo, esta es nuestra primera tarea!
[2023-12-10 19:46:06,079] {subprocess.py:96} INFO - Command exited with return code 0
[2023-12-10 19:46:06,235] {taskinstance.py:1420} INFO - Marking task as SUCCESS. dag_id=mi_primer_dag_v3, task_id=primera_tarea, execution_date=20230902T000000, start_date=20231210T194604, end_date=20231210T194606
[2023-12-10 19:46:06,334] {local_task_job.py:156} INFO - Task exited with return code 0
[2023-12-10 19:46:06,622] {local_task_job.py:273} INFO - 0 downstream tasks scheduled from follow-on schedule check
