[2023-12-10 19:39:22,831] {taskinstance.py:1179} INFO - Dependencies all met for <TaskInstance: mi_primer_dag_v3.primera_tarea scheduled__2023-03-16T00:00:00+00:00 [queued]>
[2023-12-10 19:39:22,934] {taskinstance.py:1179} INFO - Dependencies all met for <TaskInstance: mi_primer_dag_v3.primera_tarea scheduled__2023-03-16T00:00:00+00:00 [queued]>
[2023-12-10 19:39:22,952] {taskinstance.py:1376} INFO - 
--------------------------------------------------------------------------------
[2023-12-10 19:39:22,965] {taskinstance.py:1377} INFO - Starting attempt 1 of 6
[2023-12-10 19:39:23,076] {taskinstance.py:1378} INFO - 
--------------------------------------------------------------------------------
[2023-12-10 19:39:23,477] {taskinstance.py:1397} INFO - Executing <Task(BashOperator): primera_tarea> on 2023-03-16 00:00:00+00:00
[2023-12-10 19:39:23,544] {standard_task_runner.py:52} INFO - Started process 2448 to run task
[2023-12-10 19:39:23,574] {standard_task_runner.py:79} INFO - Running: ['***', 'tasks', 'run', 'mi_primer_dag_v3', 'primera_tarea', 'scheduled__2023-03-16T00:00:00+00:00', '--job-id', '671', '--raw', '--subdir', 'DAGS_FOLDER/primer_dag_v3.py', '--cfg-path', '/tmp/tmpvgon0ovq', '--error-file', '/tmp/tmpeanfgo1d']
[2023-12-10 19:39:23,643] {standard_task_runner.py:80} INFO - Job 671: Subtask primera_tarea
[2023-12-10 19:39:24,737] {task_command.py:371} INFO - Running <TaskInstance: mi_primer_dag_v3.primera_tarea scheduled__2023-03-16T00:00:00+00:00 [running]> on host 42828894a739
[2023-12-10 19:39:26,144] {taskinstance.py:1591} INFO - Exporting the following env vars:
AIRFLOW_CTX_DAG_OWNER=DavidBU
AIRFLOW_CTX_DAG_ID=mi_primer_dag_v3
AIRFLOW_CTX_TASK_ID=primera_tarea
AIRFLOW_CTX_EXECUTION_DATE=2023-03-16T00:00:00+00:00
AIRFLOW_CTX_TRY_NUMBER=1
AIRFLOW_CTX_DAG_RUN_ID=scheduled__2023-03-16T00:00:00+00:00
[2023-12-10 19:39:26,150] {subprocess.py:62} INFO - Tmp dir root location: 
 /tmp
[2023-12-10 19:39:26,151] {subprocess.py:74} INFO - Running command: ['bash', '-c', 'echo hola mundo, esta es nuestra primera tarea!']
[2023-12-10 19:39:26,284] {subprocess.py:85} INFO - Output:
[2023-12-10 19:39:26,291] {subprocess.py:92} INFO - hola mundo, esta es nuestra primera tarea!
[2023-12-10 19:39:26,295] {subprocess.py:96} INFO - Command exited with return code 0
[2023-12-10 19:39:26,717] {taskinstance.py:1420} INFO - Marking task as SUCCESS. dag_id=mi_primer_dag_v3, task_id=primera_tarea, execution_date=20230316T000000, start_date=20231210T193922, end_date=20231210T193926
[2023-12-10 19:39:27,384] {local_task_job.py:156} INFO - Task exited with return code 0
[2023-12-10 19:39:28,682] {local_task_job.py:273} INFO - 0 downstream tasks scheduled from follow-on schedule check
