[2023-12-10 19:35:59,265] {taskinstance.py:1179} INFO - Dependencies all met for <TaskInstance: mi_primer_dag_v3.primera_tarea scheduled__2022-12-25T00:00:00+00:00 [queued]>
[2023-12-10 19:35:59,487] {taskinstance.py:1179} INFO - Dependencies all met for <TaskInstance: mi_primer_dag_v3.primera_tarea scheduled__2022-12-25T00:00:00+00:00 [queued]>
[2023-12-10 19:35:59,502] {taskinstance.py:1376} INFO - 
--------------------------------------------------------------------------------
[2023-12-10 19:35:59,518] {taskinstance.py:1377} INFO - Starting attempt 1 of 6
[2023-12-10 19:35:59,597] {taskinstance.py:1378} INFO - 
--------------------------------------------------------------------------------
[2023-12-10 19:35:59,877] {taskinstance.py:1397} INFO - Executing <Task(BashOperator): primera_tarea> on 2022-12-25 00:00:00+00:00
[2023-12-10 19:35:59,902] {standard_task_runner.py:52} INFO - Started process 1634 to run task
[2023-12-10 19:35:59,980] {standard_task_runner.py:79} INFO - Running: ['***', 'tasks', 'run', 'mi_primer_dag_v3', 'primera_tarea', 'scheduled__2022-12-25T00:00:00+00:00', '--job-id', '428', '--raw', '--subdir', 'DAGS_FOLDER/primer_dag_v3.py', '--cfg-path', '/tmp/tmprl2op6i2', '--error-file', '/tmp/tmpnwou02d9']
[2023-12-10 19:36:00,012] {standard_task_runner.py:80} INFO - Job 428: Subtask primera_tarea
[2023-12-10 19:36:00,673] {task_command.py:371} INFO - Running <TaskInstance: mi_primer_dag_v3.primera_tarea scheduled__2022-12-25T00:00:00+00:00 [running]> on host 42828894a739
[2023-12-10 19:36:01,443] {taskinstance.py:1591} INFO - Exporting the following env vars:
AIRFLOW_CTX_DAG_OWNER=DavidBU
AIRFLOW_CTX_DAG_ID=mi_primer_dag_v3
AIRFLOW_CTX_TASK_ID=primera_tarea
AIRFLOW_CTX_EXECUTION_DATE=2022-12-25T00:00:00+00:00
AIRFLOW_CTX_TRY_NUMBER=1
AIRFLOW_CTX_DAG_RUN_ID=scheduled__2022-12-25T00:00:00+00:00
[2023-12-10 19:36:01,460] {subprocess.py:62} INFO - Tmp dir root location: 
 /tmp
[2023-12-10 19:36:01,484] {subprocess.py:74} INFO - Running command: ['bash', '-c', 'echo hola mundo, esta es nuestra primera tarea!']
[2023-12-10 19:36:01,579] {subprocess.py:85} INFO - Output:
[2023-12-10 19:36:01,595] {subprocess.py:92} INFO - hola mundo, esta es nuestra primera tarea!
[2023-12-10 19:36:01,605] {subprocess.py:96} INFO - Command exited with return code 0
[2023-12-10 19:36:02,922] {taskinstance.py:1420} INFO - Marking task as SUCCESS. dag_id=mi_primer_dag_v3, task_id=primera_tarea, execution_date=20221225T000000, start_date=20231210T193559, end_date=20231210T193602
[2023-12-10 19:36:03,201] {local_task_job.py:156} INFO - Task exited with return code 0
[2023-12-10 19:36:03,810] {local_task_job.py:273} INFO - 2 downstream tasks scheduled from follow-on schedule check
