[2023-12-10 19:31:59,065] {taskinstance.py:1179} INFO - Dependencies all met for <TaskInstance: mi_primer_dag_v3.tercera_tarea scheduled__2022-09-26T00:00:00+00:00 [queued]>
[2023-12-10 19:31:59,212] {taskinstance.py:1179} INFO - Dependencies all met for <TaskInstance: mi_primer_dag_v3.tercera_tarea scheduled__2022-09-26T00:00:00+00:00 [queued]>
[2023-12-10 19:31:59,213] {taskinstance.py:1376} INFO - 
--------------------------------------------------------------------------------
[2023-12-10 19:31:59,229] {taskinstance.py:1377} INFO - Starting attempt 1 of 6
[2023-12-10 19:31:59,257] {taskinstance.py:1378} INFO - 
--------------------------------------------------------------------------------
[2023-12-10 19:31:59,526] {taskinstance.py:1397} INFO - Executing <Task(BashOperator): tercera_tarea> on 2022-09-26 00:00:00+00:00
[2023-12-10 19:31:59,720] {standard_task_runner.py:52} INFO - Started process 763 to run task
[2023-12-10 19:31:59,761] {standard_task_runner.py:79} INFO - Running: ['***', 'tasks', 'run', 'mi_primer_dag_v3', 'tercera_tarea', 'scheduled__2022-09-26T00:00:00+00:00', '--job-id', '172', '--raw', '--subdir', 'DAGS_FOLDER/primer_dag_v3.py', '--cfg-path', '/tmp/tmprowoskjm', '--error-file', '/tmp/tmpty58gp33']
[2023-12-10 19:31:59,771] {standard_task_runner.py:80} INFO - Job 172: Subtask tercera_tarea
[2023-12-10 19:32:00,687] {task_command.py:371} INFO - Running <TaskInstance: mi_primer_dag_v3.tercera_tarea scheduled__2022-09-26T00:00:00+00:00 [running]> on host 42828894a739
[2023-12-10 19:32:01,738] {taskinstance.py:1591} INFO - Exporting the following env vars:
AIRFLOW_CTX_DAG_OWNER=DavidBU
AIRFLOW_CTX_DAG_ID=mi_primer_dag_v3
AIRFLOW_CTX_TASK_ID=tercera_tarea
AIRFLOW_CTX_EXECUTION_DATE=2022-09-26T00:00:00+00:00
AIRFLOW_CTX_TRY_NUMBER=1
AIRFLOW_CTX_DAG_RUN_ID=scheduled__2022-09-26T00:00:00+00:00
[2023-12-10 19:32:01,746] {subprocess.py:62} INFO - Tmp dir root location: 
 /tmp
[2023-12-10 19:32:01,759] {subprocess.py:74} INFO - Running command: ['bash', '-c', 'echo hola, soy la tarea 3 y sere corrida luego de Tarea 1 al mismo tiempo que Tarea 2']
[2023-12-10 19:32:01,844] {subprocess.py:85} INFO - Output:
[2023-12-10 19:32:01,876] {subprocess.py:92} INFO - hola, soy la tarea 3 y sere corrida luego de Tarea 1 al mismo tiempo que Tarea 2
[2023-12-10 19:32:01,879] {subprocess.py:96} INFO - Command exited with return code 0
[2023-12-10 19:32:02,512] {taskinstance.py:1420} INFO - Marking task as SUCCESS. dag_id=mi_primer_dag_v3, task_id=tercera_tarea, execution_date=20220926T000000, start_date=20231210T193159, end_date=20231210T193202
[2023-12-10 19:32:02,769] {local_task_job.py:156} INFO - Task exited with return code 0
[2023-12-10 19:32:03,605] {local_task_job.py:273} INFO - 0 downstream tasks scheduled from follow-on schedule check
