[2023-12-10 20:15:25,174] {taskinstance.py:1179} INFO - Dependencies all met for <TaskInstance: mi_primer_dag.primer_task scheduled__2023-01-04T00:00:00+00:00 [queued]>
[2023-12-10 20:15:25,312] {taskinstance.py:1179} INFO - Dependencies all met for <TaskInstance: mi_primer_dag.primer_task scheduled__2023-01-04T00:00:00+00:00 [queued]>
[2023-12-10 20:15:25,315] {taskinstance.py:1376} INFO - 
--------------------------------------------------------------------------------
[2023-12-10 20:15:25,323] {taskinstance.py:1377} INFO - Starting attempt 1 of 6
[2023-12-10 20:15:25,326] {taskinstance.py:1378} INFO - 
--------------------------------------------------------------------------------
[2023-12-10 20:15:25,495] {taskinstance.py:1397} INFO - Executing <Task(BashOperator): primer_task> on 2023-01-04 00:00:00+00:00
[2023-12-10 20:15:25,547] {standard_task_runner.py:52} INFO - Started process 905 to run task
[2023-12-10 20:15:25,574] {standard_task_runner.py:79} INFO - Running: ['***', 'tasks', 'run', 'mi_primer_dag', 'primer_task', 'scheduled__2023-01-04T00:00:00+00:00', '--job-id', '1644', '--raw', '--subdir', 'DAGS_FOLDER/mi_primer_dag.py', '--cfg-path', '/tmp/tmphm_rkdwg', '--error-file', '/tmp/tmpqfbs_0av']
[2023-12-10 20:15:25,577] {standard_task_runner.py:80} INFO - Job 1644: Subtask primer_task
[2023-12-10 20:15:25,986] {task_command.py:371} INFO - Running <TaskInstance: mi_primer_dag.primer_task scheduled__2023-01-04T00:00:00+00:00 [running]> on host 42828894a739
[2023-12-10 20:15:26,387] {taskinstance.py:1591} INFO - Exporting the following env vars:
AIRFLOW_CTX_DAG_OWNER=DavidBU
AIRFLOW_CTX_DAG_ID=mi_primer_dag
AIRFLOW_CTX_TASK_ID=primer_task
AIRFLOW_CTX_EXECUTION_DATE=2023-01-04T00:00:00+00:00
AIRFLOW_CTX_TRY_NUMBER=1
AIRFLOW_CTX_DAG_RUN_ID=scheduled__2023-01-04T00:00:00+00:00
[2023-12-10 20:15:26,393] {subprocess.py:62} INFO - Tmp dir root location: 
 /tmp
[2023-12-10 20:15:26,398] {subprocess.py:74} INFO - Running command: ['bash', '-c', 'echo hola mundo, esta es nuestra primera tarea usando bash operator!']
[2023-12-10 20:15:26,434] {subprocess.py:85} INFO - Output:
[2023-12-10 20:15:26,441] {subprocess.py:92} INFO - hola mundo, esta es nuestra primera tarea usando bash operator!
[2023-12-10 20:15:26,443] {subprocess.py:96} INFO - Command exited with return code 0
[2023-12-10 20:15:26,554] {taskinstance.py:1420} INFO - Marking task as SUCCESS. dag_id=mi_primer_dag, task_id=primer_task, execution_date=20230104T000000, start_date=20231210T201525, end_date=20231210T201526
[2023-12-10 20:15:26,615] {local_task_job.py:156} INFO - Task exited with return code 0
[2023-12-10 20:15:26,767] {local_task_job.py:273} INFO - 0 downstream tasks scheduled from follow-on schedule check
