[2023-12-10 20:24:37,189] {taskinstance.py:1179} INFO - Dependencies all met for <TaskInstance: mi_primer_dar_con_PythonOperator.aloha_david scheduled__2023-03-21T00:00:00+00:00 [queued]>
[2023-12-10 20:24:37,247] {taskinstance.py:1179} INFO - Dependencies all met for <TaskInstance: mi_primer_dar_con_PythonOperator.aloha_david scheduled__2023-03-21T00:00:00+00:00 [queued]>
[2023-12-10 20:24:37,276] {taskinstance.py:1376} INFO - 
--------------------------------------------------------------------------------
[2023-12-10 20:24:37,289] {taskinstance.py:1377} INFO - Starting attempt 1 of 6
[2023-12-10 20:24:37,326] {taskinstance.py:1378} INFO - 
--------------------------------------------------------------------------------
[2023-12-10 20:24:37,600] {taskinstance.py:1397} INFO - Executing <Task(PythonOperator): aloha_david> on 2023-03-21 00:00:00+00:00
[2023-12-10 20:24:37,651] {standard_task_runner.py:52} INFO - Started process 1998 to run task
[2023-12-10 20:24:37,700] {standard_task_runner.py:79} INFO - Running: ['***', 'tasks', 'run', 'mi_primer_dar_con_PythonOperator', 'aloha_david', 'scheduled__2023-03-21T00:00:00+00:00', '--job-id', '2171', '--raw', '--subdir', 'DAGS_FOLDER/mi_primer_dag_pythonoperator.py', '--cfg-path', '/tmp/tmpjxurg9ot', '--error-file', '/tmp/tmpsx8xgt_y']
[2023-12-10 20:24:37,728] {standard_task_runner.py:80} INFO - Job 2171: Subtask aloha_david
[2023-12-10 20:24:38,587] {task_command.py:371} INFO - Running <TaskInstance: mi_primer_dar_con_PythonOperator.aloha_david scheduled__2023-03-21T00:00:00+00:00 [running]> on host 42828894a739
[2023-12-10 20:24:39,501] {taskinstance.py:1591} INFO - Exporting the following env vars:
AIRFLOW_CTX_DAG_OWNER=DavidBU
AIRFLOW_CTX_DAG_ID=mi_primer_dar_con_PythonOperator
AIRFLOW_CTX_TASK_ID=aloha_david
AIRFLOW_CTX_EXECUTION_DATE=2023-03-21T00:00:00+00:00
AIRFLOW_CTX_TRY_NUMBER=1
AIRFLOW_CTX_DAG_RUN_ID=scheduled__2023-03-21T00:00:00+00:00
[2023-12-10 20:24:39,503] {logging_mixin.py:115} INFO - Aloha Mundo soy yo!
[2023-12-10 20:24:39,504] {python.py:173} INFO - Done. Returned value was: None
[2023-12-10 20:24:39,757] {taskinstance.py:1420} INFO - Marking task as SUCCESS. dag_id=mi_primer_dar_con_PythonOperator, task_id=aloha_david, execution_date=20230321T000000, start_date=20231210T202437, end_date=20231210T202439
[2023-12-10 20:24:39,885] {local_task_job.py:156} INFO - Task exited with return code 0
[2023-12-10 20:24:40,144] {local_task_job.py:273} INFO - 0 downstream tasks scheduled from follow-on schedule check
