[2023-12-10 20:28:04,865] {taskinstance.py:1179} INFO - Dependencies all met for <TaskInstance: mi_primer_dar_con_PythonOperator.aloha_david scheduled__2023-09-22T00:00:00+00:00 [queued]>
[2023-12-10 20:28:04,934] {taskinstance.py:1179} INFO - Dependencies all met for <TaskInstance: mi_primer_dar_con_PythonOperator.aloha_david scheduled__2023-09-22T00:00:00+00:00 [queued]>
[2023-12-10 20:28:04,938] {taskinstance.py:1376} INFO - 
--------------------------------------------------------------------------------
[2023-12-10 20:28:04,940] {taskinstance.py:1377} INFO - Starting attempt 1 of 6
[2023-12-10 20:28:04,946] {taskinstance.py:1378} INFO - 
--------------------------------------------------------------------------------
[2023-12-10 20:28:05,068] {taskinstance.py:1397} INFO - Executing <Task(PythonOperator): aloha_david> on 2023-09-22 00:00:00+00:00
[2023-12-10 20:28:05,085] {standard_task_runner.py:52} INFO - Started process 2779 to run task
[2023-12-10 20:28:05,124] {standard_task_runner.py:79} INFO - Running: ['***', 'tasks', 'run', 'mi_primer_dar_con_PythonOperator', 'aloha_david', 'scheduled__2023-09-22T00:00:00+00:00', '--job-id', '2403', '--raw', '--subdir', 'DAGS_FOLDER/mi_primer_dag_pythonoperator.py', '--cfg-path', '/tmp/tmp1ow_7351', '--error-file', '/tmp/tmpoakz6dou']
[2023-12-10 20:28:05,129] {standard_task_runner.py:80} INFO - Job 2403: Subtask aloha_david
[2023-12-10 20:28:05,765] {task_command.py:371} INFO - Running <TaskInstance: mi_primer_dar_con_PythonOperator.aloha_david scheduled__2023-09-22T00:00:00+00:00 [running]> on host 42828894a739
[2023-12-10 20:28:06,424] {taskinstance.py:1591} INFO - Exporting the following env vars:
AIRFLOW_CTX_DAG_OWNER=DavidBU
AIRFLOW_CTX_DAG_ID=mi_primer_dar_con_PythonOperator
AIRFLOW_CTX_TASK_ID=aloha_david
AIRFLOW_CTX_EXECUTION_DATE=2023-09-22T00:00:00+00:00
AIRFLOW_CTX_TRY_NUMBER=1
AIRFLOW_CTX_DAG_RUN_ID=scheduled__2023-09-22T00:00:00+00:00
[2023-12-10 20:28:06,426] {logging_mixin.py:115} INFO - Aloha Mundo soy yo!
[2023-12-10 20:28:06,427] {python.py:173} INFO - Done. Returned value was: None
[2023-12-10 20:28:06,558] {taskinstance.py:1420} INFO - Marking task as SUCCESS. dag_id=mi_primer_dar_con_PythonOperator, task_id=aloha_david, execution_date=20230922T000000, start_date=20231210T202804, end_date=20231210T202806
[2023-12-10 20:28:06,658] {local_task_job.py:156} INFO - Task exited with return code 0
[2023-12-10 20:28:07,026] {local_task_job.py:273} INFO - 0 downstream tasks scheduled from follow-on schedule check
