[2023-12-10 20:12:11,772] {taskinstance.py:1179} INFO - Dependencies all met for <TaskInstance: mi_primer_dag.primer_task scheduled__2022-08-07T00:00:00+00:00 [queued]>
[2023-12-10 20:12:11,977] {taskinstance.py:1179} INFO - Dependencies all met for <TaskInstance: mi_primer_dag.primer_task scheduled__2022-08-07T00:00:00+00:00 [queued]>
[2023-12-10 20:12:11,984] {taskinstance.py:1376} INFO - 
--------------------------------------------------------------------------------
[2023-12-10 20:12:11,986] {taskinstance.py:1377} INFO - Starting attempt 1 of 6
[2023-12-10 20:12:11,988] {taskinstance.py:1378} INFO - 
--------------------------------------------------------------------------------
[2023-12-10 20:12:12,235] {taskinstance.py:1397} INFO - Executing <Task(BashOperator): primer_task> on 2022-08-07 00:00:00+00:00
[2023-12-10 20:12:12,379] {standard_task_runner.py:52} INFO - Started process 286 to run task
[2023-12-10 20:12:12,387] {standard_task_runner.py:79} INFO - Running: ['***', 'tasks', 'run', 'mi_primer_dag', 'primer_task', 'scheduled__2022-08-07T00:00:00+00:00', '--job-id', '1494', '--raw', '--subdir', 'DAGS_FOLDER/mi_primer_dag.py', '--cfg-path', '/tmp/tmpiz_kt1r4', '--error-file', '/tmp/tmpgk76oevl']
[2023-12-10 20:12:12,413] {standard_task_runner.py:80} INFO - Job 1494: Subtask primer_task
[2023-12-10 20:12:13,094] {task_command.py:371} INFO - Running <TaskInstance: mi_primer_dag.primer_task scheduled__2022-08-07T00:00:00+00:00 [running]> on host 42828894a739
[2023-12-10 20:12:13,778] {taskinstance.py:1591} INFO - Exporting the following env vars:
AIRFLOW_CTX_DAG_OWNER=DavidBU
AIRFLOW_CTX_DAG_ID=mi_primer_dag
AIRFLOW_CTX_TASK_ID=primer_task
AIRFLOW_CTX_EXECUTION_DATE=2022-08-07T00:00:00+00:00
AIRFLOW_CTX_TRY_NUMBER=1
AIRFLOW_CTX_DAG_RUN_ID=scheduled__2022-08-07T00:00:00+00:00
[2023-12-10 20:12:13,788] {subprocess.py:62} INFO - Tmp dir root location: 
 /tmp
[2023-12-10 20:12:13,806] {subprocess.py:74} INFO - Running command: ['bash', '-c', 'echo hola mundo, esta es nuestra primera tarea usando bash operator!']
[2023-12-10 20:12:13,852] {subprocess.py:85} INFO - Output:
[2023-12-10 20:12:13,862] {subprocess.py:92} INFO - hola mundo, esta es nuestra primera tarea usando bash operator!
[2023-12-10 20:12:13,865] {subprocess.py:96} INFO - Command exited with return code 0
[2023-12-10 20:12:14,082] {taskinstance.py:1420} INFO - Marking task as SUCCESS. dag_id=mi_primer_dag, task_id=primer_task, execution_date=20220807T000000, start_date=20231210T201211, end_date=20231210T201214
[2023-12-10 20:12:14,200] {local_task_job.py:156} INFO - Task exited with return code 0
[2023-12-10 20:12:14,456] {local_task_job.py:273} INFO - 0 downstream tasks scheduled from follow-on schedule check
