[2023-12-10 20:26:45,341] {taskinstance.py:1179} INFO - Dependencies all met for <TaskInstance: mi_primer_dar_con_PythonOperator.aloha_david scheduled__2023-07-03T00:00:00+00:00 [queued]>
[2023-12-10 20:26:45,373] {taskinstance.py:1179} INFO - Dependencies all met for <TaskInstance: mi_primer_dar_con_PythonOperator.aloha_david scheduled__2023-07-03T00:00:00+00:00 [queued]>
[2023-12-10 20:26:45,374] {taskinstance.py:1376} INFO - 
--------------------------------------------------------------------------------
[2023-12-10 20:26:45,375] {taskinstance.py:1377} INFO - Starting attempt 1 of 6
[2023-12-10 20:26:45,376] {taskinstance.py:1378} INFO - 
--------------------------------------------------------------------------------
[2023-12-10 20:26:45,459] {taskinstance.py:1397} INFO - Executing <Task(PythonOperator): aloha_david> on 2023-07-03 00:00:00+00:00
[2023-12-10 20:26:45,475] {standard_task_runner.py:52} INFO - Started process 2511 to run task
[2023-12-10 20:26:45,492] {standard_task_runner.py:79} INFO - Running: ['***', 'tasks', 'run', 'mi_primer_dar_con_PythonOperator', 'aloha_david', 'scheduled__2023-07-03T00:00:00+00:00', '--job-id', '2322', '--raw', '--subdir', 'DAGS_FOLDER/mi_primer_dag_pythonoperator.py', '--cfg-path', '/tmp/tmps11gly3o', '--error-file', '/tmp/tmpfbew5eh6']
[2023-12-10 20:26:45,505] {standard_task_runner.py:80} INFO - Job 2322: Subtask aloha_david
[2023-12-10 20:26:45,792] {task_command.py:371} INFO - Running <TaskInstance: mi_primer_dar_con_PythonOperator.aloha_david scheduled__2023-07-03T00:00:00+00:00 [running]> on host 42828894a739
[2023-12-10 20:26:46,238] {taskinstance.py:1591} INFO - Exporting the following env vars:
AIRFLOW_CTX_DAG_OWNER=DavidBU
AIRFLOW_CTX_DAG_ID=mi_primer_dar_con_PythonOperator
AIRFLOW_CTX_TASK_ID=aloha_david
AIRFLOW_CTX_EXECUTION_DATE=2023-07-03T00:00:00+00:00
AIRFLOW_CTX_TRY_NUMBER=1
AIRFLOW_CTX_DAG_RUN_ID=scheduled__2023-07-03T00:00:00+00:00
[2023-12-10 20:26:46,239] {logging_mixin.py:115} INFO - Aloha Mundo soy yo!
[2023-12-10 20:26:46,240] {python.py:173} INFO - Done. Returned value was: None
[2023-12-10 20:26:46,277] {taskinstance.py:1420} INFO - Marking task as SUCCESS. dag_id=mi_primer_dar_con_PythonOperator, task_id=aloha_david, execution_date=20230703T000000, start_date=20231210T202645, end_date=20231210T202646
[2023-12-10 20:26:46,325] {local_task_job.py:156} INFO - Task exited with return code 0
[2023-12-10 20:26:46,474] {local_task_job.py:273} INFO - 0 downstream tasks scheduled from follow-on schedule check
