[2023-12-10 20:13:46,282] {taskinstance.py:1179} INFO - Dependencies all met for <TaskInstance: mi_primer_dag.primer_task scheduled__2022-10-23T00:00:00+00:00 [queued]>
[2023-12-10 20:13:46,332] {taskinstance.py:1179} INFO - Dependencies all met for <TaskInstance: mi_primer_dag.primer_task scheduled__2022-10-23T00:00:00+00:00 [queued]>
[2023-12-10 20:13:46,333] {taskinstance.py:1376} INFO - 
--------------------------------------------------------------------------------
[2023-12-10 20:13:46,334] {taskinstance.py:1377} INFO - Starting attempt 1 of 6
[2023-12-10 20:13:46,335] {taskinstance.py:1378} INFO - 
--------------------------------------------------------------------------------
[2023-12-10 20:13:46,393] {taskinstance.py:1397} INFO - Executing <Task(BashOperator): primer_task> on 2022-10-23 00:00:00+00:00
[2023-12-10 20:13:46,401] {standard_task_runner.py:52} INFO - Started process 606 to run task
[2023-12-10 20:13:46,415] {standard_task_runner.py:79} INFO - Running: ['***', 'tasks', 'run', 'mi_primer_dag', 'primer_task', 'scheduled__2022-10-23T00:00:00+00:00', '--job-id', '1571', '--raw', '--subdir', 'DAGS_FOLDER/mi_primer_dag.py', '--cfg-path', '/tmp/tmpc1darexk', '--error-file', '/tmp/tmp_4duxaua']
[2023-12-10 20:13:46,418] {standard_task_runner.py:80} INFO - Job 1571: Subtask primer_task
[2023-12-10 20:13:46,791] {task_command.py:371} INFO - Running <TaskInstance: mi_primer_dag.primer_task scheduled__2022-10-23T00:00:00+00:00 [running]> on host 42828894a739
[2023-12-10 20:13:47,431] {taskinstance.py:1591} INFO - Exporting the following env vars:
AIRFLOW_CTX_DAG_OWNER=DavidBU
AIRFLOW_CTX_DAG_ID=mi_primer_dag
AIRFLOW_CTX_TASK_ID=primer_task
AIRFLOW_CTX_EXECUTION_DATE=2022-10-23T00:00:00+00:00
AIRFLOW_CTX_TRY_NUMBER=1
AIRFLOW_CTX_DAG_RUN_ID=scheduled__2022-10-23T00:00:00+00:00
[2023-12-10 20:13:47,437] {subprocess.py:62} INFO - Tmp dir root location: 
 /tmp
[2023-12-10 20:13:47,455] {subprocess.py:74} INFO - Running command: ['bash', '-c', 'echo hola mundo, esta es nuestra primera tarea usando bash operator!']
[2023-12-10 20:13:47,645] {subprocess.py:85} INFO - Output:
[2023-12-10 20:13:47,669] {subprocess.py:92} INFO - hola mundo, esta es nuestra primera tarea usando bash operator!
[2023-12-10 20:13:47,694] {subprocess.py:96} INFO - Command exited with return code 0
[2023-12-10 20:13:48,433] {taskinstance.py:1420} INFO - Marking task as SUCCESS. dag_id=mi_primer_dag, task_id=primer_task, execution_date=20221023T000000, start_date=20231210T201346, end_date=20231210T201348
[2023-12-10 20:13:48,840] {local_task_job.py:156} INFO - Task exited with return code 0
[2023-12-10 20:13:49,366] {local_task_job.py:273} INFO - 0 downstream tasks scheduled from follow-on schedule check
