[2023-12-21 03:23:36,209] {taskinstance.py:1179} INFO - Dependencies all met for <TaskInstance: mi_primer_dag_v4.segunda_tarea scheduled__2023-12-13T00:00:00+00:00 [queued]>
[2023-12-21 03:23:36,408] {taskinstance.py:1179} INFO - Dependencies all met for <TaskInstance: mi_primer_dag_v4.segunda_tarea scheduled__2023-12-13T00:00:00+00:00 [queued]>
[2023-12-21 03:23:36,474] {taskinstance.py:1376} INFO - 
--------------------------------------------------------------------------------
[2023-12-21 03:23:36,505] {taskinstance.py:1377} INFO - Starting attempt 1 of 6
[2023-12-21 03:23:36,519] {taskinstance.py:1378} INFO - 
--------------------------------------------------------------------------------
[2023-12-21 03:23:36,878] {taskinstance.py:1397} INFO - Executing <Task(BashOperator): segunda_tarea> on 2023-12-13 00:00:00+00:00
[2023-12-21 03:23:36,904] {standard_task_runner.py:52} INFO - Started process 364 to run task
[2023-12-21 03:23:36,976] {standard_task_runner.py:79} INFO - Running: ['***', 'tasks', 'run', 'mi_primer_dag_v4', 'segunda_tarea', 'scheduled__2023-12-13T00:00:00+00:00', '--job-id', '173', '--raw', '--subdir', 'DAGS_FOLDER/primer_dag.py', '--cfg-path', '/tmp/tmpo2dukwyc', '--error-file', '/tmp/tmp39owg8pu']
[2023-12-21 03:23:37,034] {standard_task_runner.py:80} INFO - Job 173: Subtask segunda_tarea
[2023-12-21 03:23:38,929] {task_command.py:371} INFO - Running <TaskInstance: mi_primer_dag_v4.segunda_tarea scheduled__2023-12-13T00:00:00+00:00 [running]> on host b0993ec57291
[2023-12-21 03:23:40,961] {taskinstance.py:1591} INFO - Exporting the following env vars:
AIRFLOW_CTX_DAG_OWNER=DavidBU
AIRFLOW_CTX_DAG_ID=mi_primer_dag_v4
AIRFLOW_CTX_TASK_ID=segunda_tarea
AIRFLOW_CTX_EXECUTION_DATE=2023-12-13T00:00:00+00:00
AIRFLOW_CTX_TRY_NUMBER=1
AIRFLOW_CTX_DAG_RUN_ID=scheduled__2023-12-13T00:00:00+00:00
[2023-12-21 03:23:40,965] {subprocess.py:62} INFO - Tmp dir root location: 
 /tmp
[2023-12-21 03:23:40,989] {subprocess.py:74} INFO - Running command: ['bash', '-c', 'echo David']
[2023-12-21 03:23:41,084] {subprocess.py:85} INFO - Output:
[2023-12-21 03:23:41,095] {subprocess.py:92} INFO - David
[2023-12-21 03:23:41,125] {subprocess.py:96} INFO - Command exited with return code 0
[2023-12-21 03:23:56,806] {taskinstance.py:1420} INFO - Marking task as SUCCESS. dag_id=mi_primer_dag_v4, task_id=segunda_tarea, execution_date=20231213T000000, start_date=20231221T032336, end_date=20231221T032356
[2023-12-21 03:23:57,188] {local_task_job.py:156} INFO - Task exited with return code 0
[2023-12-21 03:23:57,861] {local_task_job.py:273} INFO - 1 downstream tasks scheduled from follow-on schedule check
