[2023-12-10 19:30:37,937] {taskinstance.py:1179} INFO - Dependencies all met for <TaskInstance: mi_primer_dag_v3.tercera_tarea scheduled__2022-08-27T00:00:00+00:00 [queued]>
[2023-12-10 19:30:38,050] {taskinstance.py:1179} INFO - Dependencies all met for <TaskInstance: mi_primer_dag_v3.tercera_tarea scheduled__2022-08-27T00:00:00+00:00 [queued]>
[2023-12-10 19:30:38,056] {taskinstance.py:1376} INFO - 
--------------------------------------------------------------------------------
[2023-12-10 19:30:38,058] {taskinstance.py:1377} INFO - Starting attempt 1 of 6
[2023-12-10 19:30:38,058] {taskinstance.py:1378} INFO - 
--------------------------------------------------------------------------------
[2023-12-10 19:30:38,157] {taskinstance.py:1397} INFO - Executing <Task(BashOperator): tercera_tarea> on 2022-08-27 00:00:00+00:00
[2023-12-10 19:30:38,179] {standard_task_runner.py:52} INFO - Started process 465 to run task
[2023-12-10 19:30:38,194] {standard_task_runner.py:79} INFO - Running: ['***', 'tasks', 'run', 'mi_primer_dag_v3', 'tercera_tarea', 'scheduled__2022-08-27T00:00:00+00:00', '--job-id', '84', '--raw', '--subdir', 'DAGS_FOLDER/primer_dag_v3.py', '--cfg-path', '/tmp/tmp6a54vrsv', '--error-file', '/tmp/tmpmc2tmyks']
[2023-12-10 19:30:38,219] {standard_task_runner.py:80} INFO - Job 84: Subtask tercera_tarea
[2023-12-10 19:30:38,772] {task_command.py:371} INFO - Running <TaskInstance: mi_primer_dag_v3.tercera_tarea scheduled__2022-08-27T00:00:00+00:00 [running]> on host 42828894a739
[2023-12-10 19:30:39,656] {taskinstance.py:1591} INFO - Exporting the following env vars:
AIRFLOW_CTX_DAG_OWNER=DavidBU
AIRFLOW_CTX_DAG_ID=mi_primer_dag_v3
AIRFLOW_CTX_TASK_ID=tercera_tarea
AIRFLOW_CTX_EXECUTION_DATE=2022-08-27T00:00:00+00:00
AIRFLOW_CTX_TRY_NUMBER=1
AIRFLOW_CTX_DAG_RUN_ID=scheduled__2022-08-27T00:00:00+00:00
[2023-12-10 19:30:39,665] {subprocess.py:62} INFO - Tmp dir root location: 
 /tmp
[2023-12-10 19:30:39,671] {subprocess.py:74} INFO - Running command: ['bash', '-c', 'echo hola, soy la tarea 3 y sere corrida luego de Tarea 1 al mismo tiempo que Tarea 2']
[2023-12-10 19:30:39,828] {subprocess.py:85} INFO - Output:
[2023-12-10 19:30:39,833] {subprocess.py:92} INFO - hola, soy la tarea 3 y sere corrida luego de Tarea 1 al mismo tiempo que Tarea 2
[2023-12-10 19:30:39,870] {subprocess.py:96} INFO - Command exited with return code 0
[2023-12-10 19:30:40,700] {taskinstance.py:1420} INFO - Marking task as SUCCESS. dag_id=mi_primer_dag_v3, task_id=tercera_tarea, execution_date=20220827T000000, start_date=20231210T193037, end_date=20231210T193040
[2023-12-10 19:30:41,014] {local_task_job.py:156} INFO - Task exited with return code 0
[2023-12-10 19:30:41,483] {local_task_job.py:273} INFO - 0 downstream tasks scheduled from follow-on schedule check
