[2023-12-10 19:44:39,207] {taskinstance.py:1179} INFO - Dependencies all met for <TaskInstance: mi_primer_dag_v3.segunda_tarea scheduled__2023-07-19T00:00:00+00:00 [queued]>
[2023-12-10 19:44:39,378] {taskinstance.py:1179} INFO - Dependencies all met for <TaskInstance: mi_primer_dag_v3.segunda_tarea scheduled__2023-07-19T00:00:00+00:00 [queued]>
[2023-12-10 19:44:39,389] {taskinstance.py:1376} INFO - 
--------------------------------------------------------------------------------
[2023-12-10 19:44:39,399] {taskinstance.py:1377} INFO - Starting attempt 1 of 6
[2023-12-10 19:44:39,403] {taskinstance.py:1378} INFO - 
--------------------------------------------------------------------------------
[2023-12-10 19:44:39,735] {taskinstance.py:1397} INFO - Executing <Task(BashOperator): segunda_tarea> on 2023-07-19 00:00:00+00:00
[2023-12-10 19:44:39,812] {standard_task_runner.py:52} INFO - Started process 3737 to run task
[2023-12-10 19:44:39,837] {standard_task_runner.py:79} INFO - Running: ['***', 'tasks', 'run', 'mi_primer_dag_v3', 'segunda_tarea', 'scheduled__2023-07-19T00:00:00+00:00', '--job-id', '1058', '--raw', '--subdir', 'DAGS_FOLDER/primer_dag_v3.py', '--cfg-path', '/tmp/tmpme0f_9z_', '--error-file', '/tmp/tmpx9bh85ki']
[2023-12-10 19:44:39,865] {standard_task_runner.py:80} INFO - Job 1058: Subtask segunda_tarea
[2023-12-10 19:44:40,589] {task_command.py:371} INFO - Running <TaskInstance: mi_primer_dag_v3.segunda_tarea scheduled__2023-07-19T00:00:00+00:00 [running]> on host 42828894a739
[2023-12-10 19:44:41,508] {taskinstance.py:1591} INFO - Exporting the following env vars:
AIRFLOW_CTX_DAG_OWNER=DavidBU
AIRFLOW_CTX_DAG_ID=mi_primer_dag_v3
AIRFLOW_CTX_TASK_ID=segunda_tarea
AIRFLOW_CTX_EXECUTION_DATE=2023-07-19T00:00:00+00:00
AIRFLOW_CTX_TRY_NUMBER=1
AIRFLOW_CTX_DAG_RUN_ID=scheduled__2023-07-19T00:00:00+00:00
[2023-12-10 19:44:41,523] {subprocess.py:62} INFO - Tmp dir root location: 
 /tmp
[2023-12-10 19:44:41,541] {subprocess.py:74} INFO - Running command: ['bash', '-c', 'echo hola, soy la tarea 2 y sere corrida luego de la Tarea 1']
[2023-12-10 19:44:41,649] {subprocess.py:85} INFO - Output:
[2023-12-10 19:44:41,680] {subprocess.py:92} INFO - hola, soy la tarea 2 y sere corrida luego de la Tarea 1
[2023-12-10 19:44:41,694] {subprocess.py:96} INFO - Command exited with return code 0
[2023-12-10 19:44:41,990] {taskinstance.py:1420} INFO - Marking task as SUCCESS. dag_id=mi_primer_dag_v3, task_id=segunda_tarea, execution_date=20230719T000000, start_date=20231210T194439, end_date=20231210T194441
[2023-12-10 19:44:42,084] {local_task_job.py:156} INFO - Task exited with return code 0
[2023-12-10 19:44:42,231] {local_task_job.py:273} INFO - 0 downstream tasks scheduled from follow-on schedule check
