[2023-12-10 20:22:02,468] {taskinstance.py:1179} INFO - Dependencies all met for <TaskInstance: mi_primer_dar_con_PythonOperator.aloha_david scheduled__2022-12-12T00:00:00+00:00 [queued]>
[2023-12-10 20:22:02,620] {taskinstance.py:1179} INFO - Dependencies all met for <TaskInstance: mi_primer_dar_con_PythonOperator.aloha_david scheduled__2022-12-12T00:00:00+00:00 [queued]>
[2023-12-10 20:22:02,644] {taskinstance.py:1376} INFO - 
--------------------------------------------------------------------------------
[2023-12-10 20:22:02,649] {taskinstance.py:1377} INFO - Starting attempt 1 of 6
[2023-12-10 20:22:02,652] {taskinstance.py:1378} INFO - 
--------------------------------------------------------------------------------
[2023-12-10 20:22:03,081] {taskinstance.py:1397} INFO - Executing <Task(PythonOperator): aloha_david> on 2022-12-12 00:00:00+00:00
[2023-12-10 20:22:03,131] {standard_task_runner.py:52} INFO - Started process 1302 to run task
[2023-12-10 20:22:03,169] {standard_task_runner.py:79} INFO - Running: ['***', 'tasks', 'run', 'mi_primer_dar_con_PythonOperator', 'aloha_david', 'scheduled__2022-12-12T00:00:00+00:00', '--job-id', '1972', '--raw', '--subdir', 'DAGS_FOLDER/mi_primer_dag_pythonoperator.py', '--cfg-path', '/tmp/tmp6arytysg', '--error-file', '/tmp/tmpw85i1u5x']
[2023-12-10 20:22:03,199] {standard_task_runner.py:80} INFO - Job 1972: Subtask aloha_david
[2023-12-10 20:22:03,979] {task_command.py:371} INFO - Running <TaskInstance: mi_primer_dar_con_PythonOperator.aloha_david scheduled__2022-12-12T00:00:00+00:00 [running]> on host 42828894a739
[2023-12-10 20:22:05,177] {taskinstance.py:1591} INFO - Exporting the following env vars:
AIRFLOW_CTX_DAG_OWNER=DavidBU
AIRFLOW_CTX_DAG_ID=mi_primer_dar_con_PythonOperator
AIRFLOW_CTX_TASK_ID=aloha_david
AIRFLOW_CTX_EXECUTION_DATE=2022-12-12T00:00:00+00:00
AIRFLOW_CTX_TRY_NUMBER=1
AIRFLOW_CTX_DAG_RUN_ID=scheduled__2022-12-12T00:00:00+00:00
[2023-12-10 20:22:05,182] {logging_mixin.py:115} INFO - Aloha Mundo soy yo!
[2023-12-10 20:22:05,183] {python.py:173} INFO - Done. Returned value was: None
[2023-12-10 20:22:05,710] {taskinstance.py:1420} INFO - Marking task as SUCCESS. dag_id=mi_primer_dar_con_PythonOperator, task_id=aloha_david, execution_date=20221212T000000, start_date=20231210T202202, end_date=20231210T202205
[2023-12-10 20:22:06,039] {local_task_job.py:156} INFO - Task exited with return code 0
[2023-12-10 20:22:06,364] {local_task_job.py:273} INFO - 0 downstream tasks scheduled from follow-on schedule check
