[2023-12-10 20:28:07,557] {taskinstance.py:1179} INFO - Dependencies all met for <TaskInstance: mi_primer_dar_con_PythonOperator.aloha_david scheduled__2023-09-27T00:00:00+00:00 [queued]>
[2023-12-10 20:28:07,645] {taskinstance.py:1179} INFO - Dependencies all met for <TaskInstance: mi_primer_dar_con_PythonOperator.aloha_david scheduled__2023-09-27T00:00:00+00:00 [queued]>
[2023-12-10 20:28:07,648] {taskinstance.py:1376} INFO - 
--------------------------------------------------------------------------------
[2023-12-10 20:28:07,656] {taskinstance.py:1377} INFO - Starting attempt 1 of 6
[2023-12-10 20:28:07,656] {taskinstance.py:1378} INFO - 
--------------------------------------------------------------------------------
[2023-12-10 20:28:07,791] {taskinstance.py:1397} INFO - Executing <Task(PythonOperator): aloha_david> on 2023-09-27 00:00:00+00:00
[2023-12-10 20:28:07,824] {standard_task_runner.py:52} INFO - Started process 2798 to run task
[2023-12-10 20:28:07,847] {standard_task_runner.py:79} INFO - Running: ['***', 'tasks', 'run', 'mi_primer_dar_con_PythonOperator', 'aloha_david', 'scheduled__2023-09-27T00:00:00+00:00', '--job-id', '2408', '--raw', '--subdir', 'DAGS_FOLDER/mi_primer_dag_pythonoperator.py', '--cfg-path', '/tmp/tmpycnqdalr', '--error-file', '/tmp/tmpi1srm2z7']
[2023-12-10 20:28:07,855] {standard_task_runner.py:80} INFO - Job 2408: Subtask aloha_david
[2023-12-10 20:28:08,403] {task_command.py:371} INFO - Running <TaskInstance: mi_primer_dar_con_PythonOperator.aloha_david scheduled__2023-09-27T00:00:00+00:00 [running]> on host 42828894a739
[2023-12-10 20:28:08,928] {taskinstance.py:1591} INFO - Exporting the following env vars:
AIRFLOW_CTX_DAG_OWNER=DavidBU
AIRFLOW_CTX_DAG_ID=mi_primer_dar_con_PythonOperator
AIRFLOW_CTX_TASK_ID=aloha_david
AIRFLOW_CTX_EXECUTION_DATE=2023-09-27T00:00:00+00:00
AIRFLOW_CTX_TRY_NUMBER=1
AIRFLOW_CTX_DAG_RUN_ID=scheduled__2023-09-27T00:00:00+00:00
[2023-12-10 20:28:08,930] {logging_mixin.py:115} INFO - Aloha Mundo soy yo!
[2023-12-10 20:28:08,931] {python.py:173} INFO - Done. Returned value was: None
[2023-12-10 20:28:08,957] {taskinstance.py:1420} INFO - Marking task as SUCCESS. dag_id=mi_primer_dar_con_PythonOperator, task_id=aloha_david, execution_date=20230927T000000, start_date=20231210T202807, end_date=20231210T202808
[2023-12-10 20:28:09,011] {local_task_job.py:156} INFO - Task exited with return code 0
[2023-12-10 20:28:09,094] {local_task_job.py:273} INFO - 0 downstream tasks scheduled from follow-on schedule check
