[2023-12-24 19:23:15,641] {manager.py:480} INFO - Processing files using up to 2 processes at a time 
[2023-12-24 19:23:15,658] {manager.py:481} INFO - Process each file at most once every 10 seconds
[2023-12-24 19:23:15,658] {manager.py:483} INFO - Checking for new files in /opt/airflow/dags every 300 seconds
[2023-12-24 19:23:15,661] {manager.py:690} INFO - Searching for files in /opt/airflow/dags
[2023-12-24 19:23:15,713] {manager.py:693} INFO - There are 1 files in /opt/airflow/dags
[2023-12-24 19:23:41,344] {manager.py:809} INFO - 
================================================================================
DAG File Processing Stats

File Path                           PID  Runtime      # DAGs    # Errors  Last Runtime    Last Run
--------------------------------  -----  ---------  --------  ----------  --------------  ----------
/opt/airflow/dags/ETL_Bitcoin.py    169  23.40s            0           0
================================================================================
[2023-12-24 19:24:11,517] {manager.py:809} INFO - 
================================================================================
DAG File Processing Stats

File Path                           PID  Runtime      # DAGs    # Errors  Last Runtime    Last Run
--------------------------------  -----  ---------  --------  ----------  --------------  -------------------
/opt/airflow/dags/ETL_Bitcoin.py    175  10.85s            1           0  32.27s          2023-12-24T19:23:50
================================================================================
[2023-12-24 19:24:41,616] {manager.py:809} INFO - 
================================================================================
DAG File Processing Stats

File Path                         PID    Runtime      # DAGs    # Errors  Last Runtime    Last Run
--------------------------------  -----  ---------  --------  ----------  --------------  -------------------
/opt/airflow/dags/ETL_Bitcoin.py                           1           0  3.09s           2023-12-24T19:24:39
================================================================================
[2023-12-24 19:25:12,066] {manager.py:809} INFO - 
================================================================================
DAG File Processing Stats

File Path                         PID    Runtime      # DAGs    # Errors  Last Runtime    Last Run
--------------------------------  -----  ---------  --------  ----------  --------------  -------------------
/opt/airflow/dags/ETL_Bitcoin.py                           1           0  16.20s          2023-12-24T19:25:05
================================================================================
[2023-12-24 19:25:42,602] {manager.py:809} INFO - 
================================================================================
DAG File Processing Stats

File Path                         PID    Runtime      # DAGs    # Errors  Last Runtime    Last Run
--------------------------------  -----  ---------  --------  ----------  --------------  -------------------
/opt/airflow/dags/ETL_Bitcoin.py                           1           0  4.99s           2023-12-24T19:25:40
================================================================================
[2023-12-24 19:26:13,271] {manager.py:809} INFO - 
================================================================================
DAG File Processing Stats

File Path                         PID    Runtime      # DAGs    # Errors  Last Runtime    Last Run
--------------------------------  -----  ---------  --------  ----------  --------------  -------------------
/opt/airflow/dags/ETL_Bitcoin.py                           1           0  3.80s           2023-12-24T19:26:12
================================================================================
[2023-12-24 19:26:43,825] {manager.py:809} INFO - 
================================================================================
DAG File Processing Stats

File Path                         PID    Runtime      # DAGs    # Errors  Last Runtime    Last Run
--------------------------------  -----  ---------  --------  ----------  --------------  -------------------
/opt/airflow/dags/ETL_Bitcoin.py                           1           0  4.89s           2023-12-24T19:26:39
================================================================================
[2023-12-24 19:27:14,584] {manager.py:809} INFO - 
================================================================================
DAG File Processing Stats

File Path                         PID    Runtime      # DAGs    # Errors  Last Runtime    Last Run
--------------------------------  -----  ---------  --------  ----------  --------------  -------------------
/opt/airflow/dags/ETL_Bitcoin.py                           1           0  0.93s           2023-12-24T19:27:13
================================================================================
[2023-12-24 19:27:45,071] {manager.py:809} INFO - 
================================================================================
DAG File Processing Stats

File Path                         PID    Runtime      # DAGs    # Errors  Last Runtime    Last Run
--------------------------------  -----  ---------  --------  ----------  --------------  -------------------
/opt/airflow/dags/ETL_Bitcoin.py                           1           0  0.86s           2023-12-24T19:27:36
================================================================================
[2023-12-24 19:28:15,360] {manager.py:809} INFO - 
================================================================================
DAG File Processing Stats

File Path                         PID    Runtime      # DAGs    # Errors  Last Runtime    Last Run
--------------------------------  -----  ---------  --------  ----------  --------------  -------------------
/opt/airflow/dags/ETL_Bitcoin.py                           1           0  0.85s           2023-12-24T19:28:08
================================================================================
[2023-12-24 19:28:15,906] {manager.py:690} INFO - Searching for files in /opt/airflow/dags
[2023-12-24 19:28:15,951] {manager.py:693} INFO - There are 1 files in /opt/airflow/dags
[2023-12-24 19:28:45,530] {manager.py:809} INFO - 
================================================================================
DAG File Processing Stats

File Path                         PID    Runtime      # DAGs    # Errors  Last Runtime    Last Run
--------------------------------  -----  ---------  --------  ----------  --------------  -------------------
/opt/airflow/dags/ETL_Bitcoin.py                           1           0  0.85s           2023-12-24T19:28:41
================================================================================
[2023-12-24 19:29:15,710] {manager.py:809} INFO - 
================================================================================
DAG File Processing Stats

File Path                         PID    Runtime      # DAGs    # Errors  Last Runtime    Last Run
--------------------------------  -----  ---------  --------  ----------  --------------  -------------------
/opt/airflow/dags/ETL_Bitcoin.py                           1           0  0.82s           2023-12-24T19:29:14
================================================================================
[2023-12-24 19:29:45,862] {manager.py:809} INFO - 
================================================================================
DAG File Processing Stats

File Path                         PID    Runtime      # DAGs    # Errors  Last Runtime    Last Run
--------------------------------  -----  ---------  --------  ----------  --------------  -------------------
/opt/airflow/dags/ETL_Bitcoin.py                           1           0  0.80s           2023-12-24T19:29:36
================================================================================
[2023-12-24 19:30:16,165] {manager.py:809} INFO - 
================================================================================
DAG File Processing Stats

File Path                         PID    Runtime      # DAGs    # Errors  Last Runtime    Last Run
--------------------------------  -----  ---------  --------  ----------  --------------  -------------------
/opt/airflow/dags/ETL_Bitcoin.py                           1           0  0.84s           2023-12-24T19:30:09
================================================================================
[2023-12-24 19:30:46,304] {manager.py:809} INFO - 
================================================================================
DAG File Processing Stats

File Path                         PID    Runtime      # DAGs    # Errors  Last Runtime    Last Run
--------------------------------  -----  ---------  --------  ----------  --------------  -------------------
/opt/airflow/dags/ETL_Bitcoin.py                           1           0  1.31s           2023-12-24T19:30:42
================================================================================
[2023-12-24 19:31:16,442] {manager.py:809} INFO - 
================================================================================
DAG File Processing Stats

File Path                         PID    Runtime      # DAGs    # Errors  Last Runtime    Last Run
--------------------------------  -----  ---------  --------  ----------  --------------  -------------------
/opt/airflow/dags/ETL_Bitcoin.py                           1           0  0.94s           2023-12-24T19:31:15
================================================================================
[2023-12-24 19:31:47,315] {manager.py:809} INFO - 
================================================================================
DAG File Processing Stats

File Path                         PID    Runtime      # DAGs    # Errors  Last Runtime    Last Run
--------------------------------  -----  ---------  --------  ----------  --------------  -------------------
/opt/airflow/dags/ETL_Bitcoin.py                           1           0  1.16s           2023-12-24T19:31:37
================================================================================
[2023-12-24 19:32:17,605] {manager.py:809} INFO - 
================================================================================
DAG File Processing Stats

File Path                         PID    Runtime      # DAGs    # Errors  Last Runtime    Last Run
--------------------------------  -----  ---------  --------  ----------  --------------  -------------------
/opt/airflow/dags/ETL_Bitcoin.py                           1           0  1.37s           2023-12-24T19:32:11
================================================================================
[2023-12-24 19:32:48,199] {manager.py:809} INFO - 
================================================================================
DAG File Processing Stats

File Path                         PID    Runtime      # DAGs    # Errors  Last Runtime    Last Run
--------------------------------  -----  ---------  --------  ----------  --------------  -------------------
/opt/airflow/dags/ETL_Bitcoin.py                           1           0  0.78s           2023-12-24T19:32:45
================================================================================
[2023-12-24 19:33:16,608] {manager.py:690} INFO - Searching for files in /opt/airflow/dags
[2023-12-24 19:33:16,647] {manager.py:693} INFO - There are 1 files in /opt/airflow/dags
[2023-12-24 19:33:18,559] {manager.py:809} INFO - 
================================================================================
DAG File Processing Stats

File Path                         PID    Runtime      # DAGs    # Errors  Last Runtime    Last Run
--------------------------------  -----  ---------  --------  ----------  --------------  -------------------
/opt/airflow/dags/ETL_Bitcoin.py                           1           0  0.89s           2023-12-24T19:33:18
================================================================================
[2023-12-24 19:33:48,830] {manager.py:809} INFO - 
================================================================================
DAG File Processing Stats

File Path                         PID    Runtime      # DAGs    # Errors  Last Runtime    Last Run
--------------------------------  -----  ---------  --------  ----------  --------------  -------------------
/opt/airflow/dags/ETL_Bitcoin.py                           1           0  0.69s           2023-12-24T19:33:40
================================================================================
[2023-12-24 19:34:18,934] {manager.py:809} INFO - 
================================================================================
DAG File Processing Stats

File Path                         PID    Runtime      # DAGs    # Errors  Last Runtime    Last Run
--------------------------------  -----  ---------  --------  ----------  --------------  -------------------
/opt/airflow/dags/ETL_Bitcoin.py                           1           0  0.84s           2023-12-24T19:34:12
================================================================================
[2023-12-24 19:34:49,512] {manager.py:809} INFO - 
================================================================================
DAG File Processing Stats

File Path                         PID    Runtime      # DAGs    # Errors  Last Runtime    Last Run
--------------------------------  -----  ---------  --------  ----------  --------------  -------------------
/opt/airflow/dags/ETL_Bitcoin.py                           1           0  0.83s           2023-12-24T19:34:45
================================================================================
[2023-12-24 19:35:19,647] {manager.py:809} INFO - 
================================================================================
DAG File Processing Stats

File Path                         PID    Runtime      # DAGs    # Errors  Last Runtime    Last Run
--------------------------------  -----  ---------  --------  ----------  --------------  -------------------
/opt/airflow/dags/ETL_Bitcoin.py                           1           0  0.95s           2023-12-24T19:35:18
================================================================================
[2023-12-24 19:35:49,855] {manager.py:809} INFO - 
================================================================================
DAG File Processing Stats

File Path                         PID    Runtime      # DAGs    # Errors  Last Runtime    Last Run
--------------------------------  -----  ---------  --------  ----------  --------------  -------------------
/opt/airflow/dags/ETL_Bitcoin.py                           1           0  1.33s           2023-12-24T19:35:40
================================================================================
[2023-12-24 19:36:20,654] {manager.py:809} INFO - 
================================================================================
DAG File Processing Stats

File Path                         PID    Runtime      # DAGs    # Errors  Last Runtime    Last Run
--------------------------------  -----  ---------  --------  ----------  --------------  -------------------
/opt/airflow/dags/ETL_Bitcoin.py                           1           0  1.13s           2023-12-24T19:36:13
================================================================================
[2023-12-24 19:36:50,914] {manager.py:809} INFO - 
================================================================================
DAG File Processing Stats

File Path                         PID    Runtime      # DAGs    # Errors  Last Runtime    Last Run
--------------------------------  -----  ---------  --------  ----------  --------------  -------------------
/opt/airflow/dags/ETL_Bitcoin.py                           1           0  1.02s           2023-12-24T19:36:46
================================================================================
[2023-12-24 19:37:21,063] {manager.py:809} INFO - 
================================================================================
DAG File Processing Stats

File Path                         PID    Runtime      # DAGs    # Errors  Last Runtime    Last Run
--------------------------------  -----  ---------  --------  ----------  --------------  -------------------
/opt/airflow/dags/ETL_Bitcoin.py                           1           0  0.81s           2023-12-24T19:37:19
================================================================================
[2023-12-24 19:37:51,219] {manager.py:809} INFO - 
================================================================================
DAG File Processing Stats

File Path                         PID    Runtime      # DAGs    # Errors  Last Runtime    Last Run
--------------------------------  -----  ---------  --------  ----------  --------------  -------------------
/opt/airflow/dags/ETL_Bitcoin.py                           1           0  0.97s           2023-12-24T19:37:41
================================================================================
[2023-12-24 19:38:17,484] {manager.py:690} INFO - Searching for files in /opt/airflow/dags
[2023-12-24 19:38:17,526] {manager.py:693} INFO - There are 1 files in /opt/airflow/dags
[2023-12-24 19:38:21,586] {manager.py:809} INFO - 
================================================================================
DAG File Processing Stats

File Path                         PID    Runtime      # DAGs    # Errors  Last Runtime    Last Run
--------------------------------  -----  ---------  --------  ----------  --------------  -------------------
/opt/airflow/dags/ETL_Bitcoin.py                           1           0  0.94s           2023-12-24T19:38:15
================================================================================
[2023-12-24 19:38:51,637] {manager.py:809} INFO - 
================================================================================
DAG File Processing Stats

File Path                         PID    Runtime      # DAGs    # Errors  Last Runtime    Last Run
--------------------------------  -----  ---------  --------  ----------  --------------  -------------------
/opt/airflow/dags/ETL_Bitcoin.py                           1           0  0.86s           2023-12-24T19:38:48
================================================================================
[2023-12-24 19:39:21,935] {manager.py:809} INFO - 
================================================================================
DAG File Processing Stats

File Path                         PID    Runtime      # DAGs    # Errors  Last Runtime    Last Run
--------------------------------  -----  ---------  --------  ----------  --------------  -------------------
/opt/airflow/dags/ETL_Bitcoin.py                           1           0  0.90s           2023-12-24T19:39:21
================================================================================
[2023-12-24 19:39:27,123] {manager.py:462} INFO - Exiting gracefully upon receiving signal 15
