[2023-12-10 19:48:06,172] {taskinstance.py:1179} INFO - Dependencies all met for <TaskInstance: mi_primer_dag_v3.primera_tarea scheduled__2023-10-28T00:00:00+00:00 [queued]>
[2023-12-10 19:48:06,241] {taskinstance.py:1179} INFO - Dependencies all met for <TaskInstance: mi_primer_dag_v3.primera_tarea scheduled__2023-10-28T00:00:00+00:00 [queued]>
[2023-12-10 19:48:06,243] {taskinstance.py:1376} INFO - 
--------------------------------------------------------------------------------
[2023-12-10 19:48:06,247] {taskinstance.py:1377} INFO - Starting attempt 1 of 6
[2023-12-10 19:48:06,254] {taskinstance.py:1378} INFO - 
--------------------------------------------------------------------------------
[2023-12-10 19:48:06,411] {taskinstance.py:1397} INFO - Executing <Task(BashOperator): primera_tarea> on 2023-10-28 00:00:00+00:00
[2023-12-10 19:48:06,422] {standard_task_runner.py:52} INFO - Started process 4697 to run task
[2023-12-10 19:48:06,489] {standard_task_runner.py:79} INFO - Running: ['***', 'tasks', 'run', 'mi_primer_dag_v3', 'primera_tarea', 'scheduled__2023-10-28T00:00:00+00:00', '--job-id', '1349', '--raw', '--subdir', 'DAGS_FOLDER/primer_dag_v3.py', '--cfg-path', '/tmp/tmpcuxiql5l', '--error-file', '/tmp/tmp7dvht_4j']
[2023-12-10 19:48:06,492] {standard_task_runner.py:80} INFO - Job 1349: Subtask primera_tarea
[2023-12-10 19:48:07,159] {task_command.py:371} INFO - Running <TaskInstance: mi_primer_dag_v3.primera_tarea scheduled__2023-10-28T00:00:00+00:00 [running]> on host 42828894a739
[2023-12-10 19:48:08,007] {taskinstance.py:1591} INFO - Exporting the following env vars:
AIRFLOW_CTX_DAG_OWNER=DavidBU
AIRFLOW_CTX_DAG_ID=mi_primer_dag_v3
AIRFLOW_CTX_TASK_ID=primera_tarea
AIRFLOW_CTX_EXECUTION_DATE=2023-10-28T00:00:00+00:00
AIRFLOW_CTX_TRY_NUMBER=1
AIRFLOW_CTX_DAG_RUN_ID=scheduled__2023-10-28T00:00:00+00:00
[2023-12-10 19:48:08,016] {subprocess.py:62} INFO - Tmp dir root location: 
 /tmp
[2023-12-10 19:48:08,019] {subprocess.py:74} INFO - Running command: ['bash', '-c', 'echo hola mundo, esta es nuestra primera tarea!']
[2023-12-10 19:48:08,149] {subprocess.py:85} INFO - Output:
[2023-12-10 19:48:08,176] {subprocess.py:92} INFO - hola mundo, esta es nuestra primera tarea!
[2023-12-10 19:48:08,193] {subprocess.py:96} INFO - Command exited with return code 0
[2023-12-10 19:48:08,765] {taskinstance.py:1420} INFO - Marking task as SUCCESS. dag_id=mi_primer_dag_v3, task_id=primera_tarea, execution_date=20231028T000000, start_date=20231210T194806, end_date=20231210T194808
[2023-12-10 19:48:08,912] {local_task_job.py:156} INFO - Task exited with return code 0
[2023-12-10 19:48:09,822] {local_task_job.py:273} INFO - 2 downstream tasks scheduled from follow-on schedule check
