[2023-12-10 19:39:06,916] {taskinstance.py:1179} INFO - Dependencies all met for <TaskInstance: mi_primer_dag_v3.tercera_tarea scheduled__2023-03-05T00:00:00+00:00 [queued]>
[2023-12-10 19:39:07,174] {taskinstance.py:1179} INFO - Dependencies all met for <TaskInstance: mi_primer_dag_v3.tercera_tarea scheduled__2023-03-05T00:00:00+00:00 [queued]>
[2023-12-10 19:39:07,176] {taskinstance.py:1376} INFO - 
--------------------------------------------------------------------------------
[2023-12-10 19:39:07,191] {taskinstance.py:1377} INFO - Starting attempt 1 of 6
[2023-12-10 19:39:07,194] {taskinstance.py:1378} INFO - 
--------------------------------------------------------------------------------
[2023-12-10 19:39:07,519] {taskinstance.py:1397} INFO - Executing <Task(BashOperator): tercera_tarea> on 2023-03-05 00:00:00+00:00
[2023-12-10 19:39:07,539] {standard_task_runner.py:52} INFO - Started process 2394 to run task
[2023-12-10 19:39:07,622] {standard_task_runner.py:79} INFO - Running: ['***', 'tasks', 'run', 'mi_primer_dag_v3', 'tercera_tarea', 'scheduled__2023-03-05T00:00:00+00:00', '--job-id', '657', '--raw', '--subdir', 'DAGS_FOLDER/primer_dag_v3.py', '--cfg-path', '/tmp/tmproxa8rkl', '--error-file', '/tmp/tmpisiz8vhe']
[2023-12-10 19:39:07,624] {standard_task_runner.py:80} INFO - Job 657: Subtask tercera_tarea
[2023-12-10 19:39:08,496] {task_command.py:371} INFO - Running <TaskInstance: mi_primer_dag_v3.tercera_tarea scheduled__2023-03-05T00:00:00+00:00 [running]> on host 42828894a739
[2023-12-10 19:39:09,866] {taskinstance.py:1591} INFO - Exporting the following env vars:
AIRFLOW_CTX_DAG_OWNER=DavidBU
AIRFLOW_CTX_DAG_ID=mi_primer_dag_v3
AIRFLOW_CTX_TASK_ID=tercera_tarea
AIRFLOW_CTX_EXECUTION_DATE=2023-03-05T00:00:00+00:00
AIRFLOW_CTX_TRY_NUMBER=1
AIRFLOW_CTX_DAG_RUN_ID=scheduled__2023-03-05T00:00:00+00:00
[2023-12-10 19:39:09,903] {subprocess.py:62} INFO - Tmp dir root location: 
 /tmp
[2023-12-10 19:39:09,908] {subprocess.py:74} INFO - Running command: ['bash', '-c', 'echo hola, soy la tarea 3 y sere corrida luego de Tarea 1 al mismo tiempo que Tarea 2']
[2023-12-10 19:39:09,956] {subprocess.py:85} INFO - Output:
[2023-12-10 19:39:09,973] {subprocess.py:92} INFO - hola, soy la tarea 3 y sere corrida luego de Tarea 1 al mismo tiempo que Tarea 2
[2023-12-10 19:39:09,992] {subprocess.py:96} INFO - Command exited with return code 0
[2023-12-10 19:39:11,138] {taskinstance.py:1420} INFO - Marking task as SUCCESS. dag_id=mi_primer_dag_v3, task_id=tercera_tarea, execution_date=20230305T000000, start_date=20231210T193906, end_date=20231210T193911
[2023-12-10 19:39:11,307] {local_task_job.py:156} INFO - Task exited with return code 0
[2023-12-10 19:39:11,894] {local_task_job.py:273} INFO - 0 downstream tasks scheduled from follow-on schedule check
