[2023-12-10 20:14:41,698] {taskinstance.py:1179} INFO - Dependencies all met for <TaskInstance: mi_primer_dag.primer_task scheduled__2022-12-02T00:00:00+00:00 [queued]>
[2023-12-10 20:14:41,805] {taskinstance.py:1179} INFO - Dependencies all met for <TaskInstance: mi_primer_dag.primer_task scheduled__2022-12-02T00:00:00+00:00 [queued]>
[2023-12-10 20:14:41,807] {taskinstance.py:1376} INFO - 
--------------------------------------------------------------------------------
[2023-12-10 20:14:41,808] {taskinstance.py:1377} INFO - Starting attempt 1 of 6
[2023-12-10 20:14:41,818] {taskinstance.py:1378} INFO - 
--------------------------------------------------------------------------------
[2023-12-10 20:14:41,981] {taskinstance.py:1397} INFO - Executing <Task(BashOperator): primer_task> on 2022-12-02 00:00:00+00:00
[2023-12-10 20:14:42,032] {standard_task_runner.py:52} INFO - Started process 769 to run task
[2023-12-10 20:14:42,040] {standard_task_runner.py:79} INFO - Running: ['***', 'tasks', 'run', 'mi_primer_dag', 'primer_task', 'scheduled__2022-12-02T00:00:00+00:00', '--job-id', '1611', '--raw', '--subdir', 'DAGS_FOLDER/mi_primer_dag.py', '--cfg-path', '/tmp/tmp_ugm8t1q', '--error-file', '/tmp/tmpi_eh2mc_']
[2023-12-10 20:14:42,148] {standard_task_runner.py:80} INFO - Job 1611: Subtask primer_task
[2023-12-10 20:14:43,092] {task_command.py:371} INFO - Running <TaskInstance: mi_primer_dag.primer_task scheduled__2022-12-02T00:00:00+00:00 [running]> on host 42828894a739
[2023-12-10 20:14:43,885] {taskinstance.py:1591} INFO - Exporting the following env vars:
AIRFLOW_CTX_DAG_OWNER=DavidBU
AIRFLOW_CTX_DAG_ID=mi_primer_dag
AIRFLOW_CTX_TASK_ID=primer_task
AIRFLOW_CTX_EXECUTION_DATE=2022-12-02T00:00:00+00:00
AIRFLOW_CTX_TRY_NUMBER=1
AIRFLOW_CTX_DAG_RUN_ID=scheduled__2022-12-02T00:00:00+00:00
[2023-12-10 20:14:43,888] {subprocess.py:62} INFO - Tmp dir root location: 
 /tmp
[2023-12-10 20:14:43,893] {subprocess.py:74} INFO - Running command: ['bash', '-c', 'echo hola mundo, esta es nuestra primera tarea usando bash operator!']
[2023-12-10 20:14:43,943] {subprocess.py:85} INFO - Output:
[2023-12-10 20:14:43,957] {subprocess.py:92} INFO - hola mundo, esta es nuestra primera tarea usando bash operator!
[2023-12-10 20:14:43,962] {subprocess.py:96} INFO - Command exited with return code 0
[2023-12-10 20:14:44,148] {taskinstance.py:1420} INFO - Marking task as SUCCESS. dag_id=mi_primer_dag, task_id=primer_task, execution_date=20221202T000000, start_date=20231210T201441, end_date=20231210T201444
[2023-12-10 20:14:44,434] {local_task_job.py:156} INFO - Task exited with return code 0
[2023-12-10 20:14:45,371] {local_task_job.py:273} INFO - 0 downstream tasks scheduled from follow-on schedule check
