[2023-12-11 02:56:23,220] {taskinstance.py:1179} INFO - Dependencies all met for <TaskInstance: dag_print_context.print_context scheduled__2023-12-10T00:00:00+00:00 [queued]>
[2023-12-11 02:56:23,246] {taskinstance.py:1179} INFO - Dependencies all met for <TaskInstance: dag_print_context.print_context scheduled__2023-12-10T00:00:00+00:00 [queued]>
[2023-12-11 02:56:23,249] {taskinstance.py:1376} INFO - 
--------------------------------------------------------------------------------
[2023-12-11 02:56:23,252] {taskinstance.py:1377} INFO - Starting attempt 1 of 1
[2023-12-11 02:56:23,253] {taskinstance.py:1378} INFO - 
--------------------------------------------------------------------------------
[2023-12-11 02:56:23,351] {taskinstance.py:1397} INFO - Executing <Task(PythonOperator): print_context> on 2023-12-10 00:00:00+00:00
[2023-12-11 02:56:23,369] {standard_task_runner.py:52} INFO - Started process 192 to run task
[2023-12-11 02:56:23,378] {standard_task_runner.py:79} INFO - Running: ['***', 'tasks', 'run', 'dag_print_context', 'print_context', 'scheduled__2023-12-10T00:00:00+00:00', '--job-id', '2489', '--raw', '--subdir', 'DAGS_FOLDER/example_template.py', '--cfg-path', '/tmp/tmpzeuvst0f', '--error-file', '/tmp/tmpzz2b1oxd']
[2023-12-11 02:56:23,402] {standard_task_runner.py:80} INFO - Job 2489: Subtask print_context
[2023-12-11 02:56:23,943] {task_command.py:371} INFO - Running <TaskInstance: dag_print_context.print_context scheduled__2023-12-10T00:00:00+00:00 [running]> on host 42828894a739
[2023-12-11 02:56:25,504] {taskinstance.py:1591} INFO - Exporting the following env vars:
AIRFLOW_CTX_DAG_OWNER=***
AIRFLOW_CTX_DAG_ID=dag_print_context
AIRFLOW_CTX_TASK_ID=print_context
AIRFLOW_CTX_EXECUTION_DATE=2023-12-10T00:00:00+00:00
AIRFLOW_CTX_TRY_NUMBER=1
AIRFLOW_CTX_DAG_RUN_ID=scheduled__2023-12-10T00:00:00+00:00
[2023-12-11 02:56:25,571] {logging_mixin.py:115} INFO - {'conf': <***.configuration.AirflowConfigParser object at 0x7f466197a6d0>, 'dag': <DAG: dag_print_context>, 'dag_run': <DagRun dag_print_context @ 2023-12-10 00:00:00+00:00: scheduled__2023-12-10T00:00:00+00:00, externally triggered: False>, 'data_interval_end': DateTime(2023, 12, 11, 0, 0, 0, tzinfo=Timezone('UTC')), 'data_interval_start': DateTime(2023, 12, 10, 0, 0, 0, tzinfo=Timezone('UTC')), 'ds': '2023-12-10', 'ds_nodash': '20231210', 'execution_date': <Proxy at 0x7f464e2f1d70 with factory functools.partial(<function lazy_mapping_from_context.<locals>._deprecated_proxy_factory at 0x7f464e2d7c20>, 'execution_date', DateTime(2023, 12, 10, 0, 0, 0, tzinfo=Timezone('UTC')))>, 'inlets': [], 'logical_date': DateTime(2023, 12, 10, 0, 0, 0, tzinfo=Timezone('UTC')), 'macros': <module '***.macros' from '/home/***/.local/lib/python3.7/site-packages/***/macros/__init__.py'>, 'next_ds': <Proxy at 0x7f464e2f1d20 with factory functools.partial(<function lazy_mapping_from_context.<locals>._deprecated_proxy_factory at 0x7f464e2d7c20>, 'next_ds', '2023-12-11')>, 'next_ds_nodash': <Proxy at 0x7f464e2f1e10 with factory functools.partial(<function lazy_mapping_from_context.<locals>._deprecated_proxy_factory at 0x7f464e2d7c20>, 'next_ds_nodash', '20231211')>, 'next_execution_date': <Proxy at 0x7f464e2f1fa0 with factory functools.partial(<function lazy_mapping_from_context.<locals>._deprecated_proxy_factory at 0x7f464e2d7c20>, 'next_execution_date', DateTime(2023, 12, 11, 0, 0, 0, tzinfo=Timezone('UTC')))>, 'outlets': [], 'params': {}, 'prev_data_interval_start_success': DateTime(2023, 12, 9, 0, 0, 0, tzinfo=Timezone('UTC')), 'prev_data_interval_end_success': DateTime(2023, 12, 10, 0, 0, 0, tzinfo=Timezone('UTC')), 'prev_ds': <Proxy at 0x7f464e2f1f00 with factory functools.partial(<function lazy_mapping_from_context.<locals>._deprecated_proxy_factory at 0x7f464e2d7c20>, 'prev_ds', '2023-12-09')>, 'prev_ds_nodash': <Proxy at 0x7f464e357dc0 with factory functools.partial(<function lazy_mapping_from_context.<locals>._deprecated_proxy_factory at 0x7f464e2d7c20>, 'prev_ds_nodash', '20231209')>, 'prev_execution_date': <Proxy at 0x7f464e2b9140 with factory functools.partial(<function lazy_mapping_from_context.<locals>._deprecated_proxy_factory at 0x7f464e2d7c20>, 'prev_execution_date', DateTime(2023, 12, 9, 0, 0, 0, tzinfo=Timezone('UTC')))>, 'prev_execution_date_success': <Proxy at 0x7f464e1bd320 with factory functools.partial(<function lazy_mapping_from_context.<locals>._deprecated_proxy_factory at 0x7f464e2d7c20>, 'prev_execution_date_success', DateTime(2023, 12, 9, 0, 0, 0, tzinfo=Timezone('UTC')))>, 'prev_start_date_success': DateTime(2023, 12, 10, 21, 17, 51, 222942, tzinfo=Timezone('UTC')), 'run_id': 'scheduled__2023-12-10T00:00:00+00:00', 'task': <Task(PythonOperator): print_context>, 'task_instance': <TaskInstance: dag_print_context.print_context scheduled__2023-12-10T00:00:00+00:00 [running]>, 'task_instance_key_str': 'dag_print_context__print_context__20231210', 'test_mode': False, 'ti': <TaskInstance: dag_print_context.print_context scheduled__2023-12-10T00:00:00+00:00 [running]>, 'tomorrow_ds': <Proxy at 0x7f464e1bd780 with factory functools.partial(<function lazy_mapping_from_context.<locals>._deprecated_proxy_factory at 0x7f464e2d7c20>, 'tomorrow_ds', '2023-12-11')>, 'tomorrow_ds_nodash': <Proxy at 0x7f464e1bd7d0 with factory functools.partial(<function lazy_mapping_from_context.<locals>._deprecated_proxy_factory at 0x7f464e2d7c20>, 'tomorrow_ds_nodash', '20231211')>, 'ts': '2023-12-10T00:00:00+00:00', 'ts_nodash': '20231210T000000', 'ts_nodash_with_tz': '20231210T000000+0000', 'var': {'json': None, 'value': None}, 'conn': None, 'yesterday_ds': <Proxy at 0x7f464e1bd820 with factory functools.partial(<function lazy_mapping_from_context.<locals>._deprecated_proxy_factory at 0x7f464e2d7c20>, 'yesterday_ds', '2023-12-09')>, 'yesterday_ds_nodash': <Proxy at 0x7f464e1bd870 with factory functools.partial(<function lazy_mapping_from_context.<locals>._deprecated_proxy_factory at 0x7f464e2d7c20>, 'yesterday_ds_nodash', '20231209')>, 'templates_dict': None}
[2023-12-11 02:56:25,694] {logging_mixin.py:115} INFO - Inicio:(<Proxy at 0x7f464e2f1d70 with factory functools.partial(<function lazy_mapping_from_context.<locals>._deprecated_proxy_factory at 0x7f464e2d7c20>, 'execution_date', DateTime(2023, 12, 10, 0, 0, 0, tzinfo=Timezone('UTC')))>,), Fin: (<Proxy at 0x7f464e2f1fa0 with factory functools.partial(<function lazy_mapping_from_context.<locals>._deprecated_proxy_factory at 0x7f464e2d7c20>, 'next_execution_date', DateTime(2023, 12, 11, 0, 0, 0, tzinfo=Timezone('UTC')))>,)
[2023-12-11 02:56:25,743] {python.py:173} INFO - Done. Returned value was: None
[2023-12-11 02:56:26,900] {taskinstance.py:1420} INFO - Marking task as SUCCESS. dag_id=dag_print_context, task_id=print_context, execution_date=20231210T000000, start_date=20231211T025623, end_date=20231211T025626
[2023-12-11 02:56:27,327] {local_task_job.py:156} INFO - Task exited with return code 0
[2023-12-11 02:56:27,897] {local_task_job.py:273} INFO - 0 downstream tasks scheduled from follow-on schedule check
