[2023-12-10 20:27:19,859] {taskinstance.py:1179} INFO - Dependencies all met for <TaskInstance: mi_primer_dar_con_PythonOperator.aloha_david scheduled__2023-08-03T00:00:00+00:00 [queued]>
[2023-12-10 20:27:19,874] {taskinstance.py:1179} INFO - Dependencies all met for <TaskInstance: mi_primer_dar_con_PythonOperator.aloha_david scheduled__2023-08-03T00:00:00+00:00 [queued]>
[2023-12-10 20:27:19,875] {taskinstance.py:1376} INFO - 
--------------------------------------------------------------------------------
[2023-12-10 20:27:19,876] {taskinstance.py:1377} INFO - Starting attempt 1 of 6
[2023-12-10 20:27:19,876] {taskinstance.py:1378} INFO - 
--------------------------------------------------------------------------------
[2023-12-10 20:27:19,899] {taskinstance.py:1397} INFO - Executing <Task(PythonOperator): aloha_david> on 2023-08-03 00:00:00+00:00
[2023-12-10 20:27:19,905] {standard_task_runner.py:52} INFO - Started process 2616 to run task
[2023-12-10 20:27:19,910] {standard_task_runner.py:79} INFO - Running: ['***', 'tasks', 'run', 'mi_primer_dar_con_PythonOperator', 'aloha_david', 'scheduled__2023-08-03T00:00:00+00:00', '--job-id', '2353', '--raw', '--subdir', 'DAGS_FOLDER/mi_primer_dag_pythonoperator.py', '--cfg-path', '/tmp/tmpabq2tpyj', '--error-file', '/tmp/tmp5vgt_ykz']
[2023-12-10 20:27:19,913] {standard_task_runner.py:80} INFO - Job 2353: Subtask aloha_david
[2023-12-10 20:27:20,041] {task_command.py:371} INFO - Running <TaskInstance: mi_primer_dar_con_PythonOperator.aloha_david scheduled__2023-08-03T00:00:00+00:00 [running]> on host 42828894a739
[2023-12-10 20:27:20,160] {taskinstance.py:1591} INFO - Exporting the following env vars:
AIRFLOW_CTX_DAG_OWNER=DavidBU
AIRFLOW_CTX_DAG_ID=mi_primer_dar_con_PythonOperator
AIRFLOW_CTX_TASK_ID=aloha_david
AIRFLOW_CTX_EXECUTION_DATE=2023-08-03T00:00:00+00:00
AIRFLOW_CTX_TRY_NUMBER=1
AIRFLOW_CTX_DAG_RUN_ID=scheduled__2023-08-03T00:00:00+00:00
[2023-12-10 20:27:20,162] {logging_mixin.py:115} INFO - Aloha Mundo soy yo!
[2023-12-10 20:27:20,163] {python.py:173} INFO - Done. Returned value was: None
[2023-12-10 20:27:20,185] {taskinstance.py:1420} INFO - Marking task as SUCCESS. dag_id=mi_primer_dar_con_PythonOperator, task_id=aloha_david, execution_date=20230803T000000, start_date=20231210T202719, end_date=20231210T202720
[2023-12-10 20:27:20,242] {local_task_job.py:156} INFO - Task exited with return code 0
[2023-12-10 20:27:20,293] {local_task_job.py:273} INFO - 0 downstream tasks scheduled from follow-on schedule check
