[2023-12-10 20:17:40,503] {taskinstance.py:1179} INFO - Dependencies all met for <TaskInstance: mi_primer_dag.primer_task scheduled__2023-02-25T00:00:00+00:00 [queued]>
[2023-12-10 20:17:40,606] {taskinstance.py:1179} INFO - Dependencies all met for <TaskInstance: mi_primer_dag.primer_task scheduled__2023-02-25T00:00:00+00:00 [queued]>
[2023-12-10 20:17:40,609] {taskinstance.py:1376} INFO - 
--------------------------------------------------------------------------------
[2023-12-10 20:17:40,615] {taskinstance.py:1377} INFO - Starting attempt 1 of 6
[2023-12-10 20:17:40,616] {taskinstance.py:1378} INFO - 
--------------------------------------------------------------------------------
[2023-12-10 20:17:40,732] {taskinstance.py:1397} INFO - Executing <Task(BashOperator): primer_task> on 2023-02-25 00:00:00+00:00
[2023-12-10 20:17:40,767] {standard_task_runner.py:52} INFO - Started process 284 to run task
[2023-12-10 20:17:40,846] {standard_task_runner.py:79} INFO - Running: ['***', 'tasks', 'run', 'mi_primer_dag', 'primer_task', 'scheduled__2023-02-25T00:00:00+00:00', '--job-id', '1699', '--raw', '--subdir', 'DAGS_FOLDER/mi_primer_dag.py', '--cfg-path', '/tmp/tmp529__wus', '--error-file', '/tmp/tmpa42x9c0g']
[2023-12-10 20:17:40,849] {standard_task_runner.py:80} INFO - Job 1699: Subtask primer_task
[2023-12-10 20:17:41,779] {task_command.py:371} INFO - Running <TaskInstance: mi_primer_dag.primer_task scheduled__2023-02-25T00:00:00+00:00 [running]> on host 42828894a739
[2023-12-10 20:17:42,734] {taskinstance.py:1591} INFO - Exporting the following env vars:
AIRFLOW_CTX_DAG_OWNER=DavidBU
AIRFLOW_CTX_DAG_ID=mi_primer_dag
AIRFLOW_CTX_TASK_ID=primer_task
AIRFLOW_CTX_EXECUTION_DATE=2023-02-25T00:00:00+00:00
AIRFLOW_CTX_TRY_NUMBER=1
AIRFLOW_CTX_DAG_RUN_ID=scheduled__2023-02-25T00:00:00+00:00
[2023-12-10 20:17:42,751] {subprocess.py:62} INFO - Tmp dir root location: 
 /tmp
[2023-12-10 20:17:42,767] {subprocess.py:74} INFO - Running command: ['bash', '-c', 'echo hola mundo, esta es nuestra primera tarea usando bash operator!']
[2023-12-10 20:17:42,882] {subprocess.py:85} INFO - Output:
[2023-12-10 20:17:42,897] {subprocess.py:92} INFO - hola mundo, esta es nuestra primera tarea usando bash operator!
[2023-12-10 20:17:42,912] {subprocess.py:96} INFO - Command exited with return code 0
[2023-12-10 20:17:43,469] {taskinstance.py:1420} INFO - Marking task as SUCCESS. dag_id=mi_primer_dag, task_id=primer_task, execution_date=20230225T000000, start_date=20231210T201740, end_date=20231210T201743
[2023-12-10 20:17:43,755] {local_task_job.py:156} INFO - Task exited with return code 0
[2023-12-10 20:17:43,977] {local_task_job.py:273} INFO - 0 downstream tasks scheduled from follow-on schedule check
