[2023-12-10 20:21:04,362] {taskinstance.py:1179} INFO - Dependencies all met for <TaskInstance: mi_primer_dar_con_PythonOperator.aloha_david scheduled__2022-11-06T00:00:00+00:00 [queued]>
[2023-12-10 20:21:04,524] {taskinstance.py:1179} INFO - Dependencies all met for <TaskInstance: mi_primer_dar_con_PythonOperator.aloha_david scheduled__2022-11-06T00:00:00+00:00 [queued]>
[2023-12-10 20:21:04,581] {taskinstance.py:1376} INFO - 
--------------------------------------------------------------------------------
[2023-12-10 20:21:04,593] {taskinstance.py:1377} INFO - Starting attempt 1 of 6
[2023-12-10 20:21:04,624] {taskinstance.py:1378} INFO - 
--------------------------------------------------------------------------------
[2023-12-10 20:21:04,844] {taskinstance.py:1397} INFO - Executing <Task(PythonOperator): aloha_david> on 2022-11-06 00:00:00+00:00
[2023-12-10 20:21:04,882] {standard_task_runner.py:52} INFO - Started process 1015 to run task
[2023-12-10 20:21:04,953] {standard_task_runner.py:79} INFO - Running: ['***', 'tasks', 'run', 'mi_primer_dar_con_PythonOperator', 'aloha_david', 'scheduled__2022-11-06T00:00:00+00:00', '--job-id', '1893', '--raw', '--subdir', 'DAGS_FOLDER/mi_primer_dag_pythonoperator.py', '--cfg-path', '/tmp/tmp7tk0gteu', '--error-file', '/tmp/tmpuom0csoj']
[2023-12-10 20:21:04,987] {standard_task_runner.py:80} INFO - Job 1893: Subtask aloha_david
[2023-12-10 20:21:05,445] {task_command.py:371} INFO - Running <TaskInstance: mi_primer_dar_con_PythonOperator.aloha_david scheduled__2022-11-06T00:00:00+00:00 [running]> on host 42828894a739
[2023-12-10 20:21:06,118] {taskinstance.py:1591} INFO - Exporting the following env vars:
AIRFLOW_CTX_DAG_OWNER=DavidBU
AIRFLOW_CTX_DAG_ID=mi_primer_dar_con_PythonOperator
AIRFLOW_CTX_TASK_ID=aloha_david
AIRFLOW_CTX_EXECUTION_DATE=2022-11-06T00:00:00+00:00
AIRFLOW_CTX_TRY_NUMBER=1
AIRFLOW_CTX_DAG_RUN_ID=scheduled__2022-11-06T00:00:00+00:00
[2023-12-10 20:21:06,123] {logging_mixin.py:115} INFO - Aloha Mundo soy yo!
[2023-12-10 20:21:06,125] {python.py:173} INFO - Done. Returned value was: None
[2023-12-10 20:21:06,507] {taskinstance.py:1420} INFO - Marking task as SUCCESS. dag_id=mi_primer_dar_con_PythonOperator, task_id=aloha_david, execution_date=20221106T000000, start_date=20231210T202104, end_date=20231210T202106
[2023-12-10 20:21:06,624] {local_task_job.py:156} INFO - Task exited with return code 0
[2023-12-10 20:21:07,893] {local_task_job.py:273} INFO - 0 downstream tasks scheduled from follow-on schedule check
