[2023-12-10 19:40:51,762] {taskinstance.py:1179} INFO - Dependencies all met for <TaskInstance: mi_primer_dag_v3.tercera_tarea scheduled__2023-04-12T00:00:00+00:00 [queued]>
[2023-12-10 19:40:52,190] {taskinstance.py:1179} INFO - Dependencies all met for <TaskInstance: mi_primer_dag_v3.tercera_tarea scheduled__2023-04-12T00:00:00+00:00 [queued]>
[2023-12-10 19:40:52,300] {taskinstance.py:1376} INFO - 
--------------------------------------------------------------------------------
[2023-12-10 19:40:52,345] {taskinstance.py:1377} INFO - Starting attempt 1 of 6
[2023-12-10 19:40:52,377] {taskinstance.py:1378} INFO - 
--------------------------------------------------------------------------------
[2023-12-10 19:40:52,895] {taskinstance.py:1397} INFO - Executing <Task(BashOperator): tercera_tarea> on 2023-04-12 00:00:00+00:00
[2023-12-10 19:40:53,317] {standard_task_runner.py:52} INFO - Started process 2775 to run task
[2023-12-10 19:40:53,354] {standard_task_runner.py:79} INFO - Running: ['***', 'tasks', 'run', 'mi_primer_dag_v3', 'tercera_tarea', 'scheduled__2023-04-12T00:00:00+00:00', '--job-id', '766', '--raw', '--subdir', 'DAGS_FOLDER/primer_dag_v3.py', '--cfg-path', '/tmp/tmpmpb19q4t', '--error-file', '/tmp/tmpk8g5l60s']
[2023-12-10 19:40:53,474] {standard_task_runner.py:80} INFO - Job 766: Subtask tercera_tarea
[2023-12-10 19:40:55,276] {task_command.py:371} INFO - Running <TaskInstance: mi_primer_dag_v3.tercera_tarea scheduled__2023-04-12T00:00:00+00:00 [running]> on host 42828894a739
[2023-12-10 19:40:57,138] {taskinstance.py:1591} INFO - Exporting the following env vars:
AIRFLOW_CTX_DAG_OWNER=DavidBU
AIRFLOW_CTX_DAG_ID=mi_primer_dag_v3
AIRFLOW_CTX_TASK_ID=tercera_tarea
AIRFLOW_CTX_EXECUTION_DATE=2023-04-12T00:00:00+00:00
AIRFLOW_CTX_TRY_NUMBER=1
AIRFLOW_CTX_DAG_RUN_ID=scheduled__2023-04-12T00:00:00+00:00
[2023-12-10 19:40:57,167] {subprocess.py:62} INFO - Tmp dir root location: 
 /tmp
[2023-12-10 19:40:57,183] {subprocess.py:74} INFO - Running command: ['bash', '-c', 'echo hola, soy la tarea 3 y sere corrida luego de Tarea 1 al mismo tiempo que Tarea 2']
[2023-12-10 19:40:57,280] {subprocess.py:85} INFO - Output:
[2023-12-10 19:40:57,324] {subprocess.py:92} INFO - hola, soy la tarea 3 y sere corrida luego de Tarea 1 al mismo tiempo que Tarea 2
[2023-12-10 19:40:57,337] {subprocess.py:96} INFO - Command exited with return code 0
[2023-12-10 19:40:58,229] {taskinstance.py:1420} INFO - Marking task as SUCCESS. dag_id=mi_primer_dag_v3, task_id=tercera_tarea, execution_date=20230412T000000, start_date=20231210T194052, end_date=20231210T194058
[2023-12-10 19:40:59,305] {local_task_job.py:156} INFO - Task exited with return code 0
[2023-12-10 19:40:59,654] {local_task_job.py:273} INFO - 0 downstream tasks scheduled from follow-on schedule check
