[2023-12-10 19:36:03,997] {taskinstance.py:1179} INFO - Dependencies all met for <TaskInstance: mi_primer_dag_v3.tercera_tarea scheduled__2022-12-22T00:00:00+00:00 [queued]>
[2023-12-10 19:36:04,180] {taskinstance.py:1179} INFO - Dependencies all met for <TaskInstance: mi_primer_dag_v3.tercera_tarea scheduled__2022-12-22T00:00:00+00:00 [queued]>
[2023-12-10 19:36:04,183] {taskinstance.py:1376} INFO - 
--------------------------------------------------------------------------------
[2023-12-10 19:36:04,184] {taskinstance.py:1377} INFO - Starting attempt 1 of 6
[2023-12-10 19:36:04,192] {taskinstance.py:1378} INFO - 
--------------------------------------------------------------------------------
[2023-12-10 19:36:04,616] {taskinstance.py:1397} INFO - Executing <Task(BashOperator): tercera_tarea> on 2022-12-22 00:00:00+00:00
[2023-12-10 19:36:04,653] {standard_task_runner.py:52} INFO - Started process 1656 to run task
[2023-12-10 19:36:04,847] {standard_task_runner.py:79} INFO - Running: ['***', 'tasks', 'run', 'mi_primer_dag_v3', 'tercera_tarea', 'scheduled__2022-12-22T00:00:00+00:00', '--job-id', '435', '--raw', '--subdir', 'DAGS_FOLDER/primer_dag_v3.py', '--cfg-path', '/tmp/tmp6s60yafp', '--error-file', '/tmp/tmpcgw8nm75']
[2023-12-10 19:36:04,935] {standard_task_runner.py:80} INFO - Job 435: Subtask tercera_tarea
[2023-12-10 19:36:05,732] {task_command.py:371} INFO - Running <TaskInstance: mi_primer_dag_v3.tercera_tarea scheduled__2022-12-22T00:00:00+00:00 [running]> on host 42828894a739
[2023-12-10 19:36:07,175] {taskinstance.py:1591} INFO - Exporting the following env vars:
AIRFLOW_CTX_DAG_OWNER=DavidBU
AIRFLOW_CTX_DAG_ID=mi_primer_dag_v3
AIRFLOW_CTX_TASK_ID=tercera_tarea
AIRFLOW_CTX_EXECUTION_DATE=2022-12-22T00:00:00+00:00
AIRFLOW_CTX_TRY_NUMBER=1
AIRFLOW_CTX_DAG_RUN_ID=scheduled__2022-12-22T00:00:00+00:00
[2023-12-10 19:36:07,212] {subprocess.py:62} INFO - Tmp dir root location: 
 /tmp
[2023-12-10 19:36:07,228] {subprocess.py:74} INFO - Running command: ['bash', '-c', 'echo hola, soy la tarea 3 y sere corrida luego de Tarea 1 al mismo tiempo que Tarea 2']
[2023-12-10 19:36:07,341] {subprocess.py:85} INFO - Output:
[2023-12-10 19:36:07,548] {subprocess.py:92} INFO - hola, soy la tarea 3 y sere corrida luego de Tarea 1 al mismo tiempo que Tarea 2
[2023-12-10 19:36:07,564] {subprocess.py:96} INFO - Command exited with return code 0
[2023-12-10 19:36:08,143] {taskinstance.py:1420} INFO - Marking task as SUCCESS. dag_id=mi_primer_dag_v3, task_id=tercera_tarea, execution_date=20221222T000000, start_date=20231210T193604, end_date=20231210T193608
[2023-12-10 19:36:08,488] {local_task_job.py:156} INFO - Task exited with return code 0
[2023-12-10 19:36:08,798] {local_task_job.py:273} INFO - 0 downstream tasks scheduled from follow-on schedule check
