[2023-12-10 19:48:12,261] {taskinstance.py:1179} INFO - Dependencies all met for <TaskInstance: mi_primer_dag_v3.primera_tarea scheduled__2023-10-31T00:00:00+00:00 [queued]>
[2023-12-10 19:48:12,445] {taskinstance.py:1179} INFO - Dependencies all met for <TaskInstance: mi_primer_dag_v3.primera_tarea scheduled__2023-10-31T00:00:00+00:00 [queued]>
[2023-12-10 19:48:12,454] {taskinstance.py:1376} INFO - 
--------------------------------------------------------------------------------
[2023-12-10 19:48:12,456] {taskinstance.py:1377} INFO - Starting attempt 1 of 6
[2023-12-10 19:48:12,456] {taskinstance.py:1378} INFO - 
--------------------------------------------------------------------------------
[2023-12-10 19:48:12,885] {taskinstance.py:1397} INFO - Executing <Task(BashOperator): primera_tarea> on 2023-10-31 00:00:00+00:00
[2023-12-10 19:48:12,916] {standard_task_runner.py:52} INFO - Started process 4732 to run task
[2023-12-10 19:48:13,005] {standard_task_runner.py:79} INFO - Running: ['***', 'tasks', 'run', 'mi_primer_dag_v3', 'primera_tarea', 'scheduled__2023-10-31T00:00:00+00:00', '--job-id', '1360', '--raw', '--subdir', 'DAGS_FOLDER/primer_dag_v3.py', '--cfg-path', '/tmp/tmp30g8i_ll', '--error-file', '/tmp/tmpe3llfz6v']
[2023-12-10 19:48:13,063] {standard_task_runner.py:80} INFO - Job 1360: Subtask primera_tarea
[2023-12-10 19:48:14,260] {task_command.py:371} INFO - Running <TaskInstance: mi_primer_dag_v3.primera_tarea scheduled__2023-10-31T00:00:00+00:00 [running]> on host 42828894a739
[2023-12-10 19:48:15,318] {taskinstance.py:1591} INFO - Exporting the following env vars:
AIRFLOW_CTX_DAG_OWNER=DavidBU
AIRFLOW_CTX_DAG_ID=mi_primer_dag_v3
AIRFLOW_CTX_TASK_ID=primera_tarea
AIRFLOW_CTX_EXECUTION_DATE=2023-10-31T00:00:00+00:00
AIRFLOW_CTX_TRY_NUMBER=1
AIRFLOW_CTX_DAG_RUN_ID=scheduled__2023-10-31T00:00:00+00:00
[2023-12-10 19:48:15,331] {subprocess.py:62} INFO - Tmp dir root location: 
 /tmp
[2023-12-10 19:48:15,339] {subprocess.py:74} INFO - Running command: ['bash', '-c', 'echo hola mundo, esta es nuestra primera tarea!']
[2023-12-10 19:48:15,454] {subprocess.py:85} INFO - Output:
[2023-12-10 19:48:15,494] {subprocess.py:92} INFO - hola mundo, esta es nuestra primera tarea!
[2023-12-10 19:48:15,509] {subprocess.py:96} INFO - Command exited with return code 0
[2023-12-10 19:48:16,265] {taskinstance.py:1420} INFO - Marking task as SUCCESS. dag_id=mi_primer_dag_v3, task_id=primera_tarea, execution_date=20231031T000000, start_date=20231210T194812, end_date=20231210T194816
[2023-12-10 19:48:16,372] {local_task_job.py:156} INFO - Task exited with return code 0
[2023-12-10 19:48:16,975] {local_task_job.py:273} INFO - 2 downstream tasks scheduled from follow-on schedule check
