[2023-12-10 19:41:01,058] {taskinstance.py:1179} INFO - Dependencies all met for <TaskInstance: mi_primer_dag_v3.tercera_tarea scheduled__2023-04-16T00:00:00+00:00 [queued]>
[2023-12-10 19:41:01,350] {taskinstance.py:1179} INFO - Dependencies all met for <TaskInstance: mi_primer_dag_v3.tercera_tarea scheduled__2023-04-16T00:00:00+00:00 [queued]>
[2023-12-10 19:41:01,367] {taskinstance.py:1376} INFO - 
--------------------------------------------------------------------------------
[2023-12-10 19:41:01,421] {taskinstance.py:1377} INFO - Starting attempt 1 of 6
[2023-12-10 19:41:01,431] {taskinstance.py:1378} INFO - 
--------------------------------------------------------------------------------
[2023-12-10 19:41:01,968] {taskinstance.py:1397} INFO - Executing <Task(BashOperator): tercera_tarea> on 2023-04-16 00:00:00+00:00
[2023-12-10 19:41:02,025] {standard_task_runner.py:52} INFO - Started process 2805 to run task
[2023-12-10 19:41:02,200] {standard_task_runner.py:79} INFO - Running: ['***', 'tasks', 'run', 'mi_primer_dag_v3', 'tercera_tarea', 'scheduled__2023-04-16T00:00:00+00:00', '--job-id', '778', '--raw', '--subdir', 'DAGS_FOLDER/primer_dag_v3.py', '--cfg-path', '/tmp/tmpevqguhsm', '--error-file', '/tmp/tmpku39hzw5']
[2023-12-10 19:41:02,281] {standard_task_runner.py:80} INFO - Job 778: Subtask tercera_tarea
[2023-12-10 19:41:03,801] {task_command.py:371} INFO - Running <TaskInstance: mi_primer_dag_v3.tercera_tarea scheduled__2023-04-16T00:00:00+00:00 [running]> on host 42828894a739
[2023-12-10 19:41:05,262] {taskinstance.py:1591} INFO - Exporting the following env vars:
AIRFLOW_CTX_DAG_OWNER=DavidBU
AIRFLOW_CTX_DAG_ID=mi_primer_dag_v3
AIRFLOW_CTX_TASK_ID=tercera_tarea
AIRFLOW_CTX_EXECUTION_DATE=2023-04-16T00:00:00+00:00
AIRFLOW_CTX_TRY_NUMBER=1
AIRFLOW_CTX_DAG_RUN_ID=scheduled__2023-04-16T00:00:00+00:00
[2023-12-10 19:41:05,825] {subprocess.py:62} INFO - Tmp dir root location: 
 /tmp
[2023-12-10 19:41:05,988] {subprocess.py:74} INFO - Running command: ['bash', '-c', 'echo hola, soy la tarea 3 y sere corrida luego de Tarea 1 al mismo tiempo que Tarea 2']
[2023-12-10 19:41:06,179] {subprocess.py:85} INFO - Output:
[2023-12-10 19:41:06,211] {subprocess.py:92} INFO - hola, soy la tarea 3 y sere corrida luego de Tarea 1 al mismo tiempo que Tarea 2
[2023-12-10 19:41:06,246] {subprocess.py:96} INFO - Command exited with return code 0
[2023-12-10 19:41:06,591] {taskinstance.py:1420} INFO - Marking task as SUCCESS. dag_id=mi_primer_dag_v3, task_id=tercera_tarea, execution_date=20230416T000000, start_date=20231210T194101, end_date=20231210T194106
[2023-12-10 19:41:06,757] {local_task_job.py:156} INFO - Task exited with return code 0
[2023-12-10 19:41:07,706] {local_task_job.py:273} INFO - 0 downstream tasks scheduled from follow-on schedule check
