[2023-12-10 19:30:34,648] {taskinstance.py:1179} INFO - Dependencies all met for <TaskInstance: mi_primer_dag_v3.segunda_tarea scheduled__2022-08-25T00:00:00+00:00 [queued]>
[2023-12-10 19:30:34,786] {taskinstance.py:1179} INFO - Dependencies all met for <TaskInstance: mi_primer_dag_v3.segunda_tarea scheduled__2022-08-25T00:00:00+00:00 [queued]>
[2023-12-10 19:30:34,800] {taskinstance.py:1376} INFO - 
--------------------------------------------------------------------------------
[2023-12-10 19:30:34,815] {taskinstance.py:1377} INFO - Starting attempt 1 of 6
[2023-12-10 19:30:34,825] {taskinstance.py:1378} INFO - 
--------------------------------------------------------------------------------
[2023-12-10 19:30:35,081] {taskinstance.py:1397} INFO - Executing <Task(BashOperator): segunda_tarea> on 2022-08-25 00:00:00+00:00
[2023-12-10 19:30:35,114] {standard_task_runner.py:52} INFO - Started process 452 to run task
[2023-12-10 19:30:35,180] {standard_task_runner.py:79} INFO - Running: ['***', 'tasks', 'run', 'mi_primer_dag_v3', 'segunda_tarea', 'scheduled__2022-08-25T00:00:00+00:00', '--job-id', '78', '--raw', '--subdir', 'DAGS_FOLDER/primer_dag_v3.py', '--cfg-path', '/tmp/tmpv6sfeeg3', '--error-file', '/tmp/tmph5wmb66r']
[2023-12-10 19:30:35,191] {standard_task_runner.py:80} INFO - Job 78: Subtask segunda_tarea
[2023-12-10 19:30:35,827] {task_command.py:371} INFO - Running <TaskInstance: mi_primer_dag_v3.segunda_tarea scheduled__2022-08-25T00:00:00+00:00 [running]> on host 42828894a739
[2023-12-10 19:30:37,069] {taskinstance.py:1591} INFO - Exporting the following env vars:
AIRFLOW_CTX_DAG_OWNER=DavidBU
AIRFLOW_CTX_DAG_ID=mi_primer_dag_v3
AIRFLOW_CTX_TASK_ID=segunda_tarea
AIRFLOW_CTX_EXECUTION_DATE=2022-08-25T00:00:00+00:00
AIRFLOW_CTX_TRY_NUMBER=1
AIRFLOW_CTX_DAG_RUN_ID=scheduled__2022-08-25T00:00:00+00:00
[2023-12-10 19:30:37,071] {subprocess.py:62} INFO - Tmp dir root location: 
 /tmp
[2023-12-10 19:30:37,091] {subprocess.py:74} INFO - Running command: ['bash', '-c', 'echo hola, soy la tarea 2 y sere corrida luego de la Tarea 1']
[2023-12-10 19:30:37,242] {subprocess.py:85} INFO - Output:
[2023-12-10 19:30:37,291] {subprocess.py:92} INFO - hola, soy la tarea 2 y sere corrida luego de la Tarea 1
[2023-12-10 19:30:37,321] {subprocess.py:96} INFO - Command exited with return code 0
[2023-12-10 19:30:38,209] {taskinstance.py:1420} INFO - Marking task as SUCCESS. dag_id=mi_primer_dag_v3, task_id=segunda_tarea, execution_date=20220825T000000, start_date=20231210T193034, end_date=20231210T193038
[2023-12-10 19:30:38,515] {local_task_job.py:156} INFO - Task exited with return code 0
[2023-12-10 19:30:38,767] {local_task_job.py:273} INFO - 0 downstream tasks scheduled from follow-on schedule check
