[2023-12-21 02:22:46,567] {taskinstance.py:1179} INFO - Dependencies all met for <TaskInstance: mi_primer_dag_v4.tercera_tarea scheduled__2023-12-11T00:00:00+00:00 [queued]>
[2023-12-21 02:22:46,988] {taskinstance.py:1179} INFO - Dependencies all met for <TaskInstance: mi_primer_dag_v4.tercera_tarea scheduled__2023-12-11T00:00:00+00:00 [queued]>
[2023-12-21 02:22:47,039] {taskinstance.py:1376} INFO - 
--------------------------------------------------------------------------------
[2023-12-21 02:22:47,042] {taskinstance.py:1377} INFO - Starting attempt 1 of 6
[2023-12-21 02:22:47,042] {taskinstance.py:1378} INFO - 
--------------------------------------------------------------------------------
[2023-12-21 02:22:47,840] {taskinstance.py:1397} INFO - Executing <Task(BashOperator): tercera_tarea> on 2023-12-11 00:00:00+00:00
[2023-12-21 02:22:47,871] {standard_task_runner.py:52} INFO - Started process 307 to run task
[2023-12-21 02:22:47,993] {standard_task_runner.py:79} INFO - Running: ['***', 'tasks', 'run', 'mi_primer_dag_v4', 'tercera_tarea', 'scheduled__2023-12-11T00:00:00+00:00', '--job-id', '139', '--raw', '--subdir', 'DAGS_FOLDER/primer_dag.py', '--cfg-path', '/tmp/tmpbnguz5y3', '--error-file', '/tmp/tmp4vl09vfw']
[2023-12-21 02:22:48,001] {standard_task_runner.py:80} INFO - Job 139: Subtask tercera_tarea
[2023-12-21 02:22:53,214] {task_command.py:371} INFO - Running <TaskInstance: mi_primer_dag_v4.tercera_tarea scheduled__2023-12-11T00:00:00+00:00 [running]> on host de0a7ae97836
[2023-12-21 02:22:55,096] {taskinstance.py:1591} INFO - Exporting the following env vars:
AIRFLOW_CTX_DAG_OWNER=DavidBU
AIRFLOW_CTX_DAG_ID=mi_primer_dag_v4
AIRFLOW_CTX_TASK_ID=tercera_tarea
AIRFLOW_CTX_EXECUTION_DATE=2023-12-11T00:00:00+00:00
AIRFLOW_CTX_TRY_NUMBER=1
AIRFLOW_CTX_DAG_RUN_ID=scheduled__2023-12-11T00:00:00+00:00
[2023-12-21 02:22:55,252] {subprocess.py:62} INFO - Tmp dir root location: 
 /tmp
[2023-12-21 02:22:55,344] {subprocess.py:74} INFO - Running command: ['bash', '-c', 'echo Bustos Usta']
[2023-12-21 02:22:55,438] {subprocess.py:85} INFO - Output:
[2023-12-21 02:22:55,461] {subprocess.py:92} INFO - Bustos Usta
[2023-12-21 02:22:55,463] {subprocess.py:96} INFO - Command exited with return code 0
