[2023-12-10 19:48:11,836] {taskinstance.py:1179} INFO - Dependencies all met for <TaskInstance: mi_primer_dag_v3.tercera_tarea scheduled__2023-10-26T00:00:00+00:00 [queued]>
[2023-12-10 19:48:12,001] {taskinstance.py:1179} INFO - Dependencies all met for <TaskInstance: mi_primer_dag_v3.tercera_tarea scheduled__2023-10-26T00:00:00+00:00 [queued]>
[2023-12-10 19:48:12,018] {taskinstance.py:1376} INFO - 
--------------------------------------------------------------------------------
[2023-12-10 19:48:12,026] {taskinstance.py:1377} INFO - Starting attempt 1 of 6
[2023-12-10 19:48:12,038] {taskinstance.py:1378} INFO - 
--------------------------------------------------------------------------------
[2023-12-10 19:48:12,730] {taskinstance.py:1397} INFO - Executing <Task(BashOperator): tercera_tarea> on 2023-10-26 00:00:00+00:00
[2023-12-10 19:48:12,768] {standard_task_runner.py:52} INFO - Started process 4731 to run task
[2023-12-10 19:48:12,819] {standard_task_runner.py:79} INFO - Running: ['***', 'tasks', 'run', 'mi_primer_dag_v3', 'tercera_tarea', 'scheduled__2023-10-26T00:00:00+00:00', '--job-id', '1359', '--raw', '--subdir', 'DAGS_FOLDER/primer_dag_v3.py', '--cfg-path', '/tmp/tmp0padlfqx', '--error-file', '/tmp/tmpfys8zu5l']
[2023-12-10 19:48:12,950] {standard_task_runner.py:80} INFO - Job 1359: Subtask tercera_tarea
[2023-12-10 19:48:14,203] {task_command.py:371} INFO - Running <TaskInstance: mi_primer_dag_v3.tercera_tarea scheduled__2023-10-26T00:00:00+00:00 [running]> on host 42828894a739
[2023-12-10 19:48:15,140] {taskinstance.py:1591} INFO - Exporting the following env vars:
AIRFLOW_CTX_DAG_OWNER=DavidBU
AIRFLOW_CTX_DAG_ID=mi_primer_dag_v3
AIRFLOW_CTX_TASK_ID=tercera_tarea
AIRFLOW_CTX_EXECUTION_DATE=2023-10-26T00:00:00+00:00
AIRFLOW_CTX_TRY_NUMBER=1
AIRFLOW_CTX_DAG_RUN_ID=scheduled__2023-10-26T00:00:00+00:00
[2023-12-10 19:48:15,151] {subprocess.py:62} INFO - Tmp dir root location: 
 /tmp
[2023-12-10 19:48:15,154] {subprocess.py:74} INFO - Running command: ['bash', '-c', 'echo hola, soy la tarea 3 y sere corrida luego de Tarea 1 al mismo tiempo que Tarea 2']
[2023-12-10 19:48:15,248] {subprocess.py:85} INFO - Output:
[2023-12-10 19:48:15,299] {subprocess.py:92} INFO - hola, soy la tarea 3 y sere corrida luego de Tarea 1 al mismo tiempo que Tarea 2
[2023-12-10 19:48:15,308] {subprocess.py:96} INFO - Command exited with return code 0
[2023-12-10 19:48:16,266] {taskinstance.py:1420} INFO - Marking task as SUCCESS. dag_id=mi_primer_dag_v3, task_id=tercera_tarea, execution_date=20231026T000000, start_date=20231210T194811, end_date=20231210T194816
[2023-12-10 19:48:16,456] {local_task_job.py:156} INFO - Task exited with return code 0
[2023-12-10 19:48:17,018] {local_task_job.py:273} INFO - 0 downstream tasks scheduled from follow-on schedule check
