[2023-12-10 19:32:05,370] {taskinstance.py:1179} INFO - Dependencies all met for <TaskInstance: mi_primer_dag_v3.tercera_tarea scheduled__2022-09-28T00:00:00+00:00 [queued]>
[2023-12-10 19:32:05,534] {taskinstance.py:1179} INFO - Dependencies all met for <TaskInstance: mi_primer_dag_v3.tercera_tarea scheduled__2022-09-28T00:00:00+00:00 [queued]>
[2023-12-10 19:32:05,551] {taskinstance.py:1376} INFO - 
--------------------------------------------------------------------------------
[2023-12-10 19:32:05,567] {taskinstance.py:1377} INFO - Starting attempt 1 of 6
[2023-12-10 19:32:05,583] {taskinstance.py:1378} INFO - 
--------------------------------------------------------------------------------
[2023-12-10 19:32:05,792] {taskinstance.py:1397} INFO - Executing <Task(BashOperator): tercera_tarea> on 2022-09-28 00:00:00+00:00
[2023-12-10 19:32:05,814] {standard_task_runner.py:52} INFO - Started process 784 to run task
[2023-12-10 19:32:05,842] {standard_task_runner.py:79} INFO - Running: ['***', 'tasks', 'run', 'mi_primer_dag_v3', 'tercera_tarea', 'scheduled__2022-09-28T00:00:00+00:00', '--job-id', '178', '--raw', '--subdir', 'DAGS_FOLDER/primer_dag_v3.py', '--cfg-path', '/tmp/tmp8opm602i', '--error-file', '/tmp/tmpw_a1frjd']
[2023-12-10 19:32:05,878] {standard_task_runner.py:80} INFO - Job 178: Subtask tercera_tarea
[2023-12-10 19:32:06,543] {task_command.py:371} INFO - Running <TaskInstance: mi_primer_dag_v3.tercera_tarea scheduled__2022-09-28T00:00:00+00:00 [running]> on host 42828894a739
[2023-12-10 19:32:07,403] {taskinstance.py:1591} INFO - Exporting the following env vars:
AIRFLOW_CTX_DAG_OWNER=DavidBU
AIRFLOW_CTX_DAG_ID=mi_primer_dag_v3
AIRFLOW_CTX_TASK_ID=tercera_tarea
AIRFLOW_CTX_EXECUTION_DATE=2022-09-28T00:00:00+00:00
AIRFLOW_CTX_TRY_NUMBER=1
AIRFLOW_CTX_DAG_RUN_ID=scheduled__2022-09-28T00:00:00+00:00
[2023-12-10 19:32:07,421] {subprocess.py:62} INFO - Tmp dir root location: 
 /tmp
[2023-12-10 19:32:07,430] {subprocess.py:74} INFO - Running command: ['bash', '-c', 'echo hola, soy la tarea 3 y sere corrida luego de Tarea 1 al mismo tiempo que Tarea 2']
[2023-12-10 19:32:07,477] {subprocess.py:85} INFO - Output:
[2023-12-10 19:32:07,497] {subprocess.py:92} INFO - hola, soy la tarea 3 y sere corrida luego de Tarea 1 al mismo tiempo que Tarea 2
[2023-12-10 19:32:07,503] {subprocess.py:96} INFO - Command exited with return code 0
[2023-12-10 19:32:07,686] {taskinstance.py:1420} INFO - Marking task as SUCCESS. dag_id=mi_primer_dag_v3, task_id=tercera_tarea, execution_date=20220928T000000, start_date=20231210T193205, end_date=20231210T193207
[2023-12-10 19:32:07,981] {local_task_job.py:156} INFO - Task exited with return code 0
[2023-12-10 19:32:08,387] {local_task_job.py:273} INFO - 0 downstream tasks scheduled from follow-on schedule check
