[2023-12-10 19:34:10,979] {taskinstance.py:1179} INFO - Dependencies all met for <TaskInstance: mi_primer_dag_v3.primera_tarea scheduled__2022-11-15T00:00:00+00:00 [queued]>
[2023-12-10 19:34:11,101] {taskinstance.py:1179} INFO - Dependencies all met for <TaskInstance: mi_primer_dag_v3.primera_tarea scheduled__2022-11-15T00:00:00+00:00 [queued]>
[2023-12-10 19:34:11,107] {taskinstance.py:1376} INFO - 
--------------------------------------------------------------------------------
[2023-12-10 19:34:11,128] {taskinstance.py:1377} INFO - Starting attempt 1 of 6
[2023-12-10 19:34:11,146] {taskinstance.py:1378} INFO - 
--------------------------------------------------------------------------------
[2023-12-10 19:34:11,611] {taskinstance.py:1397} INFO - Executing <Task(BashOperator): primera_tarea> on 2022-11-15 00:00:00+00:00
[2023-12-10 19:34:11,634] {standard_task_runner.py:52} INFO - Started process 1229 to run task
[2023-12-10 19:34:11,671] {standard_task_runner.py:79} INFO - Running: ['***', 'tasks', 'run', 'mi_primer_dag_v3', 'primera_tarea', 'scheduled__2022-11-15T00:00:00+00:00', '--job-id', '308', '--raw', '--subdir', 'DAGS_FOLDER/primer_dag_v3.py', '--cfg-path', '/tmp/tmpx6fpxx67', '--error-file', '/tmp/tmpb0eo6oo0']
[2023-12-10 19:34:11,689] {standard_task_runner.py:80} INFO - Job 308: Subtask primera_tarea
[2023-12-10 19:34:12,949] {task_command.py:371} INFO - Running <TaskInstance: mi_primer_dag_v3.primera_tarea scheduled__2022-11-15T00:00:00+00:00 [running]> on host 42828894a739
[2023-12-10 19:34:15,007] {taskinstance.py:1591} INFO - Exporting the following env vars:
AIRFLOW_CTX_DAG_OWNER=DavidBU
AIRFLOW_CTX_DAG_ID=mi_primer_dag_v3
AIRFLOW_CTX_TASK_ID=primera_tarea
AIRFLOW_CTX_EXECUTION_DATE=2022-11-15T00:00:00+00:00
AIRFLOW_CTX_TRY_NUMBER=1
AIRFLOW_CTX_DAG_RUN_ID=scheduled__2022-11-15T00:00:00+00:00
[2023-12-10 19:34:15,086] {subprocess.py:62} INFO - Tmp dir root location: 
 /tmp
[2023-12-10 19:34:15,118] {subprocess.py:74} INFO - Running command: ['bash', '-c', 'echo hola mundo, esta es nuestra primera tarea!']
[2023-12-10 19:34:15,263] {subprocess.py:85} INFO - Output:
[2023-12-10 19:34:15,287] {subprocess.py:92} INFO - hola mundo, esta es nuestra primera tarea!
[2023-12-10 19:34:15,304] {subprocess.py:96} INFO - Command exited with return code 0
[2023-12-10 19:34:15,858] {taskinstance.py:1420} INFO - Marking task as SUCCESS. dag_id=mi_primer_dag_v3, task_id=primera_tarea, execution_date=20221115T000000, start_date=20231210T193410, end_date=20231210T193415
[2023-12-10 19:34:16,406] {local_task_job.py:156} INFO - Task exited with return code 0
[2023-12-10 19:34:18,268] {local_task_job.py:273} INFO - 0 downstream tasks scheduled from follow-on schedule check
