[2023-12-10 19:42:16,795] {taskinstance.py:1179} INFO - Dependencies all met for <TaskInstance: mi_primer_dag_v3.primera_tarea scheduled__2023-05-16T00:00:00+00:00 [queued]>
[2023-12-10 19:42:17,144] {taskinstance.py:1179} INFO - Dependencies all met for <TaskInstance: mi_primer_dag_v3.primera_tarea scheduled__2023-05-16T00:00:00+00:00 [queued]>
[2023-12-10 19:42:17,273] {taskinstance.py:1376} INFO - 
--------------------------------------------------------------------------------
[2023-12-10 19:42:17,405] {taskinstance.py:1377} INFO - Starting attempt 1 of 6
[2023-12-10 19:42:17,678] {taskinstance.py:1378} INFO - 
--------------------------------------------------------------------------------
[2023-12-10 19:42:18,132] {taskinstance.py:1397} INFO - Executing <Task(BashOperator): primera_tarea> on 2023-05-16 00:00:00+00:00
[2023-12-10 19:42:18,157] {standard_task_runner.py:52} INFO - Started process 3065 to run task
[2023-12-10 19:42:18,258] {standard_task_runner.py:79} INFO - Running: ['***', 'tasks', 'run', 'mi_primer_dag_v3', 'primera_tarea', 'scheduled__2023-05-16T00:00:00+00:00', '--job-id', '855', '--raw', '--subdir', 'DAGS_FOLDER/primer_dag_v3.py', '--cfg-path', '/tmp/tmpc342fd7a', '--error-file', '/tmp/tmpdx6i1fa5']
[2023-12-10 19:42:18,276] {standard_task_runner.py:80} INFO - Job 855: Subtask primera_tarea
[2023-12-10 19:42:20,311] {task_command.py:371} INFO - Running <TaskInstance: mi_primer_dag_v3.primera_tarea scheduled__2023-05-16T00:00:00+00:00 [running]> on host 42828894a739
[2023-12-10 19:42:22,111] {taskinstance.py:1591} INFO - Exporting the following env vars:
AIRFLOW_CTX_DAG_OWNER=DavidBU
AIRFLOW_CTX_DAG_ID=mi_primer_dag_v3
AIRFLOW_CTX_TASK_ID=primera_tarea
AIRFLOW_CTX_EXECUTION_DATE=2023-05-16T00:00:00+00:00
AIRFLOW_CTX_TRY_NUMBER=1
AIRFLOW_CTX_DAG_RUN_ID=scheduled__2023-05-16T00:00:00+00:00
[2023-12-10 19:42:22,124] {subprocess.py:62} INFO - Tmp dir root location: 
 /tmp
[2023-12-10 19:42:22,128] {subprocess.py:74} INFO - Running command: ['bash', '-c', 'echo hola mundo, esta es nuestra primera tarea!']
[2023-12-10 19:42:22,219] {subprocess.py:85} INFO - Output:
[2023-12-10 19:42:22,239] {subprocess.py:92} INFO - hola mundo, esta es nuestra primera tarea!
[2023-12-10 19:42:22,252] {subprocess.py:96} INFO - Command exited with return code 0
[2023-12-10 19:42:23,687] {taskinstance.py:1420} INFO - Marking task as SUCCESS. dag_id=mi_primer_dag_v3, task_id=primera_tarea, execution_date=20230516T000000, start_date=20231210T194216, end_date=20231210T194223
[2023-12-10 19:42:23,873] {local_task_job.py:156} INFO - Task exited with return code 0
[2023-12-10 19:42:24,292] {local_task_job.py:273} INFO - 2 downstream tasks scheduled from follow-on schedule check
