[2023-12-10 20:17:05,181] {taskinstance.py:1179} INFO - Dependencies all met for <TaskInstance: mi_primer_dag.primer_task scheduled__2023-02-12T00:00:00+00:00 [queued]>
[2023-12-10 20:17:05,446] {taskinstance.py:1179} INFO - Dependencies all met for <TaskInstance: mi_primer_dag.primer_task scheduled__2023-02-12T00:00:00+00:00 [queued]>
[2023-12-10 20:17:05,456] {taskinstance.py:1376} INFO - 
--------------------------------------------------------------------------------
[2023-12-10 20:17:05,463] {taskinstance.py:1377} INFO - Starting attempt 1 of 6
[2023-12-10 20:17:05,468] {taskinstance.py:1378} INFO - 
--------------------------------------------------------------------------------
[2023-12-10 20:17:06,077] {taskinstance.py:1397} INFO - Executing <Task(BashOperator): primer_task> on 2023-02-12 00:00:00+00:00
[2023-12-10 20:17:06,311] {standard_task_runner.py:52} INFO - Started process 202 to run task
[2023-12-10 20:17:06,528] {standard_task_runner.py:79} INFO - Running: ['***', 'tasks', 'run', 'mi_primer_dag', 'primer_task', 'scheduled__2023-02-12T00:00:00+00:00', '--job-id', '1685', '--raw', '--subdir', 'DAGS_FOLDER/mi_primer_dag.py', '--cfg-path', '/tmp/tmp56zgywmi', '--error-file', '/tmp/tmpmpjuy9xl']
[2023-12-10 20:17:06,588] {standard_task_runner.py:80} INFO - Job 1685: Subtask primer_task
[2023-12-10 20:17:09,442] {task_command.py:371} INFO - Running <TaskInstance: mi_primer_dag.primer_task scheduled__2023-02-12T00:00:00+00:00 [running]> on host 42828894a739
[2023-12-10 20:17:12,450] {taskinstance.py:1591} INFO - Exporting the following env vars:
AIRFLOW_CTX_DAG_OWNER=DavidBU
AIRFLOW_CTX_DAG_ID=mi_primer_dag
AIRFLOW_CTX_TASK_ID=primer_task
AIRFLOW_CTX_EXECUTION_DATE=2023-02-12T00:00:00+00:00
AIRFLOW_CTX_TRY_NUMBER=1
AIRFLOW_CTX_DAG_RUN_ID=scheduled__2023-02-12T00:00:00+00:00
[2023-12-10 20:17:12,467] {subprocess.py:62} INFO - Tmp dir root location: 
 /tmp
[2023-12-10 20:17:12,475] {subprocess.py:74} INFO - Running command: ['bash', '-c', 'echo hola mundo, esta es nuestra primera tarea usando bash operator!']
[2023-12-10 20:17:12,671] {subprocess.py:85} INFO - Output:
[2023-12-10 20:17:12,676] {subprocess.py:92} INFO - hola mundo, esta es nuestra primera tarea usando bash operator!
[2023-12-10 20:17:12,687] {subprocess.py:96} INFO - Command exited with return code 0
[2023-12-10 20:17:13,471] {taskinstance.py:1420} INFO - Marking task as SUCCESS. dag_id=mi_primer_dag, task_id=primer_task, execution_date=20230212T000000, start_date=20231210T201705, end_date=20231210T201713
[2023-12-10 20:17:13,878] {local_task_job.py:156} INFO - Task exited with return code 0
[2023-12-10 20:17:14,180] {local_task_job.py:273} INFO - 0 downstream tasks scheduled from follow-on schedule check
