[2023-12-21 03:23:36,365] {taskinstance.py:1179} INFO - Dependencies all met for <TaskInstance: mi_primer_dag_v4.segunda_tarea scheduled__2023-12-19T00:00:00+00:00 [queued]>
[2023-12-21 03:23:36,567] {taskinstance.py:1179} INFO - Dependencies all met for <TaskInstance: mi_primer_dag_v4.segunda_tarea scheduled__2023-12-19T00:00:00+00:00 [queued]>
[2023-12-21 03:23:36,582] {taskinstance.py:1376} INFO - 
--------------------------------------------------------------------------------
[2023-12-21 03:23:36,596] {taskinstance.py:1377} INFO - Starting attempt 1 of 6
[2023-12-21 03:23:36,615] {taskinstance.py:1378} INFO - 
--------------------------------------------------------------------------------
[2023-12-21 03:23:36,883] {taskinstance.py:1397} INFO - Executing <Task(BashOperator): segunda_tarea> on 2023-12-19 00:00:00+00:00
[2023-12-21 03:23:36,946] {standard_task_runner.py:52} INFO - Started process 365 to run task
[2023-12-21 03:23:36,969] {standard_task_runner.py:79} INFO - Running: ['***', 'tasks', 'run', 'mi_primer_dag_v4', 'segunda_tarea', 'scheduled__2023-12-19T00:00:00+00:00', '--job-id', '181', '--raw', '--subdir', 'DAGS_FOLDER/primer_dag.py', '--cfg-path', '/tmp/tmpocgl3bri', '--error-file', '/tmp/tmp256d_llw']
[2023-12-21 03:23:37,001] {standard_task_runner.py:80} INFO - Job 181: Subtask segunda_tarea
[2023-12-21 03:23:38,942] {task_command.py:371} INFO - Running <TaskInstance: mi_primer_dag_v4.segunda_tarea scheduled__2023-12-19T00:00:00+00:00 [running]> on host b0993ec57291
[2023-12-21 03:23:40,778] {taskinstance.py:1591} INFO - Exporting the following env vars:
AIRFLOW_CTX_DAG_OWNER=DavidBU
AIRFLOW_CTX_DAG_ID=mi_primer_dag_v4
AIRFLOW_CTX_TASK_ID=segunda_tarea
AIRFLOW_CTX_EXECUTION_DATE=2023-12-19T00:00:00+00:00
AIRFLOW_CTX_TRY_NUMBER=1
AIRFLOW_CTX_DAG_RUN_ID=scheduled__2023-12-19T00:00:00+00:00
[2023-12-21 03:23:40,787] {subprocess.py:62} INFO - Tmp dir root location: 
 /tmp
[2023-12-21 03:23:40,791] {subprocess.py:74} INFO - Running command: ['bash', '-c', 'echo David']
[2023-12-21 03:23:40,817] {subprocess.py:85} INFO - Output:
[2023-12-21 03:23:40,920] {subprocess.py:92} INFO - David
[2023-12-21 03:23:40,924] {subprocess.py:96} INFO - Command exited with return code 0
[2023-12-21 03:23:56,915] {taskinstance.py:1420} INFO - Marking task as SUCCESS. dag_id=mi_primer_dag_v4, task_id=segunda_tarea, execution_date=20231219T000000, start_date=20231221T032336, end_date=20231221T032356
[2023-12-21 03:23:57,154] {local_task_job.py:156} INFO - Task exited with return code 0
[2023-12-21 03:23:58,653] {local_task_job.py:273} INFO - 1 downstream tasks scheduled from follow-on schedule check
