[2023-12-12 02:20:04,491] {processor.py:153} INFO - Started process (PID=169) to work on /opt/airflow/dags/ETL_Entregable3_Chumbita.py
[2023-12-12 02:20:04,493] {processor.py:641} INFO - Processing file /opt/airflow/dags/ETL_Entregable3_Chumbita.py for tasks to queue
[2023-12-12 02:20:04,496] {logging_mixin.py:115} INFO - [2023-12-12 02:20:04,496] {dagbag.py:508} INFO - Filling up the DagBag from /opt/airflow/dags/ETL_Entregable3_Chumbita.py
[2023-12-12 02:20:12,325] {processor.py:651} INFO - DAG(s) dict_keys(['Entregable3_Chumbita']) retrieved from /opt/airflow/dags/ETL_Entregable3_Chumbita.py
[2023-12-12 02:20:31,772] {logging_mixin.py:115} INFO - [2023-12-12 02:20:31,772] {manager.py:508} INFO - Created Permission View: can edit on DAG:Entregable3_Chumbita
[2023-12-12 02:20:31,890] {logging_mixin.py:115} INFO - [2023-12-12 02:20:31,890] {manager.py:508} INFO - Created Permission View: can delete on DAG:Entregable3_Chumbita
[2023-12-12 02:20:32,054] {logging_mixin.py:115} INFO - [2023-12-12 02:20:32,054] {manager.py:508} INFO - Created Permission View: can read on DAG:Entregable3_Chumbita
[2023-12-12 02:20:32,063] {logging_mixin.py:115} INFO - [2023-12-12 02:20:32,061] {dag.py:2420} INFO - Sync 1 DAGs
[2023-12-12 02:20:32,151] {logging_mixin.py:115} INFO - [2023-12-12 02:20:32,150] {dag.py:2439} INFO - Creating ORM DAG for Entregable3_Chumbita
[2023-12-12 02:20:32,231] {logging_mixin.py:115} INFO - [2023-12-12 02:20:32,231] {dag.py:2972} INFO - Setting next_dagrun for Entregable3_Chumbita to 2023-12-11T00:00:00+00:00, run_after=2023-12-12T00:00:00+00:00
[2023-12-12 02:20:32,467] {processor.py:161} INFO - Processing /opt/airflow/dags/ETL_Entregable3_Chumbita.py took 28.005 seconds
[2023-12-12 02:20:43,396] {processor.py:153} INFO - Started process (PID=175) to work on /opt/airflow/dags/ETL_Entregable3_Chumbita.py
[2023-12-12 02:20:43,401] {processor.py:641} INFO - Processing file /opt/airflow/dags/ETL_Entregable3_Chumbita.py for tasks to queue
[2023-12-12 02:20:43,429] {logging_mixin.py:115} INFO - [2023-12-12 02:20:43,428] {dagbag.py:508} INFO - Filling up the DagBag from /opt/airflow/dags/ETL_Entregable3_Chumbita.py
[2023-12-12 02:20:53,594] {processor.py:651} INFO - DAG(s) dict_keys(['Entregable3_Chumbita']) retrieved from /opt/airflow/dags/ETL_Entregable3_Chumbita.py
[2023-12-12 02:20:55,298] {logging_mixin.py:115} INFO - [2023-12-12 02:20:55,294] {dag.py:2420} INFO - Sync 1 DAGs
[2023-12-12 02:20:55,587] {logging_mixin.py:115} INFO - [2023-12-12 02:20:55,587] {dag.py:2972} INFO - Setting next_dagrun for Entregable3_Chumbita to 2023-12-11T00:00:00+00:00, run_after=2023-12-12T00:00:00+00:00
[2023-12-12 02:20:55,655] {processor.py:161} INFO - Processing /opt/airflow/dags/ETL_Entregable3_Chumbita.py took 12.342 seconds
[2023-12-12 02:21:06,467] {processor.py:153} INFO - Started process (PID=181) to work on /opt/airflow/dags/ETL_Entregable3_Chumbita.py
[2023-12-12 02:21:06,483] {processor.py:641} INFO - Processing file /opt/airflow/dags/ETL_Entregable3_Chumbita.py for tasks to queue
[2023-12-12 02:21:06,501] {logging_mixin.py:115} INFO - [2023-12-12 02:21:06,501] {dagbag.py:508} INFO - Filling up the DagBag from /opt/airflow/dags/ETL_Entregable3_Chumbita.py
[2023-12-12 02:22:05,823] {processor.py:153} INFO - Started process (PID=185) to work on /opt/airflow/dags/ETL_Entregable3_Chumbita.py
[2023-12-12 02:22:05,841] {processor.py:641} INFO - Processing file /opt/airflow/dags/ETL_Entregable3_Chumbita.py for tasks to queue
[2023-12-12 02:22:05,856] {logging_mixin.py:115} INFO - [2023-12-12 02:22:05,856] {dagbag.py:508} INFO - Filling up the DagBag from /opt/airflow/dags/ETL_Entregable3_Chumbita.py
[2023-12-12 02:22:19,421] {processor.py:651} INFO - DAG(s) dict_keys(['Entregable3_Chumbita']) retrieved from /opt/airflow/dags/ETL_Entregable3_Chumbita.py
[2023-12-12 02:22:19,655] {logging_mixin.py:115} INFO - [2023-12-12 02:22:19,647] {dag.py:2420} INFO - Sync 1 DAGs
[2023-12-12 02:22:19,889] {logging_mixin.py:115} INFO - [2023-12-12 02:22:19,889] {dag.py:2972} INFO - Setting next_dagrun for Entregable3_Chumbita to 2023-12-11T00:00:00+00:00, run_after=2023-12-12T00:00:00+00:00
[2023-12-12 02:22:20,068] {processor.py:161} INFO - Processing /opt/airflow/dags/ETL_Entregable3_Chumbita.py took 14.537 seconds
[2023-12-12 02:22:30,575] {processor.py:153} INFO - Started process (PID=191) to work on /opt/airflow/dags/ETL_Entregable3_Chumbita.py
[2023-12-12 02:22:30,593] {processor.py:641} INFO - Processing file /opt/airflow/dags/ETL_Entregable3_Chumbita.py for tasks to queue
[2023-12-12 02:22:30,597] {logging_mixin.py:115} INFO - [2023-12-12 02:22:30,596] {dagbag.py:508} INFO - Filling up the DagBag from /opt/airflow/dags/ETL_Entregable3_Chumbita.py
[2023-12-12 02:22:35,759] {processor.py:651} INFO - DAG(s) dict_keys(['Entregable3_Chumbita']) retrieved from /opt/airflow/dags/ETL_Entregable3_Chumbita.py
[2023-12-12 02:22:35,945] {logging_mixin.py:115} INFO - [2023-12-12 02:22:35,913] {dag.py:2420} INFO - Sync 1 DAGs
[2023-12-12 02:22:36,428] {logging_mixin.py:115} INFO - [2023-12-12 02:22:36,428] {dag.py:2972} INFO - Setting next_dagrun for Entregable3_Chumbita to 2023-12-12T00:00:00+00:00, run_after=2023-12-13T00:00:00+00:00
[2023-12-12 02:22:36,569] {processor.py:161} INFO - Processing /opt/airflow/dags/ETL_Entregable3_Chumbita.py took 5.878 seconds
[2023-12-12 02:22:47,403] {processor.py:153} INFO - Started process (PID=199) to work on /opt/airflow/dags/ETL_Entregable3_Chumbita.py
[2023-12-12 02:22:47,406] {processor.py:641} INFO - Processing file /opt/airflow/dags/ETL_Entregable3_Chumbita.py for tasks to queue
[2023-12-12 02:22:47,412] {logging_mixin.py:115} INFO - [2023-12-12 02:22:47,411] {dagbag.py:508} INFO - Filling up the DagBag from /opt/airflow/dags/ETL_Entregable3_Chumbita.py
[2023-12-12 02:22:56,982] {processor.py:651} INFO - DAG(s) dict_keys(['Entregable3_Chumbita']) retrieved from /opt/airflow/dags/ETL_Entregable3_Chumbita.py
[2023-12-12 02:22:57,288] {logging_mixin.py:115} INFO - [2023-12-12 02:22:57,277] {dag.py:2420} INFO - Sync 1 DAGs
[2023-12-12 02:22:57,596] {logging_mixin.py:115} INFO - [2023-12-12 02:22:57,596] {dag.py:2972} INFO - Setting next_dagrun for Entregable3_Chumbita to 2023-12-12T00:00:00+00:00, run_after=2023-12-13T00:00:00+00:00
[2023-12-12 02:22:57,757] {processor.py:161} INFO - Processing /opt/airflow/dags/ETL_Entregable3_Chumbita.py took 10.480 seconds
[2023-12-12 02:23:08,403] {processor.py:153} INFO - Started process (PID=209) to work on /opt/airflow/dags/ETL_Entregable3_Chumbita.py
[2023-12-12 02:23:08,406] {processor.py:641} INFO - Processing file /opt/airflow/dags/ETL_Entregable3_Chumbita.py for tasks to queue
[2023-12-12 02:23:08,410] {logging_mixin.py:115} INFO - [2023-12-12 02:23:08,410] {dagbag.py:508} INFO - Filling up the DagBag from /opt/airflow/dags/ETL_Entregable3_Chumbita.py
[2023-12-12 02:23:12,664] {processor.py:651} INFO - DAG(s) dict_keys(['Entregable3_Chumbita']) retrieved from /opt/airflow/dags/ETL_Entregable3_Chumbita.py
[2023-12-12 02:23:12,900] {logging_mixin.py:115} INFO - [2023-12-12 02:23:12,898] {dag.py:2420} INFO - Sync 1 DAGs
[2023-12-12 02:23:13,301] {logging_mixin.py:115} INFO - [2023-12-12 02:23:13,297] {dag.py:2972} INFO - Setting next_dagrun for Entregable3_Chumbita to 2023-12-12T00:00:00+00:00, run_after=2023-12-13T00:00:00+00:00
[2023-12-12 02:23:13,434] {processor.py:161} INFO - Processing /opt/airflow/dags/ETL_Entregable3_Chumbita.py took 5.099 seconds
[2023-12-12 02:23:23,973] {processor.py:153} INFO - Started process (PID=220) to work on /opt/airflow/dags/ETL_Entregable3_Chumbita.py
[2023-12-12 02:23:23,988] {processor.py:641} INFO - Processing file /opt/airflow/dags/ETL_Entregable3_Chumbita.py for tasks to queue
[2023-12-12 02:23:23,998] {logging_mixin.py:115} INFO - [2023-12-12 02:23:23,997] {dagbag.py:508} INFO - Filling up the DagBag from /opt/airflow/dags/ETL_Entregable3_Chumbita.py
[2023-12-12 02:23:48,052] {processor.py:651} INFO - DAG(s) dict_keys(['Entregable3_Chumbita']) retrieved from /opt/airflow/dags/ETL_Entregable3_Chumbita.py
[2023-12-12 02:23:50,494] {logging_mixin.py:115} INFO - [2023-12-12 02:23:50,413] {dag.py:2420} INFO - Sync 1 DAGs
[2023-12-12 02:23:50,987] {logging_mixin.py:115} INFO - [2023-12-12 02:23:50,987] {dag.py:2972} INFO - Setting next_dagrun for Entregable3_Chumbita to 2023-12-12T00:00:00+00:00, run_after=2023-12-13T00:00:00+00:00
[2023-12-12 02:23:51,247] {processor.py:161} INFO - Processing /opt/airflow/dags/ETL_Entregable3_Chumbita.py took 27.483 seconds
[2023-12-12 02:24:02,616] {processor.py:153} INFO - Started process (PID=227) to work on /opt/airflow/dags/ETL_Entregable3_Chumbita.py
[2023-12-12 02:24:03,010] {processor.py:641} INFO - Processing file /opt/airflow/dags/ETL_Entregable3_Chumbita.py for tasks to queue
[2023-12-12 02:24:03,018] {logging_mixin.py:115} INFO - [2023-12-12 02:24:03,018] {dagbag.py:508} INFO - Filling up the DagBag from /opt/airflow/dags/ETL_Entregable3_Chumbita.py
[2023-12-12 02:24:07,958] {processor.py:651} INFO - DAG(s) dict_keys(['Entregable3_Chumbita']) retrieved from /opt/airflow/dags/ETL_Entregable3_Chumbita.py
[2023-12-12 02:24:08,080] {logging_mixin.py:115} INFO - [2023-12-12 02:24:08,078] {dag.py:2420} INFO - Sync 1 DAGs
[2023-12-12 02:24:08,234] {logging_mixin.py:115} INFO - [2023-12-12 02:24:08,233] {dag.py:2972} INFO - Setting next_dagrun for Entregable3_Chumbita to 2023-12-12T00:00:00+00:00, run_after=2023-12-13T00:00:00+00:00
[2023-12-12 02:24:08,332] {processor.py:161} INFO - Processing /opt/airflow/dags/ETL_Entregable3_Chumbita.py took 6.056 seconds
[2023-12-12 02:24:18,820] {processor.py:153} INFO - Started process (PID=235) to work on /opt/airflow/dags/ETL_Entregable3_Chumbita.py
[2023-12-12 02:24:18,835] {processor.py:641} INFO - Processing file /opt/airflow/dags/ETL_Entregable3_Chumbita.py for tasks to queue
[2023-12-12 02:24:18,854] {logging_mixin.py:115} INFO - [2023-12-12 02:24:18,853] {dagbag.py:508} INFO - Filling up the DagBag from /opt/airflow/dags/ETL_Entregable3_Chumbita.py
[2023-12-12 02:24:22,341] {processor.py:651} INFO - DAG(s) dict_keys(['Entregable3_Chumbita']) retrieved from /opt/airflow/dags/ETL_Entregable3_Chumbita.py
[2023-12-12 02:24:22,531] {logging_mixin.py:115} INFO - [2023-12-12 02:24:22,530] {dag.py:2420} INFO - Sync 1 DAGs
[2023-12-12 02:24:22,765] {logging_mixin.py:115} INFO - [2023-12-12 02:24:22,765] {dag.py:2972} INFO - Setting next_dagrun for Entregable3_Chumbita to 2023-12-12T00:00:00+00:00, run_after=2023-12-13T00:00:00+00:00
[2023-12-12 02:24:22,913] {processor.py:161} INFO - Processing /opt/airflow/dags/ETL_Entregable3_Chumbita.py took 4.117 seconds
[2023-12-12 02:24:33,116] {processor.py:153} INFO - Started process (PID=251) to work on /opt/airflow/dags/ETL_Entregable3_Chumbita.py
[2023-12-12 02:24:33,117] {processor.py:641} INFO - Processing file /opt/airflow/dags/ETL_Entregable3_Chumbita.py for tasks to queue
[2023-12-12 02:24:33,118] {logging_mixin.py:115} INFO - [2023-12-12 02:24:33,118] {dagbag.py:508} INFO - Filling up the DagBag from /opt/airflow/dags/ETL_Entregable3_Chumbita.py
[2023-12-12 02:24:34,517] {processor.py:651} INFO - DAG(s) dict_keys(['Entregable3_Chumbita']) retrieved from /opt/airflow/dags/ETL_Entregable3_Chumbita.py
[2023-12-12 02:24:34,546] {logging_mixin.py:115} INFO - [2023-12-12 02:24:34,546] {dag.py:2420} INFO - Sync 1 DAGs
[2023-12-12 02:24:34,578] {logging_mixin.py:115} INFO - [2023-12-12 02:24:34,578] {dag.py:2972} INFO - Setting next_dagrun for Entregable3_Chumbita to 2023-12-12T00:00:00+00:00, run_after=2023-12-13T00:00:00+00:00
[2023-12-12 02:24:34,624] {processor.py:161} INFO - Processing /opt/airflow/dags/ETL_Entregable3_Chumbita.py took 1.515 seconds
[2023-12-12 02:24:44,743] {processor.py:153} INFO - Started process (PID=257) to work on /opt/airflow/dags/ETL_Entregable3_Chumbita.py
[2023-12-12 02:24:44,744] {processor.py:641} INFO - Processing file /opt/airflow/dags/ETL_Entregable3_Chumbita.py for tasks to queue
[2023-12-12 02:24:44,746] {logging_mixin.py:115} INFO - [2023-12-12 02:24:44,745] {dagbag.py:508} INFO - Filling up the DagBag from /opt/airflow/dags/ETL_Entregable3_Chumbita.py
[2023-12-12 02:24:45,430] {processor.py:651} INFO - DAG(s) dict_keys(['Entregable3_Chumbita']) retrieved from /opt/airflow/dags/ETL_Entregable3_Chumbita.py
[2023-12-12 02:24:45,483] {logging_mixin.py:115} INFO - [2023-12-12 02:24:45,482] {dag.py:2420} INFO - Sync 1 DAGs
[2023-12-12 02:24:45,527] {logging_mixin.py:115} INFO - [2023-12-12 02:24:45,526] {dag.py:2972} INFO - Setting next_dagrun for Entregable3_Chumbita to 2023-12-12T00:00:00+00:00, run_after=2023-12-13T00:00:00+00:00
[2023-12-12 02:24:45,610] {processor.py:161} INFO - Processing /opt/airflow/dags/ETL_Entregable3_Chumbita.py took 0.873 seconds
[2023-12-12 02:24:55,891] {processor.py:153} INFO - Started process (PID=263) to work on /opt/airflow/dags/ETL_Entregable3_Chumbita.py
[2023-12-12 02:24:55,903] {processor.py:641} INFO - Processing file /opt/airflow/dags/ETL_Entregable3_Chumbita.py for tasks to queue
[2023-12-12 02:24:55,907] {logging_mixin.py:115} INFO - [2023-12-12 02:24:55,906] {dagbag.py:508} INFO - Filling up the DagBag from /opt/airflow/dags/ETL_Entregable3_Chumbita.py
[2023-12-12 02:24:58,409] {processor.py:651} INFO - DAG(s) dict_keys(['Entregable3_Chumbita']) retrieved from /opt/airflow/dags/ETL_Entregable3_Chumbita.py
[2023-12-12 02:24:58,496] {logging_mixin.py:115} INFO - [2023-12-12 02:24:58,494] {dag.py:2420} INFO - Sync 1 DAGs
[2023-12-12 02:24:58,568] {logging_mixin.py:115} INFO - [2023-12-12 02:24:58,568] {dag.py:2972} INFO - Setting next_dagrun for Entregable3_Chumbita to 2023-12-12T00:00:00+00:00, run_after=2023-12-13T00:00:00+00:00
[2023-12-12 02:24:58,619] {processor.py:161} INFO - Processing /opt/airflow/dags/ETL_Entregable3_Chumbita.py took 2.733 seconds
[2023-12-12 02:25:08,787] {processor.py:153} INFO - Started process (PID=272) to work on /opt/airflow/dags/ETL_Entregable3_Chumbita.py
[2023-12-12 02:25:08,789] {processor.py:641} INFO - Processing file /opt/airflow/dags/ETL_Entregable3_Chumbita.py for tasks to queue
[2023-12-12 02:25:08,792] {logging_mixin.py:115} INFO - [2023-12-12 02:25:08,791] {dagbag.py:508} INFO - Filling up the DagBag from /opt/airflow/dags/ETL_Entregable3_Chumbita.py
[2023-12-12 02:25:09,687] {processor.py:651} INFO - DAG(s) dict_keys(['Entregable3_Chumbita']) retrieved from /opt/airflow/dags/ETL_Entregable3_Chumbita.py
[2023-12-12 02:25:09,763] {logging_mixin.py:115} INFO - [2023-12-12 02:25:09,762] {dag.py:2420} INFO - Sync 1 DAGs
[2023-12-12 02:25:09,836] {logging_mixin.py:115} INFO - [2023-12-12 02:25:09,836] {dag.py:2972} INFO - Setting next_dagrun for Entregable3_Chumbita to 2023-12-12T00:00:00+00:00, run_after=2023-12-13T00:00:00+00:00
[2023-12-12 02:25:09,872] {processor.py:161} INFO - Processing /opt/airflow/dags/ETL_Entregable3_Chumbita.py took 1.099 seconds
[2023-12-12 02:25:19,993] {processor.py:153} INFO - Started process (PID=287) to work on /opt/airflow/dags/ETL_Entregable3_Chumbita.py
[2023-12-12 02:25:19,994] {processor.py:641} INFO - Processing file /opt/airflow/dags/ETL_Entregable3_Chumbita.py for tasks to queue
[2023-12-12 02:25:19,997] {logging_mixin.py:115} INFO - [2023-12-12 02:25:19,996] {dagbag.py:508} INFO - Filling up the DagBag from /opt/airflow/dags/ETL_Entregable3_Chumbita.py
[2023-12-12 02:25:20,703] {processor.py:651} INFO - DAG(s) dict_keys(['Entregable3_Chumbita']) retrieved from /opt/airflow/dags/ETL_Entregable3_Chumbita.py
[2023-12-12 02:25:20,735] {logging_mixin.py:115} INFO - [2023-12-12 02:25:20,735] {dag.py:2420} INFO - Sync 1 DAGs
[2023-12-12 02:25:20,773] {logging_mixin.py:115} INFO - [2023-12-12 02:25:20,772] {dag.py:2972} INFO - Setting next_dagrun for Entregable3_Chumbita to 2023-12-12T00:00:00+00:00, run_after=2023-12-13T00:00:00+00:00
[2023-12-12 02:25:20,798] {processor.py:161} INFO - Processing /opt/airflow/dags/ETL_Entregable3_Chumbita.py took 0.812 seconds
[2023-12-12 02:25:30,894] {processor.py:153} INFO - Started process (PID=293) to work on /opt/airflow/dags/ETL_Entregable3_Chumbita.py
[2023-12-12 02:25:30,896] {processor.py:641} INFO - Processing file /opt/airflow/dags/ETL_Entregable3_Chumbita.py for tasks to queue
[2023-12-12 02:25:30,899] {logging_mixin.py:115} INFO - [2023-12-12 02:25:30,899] {dagbag.py:508} INFO - Filling up the DagBag from /opt/airflow/dags/ETL_Entregable3_Chumbita.py
[2023-12-12 02:25:31,512] {processor.py:651} INFO - DAG(s) dict_keys(['Entregable3_Chumbita']) retrieved from /opt/airflow/dags/ETL_Entregable3_Chumbita.py
[2023-12-12 02:25:31,544] {logging_mixin.py:115} INFO - [2023-12-12 02:25:31,543] {dag.py:2420} INFO - Sync 1 DAGs
[2023-12-12 02:25:31,578] {logging_mixin.py:115} INFO - [2023-12-12 02:25:31,578] {dag.py:2972} INFO - Setting next_dagrun for Entregable3_Chumbita to 2023-12-12T00:00:00+00:00, run_after=2023-12-13T00:00:00+00:00
[2023-12-12 02:25:31,609] {processor.py:161} INFO - Processing /opt/airflow/dags/ETL_Entregable3_Chumbita.py took 0.719 seconds
[2023-12-12 02:25:41,735] {processor.py:153} INFO - Started process (PID=299) to work on /opt/airflow/dags/ETL_Entregable3_Chumbita.py
[2023-12-12 02:25:41,737] {processor.py:641} INFO - Processing file /opt/airflow/dags/ETL_Entregable3_Chumbita.py for tasks to queue
[2023-12-12 02:25:41,741] {logging_mixin.py:115} INFO - [2023-12-12 02:25:41,741] {dagbag.py:508} INFO - Filling up the DagBag from /opt/airflow/dags/ETL_Entregable3_Chumbita.py
[2023-12-12 02:25:42,390] {processor.py:651} INFO - DAG(s) dict_keys(['Entregable3_Chumbita']) retrieved from /opt/airflow/dags/ETL_Entregable3_Chumbita.py
[2023-12-12 02:25:42,441] {logging_mixin.py:115} INFO - [2023-12-12 02:25:42,440] {dag.py:2420} INFO - Sync 1 DAGs
[2023-12-12 02:25:42,486] {logging_mixin.py:115} INFO - [2023-12-12 02:25:42,486] {dag.py:2972} INFO - Setting next_dagrun for Entregable3_Chumbita to 2023-12-12T00:00:00+00:00, run_after=2023-12-13T00:00:00+00:00
[2023-12-12 02:25:42,813] {processor.py:161} INFO - Processing /opt/airflow/dags/ETL_Entregable3_Chumbita.py took 1.083 seconds
[2023-12-12 02:25:53,086] {processor.py:153} INFO - Started process (PID=305) to work on /opt/airflow/dags/ETL_Entregable3_Chumbita.py
[2023-12-12 02:25:53,087] {processor.py:641} INFO - Processing file /opt/airflow/dags/ETL_Entregable3_Chumbita.py for tasks to queue
[2023-12-12 02:25:53,090] {logging_mixin.py:115} INFO - [2023-12-12 02:25:53,089] {dagbag.py:508} INFO - Filling up the DagBag from /opt/airflow/dags/ETL_Entregable3_Chumbita.py
[2023-12-12 02:25:53,627] {processor.py:651} INFO - DAG(s) dict_keys(['Entregable3_Chumbita']) retrieved from /opt/airflow/dags/ETL_Entregable3_Chumbita.py
[2023-12-12 02:25:53,665] {logging_mixin.py:115} INFO - [2023-12-12 02:25:53,665] {dag.py:2420} INFO - Sync 1 DAGs
[2023-12-12 02:25:53,693] {logging_mixin.py:115} INFO - [2023-12-12 02:25:53,693] {dag.py:2972} INFO - Setting next_dagrun for Entregable3_Chumbita to 2023-12-12T00:00:00+00:00, run_after=2023-12-13T00:00:00+00:00
[2023-12-12 02:25:53,739] {processor.py:161} INFO - Processing /opt/airflow/dags/ETL_Entregable3_Chumbita.py took 0.658 seconds
[2023-12-12 02:26:03,953] {processor.py:153} INFO - Started process (PID=311) to work on /opt/airflow/dags/ETL_Entregable3_Chumbita.py
[2023-12-12 02:26:03,955] {processor.py:641} INFO - Processing file /opt/airflow/dags/ETL_Entregable3_Chumbita.py for tasks to queue
[2023-12-12 02:26:03,957] {logging_mixin.py:115} INFO - [2023-12-12 02:26:03,957] {dagbag.py:508} INFO - Filling up the DagBag from /opt/airflow/dags/ETL_Entregable3_Chumbita.py
[2023-12-12 02:26:05,146] {processor.py:651} INFO - DAG(s) dict_keys(['Entregable3_Chumbita']) retrieved from /opt/airflow/dags/ETL_Entregable3_Chumbita.py
[2023-12-12 02:26:05,180] {logging_mixin.py:115} INFO - [2023-12-12 02:26:05,179] {dag.py:2420} INFO - Sync 1 DAGs
[2023-12-12 02:26:05,215] {logging_mixin.py:115} INFO - [2023-12-12 02:26:05,215] {dag.py:2972} INFO - Setting next_dagrun for Entregable3_Chumbita to 2023-12-12T00:00:00+00:00, run_after=2023-12-13T00:00:00+00:00
[2023-12-12 02:26:05,279] {processor.py:161} INFO - Processing /opt/airflow/dags/ETL_Entregable3_Chumbita.py took 1.332 seconds
[2023-12-12 02:26:15,397] {processor.py:153} INFO - Started process (PID=317) to work on /opt/airflow/dags/ETL_Entregable3_Chumbita.py
[2023-12-12 02:26:15,398] {processor.py:641} INFO - Processing file /opt/airflow/dags/ETL_Entregable3_Chumbita.py for tasks to queue
[2023-12-12 02:26:15,400] {logging_mixin.py:115} INFO - [2023-12-12 02:26:15,400] {dagbag.py:508} INFO - Filling up the DagBag from /opt/airflow/dags/ETL_Entregable3_Chumbita.py
[2023-12-12 02:26:16,091] {processor.py:651} INFO - DAG(s) dict_keys(['Entregable3_Chumbita']) retrieved from /opt/airflow/dags/ETL_Entregable3_Chumbita.py
[2023-12-12 02:26:16,123] {logging_mixin.py:115} INFO - [2023-12-12 02:26:16,122] {dag.py:2420} INFO - Sync 1 DAGs
[2023-12-12 02:26:16,158] {logging_mixin.py:115} INFO - [2023-12-12 02:26:16,158] {dag.py:2972} INFO - Setting next_dagrun for Entregable3_Chumbita to 2023-12-12T00:00:00+00:00, run_after=2023-12-13T00:00:00+00:00
[2023-12-12 02:26:16,192] {processor.py:161} INFO - Processing /opt/airflow/dags/ETL_Entregable3_Chumbita.py took 0.801 seconds
[2023-12-12 02:26:26,301] {processor.py:153} INFO - Started process (PID=323) to work on /opt/airflow/dags/ETL_Entregable3_Chumbita.py
[2023-12-12 02:26:26,302] {processor.py:641} INFO - Processing file /opt/airflow/dags/ETL_Entregable3_Chumbita.py for tasks to queue
[2023-12-12 02:26:26,303] {logging_mixin.py:115} INFO - [2023-12-12 02:26:26,303] {dagbag.py:508} INFO - Filling up the DagBag from /opt/airflow/dags/ETL_Entregable3_Chumbita.py
[2023-12-12 02:26:27,069] {processor.py:651} INFO - DAG(s) dict_keys(['Entregable3_Chumbita']) retrieved from /opt/airflow/dags/ETL_Entregable3_Chumbita.py
[2023-12-12 02:26:27,104] {logging_mixin.py:115} INFO - [2023-12-12 02:26:27,103] {dag.py:2420} INFO - Sync 1 DAGs
[2023-12-12 02:26:27,141] {logging_mixin.py:115} INFO - [2023-12-12 02:26:27,141] {dag.py:2972} INFO - Setting next_dagrun for Entregable3_Chumbita to 2023-12-12T00:00:00+00:00, run_after=2023-12-13T00:00:00+00:00
[2023-12-12 02:26:27,175] {processor.py:161} INFO - Processing /opt/airflow/dags/ETL_Entregable3_Chumbita.py took 0.881 seconds
[2023-12-12 02:26:37,285] {processor.py:153} INFO - Started process (PID=329) to work on /opt/airflow/dags/ETL_Entregable3_Chumbita.py
[2023-12-12 02:26:37,286] {processor.py:641} INFO - Processing file /opt/airflow/dags/ETL_Entregable3_Chumbita.py for tasks to queue
[2023-12-12 02:26:37,288] {logging_mixin.py:115} INFO - [2023-12-12 02:26:37,288] {dagbag.py:508} INFO - Filling up the DagBag from /opt/airflow/dags/ETL_Entregable3_Chumbita.py
[2023-12-12 02:26:37,906] {processor.py:651} INFO - DAG(s) dict_keys(['Entregable3_Chumbita']) retrieved from /opt/airflow/dags/ETL_Entregable3_Chumbita.py
[2023-12-12 02:26:37,933] {logging_mixin.py:115} INFO - [2023-12-12 02:26:37,933] {dag.py:2420} INFO - Sync 1 DAGs
[2023-12-12 02:26:37,963] {logging_mixin.py:115} INFO - [2023-12-12 02:26:37,962] {dag.py:2972} INFO - Setting next_dagrun for Entregable3_Chumbita to 2023-12-12T00:00:00+00:00, run_after=2023-12-13T00:00:00+00:00
[2023-12-12 02:26:38,083] {processor.py:161} INFO - Processing /opt/airflow/dags/ETL_Entregable3_Chumbita.py took 0.804 seconds
[2023-12-12 02:26:48,237] {processor.py:153} INFO - Started process (PID=335) to work on /opt/airflow/dags/ETL_Entregable3_Chumbita.py
[2023-12-12 02:26:48,239] {processor.py:641} INFO - Processing file /opt/airflow/dags/ETL_Entregable3_Chumbita.py for tasks to queue
[2023-12-12 02:26:48,241] {logging_mixin.py:115} INFO - [2023-12-12 02:26:48,240] {dagbag.py:508} INFO - Filling up the DagBag from /opt/airflow/dags/ETL_Entregable3_Chumbita.py
[2023-12-12 02:26:48,868] {processor.py:651} INFO - DAG(s) dict_keys(['Entregable3_Chumbita']) retrieved from /opt/airflow/dags/ETL_Entregable3_Chumbita.py
[2023-12-12 02:26:48,900] {logging_mixin.py:115} INFO - [2023-12-12 02:26:48,899] {dag.py:2420} INFO - Sync 1 DAGs
[2023-12-12 02:26:48,939] {logging_mixin.py:115} INFO - [2023-12-12 02:26:48,939] {dag.py:2972} INFO - Setting next_dagrun for Entregable3_Chumbita to 2023-12-12T00:00:00+00:00, run_after=2023-12-13T00:00:00+00:00
[2023-12-12 02:26:48,985] {processor.py:161} INFO - Processing /opt/airflow/dags/ETL_Entregable3_Chumbita.py took 0.754 seconds
[2023-12-12 02:26:59,372] {processor.py:153} INFO - Started process (PID=341) to work on /opt/airflow/dags/ETL_Entregable3_Chumbita.py
[2023-12-12 02:26:59,373] {processor.py:641} INFO - Processing file /opt/airflow/dags/ETL_Entregable3_Chumbita.py for tasks to queue
[2023-12-12 02:26:59,376] {logging_mixin.py:115} INFO - [2023-12-12 02:26:59,375] {dagbag.py:508} INFO - Filling up the DagBag from /opt/airflow/dags/ETL_Entregable3_Chumbita.py
[2023-12-12 02:27:00,052] {processor.py:651} INFO - DAG(s) dict_keys(['Entregable3_Chumbita']) retrieved from /opt/airflow/dags/ETL_Entregable3_Chumbita.py
[2023-12-12 02:27:00,094] {logging_mixin.py:115} INFO - [2023-12-12 02:27:00,093] {dag.py:2420} INFO - Sync 1 DAGs
[2023-12-12 02:27:00,139] {logging_mixin.py:115} INFO - [2023-12-12 02:27:00,139] {dag.py:2972} INFO - Setting next_dagrun for Entregable3_Chumbita to 2023-12-12T00:00:00+00:00, run_after=2023-12-13T00:00:00+00:00
[2023-12-12 02:27:00,375] {processor.py:161} INFO - Processing /opt/airflow/dags/ETL_Entregable3_Chumbita.py took 1.009 seconds
[2023-12-12 02:27:10,613] {processor.py:153} INFO - Started process (PID=347) to work on /opt/airflow/dags/ETL_Entregable3_Chumbita.py
[2023-12-12 02:27:10,616] {processor.py:641} INFO - Processing file /opt/airflow/dags/ETL_Entregable3_Chumbita.py for tasks to queue
[2023-12-12 02:27:10,617] {logging_mixin.py:115} INFO - [2023-12-12 02:27:10,617] {dagbag.py:508} INFO - Filling up the DagBag from /opt/airflow/dags/ETL_Entregable3_Chumbita.py
[2023-12-12 02:27:11,895] {processor.py:651} INFO - DAG(s) dict_keys(['Entregable3_Chumbita']) retrieved from /opt/airflow/dags/ETL_Entregable3_Chumbita.py
[2023-12-12 02:27:11,986] {logging_mixin.py:115} INFO - [2023-12-12 02:27:11,986] {dag.py:2420} INFO - Sync 1 DAGs
[2023-12-12 02:27:12,061] {logging_mixin.py:115} INFO - [2023-12-12 02:27:12,060] {dag.py:2972} INFO - Setting next_dagrun for Entregable3_Chumbita to 2023-12-12T00:00:00+00:00, run_after=2023-12-13T00:00:00+00:00
[2023-12-12 02:27:12,101] {processor.py:161} INFO - Processing /opt/airflow/dags/ETL_Entregable3_Chumbita.py took 1.507 seconds
[2023-12-12 02:27:22,374] {processor.py:153} INFO - Started process (PID=353) to work on /opt/airflow/dags/ETL_Entregable3_Chumbita.py
[2023-12-12 02:27:22,376] {processor.py:641} INFO - Processing file /opt/airflow/dags/ETL_Entregable3_Chumbita.py for tasks to queue
[2023-12-12 02:27:22,377] {logging_mixin.py:115} INFO - [2023-12-12 02:27:22,377] {dagbag.py:508} INFO - Filling up the DagBag from /opt/airflow/dags/ETL_Entregable3_Chumbita.py
[2023-12-12 02:27:23,283] {processor.py:651} INFO - DAG(s) dict_keys(['Entregable3_Chumbita']) retrieved from /opt/airflow/dags/ETL_Entregable3_Chumbita.py
[2023-12-12 02:27:23,333] {logging_mixin.py:115} INFO - [2023-12-12 02:27:23,333] {dag.py:2420} INFO - Sync 1 DAGs
[2023-12-12 02:27:23,385] {logging_mixin.py:115} INFO - [2023-12-12 02:27:23,385] {dag.py:2972} INFO - Setting next_dagrun for Entregable3_Chumbita to 2023-12-12T00:00:00+00:00, run_after=2023-12-13T00:00:00+00:00
[2023-12-12 02:27:23,412] {processor.py:161} INFO - Processing /opt/airflow/dags/ETL_Entregable3_Chumbita.py took 1.043 seconds
[2023-12-12 02:27:33,764] {processor.py:153} INFO - Started process (PID=359) to work on /opt/airflow/dags/ETL_Entregable3_Chumbita.py
[2023-12-12 02:27:33,775] {processor.py:641} INFO - Processing file /opt/airflow/dags/ETL_Entregable3_Chumbita.py for tasks to queue
[2023-12-12 02:27:33,778] {logging_mixin.py:115} INFO - [2023-12-12 02:27:33,778] {dagbag.py:508} INFO - Filling up the DagBag from /opt/airflow/dags/ETL_Entregable3_Chumbita.py
[2023-12-12 02:27:35,143] {processor.py:651} INFO - DAG(s) dict_keys(['Entregable3_Chumbita']) retrieved from /opt/airflow/dags/ETL_Entregable3_Chumbita.py
[2023-12-12 02:27:35,187] {logging_mixin.py:115} INFO - [2023-12-12 02:27:35,185] {dag.py:2420} INFO - Sync 1 DAGs
[2023-12-12 02:27:35,231] {logging_mixin.py:115} INFO - [2023-12-12 02:27:35,230] {dag.py:2972} INFO - Setting next_dagrun for Entregable3_Chumbita to 2023-12-12T00:00:00+00:00, run_after=2023-12-13T00:00:00+00:00
[2023-12-12 02:27:35,252] {processor.py:161} INFO - Processing /opt/airflow/dags/ETL_Entregable3_Chumbita.py took 1.495 seconds
[2023-12-12 02:27:45,366] {processor.py:153} INFO - Started process (PID=365) to work on /opt/airflow/dags/ETL_Entregable3_Chumbita.py
[2023-12-12 02:27:45,368] {processor.py:641} INFO - Processing file /opt/airflow/dags/ETL_Entregable3_Chumbita.py for tasks to queue
[2023-12-12 02:27:45,370] {logging_mixin.py:115} INFO - [2023-12-12 02:27:45,370] {dagbag.py:508} INFO - Filling up the DagBag from /opt/airflow/dags/ETL_Entregable3_Chumbita.py
[2023-12-12 02:27:46,232] {processor.py:651} INFO - DAG(s) dict_keys(['Entregable3_Chumbita']) retrieved from /opt/airflow/dags/ETL_Entregable3_Chumbita.py
[2023-12-12 02:27:46,270] {logging_mixin.py:115} INFO - [2023-12-12 02:27:46,270] {dag.py:2420} INFO - Sync 1 DAGs
[2023-12-12 02:27:46,319] {logging_mixin.py:115} INFO - [2023-12-12 02:27:46,319] {dag.py:2972} INFO - Setting next_dagrun for Entregable3_Chumbita to 2023-12-12T00:00:00+00:00, run_after=2023-12-13T00:00:00+00:00
[2023-12-12 02:27:46,398] {processor.py:161} INFO - Processing /opt/airflow/dags/ETL_Entregable3_Chumbita.py took 1.046 seconds
[2023-12-12 02:27:56,523] {processor.py:153} INFO - Started process (PID=371) to work on /opt/airflow/dags/ETL_Entregable3_Chumbita.py
[2023-12-12 02:27:56,525] {processor.py:641} INFO - Processing file /opt/airflow/dags/ETL_Entregable3_Chumbita.py for tasks to queue
[2023-12-12 02:27:56,526] {logging_mixin.py:115} INFO - [2023-12-12 02:27:56,526] {dagbag.py:508} INFO - Filling up the DagBag from /opt/airflow/dags/ETL_Entregable3_Chumbita.py
[2023-12-12 02:27:57,103] {processor.py:651} INFO - DAG(s) dict_keys(['Entregable3_Chumbita']) retrieved from /opt/airflow/dags/ETL_Entregable3_Chumbita.py
[2023-12-12 02:27:57,150] {logging_mixin.py:115} INFO - [2023-12-12 02:27:57,149] {dag.py:2420} INFO - Sync 1 DAGs
[2023-12-12 02:27:57,199] {logging_mixin.py:115} INFO - [2023-12-12 02:27:57,199] {dag.py:2972} INFO - Setting next_dagrun for Entregable3_Chumbita to 2023-12-12T00:00:00+00:00, run_after=2023-12-13T00:00:00+00:00
[2023-12-12 02:27:57,224] {processor.py:161} INFO - Processing /opt/airflow/dags/ETL_Entregable3_Chumbita.py took 0.708 seconds
[2023-12-12 02:28:07,421] {processor.py:153} INFO - Started process (PID=377) to work on /opt/airflow/dags/ETL_Entregable3_Chumbita.py
[2023-12-12 02:28:07,424] {processor.py:641} INFO - Processing file /opt/airflow/dags/ETL_Entregable3_Chumbita.py for tasks to queue
[2023-12-12 02:28:07,430] {logging_mixin.py:115} INFO - [2023-12-12 02:28:07,430] {dagbag.py:508} INFO - Filling up the DagBag from /opt/airflow/dags/ETL_Entregable3_Chumbita.py
[2023-12-12 02:28:08,914] {processor.py:651} INFO - DAG(s) dict_keys(['Entregable3_Chumbita']) retrieved from /opt/airflow/dags/ETL_Entregable3_Chumbita.py
[2023-12-12 02:28:08,948] {logging_mixin.py:115} INFO - [2023-12-12 02:28:08,947] {dag.py:2420} INFO - Sync 1 DAGs
[2023-12-12 02:28:08,985] {logging_mixin.py:115} INFO - [2023-12-12 02:28:08,985] {dag.py:2972} INFO - Setting next_dagrun for Entregable3_Chumbita to 2023-12-12T00:00:00+00:00, run_after=2023-12-13T00:00:00+00:00
[2023-12-12 02:28:09,008] {processor.py:161} INFO - Processing /opt/airflow/dags/ETL_Entregable3_Chumbita.py took 1.609 seconds
[2023-12-12 02:28:19,179] {processor.py:153} INFO - Started process (PID=383) to work on /opt/airflow/dags/ETL_Entregable3_Chumbita.py
[2023-12-12 02:28:19,183] {processor.py:641} INFO - Processing file /opt/airflow/dags/ETL_Entregable3_Chumbita.py for tasks to queue
[2023-12-12 02:28:19,186] {logging_mixin.py:115} INFO - [2023-12-12 02:28:19,186] {dagbag.py:508} INFO - Filling up the DagBag from /opt/airflow/dags/ETL_Entregable3_Chumbita.py
[2023-12-12 02:28:20,353] {processor.py:651} INFO - DAG(s) dict_keys(['Entregable3_Chumbita']) retrieved from /opt/airflow/dags/ETL_Entregable3_Chumbita.py
[2023-12-12 02:28:20,398] {logging_mixin.py:115} INFO - [2023-12-12 02:28:20,397] {dag.py:2420} INFO - Sync 1 DAGs
[2023-12-12 02:28:20,435] {logging_mixin.py:115} INFO - [2023-12-12 02:28:20,435] {dag.py:2972} INFO - Setting next_dagrun for Entregable3_Chumbita to 2023-12-12T00:00:00+00:00, run_after=2023-12-13T00:00:00+00:00
[2023-12-12 02:28:20,453] {processor.py:161} INFO - Processing /opt/airflow/dags/ETL_Entregable3_Chumbita.py took 1.293 seconds
[2023-12-12 02:28:30,511] {processor.py:153} INFO - Started process (PID=389) to work on /opt/airflow/dags/ETL_Entregable3_Chumbita.py
[2023-12-12 02:28:30,512] {processor.py:641} INFO - Processing file /opt/airflow/dags/ETL_Entregable3_Chumbita.py for tasks to queue
[2023-12-12 02:28:30,514] {logging_mixin.py:115} INFO - [2023-12-12 02:28:30,513] {dagbag.py:508} INFO - Filling up the DagBag from /opt/airflow/dags/ETL_Entregable3_Chumbita.py
[2023-12-12 02:28:31,560] {processor.py:651} INFO - DAG(s) dict_keys(['Entregable3_Chumbita']) retrieved from /opt/airflow/dags/ETL_Entregable3_Chumbita.py
[2023-12-12 02:28:31,608] {logging_mixin.py:115} INFO - [2023-12-12 02:28:31,607] {dag.py:2420} INFO - Sync 1 DAGs
[2023-12-12 02:28:31,654] {logging_mixin.py:115} INFO - [2023-12-12 02:28:31,654] {dag.py:2972} INFO - Setting next_dagrun for Entregable3_Chumbita to 2023-12-12T00:00:00+00:00, run_after=2023-12-13T00:00:00+00:00
[2023-12-12 02:28:31,675] {processor.py:161} INFO - Processing /opt/airflow/dags/ETL_Entregable3_Chumbita.py took 1.171 seconds
[2023-12-12 02:28:41,872] {processor.py:153} INFO - Started process (PID=395) to work on /opt/airflow/dags/ETL_Entregable3_Chumbita.py
[2023-12-12 02:28:41,877] {processor.py:641} INFO - Processing file /opt/airflow/dags/ETL_Entregable3_Chumbita.py for tasks to queue
[2023-12-12 02:28:41,881] {logging_mixin.py:115} INFO - [2023-12-12 02:28:41,881] {dagbag.py:508} INFO - Filling up the DagBag from /opt/airflow/dags/ETL_Entregable3_Chumbita.py
[2023-12-12 02:28:42,569] {processor.py:651} INFO - DAG(s) dict_keys(['Entregable3_Chumbita']) retrieved from /opt/airflow/dags/ETL_Entregable3_Chumbita.py
[2023-12-12 02:28:42,602] {logging_mixin.py:115} INFO - [2023-12-12 02:28:42,601] {dag.py:2420} INFO - Sync 1 DAGs
[2023-12-12 02:28:42,633] {logging_mixin.py:115} INFO - [2023-12-12 02:28:42,633] {dag.py:2972} INFO - Setting next_dagrun for Entregable3_Chumbita to 2023-12-12T00:00:00+00:00, run_after=2023-12-13T00:00:00+00:00
[2023-12-12 02:28:42,657] {processor.py:161} INFO - Processing /opt/airflow/dags/ETL_Entregable3_Chumbita.py took 0.795 seconds
[2023-12-12 02:28:52,808] {processor.py:153} INFO - Started process (PID=401) to work on /opt/airflow/dags/ETL_Entregable3_Chumbita.py
[2023-12-12 02:28:52,810] {processor.py:641} INFO - Processing file /opt/airflow/dags/ETL_Entregable3_Chumbita.py for tasks to queue
[2023-12-12 02:28:52,811] {logging_mixin.py:115} INFO - [2023-12-12 02:28:52,811] {dagbag.py:508} INFO - Filling up the DagBag from /opt/airflow/dags/ETL_Entregable3_Chumbita.py
[2023-12-12 02:28:53,892] {processor.py:651} INFO - DAG(s) dict_keys(['Entregable3_Chumbita']) retrieved from /opt/airflow/dags/ETL_Entregable3_Chumbita.py
[2023-12-12 02:28:53,922] {logging_mixin.py:115} INFO - [2023-12-12 02:28:53,922] {dag.py:2420} INFO - Sync 1 DAGs
[2023-12-12 02:28:53,957] {logging_mixin.py:115} INFO - [2023-12-12 02:28:53,956] {dag.py:2972} INFO - Setting next_dagrun for Entregable3_Chumbita to 2023-12-12T00:00:00+00:00, run_after=2023-12-13T00:00:00+00:00
[2023-12-12 02:28:53,981] {processor.py:161} INFO - Processing /opt/airflow/dags/ETL_Entregable3_Chumbita.py took 1.185 seconds
[2023-12-12 02:29:04,391] {processor.py:153} INFO - Started process (PID=410) to work on /opt/airflow/dags/ETL_Entregable3_Chumbita.py
[2023-12-12 02:29:04,400] {processor.py:641} INFO - Processing file /opt/airflow/dags/ETL_Entregable3_Chumbita.py for tasks to queue
[2023-12-12 02:29:04,404] {logging_mixin.py:115} INFO - [2023-12-12 02:29:04,404] {dagbag.py:508} INFO - Filling up the DagBag from /opt/airflow/dags/ETL_Entregable3_Chumbita.py
[2023-12-12 02:29:05,808] {processor.py:651} INFO - DAG(s) dict_keys(['Entregable3_Chumbita']) retrieved from /opt/airflow/dags/ETL_Entregable3_Chumbita.py
[2023-12-12 02:29:05,855] {logging_mixin.py:115} INFO - [2023-12-12 02:29:05,854] {dag.py:2420} INFO - Sync 1 DAGs
[2023-12-12 02:29:05,904] {logging_mixin.py:115} INFO - [2023-12-12 02:29:05,904] {dag.py:2972} INFO - Setting next_dagrun for Entregable3_Chumbita to 2023-12-12T00:00:00+00:00, run_after=2023-12-13T00:00:00+00:00
[2023-12-12 02:29:05,933] {processor.py:161} INFO - Processing /opt/airflow/dags/ETL_Entregable3_Chumbita.py took 1.549 seconds
[2023-12-12 02:29:16,046] {processor.py:153} INFO - Started process (PID=416) to work on /opt/airflow/dags/ETL_Entregable3_Chumbita.py
[2023-12-12 02:29:16,047] {processor.py:641} INFO - Processing file /opt/airflow/dags/ETL_Entregable3_Chumbita.py for tasks to queue
[2023-12-12 02:29:16,049] {logging_mixin.py:115} INFO - [2023-12-12 02:29:16,049] {dagbag.py:508} INFO - Filling up the DagBag from /opt/airflow/dags/ETL_Entregable3_Chumbita.py
[2023-12-12 02:29:16,782] {processor.py:651} INFO - DAG(s) dict_keys(['Entregable3_Chumbita']) retrieved from /opt/airflow/dags/ETL_Entregable3_Chumbita.py
[2023-12-12 02:29:17,061] {logging_mixin.py:115} INFO - [2023-12-12 02:29:17,057] {dag.py:2420} INFO - Sync 1 DAGs
[2023-12-12 02:29:17,104] {logging_mixin.py:115} INFO - [2023-12-12 02:29:17,104] {dag.py:2972} INFO - Setting next_dagrun for Entregable3_Chumbita to 2023-12-12T00:00:00+00:00, run_after=2023-12-13T00:00:00+00:00
[2023-12-12 02:29:17,514] {processor.py:161} INFO - Processing /opt/airflow/dags/ETL_Entregable3_Chumbita.py took 1.476 seconds
[2023-12-12 02:29:27,663] {processor.py:153} INFO - Started process (PID=422) to work on /opt/airflow/dags/ETL_Entregable3_Chumbita.py
[2023-12-12 02:29:27,664] {processor.py:641} INFO - Processing file /opt/airflow/dags/ETL_Entregable3_Chumbita.py for tasks to queue
[2023-12-12 02:29:27,666] {logging_mixin.py:115} INFO - [2023-12-12 02:29:27,666] {dagbag.py:508} INFO - Filling up the DagBag from /opt/airflow/dags/ETL_Entregable3_Chumbita.py
[2023-12-12 02:29:28,346] {processor.py:651} INFO - DAG(s) dict_keys(['Entregable3_Chumbita']) retrieved from /opt/airflow/dags/ETL_Entregable3_Chumbita.py
[2023-12-12 02:29:28,383] {logging_mixin.py:115} INFO - [2023-12-12 02:29:28,382] {dag.py:2420} INFO - Sync 1 DAGs
[2023-12-12 02:29:28,424] {logging_mixin.py:115} INFO - [2023-12-12 02:29:28,424] {dag.py:2972} INFO - Setting next_dagrun for Entregable3_Chumbita to 2023-12-12T00:00:00+00:00, run_after=2023-12-13T00:00:00+00:00
[2023-12-12 02:29:28,449] {processor.py:161} INFO - Processing /opt/airflow/dags/ETL_Entregable3_Chumbita.py took 0.794 seconds
[2023-12-12 02:29:38,582] {processor.py:153} INFO - Started process (PID=431) to work on /opt/airflow/dags/ETL_Entregable3_Chumbita.py
[2023-12-12 02:29:38,585] {processor.py:641} INFO - Processing file /opt/airflow/dags/ETL_Entregable3_Chumbita.py for tasks to queue
[2023-12-12 02:29:38,587] {logging_mixin.py:115} INFO - [2023-12-12 02:29:38,587] {dagbag.py:508} INFO - Filling up the DagBag from /opt/airflow/dags/ETL_Entregable3_Chumbita.py
[2023-12-12 02:29:39,869] {processor.py:651} INFO - DAG(s) dict_keys(['Entregable3_Chumbita']) retrieved from /opt/airflow/dags/ETL_Entregable3_Chumbita.py
[2023-12-12 02:29:39,926] {logging_mixin.py:115} INFO - [2023-12-12 02:29:39,926] {dag.py:2420} INFO - Sync 1 DAGs
[2023-12-12 02:29:39,973] {logging_mixin.py:115} INFO - [2023-12-12 02:29:39,973] {dag.py:2972} INFO - Setting next_dagrun for Entregable3_Chumbita to 2023-12-12T00:00:00+00:00, run_after=2023-12-13T00:00:00+00:00
[2023-12-12 02:29:40,000] {processor.py:161} INFO - Processing /opt/airflow/dags/ETL_Entregable3_Chumbita.py took 1.435 seconds
[2023-12-12 02:29:50,138] {processor.py:153} INFO - Started process (PID=437) to work on /opt/airflow/dags/ETL_Entregable3_Chumbita.py
[2023-12-12 02:29:50,139] {processor.py:641} INFO - Processing file /opt/airflow/dags/ETL_Entregable3_Chumbita.py for tasks to queue
[2023-12-12 02:29:50,141] {logging_mixin.py:115} INFO - [2023-12-12 02:29:50,140] {dagbag.py:508} INFO - Filling up the DagBag from /opt/airflow/dags/ETL_Entregable3_Chumbita.py
[2023-12-12 02:29:50,866] {processor.py:651} INFO - DAG(s) dict_keys(['Entregable3_Chumbita']) retrieved from /opt/airflow/dags/ETL_Entregable3_Chumbita.py
[2023-12-12 02:29:50,900] {logging_mixin.py:115} INFO - [2023-12-12 02:29:50,899] {dag.py:2420} INFO - Sync 1 DAGs
[2023-12-12 02:29:50,933] {logging_mixin.py:115} INFO - [2023-12-12 02:29:50,932] {dag.py:2972} INFO - Setting next_dagrun for Entregable3_Chumbita to 2023-12-12T00:00:00+00:00, run_after=2023-12-13T00:00:00+00:00
[2023-12-12 02:29:50,955] {processor.py:161} INFO - Processing /opt/airflow/dags/ETL_Entregable3_Chumbita.py took 0.824 seconds
[2023-12-12 02:29:53,659] {processor.py:153} INFO - Started process (PID=443) to work on /opt/airflow/dags/ETL_Entregable3_Chumbita.py
[2023-12-12 02:29:53,661] {processor.py:641} INFO - Processing file /opt/airflow/dags/ETL_Entregable3_Chumbita.py for tasks to queue
[2023-12-12 02:29:53,663] {logging_mixin.py:115} INFO - [2023-12-12 02:29:53,662] {dagbag.py:508} INFO - Filling up the DagBag from /opt/airflow/dags/ETL_Entregable3_Chumbita.py
[2023-12-12 02:29:54,455] {processor.py:651} INFO - DAG(s) dict_keys(['Entregable3_Chumbita']) retrieved from /opt/airflow/dags/ETL_Entregable3_Chumbita.py
[2023-12-12 02:29:54,490] {logging_mixin.py:115} INFO - [2023-12-12 02:29:54,490] {dag.py:2420} INFO - Sync 1 DAGs
[2023-12-12 02:29:54,528] {logging_mixin.py:115} INFO - [2023-12-12 02:29:54,528] {dag.py:2972} INFO - Setting next_dagrun for Entregable3_Chumbita to 2023-12-12T00:00:00+00:00, run_after=2023-12-13T00:00:00+00:00
[2023-12-12 02:29:54,561] {processor.py:161} INFO - Processing /opt/airflow/dags/ETL_Entregable3_Chumbita.py took 0.906 seconds
[2023-12-12 02:30:05,659] {processor.py:153} INFO - Started process (PID=449) to work on /opt/airflow/dags/ETL_Entregable3_Chumbita.py
[2023-12-12 02:30:05,669] {processor.py:641} INFO - Processing file /opt/airflow/dags/ETL_Entregable3_Chumbita.py for tasks to queue
[2023-12-12 02:30:05,672] {logging_mixin.py:115} INFO - [2023-12-12 02:30:05,672] {dagbag.py:508} INFO - Filling up the DagBag from /opt/airflow/dags/ETL_Entregable3_Chumbita.py
[2023-12-12 02:30:07,007] {processor.py:651} INFO - DAG(s) dict_keys(['Entregable3_Chumbita']) retrieved from /opt/airflow/dags/ETL_Entregable3_Chumbita.py
[2023-12-12 02:30:07,082] {logging_mixin.py:115} INFO - [2023-12-12 02:30:07,081] {dag.py:2420} INFO - Sync 1 DAGs
[2023-12-12 02:30:07,123] {logging_mixin.py:115} INFO - [2023-12-12 02:30:07,123] {dag.py:2972} INFO - Setting next_dagrun for Entregable3_Chumbita to 2023-12-12T00:00:00+00:00, run_after=2023-12-13T00:00:00+00:00
[2023-12-12 02:30:07,148] {processor.py:161} INFO - Processing /opt/airflow/dags/ETL_Entregable3_Chumbita.py took 1.497 seconds
[2023-12-12 02:30:17,362] {processor.py:153} INFO - Started process (PID=455) to work on /opt/airflow/dags/ETL_Entregable3_Chumbita.py
[2023-12-12 02:30:17,366] {processor.py:641} INFO - Processing file /opt/airflow/dags/ETL_Entregable3_Chumbita.py for tasks to queue
[2023-12-12 02:30:17,368] {logging_mixin.py:115} INFO - [2023-12-12 02:30:17,368] {dagbag.py:508} INFO - Filling up the DagBag from /opt/airflow/dags/ETL_Entregable3_Chumbita.py
[2023-12-12 02:30:18,379] {processor.py:651} INFO - DAG(s) dict_keys(['Entregable3_Chumbita']) retrieved from /opt/airflow/dags/ETL_Entregable3_Chumbita.py
[2023-12-12 02:30:18,428] {logging_mixin.py:115} INFO - [2023-12-12 02:30:18,427] {dag.py:2420} INFO - Sync 1 DAGs
[2023-12-12 02:30:18,485] {logging_mixin.py:115} INFO - [2023-12-12 02:30:18,484] {dag.py:2972} INFO - Setting next_dagrun for Entregable3_Chumbita to 2023-12-12T00:00:00+00:00, run_after=2023-12-13T00:00:00+00:00
[2023-12-12 02:30:18,517] {processor.py:161} INFO - Processing /opt/airflow/dags/ETL_Entregable3_Chumbita.py took 1.164 seconds
[2023-12-12 02:30:28,795] {processor.py:153} INFO - Started process (PID=464) to work on /opt/airflow/dags/ETL_Entregable3_Chumbita.py
[2023-12-12 02:30:28,796] {processor.py:641} INFO - Processing file /opt/airflow/dags/ETL_Entregable3_Chumbita.py for tasks to queue
[2023-12-12 02:30:28,798] {logging_mixin.py:115} INFO - [2023-12-12 02:30:28,798] {dagbag.py:508} INFO - Filling up the DagBag from /opt/airflow/dags/ETL_Entregable3_Chumbita.py
[2023-12-12 02:30:29,422] {processor.py:651} INFO - DAG(s) dict_keys(['Entregable3_Chumbita']) retrieved from /opt/airflow/dags/ETL_Entregable3_Chumbita.py
[2023-12-12 02:30:29,455] {logging_mixin.py:115} INFO - [2023-12-12 02:30:29,454] {dag.py:2420} INFO - Sync 1 DAGs
[2023-12-12 02:30:29,483] {logging_mixin.py:115} INFO - [2023-12-12 02:30:29,483] {dag.py:2972} INFO - Setting next_dagrun for Entregable3_Chumbita to 2023-12-12T00:00:00+00:00, run_after=2023-12-13T00:00:00+00:00
[2023-12-12 02:30:29,502] {processor.py:161} INFO - Processing /opt/airflow/dags/ETL_Entregable3_Chumbita.py took 0.713 seconds
[2023-12-12 02:30:39,604] {processor.py:153} INFO - Started process (PID=470) to work on /opt/airflow/dags/ETL_Entregable3_Chumbita.py
[2023-12-12 02:30:39,605] {processor.py:641} INFO - Processing file /opt/airflow/dags/ETL_Entregable3_Chumbita.py for tasks to queue
[2023-12-12 02:30:39,607] {logging_mixin.py:115} INFO - [2023-12-12 02:30:39,607] {dagbag.py:508} INFO - Filling up the DagBag from /opt/airflow/dags/ETL_Entregable3_Chumbita.py
[2023-12-12 02:30:40,413] {processor.py:651} INFO - DAG(s) dict_keys(['Entregable3_Chumbita']) retrieved from /opt/airflow/dags/ETL_Entregable3_Chumbita.py
[2023-12-12 02:30:40,459] {logging_mixin.py:115} INFO - [2023-12-12 02:30:40,458] {dag.py:2420} INFO - Sync 1 DAGs
[2023-12-12 02:30:40,500] {logging_mixin.py:115} INFO - [2023-12-12 02:30:40,500] {dag.py:2972} INFO - Setting next_dagrun for Entregable3_Chumbita to 2023-12-12T00:00:00+00:00, run_after=2023-12-13T00:00:00+00:00
[2023-12-12 02:30:40,523] {processor.py:161} INFO - Processing /opt/airflow/dags/ETL_Entregable3_Chumbita.py took 0.924 seconds
[2023-12-12 02:30:50,633] {processor.py:153} INFO - Started process (PID=476) to work on /opt/airflow/dags/ETL_Entregable3_Chumbita.py
[2023-12-12 02:30:50,634] {processor.py:641} INFO - Processing file /opt/airflow/dags/ETL_Entregable3_Chumbita.py for tasks to queue
[2023-12-12 02:30:50,635] {logging_mixin.py:115} INFO - [2023-12-12 02:30:50,635] {dagbag.py:508} INFO - Filling up the DagBag from /opt/airflow/dags/ETL_Entregable3_Chumbita.py
[2023-12-12 02:30:51,378] {processor.py:651} INFO - DAG(s) dict_keys(['Entregable3_Chumbita']) retrieved from /opt/airflow/dags/ETL_Entregable3_Chumbita.py
[2023-12-12 02:30:51,422] {logging_mixin.py:115} INFO - [2023-12-12 02:30:51,421] {dag.py:2420} INFO - Sync 1 DAGs
[2023-12-12 02:30:51,482] {logging_mixin.py:115} INFO - [2023-12-12 02:30:51,482] {dag.py:2972} INFO - Setting next_dagrun for Entregable3_Chumbita to 2023-12-12T00:00:00+00:00, run_after=2023-12-13T00:00:00+00:00
[2023-12-12 02:30:51,502] {processor.py:161} INFO - Processing /opt/airflow/dags/ETL_Entregable3_Chumbita.py took 0.874 seconds
