[2023-12-10 19:45:29,897] {taskinstance.py:1179} INFO - Dependencies all met for <TaskInstance: mi_primer_dag_v3.primera_tarea scheduled__2023-08-16T00:00:00+00:00 [queued]>
[2023-12-10 19:45:30,077] {taskinstance.py:1179} INFO - Dependencies all met for <TaskInstance: mi_primer_dag_v3.primera_tarea scheduled__2023-08-16T00:00:00+00:00 [queued]>
[2023-12-10 19:45:30,082] {taskinstance.py:1376} INFO - 
--------------------------------------------------------------------------------
[2023-12-10 19:45:30,088] {taskinstance.py:1377} INFO - Starting attempt 1 of 6
[2023-12-10 19:45:30,095] {taskinstance.py:1378} INFO - 
--------------------------------------------------------------------------------
[2023-12-10 19:45:30,446] {taskinstance.py:1397} INFO - Executing <Task(BashOperator): primera_tarea> on 2023-08-16 00:00:00+00:00
[2023-12-10 19:45:30,511] {standard_task_runner.py:52} INFO - Started process 3976 to run task
[2023-12-10 19:45:30,532] {standard_task_runner.py:79} INFO - Running: ['***', 'tasks', 'run', 'mi_primer_dag_v3', 'primera_tarea', 'scheduled__2023-08-16T00:00:00+00:00', '--job-id', '1130', '--raw', '--subdir', 'DAGS_FOLDER/primer_dag_v3.py', '--cfg-path', '/tmp/tmpeivk2wxe', '--error-file', '/tmp/tmpdb8xsnmw']
[2023-12-10 19:45:30,590] {standard_task_runner.py:80} INFO - Job 1130: Subtask primera_tarea
[2023-12-10 19:45:31,590] {task_command.py:371} INFO - Running <TaskInstance: mi_primer_dag_v3.primera_tarea scheduled__2023-08-16T00:00:00+00:00 [running]> on host 42828894a739
[2023-12-10 19:45:32,766] {taskinstance.py:1591} INFO - Exporting the following env vars:
AIRFLOW_CTX_DAG_OWNER=DavidBU
AIRFLOW_CTX_DAG_ID=mi_primer_dag_v3
AIRFLOW_CTX_TASK_ID=primera_tarea
AIRFLOW_CTX_EXECUTION_DATE=2023-08-16T00:00:00+00:00
AIRFLOW_CTX_TRY_NUMBER=1
AIRFLOW_CTX_DAG_RUN_ID=scheduled__2023-08-16T00:00:00+00:00
[2023-12-10 19:45:32,773] {subprocess.py:62} INFO - Tmp dir root location: 
 /tmp
[2023-12-10 19:45:32,778] {subprocess.py:74} INFO - Running command: ['bash', '-c', 'echo hola mundo, esta es nuestra primera tarea!']
[2023-12-10 19:45:32,818] {subprocess.py:85} INFO - Output:
[2023-12-10 19:45:32,855] {subprocess.py:92} INFO - hola mundo, esta es nuestra primera tarea!
[2023-12-10 19:45:32,865] {subprocess.py:96} INFO - Command exited with return code 0
[2023-12-10 19:45:33,367] {taskinstance.py:1420} INFO - Marking task as SUCCESS. dag_id=mi_primer_dag_v3, task_id=primera_tarea, execution_date=20230816T000000, start_date=20231210T194529, end_date=20231210T194533
[2023-12-10 19:45:33,551] {local_task_job.py:156} INFO - Task exited with return code 0
[2023-12-10 19:45:33,887] {local_task_job.py:273} INFO - 2 downstream tasks scheduled from follow-on schedule check
