[2023-12-10 21:17:51,626] {taskinstance.py:1179} INFO - Dependencies all met for <TaskInstance: dag_print_context.print_context scheduled__2023-12-07T00:00:00+00:00 [queued]>
[2023-12-10 21:17:51,669] {taskinstance.py:1179} INFO - Dependencies all met for <TaskInstance: dag_print_context.print_context scheduled__2023-12-07T00:00:00+00:00 [queued]>
[2023-12-10 21:17:51,671] {taskinstance.py:1376} INFO - 
--------------------------------------------------------------------------------
[2023-12-10 21:17:51,672] {taskinstance.py:1377} INFO - Starting attempt 1 of 1
[2023-12-10 21:17:51,673] {taskinstance.py:1378} INFO - 
--------------------------------------------------------------------------------
[2023-12-10 21:17:51,773] {taskinstance.py:1397} INFO - Executing <Task(PythonOperator): print_context> on 2023-12-07 00:00:00+00:00
[2023-12-10 21:17:51,780] {standard_task_runner.py:52} INFO - Started process 235 to run task
[2023-12-10 21:17:51,803] {standard_task_runner.py:79} INFO - Running: ['***', 'tasks', 'run', 'dag_print_context', 'print_context', 'scheduled__2023-12-07T00:00:00+00:00', '--job-id', '2483', '--raw', '--subdir', 'DAGS_FOLDER/example_template.py', '--cfg-path', '/tmp/tmptr2e5sdn', '--error-file', '/tmp/tmp94n74bp2']
[2023-12-10 21:17:51,807] {standard_task_runner.py:80} INFO - Job 2483: Subtask print_context
[2023-12-10 21:17:52,268] {task_command.py:371} INFO - Running <TaskInstance: dag_print_context.print_context scheduled__2023-12-07T00:00:00+00:00 [running]> on host 42828894a739
[2023-12-10 21:17:52,664] {taskinstance.py:1591} INFO - Exporting the following env vars:
AIRFLOW_CTX_DAG_OWNER=***
AIRFLOW_CTX_DAG_ID=dag_print_context
AIRFLOW_CTX_TASK_ID=print_context
AIRFLOW_CTX_EXECUTION_DATE=2023-12-07T00:00:00+00:00
AIRFLOW_CTX_TRY_NUMBER=1
AIRFLOW_CTX_DAG_RUN_ID=scheduled__2023-12-07T00:00:00+00:00
[2023-12-10 21:17:52,669] {logging_mixin.py:115} INFO - {'conf': <***.configuration.AirflowConfigParser object at 0x7fd5964a16d0>, 'dag': <DAG: dag_print_context>, 'dag_run': <DagRun dag_print_context @ 2023-12-07 00:00:00+00:00: scheduled__2023-12-07T00:00:00+00:00, externally triggered: False>, 'data_interval_end': DateTime(2023, 12, 8, 0, 0, 0, tzinfo=Timezone('UTC')), 'data_interval_start': DateTime(2023, 12, 7, 0, 0, 0, tzinfo=Timezone('UTC')), 'ds': '2023-12-07', 'ds_nodash': '20231207', 'execution_date': <Proxy at 0x7fd582cdd0a0 with factory functools.partial(<function lazy_mapping_from_context.<locals>._deprecated_proxy_factory at 0x7fd582e01c20>, 'execution_date', DateTime(2023, 12, 7, 0, 0, 0, tzinfo=Timezone('UTC')))>, 'inlets': [], 'logical_date': DateTime(2023, 12, 7, 0, 0, 0, tzinfo=Timezone('UTC')), 'macros': <module '***.macros' from '/home/***/.local/lib/python3.7/site-packages/***/macros/__init__.py'>, 'next_ds': <Proxy at 0x7fd582cdd050 with factory functools.partial(<function lazy_mapping_from_context.<locals>._deprecated_proxy_factory at 0x7fd582e01c20>, 'next_ds', '2023-12-08')>, 'next_ds_nodash': <Proxy at 0x7fd582cdd0f0 with factory functools.partial(<function lazy_mapping_from_context.<locals>._deprecated_proxy_factory at 0x7fd582e01c20>, 'next_ds_nodash', '20231208')>, 'next_execution_date': <Proxy at 0x7fd582cdd280 with factory functools.partial(<function lazy_mapping_from_context.<locals>._deprecated_proxy_factory at 0x7fd582e01c20>, 'next_execution_date', DateTime(2023, 12, 8, 0, 0, 0, tzinfo=Timezone('UTC')))>, 'outlets': [], 'params': {}, 'prev_data_interval_start_success': None, 'prev_data_interval_end_success': None, 'prev_ds': <Proxy at 0x7fd582cdd1e0 with factory functools.partial(<function lazy_mapping_from_context.<locals>._deprecated_proxy_factory at 0x7fd582e01c20>, 'prev_ds', '2023-12-06')>, 'prev_ds_nodash': <Proxy at 0x7fd582e961e0 with factory functools.partial(<function lazy_mapping_from_context.<locals>._deprecated_proxy_factory at 0x7fd582e01c20>, 'prev_ds_nodash', '20231206')>, 'prev_execution_date': <Proxy at 0x7fd582de2410 with factory functools.partial(<function lazy_mapping_from_context.<locals>._deprecated_proxy_factory at 0x7fd582e01c20>, 'prev_execution_date', DateTime(2023, 12, 6, 0, 0, 0, tzinfo=Timezone('UTC')))>, 'prev_execution_date_success': <Proxy at 0x7fd582ce75a0 with factory functools.partial(<function lazy_mapping_from_context.<locals>._deprecated_proxy_factory at 0x7fd582e01c20>, 'prev_execution_date_success', None)>, 'prev_start_date_success': None, 'run_id': 'scheduled__2023-12-07T00:00:00+00:00', 'task': <Task(PythonOperator): print_context>, 'task_instance': <TaskInstance: dag_print_context.print_context scheduled__2023-12-07T00:00:00+00:00 [running]>, 'task_instance_key_str': 'dag_print_context__print_context__20231207', 'test_mode': False, 'ti': <TaskInstance: dag_print_context.print_context scheduled__2023-12-07T00:00:00+00:00 [running]>, 'tomorrow_ds': <Proxy at 0x7fd582ce7a50 with factory functools.partial(<function lazy_mapping_from_context.<locals>._deprecated_proxy_factory at 0x7fd582e01c20>, 'tomorrow_ds', '2023-12-08')>, 'tomorrow_ds_nodash': <Proxy at 0x7fd582ce7aa0 with factory functools.partial(<function lazy_mapping_from_context.<locals>._deprecated_proxy_factory at 0x7fd582e01c20>, 'tomorrow_ds_nodash', '20231208')>, 'ts': '2023-12-07T00:00:00+00:00', 'ts_nodash': '20231207T000000', 'ts_nodash_with_tz': '20231207T000000+0000', 'var': {'json': None, 'value': None}, 'conn': None, 'yesterday_ds': <Proxy at 0x7fd582ce7af0 with factory functools.partial(<function lazy_mapping_from_context.<locals>._deprecated_proxy_factory at 0x7fd582e01c20>, 'yesterday_ds', '2023-12-06')>, 'yesterday_ds_nodash': <Proxy at 0x7fd582ce7b40 with factory functools.partial(<function lazy_mapping_from_context.<locals>._deprecated_proxy_factory at 0x7fd582e01c20>, 'yesterday_ds_nodash', '20231206')>, 'templates_dict': None}
[2023-12-10 21:17:52,671] {logging_mixin.py:115} INFO - Inicio:(<Proxy at 0x7fd582cdd0a0 with factory functools.partial(<function lazy_mapping_from_context.<locals>._deprecated_proxy_factory at 0x7fd582e01c20>, 'execution_date', DateTime(2023, 12, 7, 0, 0, 0, tzinfo=Timezone('UTC')))>,), Fin: (<Proxy at 0x7fd582cdd280 with factory functools.partial(<function lazy_mapping_from_context.<locals>._deprecated_proxy_factory at 0x7fd582e01c20>, 'next_execution_date', DateTime(2023, 12, 8, 0, 0, 0, tzinfo=Timezone('UTC')))>,)
[2023-12-10 21:17:52,672] {python.py:173} INFO - Done. Returned value was: None
[2023-12-10 21:17:52,753] {taskinstance.py:1420} INFO - Marking task as SUCCESS. dag_id=dag_print_context, task_id=print_context, execution_date=20231207T000000, start_date=20231210T211751, end_date=20231210T211752
[2023-12-10 21:17:52,858] {local_task_job.py:156} INFO - Task exited with return code 0
[2023-12-10 21:17:53,146] {local_task_job.py:273} INFO - 0 downstream tasks scheduled from follow-on schedule check
