[2023-12-28 23:57:12,778] {processor.py:163} INFO - Started process (PID=550) to work on /home/airflow/.local/lib/python3.6/site-packages/airflow/example_dags/example_trigger_target_dag.py
[2023-12-28 23:57:12,781] {processor.py:642} INFO - Processing file /home/airflow/.local/lib/python3.6/site-packages/airflow/example_dags/example_trigger_target_dag.py for tasks to queue
[2023-12-28 23:57:12,783] {logging_mixin.py:109} INFO - [2023-12-28 23:57:12,782] {dagbag.py:500} INFO - Filling up the DagBag from /home/airflow/.local/lib/python3.6/site-packages/airflow/example_dags/example_trigger_target_dag.py
[2023-12-28 23:57:13,015] {processor.py:654} INFO - DAG(s) dict_keys(['example_trigger_target_dag']) retrieved from /home/airflow/.local/lib/python3.6/site-packages/airflow/example_dags/example_trigger_target_dag.py
[2023-12-28 23:57:19,761] {logging_mixin.py:109} INFO - [2023-12-28 23:57:19,761] {manager.py:496} INFO - Created Permission View: can edit on DAG:example_trigger_target_dag
[2023-12-28 23:57:19,791] {logging_mixin.py:109} INFO - [2023-12-28 23:57:19,791] {manager.py:496} INFO - Created Permission View: can read on DAG:example_trigger_target_dag
[2023-12-28 23:57:19,794] {logging_mixin.py:109} INFO - [2023-12-28 23:57:19,792] {dag.py:2396} INFO - Sync 1 DAGs
[2023-12-28 23:57:19,817] {logging_mixin.py:109} INFO - [2023-12-28 23:57:19,814] {dag.py:2415} INFO - Creating ORM DAG for example_trigger_target_dag
[2023-12-28 23:57:19,832] {logging_mixin.py:109} INFO - [2023-12-28 23:57:19,832] {dag.py:2935} INFO - Setting next_dagrun for example_trigger_target_dag to None
[2023-12-28 23:57:19,876] {processor.py:171} INFO - Processing /home/airflow/.local/lib/python3.6/site-packages/airflow/example_dags/example_trigger_target_dag.py took 7.108 seconds
[2023-12-28 23:57:50,022] {processor.py:163} INFO - Started process (PID=627) to work on /home/airflow/.local/lib/python3.6/site-packages/airflow/example_dags/example_trigger_target_dag.py
[2023-12-28 23:57:50,024] {processor.py:642} INFO - Processing file /home/airflow/.local/lib/python3.6/site-packages/airflow/example_dags/example_trigger_target_dag.py for tasks to queue
[2023-12-28 23:57:50,027] {logging_mixin.py:109} INFO - [2023-12-28 23:57:50,026] {dagbag.py:500} INFO - Filling up the DagBag from /home/airflow/.local/lib/python3.6/site-packages/airflow/example_dags/example_trigger_target_dag.py
[2023-12-28 23:57:50,191] {processor.py:654} INFO - DAG(s) dict_keys(['example_trigger_target_dag']) retrieved from /home/airflow/.local/lib/python3.6/site-packages/airflow/example_dags/example_trigger_target_dag.py
[2023-12-28 23:57:50,225] {logging_mixin.py:109} INFO - [2023-12-28 23:57:50,225] {dag.py:2396} INFO - Sync 1 DAGs
[2023-12-28 23:57:50,256] {logging_mixin.py:109} INFO - [2023-12-28 23:57:50,256] {dag.py:2935} INFO - Setting next_dagrun for example_trigger_target_dag to None
[2023-12-28 23:57:50,282] {processor.py:171} INFO - Processing /home/airflow/.local/lib/python3.6/site-packages/airflow/example_dags/example_trigger_target_dag.py took 0.277 seconds
[2023-12-28 23:58:20,499] {processor.py:163} INFO - Started process (PID=674) to work on /home/airflow/.local/lib/python3.6/site-packages/airflow/example_dags/example_trigger_target_dag.py
[2023-12-28 23:58:20,502] {processor.py:642} INFO - Processing file /home/airflow/.local/lib/python3.6/site-packages/airflow/example_dags/example_trigger_target_dag.py for tasks to queue
[2023-12-28 23:58:20,505] {logging_mixin.py:109} INFO - [2023-12-28 23:58:20,504] {dagbag.py:500} INFO - Filling up the DagBag from /home/airflow/.local/lib/python3.6/site-packages/airflow/example_dags/example_trigger_target_dag.py
[2023-12-28 23:58:20,580] {processor.py:654} INFO - DAG(s) dict_keys(['example_trigger_target_dag']) retrieved from /home/airflow/.local/lib/python3.6/site-packages/airflow/example_dags/example_trigger_target_dag.py
[2023-12-28 23:58:20,604] {logging_mixin.py:109} INFO - [2023-12-28 23:58:20,603] {dag.py:2396} INFO - Sync 1 DAGs
[2023-12-28 23:58:20,625] {logging_mixin.py:109} INFO - [2023-12-28 23:58:20,625] {dag.py:2935} INFO - Setting next_dagrun for example_trigger_target_dag to None
[2023-12-28 23:58:20,642] {processor.py:171} INFO - Processing /home/airflow/.local/lib/python3.6/site-packages/airflow/example_dags/example_trigger_target_dag.py took 0.153 seconds
[2023-12-28 23:58:51,460] {processor.py:163} INFO - Started process (PID=731) to work on /home/airflow/.local/lib/python3.6/site-packages/airflow/example_dags/example_trigger_target_dag.py
[2023-12-28 23:58:51,469] {processor.py:642} INFO - Processing file /home/airflow/.local/lib/python3.6/site-packages/airflow/example_dags/example_trigger_target_dag.py for tasks to queue
[2023-12-28 23:58:51,473] {logging_mixin.py:109} INFO - [2023-12-28 23:58:51,473] {dagbag.py:500} INFO - Filling up the DagBag from /home/airflow/.local/lib/python3.6/site-packages/airflow/example_dags/example_trigger_target_dag.py
[2023-12-28 23:58:51,753] {processor.py:654} INFO - DAG(s) dict_keys(['example_trigger_target_dag']) retrieved from /home/airflow/.local/lib/python3.6/site-packages/airflow/example_dags/example_trigger_target_dag.py
[2023-12-28 23:58:51,828] {logging_mixin.py:109} INFO - [2023-12-28 23:58:51,828] {dag.py:2396} INFO - Sync 1 DAGs
[2023-12-28 23:58:51,882] {logging_mixin.py:109} INFO - [2023-12-28 23:58:51,882] {dag.py:2935} INFO - Setting next_dagrun for example_trigger_target_dag to None
[2023-12-28 23:58:51,924] {processor.py:171} INFO - Processing /home/airflow/.local/lib/python3.6/site-packages/airflow/example_dags/example_trigger_target_dag.py took 0.478 seconds
[2023-12-28 23:59:22,068] {processor.py:163} INFO - Started process (PID=778) to work on /home/airflow/.local/lib/python3.6/site-packages/airflow/example_dags/example_trigger_target_dag.py
[2023-12-28 23:59:22,077] {processor.py:642} INFO - Processing file /home/airflow/.local/lib/python3.6/site-packages/airflow/example_dags/example_trigger_target_dag.py for tasks to queue
[2023-12-28 23:59:22,079] {logging_mixin.py:109} INFO - [2023-12-28 23:59:22,079] {dagbag.py:500} INFO - Filling up the DagBag from /home/airflow/.local/lib/python3.6/site-packages/airflow/example_dags/example_trigger_target_dag.py
[2023-12-28 23:59:22,307] {processor.py:654} INFO - DAG(s) dict_keys(['example_trigger_target_dag']) retrieved from /home/airflow/.local/lib/python3.6/site-packages/airflow/example_dags/example_trigger_target_dag.py
[2023-12-28 23:59:22,578] {logging_mixin.py:109} INFO - [2023-12-28 23:59:22,578] {dag.py:2396} INFO - Sync 1 DAGs
[2023-12-28 23:59:22,679] {logging_mixin.py:109} INFO - [2023-12-28 23:59:22,679] {dag.py:2935} INFO - Setting next_dagrun for example_trigger_target_dag to None
[2023-12-28 23:59:22,773] {processor.py:171} INFO - Processing /home/airflow/.local/lib/python3.6/site-packages/airflow/example_dags/example_trigger_target_dag.py took 0.713 seconds
[2023-12-28 23:59:53,040] {processor.py:163} INFO - Started process (PID=834) to work on /home/airflow/.local/lib/python3.6/site-packages/airflow/example_dags/example_trigger_target_dag.py
[2023-12-28 23:59:53,042] {processor.py:642} INFO - Processing file /home/airflow/.local/lib/python3.6/site-packages/airflow/example_dags/example_trigger_target_dag.py for tasks to queue
[2023-12-28 23:59:53,044] {logging_mixin.py:109} INFO - [2023-12-28 23:59:53,044] {dagbag.py:500} INFO - Filling up the DagBag from /home/airflow/.local/lib/python3.6/site-packages/airflow/example_dags/example_trigger_target_dag.py
[2023-12-28 23:59:53,106] {processor.py:654} INFO - DAG(s) dict_keys(['example_trigger_target_dag']) retrieved from /home/airflow/.local/lib/python3.6/site-packages/airflow/example_dags/example_trigger_target_dag.py
[2023-12-28 23:59:53,128] {logging_mixin.py:109} INFO - [2023-12-28 23:59:53,127] {dag.py:2396} INFO - Sync 1 DAGs
[2023-12-28 23:59:53,159] {logging_mixin.py:109} INFO - [2023-12-28 23:59:53,159] {dag.py:2935} INFO - Setting next_dagrun for example_trigger_target_dag to None
[2023-12-28 23:59:53,178] {processor.py:171} INFO - Processing /home/airflow/.local/lib/python3.6/site-packages/airflow/example_dags/example_trigger_target_dag.py took 0.143 seconds
