[2023-12-28 23:53:12,652] {processor.py:163} INFO - Started process (PID=319) to work on /home/airflow/.local/lib/python3.6/site-packages/airflow/example_dags/example_complex.py
[2023-12-28 23:53:12,659] {processor.py:642} INFO - Processing file /home/airflow/.local/lib/python3.6/site-packages/airflow/example_dags/example_complex.py for tasks to queue
[2023-12-28 23:53:12,702] {logging_mixin.py:109} INFO - [2023-12-28 23:53:12,701] {dagbag.py:500} INFO - Filling up the DagBag from /home/airflow/.local/lib/python3.6/site-packages/airflow/example_dags/example_complex.py
[2023-12-28 23:53:13,339] {processor.py:654} INFO - DAG(s) dict_keys(['example_complex']) retrieved from /home/airflow/.local/lib/python3.6/site-packages/airflow/example_dags/example_complex.py
[2023-12-28 23:53:49,897] {logging_mixin.py:109} INFO - [2023-12-28 23:53:49,897] {manager.py:496} INFO - Created Permission View: can edit on DAG:example_complex
[2023-12-28 23:53:50,526] {logging_mixin.py:109} INFO - [2023-12-28 23:53:50,526] {manager.py:496} INFO - Created Permission View: can read on DAG:example_complex
[2023-12-28 23:53:50,620] {logging_mixin.py:109} INFO - [2023-12-28 23:53:50,617] {dag.py:2396} INFO - Sync 1 DAGs
[2023-12-28 23:53:51,107] {logging_mixin.py:109} INFO - [2023-12-28 23:53:51,105] {dag.py:2415} INFO - Creating ORM DAG for example_complex
[2023-12-28 23:53:51,319] {logging_mixin.py:109} INFO - [2023-12-28 23:53:51,319] {dag.py:2935} INFO - Setting next_dagrun for example_complex to None
[2023-12-28 23:53:51,533] {processor.py:171} INFO - Processing /home/airflow/.local/lib/python3.6/site-packages/airflow/example_dags/example_complex.py took 38.890 seconds
[2023-12-28 23:54:55,929] {processor.py:163} INFO - Started process (PID=398) to work on /home/airflow/.local/lib/python3.6/site-packages/airflow/example_dags/example_complex.py
[2023-12-28 23:54:56,192] {processor.py:642} INFO - Processing file /home/airflow/.local/lib/python3.6/site-packages/airflow/example_dags/example_complex.py for tasks to queue
[2023-12-28 23:54:56,458] {logging_mixin.py:109} INFO - [2023-12-28 23:54:56,458] {dagbag.py:500} INFO - Filling up the DagBag from /home/airflow/.local/lib/python3.6/site-packages/airflow/example_dags/example_complex.py
[2023-12-28 23:54:57,307] {processor.py:654} INFO - DAG(s) dict_keys(['example_complex']) retrieved from /home/airflow/.local/lib/python3.6/site-packages/airflow/example_dags/example_complex.py
[2023-12-28 23:54:57,556] {logging_mixin.py:109} INFO - [2023-12-28 23:54:57,556] {dag.py:2396} INFO - Sync 1 DAGs
[2023-12-28 23:54:57,802] {logging_mixin.py:109} INFO - [2023-12-28 23:54:57,802] {dag.py:2935} INFO - Setting next_dagrun for example_complex to None
[2023-12-28 23:54:57,930] {processor.py:171} INFO - Processing /home/airflow/.local/lib/python3.6/site-packages/airflow/example_dags/example_complex.py took 2.006 seconds
[2023-12-28 23:57:34,822] {processor.py:163} INFO - Started process (PID=596) to work on /home/airflow/.local/lib/python3.6/site-packages/airflow/example_dags/example_complex.py
[2023-12-28 23:57:34,826] {processor.py:642} INFO - Processing file /home/airflow/.local/lib/python3.6/site-packages/airflow/example_dags/example_complex.py for tasks to queue
[2023-12-28 23:57:34,827] {logging_mixin.py:109} INFO - [2023-12-28 23:57:34,827] {dagbag.py:500} INFO - Filling up the DagBag from /home/airflow/.local/lib/python3.6/site-packages/airflow/example_dags/example_complex.py
[2023-12-28 23:57:34,909] {processor.py:654} INFO - DAG(s) dict_keys(['example_complex']) retrieved from /home/airflow/.local/lib/python3.6/site-packages/airflow/example_dags/example_complex.py
[2023-12-28 23:57:34,949] {logging_mixin.py:109} INFO - [2023-12-28 23:57:34,949] {dag.py:2396} INFO - Sync 1 DAGs
[2023-12-28 23:57:35,008] {logging_mixin.py:109} INFO - [2023-12-28 23:57:35,008] {dag.py:2935} INFO - Setting next_dagrun for example_complex to None
[2023-12-28 23:57:35,081] {processor.py:171} INFO - Processing /home/airflow/.local/lib/python3.6/site-packages/airflow/example_dags/example_complex.py took 0.265 seconds
[2023-12-28 23:58:05,880] {processor.py:163} INFO - Started process (PID=652) to work on /home/airflow/.local/lib/python3.6/site-packages/airflow/example_dags/example_complex.py
[2023-12-28 23:58:05,933] {processor.py:642} INFO - Processing file /home/airflow/.local/lib/python3.6/site-packages/airflow/example_dags/example_complex.py for tasks to queue
[2023-12-28 23:58:06,048] {logging_mixin.py:109} INFO - [2023-12-28 23:58:06,047] {dagbag.py:500} INFO - Filling up the DagBag from /home/airflow/.local/lib/python3.6/site-packages/airflow/example_dags/example_complex.py
[2023-12-28 23:58:06,764] {processor.py:654} INFO - DAG(s) dict_keys(['example_complex']) retrieved from /home/airflow/.local/lib/python3.6/site-packages/airflow/example_dags/example_complex.py
[2023-12-28 23:58:07,064] {logging_mixin.py:109} INFO - [2023-12-28 23:58:07,064] {dag.py:2396} INFO - Sync 1 DAGs
[2023-12-28 23:58:07,193] {logging_mixin.py:109} INFO - [2023-12-28 23:58:07,192] {dag.py:2935} INFO - Setting next_dagrun for example_complex to None
[2023-12-28 23:58:07,321] {processor.py:171} INFO - Processing /home/airflow/.local/lib/python3.6/site-packages/airflow/example_dags/example_complex.py took 1.460 seconds
[2023-12-28 23:58:38,325] {processor.py:163} INFO - Started process (PID=699) to work on /home/airflow/.local/lib/python3.6/site-packages/airflow/example_dags/example_complex.py
[2023-12-28 23:58:38,328] {processor.py:642} INFO - Processing file /home/airflow/.local/lib/python3.6/site-packages/airflow/example_dags/example_complex.py for tasks to queue
[2023-12-28 23:58:38,330] {logging_mixin.py:109} INFO - [2023-12-28 23:58:38,330] {dagbag.py:500} INFO - Filling up the DagBag from /home/airflow/.local/lib/python3.6/site-packages/airflow/example_dags/example_complex.py
[2023-12-28 23:58:38,394] {processor.py:654} INFO - DAG(s) dict_keys(['example_complex']) retrieved from /home/airflow/.local/lib/python3.6/site-packages/airflow/example_dags/example_complex.py
[2023-12-28 23:58:38,435] {logging_mixin.py:109} INFO - [2023-12-28 23:58:38,435] {dag.py:2396} INFO - Sync 1 DAGs
[2023-12-28 23:58:38,469] {logging_mixin.py:109} INFO - [2023-12-28 23:58:38,469] {dag.py:2935} INFO - Setting next_dagrun for example_complex to None
[2023-12-28 23:58:38,497] {processor.py:171} INFO - Processing /home/airflow/.local/lib/python3.6/site-packages/airflow/example_dags/example_complex.py took 0.179 seconds
[2023-12-28 23:59:08,759] {processor.py:163} INFO - Started process (PID=756) to work on /home/airflow/.local/lib/python3.6/site-packages/airflow/example_dags/example_complex.py
[2023-12-28 23:59:08,774] {processor.py:642} INFO - Processing file /home/airflow/.local/lib/python3.6/site-packages/airflow/example_dags/example_complex.py for tasks to queue
[2023-12-28 23:59:08,780] {logging_mixin.py:109} INFO - [2023-12-28 23:59:08,780] {dagbag.py:500} INFO - Filling up the DagBag from /home/airflow/.local/lib/python3.6/site-packages/airflow/example_dags/example_complex.py
[2023-12-28 23:59:08,950] {processor.py:654} INFO - DAG(s) dict_keys(['example_complex']) retrieved from /home/airflow/.local/lib/python3.6/site-packages/airflow/example_dags/example_complex.py
[2023-12-28 23:59:09,002] {logging_mixin.py:109} INFO - [2023-12-28 23:59:09,002] {dag.py:2396} INFO - Sync 1 DAGs
[2023-12-28 23:59:09,059] {logging_mixin.py:109} INFO - [2023-12-28 23:59:09,059] {dag.py:2935} INFO - Setting next_dagrun for example_complex to None
[2023-12-28 23:59:09,090] {processor.py:171} INFO - Processing /home/airflow/.local/lib/python3.6/site-packages/airflow/example_dags/example_complex.py took 0.339 seconds
[2023-12-28 23:59:39,658] {processor.py:163} INFO - Started process (PID=802) to work on /home/airflow/.local/lib/python3.6/site-packages/airflow/example_dags/example_complex.py
[2023-12-28 23:59:39,661] {processor.py:642} INFO - Processing file /home/airflow/.local/lib/python3.6/site-packages/airflow/example_dags/example_complex.py for tasks to queue
[2023-12-28 23:59:39,662] {logging_mixin.py:109} INFO - [2023-12-28 23:59:39,662] {dagbag.py:500} INFO - Filling up the DagBag from /home/airflow/.local/lib/python3.6/site-packages/airflow/example_dags/example_complex.py
[2023-12-28 23:59:39,777] {processor.py:654} INFO - DAG(s) dict_keys(['example_complex']) retrieved from /home/airflow/.local/lib/python3.6/site-packages/airflow/example_dags/example_complex.py
[2023-12-28 23:59:39,836] {logging_mixin.py:109} INFO - [2023-12-28 23:59:39,835] {dag.py:2396} INFO - Sync 1 DAGs
[2023-12-28 23:59:39,886] {logging_mixin.py:109} INFO - [2023-12-28 23:59:39,886] {dag.py:2935} INFO - Setting next_dagrun for example_complex to None
[2023-12-28 23:59:39,906] {processor.py:171} INFO - Processing /home/airflow/.local/lib/python3.6/site-packages/airflow/example_dags/example_complex.py took 0.258 seconds
