[2023-12-28 23:57:20,889] {processor.py:163} INFO - Started process (PID=563) to work on /home/airflow/.local/lib/python3.6/site-packages/airflow/example_dags/example_branch_day_of_week_operator.py
[2023-12-28 23:57:20,892] {processor.py:642} INFO - Processing file /home/airflow/.local/lib/python3.6/site-packages/airflow/example_dags/example_branch_day_of_week_operator.py for tasks to queue
[2023-12-28 23:57:20,894] {logging_mixin.py:109} INFO - [2023-12-28 23:57:20,893] {dagbag.py:500} INFO - Filling up the DagBag from /home/airflow/.local/lib/python3.6/site-packages/airflow/example_dags/example_branch_day_of_week_operator.py
[2023-12-28 23:57:20,987] {processor.py:654} INFO - DAG(s) dict_keys(['example_weekday_branch_operator']) retrieved from /home/airflow/.local/lib/python3.6/site-packages/airflow/example_dags/example_branch_day_of_week_operator.py
[2023-12-28 23:57:27,571] {logging_mixin.py:109} INFO - [2023-12-28 23:57:27,571] {manager.py:496} INFO - Created Permission View: can edit on DAG:example_weekday_branch_operator
[2023-12-28 23:57:27,594] {logging_mixin.py:109} INFO - [2023-12-28 23:57:27,593] {manager.py:496} INFO - Created Permission View: can read on DAG:example_weekday_branch_operator
[2023-12-28 23:57:27,597] {logging_mixin.py:109} INFO - [2023-12-28 23:57:27,594] {dag.py:2396} INFO - Sync 1 DAGs
[2023-12-28 23:57:27,646] {logging_mixin.py:109} INFO - [2023-12-28 23:57:27,644] {dag.py:2415} INFO - Creating ORM DAG for example_weekday_branch_operator
[2023-12-28 23:57:27,697] {logging_mixin.py:109} INFO - [2023-12-28 23:57:27,696] {dag.py:2935} INFO - Setting next_dagrun for example_weekday_branch_operator to 2023-12-27 00:00:00+00:00
[2023-12-28 23:57:27,754] {processor.py:171} INFO - Processing /home/airflow/.local/lib/python3.6/site-packages/airflow/example_dags/example_branch_day_of_week_operator.py took 6.863 seconds
[2023-12-28 23:57:58,196] {processor.py:163} INFO - Started process (PID=629) to work on /home/airflow/.local/lib/python3.6/site-packages/airflow/example_dags/example_branch_day_of_week_operator.py
[2023-12-28 23:57:58,200] {processor.py:642} INFO - Processing file /home/airflow/.local/lib/python3.6/site-packages/airflow/example_dags/example_branch_day_of_week_operator.py for tasks to queue
[2023-12-28 23:57:58,204] {logging_mixin.py:109} INFO - [2023-12-28 23:57:58,203] {dagbag.py:500} INFO - Filling up the DagBag from /home/airflow/.local/lib/python3.6/site-packages/airflow/example_dags/example_branch_day_of_week_operator.py
[2023-12-28 23:57:58,273] {processor.py:654} INFO - DAG(s) dict_keys(['example_weekday_branch_operator']) retrieved from /home/airflow/.local/lib/python3.6/site-packages/airflow/example_dags/example_branch_day_of_week_operator.py
[2023-12-28 23:57:58,309] {logging_mixin.py:109} INFO - [2023-12-28 23:57:58,309] {dag.py:2396} INFO - Sync 1 DAGs
[2023-12-28 23:57:58,343] {logging_mixin.py:109} INFO - [2023-12-28 23:57:58,343] {dag.py:2935} INFO - Setting next_dagrun for example_weekday_branch_operator to 2023-12-27 00:00:00+00:00
[2023-12-28 23:57:58,369] {processor.py:171} INFO - Processing /home/airflow/.local/lib/python3.6/site-packages/airflow/example_dags/example_branch_day_of_week_operator.py took 0.180 seconds
[2023-12-28 23:58:28,982] {processor.py:163} INFO - Started process (PID=686) to work on /home/airflow/.local/lib/python3.6/site-packages/airflow/example_dags/example_branch_day_of_week_operator.py
[2023-12-28 23:58:28,985] {processor.py:642} INFO - Processing file /home/airflow/.local/lib/python3.6/site-packages/airflow/example_dags/example_branch_day_of_week_operator.py for tasks to queue
[2023-12-28 23:58:28,987] {logging_mixin.py:109} INFO - [2023-12-28 23:58:28,987] {dagbag.py:500} INFO - Filling up the DagBag from /home/airflow/.local/lib/python3.6/site-packages/airflow/example_dags/example_branch_day_of_week_operator.py
[2023-12-28 23:58:29,114] {processor.py:654} INFO - DAG(s) dict_keys(['example_weekday_branch_operator']) retrieved from /home/airflow/.local/lib/python3.6/site-packages/airflow/example_dags/example_branch_day_of_week_operator.py
[2023-12-28 23:58:29,174] {logging_mixin.py:109} INFO - [2023-12-28 23:58:29,173] {dag.py:2396} INFO - Sync 1 DAGs
[2023-12-28 23:58:29,228] {logging_mixin.py:109} INFO - [2023-12-28 23:58:29,228] {dag.py:2935} INFO - Setting next_dagrun for example_weekday_branch_operator to 2023-12-27 00:00:00+00:00
[2023-12-28 23:58:29,256] {processor.py:171} INFO - Processing /home/airflow/.local/lib/python3.6/site-packages/airflow/example_dags/example_branch_day_of_week_operator.py took 0.287 seconds
[2023-12-28 23:58:59,352] {processor.py:163} INFO - Started process (PID=733) to work on /home/airflow/.local/lib/python3.6/site-packages/airflow/example_dags/example_branch_day_of_week_operator.py
[2023-12-28 23:58:59,354] {processor.py:642} INFO - Processing file /home/airflow/.local/lib/python3.6/site-packages/airflow/example_dags/example_branch_day_of_week_operator.py for tasks to queue
[2023-12-28 23:58:59,356] {logging_mixin.py:109} INFO - [2023-12-28 23:58:59,356] {dagbag.py:500} INFO - Filling up the DagBag from /home/airflow/.local/lib/python3.6/site-packages/airflow/example_dags/example_branch_day_of_week_operator.py
[2023-12-28 23:58:59,438] {processor.py:654} INFO - DAG(s) dict_keys(['example_weekday_branch_operator']) retrieved from /home/airflow/.local/lib/python3.6/site-packages/airflow/example_dags/example_branch_day_of_week_operator.py
[2023-12-28 23:58:59,470] {logging_mixin.py:109} INFO - [2023-12-28 23:58:59,470] {dag.py:2396} INFO - Sync 1 DAGs
[2023-12-28 23:58:59,508] {logging_mixin.py:109} INFO - [2023-12-28 23:58:59,508] {dag.py:2935} INFO - Setting next_dagrun for example_weekday_branch_operator to 2023-12-27 00:00:00+00:00
[2023-12-28 23:58:59,533] {processor.py:171} INFO - Processing /home/airflow/.local/lib/python3.6/site-packages/airflow/example_dags/example_branch_day_of_week_operator.py took 0.193 seconds
[2023-12-28 23:59:29,900] {processor.py:163} INFO - Started process (PID=789) to work on /home/airflow/.local/lib/python3.6/site-packages/airflow/example_dags/example_branch_day_of_week_operator.py
[2023-12-28 23:59:29,926] {processor.py:642} INFO - Processing file /home/airflow/.local/lib/python3.6/site-packages/airflow/example_dags/example_branch_day_of_week_operator.py for tasks to queue
[2023-12-28 23:59:29,946] {logging_mixin.py:109} INFO - [2023-12-28 23:59:29,945] {dagbag.py:500} INFO - Filling up the DagBag from /home/airflow/.local/lib/python3.6/site-packages/airflow/example_dags/example_branch_day_of_week_operator.py
[2023-12-28 23:59:30,128] {processor.py:654} INFO - DAG(s) dict_keys(['example_weekday_branch_operator']) retrieved from /home/airflow/.local/lib/python3.6/site-packages/airflow/example_dags/example_branch_day_of_week_operator.py
[2023-12-28 23:59:30,176] {logging_mixin.py:109} INFO - [2023-12-28 23:59:30,176] {dag.py:2396} INFO - Sync 1 DAGs
[2023-12-28 23:59:30,221] {logging_mixin.py:109} INFO - [2023-12-28 23:59:30,220] {dag.py:2935} INFO - Setting next_dagrun for example_weekday_branch_operator to 2023-12-27 00:00:00+00:00
[2023-12-28 23:59:30,279] {processor.py:171} INFO - Processing /home/airflow/.local/lib/python3.6/site-packages/airflow/example_dags/example_branch_day_of_week_operator.py took 0.387 seconds
