[2023-12-28 23:52:42,533] {processor.py:163} INFO - Started process (PID=297) to work on /home/airflow/.local/lib/python3.6/site-packages/airflow/example_dags/example_trigger_controller_dag.py
[2023-12-28 23:52:42,561] {processor.py:642} INFO - Processing file /home/airflow/.local/lib/python3.6/site-packages/airflow/example_dags/example_trigger_controller_dag.py for tasks to queue
[2023-12-28 23:52:42,563] {logging_mixin.py:109} INFO - [2023-12-28 23:52:42,562] {dagbag.py:500} INFO - Filling up the DagBag from /home/airflow/.local/lib/python3.6/site-packages/airflow/example_dags/example_trigger_controller_dag.py
[2023-12-28 23:52:42,683] {processor.py:654} INFO - DAG(s) dict_keys(['example_trigger_controller_dag']) retrieved from /home/airflow/.local/lib/python3.6/site-packages/airflow/example_dags/example_trigger_controller_dag.py
[2023-12-28 23:53:07,177] {logging_mixin.py:109} INFO - [2023-12-28 23:53:07,176] {manager.py:496} INFO - Created Permission View: can edit on DAG:example_trigger_controller_dag
[2023-12-28 23:53:07,448] {logging_mixin.py:109} INFO - [2023-12-28 23:53:07,448] {manager.py:496} INFO - Created Permission View: can read on DAG:example_trigger_controller_dag
[2023-12-28 23:53:07,478] {logging_mixin.py:109} INFO - [2023-12-28 23:53:07,476] {dag.py:2396} INFO - Sync 1 DAGs
[2023-12-28 23:53:07,744] {logging_mixin.py:109} INFO - [2023-12-28 23:53:07,728] {dag.py:2415} INFO - Creating ORM DAG for example_trigger_controller_dag
[2023-12-28 23:53:07,797] {logging_mixin.py:109} INFO - [2023-12-28 23:53:07,797] {dag.py:2935} INFO - Setting next_dagrun for example_trigger_controller_dag to 2021-01-01T00:00:00+00:00
[2023-12-28 23:53:07,936] {processor.py:171} INFO - Processing /home/airflow/.local/lib/python3.6/site-packages/airflow/example_dags/example_trigger_controller_dag.py took 25.408 seconds
[2023-12-28 23:54:53,675] {processor.py:163} INFO - Started process (PID=394) to work on /home/airflow/.local/lib/python3.6/site-packages/airflow/example_dags/example_trigger_controller_dag.py
[2023-12-28 23:54:54,173] {processor.py:642} INFO - Processing file /home/airflow/.local/lib/python3.6/site-packages/airflow/example_dags/example_trigger_controller_dag.py for tasks to queue
[2023-12-28 23:54:54,182] {logging_mixin.py:109} INFO - [2023-12-28 23:54:54,175] {dagbag.py:500} INFO - Filling up the DagBag from /home/airflow/.local/lib/python3.6/site-packages/airflow/example_dags/example_trigger_controller_dag.py
[2023-12-28 23:54:54,429] {processor.py:654} INFO - DAG(s) dict_keys(['example_trigger_controller_dag']) retrieved from /home/airflow/.local/lib/python3.6/site-packages/airflow/example_dags/example_trigger_controller_dag.py
[2023-12-28 23:54:54,481] {logging_mixin.py:109} INFO - [2023-12-28 23:54:54,481] {dag.py:2396} INFO - Sync 1 DAGs
[2023-12-28 23:54:54,614] {logging_mixin.py:109} INFO - [2023-12-28 23:54:54,614] {dag.py:2935} INFO - Setting next_dagrun for example_trigger_controller_dag to 2021-01-01T00:00:00+00:00
[2023-12-28 23:54:54,916] {processor.py:171} INFO - Processing /home/airflow/.local/lib/python3.6/site-packages/airflow/example_dags/example_trigger_controller_dag.py took 0.775 seconds
[2023-12-28 23:57:33,970] {processor.py:163} INFO - Started process (PID=593) to work on /home/airflow/.local/lib/python3.6/site-packages/airflow/example_dags/example_trigger_controller_dag.py
[2023-12-28 23:57:33,976] {processor.py:642} INFO - Processing file /home/airflow/.local/lib/python3.6/site-packages/airflow/example_dags/example_trigger_controller_dag.py for tasks to queue
[2023-12-28 23:57:33,986] {logging_mixin.py:109} INFO - [2023-12-28 23:57:33,985] {dagbag.py:500} INFO - Filling up the DagBag from /home/airflow/.local/lib/python3.6/site-packages/airflow/example_dags/example_trigger_controller_dag.py
[2023-12-28 23:57:34,114] {processor.py:654} INFO - DAG(s) dict_keys(['example_trigger_controller_dag']) retrieved from /home/airflow/.local/lib/python3.6/site-packages/airflow/example_dags/example_trigger_controller_dag.py
[2023-12-28 23:57:34,220] {logging_mixin.py:109} INFO - [2023-12-28 23:57:34,193] {dag.py:2396} INFO - Sync 1 DAGs
[2023-12-28 23:57:34,294] {logging_mixin.py:109} INFO - [2023-12-28 23:57:34,294] {dag.py:2935} INFO - Setting next_dagrun for example_trigger_controller_dag to 2021-01-01T00:00:00+00:00
[2023-12-28 23:57:34,338] {processor.py:171} INFO - Processing /home/airflow/.local/lib/python3.6/site-packages/airflow/example_dags/example_trigger_controller_dag.py took 0.377 seconds
[2023-12-28 23:58:04,433] {processor.py:163} INFO - Started process (PID=648) to work on /home/airflow/.local/lib/python3.6/site-packages/airflow/example_dags/example_trigger_controller_dag.py
[2023-12-28 23:58:04,440] {processor.py:642} INFO - Processing file /home/airflow/.local/lib/python3.6/site-packages/airflow/example_dags/example_trigger_controller_dag.py for tasks to queue
[2023-12-28 23:58:04,449] {logging_mixin.py:109} INFO - [2023-12-28 23:58:04,448] {dagbag.py:500} INFO - Filling up the DagBag from /home/airflow/.local/lib/python3.6/site-packages/airflow/example_dags/example_trigger_controller_dag.py
[2023-12-28 23:58:04,549] {processor.py:654} INFO - DAG(s) dict_keys(['example_trigger_controller_dag']) retrieved from /home/airflow/.local/lib/python3.6/site-packages/airflow/example_dags/example_trigger_controller_dag.py
[2023-12-28 23:58:04,572] {logging_mixin.py:109} INFO - [2023-12-28 23:58:04,572] {dag.py:2396} INFO - Sync 1 DAGs
[2023-12-28 23:58:04,611] {logging_mixin.py:109} INFO - [2023-12-28 23:58:04,611] {dag.py:2935} INFO - Setting next_dagrun for example_trigger_controller_dag to 2021-01-01T00:00:00+00:00
[2023-12-28 23:58:04,632] {processor.py:171} INFO - Processing /home/airflow/.local/lib/python3.6/site-packages/airflow/example_dags/example_trigger_controller_dag.py took 0.207 seconds
[2023-12-28 23:58:34,935] {processor.py:163} INFO - Started process (PID=696) to work on /home/airflow/.local/lib/python3.6/site-packages/airflow/example_dags/example_trigger_controller_dag.py
[2023-12-28 23:58:34,941] {processor.py:642} INFO - Processing file /home/airflow/.local/lib/python3.6/site-packages/airflow/example_dags/example_trigger_controller_dag.py for tasks to queue
[2023-12-28 23:58:34,946] {logging_mixin.py:109} INFO - [2023-12-28 23:58:34,945] {dagbag.py:500} INFO - Filling up the DagBag from /home/airflow/.local/lib/python3.6/site-packages/airflow/example_dags/example_trigger_controller_dag.py
[2023-12-28 23:58:35,000] {processor.py:654} INFO - DAG(s) dict_keys(['example_trigger_controller_dag']) retrieved from /home/airflow/.local/lib/python3.6/site-packages/airflow/example_dags/example_trigger_controller_dag.py
[2023-12-28 23:58:35,022] {logging_mixin.py:109} INFO - [2023-12-28 23:58:35,022] {dag.py:2396} INFO - Sync 1 DAGs
[2023-12-28 23:58:35,048] {logging_mixin.py:109} INFO - [2023-12-28 23:58:35,048] {dag.py:2935} INFO - Setting next_dagrun for example_trigger_controller_dag to 2021-01-01T00:00:00+00:00
[2023-12-28 23:58:35,079] {processor.py:171} INFO - Processing /home/airflow/.local/lib/python3.6/site-packages/airflow/example_dags/example_trigger_controller_dag.py took 0.154 seconds
[2023-12-28 23:59:06,128] {processor.py:163} INFO - Started process (PID=753) to work on /home/airflow/.local/lib/python3.6/site-packages/airflow/example_dags/example_trigger_controller_dag.py
[2023-12-28 23:59:06,130] {processor.py:642} INFO - Processing file /home/airflow/.local/lib/python3.6/site-packages/airflow/example_dags/example_trigger_controller_dag.py for tasks to queue
[2023-12-28 23:59:06,132] {logging_mixin.py:109} INFO - [2023-12-28 23:59:06,132] {dagbag.py:500} INFO - Filling up the DagBag from /home/airflow/.local/lib/python3.6/site-packages/airflow/example_dags/example_trigger_controller_dag.py
[2023-12-28 23:59:06,209] {processor.py:654} INFO - DAG(s) dict_keys(['example_trigger_controller_dag']) retrieved from /home/airflow/.local/lib/python3.6/site-packages/airflow/example_dags/example_trigger_controller_dag.py
[2023-12-28 23:59:06,231] {logging_mixin.py:109} INFO - [2023-12-28 23:59:06,231] {dag.py:2396} INFO - Sync 1 DAGs
[2023-12-28 23:59:06,259] {logging_mixin.py:109} INFO - [2023-12-28 23:59:06,259] {dag.py:2935} INFO - Setting next_dagrun for example_trigger_controller_dag to 2021-01-01T00:00:00+00:00
[2023-12-28 23:59:06,277] {processor.py:171} INFO - Processing /home/airflow/.local/lib/python3.6/site-packages/airflow/example_dags/example_trigger_controller_dag.py took 0.159 seconds
[2023-12-28 23:59:37,254] {processor.py:163} INFO - Started process (PID=799) to work on /home/airflow/.local/lib/python3.6/site-packages/airflow/example_dags/example_trigger_controller_dag.py
[2023-12-28 23:59:37,266] {processor.py:642} INFO - Processing file /home/airflow/.local/lib/python3.6/site-packages/airflow/example_dags/example_trigger_controller_dag.py for tasks to queue
[2023-12-28 23:59:37,268] {logging_mixin.py:109} INFO - [2023-12-28 23:59:37,268] {dagbag.py:500} INFO - Filling up the DagBag from /home/airflow/.local/lib/python3.6/site-packages/airflow/example_dags/example_trigger_controller_dag.py
[2023-12-28 23:59:37,404] {processor.py:654} INFO - DAG(s) dict_keys(['example_trigger_controller_dag']) retrieved from /home/airflow/.local/lib/python3.6/site-packages/airflow/example_dags/example_trigger_controller_dag.py
[2023-12-28 23:59:37,428] {logging_mixin.py:109} INFO - [2023-12-28 23:59:37,428] {dag.py:2396} INFO - Sync 1 DAGs
[2023-12-28 23:59:37,488] {logging_mixin.py:109} INFO - [2023-12-28 23:59:37,488] {dag.py:2935} INFO - Setting next_dagrun for example_trigger_controller_dag to 2021-01-01T00:00:00+00:00
[2023-12-28 23:59:37,524] {processor.py:171} INFO - Processing /home/airflow/.local/lib/python3.6/site-packages/airflow/example_dags/example_trigger_controller_dag.py took 0.279 seconds
