[2023-12-28 23:54:59,328] {processor.py:163} INFO - Started process (PID=401) to work on /home/airflow/.local/lib/python3.6/site-packages/airflow/example_dags/example_xcom.py
[2023-12-28 23:54:59,355] {processor.py:642} INFO - Processing file /home/airflow/.local/lib/python3.6/site-packages/airflow/example_dags/example_xcom.py for tasks to queue
[2023-12-28 23:54:59,357] {logging_mixin.py:109} INFO - [2023-12-28 23:54:59,357] {dagbag.py:500} INFO - Filling up the DagBag from /home/airflow/.local/lib/python3.6/site-packages/airflow/example_dags/example_xcom.py
[2023-12-28 23:54:59,582] {processor.py:654} INFO - DAG(s) dict_keys(['example_xcom']) retrieved from /home/airflow/.local/lib/python3.6/site-packages/airflow/example_dags/example_xcom.py
[2023-12-28 23:55:14,487] {logging_mixin.py:109} INFO - [2023-12-28 23:55:14,487] {manager.py:496} INFO - Created Permission View: can edit on DAG:example_xcom
[2023-12-28 23:55:14,556] {logging_mixin.py:109} INFO - [2023-12-28 23:55:14,556] {manager.py:496} INFO - Created Permission View: can read on DAG:example_xcom
[2023-12-28 23:55:14,559] {logging_mixin.py:109} INFO - [2023-12-28 23:55:14,557] {dag.py:2396} INFO - Sync 1 DAGs
[2023-12-28 23:55:14,637] {logging_mixin.py:109} INFO - [2023-12-28 23:55:14,635] {dag.py:2415} INFO - Creating ORM DAG for example_xcom
[2023-12-28 23:55:14,665] {logging_mixin.py:109} INFO - [2023-12-28 23:55:14,665] {dag.py:2935} INFO - Setting next_dagrun for example_xcom to 2021-01-01T00:00:00+00:00
[2023-12-28 23:55:14,716] {processor.py:171} INFO - Processing /home/airflow/.local/lib/python3.6/site-packages/airflow/example_dags/example_xcom.py took 15.394 seconds
[2023-12-28 23:57:35,700] {processor.py:163} INFO - Started process (PID=599) to work on /home/airflow/.local/lib/python3.6/site-packages/airflow/example_dags/example_xcom.py
[2023-12-28 23:57:35,715] {processor.py:642} INFO - Processing file /home/airflow/.local/lib/python3.6/site-packages/airflow/example_dags/example_xcom.py for tasks to queue
[2023-12-28 23:57:35,717] {logging_mixin.py:109} INFO - [2023-12-28 23:57:35,717] {dagbag.py:500} INFO - Filling up the DagBag from /home/airflow/.local/lib/python3.6/site-packages/airflow/example_dags/example_xcom.py
[2023-12-28 23:57:35,842] {processor.py:654} INFO - DAG(s) dict_keys(['example_xcom']) retrieved from /home/airflow/.local/lib/python3.6/site-packages/airflow/example_dags/example_xcom.py
[2023-12-28 23:57:36,496] {logging_mixin.py:109} INFO - [2023-12-28 23:57:36,496] {dag.py:2396} INFO - Sync 1 DAGs
[2023-12-28 23:57:36,520] {logging_mixin.py:109} INFO - [2023-12-28 23:57:36,520] {dag.py:2935} INFO - Setting next_dagrun for example_xcom to 2021-01-01T00:00:00+00:00
[2023-12-28 23:57:36,558] {processor.py:171} INFO - Processing /home/airflow/.local/lib/python3.6/site-packages/airflow/example_dags/example_xcom.py took 0.867 seconds
[2023-12-28 23:58:08,572] {processor.py:163} INFO - Started process (PID=656) to work on /home/airflow/.local/lib/python3.6/site-packages/airflow/example_dags/example_xcom.py
[2023-12-28 23:58:08,575] {processor.py:642} INFO - Processing file /home/airflow/.local/lib/python3.6/site-packages/airflow/example_dags/example_xcom.py for tasks to queue
[2023-12-28 23:58:08,584] {logging_mixin.py:109} INFO - [2023-12-28 23:58:08,584] {dagbag.py:500} INFO - Filling up the DagBag from /home/airflow/.local/lib/python3.6/site-packages/airflow/example_dags/example_xcom.py
[2023-12-28 23:58:08,733] {processor.py:654} INFO - DAG(s) dict_keys(['example_xcom']) retrieved from /home/airflow/.local/lib/python3.6/site-packages/airflow/example_dags/example_xcom.py
[2023-12-28 23:58:10,114] {logging_mixin.py:109} INFO - [2023-12-28 23:58:10,114] {dag.py:2396} INFO - Sync 1 DAGs
[2023-12-28 23:58:10,146] {logging_mixin.py:109} INFO - [2023-12-28 23:58:10,146] {dag.py:2935} INFO - Setting next_dagrun for example_xcom to 2021-01-01T00:00:00+00:00
[2023-12-28 23:58:10,193] {processor.py:171} INFO - Processing /home/airflow/.local/lib/python3.6/site-packages/airflow/example_dags/example_xcom.py took 1.665 seconds
[2023-12-28 23:58:40,818] {processor.py:163} INFO - Started process (PID=705) to work on /home/airflow/.local/lib/python3.6/site-packages/airflow/example_dags/example_xcom.py
[2023-12-28 23:58:40,821] {processor.py:642} INFO - Processing file /home/airflow/.local/lib/python3.6/site-packages/airflow/example_dags/example_xcom.py for tasks to queue
[2023-12-28 23:58:40,822] {logging_mixin.py:109} INFO - [2023-12-28 23:58:40,822] {dagbag.py:500} INFO - Filling up the DagBag from /home/airflow/.local/lib/python3.6/site-packages/airflow/example_dags/example_xcom.py
[2023-12-28 23:58:40,892] {processor.py:654} INFO - DAG(s) dict_keys(['example_xcom']) retrieved from /home/airflow/.local/lib/python3.6/site-packages/airflow/example_dags/example_xcom.py
[2023-12-28 23:58:41,440] {logging_mixin.py:109} INFO - [2023-12-28 23:58:41,440] {dag.py:2396} INFO - Sync 1 DAGs
[2023-12-28 23:58:41,460] {logging_mixin.py:109} INFO - [2023-12-28 23:58:41,460] {dag.py:2935} INFO - Setting next_dagrun for example_xcom to 2021-01-01T00:00:00+00:00
[2023-12-28 23:58:41,488] {processor.py:171} INFO - Processing /home/airflow/.local/lib/python3.6/site-packages/airflow/example_dags/example_xcom.py took 0.685 seconds
[2023-12-28 23:59:12,118] {processor.py:163} INFO - Started process (PID=762) to work on /home/airflow/.local/lib/python3.6/site-packages/airflow/example_dags/example_xcom.py
[2023-12-28 23:59:12,132] {processor.py:642} INFO - Processing file /home/airflow/.local/lib/python3.6/site-packages/airflow/example_dags/example_xcom.py for tasks to queue
[2023-12-28 23:59:12,141] {logging_mixin.py:109} INFO - [2023-12-28 23:59:12,139] {dagbag.py:500} INFO - Filling up the DagBag from /home/airflow/.local/lib/python3.6/site-packages/airflow/example_dags/example_xcom.py
[2023-12-28 23:59:12,250] {processor.py:654} INFO - DAG(s) dict_keys(['example_xcom']) retrieved from /home/airflow/.local/lib/python3.6/site-packages/airflow/example_dags/example_xcom.py
[2023-12-28 23:59:12,907] {logging_mixin.py:109} INFO - [2023-12-28 23:59:12,907] {dag.py:2396} INFO - Sync 1 DAGs
[2023-12-28 23:59:12,946] {logging_mixin.py:109} INFO - [2023-12-28 23:59:12,945] {dag.py:2935} INFO - Setting next_dagrun for example_xcom to 2021-01-01T00:00:00+00:00
[2023-12-28 23:59:13,008] {processor.py:171} INFO - Processing /home/airflow/.local/lib/python3.6/site-packages/airflow/example_dags/example_xcom.py took 0.899 seconds
[2023-12-28 23:59:43,682] {processor.py:163} INFO - Started process (PID=817) to work on /home/airflow/.local/lib/python3.6/site-packages/airflow/example_dags/example_xcom.py
[2023-12-28 23:59:43,691] {processor.py:642} INFO - Processing file /home/airflow/.local/lib/python3.6/site-packages/airflow/example_dags/example_xcom.py for tasks to queue
[2023-12-28 23:59:43,694] {logging_mixin.py:109} INFO - [2023-12-28 23:59:43,694] {dagbag.py:500} INFO - Filling up the DagBag from /home/airflow/.local/lib/python3.6/site-packages/airflow/example_dags/example_xcom.py
[2023-12-28 23:59:43,905] {processor.py:654} INFO - DAG(s) dict_keys(['example_xcom']) retrieved from /home/airflow/.local/lib/python3.6/site-packages/airflow/example_dags/example_xcom.py
[2023-12-28 23:59:43,931] {logging_mixin.py:109} INFO - [2023-12-28 23:59:43,930] {dag.py:2396} INFO - Sync 1 DAGs
[2023-12-28 23:59:43,963] {logging_mixin.py:109} INFO - [2023-12-28 23:59:43,963] {dag.py:2935} INFO - Setting next_dagrun for example_xcom to 2021-01-01T00:00:00+00:00
[2023-12-28 23:59:43,996] {processor.py:171} INFO - Processing /home/airflow/.local/lib/python3.6/site-packages/airflow/example_dags/example_xcom.py took 0.321 seconds
