[2023-12-28 23:55:39,686] {processor.py:163} INFO - Started process (PID=449) to work on /home/airflow/.local/lib/python3.6/site-packages/airflow/example_dags/example_sla_dag.py
[2023-12-28 23:55:39,692] {processor.py:642} INFO - Processing file /home/airflow/.local/lib/python3.6/site-packages/airflow/example_dags/example_sla_dag.py for tasks to queue
[2023-12-28 23:55:39,701] {logging_mixin.py:109} INFO - [2023-12-28 23:55:39,699] {dagbag.py:500} INFO - Filling up the DagBag from /home/airflow/.local/lib/python3.6/site-packages/airflow/example_dags/example_sla_dag.py
[2023-12-28 23:55:39,944] {processor.py:654} INFO - DAG(s) dict_keys(['example_sla_dag']) retrieved from /home/airflow/.local/lib/python3.6/site-packages/airflow/example_dags/example_sla_dag.py
[2023-12-28 23:55:49,628] {logging_mixin.py:109} INFO - [2023-12-28 23:55:49,628] {manager.py:496} INFO - Created Permission View: can edit on DAG:example_sla_dag
[2023-12-28 23:55:49,674] {logging_mixin.py:109} INFO - [2023-12-28 23:55:49,674] {manager.py:496} INFO - Created Permission View: can read on DAG:example_sla_dag
[2023-12-28 23:55:49,678] {logging_mixin.py:109} INFO - [2023-12-28 23:55:49,675] {dag.py:2396} INFO - Sync 1 DAGs
[2023-12-28 23:55:49,715] {logging_mixin.py:109} INFO - [2023-12-28 23:55:49,712] {dag.py:2415} INFO - Creating ORM DAG for example_sla_dag
[2023-12-28 23:55:49,741] {logging_mixin.py:109} INFO - [2023-12-28 23:55:49,740] {dag.py:2935} INFO - Setting next_dagrun for example_sla_dag to 2023-12-28T23:52:00+00:00
[2023-12-28 23:55:49,762] {processor.py:171} INFO - Processing /home/airflow/.local/lib/python3.6/site-packages/airflow/example_dags/example_sla_dag.py took 10.084 seconds
[2023-12-28 23:57:37,132] {processor.py:163} INFO - Started process (PID=604) to work on /home/airflow/.local/lib/python3.6/site-packages/airflow/example_dags/example_sla_dag.py
[2023-12-28 23:57:37,143] {processor.py:642} INFO - Processing file /home/airflow/.local/lib/python3.6/site-packages/airflow/example_dags/example_sla_dag.py for tasks to queue
[2023-12-28 23:57:37,164] {logging_mixin.py:109} INFO - [2023-12-28 23:57:37,163] {dagbag.py:500} INFO - Filling up the DagBag from /home/airflow/.local/lib/python3.6/site-packages/airflow/example_dags/example_sla_dag.py
[2023-12-28 23:57:37,368] {processor.py:654} INFO - DAG(s) dict_keys(['example_sla_dag']) retrieved from /home/airflow/.local/lib/python3.6/site-packages/airflow/example_dags/example_sla_dag.py
[2023-12-28 23:57:37,463] {logging_mixin.py:109} INFO - [2023-12-28 23:57:37,462] {dag.py:2396} INFO - Sync 1 DAGs
[2023-12-28 23:57:37,510] {logging_mixin.py:109} INFO - [2023-12-28 23:57:37,510] {dag.py:2935} INFO - Setting next_dagrun for example_sla_dag to 2023-12-28T23:54:00+00:00
[2023-12-28 23:57:37,539] {processor.py:171} INFO - Processing /home/airflow/.local/lib/python3.6/site-packages/airflow/example_dags/example_sla_dag.py took 0.414 seconds
[2023-12-28 23:58:10,695] {processor.py:163} INFO - Started process (PID=661) to work on /home/airflow/.local/lib/python3.6/site-packages/airflow/example_dags/example_sla_dag.py
[2023-12-28 23:58:10,706] {processor.py:642} INFO - Processing file /home/airflow/.local/lib/python3.6/site-packages/airflow/example_dags/example_sla_dag.py for tasks to queue
[2023-12-28 23:58:10,707] {logging_mixin.py:109} INFO - [2023-12-28 23:58:10,707] {dagbag.py:500} INFO - Filling up the DagBag from /home/airflow/.local/lib/python3.6/site-packages/airflow/example_dags/example_sla_dag.py
[2023-12-28 23:58:10,784] {processor.py:654} INFO - DAG(s) dict_keys(['example_sla_dag']) retrieved from /home/airflow/.local/lib/python3.6/site-packages/airflow/example_dags/example_sla_dag.py
[2023-12-28 23:58:10,807] {logging_mixin.py:109} INFO - [2023-12-28 23:58:10,807] {dag.py:2396} INFO - Sync 1 DAGs
[2023-12-28 23:58:10,850] {logging_mixin.py:109} INFO - [2023-12-28 23:58:10,850] {dag.py:2935} INFO - Setting next_dagrun for example_sla_dag to 2023-12-28T23:56:00+00:00
[2023-12-28 23:58:10,868] {processor.py:171} INFO - Processing /home/airflow/.local/lib/python3.6/site-packages/airflow/example_dags/example_sla_dag.py took 0.201 seconds
[2023-12-28 23:58:41,318] {processor.py:163} INFO - Started process (PID=708) to work on /home/airflow/.local/lib/python3.6/site-packages/airflow/example_dags/example_sla_dag.py
[2023-12-28 23:58:41,320] {processor.py:642} INFO - Processing file /home/airflow/.local/lib/python3.6/site-packages/airflow/example_dags/example_sla_dag.py for tasks to queue
[2023-12-28 23:58:41,322] {logging_mixin.py:109} INFO - [2023-12-28 23:58:41,321] {dagbag.py:500} INFO - Filling up the DagBag from /home/airflow/.local/lib/python3.6/site-packages/airflow/example_dags/example_sla_dag.py
[2023-12-28 23:58:41,395] {processor.py:654} INFO - DAG(s) dict_keys(['example_sla_dag']) retrieved from /home/airflow/.local/lib/python3.6/site-packages/airflow/example_dags/example_sla_dag.py
[2023-12-28 23:58:41,423] {logging_mixin.py:109} INFO - [2023-12-28 23:58:41,422] {dag.py:2396} INFO - Sync 1 DAGs
[2023-12-28 23:58:41,461] {logging_mixin.py:109} INFO - [2023-12-28 23:58:41,460] {dag.py:2935} INFO - Setting next_dagrun for example_sla_dag to 2023-12-28T23:56:00+00:00
[2023-12-28 23:58:41,477] {processor.py:171} INFO - Processing /home/airflow/.local/lib/python3.6/site-packages/airflow/example_dags/example_sla_dag.py took 0.167 seconds
[2023-12-28 23:59:13,362] {processor.py:163} INFO - Started process (PID=765) to work on /home/airflow/.local/lib/python3.6/site-packages/airflow/example_dags/example_sla_dag.py
[2023-12-28 23:59:13,366] {processor.py:642} INFO - Processing file /home/airflow/.local/lib/python3.6/site-packages/airflow/example_dags/example_sla_dag.py for tasks to queue
[2023-12-28 23:59:13,372] {logging_mixin.py:109} INFO - [2023-12-28 23:59:13,371] {dagbag.py:500} INFO - Filling up the DagBag from /home/airflow/.local/lib/python3.6/site-packages/airflow/example_dags/example_sla_dag.py
[2023-12-28 23:59:13,509] {processor.py:654} INFO - DAG(s) dict_keys(['example_sla_dag']) retrieved from /home/airflow/.local/lib/python3.6/site-packages/airflow/example_dags/example_sla_dag.py
[2023-12-28 23:59:13,560] {logging_mixin.py:109} INFO - [2023-12-28 23:59:13,560] {dag.py:2396} INFO - Sync 1 DAGs
[2023-12-28 23:59:13,630] {logging_mixin.py:109} INFO - [2023-12-28 23:59:13,630] {dag.py:2935} INFO - Setting next_dagrun for example_sla_dag to 2023-12-28T23:56:00+00:00
[2023-12-28 23:59:13,656] {processor.py:171} INFO - Processing /home/airflow/.local/lib/python3.6/site-packages/airflow/example_dags/example_sla_dag.py took 0.307 seconds
[2023-12-28 23:59:44,089] {processor.py:163} INFO - Started process (PID=820) to work on /home/airflow/.local/lib/python3.6/site-packages/airflow/example_dags/example_sla_dag.py
[2023-12-28 23:59:44,100] {processor.py:642} INFO - Processing file /home/airflow/.local/lib/python3.6/site-packages/airflow/example_dags/example_sla_dag.py for tasks to queue
[2023-12-28 23:59:44,102] {logging_mixin.py:109} INFO - [2023-12-28 23:59:44,101] {dagbag.py:500} INFO - Filling up the DagBag from /home/airflow/.local/lib/python3.6/site-packages/airflow/example_dags/example_sla_dag.py
[2023-12-28 23:59:44,250] {processor.py:654} INFO - DAG(s) dict_keys(['example_sla_dag']) retrieved from /home/airflow/.local/lib/python3.6/site-packages/airflow/example_dags/example_sla_dag.py
[2023-12-28 23:59:44,305] {logging_mixin.py:109} INFO - [2023-12-28 23:59:44,305] {dag.py:2396} INFO - Sync 1 DAGs
[2023-12-28 23:59:44,368] {logging_mixin.py:109} INFO - [2023-12-28 23:59:44,368] {dag.py:2935} INFO - Setting next_dagrun for example_sla_dag to 2023-12-28T23:56:00+00:00
[2023-12-28 23:59:44,414] {processor.py:171} INFO - Processing /home/airflow/.local/lib/python3.6/site-packages/airflow/example_dags/example_sla_dag.py took 0.335 seconds
