[2023-12-28 23:57:19,976] {processor.py:163} INFO - Started process (PID=559) to work on /home/airflow/.local/lib/python3.6/site-packages/airflow/example_dags/example_bash_operator.py
[2023-12-28 23:57:19,979] {processor.py:642} INFO - Processing file /home/airflow/.local/lib/python3.6/site-packages/airflow/example_dags/example_bash_operator.py for tasks to queue
[2023-12-28 23:57:19,981] {logging_mixin.py:109} INFO - [2023-12-28 23:57:19,980] {dagbag.py:500} INFO - Filling up the DagBag from /home/airflow/.local/lib/python3.6/site-packages/airflow/example_dags/example_bash_operator.py
[2023-12-28 23:57:20,064] {processor.py:654} INFO - DAG(s) dict_keys(['example_bash_operator']) retrieved from /home/airflow/.local/lib/python3.6/site-packages/airflow/example_dags/example_bash_operator.py
[2023-12-28 23:57:25,483] {logging_mixin.py:109} INFO - [2023-12-28 23:57:25,482] {manager.py:496} INFO - Created Permission View: can edit on DAG:example_bash_operator
[2023-12-28 23:57:25,497] {logging_mixin.py:109} INFO - [2023-12-28 23:57:25,497] {manager.py:496} INFO - Created Permission View: can read on DAG:example_bash_operator
[2023-12-28 23:57:25,501] {logging_mixin.py:109} INFO - [2023-12-28 23:57:25,498] {dag.py:2396} INFO - Sync 1 DAGs
[2023-12-28 23:57:25,524] {logging_mixin.py:109} INFO - [2023-12-28 23:57:25,520] {dag.py:2415} INFO - Creating ORM DAG for example_bash_operator
[2023-12-28 23:57:25,537] {logging_mixin.py:109} INFO - [2023-12-28 23:57:25,537] {dag.py:2935} INFO - Setting next_dagrun for example_bash_operator to 2023-12-27 00:00:00+00:00
[2023-12-28 23:57:25,575] {processor.py:171} INFO - Processing /home/airflow/.local/lib/python3.6/site-packages/airflow/example_dags/example_bash_operator.py took 5.599 seconds
[2023-12-28 23:57:56,160] {processor.py:163} INFO - Started process (PID=628) to work on /home/airflow/.local/lib/python3.6/site-packages/airflow/example_dags/example_bash_operator.py
[2023-12-28 23:57:56,163] {processor.py:642} INFO - Processing file /home/airflow/.local/lib/python3.6/site-packages/airflow/example_dags/example_bash_operator.py for tasks to queue
[2023-12-28 23:57:56,164] {logging_mixin.py:109} INFO - [2023-12-28 23:57:56,164] {dagbag.py:500} INFO - Filling up the DagBag from /home/airflow/.local/lib/python3.6/site-packages/airflow/example_dags/example_bash_operator.py
[2023-12-28 23:57:56,223] {processor.py:654} INFO - DAG(s) dict_keys(['example_bash_operator']) retrieved from /home/airflow/.local/lib/python3.6/site-packages/airflow/example_dags/example_bash_operator.py
[2023-12-28 23:57:56,240] {logging_mixin.py:109} INFO - [2023-12-28 23:57:56,240] {dag.py:2396} INFO - Sync 1 DAGs
[2023-12-28 23:57:56,263] {logging_mixin.py:109} INFO - [2023-12-28 23:57:56,263] {dag.py:2935} INFO - Setting next_dagrun for example_bash_operator to 2023-12-27 00:00:00+00:00
[2023-12-28 23:57:56,284] {processor.py:171} INFO - Processing /home/airflow/.local/lib/python3.6/site-packages/airflow/example_dags/example_bash_operator.py took 0.131 seconds
[2023-12-28 23:58:26,663] {processor.py:163} INFO - Started process (PID=685) to work on /home/airflow/.local/lib/python3.6/site-packages/airflow/example_dags/example_bash_operator.py
[2023-12-28 23:58:26,666] {processor.py:642} INFO - Processing file /home/airflow/.local/lib/python3.6/site-packages/airflow/example_dags/example_bash_operator.py for tasks to queue
[2023-12-28 23:58:26,668] {logging_mixin.py:109} INFO - [2023-12-28 23:58:26,668] {dagbag.py:500} INFO - Filling up the DagBag from /home/airflow/.local/lib/python3.6/site-packages/airflow/example_dags/example_bash_operator.py
[2023-12-28 23:58:26,768] {processor.py:654} INFO - DAG(s) dict_keys(['example_bash_operator']) retrieved from /home/airflow/.local/lib/python3.6/site-packages/airflow/example_dags/example_bash_operator.py
[2023-12-28 23:58:26,795] {logging_mixin.py:109} INFO - [2023-12-28 23:58:26,795] {dag.py:2396} INFO - Sync 1 DAGs
[2023-12-28 23:58:26,830] {logging_mixin.py:109} INFO - [2023-12-28 23:58:26,830] {dag.py:2935} INFO - Setting next_dagrun for example_bash_operator to 2023-12-27 00:00:00+00:00
[2023-12-28 23:58:26,850] {processor.py:171} INFO - Processing /home/airflow/.local/lib/python3.6/site-packages/airflow/example_dags/example_bash_operator.py took 0.194 seconds
[2023-12-28 23:58:57,040] {processor.py:163} INFO - Started process (PID=732) to work on /home/airflow/.local/lib/python3.6/site-packages/airflow/example_dags/example_bash_operator.py
[2023-12-28 23:58:57,043] {processor.py:642} INFO - Processing file /home/airflow/.local/lib/python3.6/site-packages/airflow/example_dags/example_bash_operator.py for tasks to queue
[2023-12-28 23:58:57,047] {logging_mixin.py:109} INFO - [2023-12-28 23:58:57,047] {dagbag.py:500} INFO - Filling up the DagBag from /home/airflow/.local/lib/python3.6/site-packages/airflow/example_dags/example_bash_operator.py
[2023-12-28 23:58:57,159] {processor.py:654} INFO - DAG(s) dict_keys(['example_bash_operator']) retrieved from /home/airflow/.local/lib/python3.6/site-packages/airflow/example_dags/example_bash_operator.py
[2023-12-28 23:58:57,195] {logging_mixin.py:109} INFO - [2023-12-28 23:58:57,195] {dag.py:2396} INFO - Sync 1 DAGs
[2023-12-28 23:58:57,221] {logging_mixin.py:109} INFO - [2023-12-28 23:58:57,221] {dag.py:2935} INFO - Setting next_dagrun for example_bash_operator to 2023-12-27 00:00:00+00:00
[2023-12-28 23:58:57,240] {processor.py:171} INFO - Processing /home/airflow/.local/lib/python3.6/site-packages/airflow/example_dags/example_bash_operator.py took 0.207 seconds
[2023-12-28 23:59:28,346] {processor.py:163} INFO - Started process (PID=788) to work on /home/airflow/.local/lib/python3.6/site-packages/airflow/example_dags/example_bash_operator.py
[2023-12-28 23:59:28,360] {processor.py:642} INFO - Processing file /home/airflow/.local/lib/python3.6/site-packages/airflow/example_dags/example_bash_operator.py for tasks to queue
[2023-12-28 23:59:28,362] {logging_mixin.py:109} INFO - [2023-12-28 23:59:28,362] {dagbag.py:500} INFO - Filling up the DagBag from /home/airflow/.local/lib/python3.6/site-packages/airflow/example_dags/example_bash_operator.py
[2023-12-28 23:59:28,544] {processor.py:654} INFO - DAG(s) dict_keys(['example_bash_operator']) retrieved from /home/airflow/.local/lib/python3.6/site-packages/airflow/example_dags/example_bash_operator.py
[2023-12-28 23:59:28,593] {logging_mixin.py:109} INFO - [2023-12-28 23:59:28,592] {dag.py:2396} INFO - Sync 1 DAGs
[2023-12-28 23:59:28,649] {logging_mixin.py:109} INFO - [2023-12-28 23:59:28,649] {dag.py:2935} INFO - Setting next_dagrun for example_bash_operator to 2023-12-27 00:00:00+00:00
[2023-12-28 23:59:28,684] {processor.py:171} INFO - Processing /home/airflow/.local/lib/python3.6/site-packages/airflow/example_dags/example_bash_operator.py took 0.346 seconds
[2023-12-28 23:59:59,145] {processor.py:163} INFO - Started process (PID=835) to work on /home/airflow/.local/lib/python3.6/site-packages/airflow/example_dags/example_bash_operator.py
[2023-12-28 23:59:59,147] {processor.py:642} INFO - Processing file /home/airflow/.local/lib/python3.6/site-packages/airflow/example_dags/example_bash_operator.py for tasks to queue
[2023-12-28 23:59:59,150] {logging_mixin.py:109} INFO - [2023-12-28 23:59:59,150] {dagbag.py:500} INFO - Filling up the DagBag from /home/airflow/.local/lib/python3.6/site-packages/airflow/example_dags/example_bash_operator.py
[2023-12-28 23:59:59,222] {processor.py:654} INFO - DAG(s) dict_keys(['example_bash_operator']) retrieved from /home/airflow/.local/lib/python3.6/site-packages/airflow/example_dags/example_bash_operator.py
[2023-12-28 23:59:59,255] {logging_mixin.py:109} INFO - [2023-12-28 23:59:59,255] {dag.py:2396} INFO - Sync 1 DAGs
[2023-12-28 23:59:59,284] {logging_mixin.py:109} INFO - [2023-12-28 23:59:59,284] {dag.py:2935} INFO - Setting next_dagrun for example_bash_operator to 2023-12-27 00:00:00+00:00
[2023-12-28 23:59:59,300] {processor.py:171} INFO - Processing /home/airflow/.local/lib/python3.6/site-packages/airflow/example_dags/example_bash_operator.py took 0.160 seconds
