[2023-12-28 23:55:52,301] {processor.py:163} INFO - Started process (PID=473) to work on /home/airflow/.local/lib/python3.6/site-packages/airflow/example_dags/example_task_group.py
[2023-12-28 23:55:52,312] {processor.py:642} INFO - Processing file /home/airflow/.local/lib/python3.6/site-packages/airflow/example_dags/example_task_group.py for tasks to queue
[2023-12-28 23:55:52,313] {logging_mixin.py:109} INFO - [2023-12-28 23:55:52,313] {dagbag.py:500} INFO - Filling up the DagBag from /home/airflow/.local/lib/python3.6/site-packages/airflow/example_dags/example_task_group.py
[2023-12-28 23:55:52,470] {processor.py:654} INFO - DAG(s) dict_keys(['example_task_group']) retrieved from /home/airflow/.local/lib/python3.6/site-packages/airflow/example_dags/example_task_group.py
[2023-12-28 23:56:26,531] {logging_mixin.py:109} INFO - [2023-12-28 23:56:26,531] {manager.py:496} INFO - Created Permission View: can edit on DAG:example_task_group
[2023-12-28 23:56:26,576] {logging_mixin.py:109} INFO - [2023-12-28 23:56:26,575] {manager.py:496} INFO - Created Permission View: can read on DAG:example_task_group
[2023-12-28 23:56:26,579] {logging_mixin.py:109} INFO - [2023-12-28 23:56:26,576] {dag.py:2396} INFO - Sync 1 DAGs
[2023-12-28 23:56:26,636] {logging_mixin.py:109} INFO - [2023-12-28 23:56:26,633] {dag.py:2415} INFO - Creating ORM DAG for example_task_group
[2023-12-28 23:56:26,659] {logging_mixin.py:109} INFO - [2023-12-28 23:56:26,658] {dag.py:2935} INFO - Setting next_dagrun for example_task_group to 2023-12-27T23:56:26.658542+00:00
[2023-12-28 23:56:26,700] {processor.py:171} INFO - Processing /home/airflow/.local/lib/python3.6/site-packages/airflow/example_dags/example_task_group.py took 34.394 seconds
[2023-12-28 23:57:37,920] {processor.py:163} INFO - Started process (PID=607) to work on /home/airflow/.local/lib/python3.6/site-packages/airflow/example_dags/example_task_group.py
[2023-12-28 23:57:37,923] {processor.py:642} INFO - Processing file /home/airflow/.local/lib/python3.6/site-packages/airflow/example_dags/example_task_group.py for tasks to queue
[2023-12-28 23:57:37,925] {logging_mixin.py:109} INFO - [2023-12-28 23:57:37,925] {dagbag.py:500} INFO - Filling up the DagBag from /home/airflow/.local/lib/python3.6/site-packages/airflow/example_dags/example_task_group.py
[2023-12-28 23:57:37,993] {processor.py:654} INFO - DAG(s) dict_keys(['example_task_group']) retrieved from /home/airflow/.local/lib/python3.6/site-packages/airflow/example_dags/example_task_group.py
[2023-12-28 23:57:38,025] {logging_mixin.py:109} INFO - [2023-12-28 23:57:38,024] {dag.py:2396} INFO - Sync 1 DAGs
[2023-12-28 23:57:38,056] {logging_mixin.py:109} INFO - [2023-12-28 23:57:38,056] {dag.py:2935} INFO - Setting next_dagrun for example_task_group to 2023-12-27T23:57:38.055837+00:00
[2023-12-28 23:57:38,083] {processor.py:171} INFO - Processing /home/airflow/.local/lib/python3.6/site-packages/airflow/example_dags/example_task_group.py took 0.170 seconds
[2023-12-28 23:58:11,219] {processor.py:163} INFO - Started process (PID=664) to work on /home/airflow/.local/lib/python3.6/site-packages/airflow/example_dags/example_task_group.py
[2023-12-28 23:58:11,236] {processor.py:642} INFO - Processing file /home/airflow/.local/lib/python3.6/site-packages/airflow/example_dags/example_task_group.py for tasks to queue
[2023-12-28 23:58:11,249] {logging_mixin.py:109} INFO - [2023-12-28 23:58:11,247] {dagbag.py:500} INFO - Filling up the DagBag from /home/airflow/.local/lib/python3.6/site-packages/airflow/example_dags/example_task_group.py
[2023-12-28 23:58:11,396] {processor.py:654} INFO - DAG(s) dict_keys(['example_task_group']) retrieved from /home/airflow/.local/lib/python3.6/site-packages/airflow/example_dags/example_task_group.py
[2023-12-28 23:58:11,439] {logging_mixin.py:109} INFO - [2023-12-28 23:58:11,439] {dag.py:2396} INFO - Sync 1 DAGs
[2023-12-28 23:58:11,486] {logging_mixin.py:109} INFO - [2023-12-28 23:58:11,486] {dag.py:2935} INFO - Setting next_dagrun for example_task_group to 2023-12-27T23:58:11.485469+00:00
[2023-12-28 23:58:11,516] {processor.py:171} INFO - Processing /home/airflow/.local/lib/python3.6/site-packages/airflow/example_dags/example_task_group.py took 0.307 seconds
[2023-12-28 23:58:41,743] {processor.py:163} INFO - Started process (PID=711) to work on /home/airflow/.local/lib/python3.6/site-packages/airflow/example_dags/example_task_group.py
[2023-12-28 23:58:41,745] {processor.py:642} INFO - Processing file /home/airflow/.local/lib/python3.6/site-packages/airflow/example_dags/example_task_group.py for tasks to queue
[2023-12-28 23:58:41,747] {logging_mixin.py:109} INFO - [2023-12-28 23:58:41,747] {dagbag.py:500} INFO - Filling up the DagBag from /home/airflow/.local/lib/python3.6/site-packages/airflow/example_dags/example_task_group.py
[2023-12-28 23:58:41,801] {processor.py:654} INFO - DAG(s) dict_keys(['example_task_group']) retrieved from /home/airflow/.local/lib/python3.6/site-packages/airflow/example_dags/example_task_group.py
[2023-12-28 23:58:41,823] {logging_mixin.py:109} INFO - [2023-12-28 23:58:41,823] {dag.py:2396} INFO - Sync 1 DAGs
[2023-12-28 23:58:41,848] {logging_mixin.py:109} INFO - [2023-12-28 23:58:41,847] {dag.py:2935} INFO - Setting next_dagrun for example_task_group to 2023-12-27T23:58:41.847546+00:00
[2023-12-28 23:58:41,869] {processor.py:171} INFO - Processing /home/airflow/.local/lib/python3.6/site-packages/airflow/example_dags/example_task_group.py took 0.132 seconds
[2023-12-28 23:59:13,972] {processor.py:163} INFO - Started process (PID=768) to work on /home/airflow/.local/lib/python3.6/site-packages/airflow/example_dags/example_task_group.py
[2023-12-28 23:59:13,975] {processor.py:642} INFO - Processing file /home/airflow/.local/lib/python3.6/site-packages/airflow/example_dags/example_task_group.py for tasks to queue
[2023-12-28 23:59:13,980] {logging_mixin.py:109} INFO - [2023-12-28 23:59:13,980] {dagbag.py:500} INFO - Filling up the DagBag from /home/airflow/.local/lib/python3.6/site-packages/airflow/example_dags/example_task_group.py
[2023-12-28 23:59:14,097] {processor.py:654} INFO - DAG(s) dict_keys(['example_task_group']) retrieved from /home/airflow/.local/lib/python3.6/site-packages/airflow/example_dags/example_task_group.py
[2023-12-28 23:59:14,165] {logging_mixin.py:109} INFO - [2023-12-28 23:59:14,164] {dag.py:2396} INFO - Sync 1 DAGs
[2023-12-28 23:59:14,227] {logging_mixin.py:109} INFO - [2023-12-28 23:59:14,227] {dag.py:2935} INFO - Setting next_dagrun for example_task_group to 2023-12-27T23:59:14.226818+00:00
[2023-12-28 23:59:14,264] {processor.py:171} INFO - Processing /home/airflow/.local/lib/python3.6/site-packages/airflow/example_dags/example_task_group.py took 0.306 seconds
[2023-12-28 23:59:44,871] {processor.py:163} INFO - Started process (PID=824) to work on /home/airflow/.local/lib/python3.6/site-packages/airflow/example_dags/example_task_group.py
[2023-12-28 23:59:44,896] {processor.py:642} INFO - Processing file /home/airflow/.local/lib/python3.6/site-packages/airflow/example_dags/example_task_group.py for tasks to queue
[2023-12-28 23:59:44,898] {logging_mixin.py:109} INFO - [2023-12-28 23:59:44,898] {dagbag.py:500} INFO - Filling up the DagBag from /home/airflow/.local/lib/python3.6/site-packages/airflow/example_dags/example_task_group.py
[2023-12-28 23:59:45,012] {processor.py:654} INFO - DAG(s) dict_keys(['example_task_group']) retrieved from /home/airflow/.local/lib/python3.6/site-packages/airflow/example_dags/example_task_group.py
[2023-12-28 23:59:45,056] {logging_mixin.py:109} INFO - [2023-12-28 23:59:45,055] {dag.py:2396} INFO - Sync 1 DAGs
[2023-12-28 23:59:45,094] {logging_mixin.py:109} INFO - [2023-12-28 23:59:45,094] {dag.py:2935} INFO - Setting next_dagrun for example_task_group to 2023-12-27T23:59:45.093700+00:00
[2023-12-28 23:59:45,163] {processor.py:171} INFO - Processing /home/airflow/.local/lib/python3.6/site-packages/airflow/example_dags/example_task_group.py took 0.299 seconds
