[2023-12-28 23:55:26,400] {processor.py:163} INFO - Started process (PID=429) to work on /home/airflow/.local/lib/python3.6/site-packages/airflow/example_dags/example_xcomargs.py
[2023-12-28 23:55:26,409] {processor.py:642} INFO - Processing file /home/airflow/.local/lib/python3.6/site-packages/airflow/example_dags/example_xcomargs.py for tasks to queue
[2023-12-28 23:55:26,412] {logging_mixin.py:109} INFO - [2023-12-28 23:55:26,411] {dagbag.py:500} INFO - Filling up the DagBag from /home/airflow/.local/lib/python3.6/site-packages/airflow/example_dags/example_xcomargs.py
[2023-12-28 23:55:26,551] {processor.py:654} INFO - DAG(s) dict_keys(['example_xcom_args', 'example_xcom_args_with_operators']) retrieved from /home/airflow/.local/lib/python3.6/site-packages/airflow/example_dags/example_xcomargs.py
[2023-12-28 23:55:39,122] {logging_mixin.py:109} INFO - [2023-12-28 23:55:39,122] {manager.py:496} INFO - Created Permission View: can edit on DAG:example_xcom_args
[2023-12-28 23:55:39,180] {logging_mixin.py:109} INFO - [2023-12-28 23:55:39,180] {manager.py:496} INFO - Created Permission View: can read on DAG:example_xcom_args
[2023-12-28 23:55:39,267] {logging_mixin.py:109} INFO - [2023-12-28 23:55:39,267] {manager.py:496} INFO - Created Permission View: can edit on DAG:example_xcom_args_with_operators
[2023-12-28 23:55:39,311] {logging_mixin.py:109} INFO - [2023-12-28 23:55:39,310] {manager.py:496} INFO - Created Permission View: can read on DAG:example_xcom_args_with_operators
[2023-12-28 23:55:39,314] {logging_mixin.py:109} INFO - [2023-12-28 23:55:39,311] {dag.py:2396} INFO - Sync 2 DAGs
[2023-12-28 23:55:39,371] {logging_mixin.py:109} INFO - [2023-12-28 23:55:39,368] {dag.py:2415} INFO - Creating ORM DAG for example_xcom_args
[2023-12-28 23:55:39,372] {logging_mixin.py:109} INFO - [2023-12-28 23:55:39,372] {dag.py:2415} INFO - Creating ORM DAG for example_xcom_args_with_operators
[2023-12-28 23:55:39,406] {logging_mixin.py:109} INFO - [2023-12-28 23:55:39,405] {dag.py:2935} INFO - Setting next_dagrun for example_xcom_args to None
[2023-12-28 23:55:39,411] {logging_mixin.py:109} INFO - [2023-12-28 23:55:39,411] {dag.py:2935} INFO - Setting next_dagrun for example_xcom_args_with_operators to None
[2023-12-28 23:55:39,453] {processor.py:171} INFO - Processing /home/airflow/.local/lib/python3.6/site-packages/airflow/example_dags/example_xcomargs.py took 13.059 seconds
[2023-12-28 23:57:36,639] {processor.py:163} INFO - Started process (PID=602) to work on /home/airflow/.local/lib/python3.6/site-packages/airflow/example_dags/example_xcomargs.py
[2023-12-28 23:57:36,653] {processor.py:642} INFO - Processing file /home/airflow/.local/lib/python3.6/site-packages/airflow/example_dags/example_xcomargs.py for tasks to queue
[2023-12-28 23:57:36,656] {logging_mixin.py:109} INFO - [2023-12-28 23:57:36,655] {dagbag.py:500} INFO - Filling up the DagBag from /home/airflow/.local/lib/python3.6/site-packages/airflow/example_dags/example_xcomargs.py
[2023-12-28 23:57:36,823] {processor.py:654} INFO - DAG(s) dict_keys(['example_xcom_args', 'example_xcom_args_with_operators']) retrieved from /home/airflow/.local/lib/python3.6/site-packages/airflow/example_dags/example_xcomargs.py
[2023-12-28 23:57:37,627] {logging_mixin.py:109} INFO - [2023-12-28 23:57:37,627] {dag.py:2396} INFO - Sync 2 DAGs
[2023-12-28 23:57:37,651] {logging_mixin.py:109} INFO - [2023-12-28 23:57:37,650] {dag.py:2935} INFO - Setting next_dagrun for example_xcom_args to None
[2023-12-28 23:57:37,652] {logging_mixin.py:109} INFO - [2023-12-28 23:57:37,652] {dag.py:2935} INFO - Setting next_dagrun for example_xcom_args_with_operators to None
[2023-12-28 23:57:37,705] {processor.py:171} INFO - Processing /home/airflow/.local/lib/python3.6/site-packages/airflow/example_dags/example_xcomargs.py took 1.073 seconds
[2023-12-28 23:58:09,246] {processor.py:163} INFO - Started process (PID=659) to work on /home/airflow/.local/lib/python3.6/site-packages/airflow/example_dags/example_xcomargs.py
[2023-12-28 23:58:09,252] {processor.py:642} INFO - Processing file /home/airflow/.local/lib/python3.6/site-packages/airflow/example_dags/example_xcomargs.py for tasks to queue
[2023-12-28 23:58:09,260] {logging_mixin.py:109} INFO - [2023-12-28 23:58:09,260] {dagbag.py:500} INFO - Filling up the DagBag from /home/airflow/.local/lib/python3.6/site-packages/airflow/example_dags/example_xcomargs.py
[2023-12-28 23:58:09,514] {processor.py:654} INFO - DAG(s) dict_keys(['example_xcom_args', 'example_xcom_args_with_operators']) retrieved from /home/airflow/.local/lib/python3.6/site-packages/airflow/example_dags/example_xcomargs.py
[2023-12-28 23:58:10,538] {logging_mixin.py:109} INFO - [2023-12-28 23:58:10,537] {dag.py:2396} INFO - Sync 2 DAGs
[2023-12-28 23:58:10,580] {logging_mixin.py:109} INFO - [2023-12-28 23:58:10,580] {dag.py:2935} INFO - Setting next_dagrun for example_xcom_args to None
[2023-12-28 23:58:10,582] {logging_mixin.py:109} INFO - [2023-12-28 23:58:10,582] {dag.py:2935} INFO - Setting next_dagrun for example_xcom_args_with_operators to None
[2023-12-28 23:58:10,606] {processor.py:171} INFO - Processing /home/airflow/.local/lib/python3.6/site-packages/airflow/example_dags/example_xcomargs.py took 1.371 seconds
[2023-12-28 23:58:40,813] {processor.py:163} INFO - Started process (PID=706) to work on /home/airflow/.local/lib/python3.6/site-packages/airflow/example_dags/example_xcomargs.py
[2023-12-28 23:58:40,816] {processor.py:642} INFO - Processing file /home/airflow/.local/lib/python3.6/site-packages/airflow/example_dags/example_xcomargs.py for tasks to queue
[2023-12-28 23:58:40,819] {logging_mixin.py:109} INFO - [2023-12-28 23:58:40,818] {dagbag.py:500} INFO - Filling up the DagBag from /home/airflow/.local/lib/python3.6/site-packages/airflow/example_dags/example_xcomargs.py
[2023-12-28 23:58:40,881] {processor.py:654} INFO - DAG(s) dict_keys(['example_xcom_args', 'example_xcom_args_with_operators']) retrieved from /home/airflow/.local/lib/python3.6/site-packages/airflow/example_dags/example_xcomargs.py
[2023-12-28 23:58:40,946] {logging_mixin.py:109} INFO - [2023-12-28 23:58:40,946] {dag.py:2396} INFO - Sync 2 DAGs
[2023-12-28 23:58:41,010] {logging_mixin.py:109} INFO - [2023-12-28 23:58:41,010] {dag.py:2935} INFO - Setting next_dagrun for example_xcom_args to None
[2023-12-28 23:58:41,012] {logging_mixin.py:109} INFO - [2023-12-28 23:58:41,011] {dag.py:2935} INFO - Setting next_dagrun for example_xcom_args_with_operators to None
[2023-12-28 23:58:41,034] {processor.py:171} INFO - Processing /home/airflow/.local/lib/python3.6/site-packages/airflow/example_dags/example_xcomargs.py took 0.230 seconds
[2023-12-28 23:59:12,137] {processor.py:163} INFO - Started process (PID=763) to work on /home/airflow/.local/lib/python3.6/site-packages/airflow/example_dags/example_xcomargs.py
[2023-12-28 23:59:12,143] {processor.py:642} INFO - Processing file /home/airflow/.local/lib/python3.6/site-packages/airflow/example_dags/example_xcomargs.py for tasks to queue
[2023-12-28 23:59:12,155] {logging_mixin.py:109} INFO - [2023-12-28 23:59:12,155] {dagbag.py:500} INFO - Filling up the DagBag from /home/airflow/.local/lib/python3.6/site-packages/airflow/example_dags/example_xcomargs.py
[2023-12-28 23:59:12,275] {processor.py:654} INFO - DAG(s) dict_keys(['example_xcom_args', 'example_xcom_args_with_operators']) retrieved from /home/airflow/.local/lib/python3.6/site-packages/airflow/example_dags/example_xcomargs.py
[2023-12-28 23:59:12,984] {logging_mixin.py:109} INFO - [2023-12-28 23:59:12,984] {dag.py:2396} INFO - Sync 2 DAGs
[2023-12-28 23:59:13,025] {logging_mixin.py:109} INFO - [2023-12-28 23:59:13,025] {dag.py:2935} INFO - Setting next_dagrun for example_xcom_args to None
[2023-12-28 23:59:13,032] {logging_mixin.py:109} INFO - [2023-12-28 23:59:13,032] {dag.py:2935} INFO - Setting next_dagrun for example_xcom_args_with_operators to None
[2023-12-28 23:59:13,095] {processor.py:171} INFO - Processing /home/airflow/.local/lib/python3.6/site-packages/airflow/example_dags/example_xcomargs.py took 0.987 seconds
[2023-12-28 23:59:43,689] {processor.py:163} INFO - Started process (PID=818) to work on /home/airflow/.local/lib/python3.6/site-packages/airflow/example_dags/example_xcomargs.py
[2023-12-28 23:59:43,693] {processor.py:642} INFO - Processing file /home/airflow/.local/lib/python3.6/site-packages/airflow/example_dags/example_xcomargs.py for tasks to queue
[2023-12-28 23:59:43,696] {logging_mixin.py:109} INFO - [2023-12-28 23:59:43,695] {dagbag.py:500} INFO - Filling up the DagBag from /home/airflow/.local/lib/python3.6/site-packages/airflow/example_dags/example_xcomargs.py
[2023-12-28 23:59:43,824] {processor.py:654} INFO - DAG(s) dict_keys(['example_xcom_args', 'example_xcom_args_with_operators']) retrieved from /home/airflow/.local/lib/python3.6/site-packages/airflow/example_dags/example_xcomargs.py
[2023-12-28 23:59:43,860] {logging_mixin.py:109} INFO - [2023-12-28 23:59:43,859] {dag.py:2396} INFO - Sync 2 DAGs
[2023-12-28 23:59:43,894] {logging_mixin.py:109} INFO - [2023-12-28 23:59:43,894] {dag.py:2935} INFO - Setting next_dagrun for example_xcom_args to None
[2023-12-28 23:59:43,896] {logging_mixin.py:109} INFO - [2023-12-28 23:59:43,895] {dag.py:2935} INFO - Setting next_dagrun for example_xcom_args_with_operators to None
[2023-12-28 23:59:43,920] {processor.py:171} INFO - Processing /home/airflow/.local/lib/python3.6/site-packages/airflow/example_dags/example_xcomargs.py took 0.247 seconds
