[2023-12-28 23:52:32,460] {processor.py:163} INFO - Started process (PID=280) to work on /home/airflow/.local/lib/python3.6/site-packages/airflow/example_dags/example_branch_python_dop_operator_3.py
[2023-12-28 23:52:32,494] {processor.py:642} INFO - Processing file /home/airflow/.local/lib/python3.6/site-packages/airflow/example_dags/example_branch_python_dop_operator_3.py for tasks to queue
[2023-12-28 23:52:32,539] {logging_mixin.py:109} INFO - [2023-12-28 23:52:32,539] {dagbag.py:500} INFO - Filling up the DagBag from /home/airflow/.local/lib/python3.6/site-packages/airflow/example_dags/example_branch_python_dop_operator_3.py
[2023-12-28 23:52:32,999] {processor.py:654} INFO - DAG(s) dict_keys(['example_branch_dop_operator_v3']) retrieved from /home/airflow/.local/lib/python3.6/site-packages/airflow/example_dags/example_branch_python_dop_operator_3.py
[2023-12-28 23:52:42,142] {logging_mixin.py:109} INFO - [2023-12-28 23:52:42,142] {manager.py:496} INFO - Created Permission View: can edit on DAG:example_branch_dop_operator_v3
[2023-12-28 23:52:42,181] {logging_mixin.py:109} INFO - [2023-12-28 23:52:42,181] {manager.py:496} INFO - Created Permission View: can read on DAG:example_branch_dop_operator_v3
[2023-12-28 23:52:42,187] {logging_mixin.py:109} INFO - [2023-12-28 23:52:42,182] {dag.py:2396} INFO - Sync 1 DAGs
[2023-12-28 23:52:42,259] {logging_mixin.py:109} INFO - [2023-12-28 23:52:42,234] {dag.py:2415} INFO - Creating ORM DAG for example_branch_dop_operator_v3
[2023-12-28 23:52:42,312] {logging_mixin.py:109} INFO - [2023-12-28 23:52:42,312] {dag.py:2935} INFO - Setting next_dagrun for example_branch_dop_operator_v3 to 2023-12-28T23:51:00+00:00
[2023-12-28 23:52:42,370] {processor.py:171} INFO - Processing /home/airflow/.local/lib/python3.6/site-packages/airflow/example_dags/example_branch_python_dop_operator_3.py took 9.946 seconds
[2023-12-28 23:54:52,757] {processor.py:163} INFO - Started process (PID=392) to work on /home/airflow/.local/lib/python3.6/site-packages/airflow/example_dags/example_branch_python_dop_operator_3.py
[2023-12-28 23:54:52,784] {processor.py:642} INFO - Processing file /home/airflow/.local/lib/python3.6/site-packages/airflow/example_dags/example_branch_python_dop_operator_3.py for tasks to queue
[2023-12-28 23:54:52,801] {logging_mixin.py:109} INFO - [2023-12-28 23:54:52,801] {dagbag.py:500} INFO - Filling up the DagBag from /home/airflow/.local/lib/python3.6/site-packages/airflow/example_dags/example_branch_python_dop_operator_3.py
[2023-12-28 23:54:53,090] {processor.py:654} INFO - DAG(s) dict_keys(['example_branch_dop_operator_v3']) retrieved from /home/airflow/.local/lib/python3.6/site-packages/airflow/example_dags/example_branch_python_dop_operator_3.py
[2023-12-28 23:54:53,163] {logging_mixin.py:109} INFO - [2023-12-28 23:54:53,161] {dag.py:2396} INFO - Sync 1 DAGs
[2023-12-28 23:54:53,271] {logging_mixin.py:109} INFO - [2023-12-28 23:54:53,271] {dag.py:2935} INFO - Setting next_dagrun for example_branch_dop_operator_v3 to 2023-12-28T23:53:00+00:00
[2023-12-28 23:54:53,442] {processor.py:171} INFO - Processing /home/airflow/.local/lib/python3.6/site-packages/airflow/example_dags/example_branch_python_dop_operator_3.py took 0.691 seconds
[2023-12-28 23:57:32,562] {processor.py:163} INFO - Started process (PID=591) to work on /home/airflow/.local/lib/python3.6/site-packages/airflow/example_dags/example_branch_python_dop_operator_3.py
[2023-12-28 23:57:32,567] {processor.py:642} INFO - Processing file /home/airflow/.local/lib/python3.6/site-packages/airflow/example_dags/example_branch_python_dop_operator_3.py for tasks to queue
[2023-12-28 23:57:32,571] {logging_mixin.py:109} INFO - [2023-12-28 23:57:32,571] {dagbag.py:500} INFO - Filling up the DagBag from /home/airflow/.local/lib/python3.6/site-packages/airflow/example_dags/example_branch_python_dop_operator_3.py
[2023-12-28 23:57:32,678] {processor.py:654} INFO - DAG(s) dict_keys(['example_branch_dop_operator_v3']) retrieved from /home/airflow/.local/lib/python3.6/site-packages/airflow/example_dags/example_branch_python_dop_operator_3.py
[2023-12-28 23:57:32,762] {logging_mixin.py:109} INFO - [2023-12-28 23:57:32,762] {dag.py:2396} INFO - Sync 1 DAGs
[2023-12-28 23:57:32,830] {logging_mixin.py:109} INFO - [2023-12-28 23:57:32,830] {dag.py:2935} INFO - Setting next_dagrun for example_branch_dop_operator_v3 to 2023-12-28T23:56:00+00:00
[2023-12-28 23:57:32,877] {processor.py:171} INFO - Processing /home/airflow/.local/lib/python3.6/site-packages/airflow/example_dags/example_branch_python_dop_operator_3.py took 0.337 seconds
[2023-12-28 23:58:03,122] {processor.py:163} INFO - Started process (PID=637) to work on /home/airflow/.local/lib/python3.6/site-packages/airflow/example_dags/example_branch_python_dop_operator_3.py
[2023-12-28 23:58:03,125] {processor.py:642} INFO - Processing file /home/airflow/.local/lib/python3.6/site-packages/airflow/example_dags/example_branch_python_dop_operator_3.py for tasks to queue
[2023-12-28 23:58:03,126] {logging_mixin.py:109} INFO - [2023-12-28 23:58:03,126] {dagbag.py:500} INFO - Filling up the DagBag from /home/airflow/.local/lib/python3.6/site-packages/airflow/example_dags/example_branch_python_dop_operator_3.py
[2023-12-28 23:58:03,226] {processor.py:654} INFO - DAG(s) dict_keys(['example_branch_dop_operator_v3']) retrieved from /home/airflow/.local/lib/python3.6/site-packages/airflow/example_dags/example_branch_python_dop_operator_3.py
[2023-12-28 23:58:03,254] {logging_mixin.py:109} INFO - [2023-12-28 23:58:03,254] {dag.py:2396} INFO - Sync 1 DAGs
[2023-12-28 23:58:03,314] {logging_mixin.py:109} INFO - [2023-12-28 23:58:03,314] {dag.py:2935} INFO - Setting next_dagrun for example_branch_dop_operator_v3 to 2023-12-28T23:57:00+00:00
[2023-12-28 23:58:03,341] {processor.py:171} INFO - Processing /home/airflow/.local/lib/python3.6/site-packages/airflow/example_dags/example_branch_python_dop_operator_3.py took 0.226 seconds
[2023-12-28 23:58:33,570] {processor.py:163} INFO - Started process (PID=694) to work on /home/airflow/.local/lib/python3.6/site-packages/airflow/example_dags/example_branch_python_dop_operator_3.py
[2023-12-28 23:58:33,572] {processor.py:642} INFO - Processing file /home/airflow/.local/lib/python3.6/site-packages/airflow/example_dags/example_branch_python_dop_operator_3.py for tasks to queue
[2023-12-28 23:58:33,573] {logging_mixin.py:109} INFO - [2023-12-28 23:58:33,573] {dagbag.py:500} INFO - Filling up the DagBag from /home/airflow/.local/lib/python3.6/site-packages/airflow/example_dags/example_branch_python_dop_operator_3.py
[2023-12-28 23:58:33,627] {processor.py:654} INFO - DAG(s) dict_keys(['example_branch_dop_operator_v3']) retrieved from /home/airflow/.local/lib/python3.6/site-packages/airflow/example_dags/example_branch_python_dop_operator_3.py
[2023-12-28 23:58:33,644] {logging_mixin.py:109} INFO - [2023-12-28 23:58:33,644] {dag.py:2396} INFO - Sync 1 DAGs
[2023-12-28 23:58:33,683] {logging_mixin.py:109} INFO - [2023-12-28 23:58:33,682] {dag.py:2935} INFO - Setting next_dagrun for example_branch_dop_operator_v3 to 2023-12-28T23:57:00+00:00
[2023-12-28 23:58:34,836] {processor.py:171} INFO - Processing /home/airflow/.local/lib/python3.6/site-packages/airflow/example_dags/example_branch_python_dop_operator_3.py took 1.273 seconds
[2023-12-28 23:59:04,943] {processor.py:163} INFO - Started process (PID=750) to work on /home/airflow/.local/lib/python3.6/site-packages/airflow/example_dags/example_branch_python_dop_operator_3.py
[2023-12-28 23:59:04,945] {processor.py:642} INFO - Processing file /home/airflow/.local/lib/python3.6/site-packages/airflow/example_dags/example_branch_python_dop_operator_3.py for tasks to queue
[2023-12-28 23:59:04,948] {logging_mixin.py:109} INFO - [2023-12-28 23:59:04,947] {dagbag.py:500} INFO - Filling up the DagBag from /home/airflow/.local/lib/python3.6/site-packages/airflow/example_dags/example_branch_python_dop_operator_3.py
[2023-12-28 23:59:05,139] {processor.py:654} INFO - DAG(s) dict_keys(['example_branch_dop_operator_v3']) retrieved from /home/airflow/.local/lib/python3.6/site-packages/airflow/example_dags/example_branch_python_dop_operator_3.py
[2023-12-28 23:59:05,199] {logging_mixin.py:109} INFO - [2023-12-28 23:59:05,199] {dag.py:2396} INFO - Sync 1 DAGs
[2023-12-28 23:59:05,327] {logging_mixin.py:109} INFO - [2023-12-28 23:59:05,327] {dag.py:2935} INFO - Setting next_dagrun for example_branch_dop_operator_v3 to 2023-12-28T23:58:00+00:00
[2023-12-28 23:59:05,372] {processor.py:171} INFO - Processing /home/airflow/.local/lib/python3.6/site-packages/airflow/example_dags/example_branch_python_dop_operator_3.py took 0.438 seconds
[2023-12-28 23:59:35,775] {processor.py:163} INFO - Started process (PID=796) to work on /home/airflow/.local/lib/python3.6/site-packages/airflow/example_dags/example_branch_python_dop_operator_3.py
[2023-12-28 23:59:35,778] {processor.py:642} INFO - Processing file /home/airflow/.local/lib/python3.6/site-packages/airflow/example_dags/example_branch_python_dop_operator_3.py for tasks to queue
[2023-12-28 23:59:35,780] {logging_mixin.py:109} INFO - [2023-12-28 23:59:35,780] {dagbag.py:500} INFO - Filling up the DagBag from /home/airflow/.local/lib/python3.6/site-packages/airflow/example_dags/example_branch_python_dop_operator_3.py
[2023-12-28 23:59:35,831] {processor.py:654} INFO - DAG(s) dict_keys(['example_branch_dop_operator_v3']) retrieved from /home/airflow/.local/lib/python3.6/site-packages/airflow/example_dags/example_branch_python_dop_operator_3.py
[2023-12-28 23:59:35,851] {logging_mixin.py:109} INFO - [2023-12-28 23:59:35,851] {dag.py:2396} INFO - Sync 1 DAGs
[2023-12-28 23:59:35,886] {logging_mixin.py:109} INFO - [2023-12-28 23:59:35,886] {dag.py:2935} INFO - Setting next_dagrun for example_branch_dop_operator_v3 to 2023-12-28T23:58:00+00:00
[2023-12-28 23:59:35,902] {processor.py:171} INFO - Processing /home/airflow/.local/lib/python3.6/site-packages/airflow/example_dags/example_branch_python_dop_operator_3.py took 0.133 seconds
