[2023-12-28 23:53:08,586] {processor.py:163} INFO - Started process (PID=316) to work on /home/airflow/.local/lib/python3.6/site-packages/airflow/example_dags/example_short_circuit_operator.py
[2023-12-28 23:53:08,600] {processor.py:642} INFO - Processing file /home/airflow/.local/lib/python3.6/site-packages/airflow/example_dags/example_short_circuit_operator.py for tasks to queue
[2023-12-28 23:53:08,615] {logging_mixin.py:109} INFO - [2023-12-28 23:53:08,615] {dagbag.py:500} INFO - Filling up the DagBag from /home/airflow/.local/lib/python3.6/site-packages/airflow/example_dags/example_short_circuit_operator.py
[2023-12-28 23:53:09,029] {processor.py:654} INFO - DAG(s) dict_keys(['example_short_circuit_operator']) retrieved from /home/airflow/.local/lib/python3.6/site-packages/airflow/example_dags/example_short_circuit_operator.py
[2023-12-28 23:53:46,050] {logging_mixin.py:109} INFO - [2023-12-28 23:53:46,050] {manager.py:496} INFO - Created Permission View: can edit on DAG:example_short_circuit_operator
[2023-12-28 23:53:46,224] {logging_mixin.py:109} INFO - [2023-12-28 23:53:46,224] {manager.py:496} INFO - Created Permission View: can read on DAG:example_short_circuit_operator
[2023-12-28 23:53:46,259] {logging_mixin.py:109} INFO - [2023-12-28 23:53:46,256] {dag.py:2396} INFO - Sync 1 DAGs
[2023-12-28 23:53:46,419] {logging_mixin.py:109} INFO - [2023-12-28 23:53:46,378] {dag.py:2415} INFO - Creating ORM DAG for example_short_circuit_operator
[2023-12-28 23:53:46,543] {logging_mixin.py:109} INFO - [2023-12-28 23:53:46,542] {dag.py:2935} INFO - Setting next_dagrun for example_short_circuit_operator to 2023-12-27T23:53:46.542383+00:00
[2023-12-28 23:53:46,799] {processor.py:171} INFO - Processing /home/airflow/.local/lib/python3.6/site-packages/airflow/example_dags/example_short_circuit_operator.py took 38.250 seconds
[2023-12-28 23:54:55,922] {processor.py:163} INFO - Started process (PID=397) to work on /home/airflow/.local/lib/python3.6/site-packages/airflow/example_dags/example_short_circuit_operator.py
[2023-12-28 23:54:56,231] {processor.py:642} INFO - Processing file /home/airflow/.local/lib/python3.6/site-packages/airflow/example_dags/example_short_circuit_operator.py for tasks to queue
[2023-12-28 23:54:56,470] {logging_mixin.py:109} INFO - [2023-12-28 23:54:56,456] {dagbag.py:500} INFO - Filling up the DagBag from /home/airflow/.local/lib/python3.6/site-packages/airflow/example_dags/example_short_circuit_operator.py
[2023-12-28 23:54:56,920] {processor.py:654} INFO - DAG(s) dict_keys(['example_short_circuit_operator']) retrieved from /home/airflow/.local/lib/python3.6/site-packages/airflow/example_dags/example_short_circuit_operator.py
[2023-12-28 23:54:57,424] {logging_mixin.py:109} INFO - [2023-12-28 23:54:57,423] {dag.py:2396} INFO - Sync 1 DAGs
[2023-12-28 23:54:57,608] {logging_mixin.py:109} INFO - [2023-12-28 23:54:57,608] {dag.py:2935} INFO - Setting next_dagrun for example_short_circuit_operator to 2023-12-27T23:54:57.607811+00:00
[2023-12-28 23:54:57,704] {processor.py:171} INFO - Processing /home/airflow/.local/lib/python3.6/site-packages/airflow/example_dags/example_short_circuit_operator.py took 1.790 seconds
[2023-12-28 23:57:34,769] {processor.py:163} INFO - Started process (PID=595) to work on /home/airflow/.local/lib/python3.6/site-packages/airflow/example_dags/example_short_circuit_operator.py
[2023-12-28 23:57:34,776] {processor.py:642} INFO - Processing file /home/airflow/.local/lib/python3.6/site-packages/airflow/example_dags/example_short_circuit_operator.py for tasks to queue
[2023-12-28 23:57:34,778] {logging_mixin.py:109} INFO - [2023-12-28 23:57:34,777] {dagbag.py:500} INFO - Filling up the DagBag from /home/airflow/.local/lib/python3.6/site-packages/airflow/example_dags/example_short_circuit_operator.py
[2023-12-28 23:57:34,962] {processor.py:654} INFO - DAG(s) dict_keys(['example_short_circuit_operator']) retrieved from /home/airflow/.local/lib/python3.6/site-packages/airflow/example_dags/example_short_circuit_operator.py
[2023-12-28 23:57:35,027] {logging_mixin.py:109} INFO - [2023-12-28 23:57:35,027] {dag.py:2396} INFO - Sync 1 DAGs
[2023-12-28 23:57:35,092] {logging_mixin.py:109} INFO - [2023-12-28 23:57:35,092] {dag.py:2935} INFO - Setting next_dagrun for example_short_circuit_operator to 2023-12-27T23:57:35.088102+00:00
[2023-12-28 23:57:35,169] {processor.py:171} INFO - Processing /home/airflow/.local/lib/python3.6/site-packages/airflow/example_dags/example_short_circuit_operator.py took 0.406 seconds
[2023-12-28 23:58:05,642] {processor.py:163} INFO - Started process (PID=651) to work on /home/airflow/.local/lib/python3.6/site-packages/airflow/example_dags/example_short_circuit_operator.py
[2023-12-28 23:58:05,653] {processor.py:642} INFO - Processing file /home/airflow/.local/lib/python3.6/site-packages/airflow/example_dags/example_short_circuit_operator.py for tasks to queue
[2023-12-28 23:58:05,670] {logging_mixin.py:109} INFO - [2023-12-28 23:58:05,670] {dagbag.py:500} INFO - Filling up the DagBag from /home/airflow/.local/lib/python3.6/site-packages/airflow/example_dags/example_short_circuit_operator.py
[2023-12-28 23:58:05,753] {processor.py:654} INFO - DAG(s) dict_keys(['example_short_circuit_operator']) retrieved from /home/airflow/.local/lib/python3.6/site-packages/airflow/example_dags/example_short_circuit_operator.py
[2023-12-28 23:58:05,776] {logging_mixin.py:109} INFO - [2023-12-28 23:58:05,776] {dag.py:2396} INFO - Sync 1 DAGs
[2023-12-28 23:58:05,806] {logging_mixin.py:109} INFO - [2023-12-28 23:58:05,806] {dag.py:2935} INFO - Setting next_dagrun for example_short_circuit_operator to 2023-12-27T23:58:05.805023+00:00
[2023-12-28 23:58:05,862] {processor.py:171} INFO - Processing /home/airflow/.local/lib/python3.6/site-packages/airflow/example_dags/example_short_circuit_operator.py took 0.226 seconds
[2023-12-28 23:58:36,023] {processor.py:163} INFO - Started process (PID=698) to work on /home/airflow/.local/lib/python3.6/site-packages/airflow/example_dags/example_short_circuit_operator.py
[2023-12-28 23:58:36,026] {processor.py:642} INFO - Processing file /home/airflow/.local/lib/python3.6/site-packages/airflow/example_dags/example_short_circuit_operator.py for tasks to queue
[2023-12-28 23:58:36,028] {logging_mixin.py:109} INFO - [2023-12-28 23:58:36,028] {dagbag.py:500} INFO - Filling up the DagBag from /home/airflow/.local/lib/python3.6/site-packages/airflow/example_dags/example_short_circuit_operator.py
[2023-12-28 23:58:36,144] {processor.py:654} INFO - DAG(s) dict_keys(['example_short_circuit_operator']) retrieved from /home/airflow/.local/lib/python3.6/site-packages/airflow/example_dags/example_short_circuit_operator.py
[2023-12-28 23:58:36,173] {logging_mixin.py:109} INFO - [2023-12-28 23:58:36,173] {dag.py:2396} INFO - Sync 1 DAGs
[2023-12-28 23:58:36,208] {logging_mixin.py:109} INFO - [2023-12-28 23:58:36,208] {dag.py:2935} INFO - Setting next_dagrun for example_short_circuit_operator to 2023-12-27T23:58:36.207406+00:00
[2023-12-28 23:58:36,237] {processor.py:171} INFO - Processing /home/airflow/.local/lib/python3.6/site-packages/airflow/example_dags/example_short_circuit_operator.py took 0.222 seconds
[2023-12-28 23:59:06,348] {processor.py:163} INFO - Started process (PID=755) to work on /home/airflow/.local/lib/python3.6/site-packages/airflow/example_dags/example_short_circuit_operator.py
[2023-12-28 23:59:06,351] {processor.py:642} INFO - Processing file /home/airflow/.local/lib/python3.6/site-packages/airflow/example_dags/example_short_circuit_operator.py for tasks to queue
[2023-12-28 23:59:06,353] {logging_mixin.py:109} INFO - [2023-12-28 23:59:06,353] {dagbag.py:500} INFO - Filling up the DagBag from /home/airflow/.local/lib/python3.6/site-packages/airflow/example_dags/example_short_circuit_operator.py
[2023-12-28 23:59:06,455] {processor.py:654} INFO - DAG(s) dict_keys(['example_short_circuit_operator']) retrieved from /home/airflow/.local/lib/python3.6/site-packages/airflow/example_dags/example_short_circuit_operator.py
[2023-12-28 23:59:06,521] {logging_mixin.py:109} INFO - [2023-12-28 23:59:06,520] {dag.py:2396} INFO - Sync 1 DAGs
[2023-12-28 23:59:06,580] {logging_mixin.py:109} INFO - [2023-12-28 23:59:06,579] {dag.py:2935} INFO - Setting next_dagrun for example_short_circuit_operator to 2023-12-27T23:59:06.579410+00:00
[2023-12-28 23:59:06,647] {processor.py:171} INFO - Processing /home/airflow/.local/lib/python3.6/site-packages/airflow/example_dags/example_short_circuit_operator.py took 0.307 seconds
[2023-12-28 23:59:37,582] {processor.py:163} INFO - Started process (PID=801) to work on /home/airflow/.local/lib/python3.6/site-packages/airflow/example_dags/example_short_circuit_operator.py
[2023-12-28 23:59:37,585] {processor.py:642} INFO - Processing file /home/airflow/.local/lib/python3.6/site-packages/airflow/example_dags/example_short_circuit_operator.py for tasks to queue
[2023-12-28 23:59:37,587] {logging_mixin.py:109} INFO - [2023-12-28 23:59:37,586] {dagbag.py:500} INFO - Filling up the DagBag from /home/airflow/.local/lib/python3.6/site-packages/airflow/example_dags/example_short_circuit_operator.py
[2023-12-28 23:59:37,635] {processor.py:654} INFO - DAG(s) dict_keys(['example_short_circuit_operator']) retrieved from /home/airflow/.local/lib/python3.6/site-packages/airflow/example_dags/example_short_circuit_operator.py
[2023-12-28 23:59:37,656] {logging_mixin.py:109} INFO - [2023-12-28 23:59:37,656] {dag.py:2396} INFO - Sync 1 DAGs
[2023-12-28 23:59:37,680] {logging_mixin.py:109} INFO - [2023-12-28 23:59:37,680] {dag.py:2935} INFO - Setting next_dagrun for example_short_circuit_operator to 2023-12-27T23:59:37.679654+00:00
[2023-12-28 23:59:37,696] {processor.py:171} INFO - Processing /home/airflow/.local/lib/python3.6/site-packages/airflow/example_dags/example_short_circuit_operator.py took 0.119 seconds
