[2023-12-28 23:53:53,348] {processor.py:163} INFO - Started process (PID=348) to work on /home/airflow/.local/lib/python3.6/site-packages/airflow/example_dags/example_python_operator.py
[2023-12-28 23:53:53,417] {processor.py:642} INFO - Processing file /home/airflow/.local/lib/python3.6/site-packages/airflow/example_dags/example_python_operator.py for tasks to queue
[2023-12-28 23:53:53,526] {logging_mixin.py:109} INFO - [2023-12-28 23:53:53,525] {dagbag.py:500} INFO - Filling up the DagBag from /home/airflow/.local/lib/python3.6/site-packages/airflow/example_dags/example_python_operator.py
[2023-12-28 23:53:54,508] {processor.py:654} INFO - DAG(s) dict_keys(['example_python_operator']) retrieved from /home/airflow/.local/lib/python3.6/site-packages/airflow/example_dags/example_python_operator.py
[2023-12-28 23:54:44,147] {logging_mixin.py:109} INFO - [2023-12-28 23:54:44,147] {manager.py:496} INFO - Created Permission View: can edit on DAG:example_python_operator
[2023-12-28 23:54:44,206] {logging_mixin.py:109} INFO - [2023-12-28 23:54:44,206] {manager.py:496} INFO - Created Permission View: can read on DAG:example_python_operator
[2023-12-28 23:54:44,214] {logging_mixin.py:109} INFO - [2023-12-28 23:54:44,211] {dag.py:2396} INFO - Sync 1 DAGs
[2023-12-28 23:54:44,325] {logging_mixin.py:109} INFO - [2023-12-28 23:54:44,322] {dag.py:2415} INFO - Creating ORM DAG for example_python_operator
[2023-12-28 23:54:44,441] {logging_mixin.py:109} INFO - [2023-12-28 23:54:44,441] {dag.py:2935} INFO - Setting next_dagrun for example_python_operator to None
[2023-12-28 23:54:44,558] {processor.py:171} INFO - Processing /home/airflow/.local/lib/python3.6/site-packages/airflow/example_dags/example_python_operator.py took 51.835 seconds
[2023-12-28 23:54:58,438] {processor.py:163} INFO - Started process (PID=400) to work on /home/airflow/.local/lib/python3.6/site-packages/airflow/example_dags/example_python_operator.py
[2023-12-28 23:54:58,472] {processor.py:642} INFO - Processing file /home/airflow/.local/lib/python3.6/site-packages/airflow/example_dags/example_python_operator.py for tasks to queue
[2023-12-28 23:54:58,478] {logging_mixin.py:109} INFO - [2023-12-28 23:54:58,477] {dagbag.py:500} INFO - Filling up the DagBag from /home/airflow/.local/lib/python3.6/site-packages/airflow/example_dags/example_python_operator.py
[2023-12-28 23:54:58,866] {processor.py:654} INFO - DAG(s) dict_keys(['example_python_operator']) retrieved from /home/airflow/.local/lib/python3.6/site-packages/airflow/example_dags/example_python_operator.py
[2023-12-28 23:54:58,977] {logging_mixin.py:109} INFO - [2023-12-28 23:54:58,977] {dag.py:2396} INFO - Sync 1 DAGs
[2023-12-28 23:54:59,104] {logging_mixin.py:109} INFO - [2023-12-28 23:54:59,104] {dag.py:2935} INFO - Setting next_dagrun for example_python_operator to None
[2023-12-28 23:54:59,203] {processor.py:171} INFO - Processing /home/airflow/.local/lib/python3.6/site-packages/airflow/example_dags/example_python_operator.py took 0.789 seconds
[2023-12-28 23:57:35,270] {processor.py:163} INFO - Started process (PID=598) to work on /home/airflow/.local/lib/python3.6/site-packages/airflow/example_dags/example_python_operator.py
[2023-12-28 23:57:35,284] {processor.py:642} INFO - Processing file /home/airflow/.local/lib/python3.6/site-packages/airflow/example_dags/example_python_operator.py for tasks to queue
[2023-12-28 23:57:35,286] {logging_mixin.py:109} INFO - [2023-12-28 23:57:35,286] {dagbag.py:500} INFO - Filling up the DagBag from /home/airflow/.local/lib/python3.6/site-packages/airflow/example_dags/example_python_operator.py
[2023-12-28 23:57:35,473] {processor.py:654} INFO - DAG(s) dict_keys(['example_python_operator']) retrieved from /home/airflow/.local/lib/python3.6/site-packages/airflow/example_dags/example_python_operator.py
[2023-12-28 23:57:35,515] {logging_mixin.py:109} INFO - [2023-12-28 23:57:35,515] {dag.py:2396} INFO - Sync 1 DAGs
[2023-12-28 23:57:35,568] {logging_mixin.py:109} INFO - [2023-12-28 23:57:35,568] {dag.py:2935} INFO - Setting next_dagrun for example_python_operator to None
[2023-12-28 23:57:35,602] {processor.py:171} INFO - Processing /home/airflow/.local/lib/python3.6/site-packages/airflow/example_dags/example_python_operator.py took 0.341 seconds
[2023-12-28 23:58:07,515] {processor.py:163} INFO - Started process (PID=655) to work on /home/airflow/.local/lib/python3.6/site-packages/airflow/example_dags/example_python_operator.py
[2023-12-28 23:58:07,526] {processor.py:642} INFO - Processing file /home/airflow/.local/lib/python3.6/site-packages/airflow/example_dags/example_python_operator.py for tasks to queue
[2023-12-28 23:58:07,528] {logging_mixin.py:109} INFO - [2023-12-28 23:58:07,527] {dagbag.py:500} INFO - Filling up the DagBag from /home/airflow/.local/lib/python3.6/site-packages/airflow/example_dags/example_python_operator.py
[2023-12-28 23:58:07,753] {processor.py:654} INFO - DAG(s) dict_keys(['example_python_operator']) retrieved from /home/airflow/.local/lib/python3.6/site-packages/airflow/example_dags/example_python_operator.py
[2023-12-28 23:58:07,837] {logging_mixin.py:109} INFO - [2023-12-28 23:58:07,837] {dag.py:2396} INFO - Sync 1 DAGs
[2023-12-28 23:58:08,029] {logging_mixin.py:109} INFO - [2023-12-28 23:58:08,029] {dag.py:2935} INFO - Setting next_dagrun for example_python_operator to None
[2023-12-28 23:58:08,281] {processor.py:171} INFO - Processing /home/airflow/.local/lib/python3.6/site-packages/airflow/example_dags/example_python_operator.py took 0.805 seconds
[2023-12-28 23:58:38,548] {processor.py:163} INFO - Started process (PID=702) to work on /home/airflow/.local/lib/python3.6/site-packages/airflow/example_dags/example_python_operator.py
[2023-12-28 23:58:38,551] {processor.py:642} INFO - Processing file /home/airflow/.local/lib/python3.6/site-packages/airflow/example_dags/example_python_operator.py for tasks to queue
[2023-12-28 23:58:38,553] {logging_mixin.py:109} INFO - [2023-12-28 23:58:38,552] {dagbag.py:500} INFO - Filling up the DagBag from /home/airflow/.local/lib/python3.6/site-packages/airflow/example_dags/example_python_operator.py
[2023-12-28 23:58:38,637] {processor.py:654} INFO - DAG(s) dict_keys(['example_python_operator']) retrieved from /home/airflow/.local/lib/python3.6/site-packages/airflow/example_dags/example_python_operator.py
[2023-12-28 23:58:38,687] {logging_mixin.py:109} INFO - [2023-12-28 23:58:38,686] {dag.py:2396} INFO - Sync 1 DAGs
[2023-12-28 23:58:38,711] {logging_mixin.py:109} INFO - [2023-12-28 23:58:38,711] {dag.py:2935} INFO - Setting next_dagrun for example_python_operator to None
[2023-12-28 23:58:38,729] {processor.py:171} INFO - Processing /home/airflow/.local/lib/python3.6/site-packages/airflow/example_dags/example_python_operator.py took 0.188 seconds
[2023-12-28 23:59:09,187] {processor.py:163} INFO - Started process (PID=759) to work on /home/airflow/.local/lib/python3.6/site-packages/airflow/example_dags/example_python_operator.py
[2023-12-28 23:59:09,190] {processor.py:642} INFO - Processing file /home/airflow/.local/lib/python3.6/site-packages/airflow/example_dags/example_python_operator.py for tasks to queue
[2023-12-28 23:59:09,192] {logging_mixin.py:109} INFO - [2023-12-28 23:59:09,192] {dagbag.py:500} INFO - Filling up the DagBag from /home/airflow/.local/lib/python3.6/site-packages/airflow/example_dags/example_python_operator.py
[2023-12-28 23:59:09,268] {processor.py:654} INFO - DAG(s) dict_keys(['example_python_operator']) retrieved from /home/airflow/.local/lib/python3.6/site-packages/airflow/example_dags/example_python_operator.py
[2023-12-28 23:59:09,344] {logging_mixin.py:109} INFO - [2023-12-28 23:59:09,344] {dag.py:2396} INFO - Sync 1 DAGs
[2023-12-28 23:59:09,393] {logging_mixin.py:109} INFO - [2023-12-28 23:59:09,393] {dag.py:2935} INFO - Setting next_dagrun for example_python_operator to None
[2023-12-28 23:59:09,453] {processor.py:171} INFO - Processing /home/airflow/.local/lib/python3.6/site-packages/airflow/example_dags/example_python_operator.py took 0.274 seconds
[2023-12-28 23:59:39,886] {processor.py:163} INFO - Started process (PID=804) to work on /home/airflow/.local/lib/python3.6/site-packages/airflow/example_dags/example_python_operator.py
[2023-12-28 23:59:39,889] {processor.py:642} INFO - Processing file /home/airflow/.local/lib/python3.6/site-packages/airflow/example_dags/example_python_operator.py for tasks to queue
[2023-12-28 23:59:39,891] {logging_mixin.py:109} INFO - [2023-12-28 23:59:39,891] {dagbag.py:500} INFO - Filling up the DagBag from /home/airflow/.local/lib/python3.6/site-packages/airflow/example_dags/example_python_operator.py
[2023-12-28 23:59:39,980] {processor.py:654} INFO - DAG(s) dict_keys(['example_python_operator']) retrieved from /home/airflow/.local/lib/python3.6/site-packages/airflow/example_dags/example_python_operator.py
[2023-12-28 23:59:40,011] {logging_mixin.py:109} INFO - [2023-12-28 23:59:40,011] {dag.py:2396} INFO - Sync 1 DAGs
[2023-12-28 23:59:40,071] {logging_mixin.py:109} INFO - [2023-12-28 23:59:40,061] {dag.py:2935} INFO - Setting next_dagrun for example_python_operator to None
[2023-12-28 23:59:40,147] {processor.py:171} INFO - Processing /home/airflow/.local/lib/python3.6/site-packages/airflow/example_dags/example_python_operator.py took 0.270 seconds
