[2023-12-28 23:57:25,662] {processor.py:163} INFO - Started process (PID=569) to work on /home/airflow/.local/lib/python3.6/site-packages/airflow/example_dags/example_latest_only_with_trigger.py
[2023-12-28 23:57:25,691] {processor.py:642} INFO - Processing file /home/airflow/.local/lib/python3.6/site-packages/airflow/example_dags/example_latest_only_with_trigger.py for tasks to queue
[2023-12-28 23:57:25,694] {logging_mixin.py:109} INFO - [2023-12-28 23:57:25,693] {dagbag.py:500} INFO - Filling up the DagBag from /home/airflow/.local/lib/python3.6/site-packages/airflow/example_dags/example_latest_only_with_trigger.py
[2023-12-28 23:57:25,928] {processor.py:654} INFO - DAG(s) dict_keys(['latest_only_with_trigger']) retrieved from /home/airflow/.local/lib/python3.6/site-packages/airflow/example_dags/example_latest_only_with_trigger.py
[2023-12-28 23:57:34,408] {logging_mixin.py:109} INFO - [2023-12-28 23:57:34,408] {manager.py:496} INFO - Created Permission View: can edit on DAG:latest_only_with_trigger
[2023-12-28 23:57:34,481] {logging_mixin.py:109} INFO - [2023-12-28 23:57:34,481] {manager.py:496} INFO - Created Permission View: can read on DAG:latest_only_with_trigger
[2023-12-28 23:57:34,491] {logging_mixin.py:109} INFO - [2023-12-28 23:57:34,483] {dag.py:2396} INFO - Sync 1 DAGs
[2023-12-28 23:57:34,531] {logging_mixin.py:109} INFO - [2023-12-28 23:57:34,528] {dag.py:2415} INFO - Creating ORM DAG for latest_only_with_trigger
[2023-12-28 23:57:34,624] {logging_mixin.py:109} INFO - [2023-12-28 23:57:34,624] {dag.py:2935} INFO - Setting next_dagrun for latest_only_with_trigger to 2023-12-28T19:57:34.622809+00:00
[2023-12-28 23:57:34,724] {processor.py:171} INFO - Processing /home/airflow/.local/lib/python3.6/site-packages/airflow/example_dags/example_latest_only_with_trigger.py took 9.071 seconds
[2023-12-28 23:58:06,321] {processor.py:163} INFO - Started process (PID=653) to work on /home/airflow/.local/lib/python3.6/site-packages/airflow/example_dags/example_latest_only_with_trigger.py
[2023-12-28 23:58:06,336] {processor.py:642} INFO - Processing file /home/airflow/.local/lib/python3.6/site-packages/airflow/example_dags/example_latest_only_with_trigger.py for tasks to queue
[2023-12-28 23:58:06,350] {logging_mixin.py:109} INFO - [2023-12-28 23:58:06,349] {dagbag.py:500} INFO - Filling up the DagBag from /home/airflow/.local/lib/python3.6/site-packages/airflow/example_dags/example_latest_only_with_trigger.py
[2023-12-28 23:58:06,923] {processor.py:654} INFO - DAG(s) dict_keys(['latest_only_with_trigger']) retrieved from /home/airflow/.local/lib/python3.6/site-packages/airflow/example_dags/example_latest_only_with_trigger.py
[2023-12-28 23:58:07,024] {logging_mixin.py:109} INFO - [2023-12-28 23:58:07,024] {dag.py:2396} INFO - Sync 1 DAGs
[2023-12-28 23:58:07,130] {logging_mixin.py:109} INFO - [2023-12-28 23:58:07,130] {dag.py:2935} INFO - Setting next_dagrun for latest_only_with_trigger to 2023-12-28T19:58:07.130052+00:00
[2023-12-28 23:58:07,255] {processor.py:171} INFO - Processing /home/airflow/.local/lib/python3.6/site-packages/airflow/example_dags/example_latest_only_with_trigger.py took 0.977 seconds
[2023-12-28 23:58:38,486] {processor.py:163} INFO - Started process (PID=701) to work on /home/airflow/.local/lib/python3.6/site-packages/airflow/example_dags/example_latest_only_with_trigger.py
[2023-12-28 23:58:38,489] {processor.py:642} INFO - Processing file /home/airflow/.local/lib/python3.6/site-packages/airflow/example_dags/example_latest_only_with_trigger.py for tasks to queue
[2023-12-28 23:58:38,491] {logging_mixin.py:109} INFO - [2023-12-28 23:58:38,490] {dagbag.py:500} INFO - Filling up the DagBag from /home/airflow/.local/lib/python3.6/site-packages/airflow/example_dags/example_latest_only_with_trigger.py
[2023-12-28 23:58:38,558] {processor.py:654} INFO - DAG(s) dict_keys(['latest_only_with_trigger']) retrieved from /home/airflow/.local/lib/python3.6/site-packages/airflow/example_dags/example_latest_only_with_trigger.py
[2023-12-28 23:58:38,583] {logging_mixin.py:109} INFO - [2023-12-28 23:58:38,583] {dag.py:2396} INFO - Sync 1 DAGs
[2023-12-28 23:58:38,624] {logging_mixin.py:109} INFO - [2023-12-28 23:58:38,624] {dag.py:2935} INFO - Setting next_dagrun for latest_only_with_trigger to 2023-12-28T19:58:38.623261+00:00
[2023-12-28 23:58:38,653] {processor.py:171} INFO - Processing /home/airflow/.local/lib/python3.6/site-packages/airflow/example_dags/example_latest_only_with_trigger.py took 0.176 seconds
[2023-12-28 23:59:09,148] {processor.py:163} INFO - Started process (PID=758) to work on /home/airflow/.local/lib/python3.6/site-packages/airflow/example_dags/example_latest_only_with_trigger.py
[2023-12-28 23:59:09,153] {processor.py:642} INFO - Processing file /home/airflow/.local/lib/python3.6/site-packages/airflow/example_dags/example_latest_only_with_trigger.py for tasks to queue
[2023-12-28 23:59:09,155] {logging_mixin.py:109} INFO - [2023-12-28 23:59:09,155] {dagbag.py:500} INFO - Filling up the DagBag from /home/airflow/.local/lib/python3.6/site-packages/airflow/example_dags/example_latest_only_with_trigger.py
[2023-12-28 23:59:09,328] {processor.py:654} INFO - DAG(s) dict_keys(['latest_only_with_trigger']) retrieved from /home/airflow/.local/lib/python3.6/site-packages/airflow/example_dags/example_latest_only_with_trigger.py
[2023-12-28 23:59:09,393] {logging_mixin.py:109} INFO - [2023-12-28 23:59:09,392] {dag.py:2396} INFO - Sync 1 DAGs
[2023-12-28 23:59:09,477] {logging_mixin.py:109} INFO - [2023-12-28 23:59:09,477] {dag.py:2935} INFO - Setting next_dagrun for latest_only_with_trigger to 2023-12-28T19:59:09.476696+00:00
[2023-12-28 23:59:09,536] {processor.py:171} INFO - Processing /home/airflow/.local/lib/python3.6/site-packages/airflow/example_dags/example_latest_only_with_trigger.py took 0.416 seconds
[2023-12-28 23:59:39,972] {processor.py:163} INFO - Started process (PID=805) to work on /home/airflow/.local/lib/python3.6/site-packages/airflow/example_dags/example_latest_only_with_trigger.py
[2023-12-28 23:59:39,977] {processor.py:642} INFO - Processing file /home/airflow/.local/lib/python3.6/site-packages/airflow/example_dags/example_latest_only_with_trigger.py for tasks to queue
[2023-12-28 23:59:39,980] {logging_mixin.py:109} INFO - [2023-12-28 23:59:39,979] {dagbag.py:500} INFO - Filling up the DagBag from /home/airflow/.local/lib/python3.6/site-packages/airflow/example_dags/example_latest_only_with_trigger.py
[2023-12-28 23:59:40,148] {processor.py:654} INFO - DAG(s) dict_keys(['latest_only_with_trigger']) retrieved from /home/airflow/.local/lib/python3.6/site-packages/airflow/example_dags/example_latest_only_with_trigger.py
[2023-12-28 23:59:40,209] {logging_mixin.py:109} INFO - [2023-12-28 23:59:40,208] {dag.py:2396} INFO - Sync 1 DAGs
[2023-12-28 23:59:40,278] {logging_mixin.py:109} INFO - [2023-12-28 23:59:40,277] {dag.py:2935} INFO - Setting next_dagrun for latest_only_with_trigger to 2023-12-28T19:59:40.277196+00:00
[2023-12-28 23:59:40,310] {processor.py:171} INFO - Processing /home/airflow/.local/lib/python3.6/site-packages/airflow/example_dags/example_latest_only_with_trigger.py took 0.355 seconds
