[2023-12-28 23:55:15,020] {processor.py:163} INFO - Started process (PID=420) to work on /home/airflow/.local/lib/python3.6/site-packages/airflow/example_dags/example_skip_dag.py
[2023-12-28 23:55:15,037] {processor.py:642} INFO - Processing file /home/airflow/.local/lib/python3.6/site-packages/airflow/example_dags/example_skip_dag.py for tasks to queue
[2023-12-28 23:55:15,045] {logging_mixin.py:109} INFO - [2023-12-28 23:55:15,044] {dagbag.py:500} INFO - Filling up the DagBag from /home/airflow/.local/lib/python3.6/site-packages/airflow/example_dags/example_skip_dag.py
[2023-12-28 23:55:15,315] {processor.py:654} INFO - DAG(s) dict_keys(['example_skip_dag']) retrieved from /home/airflow/.local/lib/python3.6/site-packages/airflow/example_dags/example_skip_dag.py
[2023-12-28 23:55:26,170] {logging_mixin.py:109} INFO - [2023-12-28 23:55:26,170] {manager.py:496} INFO - Created Permission View: can edit on DAG:example_skip_dag
[2023-12-28 23:55:26,204] {logging_mixin.py:109} INFO - [2023-12-28 23:55:26,203] {manager.py:496} INFO - Created Permission View: can read on DAG:example_skip_dag
[2023-12-28 23:55:26,209] {logging_mixin.py:109} INFO - [2023-12-28 23:55:26,204] {dag.py:2396} INFO - Sync 1 DAGs
[2023-12-28 23:55:26,249] {logging_mixin.py:109} INFO - [2023-12-28 23:55:26,246] {dag.py:2415} INFO - Creating ORM DAG for example_skip_dag
[2023-12-28 23:55:26,270] {logging_mixin.py:109} INFO - [2023-12-28 23:55:26,270] {dag.py:2935} INFO - Setting next_dagrun for example_skip_dag to 2023-12-27T23:55:26.270248+00:00
[2023-12-28 23:55:26,312] {processor.py:171} INFO - Processing /home/airflow/.local/lib/python3.6/site-packages/airflow/example_dags/example_skip_dag.py took 11.212 seconds
[2023-12-28 23:57:36,118] {processor.py:163} INFO - Started process (PID=601) to work on /home/airflow/.local/lib/python3.6/site-packages/airflow/example_dags/example_skip_dag.py
[2023-12-28 23:57:36,131] {processor.py:642} INFO - Processing file /home/airflow/.local/lib/python3.6/site-packages/airflow/example_dags/example_skip_dag.py for tasks to queue
[2023-12-28 23:57:36,163] {logging_mixin.py:109} INFO - [2023-12-28 23:57:36,163] {dagbag.py:500} INFO - Filling up the DagBag from /home/airflow/.local/lib/python3.6/site-packages/airflow/example_dags/example_skip_dag.py
[2023-12-28 23:57:36,375] {processor.py:654} INFO - DAG(s) dict_keys(['example_skip_dag']) retrieved from /home/airflow/.local/lib/python3.6/site-packages/airflow/example_dags/example_skip_dag.py
[2023-12-28 23:57:36,449] {logging_mixin.py:109} INFO - [2023-12-28 23:57:36,449] {dag.py:2396} INFO - Sync 1 DAGs
[2023-12-28 23:57:36,480] {logging_mixin.py:109} INFO - [2023-12-28 23:57:36,479] {dag.py:2935} INFO - Setting next_dagrun for example_skip_dag to 2023-12-27T23:57:36.479305+00:00
[2023-12-28 23:57:36,533] {processor.py:171} INFO - Processing /home/airflow/.local/lib/python3.6/site-packages/airflow/example_dags/example_skip_dag.py took 0.426 seconds
[2023-12-28 23:58:08,862] {processor.py:163} INFO - Started process (PID=658) to work on /home/airflow/.local/lib/python3.6/site-packages/airflow/example_dags/example_skip_dag.py
[2023-12-28 23:58:08,875] {processor.py:642} INFO - Processing file /home/airflow/.local/lib/python3.6/site-packages/airflow/example_dags/example_skip_dag.py for tasks to queue
[2023-12-28 23:58:08,877] {logging_mixin.py:109} INFO - [2023-12-28 23:58:08,877] {dagbag.py:500} INFO - Filling up the DagBag from /home/airflow/.local/lib/python3.6/site-packages/airflow/example_dags/example_skip_dag.py
[2023-12-28 23:58:08,987] {processor.py:654} INFO - DAG(s) dict_keys(['example_skip_dag']) retrieved from /home/airflow/.local/lib/python3.6/site-packages/airflow/example_dags/example_skip_dag.py
[2023-12-28 23:58:09,062] {logging_mixin.py:109} INFO - [2023-12-28 23:58:09,062] {dag.py:2396} INFO - Sync 1 DAGs
[2023-12-28 23:58:09,127] {logging_mixin.py:109} INFO - [2023-12-28 23:58:09,127] {dag.py:2935} INFO - Setting next_dagrun for example_skip_dag to 2023-12-27T23:58:09.126939+00:00
[2023-12-28 23:58:09,170] {processor.py:171} INFO - Processing /home/airflow/.local/lib/python3.6/site-packages/airflow/example_dags/example_skip_dag.py took 0.317 seconds
[2023-12-28 23:58:39,733] {processor.py:163} INFO - Started process (PID=704) to work on /home/airflow/.local/lib/python3.6/site-packages/airflow/example_dags/example_skip_dag.py
[2023-12-28 23:58:39,736] {processor.py:642} INFO - Processing file /home/airflow/.local/lib/python3.6/site-packages/airflow/example_dags/example_skip_dag.py for tasks to queue
[2023-12-28 23:58:39,738] {logging_mixin.py:109} INFO - [2023-12-28 23:58:39,737] {dagbag.py:500} INFO - Filling up the DagBag from /home/airflow/.local/lib/python3.6/site-packages/airflow/example_dags/example_skip_dag.py
[2023-12-28 23:58:39,803] {processor.py:654} INFO - DAG(s) dict_keys(['example_skip_dag']) retrieved from /home/airflow/.local/lib/python3.6/site-packages/airflow/example_dags/example_skip_dag.py
[2023-12-28 23:58:39,899] {logging_mixin.py:109} INFO - [2023-12-28 23:58:39,899] {dag.py:2396} INFO - Sync 1 DAGs
[2023-12-28 23:58:39,975] {logging_mixin.py:109} INFO - [2023-12-28 23:58:39,975] {dag.py:2935} INFO - Setting next_dagrun for example_skip_dag to 2023-12-27T23:58:39.974797+00:00
[2023-12-28 23:58:40,006] {processor.py:171} INFO - Processing /home/airflow/.local/lib/python3.6/site-packages/airflow/example_dags/example_skip_dag.py took 0.277 seconds
[2023-12-28 23:59:10,659] {processor.py:163} INFO - Started process (PID=761) to work on /home/airflow/.local/lib/python3.6/site-packages/airflow/example_dags/example_skip_dag.py
[2023-12-28 23:59:10,666] {processor.py:642} INFO - Processing file /home/airflow/.local/lib/python3.6/site-packages/airflow/example_dags/example_skip_dag.py for tasks to queue
[2023-12-28 23:59:10,685] {logging_mixin.py:109} INFO - [2023-12-28 23:59:10,684] {dagbag.py:500} INFO - Filling up the DagBag from /home/airflow/.local/lib/python3.6/site-packages/airflow/example_dags/example_skip_dag.py
[2023-12-28 23:59:10,820] {processor.py:654} INFO - DAG(s) dict_keys(['example_skip_dag']) retrieved from /home/airflow/.local/lib/python3.6/site-packages/airflow/example_dags/example_skip_dag.py
[2023-12-28 23:59:10,916] {logging_mixin.py:109} INFO - [2023-12-28 23:59:10,915] {dag.py:2396} INFO - Sync 1 DAGs
[2023-12-28 23:59:10,951] {logging_mixin.py:109} INFO - [2023-12-28 23:59:10,951] {dag.py:2935} INFO - Setting next_dagrun for example_skip_dag to 2023-12-27T23:59:10.950788+00:00
[2023-12-28 23:59:10,989] {processor.py:171} INFO - Processing /home/airflow/.local/lib/python3.6/site-packages/airflow/example_dags/example_skip_dag.py took 0.337 seconds
[2023-12-28 23:59:41,391] {processor.py:163} INFO - Started process (PID=807) to work on /home/airflow/.local/lib/python3.6/site-packages/airflow/example_dags/example_skip_dag.py
[2023-12-28 23:59:41,394] {processor.py:642} INFO - Processing file /home/airflow/.local/lib/python3.6/site-packages/airflow/example_dags/example_skip_dag.py for tasks to queue
[2023-12-28 23:59:41,396] {logging_mixin.py:109} INFO - [2023-12-28 23:59:41,395] {dagbag.py:500} INFO - Filling up the DagBag from /home/airflow/.local/lib/python3.6/site-packages/airflow/example_dags/example_skip_dag.py
[2023-12-28 23:59:41,471] {processor.py:654} INFO - DAG(s) dict_keys(['example_skip_dag']) retrieved from /home/airflow/.local/lib/python3.6/site-packages/airflow/example_dags/example_skip_dag.py
[2023-12-28 23:59:41,515] {logging_mixin.py:109} INFO - [2023-12-28 23:59:41,515] {dag.py:2396} INFO - Sync 1 DAGs
[2023-12-28 23:59:41,561] {logging_mixin.py:109} INFO - [2023-12-28 23:59:41,561] {dag.py:2935} INFO - Setting next_dagrun for example_skip_dag to 2023-12-27T23:59:41.560797+00:00
[2023-12-28 23:59:41,599] {processor.py:171} INFO - Processing /home/airflow/.local/lib/python3.6/site-packages/airflow/example_dags/example_skip_dag.py took 0.216 seconds
