[2023-12-28 23:55:49,880] {processor.py:163} INFO - Started process (PID=468) to work on /home/airflow/.local/lib/python3.6/site-packages/airflow/example_dags/example_branch_operator.py
[2023-12-28 23:55:49,892] {processor.py:642} INFO - Processing file /home/airflow/.local/lib/python3.6/site-packages/airflow/example_dags/example_branch_operator.py for tasks to queue
[2023-12-28 23:55:49,894] {logging_mixin.py:109} INFO - [2023-12-28 23:55:49,893] {dagbag.py:500} INFO - Filling up the DagBag from /home/airflow/.local/lib/python3.6/site-packages/airflow/example_dags/example_branch_operator.py
[2023-12-28 23:55:50,113] {processor.py:654} INFO - DAG(s) dict_keys(['example_branch_operator']) retrieved from /home/airflow/.local/lib/python3.6/site-packages/airflow/example_dags/example_branch_operator.py
[2023-12-28 23:56:24,858] {logging_mixin.py:109} INFO - [2023-12-28 23:56:24,858] {manager.py:496} INFO - Created Permission View: can edit on DAG:example_branch_operator
[2023-12-28 23:56:24,924] {logging_mixin.py:109} INFO - [2023-12-28 23:56:24,924] {manager.py:496} INFO - Created Permission View: can read on DAG:example_branch_operator
[2023-12-28 23:56:24,928] {logging_mixin.py:109} INFO - [2023-12-28 23:56:24,925] {dag.py:2396} INFO - Sync 1 DAGs
[2023-12-28 23:56:25,019] {logging_mixin.py:109} INFO - [2023-12-28 23:56:25,017] {dag.py:2415} INFO - Creating ORM DAG for example_branch_operator
[2023-12-28 23:56:25,097] {logging_mixin.py:109} INFO - [2023-12-28 23:56:25,096] {dag.py:2935} INFO - Setting next_dagrun for example_branch_operator to 2023-12-27 00:00:00+00:00
[2023-12-28 23:56:25,132] {processor.py:171} INFO - Processing /home/airflow/.local/lib/python3.6/site-packages/airflow/example_dags/example_branch_operator.py took 35.248 seconds
[2023-12-28 23:57:37,768] {processor.py:163} INFO - Started process (PID=606) to work on /home/airflow/.local/lib/python3.6/site-packages/airflow/example_dags/example_branch_operator.py
[2023-12-28 23:57:37,771] {processor.py:642} INFO - Processing file /home/airflow/.local/lib/python3.6/site-packages/airflow/example_dags/example_branch_operator.py for tasks to queue
[2023-12-28 23:57:37,773] {logging_mixin.py:109} INFO - [2023-12-28 23:57:37,773] {dagbag.py:500} INFO - Filling up the DagBag from /home/airflow/.local/lib/python3.6/site-packages/airflow/example_dags/example_branch_operator.py
[2023-12-28 23:57:37,898] {processor.py:654} INFO - DAG(s) dict_keys(['example_branch_operator']) retrieved from /home/airflow/.local/lib/python3.6/site-packages/airflow/example_dags/example_branch_operator.py
[2023-12-28 23:57:37,930] {logging_mixin.py:109} INFO - [2023-12-28 23:57:37,929] {dag.py:2396} INFO - Sync 1 DAGs
[2023-12-28 23:57:37,960] {logging_mixin.py:109} INFO - [2023-12-28 23:57:37,959] {dag.py:2935} INFO - Setting next_dagrun for example_branch_operator to 2023-12-27 00:00:00+00:00
[2023-12-28 23:57:37,994] {processor.py:171} INFO - Processing /home/airflow/.local/lib/python3.6/site-packages/airflow/example_dags/example_branch_operator.py took 0.238 seconds
[2023-12-28 23:58:10,911] {processor.py:163} INFO - Started process (PID=663) to work on /home/airflow/.local/lib/python3.6/site-packages/airflow/example_dags/example_branch_operator.py
[2023-12-28 23:58:10,914] {processor.py:642} INFO - Processing file /home/airflow/.local/lib/python3.6/site-packages/airflow/example_dags/example_branch_operator.py for tasks to queue
[2023-12-28 23:58:10,916] {logging_mixin.py:109} INFO - [2023-12-28 23:58:10,916] {dagbag.py:500} INFO - Filling up the DagBag from /home/airflow/.local/lib/python3.6/site-packages/airflow/example_dags/example_branch_operator.py
[2023-12-28 23:58:10,993] {processor.py:654} INFO - DAG(s) dict_keys(['example_branch_operator']) retrieved from /home/airflow/.local/lib/python3.6/site-packages/airflow/example_dags/example_branch_operator.py
[2023-12-28 23:58:11,023] {logging_mixin.py:109} INFO - [2023-12-28 23:58:11,022] {dag.py:2396} INFO - Sync 1 DAGs
[2023-12-28 23:58:11,056] {logging_mixin.py:109} INFO - [2023-12-28 23:58:11,056] {dag.py:2935} INFO - Setting next_dagrun for example_branch_operator to 2023-12-27 00:00:00+00:00
[2023-12-28 23:58:11,082] {processor.py:171} INFO - Processing /home/airflow/.local/lib/python3.6/site-packages/airflow/example_dags/example_branch_operator.py took 0.178 seconds
[2023-12-28 23:58:41,533] {processor.py:163} INFO - Started process (PID=710) to work on /home/airflow/.local/lib/python3.6/site-packages/airflow/example_dags/example_branch_operator.py
[2023-12-28 23:58:41,536] {processor.py:642} INFO - Processing file /home/airflow/.local/lib/python3.6/site-packages/airflow/example_dags/example_branch_operator.py for tasks to queue
[2023-12-28 23:58:41,540] {logging_mixin.py:109} INFO - [2023-12-28 23:58:41,538] {dagbag.py:500} INFO - Filling up the DagBag from /home/airflow/.local/lib/python3.6/site-packages/airflow/example_dags/example_branch_operator.py
[2023-12-28 23:58:41,622] {processor.py:654} INFO - DAG(s) dict_keys(['example_branch_operator']) retrieved from /home/airflow/.local/lib/python3.6/site-packages/airflow/example_dags/example_branch_operator.py
[2023-12-28 23:58:41,654] {logging_mixin.py:109} INFO - [2023-12-28 23:58:41,654] {dag.py:2396} INFO - Sync 1 DAGs
[2023-12-28 23:58:41,681] {logging_mixin.py:109} INFO - [2023-12-28 23:58:41,681] {dag.py:2935} INFO - Setting next_dagrun for example_branch_operator to 2023-12-27 00:00:00+00:00
[2023-12-28 23:58:41,703] {processor.py:171} INFO - Processing /home/airflow/.local/lib/python3.6/site-packages/airflow/example_dags/example_branch_operator.py took 0.177 seconds
[2023-12-28 23:59:13,765] {processor.py:163} INFO - Started process (PID=767) to work on /home/airflow/.local/lib/python3.6/site-packages/airflow/example_dags/example_branch_operator.py
[2023-12-28 23:59:13,770] {processor.py:642} INFO - Processing file /home/airflow/.local/lib/python3.6/site-packages/airflow/example_dags/example_branch_operator.py for tasks to queue
[2023-12-28 23:59:13,772] {logging_mixin.py:109} INFO - [2023-12-28 23:59:13,771] {dagbag.py:500} INFO - Filling up the DagBag from /home/airflow/.local/lib/python3.6/site-packages/airflow/example_dags/example_branch_operator.py
[2023-12-28 23:59:13,883] {processor.py:654} INFO - DAG(s) dict_keys(['example_branch_operator']) retrieved from /home/airflow/.local/lib/python3.6/site-packages/airflow/example_dags/example_branch_operator.py
[2023-12-28 23:59:13,921] {logging_mixin.py:109} INFO - [2023-12-28 23:59:13,920] {dag.py:2396} INFO - Sync 1 DAGs
[2023-12-28 23:59:13,982] {logging_mixin.py:109} INFO - [2023-12-28 23:59:13,982] {dag.py:2935} INFO - Setting next_dagrun for example_branch_operator to 2023-12-27 00:00:00+00:00
[2023-12-28 23:59:14,019] {processor.py:171} INFO - Processing /home/airflow/.local/lib/python3.6/site-packages/airflow/example_dags/example_branch_operator.py took 0.270 seconds
[2023-12-28 23:59:44,540] {processor.py:163} INFO - Started process (PID=823) to work on /home/airflow/.local/lib/python3.6/site-packages/airflow/example_dags/example_branch_operator.py
[2023-12-28 23:59:44,546] {processor.py:642} INFO - Processing file /home/airflow/.local/lib/python3.6/site-packages/airflow/example_dags/example_branch_operator.py for tasks to queue
[2023-12-28 23:59:44,553] {logging_mixin.py:109} INFO - [2023-12-28 23:59:44,552] {dagbag.py:500} INFO - Filling up the DagBag from /home/airflow/.local/lib/python3.6/site-packages/airflow/example_dags/example_branch_operator.py
[2023-12-28 23:59:44,754] {processor.py:654} INFO - DAG(s) dict_keys(['example_branch_operator']) retrieved from /home/airflow/.local/lib/python3.6/site-packages/airflow/example_dags/example_branch_operator.py
[2023-12-28 23:59:44,806] {logging_mixin.py:109} INFO - [2023-12-28 23:59:44,806] {dag.py:2396} INFO - Sync 1 DAGs
[2023-12-28 23:59:44,866] {logging_mixin.py:109} INFO - [2023-12-28 23:59:44,866] {dag.py:2935} INFO - Setting next_dagrun for example_branch_operator to 2023-12-27 00:00:00+00:00
[2023-12-28 23:59:44,921] {processor.py:171} INFO - Processing /home/airflow/.local/lib/python3.6/site-packages/airflow/example_dags/example_branch_operator.py took 0.402 seconds
