[2023-12-28 23:55:27,953] {processor.py:163} INFO - Started process (PID=430) to work on /home/airflow/.local/lib/python3.6/site-packages/airflow/example_dags/example_subdag_operator.py
[2023-12-28 23:55:27,959] {processor.py:642} INFO - Processing file /home/airflow/.local/lib/python3.6/site-packages/airflow/example_dags/example_subdag_operator.py for tasks to queue
[2023-12-28 23:55:27,969] {logging_mixin.py:109} INFO - [2023-12-28 23:55:27,969] {dagbag.py:500} INFO - Filling up the DagBag from /home/airflow/.local/lib/python3.6/site-packages/airflow/example_dags/example_subdag_operator.py
[2023-12-28 23:55:28,340] {processor.py:654} INFO - DAG(s) dict_keys(['example_subdag_operator.section-1', 'example_subdag_operator.section-2', 'example_subdag_operator']) retrieved from /home/airflow/.local/lib/python3.6/site-packages/airflow/example_dags/example_subdag_operator.py
[2023-12-28 23:55:40,935] {logging_mixin.py:109} INFO - [2023-12-28 23:55:40,935] {manager.py:496} INFO - Created Permission View: can edit on DAG:example_subdag_operator
[2023-12-28 23:55:41,002] {logging_mixin.py:109} INFO - [2023-12-28 23:55:41,001] {manager.py:496} INFO - Created Permission View: can read on DAG:example_subdag_operator
[2023-12-28 23:55:41,008] {logging_mixin.py:109} INFO - [2023-12-28 23:55:41,006] {dag.py:2396} INFO - Sync 3 DAGs
[2023-12-28 23:55:41,061] {logging_mixin.py:109} INFO - [2023-12-28 23:55:41,058] {dag.py:2415} INFO - Creating ORM DAG for example_subdag_operator
[2023-12-28 23:55:41,091] {logging_mixin.py:109} INFO - [2023-12-28 23:55:41,091] {dag.py:2415} INFO - Creating ORM DAG for example_subdag_operator.section-1
[2023-12-28 23:55:41,092] {logging_mixin.py:109} INFO - [2023-12-28 23:55:41,092] {dag.py:2415} INFO - Creating ORM DAG for example_subdag_operator.section-2
[2023-12-28 23:55:41,120] {logging_mixin.py:109} INFO - [2023-12-28 23:55:41,120] {dag.py:2935} INFO - Setting next_dagrun for example_subdag_operator to 2023-12-26T00:00:00+00:00
[2023-12-28 23:55:41,125] {logging_mixin.py:109} INFO - [2023-12-28 23:55:41,125] {dag.py:2935} INFO - Setting next_dagrun for example_subdag_operator.section-1 to None
[2023-12-28 23:55:41,140] {logging_mixin.py:109} INFO - [2023-12-28 23:55:41,140] {dag.py:2935} INFO - Setting next_dagrun for example_subdag_operator.section-2 to None
[2023-12-28 23:55:41,182] {logging_mixin.py:109} INFO - [2023-12-28 23:55:41,182] {dag.py:2396} INFO - Sync 2 DAGs
[2023-12-28 23:55:41,214] {logging_mixin.py:109} INFO - [2023-12-28 23:55:41,214] {dag.py:2935} INFO - Setting next_dagrun for example_subdag_operator.section-1 to None
[2023-12-28 23:55:41,215] {logging_mixin.py:109} INFO - [2023-12-28 23:55:41,215] {dag.py:2935} INFO - Setting next_dagrun for example_subdag_operator.section-2 to None
[2023-12-28 23:55:41,240] {processor.py:171} INFO - Processing /home/airflow/.local/lib/python3.6/site-packages/airflow/example_dags/example_subdag_operator.py took 13.294 seconds
[2023-12-28 23:57:36,634] {processor.py:163} INFO - Started process (PID=603) to work on /home/airflow/.local/lib/python3.6/site-packages/airflow/example_dags/example_subdag_operator.py
[2023-12-28 23:57:36,658] {processor.py:642} INFO - Processing file /home/airflow/.local/lib/python3.6/site-packages/airflow/example_dags/example_subdag_operator.py for tasks to queue
[2023-12-28 23:57:36,660] {logging_mixin.py:109} INFO - [2023-12-28 23:57:36,660] {dagbag.py:500} INFO - Filling up the DagBag from /home/airflow/.local/lib/python3.6/site-packages/airflow/example_dags/example_subdag_operator.py
[2023-12-28 23:57:36,903] {processor.py:654} INFO - DAG(s) dict_keys(['example_subdag_operator.section-1', 'example_subdag_operator.section-2', 'example_subdag_operator']) retrieved from /home/airflow/.local/lib/python3.6/site-packages/airflow/example_dags/example_subdag_operator.py
[2023-12-28 23:57:36,931] {logging_mixin.py:109} INFO - [2023-12-28 23:57:36,931] {dag.py:2396} INFO - Sync 3 DAGs
[2023-12-28 23:57:36,957] {logging_mixin.py:109} INFO - [2023-12-28 23:57:36,957] {dag.py:2935} INFO - Setting next_dagrun for example_subdag_operator to 2023-12-26T00:00:00+00:00
[2023-12-28 23:57:36,958] {logging_mixin.py:109} INFO - [2023-12-28 23:57:36,958] {dag.py:2935} INFO - Setting next_dagrun for example_subdag_operator.section-1 to None
[2023-12-28 23:57:36,959] {logging_mixin.py:109} INFO - [2023-12-28 23:57:36,959] {dag.py:2935} INFO - Setting next_dagrun for example_subdag_operator.section-2 to None
[2023-12-28 23:57:36,975] {logging_mixin.py:109} INFO - [2023-12-28 23:57:36,975] {dag.py:2396} INFO - Sync 2 DAGs
[2023-12-28 23:57:36,993] {logging_mixin.py:109} INFO - [2023-12-28 23:57:36,993] {dag.py:2935} INFO - Setting next_dagrun for example_subdag_operator.section-1 to None
[2023-12-28 23:57:36,994] {logging_mixin.py:109} INFO - [2023-12-28 23:57:36,994] {dag.py:2935} INFO - Setting next_dagrun for example_subdag_operator.section-2 to None
[2023-12-28 23:57:37,025] {processor.py:171} INFO - Processing /home/airflow/.local/lib/python3.6/site-packages/airflow/example_dags/example_subdag_operator.py took 0.400 seconds
[2023-12-28 23:58:10,270] {processor.py:163} INFO - Started process (PID=660) to work on /home/airflow/.local/lib/python3.6/site-packages/airflow/example_dags/example_subdag_operator.py
[2023-12-28 23:58:10,272] {processor.py:642} INFO - Processing file /home/airflow/.local/lib/python3.6/site-packages/airflow/example_dags/example_subdag_operator.py for tasks to queue
[2023-12-28 23:58:10,274] {logging_mixin.py:109} INFO - [2023-12-28 23:58:10,274] {dagbag.py:500} INFO - Filling up the DagBag from /home/airflow/.local/lib/python3.6/site-packages/airflow/example_dags/example_subdag_operator.py
[2023-12-28 23:58:10,416] {processor.py:654} INFO - DAG(s) dict_keys(['example_subdag_operator.section-1', 'example_subdag_operator.section-2', 'example_subdag_operator']) retrieved from /home/airflow/.local/lib/python3.6/site-packages/airflow/example_dags/example_subdag_operator.py
[2023-12-28 23:58:10,446] {logging_mixin.py:109} INFO - [2023-12-28 23:58:10,446] {dag.py:2396} INFO - Sync 3 DAGs
[2023-12-28 23:58:10,474] {logging_mixin.py:109} INFO - [2023-12-28 23:58:10,474] {dag.py:2935} INFO - Setting next_dagrun for example_subdag_operator to 2023-12-26T00:00:00+00:00
[2023-12-28 23:58:10,475] {logging_mixin.py:109} INFO - [2023-12-28 23:58:10,475] {dag.py:2935} INFO - Setting next_dagrun for example_subdag_operator.section-1 to None
[2023-12-28 23:58:10,476] {logging_mixin.py:109} INFO - [2023-12-28 23:58:10,476] {dag.py:2935} INFO - Setting next_dagrun for example_subdag_operator.section-2 to None
[2023-12-28 23:58:10,488] {logging_mixin.py:109} INFO - [2023-12-28 23:58:10,488] {dag.py:2396} INFO - Sync 2 DAGs
[2023-12-28 23:58:10,507] {logging_mixin.py:109} INFO - [2023-12-28 23:58:10,507] {dag.py:2935} INFO - Setting next_dagrun for example_subdag_operator.section-1 to None
[2023-12-28 23:58:10,508] {logging_mixin.py:109} INFO - [2023-12-28 23:58:10,508] {dag.py:2935} INFO - Setting next_dagrun for example_subdag_operator.section-2 to None
[2023-12-28 23:58:10,535] {processor.py:171} INFO - Processing /home/airflow/.local/lib/python3.6/site-packages/airflow/example_dags/example_subdag_operator.py took 0.277 seconds
[2023-12-28 23:58:41,072] {processor.py:163} INFO - Started process (PID=707) to work on /home/airflow/.local/lib/python3.6/site-packages/airflow/example_dags/example_subdag_operator.py
[2023-12-28 23:58:41,075] {processor.py:642} INFO - Processing file /home/airflow/.local/lib/python3.6/site-packages/airflow/example_dags/example_subdag_operator.py for tasks to queue
[2023-12-28 23:58:41,076] {logging_mixin.py:109} INFO - [2023-12-28 23:58:41,076] {dagbag.py:500} INFO - Filling up the DagBag from /home/airflow/.local/lib/python3.6/site-packages/airflow/example_dags/example_subdag_operator.py
[2023-12-28 23:58:41,168] {processor.py:654} INFO - DAG(s) dict_keys(['example_subdag_operator.section-1', 'example_subdag_operator.section-2', 'example_subdag_operator']) retrieved from /home/airflow/.local/lib/python3.6/site-packages/airflow/example_dags/example_subdag_operator.py
[2023-12-28 23:58:41,200] {logging_mixin.py:109} INFO - [2023-12-28 23:58:41,199] {dag.py:2396} INFO - Sync 3 DAGs
[2023-12-28 23:58:41,225] {logging_mixin.py:109} INFO - [2023-12-28 23:58:41,225] {dag.py:2935} INFO - Setting next_dagrun for example_subdag_operator to 2023-12-26T00:00:00+00:00
[2023-12-28 23:58:41,226] {logging_mixin.py:109} INFO - [2023-12-28 23:58:41,226] {dag.py:2935} INFO - Setting next_dagrun for example_subdag_operator.section-1 to None
[2023-12-28 23:58:41,227] {logging_mixin.py:109} INFO - [2023-12-28 23:58:41,227] {dag.py:2935} INFO - Setting next_dagrun for example_subdag_operator.section-2 to None
[2023-12-28 23:58:41,240] {logging_mixin.py:109} INFO - [2023-12-28 23:58:41,240] {dag.py:2396} INFO - Sync 2 DAGs
[2023-12-28 23:58:41,257] {logging_mixin.py:109} INFO - [2023-12-28 23:58:41,257] {dag.py:2935} INFO - Setting next_dagrun for example_subdag_operator.section-1 to None
[2023-12-28 23:58:41,259] {logging_mixin.py:109} INFO - [2023-12-28 23:58:41,258] {dag.py:2935} INFO - Setting next_dagrun for example_subdag_operator.section-2 to None
[2023-12-28 23:58:41,274] {processor.py:171} INFO - Processing /home/airflow/.local/lib/python3.6/site-packages/airflow/example_dags/example_subdag_operator.py took 0.209 seconds
[2023-12-28 23:59:13,119] {processor.py:163} INFO - Started process (PID=764) to work on /home/airflow/.local/lib/python3.6/site-packages/airflow/example_dags/example_subdag_operator.py
[2023-12-28 23:59:13,122] {processor.py:642} INFO - Processing file /home/airflow/.local/lib/python3.6/site-packages/airflow/example_dags/example_subdag_operator.py for tasks to queue
[2023-12-28 23:59:13,126] {logging_mixin.py:109} INFO - [2023-12-28 23:59:13,125] {dagbag.py:500} INFO - Filling up the DagBag from /home/airflow/.local/lib/python3.6/site-packages/airflow/example_dags/example_subdag_operator.py
[2023-12-28 23:59:13,323] {processor.py:654} INFO - DAG(s) dict_keys(['example_subdag_operator.section-1', 'example_subdag_operator.section-2', 'example_subdag_operator']) retrieved from /home/airflow/.local/lib/python3.6/site-packages/airflow/example_dags/example_subdag_operator.py
[2023-12-28 23:59:13,394] {logging_mixin.py:109} INFO - [2023-12-28 23:59:13,394] {dag.py:2396} INFO - Sync 3 DAGs
[2023-12-28 23:59:13,445] {logging_mixin.py:109} INFO - [2023-12-28 23:59:13,444] {dag.py:2935} INFO - Setting next_dagrun for example_subdag_operator to 2023-12-26T00:00:00+00:00
[2023-12-28 23:59:13,447] {logging_mixin.py:109} INFO - [2023-12-28 23:59:13,447] {dag.py:2935} INFO - Setting next_dagrun for example_subdag_operator.section-1 to None
[2023-12-28 23:59:13,448] {logging_mixin.py:109} INFO - [2023-12-28 23:59:13,448] {dag.py:2935} INFO - Setting next_dagrun for example_subdag_operator.section-2 to None
[2023-12-28 23:59:13,463] {logging_mixin.py:109} INFO - [2023-12-28 23:59:13,462] {dag.py:2396} INFO - Sync 2 DAGs
[2023-12-28 23:59:13,488] {logging_mixin.py:109} INFO - [2023-12-28 23:59:13,487] {dag.py:2935} INFO - Setting next_dagrun for example_subdag_operator.section-1 to None
[2023-12-28 23:59:13,490] {logging_mixin.py:109} INFO - [2023-12-28 23:59:13,489] {dag.py:2935} INFO - Setting next_dagrun for example_subdag_operator.section-2 to None
[2023-12-28 23:59:13,549] {processor.py:171} INFO - Processing /home/airflow/.local/lib/python3.6/site-packages/airflow/example_dags/example_subdag_operator.py took 0.437 seconds
[2023-12-28 23:59:43,990] {processor.py:163} INFO - Started process (PID=819) to work on /home/airflow/.local/lib/python3.6/site-packages/airflow/example_dags/example_subdag_operator.py
[2023-12-28 23:59:43,994] {processor.py:642} INFO - Processing file /home/airflow/.local/lib/python3.6/site-packages/airflow/example_dags/example_subdag_operator.py for tasks to queue
[2023-12-28 23:59:44,003] {logging_mixin.py:109} INFO - [2023-12-28 23:59:44,003] {dagbag.py:500} INFO - Filling up the DagBag from /home/airflow/.local/lib/python3.6/site-packages/airflow/example_dags/example_subdag_operator.py
[2023-12-28 23:59:44,115] {processor.py:654} INFO - DAG(s) dict_keys(['example_subdag_operator.section-1', 'example_subdag_operator.section-2', 'example_subdag_operator']) retrieved from /home/airflow/.local/lib/python3.6/site-packages/airflow/example_dags/example_subdag_operator.py
[2023-12-28 23:59:44,160] {logging_mixin.py:109} INFO - [2023-12-28 23:59:44,160] {dag.py:2396} INFO - Sync 3 DAGs
[2023-12-28 23:59:44,213] {logging_mixin.py:109} INFO - [2023-12-28 23:59:44,213] {dag.py:2935} INFO - Setting next_dagrun for example_subdag_operator to 2023-12-26T00:00:00+00:00
[2023-12-28 23:59:44,214] {logging_mixin.py:109} INFO - [2023-12-28 23:59:44,214] {dag.py:2935} INFO - Setting next_dagrun for example_subdag_operator.section-1 to None
[2023-12-28 23:59:44,225] {logging_mixin.py:109} INFO - [2023-12-28 23:59:44,225] {dag.py:2935} INFO - Setting next_dagrun for example_subdag_operator.section-2 to None
[2023-12-28 23:59:44,235] {logging_mixin.py:109} INFO - [2023-12-28 23:59:44,235] {dag.py:2396} INFO - Sync 2 DAGs
[2023-12-28 23:59:44,254] {logging_mixin.py:109} INFO - [2023-12-28 23:59:44,253] {dag.py:2935} INFO - Setting next_dagrun for example_subdag_operator.section-1 to None
[2023-12-28 23:59:44,255] {logging_mixin.py:109} INFO - [2023-12-28 23:59:44,255] {dag.py:2935} INFO - Setting next_dagrun for example_subdag_operator.section-2 to None
[2023-12-28 23:59:44,272] {processor.py:171} INFO - Processing /home/airflow/.local/lib/python3.6/site-packages/airflow/example_dags/example_subdag_operator.py took 0.290 seconds
