[2023-12-28 23:53:47,305] {processor.py:163} INFO - Started process (PID=345) to work on /home/airflow/.local/lib/python3.6/site-packages/airflow/example_dags/example_latest_only.py
[2023-12-28 23:53:47,368] {processor.py:642} INFO - Processing file /home/airflow/.local/lib/python3.6/site-packages/airflow/example_dags/example_latest_only.py for tasks to queue
[2023-12-28 23:53:47,390] {logging_mixin.py:109} INFO - [2023-12-28 23:53:47,390] {dagbag.py:500} INFO - Filling up the DagBag from /home/airflow/.local/lib/python3.6/site-packages/airflow/example_dags/example_latest_only.py
[2023-12-28 23:53:48,521] {processor.py:654} INFO - DAG(s) dict_keys(['latest_only']) retrieved from /home/airflow/.local/lib/python3.6/site-packages/airflow/example_dags/example_latest_only.py
[2023-12-28 23:54:57,906] {processor.py:163} INFO - Started process (PID=399) to work on /home/airflow/.local/lib/python3.6/site-packages/airflow/example_dags/example_latest_only.py
[2023-12-28 23:54:57,911] {processor.py:642} INFO - Processing file /home/airflow/.local/lib/python3.6/site-packages/airflow/example_dags/example_latest_only.py for tasks to queue
[2023-12-28 23:54:57,932] {logging_mixin.py:109} INFO - [2023-12-28 23:54:57,932] {dagbag.py:500} INFO - Filling up the DagBag from /home/airflow/.local/lib/python3.6/site-packages/airflow/example_dags/example_latest_only.py
[2023-12-28 23:54:58,083] {processor.py:654} INFO - DAG(s) dict_keys(['latest_only']) retrieved from /home/airflow/.local/lib/python3.6/site-packages/airflow/example_dags/example_latest_only.py
[2023-12-28 23:55:14,561] {logging_mixin.py:109} INFO - [2023-12-28 23:55:14,561] {manager.py:496} INFO - Created Permission View: can edit on DAG:latest_only
[2023-12-28 23:55:14,602] {logging_mixin.py:109} INFO - [2023-12-28 23:55:14,602] {manager.py:496} INFO - Created Permission View: can read on DAG:latest_only
[2023-12-28 23:55:14,605] {logging_mixin.py:109} INFO - [2023-12-28 23:55:14,603] {dag.py:2396} INFO - Sync 1 DAGs
[2023-12-28 23:55:14,657] {logging_mixin.py:109} INFO - [2023-12-28 23:55:14,655] {dag.py:2415} INFO - Creating ORM DAG for latest_only
[2023-12-28 23:55:14,689] {logging_mixin.py:109} INFO - [2023-12-28 23:55:14,689] {dag.py:2935} INFO - Setting next_dagrun for latest_only to 2023-12-28T19:55:14.688729+00:00
[2023-12-28 23:55:14,779] {processor.py:171} INFO - Processing /home/airflow/.local/lib/python3.6/site-packages/airflow/example_dags/example_latest_only.py took 16.907 seconds
[2023-12-28 23:57:35,156] {processor.py:163} INFO - Started process (PID=597) to work on /home/airflow/.local/lib/python3.6/site-packages/airflow/example_dags/example_latest_only.py
[2023-12-28 23:57:35,171] {processor.py:642} INFO - Processing file /home/airflow/.local/lib/python3.6/site-packages/airflow/example_dags/example_latest_only.py for tasks to queue
[2023-12-28 23:57:35,191] {logging_mixin.py:109} INFO - [2023-12-28 23:57:35,190] {dagbag.py:500} INFO - Filling up the DagBag from /home/airflow/.local/lib/python3.6/site-packages/airflow/example_dags/example_latest_only.py
[2023-12-28 23:57:35,472] {processor.py:654} INFO - DAG(s) dict_keys(['latest_only']) retrieved from /home/airflow/.local/lib/python3.6/site-packages/airflow/example_dags/example_latest_only.py
[2023-12-28 23:57:35,526] {logging_mixin.py:109} INFO - [2023-12-28 23:57:35,524] {dag.py:2396} INFO - Sync 1 DAGs
[2023-12-28 23:57:35,593] {logging_mixin.py:109} INFO - [2023-12-28 23:57:35,593] {dag.py:2935} INFO - Setting next_dagrun for latest_only to 2023-12-28T19:57:35.591714+00:00
[2023-12-28 23:57:35,636] {processor.py:171} INFO - Processing /home/airflow/.local/lib/python3.6/site-packages/airflow/example_dags/example_latest_only.py took 0.489 seconds
[2023-12-28 23:58:07,419] {processor.py:163} INFO - Started process (PID=654) to work on /home/airflow/.local/lib/python3.6/site-packages/airflow/example_dags/example_latest_only.py
[2023-12-28 23:58:07,433] {processor.py:642} INFO - Processing file /home/airflow/.local/lib/python3.6/site-packages/airflow/example_dags/example_latest_only.py for tasks to queue
[2023-12-28 23:58:07,443] {logging_mixin.py:109} INFO - [2023-12-28 23:58:07,443] {dagbag.py:500} INFO - Filling up the DagBag from /home/airflow/.local/lib/python3.6/site-packages/airflow/example_dags/example_latest_only.py
[2023-12-28 23:58:07,718] {processor.py:654} INFO - DAG(s) dict_keys(['latest_only']) retrieved from /home/airflow/.local/lib/python3.6/site-packages/airflow/example_dags/example_latest_only.py
[2023-12-28 23:58:07,818] {logging_mixin.py:109} INFO - [2023-12-28 23:58:07,818] {dag.py:2396} INFO - Sync 1 DAGs
[2023-12-28 23:58:07,896] {logging_mixin.py:109} INFO - [2023-12-28 23:58:07,895] {dag.py:2935} INFO - Setting next_dagrun for latest_only to 2023-12-28T19:58:07.895354+00:00
[2023-12-28 23:58:08,091] {processor.py:171} INFO - Processing /home/airflow/.local/lib/python3.6/site-packages/airflow/example_dags/example_latest_only.py took 0.693 seconds
[2023-12-28 23:58:38,327] {processor.py:163} INFO - Started process (PID=700) to work on /home/airflow/.local/lib/python3.6/site-packages/airflow/example_dags/example_latest_only.py
[2023-12-28 23:58:38,329] {processor.py:642} INFO - Processing file /home/airflow/.local/lib/python3.6/site-packages/airflow/example_dags/example_latest_only.py for tasks to queue
[2023-12-28 23:58:38,331] {logging_mixin.py:109} INFO - [2023-12-28 23:58:38,330] {dagbag.py:500} INFO - Filling up the DagBag from /home/airflow/.local/lib/python3.6/site-packages/airflow/example_dags/example_latest_only.py
[2023-12-28 23:58:38,383] {processor.py:654} INFO - DAG(s) dict_keys(['latest_only']) retrieved from /home/airflow/.local/lib/python3.6/site-packages/airflow/example_dags/example_latest_only.py
[2023-12-28 23:58:38,405] {logging_mixin.py:109} INFO - [2023-12-28 23:58:38,405] {dag.py:2396} INFO - Sync 1 DAGs
[2023-12-28 23:58:38,426] {logging_mixin.py:109} INFO - [2023-12-28 23:58:38,426] {dag.py:2935} INFO - Setting next_dagrun for latest_only to 2023-12-28T19:58:38.425836+00:00
[2023-12-28 23:58:38,443] {processor.py:171} INFO - Processing /home/airflow/.local/lib/python3.6/site-packages/airflow/example_dags/example_latest_only.py took 0.123 seconds
[2023-12-28 23:59:08,772] {processor.py:163} INFO - Started process (PID=757) to work on /home/airflow/.local/lib/python3.6/site-packages/airflow/example_dags/example_latest_only.py
[2023-12-28 23:59:08,779] {processor.py:642} INFO - Processing file /home/airflow/.local/lib/python3.6/site-packages/airflow/example_dags/example_latest_only.py for tasks to queue
[2023-12-28 23:59:08,782] {logging_mixin.py:109} INFO - [2023-12-28 23:59:08,782] {dagbag.py:500} INFO - Filling up the DagBag from /home/airflow/.local/lib/python3.6/site-packages/airflow/example_dags/example_latest_only.py
[2023-12-28 23:59:08,904] {processor.py:654} INFO - DAG(s) dict_keys(['latest_only']) retrieved from /home/airflow/.local/lib/python3.6/site-packages/airflow/example_dags/example_latest_only.py
[2023-12-28 23:59:08,940] {logging_mixin.py:109} INFO - [2023-12-28 23:59:08,939] {dag.py:2396} INFO - Sync 1 DAGs
[2023-12-28 23:59:09,003] {logging_mixin.py:109} INFO - [2023-12-28 23:59:09,002] {dag.py:2935} INFO - Setting next_dagrun for latest_only to 2023-12-28T19:59:08.986396+00:00
[2023-12-28 23:59:09,052] {processor.py:171} INFO - Processing /home/airflow/.local/lib/python3.6/site-packages/airflow/example_dags/example_latest_only.py took 0.291 seconds
[2023-12-28 23:59:39,661] {processor.py:163} INFO - Started process (PID=803) to work on /home/airflow/.local/lib/python3.6/site-packages/airflow/example_dags/example_latest_only.py
[2023-12-28 23:59:39,664] {processor.py:642} INFO - Processing file /home/airflow/.local/lib/python3.6/site-packages/airflow/example_dags/example_latest_only.py for tasks to queue
[2023-12-28 23:59:39,668] {logging_mixin.py:109} INFO - [2023-12-28 23:59:39,667] {dagbag.py:500} INFO - Filling up the DagBag from /home/airflow/.local/lib/python3.6/site-packages/airflow/example_dags/example_latest_only.py
[2023-12-28 23:59:39,741] {processor.py:654} INFO - DAG(s) dict_keys(['latest_only']) retrieved from /home/airflow/.local/lib/python3.6/site-packages/airflow/example_dags/example_latest_only.py
[2023-12-28 23:59:39,768] {logging_mixin.py:109} INFO - [2023-12-28 23:59:39,768] {dag.py:2396} INFO - Sync 1 DAGs
[2023-12-28 23:59:39,819] {logging_mixin.py:109} INFO - [2023-12-28 23:59:39,819] {dag.py:2935} INFO - Setting next_dagrun for latest_only to 2023-12-28T19:59:39.818697+00:00
[2023-12-28 23:59:39,846] {processor.py:171} INFO - Processing /home/airflow/.local/lib/python3.6/site-packages/airflow/example_dags/example_latest_only.py took 0.196 seconds
