[2023-12-28 23:56:41,384] {processor.py:163} INFO - Started process (PID=499) to work on /home/airflow/.local/lib/python3.6/site-packages/airflow/example_dags/example_dag_decorator.py
[2023-12-28 23:56:41,387] {processor.py:642} INFO - Processing file /home/airflow/.local/lib/python3.6/site-packages/airflow/example_dags/example_dag_decorator.py for tasks to queue
[2023-12-28 23:56:41,447] {logging_mixin.py:109} INFO - [2023-12-28 23:56:41,443] {dagbag.py:500} INFO - Filling up the DagBag from /home/airflow/.local/lib/python3.6/site-packages/airflow/example_dags/example_dag_decorator.py
[2023-12-28 23:56:42,650] {processor.py:654} INFO - DAG(s) dict_keys(['example_dag_decorator']) retrieved from /home/airflow/.local/lib/python3.6/site-packages/airflow/example_dags/example_dag_decorator.py
[2023-12-28 23:56:53,877] {logging_mixin.py:109} INFO - [2023-12-28 23:56:53,876] {manager.py:496} INFO - Created Permission View: can edit on DAG:example_dag_decorator
[2023-12-28 23:56:53,912] {logging_mixin.py:109} INFO - [2023-12-28 23:56:53,911] {manager.py:496} INFO - Created Permission View: can read on DAG:example_dag_decorator
[2023-12-28 23:56:53,918] {logging_mixin.py:109} INFO - [2023-12-28 23:56:53,912] {dag.py:2396} INFO - Sync 1 DAGs
[2023-12-28 23:56:53,977] {logging_mixin.py:109} INFO - [2023-12-28 23:56:53,973] {dag.py:2415} INFO - Creating ORM DAG for example_dag_decorator
[2023-12-28 23:56:55,006] {logging_mixin.py:109} INFO - [2023-12-28 23:56:55,006] {dag.py:2935} INFO - Setting next_dagrun for example_dag_decorator to None
[2023-12-28 23:56:55,330] {processor.py:171} INFO - Processing /home/airflow/.local/lib/python3.6/site-packages/airflow/example_dags/example_dag_decorator.py took 14.221 seconds
[2023-12-28 23:57:38,274] {processor.py:163} INFO - Started process (PID=610) to work on /home/airflow/.local/lib/python3.6/site-packages/airflow/example_dags/example_dag_decorator.py
[2023-12-28 23:57:38,276] {processor.py:642} INFO - Processing file /home/airflow/.local/lib/python3.6/site-packages/airflow/example_dags/example_dag_decorator.py for tasks to queue
[2023-12-28 23:57:38,278] {logging_mixin.py:109} INFO - [2023-12-28 23:57:38,278] {dagbag.py:500} INFO - Filling up the DagBag from /home/airflow/.local/lib/python3.6/site-packages/airflow/example_dags/example_dag_decorator.py
[2023-12-28 23:57:38,392] {processor.py:654} INFO - DAG(s) dict_keys(['example_dag_decorator']) retrieved from /home/airflow/.local/lib/python3.6/site-packages/airflow/example_dags/example_dag_decorator.py
[2023-12-28 23:57:39,109] {logging_mixin.py:109} INFO - [2023-12-28 23:57:39,109] {dag.py:2396} INFO - Sync 1 DAGs
[2023-12-28 23:57:39,138] {logging_mixin.py:109} INFO - [2023-12-28 23:57:39,138] {dag.py:2935} INFO - Setting next_dagrun for example_dag_decorator to None
[2023-12-28 23:57:39,183] {processor.py:171} INFO - Processing /home/airflow/.local/lib/python3.6/site-packages/airflow/example_dags/example_dag_decorator.py took 0.918 seconds
[2023-12-28 23:58:12,412] {processor.py:163} INFO - Started process (PID=667) to work on /home/airflow/.local/lib/python3.6/site-packages/airflow/example_dags/example_dag_decorator.py
[2023-12-28 23:58:12,422] {processor.py:642} INFO - Processing file /home/airflow/.local/lib/python3.6/site-packages/airflow/example_dags/example_dag_decorator.py for tasks to queue
[2023-12-28 23:58:12,425] {logging_mixin.py:109} INFO - [2023-12-28 23:58:12,424] {dagbag.py:500} INFO - Filling up the DagBag from /home/airflow/.local/lib/python3.6/site-packages/airflow/example_dags/example_dag_decorator.py
[2023-12-28 23:58:12,596] {processor.py:654} INFO - DAG(s) dict_keys(['example_dag_decorator']) retrieved from /home/airflow/.local/lib/python3.6/site-packages/airflow/example_dags/example_dag_decorator.py
[2023-12-28 23:58:13,334] {logging_mixin.py:109} INFO - [2023-12-28 23:58:13,334] {dag.py:2396} INFO - Sync 1 DAGs
[2023-12-28 23:58:13,390] {logging_mixin.py:109} INFO - [2023-12-28 23:58:13,390] {dag.py:2935} INFO - Setting next_dagrun for example_dag_decorator to None
[2023-12-28 23:58:13,436] {processor.py:171} INFO - Processing /home/airflow/.local/lib/python3.6/site-packages/airflow/example_dags/example_dag_decorator.py took 1.032 seconds
[2023-12-28 23:58:43,949] {processor.py:163} INFO - Started process (PID=714) to work on /home/airflow/.local/lib/python3.6/site-packages/airflow/example_dags/example_dag_decorator.py
[2023-12-28 23:58:43,952] {processor.py:642} INFO - Processing file /home/airflow/.local/lib/python3.6/site-packages/airflow/example_dags/example_dag_decorator.py for tasks to queue
[2023-12-28 23:58:43,954] {logging_mixin.py:109} INFO - [2023-12-28 23:58:43,954] {dagbag.py:500} INFO - Filling up the DagBag from /home/airflow/.local/lib/python3.6/site-packages/airflow/example_dags/example_dag_decorator.py
[2023-12-28 23:58:44,074] {processor.py:654} INFO - DAG(s) dict_keys(['example_dag_decorator']) retrieved from /home/airflow/.local/lib/python3.6/site-packages/airflow/example_dags/example_dag_decorator.py
[2023-12-28 23:58:44,684] {logging_mixin.py:109} INFO - [2023-12-28 23:58:44,684] {dag.py:2396} INFO - Sync 1 DAGs
[2023-12-28 23:58:44,715] {logging_mixin.py:109} INFO - [2023-12-28 23:58:44,714] {dag.py:2935} INFO - Setting next_dagrun for example_dag_decorator to None
[2023-12-28 23:58:44,759] {processor.py:171} INFO - Processing /home/airflow/.local/lib/python3.6/site-packages/airflow/example_dags/example_dag_decorator.py took 0.819 seconds
[2023-12-28 23:59:15,545] {processor.py:163} INFO - Started process (PID=771) to work on /home/airflow/.local/lib/python3.6/site-packages/airflow/example_dags/example_dag_decorator.py
[2023-12-28 23:59:15,559] {processor.py:642} INFO - Processing file /home/airflow/.local/lib/python3.6/site-packages/airflow/example_dags/example_dag_decorator.py for tasks to queue
[2023-12-28 23:59:15,576] {logging_mixin.py:109} INFO - [2023-12-28 23:59:15,576] {dagbag.py:500} INFO - Filling up the DagBag from /home/airflow/.local/lib/python3.6/site-packages/airflow/example_dags/example_dag_decorator.py
[2023-12-28 23:59:15,717] {processor.py:654} INFO - DAG(s) dict_keys(['example_dag_decorator']) retrieved from /home/airflow/.local/lib/python3.6/site-packages/airflow/example_dags/example_dag_decorator.py
[2023-12-28 23:59:16,350] {logging_mixin.py:109} INFO - [2023-12-28 23:59:16,349] {dag.py:2396} INFO - Sync 1 DAGs
[2023-12-28 23:59:16,378] {logging_mixin.py:109} INFO - [2023-12-28 23:59:16,378] {dag.py:2935} INFO - Setting next_dagrun for example_dag_decorator to None
[2023-12-28 23:59:16,430] {processor.py:171} INFO - Processing /home/airflow/.local/lib/python3.6/site-packages/airflow/example_dags/example_dag_decorator.py took 0.899 seconds
[2023-12-28 23:59:46,636] {processor.py:163} INFO - Started process (PID=827) to work on /home/airflow/.local/lib/python3.6/site-packages/airflow/example_dags/example_dag_decorator.py
[2023-12-28 23:59:46,640] {processor.py:642} INFO - Processing file /home/airflow/.local/lib/python3.6/site-packages/airflow/example_dags/example_dag_decorator.py for tasks to queue
[2023-12-28 23:59:46,666] {logging_mixin.py:109} INFO - [2023-12-28 23:59:46,665] {dagbag.py:500} INFO - Filling up the DagBag from /home/airflow/.local/lib/python3.6/site-packages/airflow/example_dags/example_dag_decorator.py
[2023-12-28 23:59:47,012] {processor.py:654} INFO - DAG(s) dict_keys(['example_dag_decorator']) retrieved from /home/airflow/.local/lib/python3.6/site-packages/airflow/example_dags/example_dag_decorator.py
[2023-12-28 23:59:47,887] {logging_mixin.py:109} INFO - [2023-12-28 23:59:47,887] {dag.py:2396} INFO - Sync 1 DAGs
[2023-12-28 23:59:47,943] {logging_mixin.py:109} INFO - [2023-12-28 23:59:47,943] {dag.py:2935} INFO - Setting next_dagrun for example_dag_decorator to None
[2023-12-28 23:59:47,989] {processor.py:171} INFO - Processing /home/airflow/.local/lib/python3.6/site-packages/airflow/example_dags/example_dag_decorator.py took 1.385 seconds
