[2023-12-28 23:57:03,778] {processor.py:163} INFO - Started process (PID=530) to work on /home/airflow/.local/lib/python3.6/site-packages/airflow/example_dags/example_task_group_decorator.py
[2023-12-28 23:57:03,782] {processor.py:642} INFO - Processing file /home/airflow/.local/lib/python3.6/site-packages/airflow/example_dags/example_task_group_decorator.py for tasks to queue
[2023-12-28 23:57:03,785] {logging_mixin.py:109} INFO - [2023-12-28 23:57:03,784] {dagbag.py:500} INFO - Filling up the DagBag from /home/airflow/.local/lib/python3.6/site-packages/airflow/example_dags/example_task_group_decorator.py
[2023-12-28 23:57:03,941] {processor.py:654} INFO - DAG(s) dict_keys(['example_task_group_decorator']) retrieved from /home/airflow/.local/lib/python3.6/site-packages/airflow/example_dags/example_task_group_decorator.py
[2023-12-28 23:57:12,369] {logging_mixin.py:109} INFO - [2023-12-28 23:57:12,369] {manager.py:496} INFO - Created Permission View: can edit on DAG:example_task_group_decorator
[2023-12-28 23:57:12,429] {logging_mixin.py:109} INFO - [2023-12-28 23:57:12,428] {manager.py:496} INFO - Created Permission View: can read on DAG:example_task_group_decorator
[2023-12-28 23:57:12,437] {logging_mixin.py:109} INFO - [2023-12-28 23:57:12,430] {dag.py:2396} INFO - Sync 1 DAGs
[2023-12-28 23:57:12,501] {logging_mixin.py:109} INFO - [2023-12-28 23:57:12,499] {dag.py:2415} INFO - Creating ORM DAG for example_task_group_decorator
[2023-12-28 23:57:12,516] {logging_mixin.py:109} INFO - [2023-12-28 23:57:12,516] {dag.py:2935} INFO - Setting next_dagrun for example_task_group_decorator to 2023-12-27T23:57:12.515909+00:00
[2023-12-28 23:57:12,584] {processor.py:171} INFO - Processing /home/airflow/.local/lib/python3.6/site-packages/airflow/example_dags/example_task_group_decorator.py took 8.820 seconds
[2023-12-28 23:57:43,420] {processor.py:163} INFO - Started process (PID=615) to work on /home/airflow/.local/lib/python3.6/site-packages/airflow/example_dags/example_task_group_decorator.py
[2023-12-28 23:57:43,423] {processor.py:642} INFO - Processing file /home/airflow/.local/lib/python3.6/site-packages/airflow/example_dags/example_task_group_decorator.py for tasks to queue
[2023-12-28 23:57:43,425] {logging_mixin.py:109} INFO - [2023-12-28 23:57:43,424] {dagbag.py:500} INFO - Filling up the DagBag from /home/airflow/.local/lib/python3.6/site-packages/airflow/example_dags/example_task_group_decorator.py
[2023-12-28 23:57:43,509] {processor.py:654} INFO - DAG(s) dict_keys(['example_task_group_decorator']) retrieved from /home/airflow/.local/lib/python3.6/site-packages/airflow/example_dags/example_task_group_decorator.py
[2023-12-28 23:57:44,764] {logging_mixin.py:109} INFO - [2023-12-28 23:57:44,764] {dag.py:2396} INFO - Sync 1 DAGs
[2023-12-28 23:57:44,810] {logging_mixin.py:109} INFO - [2023-12-28 23:57:44,810] {dag.py:2935} INFO - Setting next_dagrun for example_task_group_decorator to 2023-12-27T23:57:44.809258+00:00
[2023-12-28 23:57:44,863] {processor.py:171} INFO - Processing /home/airflow/.local/lib/python3.6/site-packages/airflow/example_dags/example_task_group_decorator.py took 1.449 seconds
[2023-12-28 23:58:15,747] {processor.py:163} INFO - Started process (PID=672) to work on /home/airflow/.local/lib/python3.6/site-packages/airflow/example_dags/example_task_group_decorator.py
[2023-12-28 23:58:15,750] {processor.py:642} INFO - Processing file /home/airflow/.local/lib/python3.6/site-packages/airflow/example_dags/example_task_group_decorator.py for tasks to queue
[2023-12-28 23:58:15,751] {logging_mixin.py:109} INFO - [2023-12-28 23:58:15,751] {dagbag.py:500} INFO - Filling up the DagBag from /home/airflow/.local/lib/python3.6/site-packages/airflow/example_dags/example_task_group_decorator.py
[2023-12-28 23:58:15,850] {processor.py:654} INFO - DAG(s) dict_keys(['example_task_group_decorator']) retrieved from /home/airflow/.local/lib/python3.6/site-packages/airflow/example_dags/example_task_group_decorator.py
[2023-12-28 23:58:16,300] {logging_mixin.py:109} INFO - [2023-12-28 23:58:16,300] {dag.py:2396} INFO - Sync 1 DAGs
[2023-12-28 23:58:16,325] {logging_mixin.py:109} INFO - [2023-12-28 23:58:16,325] {dag.py:2935} INFO - Setting next_dagrun for example_task_group_decorator to 2023-12-27T23:58:16.324763+00:00
[2023-12-28 23:58:16,344] {processor.py:171} INFO - Processing /home/airflow/.local/lib/python3.6/site-packages/airflow/example_dags/example_task_group_decorator.py took 0.603 seconds
[2023-12-28 23:58:47,071] {processor.py:163} INFO - Started process (PID=728) to work on /home/airflow/.local/lib/python3.6/site-packages/airflow/example_dags/example_task_group_decorator.py
[2023-12-28 23:58:47,085] {processor.py:642} INFO - Processing file /home/airflow/.local/lib/python3.6/site-packages/airflow/example_dags/example_task_group_decorator.py for tasks to queue
[2023-12-28 23:58:47,091] {logging_mixin.py:109} INFO - [2023-12-28 23:58:47,090] {dagbag.py:500} INFO - Filling up the DagBag from /home/airflow/.local/lib/python3.6/site-packages/airflow/example_dags/example_task_group_decorator.py
[2023-12-28 23:58:47,291] {processor.py:654} INFO - DAG(s) dict_keys(['example_task_group_decorator']) retrieved from /home/airflow/.local/lib/python3.6/site-packages/airflow/example_dags/example_task_group_decorator.py
[2023-12-28 23:58:47,938] {logging_mixin.py:109} INFO - [2023-12-28 23:58:47,938] {dag.py:2396} INFO - Sync 1 DAGs
[2023-12-28 23:58:47,968] {logging_mixin.py:109} INFO - [2023-12-28 23:58:47,968] {dag.py:2935} INFO - Setting next_dagrun for example_task_group_decorator to 2023-12-27T23:58:47.967700+00:00
[2023-12-28 23:58:48,017] {processor.py:171} INFO - Processing /home/airflow/.local/lib/python3.6/site-packages/airflow/example_dags/example_task_group_decorator.py took 0.960 seconds
[2023-12-28 23:59:18,835] {processor.py:163} INFO - Started process (PID=776) to work on /home/airflow/.local/lib/python3.6/site-packages/airflow/example_dags/example_task_group_decorator.py
[2023-12-28 23:59:18,839] {processor.py:642} INFO - Processing file /home/airflow/.local/lib/python3.6/site-packages/airflow/example_dags/example_task_group_decorator.py for tasks to queue
[2023-12-28 23:59:18,841] {logging_mixin.py:109} INFO - [2023-12-28 23:59:18,841] {dagbag.py:500} INFO - Filling up the DagBag from /home/airflow/.local/lib/python3.6/site-packages/airflow/example_dags/example_task_group_decorator.py
[2023-12-28 23:59:18,942] {processor.py:654} INFO - DAG(s) dict_keys(['example_task_group_decorator']) retrieved from /home/airflow/.local/lib/python3.6/site-packages/airflow/example_dags/example_task_group_decorator.py
[2023-12-28 23:59:19,745] {logging_mixin.py:109} INFO - [2023-12-28 23:59:19,745] {dag.py:2396} INFO - Sync 1 DAGs
[2023-12-28 23:59:19,824] {logging_mixin.py:109} INFO - [2023-12-28 23:59:19,824] {dag.py:2935} INFO - Setting next_dagrun for example_task_group_decorator to 2023-12-27T23:59:19.823331+00:00
[2023-12-28 23:59:19,959] {processor.py:171} INFO - Processing /home/airflow/.local/lib/python3.6/site-packages/airflow/example_dags/example_task_group_decorator.py took 1.131 seconds
[2023-12-28 23:59:50,375] {processor.py:163} INFO - Started process (PID=832) to work on /home/airflow/.local/lib/python3.6/site-packages/airflow/example_dags/example_task_group_decorator.py
[2023-12-28 23:59:50,379] {processor.py:642} INFO - Processing file /home/airflow/.local/lib/python3.6/site-packages/airflow/example_dags/example_task_group_decorator.py for tasks to queue
[2023-12-28 23:59:50,381] {logging_mixin.py:109} INFO - [2023-12-28 23:59:50,381] {dagbag.py:500} INFO - Filling up the DagBag from /home/airflow/.local/lib/python3.6/site-packages/airflow/example_dags/example_task_group_decorator.py
[2023-12-28 23:59:50,516] {processor.py:654} INFO - DAG(s) dict_keys(['example_task_group_decorator']) retrieved from /home/airflow/.local/lib/python3.6/site-packages/airflow/example_dags/example_task_group_decorator.py
[2023-12-28 23:59:50,970] {logging_mixin.py:109} INFO - [2023-12-28 23:59:50,970] {dag.py:2396} INFO - Sync 1 DAGs
[2023-12-28 23:59:50,997] {logging_mixin.py:109} INFO - [2023-12-28 23:59:50,997] {dag.py:2935} INFO - Setting next_dagrun for example_task_group_decorator to 2023-12-27T23:59:50.997107+00:00
[2023-12-28 23:59:51,053] {processor.py:171} INFO - Processing /home/airflow/.local/lib/python3.6/site-packages/airflow/example_dags/example_task_group_decorator.py took 0.685 seconds
