[2023-12-28 23:57:12,586] {processor.py:163} INFO - Started process (PID=549) to work on /home/airflow/.local/lib/python3.6/site-packages/airflow/example_dags/example_branch_datetime_operator.py
[2023-12-28 23:57:12,589] {processor.py:642} INFO - Processing file /home/airflow/.local/lib/python3.6/site-packages/airflow/example_dags/example_branch_datetime_operator.py for tasks to queue
[2023-12-28 23:57:12,594] {logging_mixin.py:109} INFO - [2023-12-28 23:57:12,594] {dagbag.py:500} INFO - Filling up the DagBag from /home/airflow/.local/lib/python3.6/site-packages/airflow/example_dags/example_branch_datetime_operator.py
[2023-12-28 23:57:12,748] {processor.py:654} INFO - DAG(s) dict_keys(['example_branch_datetime_operator_2']) retrieved from /home/airflow/.local/lib/python3.6/site-packages/airflow/example_dags/example_branch_datetime_operator.py
[2023-12-28 23:57:19,766] {logging_mixin.py:109} INFO - [2023-12-28 23:57:19,766] {manager.py:496} INFO - Created Permission View: can edit on DAG:example_branch_datetime_operator_2
[2023-12-28 23:57:19,789] {logging_mixin.py:109} INFO - [2023-12-28 23:57:19,788] {manager.py:496} INFO - Created Permission View: can read on DAG:example_branch_datetime_operator_2
[2023-12-28 23:57:19,793] {logging_mixin.py:109} INFO - [2023-12-28 23:57:19,789] {dag.py:2396} INFO - Sync 1 DAGs
[2023-12-28 23:57:19,817] {logging_mixin.py:109} INFO - [2023-12-28 23:57:19,813] {dag.py:2415} INFO - Creating ORM DAG for example_branch_datetime_operator_2
[2023-12-28 23:57:19,836] {logging_mixin.py:109} INFO - [2023-12-28 23:57:19,836] {dag.py:2935} INFO - Setting next_dagrun for example_branch_datetime_operator_2 to 2023-12-27 00:00:00+00:00
[2023-12-28 23:57:19,877] {processor.py:171} INFO - Processing /home/airflow/.local/lib/python3.6/site-packages/airflow/example_dags/example_branch_datetime_operator.py took 7.312 seconds
[2023-12-28 23:57:49,998] {processor.py:163} INFO - Started process (PID=626) to work on /home/airflow/.local/lib/python3.6/site-packages/airflow/example_dags/example_branch_datetime_operator.py
[2023-12-28 23:57:50,001] {processor.py:642} INFO - Processing file /home/airflow/.local/lib/python3.6/site-packages/airflow/example_dags/example_branch_datetime_operator.py for tasks to queue
[2023-12-28 23:57:50,004] {logging_mixin.py:109} INFO - [2023-12-28 23:57:50,003] {dagbag.py:500} INFO - Filling up the DagBag from /home/airflow/.local/lib/python3.6/site-packages/airflow/example_dags/example_branch_datetime_operator.py
[2023-12-28 23:57:50,135] {processor.py:654} INFO - DAG(s) dict_keys(['example_branch_datetime_operator_2']) retrieved from /home/airflow/.local/lib/python3.6/site-packages/airflow/example_dags/example_branch_datetime_operator.py
[2023-12-28 23:57:50,168] {logging_mixin.py:109} INFO - [2023-12-28 23:57:50,167] {dag.py:2396} INFO - Sync 1 DAGs
[2023-12-28 23:57:50,239] {logging_mixin.py:109} INFO - [2023-12-28 23:57:50,239] {dag.py:2935} INFO - Setting next_dagrun for example_branch_datetime_operator_2 to 2023-12-27 00:00:00+00:00
[2023-12-28 23:57:50,273] {processor.py:171} INFO - Processing /home/airflow/.local/lib/python3.6/site-packages/airflow/example_dags/example_branch_datetime_operator.py took 0.282 seconds
[2023-12-28 23:58:20,497] {processor.py:163} INFO - Started process (PID=673) to work on /home/airflow/.local/lib/python3.6/site-packages/airflow/example_dags/example_branch_datetime_operator.py
[2023-12-28 23:58:20,501] {processor.py:642} INFO - Processing file /home/airflow/.local/lib/python3.6/site-packages/airflow/example_dags/example_branch_datetime_operator.py for tasks to queue
[2023-12-28 23:58:20,504] {logging_mixin.py:109} INFO - [2023-12-28 23:58:20,503] {dagbag.py:500} INFO - Filling up the DagBag from /home/airflow/.local/lib/python3.6/site-packages/airflow/example_dags/example_branch_datetime_operator.py
[2023-12-28 23:58:20,574] {processor.py:654} INFO - DAG(s) dict_keys(['example_branch_datetime_operator_2']) retrieved from /home/airflow/.local/lib/python3.6/site-packages/airflow/example_dags/example_branch_datetime_operator.py
[2023-12-28 23:58:20,596] {logging_mixin.py:109} INFO - [2023-12-28 23:58:20,596] {dag.py:2396} INFO - Sync 1 DAGs
[2023-12-28 23:58:20,622] {logging_mixin.py:109} INFO - [2023-12-28 23:58:20,622] {dag.py:2935} INFO - Setting next_dagrun for example_branch_datetime_operator_2 to 2023-12-27 00:00:00+00:00
[2023-12-28 23:58:20,639] {processor.py:171} INFO - Processing /home/airflow/.local/lib/python3.6/site-packages/airflow/example_dags/example_branch_datetime_operator.py took 0.149 seconds
[2023-12-28 23:58:51,444] {processor.py:163} INFO - Started process (PID=730) to work on /home/airflow/.local/lib/python3.6/site-packages/airflow/example_dags/example_branch_datetime_operator.py
[2023-12-28 23:58:51,456] {processor.py:642} INFO - Processing file /home/airflow/.local/lib/python3.6/site-packages/airflow/example_dags/example_branch_datetime_operator.py for tasks to queue
[2023-12-28 23:58:51,461] {logging_mixin.py:109} INFO - [2023-12-28 23:58:51,461] {dagbag.py:500} INFO - Filling up the DagBag from /home/airflow/.local/lib/python3.6/site-packages/airflow/example_dags/example_branch_datetime_operator.py
[2023-12-28 23:58:51,722] {processor.py:654} INFO - DAG(s) dict_keys(['example_branch_datetime_operator_2']) retrieved from /home/airflow/.local/lib/python3.6/site-packages/airflow/example_dags/example_branch_datetime_operator.py
[2023-12-28 23:58:51,773] {logging_mixin.py:109} INFO - [2023-12-28 23:58:51,769] {dag.py:2396} INFO - Sync 1 DAGs
[2023-12-28 23:58:51,820] {logging_mixin.py:109} INFO - [2023-12-28 23:58:51,820] {dag.py:2935} INFO - Setting next_dagrun for example_branch_datetime_operator_2 to 2023-12-27 00:00:00+00:00
[2023-12-28 23:58:51,840] {processor.py:171} INFO - Processing /home/airflow/.local/lib/python3.6/site-packages/airflow/example_dags/example_branch_datetime_operator.py took 0.415 seconds
[2023-12-28 23:59:22,070] {processor.py:163} INFO - Started process (PID=777) to work on /home/airflow/.local/lib/python3.6/site-packages/airflow/example_dags/example_branch_datetime_operator.py
[2023-12-28 23:59:22,074] {processor.py:642} INFO - Processing file /home/airflow/.local/lib/python3.6/site-packages/airflow/example_dags/example_branch_datetime_operator.py for tasks to queue
[2023-12-28 23:59:22,076] {logging_mixin.py:109} INFO - [2023-12-28 23:59:22,076] {dagbag.py:500} INFO - Filling up the DagBag from /home/airflow/.local/lib/python3.6/site-packages/airflow/example_dags/example_branch_datetime_operator.py
[2023-12-28 23:59:22,200] {processor.py:654} INFO - DAG(s) dict_keys(['example_branch_datetime_operator_2']) retrieved from /home/airflow/.local/lib/python3.6/site-packages/airflow/example_dags/example_branch_datetime_operator.py
[2023-12-28 23:59:22,297] {logging_mixin.py:109} INFO - [2023-12-28 23:59:22,297] {dag.py:2396} INFO - Sync 1 DAGs
[2023-12-28 23:59:22,563] {logging_mixin.py:109} INFO - [2023-12-28 23:59:22,563] {dag.py:2935} INFO - Setting next_dagrun for example_branch_datetime_operator_2 to 2023-12-27 00:00:00+00:00
[2023-12-28 23:59:22,682] {processor.py:171} INFO - Processing /home/airflow/.local/lib/python3.6/site-packages/airflow/example_dags/example_branch_datetime_operator.py took 0.623 seconds
[2023-12-28 23:59:52,829] {processor.py:163} INFO - Started process (PID=833) to work on /home/airflow/.local/lib/python3.6/site-packages/airflow/example_dags/example_branch_datetime_operator.py
[2023-12-28 23:59:52,832] {processor.py:642} INFO - Processing file /home/airflow/.local/lib/python3.6/site-packages/airflow/example_dags/example_branch_datetime_operator.py for tasks to queue
[2023-12-28 23:59:52,834] {logging_mixin.py:109} INFO - [2023-12-28 23:59:52,834] {dagbag.py:500} INFO - Filling up the DagBag from /home/airflow/.local/lib/python3.6/site-packages/airflow/example_dags/example_branch_datetime_operator.py
[2023-12-28 23:59:52,880] {processor.py:654} INFO - DAG(s) dict_keys(['example_branch_datetime_operator_2']) retrieved from /home/airflow/.local/lib/python3.6/site-packages/airflow/example_dags/example_branch_datetime_operator.py
[2023-12-28 23:59:52,897] {logging_mixin.py:109} INFO - [2023-12-28 23:59:52,897] {dag.py:2396} INFO - Sync 1 DAGs
[2023-12-28 23:59:52,946] {logging_mixin.py:109} INFO - [2023-12-28 23:59:52,945] {dag.py:2935} INFO - Setting next_dagrun for example_branch_datetime_operator_2 to 2023-12-27 00:00:00+00:00
[2023-12-28 23:59:52,974] {processor.py:171} INFO - Processing /home/airflow/.local/lib/python3.6/site-packages/airflow/example_dags/example_branch_datetime_operator.py took 0.152 seconds
