[2023-12-28 23:56:55,340] {processor.py:163} INFO - Started process (PID=519) to work on /home/airflow/.local/lib/python3.6/site-packages/airflow/example_dags/example_branch_labels.py
[2023-12-28 23:56:55,346] {processor.py:642} INFO - Processing file /home/airflow/.local/lib/python3.6/site-packages/airflow/example_dags/example_branch_labels.py for tasks to queue
[2023-12-28 23:56:55,351] {logging_mixin.py:109} INFO - [2023-12-28 23:56:55,349] {dagbag.py:500} INFO - Filling up the DagBag from /home/airflow/.local/lib/python3.6/site-packages/airflow/example_dags/example_branch_labels.py
[2023-12-28 23:56:55,765] {processor.py:654} INFO - DAG(s) dict_keys(['example_branch_labels']) retrieved from /home/airflow/.local/lib/python3.6/site-packages/airflow/example_dags/example_branch_labels.py
[2023-12-28 23:57:03,493] {logging_mixin.py:109} INFO - [2023-12-28 23:57:03,493] {manager.py:496} INFO - Created Permission View: can edit on DAG:example_branch_labels
[2023-12-28 23:57:03,524] {logging_mixin.py:109} INFO - [2023-12-28 23:57:03,523] {manager.py:496} INFO - Created Permission View: can read on DAG:example_branch_labels
[2023-12-28 23:57:03,526] {logging_mixin.py:109} INFO - [2023-12-28 23:57:03,524] {dag.py:2396} INFO - Sync 1 DAGs
[2023-12-28 23:57:03,564] {logging_mixin.py:109} INFO - [2023-12-28 23:57:03,561] {dag.py:2415} INFO - Creating ORM DAG for example_branch_labels
[2023-12-28 23:57:03,582] {logging_mixin.py:109} INFO - [2023-12-28 23:57:03,582] {dag.py:2935} INFO - Setting next_dagrun for example_branch_labels to 2023-12-27 00:00:00+00:00
[2023-12-28 23:57:03,609] {processor.py:171} INFO - Processing /home/airflow/.local/lib/python3.6/site-packages/airflow/example_dags/example_branch_labels.py took 8.278 seconds
[2023-12-28 23:57:39,268] {processor.py:163} INFO - Started process (PID=612) to work on /home/airflow/.local/lib/python3.6/site-packages/airflow/example_dags/example_branch_labels.py
[2023-12-28 23:57:39,283] {processor.py:642} INFO - Processing file /home/airflow/.local/lib/python3.6/site-packages/airflow/example_dags/example_branch_labels.py for tasks to queue
[2023-12-28 23:57:39,287] {logging_mixin.py:109} INFO - [2023-12-28 23:57:39,286] {dagbag.py:500} INFO - Filling up the DagBag from /home/airflow/.local/lib/python3.6/site-packages/airflow/example_dags/example_branch_labels.py
[2023-12-28 23:57:39,356] {processor.py:654} INFO - DAG(s) dict_keys(['example_branch_labels']) retrieved from /home/airflow/.local/lib/python3.6/site-packages/airflow/example_dags/example_branch_labels.py
[2023-12-28 23:57:39,383] {logging_mixin.py:109} INFO - [2023-12-28 23:57:39,383] {dag.py:2396} INFO - Sync 1 DAGs
[2023-12-28 23:57:39,417] {logging_mixin.py:109} INFO - [2023-12-28 23:57:39,416] {dag.py:2935} INFO - Setting next_dagrun for example_branch_labels to 2023-12-27 00:00:00+00:00
[2023-12-28 23:57:39,454] {processor.py:171} INFO - Processing /home/airflow/.local/lib/python3.6/site-packages/airflow/example_dags/example_branch_labels.py took 0.202 seconds
[2023-12-28 23:58:13,451] {processor.py:163} INFO - Started process (PID=669) to work on /home/airflow/.local/lib/python3.6/site-packages/airflow/example_dags/example_branch_labels.py
[2023-12-28 23:58:13,454] {processor.py:642} INFO - Processing file /home/airflow/.local/lib/python3.6/site-packages/airflow/example_dags/example_branch_labels.py for tasks to queue
[2023-12-28 23:58:13,456] {logging_mixin.py:109} INFO - [2023-12-28 23:58:13,456] {dagbag.py:500} INFO - Filling up the DagBag from /home/airflow/.local/lib/python3.6/site-packages/airflow/example_dags/example_branch_labels.py
[2023-12-28 23:58:13,549] {processor.py:654} INFO - DAG(s) dict_keys(['example_branch_labels']) retrieved from /home/airflow/.local/lib/python3.6/site-packages/airflow/example_dags/example_branch_labels.py
[2023-12-28 23:58:13,636] {logging_mixin.py:109} INFO - [2023-12-28 23:58:13,636] {dag.py:2396} INFO - Sync 1 DAGs
[2023-12-28 23:58:13,717] {logging_mixin.py:109} INFO - [2023-12-28 23:58:13,717] {dag.py:2935} INFO - Setting next_dagrun for example_branch_labels to 2023-12-27 00:00:00+00:00
[2023-12-28 23:58:13,763] {processor.py:171} INFO - Processing /home/airflow/.local/lib/python3.6/site-packages/airflow/example_dags/example_branch_labels.py took 0.326 seconds
[2023-12-28 23:58:44,737] {processor.py:163} INFO - Started process (PID=716) to work on /home/airflow/.local/lib/python3.6/site-packages/airflow/example_dags/example_branch_labels.py
[2023-12-28 23:58:44,740] {processor.py:642} INFO - Processing file /home/airflow/.local/lib/python3.6/site-packages/airflow/example_dags/example_branch_labels.py for tasks to queue
[2023-12-28 23:58:44,742] {logging_mixin.py:109} INFO - [2023-12-28 23:58:44,742] {dagbag.py:500} INFO - Filling up the DagBag from /home/airflow/.local/lib/python3.6/site-packages/airflow/example_dags/example_branch_labels.py
[2023-12-28 23:58:44,811] {processor.py:654} INFO - DAG(s) dict_keys(['example_branch_labels']) retrieved from /home/airflow/.local/lib/python3.6/site-packages/airflow/example_dags/example_branch_labels.py
[2023-12-28 23:58:44,839] {logging_mixin.py:109} INFO - [2023-12-28 23:58:44,839] {dag.py:2396} INFO - Sync 1 DAGs
[2023-12-28 23:58:44,893] {logging_mixin.py:109} INFO - [2023-12-28 23:58:44,893] {dag.py:2935} INFO - Setting next_dagrun for example_branch_labels to 2023-12-27 00:00:00+00:00
[2023-12-28 23:58:44,918] {processor.py:171} INFO - Processing /home/airflow/.local/lib/python3.6/site-packages/airflow/example_dags/example_branch_labels.py took 0.191 seconds
[2023-12-28 23:59:16,461] {processor.py:163} INFO - Started process (PID=773) to work on /home/airflow/.local/lib/python3.6/site-packages/airflow/example_dags/example_branch_labels.py
[2023-12-28 23:59:16,467] {processor.py:642} INFO - Processing file /home/airflow/.local/lib/python3.6/site-packages/airflow/example_dags/example_branch_labels.py for tasks to queue
[2023-12-28 23:59:16,471] {logging_mixin.py:109} INFO - [2023-12-28 23:59:16,471] {dagbag.py:500} INFO - Filling up the DagBag from /home/airflow/.local/lib/python3.6/site-packages/airflow/example_dags/example_branch_labels.py
[2023-12-28 23:59:16,592] {processor.py:654} INFO - DAG(s) dict_keys(['example_branch_labels']) retrieved from /home/airflow/.local/lib/python3.6/site-packages/airflow/example_dags/example_branch_labels.py
[2023-12-28 23:59:16,658] {logging_mixin.py:109} INFO - [2023-12-28 23:59:16,658] {dag.py:2396} INFO - Sync 1 DAGs
[2023-12-28 23:59:16,710] {logging_mixin.py:109} INFO - [2023-12-28 23:59:16,710] {dag.py:2935} INFO - Setting next_dagrun for example_branch_labels to 2023-12-27 00:00:00+00:00
[2023-12-28 23:59:16,748] {processor.py:171} INFO - Processing /home/airflow/.local/lib/python3.6/site-packages/airflow/example_dags/example_branch_labels.py took 0.300 seconds
[2023-12-28 23:59:48,054] {processor.py:163} INFO - Started process (PID=829) to work on /home/airflow/.local/lib/python3.6/site-packages/airflow/example_dags/example_branch_labels.py
[2023-12-28 23:59:48,067] {processor.py:642} INFO - Processing file /home/airflow/.local/lib/python3.6/site-packages/airflow/example_dags/example_branch_labels.py for tasks to queue
[2023-12-28 23:59:48,068] {logging_mixin.py:109} INFO - [2023-12-28 23:59:48,068] {dagbag.py:500} INFO - Filling up the DagBag from /home/airflow/.local/lib/python3.6/site-packages/airflow/example_dags/example_branch_labels.py
[2023-12-28 23:59:48,186] {processor.py:654} INFO - DAG(s) dict_keys(['example_branch_labels']) retrieved from /home/airflow/.local/lib/python3.6/site-packages/airflow/example_dags/example_branch_labels.py
[2023-12-28 23:59:48,226] {logging_mixin.py:109} INFO - [2023-12-28 23:59:48,226] {dag.py:2396} INFO - Sync 1 DAGs
[2023-12-28 23:59:48,301] {logging_mixin.py:109} INFO - [2023-12-28 23:59:48,301] {dag.py:2935} INFO - Setting next_dagrun for example_branch_labels to 2023-12-27 00:00:00+00:00
[2023-12-28 23:59:48,324] {processor.py:171} INFO - Processing /home/airflow/.local/lib/python3.6/site-packages/airflow/example_dags/example_branch_labels.py took 0.278 seconds
