[2023-12-28 23:55:41,472] {processor.py:163} INFO - Started process (PID=450) to work on /home/airflow/.local/lib/python3.6/site-packages/airflow/example_dags/example_kubernetes_executor.py
[2023-12-28 23:55:41,482] {processor.py:642} INFO - Processing file /home/airflow/.local/lib/python3.6/site-packages/airflow/example_dags/example_kubernetes_executor.py for tasks to queue
[2023-12-28 23:55:41,491] {logging_mixin.py:109} INFO - [2023-12-28 23:55:41,490] {dagbag.py:500} INFO - Filling up the DagBag from /home/airflow/.local/lib/python3.6/site-packages/airflow/example_dags/example_kubernetes_executor.py
[2023-12-28 23:55:41,873] {processor.py:654} INFO - DAG(s) dict_keys(['example_kubernetes_executor']) retrieved from /home/airflow/.local/lib/python3.6/site-packages/airflow/example_dags/example_kubernetes_executor.py
[2023-12-28 23:55:51,694] {logging_mixin.py:109} INFO - [2023-12-28 23:55:51,694] {manager.py:496} INFO - Created Permission View: can edit on DAG:example_kubernetes_executor
[2023-12-28 23:55:51,746] {logging_mixin.py:109} INFO - [2023-12-28 23:55:51,746] {manager.py:496} INFO - Created Permission View: can read on DAG:example_kubernetes_executor
[2023-12-28 23:55:51,752] {logging_mixin.py:109} INFO - [2023-12-28 23:55:51,747] {dag.py:2396} INFO - Sync 1 DAGs
[2023-12-28 23:55:51,814] {logging_mixin.py:109} INFO - [2023-12-28 23:55:51,810] {dag.py:2415} INFO - Creating ORM DAG for example_kubernetes_executor
[2023-12-28 23:55:51,862] {logging_mixin.py:109} INFO - [2023-12-28 23:55:51,862] {dag.py:2935} INFO - Setting next_dagrun for example_kubernetes_executor to None
[2023-12-28 23:55:52,072] {processor.py:171} INFO - Processing /home/airflow/.local/lib/python3.6/site-packages/airflow/example_dags/example_kubernetes_executor.py took 10.621 seconds
[2023-12-28 23:57:37,589] {processor.py:163} INFO - Started process (PID=605) to work on /home/airflow/.local/lib/python3.6/site-packages/airflow/example_dags/example_kubernetes_executor.py
[2023-12-28 23:57:37,592] {processor.py:642} INFO - Processing file /home/airflow/.local/lib/python3.6/site-packages/airflow/example_dags/example_kubernetes_executor.py for tasks to queue
[2023-12-28 23:57:37,594] {logging_mixin.py:109} INFO - [2023-12-28 23:57:37,594] {dagbag.py:500} INFO - Filling up the DagBag from /home/airflow/.local/lib/python3.6/site-packages/airflow/example_dags/example_kubernetes_executor.py
[2023-12-28 23:57:37,686] {processor.py:654} INFO - DAG(s) dict_keys(['example_kubernetes_executor']) retrieved from /home/airflow/.local/lib/python3.6/site-packages/airflow/example_dags/example_kubernetes_executor.py
[2023-12-28 23:57:37,736] {logging_mixin.py:109} INFO - [2023-12-28 23:57:37,736] {dag.py:2396} INFO - Sync 1 DAGs
[2023-12-28 23:57:37,766] {logging_mixin.py:109} INFO - [2023-12-28 23:57:37,766] {dag.py:2935} INFO - Setting next_dagrun for example_kubernetes_executor to None
[2023-12-28 23:57:37,804] {processor.py:171} INFO - Processing /home/airflow/.local/lib/python3.6/site-packages/airflow/example_dags/example_kubernetes_executor.py took 0.222 seconds
[2023-12-28 23:58:10,669] {processor.py:163} INFO - Started process (PID=662) to work on /home/airflow/.local/lib/python3.6/site-packages/airflow/example_dags/example_kubernetes_executor.py
[2023-12-28 23:58:10,671] {processor.py:642} INFO - Processing file /home/airflow/.local/lib/python3.6/site-packages/airflow/example_dags/example_kubernetes_executor.py for tasks to queue
[2023-12-28 23:58:10,674] {logging_mixin.py:109} INFO - [2023-12-28 23:58:10,673] {dagbag.py:500} INFO - Filling up the DagBag from /home/airflow/.local/lib/python3.6/site-packages/airflow/example_dags/example_kubernetes_executor.py
[2023-12-28 23:58:10,835] {processor.py:654} INFO - DAG(s) dict_keys(['example_kubernetes_executor']) retrieved from /home/airflow/.local/lib/python3.6/site-packages/airflow/example_dags/example_kubernetes_executor.py
[2023-12-28 23:58:10,954] {logging_mixin.py:109} INFO - [2023-12-28 23:58:10,954] {dag.py:2396} INFO - Sync 1 DAGs
[2023-12-28 23:58:11,046] {logging_mixin.py:109} INFO - [2023-12-28 23:58:11,045] {dag.py:2935} INFO - Setting next_dagrun for example_kubernetes_executor to None
[2023-12-28 23:58:11,099] {processor.py:171} INFO - Processing /home/airflow/.local/lib/python3.6/site-packages/airflow/example_dags/example_kubernetes_executor.py took 0.438 seconds
[2023-12-28 23:58:41,522] {processor.py:163} INFO - Started process (PID=709) to work on /home/airflow/.local/lib/python3.6/site-packages/airflow/example_dags/example_kubernetes_executor.py
[2023-12-28 23:58:41,525] {processor.py:642} INFO - Processing file /home/airflow/.local/lib/python3.6/site-packages/airflow/example_dags/example_kubernetes_executor.py for tasks to queue
[2023-12-28 23:58:41,527] {logging_mixin.py:109} INFO - [2023-12-28 23:58:41,526] {dagbag.py:500} INFO - Filling up the DagBag from /home/airflow/.local/lib/python3.6/site-packages/airflow/example_dags/example_kubernetes_executor.py
[2023-12-28 23:58:41,612] {processor.py:654} INFO - DAG(s) dict_keys(['example_kubernetes_executor']) retrieved from /home/airflow/.local/lib/python3.6/site-packages/airflow/example_dags/example_kubernetes_executor.py
[2023-12-28 23:58:41,642] {logging_mixin.py:109} INFO - [2023-12-28 23:58:41,642] {dag.py:2396} INFO - Sync 1 DAGs
[2023-12-28 23:58:41,667] {logging_mixin.py:109} INFO - [2023-12-28 23:58:41,667] {dag.py:2935} INFO - Setting next_dagrun for example_kubernetes_executor to None
[2023-12-28 23:58:41,687] {processor.py:171} INFO - Processing /home/airflow/.local/lib/python3.6/site-packages/airflow/example_dags/example_kubernetes_executor.py took 0.172 seconds
[2023-12-28 23:59:13,644] {processor.py:163} INFO - Started process (PID=766) to work on /home/airflow/.local/lib/python3.6/site-packages/airflow/example_dags/example_kubernetes_executor.py
[2023-12-28 23:59:13,647] {processor.py:642} INFO - Processing file /home/airflow/.local/lib/python3.6/site-packages/airflow/example_dags/example_kubernetes_executor.py for tasks to queue
[2023-12-28 23:59:13,650] {logging_mixin.py:109} INFO - [2023-12-28 23:59:13,649] {dagbag.py:500} INFO - Filling up the DagBag from /home/airflow/.local/lib/python3.6/site-packages/airflow/example_dags/example_kubernetes_executor.py
[2023-12-28 23:59:13,790] {processor.py:654} INFO - DAG(s) dict_keys(['example_kubernetes_executor']) retrieved from /home/airflow/.local/lib/python3.6/site-packages/airflow/example_dags/example_kubernetes_executor.py
[2023-12-28 23:59:13,834] {logging_mixin.py:109} INFO - [2023-12-28 23:59:13,834] {dag.py:2396} INFO - Sync 1 DAGs
[2023-12-28 23:59:13,876] {logging_mixin.py:109} INFO - [2023-12-28 23:59:13,875] {dag.py:2935} INFO - Setting next_dagrun for example_kubernetes_executor to None
[2023-12-28 23:59:13,902] {processor.py:171} INFO - Processing /home/airflow/.local/lib/python3.6/site-packages/airflow/example_dags/example_kubernetes_executor.py took 0.273 seconds
[2023-12-28 23:59:44,322] {processor.py:163} INFO - Started process (PID=821) to work on /home/airflow/.local/lib/python3.6/site-packages/airflow/example_dags/example_kubernetes_executor.py
[2023-12-28 23:59:44,327] {processor.py:642} INFO - Processing file /home/airflow/.local/lib/python3.6/site-packages/airflow/example_dags/example_kubernetes_executor.py for tasks to queue
[2023-12-28 23:59:44,330] {logging_mixin.py:109} INFO - [2023-12-28 23:59:44,329] {dagbag.py:500} INFO - Filling up the DagBag from /home/airflow/.local/lib/python3.6/site-packages/airflow/example_dags/example_kubernetes_executor.py
[2023-12-28 23:59:44,436] {processor.py:654} INFO - DAG(s) dict_keys(['example_kubernetes_executor']) retrieved from /home/airflow/.local/lib/python3.6/site-packages/airflow/example_dags/example_kubernetes_executor.py
[2023-12-28 23:59:44,517] {logging_mixin.py:109} INFO - [2023-12-28 23:59:44,516] {dag.py:2396} INFO - Sync 1 DAGs
[2023-12-28 23:59:44,631] {logging_mixin.py:109} INFO - [2023-12-28 23:59:44,631] {dag.py:2935} INFO - Setting next_dagrun for example_kubernetes_executor to None
[2023-12-28 23:59:44,717] {processor.py:171} INFO - Processing /home/airflow/.local/lib/python3.6/site-packages/airflow/example_dags/example_kubernetes_executor.py took 0.405 seconds
