[2023-12-28 23:56:25,334] {processor.py:163} INFO - Started process (PID=486) to work on /home/airflow/.local/lib/python3.6/site-packages/airflow/example_dags/example_nested_branch_dag.py
[2023-12-28 23:56:25,355] {processor.py:642} INFO - Processing file /home/airflow/.local/lib/python3.6/site-packages/airflow/example_dags/example_nested_branch_dag.py for tasks to queue
[2023-12-28 23:56:25,376] {logging_mixin.py:109} INFO - [2023-12-28 23:56:25,376] {dagbag.py:500} INFO - Filling up the DagBag from /home/airflow/.local/lib/python3.6/site-packages/airflow/example_dags/example_nested_branch_dag.py
[2023-12-28 23:56:25,823] {processor.py:654} INFO - DAG(s) dict_keys(['example_nested_branch_dag']) retrieved from /home/airflow/.local/lib/python3.6/site-packages/airflow/example_dags/example_nested_branch_dag.py
[2023-12-28 23:56:39,479] {logging_mixin.py:109} INFO - [2023-12-28 23:56:39,479] {manager.py:496} INFO - Created Permission View: can edit on DAG:example_nested_branch_dag
[2023-12-28 23:56:39,504] {logging_mixin.py:109} INFO - [2023-12-28 23:56:39,504] {manager.py:496} INFO - Created Permission View: can read on DAG:example_nested_branch_dag
[2023-12-28 23:56:39,508] {logging_mixin.py:109} INFO - [2023-12-28 23:56:39,505] {dag.py:2396} INFO - Sync 1 DAGs
[2023-12-28 23:56:39,537] {logging_mixin.py:109} INFO - [2023-12-28 23:56:39,534] {dag.py:2415} INFO - Creating ORM DAG for example_nested_branch_dag
[2023-12-28 23:56:39,566] {logging_mixin.py:109} INFO - [2023-12-28 23:56:39,565] {dag.py:2935} INFO - Setting next_dagrun for example_nested_branch_dag to 2023-12-27 00:00:00+00:00
[2023-12-28 23:56:39,609] {processor.py:171} INFO - Processing /home/airflow/.local/lib/python3.6/site-packages/airflow/example_dags/example_nested_branch_dag.py took 14.287 seconds
[2023-12-28 23:57:38,044] {processor.py:163} INFO - Started process (PID=608) to work on /home/airflow/.local/lib/python3.6/site-packages/airflow/example_dags/example_nested_branch_dag.py
[2023-12-28 23:57:38,047] {processor.py:642} INFO - Processing file /home/airflow/.local/lib/python3.6/site-packages/airflow/example_dags/example_nested_branch_dag.py for tasks to queue
[2023-12-28 23:57:38,051] {logging_mixin.py:109} INFO - [2023-12-28 23:57:38,048] {dagbag.py:500} INFO - Filling up the DagBag from /home/airflow/.local/lib/python3.6/site-packages/airflow/example_dags/example_nested_branch_dag.py
[2023-12-28 23:57:38,130] {processor.py:654} INFO - DAG(s) dict_keys(['example_nested_branch_dag']) retrieved from /home/airflow/.local/lib/python3.6/site-packages/airflow/example_dags/example_nested_branch_dag.py
[2023-12-28 23:57:38,155] {logging_mixin.py:109} INFO - [2023-12-28 23:57:38,154] {dag.py:2396} INFO - Sync 1 DAGs
[2023-12-28 23:57:38,184] {logging_mixin.py:109} INFO - [2023-12-28 23:57:38,184] {dag.py:2935} INFO - Setting next_dagrun for example_nested_branch_dag to 2023-12-27 00:00:00+00:00
[2023-12-28 23:57:38,229] {processor.py:171} INFO - Processing /home/airflow/.local/lib/python3.6/site-packages/airflow/example_dags/example_nested_branch_dag.py took 0.193 seconds
[2023-12-28 23:58:11,623] {processor.py:163} INFO - Started process (PID=665) to work on /home/airflow/.local/lib/python3.6/site-packages/airflow/example_dags/example_nested_branch_dag.py
[2023-12-28 23:58:11,635] {processor.py:642} INFO - Processing file /home/airflow/.local/lib/python3.6/site-packages/airflow/example_dags/example_nested_branch_dag.py for tasks to queue
[2023-12-28 23:58:11,638] {logging_mixin.py:109} INFO - [2023-12-28 23:58:11,638] {dagbag.py:500} INFO - Filling up the DagBag from /home/airflow/.local/lib/python3.6/site-packages/airflow/example_dags/example_nested_branch_dag.py
[2023-12-28 23:58:11,836] {processor.py:654} INFO - DAG(s) dict_keys(['example_nested_branch_dag']) retrieved from /home/airflow/.local/lib/python3.6/site-packages/airflow/example_dags/example_nested_branch_dag.py
[2023-12-28 23:58:11,940] {logging_mixin.py:109} INFO - [2023-12-28 23:58:11,940] {dag.py:2396} INFO - Sync 1 DAGs
[2023-12-28 23:58:12,138] {logging_mixin.py:109} INFO - [2023-12-28 23:58:12,118] {dag.py:2935} INFO - Setting next_dagrun for example_nested_branch_dag to 2023-12-27 00:00:00+00:00
[2023-12-28 23:58:12,254] {processor.py:171} INFO - Processing /home/airflow/.local/lib/python3.6/site-packages/airflow/example_dags/example_nested_branch_dag.py took 0.639 seconds
[2023-12-28 23:58:42,786] {processor.py:163} INFO - Started process (PID=712) to work on /home/airflow/.local/lib/python3.6/site-packages/airflow/example_dags/example_nested_branch_dag.py
[2023-12-28 23:58:42,788] {processor.py:642} INFO - Processing file /home/airflow/.local/lib/python3.6/site-packages/airflow/example_dags/example_nested_branch_dag.py for tasks to queue
[2023-12-28 23:58:42,790] {logging_mixin.py:109} INFO - [2023-12-28 23:58:42,790] {dagbag.py:500} INFO - Filling up the DagBag from /home/airflow/.local/lib/python3.6/site-packages/airflow/example_dags/example_nested_branch_dag.py
[2023-12-28 23:58:42,878] {processor.py:654} INFO - DAG(s) dict_keys(['example_nested_branch_dag']) retrieved from /home/airflow/.local/lib/python3.6/site-packages/airflow/example_dags/example_nested_branch_dag.py
[2023-12-28 23:58:42,918] {logging_mixin.py:109} INFO - [2023-12-28 23:58:42,918] {dag.py:2396} INFO - Sync 1 DAGs
[2023-12-28 23:58:42,974] {logging_mixin.py:109} INFO - [2023-12-28 23:58:42,974] {dag.py:2935} INFO - Setting next_dagrun for example_nested_branch_dag to 2023-12-27 00:00:00+00:00
[2023-12-28 23:58:43,001] {processor.py:171} INFO - Processing /home/airflow/.local/lib/python3.6/site-packages/airflow/example_dags/example_nested_branch_dag.py took 0.225 seconds
[2023-12-28 23:59:14,188] {processor.py:163} INFO - Started process (PID=769) to work on /home/airflow/.local/lib/python3.6/site-packages/airflow/example_dags/example_nested_branch_dag.py
[2023-12-28 23:59:14,193] {processor.py:642} INFO - Processing file /home/airflow/.local/lib/python3.6/site-packages/airflow/example_dags/example_nested_branch_dag.py for tasks to queue
[2023-12-28 23:59:14,195] {logging_mixin.py:109} INFO - [2023-12-28 23:59:14,195] {dagbag.py:500} INFO - Filling up the DagBag from /home/airflow/.local/lib/python3.6/site-packages/airflow/example_dags/example_nested_branch_dag.py
[2023-12-28 23:59:14,335] {processor.py:654} INFO - DAG(s) dict_keys(['example_nested_branch_dag']) retrieved from /home/airflow/.local/lib/python3.6/site-packages/airflow/example_dags/example_nested_branch_dag.py
[2023-12-28 23:59:14,376] {logging_mixin.py:109} INFO - [2023-12-28 23:59:14,375] {dag.py:2396} INFO - Sync 1 DAGs
[2023-12-28 23:59:14,412] {logging_mixin.py:109} INFO - [2023-12-28 23:59:14,412] {dag.py:2935} INFO - Setting next_dagrun for example_nested_branch_dag to 2023-12-27 00:00:00+00:00
[2023-12-28 23:59:14,444] {processor.py:171} INFO - Processing /home/airflow/.local/lib/python3.6/site-packages/airflow/example_dags/example_nested_branch_dag.py took 0.270 seconds
[2023-12-28 23:59:45,061] {processor.py:163} INFO - Started process (PID=825) to work on /home/airflow/.local/lib/python3.6/site-packages/airflow/example_dags/example_nested_branch_dag.py
[2023-12-28 23:59:45,087] {processor.py:642} INFO - Processing file /home/airflow/.local/lib/python3.6/site-packages/airflow/example_dags/example_nested_branch_dag.py for tasks to queue
[2023-12-28 23:59:45,093] {logging_mixin.py:109} INFO - [2023-12-28 23:59:45,093] {dagbag.py:500} INFO - Filling up the DagBag from /home/airflow/.local/lib/python3.6/site-packages/airflow/example_dags/example_nested_branch_dag.py
[2023-12-28 23:59:45,369] {processor.py:654} INFO - DAG(s) dict_keys(['example_nested_branch_dag']) retrieved from /home/airflow/.local/lib/python3.6/site-packages/airflow/example_dags/example_nested_branch_dag.py
[2023-12-28 23:59:45,406] {logging_mixin.py:109} INFO - [2023-12-28 23:59:45,406] {dag.py:2396} INFO - Sync 1 DAGs
[2023-12-28 23:59:45,438] {logging_mixin.py:109} INFO - [2023-12-28 23:59:45,438] {dag.py:2935} INFO - Setting next_dagrun for example_nested_branch_dag to 2023-12-27 00:00:00+00:00
[2023-12-28 23:59:45,463] {processor.py:171} INFO - Processing /home/airflow/.local/lib/python3.6/site-packages/airflow/example_dags/example_nested_branch_dag.py took 0.424 seconds
