[2023-12-28 23:56:55,594] {processor.py:163} INFO - Started process (PID=520) to work on /home/airflow/.local/lib/python3.6/site-packages/airflow/example_dags/tutorial_etl_dag.py
[2023-12-28 23:56:55,611] {processor.py:642} INFO - Processing file /home/airflow/.local/lib/python3.6/site-packages/airflow/example_dags/tutorial_etl_dag.py for tasks to queue
[2023-12-28 23:56:55,613] {logging_mixin.py:109} INFO - [2023-12-28 23:56:55,613] {dagbag.py:500} INFO - Filling up the DagBag from /home/airflow/.local/lib/python3.6/site-packages/airflow/example_dags/tutorial_etl_dag.py
[2023-12-28 23:56:55,779] {processor.py:654} INFO - DAG(s) dict_keys(['tutorial_etl_dag']) retrieved from /home/airflow/.local/lib/python3.6/site-packages/airflow/example_dags/tutorial_etl_dag.py
[2023-12-28 23:57:03,426] {logging_mixin.py:109} INFO - [2023-12-28 23:57:03,426] {manager.py:496} INFO - Created Permission View: can edit on DAG:tutorial_etl_dag
[2023-12-28 23:57:03,443] {logging_mixin.py:109} INFO - [2023-12-28 23:57:03,443] {manager.py:496} INFO - Created Permission View: can read on DAG:tutorial_etl_dag
[2023-12-28 23:57:03,446] {logging_mixin.py:109} INFO - [2023-12-28 23:57:03,443] {dag.py:2396} INFO - Sync 1 DAGs
[2023-12-28 23:57:03,463] {logging_mixin.py:109} INFO - [2023-12-28 23:57:03,461] {dag.py:2415} INFO - Creating ORM DAG for tutorial_etl_dag
[2023-12-28 23:57:03,475] {logging_mixin.py:109} INFO - [2023-12-28 23:57:03,475] {dag.py:2935} INFO - Setting next_dagrun for tutorial_etl_dag to None
[2023-12-28 23:57:03,500] {processor.py:171} INFO - Processing /home/airflow/.local/lib/python3.6/site-packages/airflow/example_dags/tutorial_etl_dag.py took 7.916 seconds
[2023-12-28 23:57:39,350] {processor.py:163} INFO - Started process (PID=613) to work on /home/airflow/.local/lib/python3.6/site-packages/airflow/example_dags/tutorial_etl_dag.py
[2023-12-28 23:57:39,353] {processor.py:642} INFO - Processing file /home/airflow/.local/lib/python3.6/site-packages/airflow/example_dags/tutorial_etl_dag.py for tasks to queue
[2023-12-28 23:57:39,355] {logging_mixin.py:109} INFO - [2023-12-28 23:57:39,354] {dagbag.py:500} INFO - Filling up the DagBag from /home/airflow/.local/lib/python3.6/site-packages/airflow/example_dags/tutorial_etl_dag.py
[2023-12-28 23:57:39,421] {processor.py:654} INFO - DAG(s) dict_keys(['tutorial_etl_dag']) retrieved from /home/airflow/.local/lib/python3.6/site-packages/airflow/example_dags/tutorial_etl_dag.py
[2023-12-28 23:57:39,439] {logging_mixin.py:109} INFO - [2023-12-28 23:57:39,439] {dag.py:2396} INFO - Sync 1 DAGs
[2023-12-28 23:57:39,468] {logging_mixin.py:109} INFO - [2023-12-28 23:57:39,468] {dag.py:2935} INFO - Setting next_dagrun for tutorial_etl_dag to None
[2023-12-28 23:57:39,516] {processor.py:171} INFO - Processing /home/airflow/.local/lib/python3.6/site-packages/airflow/example_dags/tutorial_etl_dag.py took 0.172 seconds
[2023-12-28 23:58:13,485] {processor.py:163} INFO - Started process (PID=670) to work on /home/airflow/.local/lib/python3.6/site-packages/airflow/example_dags/tutorial_etl_dag.py
[2023-12-28 23:58:13,488] {processor.py:642} INFO - Processing file /home/airflow/.local/lib/python3.6/site-packages/airflow/example_dags/tutorial_etl_dag.py for tasks to queue
[2023-12-28 23:58:13,489] {logging_mixin.py:109} INFO - [2023-12-28 23:58:13,489] {dagbag.py:500} INFO - Filling up the DagBag from /home/airflow/.local/lib/python3.6/site-packages/airflow/example_dags/tutorial_etl_dag.py
[2023-12-28 23:58:13,579] {processor.py:654} INFO - DAG(s) dict_keys(['tutorial_etl_dag']) retrieved from /home/airflow/.local/lib/python3.6/site-packages/airflow/example_dags/tutorial_etl_dag.py
[2023-12-28 23:58:13,619] {logging_mixin.py:109} INFO - [2023-12-28 23:58:13,619] {dag.py:2396} INFO - Sync 1 DAGs
[2023-12-28 23:58:13,661] {logging_mixin.py:109} INFO - [2023-12-28 23:58:13,661] {dag.py:2935} INFO - Setting next_dagrun for tutorial_etl_dag to None
[2023-12-28 23:58:13,691] {processor.py:171} INFO - Processing /home/airflow/.local/lib/python3.6/site-packages/airflow/example_dags/tutorial_etl_dag.py took 0.213 seconds
[2023-12-28 23:58:44,824] {processor.py:163} INFO - Started process (PID=717) to work on /home/airflow/.local/lib/python3.6/site-packages/airflow/example_dags/tutorial_etl_dag.py
[2023-12-28 23:58:44,827] {processor.py:642} INFO - Processing file /home/airflow/.local/lib/python3.6/site-packages/airflow/example_dags/tutorial_etl_dag.py for tasks to queue
[2023-12-28 23:58:44,829] {logging_mixin.py:109} INFO - [2023-12-28 23:58:44,828] {dagbag.py:500} INFO - Filling up the DagBag from /home/airflow/.local/lib/python3.6/site-packages/airflow/example_dags/tutorial_etl_dag.py
[2023-12-28 23:58:44,957] {processor.py:654} INFO - DAG(s) dict_keys(['tutorial_etl_dag']) retrieved from /home/airflow/.local/lib/python3.6/site-packages/airflow/example_dags/tutorial_etl_dag.py
[2023-12-28 23:58:44,985] {logging_mixin.py:109} INFO - [2023-12-28 23:58:44,985] {dag.py:2396} INFO - Sync 1 DAGs
[2023-12-28 23:58:45,050] {logging_mixin.py:109} INFO - [2023-12-28 23:58:45,050] {dag.py:2935} INFO - Setting next_dagrun for tutorial_etl_dag to None
[2023-12-28 23:58:45,099] {processor.py:171} INFO - Processing /home/airflow/.local/lib/python3.6/site-packages/airflow/example_dags/tutorial_etl_dag.py took 0.287 seconds
[2023-12-28 23:59:16,501] {processor.py:163} INFO - Started process (PID=774) to work on /home/airflow/.local/lib/python3.6/site-packages/airflow/example_dags/tutorial_etl_dag.py
[2023-12-28 23:59:16,507] {processor.py:642} INFO - Processing file /home/airflow/.local/lib/python3.6/site-packages/airflow/example_dags/tutorial_etl_dag.py for tasks to queue
[2023-12-28 23:59:16,511] {logging_mixin.py:109} INFO - [2023-12-28 23:59:16,510] {dagbag.py:500} INFO - Filling up the DagBag from /home/airflow/.local/lib/python3.6/site-packages/airflow/example_dags/tutorial_etl_dag.py
[2023-12-28 23:59:16,610] {processor.py:654} INFO - DAG(s) dict_keys(['tutorial_etl_dag']) retrieved from /home/airflow/.local/lib/python3.6/site-packages/airflow/example_dags/tutorial_etl_dag.py
[2023-12-28 23:59:16,643] {logging_mixin.py:109} INFO - [2023-12-28 23:59:16,643] {dag.py:2396} INFO - Sync 1 DAGs
[2023-12-28 23:59:16,686] {logging_mixin.py:109} INFO - [2023-12-28 23:59:16,686] {dag.py:2935} INFO - Setting next_dagrun for tutorial_etl_dag to None
[2023-12-28 23:59:16,731] {processor.py:171} INFO - Processing /home/airflow/.local/lib/python3.6/site-packages/airflow/example_dags/tutorial_etl_dag.py took 0.239 seconds
[2023-12-28 23:59:48,283] {processor.py:163} INFO - Started process (PID=830) to work on /home/airflow/.local/lib/python3.6/site-packages/airflow/example_dags/tutorial_etl_dag.py
[2023-12-28 23:59:48,292] {processor.py:642} INFO - Processing file /home/airflow/.local/lib/python3.6/site-packages/airflow/example_dags/tutorial_etl_dag.py for tasks to queue
[2023-12-28 23:59:48,294] {logging_mixin.py:109} INFO - [2023-12-28 23:59:48,294] {dagbag.py:500} INFO - Filling up the DagBag from /home/airflow/.local/lib/python3.6/site-packages/airflow/example_dags/tutorial_etl_dag.py
[2023-12-28 23:59:48,490] {processor.py:654} INFO - DAG(s) dict_keys(['tutorial_etl_dag']) retrieved from /home/airflow/.local/lib/python3.6/site-packages/airflow/example_dags/tutorial_etl_dag.py
[2023-12-28 23:59:48,546] {logging_mixin.py:109} INFO - [2023-12-28 23:59:48,545] {dag.py:2396} INFO - Sync 1 DAGs
[2023-12-28 23:59:48,596] {logging_mixin.py:109} INFO - [2023-12-28 23:59:48,595] {dag.py:2935} INFO - Setting next_dagrun for tutorial_etl_dag to None
[2023-12-28 23:59:48,642] {processor.py:171} INFO - Processing /home/airflow/.local/lib/python3.6/site-packages/airflow/example_dags/tutorial_etl_dag.py took 0.397 seconds
