[2023-12-28 23:56:26,813] {processor.py:163} INFO - Started process (PID=489) to work on /home/airflow/.local/lib/python3.6/site-packages/airflow/example_dags/tutorial.py
[2023-12-28 23:56:26,818] {processor.py:642} INFO - Processing file /home/airflow/.local/lib/python3.6/site-packages/airflow/example_dags/tutorial.py for tasks to queue
[2023-12-28 23:56:26,821] {logging_mixin.py:109} INFO - [2023-12-28 23:56:26,821] {dagbag.py:500} INFO - Filling up the DagBag from /home/airflow/.local/lib/python3.6/site-packages/airflow/example_dags/tutorial.py
[2023-12-28 23:56:27,002] {processor.py:654} INFO - DAG(s) dict_keys(['tutorial']) retrieved from /home/airflow/.local/lib/python3.6/site-packages/airflow/example_dags/tutorial.py
[2023-12-28 23:56:39,467] {logging_mixin.py:109} INFO - [2023-12-28 23:56:39,467] {manager.py:496} INFO - Created Permission View: can edit on DAG:tutorial
[2023-12-28 23:56:39,497] {logging_mixin.py:109} INFO - [2023-12-28 23:56:39,497] {manager.py:496} INFO - Created Permission View: can read on DAG:tutorial
[2023-12-28 23:56:39,501] {logging_mixin.py:109} INFO - [2023-12-28 23:56:39,498] {dag.py:2396} INFO - Sync 1 DAGs
[2023-12-28 23:56:39,535] {logging_mixin.py:109} INFO - [2023-12-28 23:56:39,532] {dag.py:2415} INFO - Creating ORM DAG for tutorial
[2023-12-28 23:56:39,562] {logging_mixin.py:109} INFO - [2023-12-28 23:56:39,561] {dag.py:2935} INFO - Setting next_dagrun for tutorial to 2023-12-27T23:56:39.561447+00:00
[2023-12-28 23:56:39,622] {processor.py:171} INFO - Processing /home/airflow/.local/lib/python3.6/site-packages/airflow/example_dags/tutorial.py took 12.838 seconds
[2023-12-28 23:57:38,124] {processor.py:163} INFO - Started process (PID=609) to work on /home/airflow/.local/lib/python3.6/site-packages/airflow/example_dags/tutorial.py
[2023-12-28 23:57:38,133] {processor.py:642} INFO - Processing file /home/airflow/.local/lib/python3.6/site-packages/airflow/example_dags/tutorial.py for tasks to queue
[2023-12-28 23:57:38,142] {logging_mixin.py:109} INFO - [2023-12-28 23:57:38,142] {dagbag.py:500} INFO - Filling up the DagBag from /home/airflow/.local/lib/python3.6/site-packages/airflow/example_dags/tutorial.py
[2023-12-28 23:57:38,240] {processor.py:654} INFO - DAG(s) dict_keys(['tutorial']) retrieved from /home/airflow/.local/lib/python3.6/site-packages/airflow/example_dags/tutorial.py
[2023-12-28 23:57:38,267] {logging_mixin.py:109} INFO - [2023-12-28 23:57:38,267] {dag.py:2396} INFO - Sync 1 DAGs
[2023-12-28 23:57:38,298] {logging_mixin.py:109} INFO - [2023-12-28 23:57:38,298] {dag.py:2935} INFO - Setting next_dagrun for tutorial to 2023-12-27T23:57:38.297546+00:00
[2023-12-28 23:57:38,327] {processor.py:171} INFO - Processing /home/airflow/.local/lib/python3.6/site-packages/airflow/example_dags/tutorial.py took 0.210 seconds
[2023-12-28 23:58:11,636] {processor.py:163} INFO - Started process (PID=666) to work on /home/airflow/.local/lib/python3.6/site-packages/airflow/example_dags/tutorial.py
[2023-12-28 23:58:11,641] {processor.py:642} INFO - Processing file /home/airflow/.local/lib/python3.6/site-packages/airflow/example_dags/tutorial.py for tasks to queue
[2023-12-28 23:58:11,654] {logging_mixin.py:109} INFO - [2023-12-28 23:58:11,654] {dagbag.py:500} INFO - Filling up the DagBag from /home/airflow/.local/lib/python3.6/site-packages/airflow/example_dags/tutorial.py
[2023-12-28 23:58:11,876] {processor.py:654} INFO - DAG(s) dict_keys(['tutorial']) retrieved from /home/airflow/.local/lib/python3.6/site-packages/airflow/example_dags/tutorial.py
[2023-12-28 23:58:11,934] {logging_mixin.py:109} INFO - [2023-12-28 23:58:11,933] {dag.py:2396} INFO - Sync 1 DAGs
[2023-12-28 23:58:12,098] {logging_mixin.py:109} INFO - [2023-12-28 23:58:12,094] {dag.py:2935} INFO - Setting next_dagrun for tutorial to 2023-12-27T23:58:12.084454+00:00
[2023-12-28 23:58:12,206] {processor.py:171} INFO - Processing /home/airflow/.local/lib/python3.6/site-packages/airflow/example_dags/tutorial.py took 0.581 seconds
[2023-12-28 23:58:42,785] {processor.py:163} INFO - Started process (PID=713) to work on /home/airflow/.local/lib/python3.6/site-packages/airflow/example_dags/tutorial.py
[2023-12-28 23:58:42,788] {processor.py:642} INFO - Processing file /home/airflow/.local/lib/python3.6/site-packages/airflow/example_dags/tutorial.py for tasks to queue
[2023-12-28 23:58:42,790] {logging_mixin.py:109} INFO - [2023-12-28 23:58:42,790] {dagbag.py:500} INFO - Filling up the DagBag from /home/airflow/.local/lib/python3.6/site-packages/airflow/example_dags/tutorial.py
[2023-12-28 23:58:42,872] {processor.py:654} INFO - DAG(s) dict_keys(['tutorial']) retrieved from /home/airflow/.local/lib/python3.6/site-packages/airflow/example_dags/tutorial.py
[2023-12-28 23:58:42,903] {logging_mixin.py:109} INFO - [2023-12-28 23:58:42,902] {dag.py:2396} INFO - Sync 1 DAGs
[2023-12-28 23:58:42,942] {logging_mixin.py:109} INFO - [2023-12-28 23:58:42,942] {dag.py:2935} INFO - Setting next_dagrun for tutorial to 2023-12-27T23:58:42.941497+00:00
[2023-12-28 23:58:42,983] {processor.py:171} INFO - Processing /home/airflow/.local/lib/python3.6/site-packages/airflow/example_dags/tutorial.py took 0.207 seconds
[2023-12-28 23:59:14,325] {processor.py:163} INFO - Started process (PID=770) to work on /home/airflow/.local/lib/python3.6/site-packages/airflow/example_dags/tutorial.py
[2023-12-28 23:59:14,331] {processor.py:642} INFO - Processing file /home/airflow/.local/lib/python3.6/site-packages/airflow/example_dags/tutorial.py for tasks to queue
[2023-12-28 23:59:14,334] {logging_mixin.py:109} INFO - [2023-12-28 23:59:14,333] {dagbag.py:500} INFO - Filling up the DagBag from /home/airflow/.local/lib/python3.6/site-packages/airflow/example_dags/tutorial.py
[2023-12-28 23:59:14,420] {processor.py:654} INFO - DAG(s) dict_keys(['tutorial']) retrieved from /home/airflow/.local/lib/python3.6/site-packages/airflow/example_dags/tutorial.py
[2023-12-28 23:59:14,452] {logging_mixin.py:109} INFO - [2023-12-28 23:59:14,451] {dag.py:2396} INFO - Sync 1 DAGs
[2023-12-28 23:59:14,481] {logging_mixin.py:109} INFO - [2023-12-28 23:59:14,481] {dag.py:2935} INFO - Setting next_dagrun for tutorial to 2023-12-27T23:59:14.481144+00:00
[2023-12-28 23:59:14,518] {processor.py:171} INFO - Processing /home/airflow/.local/lib/python3.6/site-packages/airflow/example_dags/tutorial.py took 0.205 seconds
[2023-12-28 23:59:45,317] {processor.py:163} INFO - Started process (PID=826) to work on /home/airflow/.local/lib/python3.6/site-packages/airflow/example_dags/tutorial.py
[2023-12-28 23:59:45,328] {processor.py:642} INFO - Processing file /home/airflow/.local/lib/python3.6/site-packages/airflow/example_dags/tutorial.py for tasks to queue
[2023-12-28 23:59:45,335] {logging_mixin.py:109} INFO - [2023-12-28 23:59:45,335] {dagbag.py:500} INFO - Filling up the DagBag from /home/airflow/.local/lib/python3.6/site-packages/airflow/example_dags/tutorial.py
[2023-12-28 23:59:45,440] {processor.py:654} INFO - DAG(s) dict_keys(['tutorial']) retrieved from /home/airflow/.local/lib/python3.6/site-packages/airflow/example_dags/tutorial.py
[2023-12-28 23:59:45,480] {logging_mixin.py:109} INFO - [2023-12-28 23:59:45,480] {dag.py:2396} INFO - Sync 1 DAGs
[2023-12-28 23:59:45,516] {logging_mixin.py:109} INFO - [2023-12-28 23:59:45,516] {dag.py:2935} INFO - Setting next_dagrun for tutorial to 2023-12-27T23:59:45.515838+00:00
[2023-12-28 23:59:45,535] {processor.py:171} INFO - Processing /home/airflow/.local/lib/python3.6/site-packages/airflow/example_dags/tutorial.py took 0.240 seconds
