[2023-12-28 23:56:41,361] {processor.py:163} INFO - Started process (PID=500) to work on /home/airflow/.local/lib/python3.6/site-packages/airflow/example_dags/tutorial_taskflow_api_etl.py
[2023-12-28 23:56:41,378] {processor.py:642} INFO - Processing file /home/airflow/.local/lib/python3.6/site-packages/airflow/example_dags/tutorial_taskflow_api_etl.py for tasks to queue
[2023-12-28 23:56:41,447] {logging_mixin.py:109} INFO - [2023-12-28 23:56:41,441] {dagbag.py:500} INFO - Filling up the DagBag from /home/airflow/.local/lib/python3.6/site-packages/airflow/example_dags/tutorial_taskflow_api_etl.py
[2023-12-28 23:56:42,641] {processor.py:654} INFO - DAG(s) dict_keys(['tutorial_taskflow_api_etl']) retrieved from /home/airflow/.local/lib/python3.6/site-packages/airflow/example_dags/tutorial_taskflow_api_etl.py
[2023-12-28 23:56:53,862] {logging_mixin.py:109} INFO - [2023-12-28 23:56:53,862] {manager.py:496} INFO - Created Permission View: can edit on DAG:tutorial_taskflow_api_etl
[2023-12-28 23:56:53,891] {logging_mixin.py:109} INFO - [2023-12-28 23:56:53,891] {manager.py:496} INFO - Created Permission View: can read on DAG:tutorial_taskflow_api_etl
[2023-12-28 23:56:53,895] {logging_mixin.py:109} INFO - [2023-12-28 23:56:53,892] {dag.py:2396} INFO - Sync 1 DAGs
[2023-12-28 23:56:53,954] {logging_mixin.py:109} INFO - [2023-12-28 23:56:53,949] {dag.py:2415} INFO - Creating ORM DAG for tutorial_taskflow_api_etl
[2023-12-28 23:56:54,045] {logging_mixin.py:109} INFO - [2023-12-28 23:56:54,044] {dag.py:2935} INFO - Setting next_dagrun for tutorial_taskflow_api_etl to None
[2023-12-28 23:56:55,013] {processor.py:171} INFO - Processing /home/airflow/.local/lib/python3.6/site-packages/airflow/example_dags/tutorial_taskflow_api_etl.py took 13.917 seconds
[2023-12-28 23:57:38,377] {processor.py:163} INFO - Started process (PID=611) to work on /home/airflow/.local/lib/python3.6/site-packages/airflow/example_dags/tutorial_taskflow_api_etl.py
[2023-12-28 23:57:38,380] {processor.py:642} INFO - Processing file /home/airflow/.local/lib/python3.6/site-packages/airflow/example_dags/tutorial_taskflow_api_etl.py for tasks to queue
[2023-12-28 23:57:38,387] {logging_mixin.py:109} INFO - [2023-12-28 23:57:38,386] {dagbag.py:500} INFO - Filling up the DagBag from /home/airflow/.local/lib/python3.6/site-packages/airflow/example_dags/tutorial_taskflow_api_etl.py
[2023-12-28 23:57:38,565] {processor.py:654} INFO - DAG(s) dict_keys(['tutorial_taskflow_api_etl']) retrieved from /home/airflow/.local/lib/python3.6/site-packages/airflow/example_dags/tutorial_taskflow_api_etl.py
[2023-12-28 23:57:39,185] {logging_mixin.py:109} INFO - [2023-12-28 23:57:39,185] {dag.py:2396} INFO - Sync 1 DAGs
[2023-12-28 23:57:39,214] {logging_mixin.py:109} INFO - [2023-12-28 23:57:39,214] {dag.py:2935} INFO - Setting next_dagrun for tutorial_taskflow_api_etl to None
[2023-12-28 23:57:39,275] {processor.py:171} INFO - Processing /home/airflow/.local/lib/python3.6/site-packages/airflow/example_dags/tutorial_taskflow_api_etl.py took 0.905 seconds
[2023-12-28 23:58:12,354] {processor.py:163} INFO - Started process (PID=668) to work on /home/airflow/.local/lib/python3.6/site-packages/airflow/example_dags/tutorial_taskflow_api_etl.py
[2023-12-28 23:58:12,358] {processor.py:642} INFO - Processing file /home/airflow/.local/lib/python3.6/site-packages/airflow/example_dags/tutorial_taskflow_api_etl.py for tasks to queue
[2023-12-28 23:58:12,360] {logging_mixin.py:109} INFO - [2023-12-28 23:58:12,360] {dagbag.py:500} INFO - Filling up the DagBag from /home/airflow/.local/lib/python3.6/site-packages/airflow/example_dags/tutorial_taskflow_api_etl.py
[2023-12-28 23:58:12,477] {processor.py:654} INFO - DAG(s) dict_keys(['tutorial_taskflow_api_etl']) retrieved from /home/airflow/.local/lib/python3.6/site-packages/airflow/example_dags/tutorial_taskflow_api_etl.py
[2023-12-28 23:58:13,334] {logging_mixin.py:109} INFO - [2023-12-28 23:58:13,332] {dag.py:2396} INFO - Sync 1 DAGs
[2023-12-28 23:58:13,369] {logging_mixin.py:109} INFO - [2023-12-28 23:58:13,369] {dag.py:2935} INFO - Setting next_dagrun for tutorial_taskflow_api_etl to None
[2023-12-28 23:58:13,396] {processor.py:171} INFO - Processing /home/airflow/.local/lib/python3.6/site-packages/airflow/example_dags/tutorial_taskflow_api_etl.py took 1.051 seconds
[2023-12-28 23:58:43,951] {processor.py:163} INFO - Started process (PID=715) to work on /home/airflow/.local/lib/python3.6/site-packages/airflow/example_dags/tutorial_taskflow_api_etl.py
[2023-12-28 23:58:43,957] {processor.py:642} INFO - Processing file /home/airflow/.local/lib/python3.6/site-packages/airflow/example_dags/tutorial_taskflow_api_etl.py for tasks to queue
[2023-12-28 23:58:43,960] {logging_mixin.py:109} INFO - [2023-12-28 23:58:43,959] {dagbag.py:500} INFO - Filling up the DagBag from /home/airflow/.local/lib/python3.6/site-packages/airflow/example_dags/tutorial_taskflow_api_etl.py
[2023-12-28 23:58:44,054] {processor.py:654} INFO - DAG(s) dict_keys(['tutorial_taskflow_api_etl']) retrieved from /home/airflow/.local/lib/python3.6/site-packages/airflow/example_dags/tutorial_taskflow_api_etl.py
[2023-12-28 23:58:44,612] {logging_mixin.py:109} INFO - [2023-12-28 23:58:44,612] {dag.py:2396} INFO - Sync 1 DAGs
[2023-12-28 23:58:44,650] {logging_mixin.py:109} INFO - [2023-12-28 23:58:44,650] {dag.py:2935} INFO - Setting next_dagrun for tutorial_taskflow_api_etl to None
[2023-12-28 23:58:44,677] {processor.py:171} INFO - Processing /home/airflow/.local/lib/python3.6/site-packages/airflow/example_dags/tutorial_taskflow_api_etl.py took 0.737 seconds
[2023-12-28 23:59:15,535] {processor.py:163} INFO - Started process (PID=772) to work on /home/airflow/.local/lib/python3.6/site-packages/airflow/example_dags/tutorial_taskflow_api_etl.py
[2023-12-28 23:59:15,549] {processor.py:642} INFO - Processing file /home/airflow/.local/lib/python3.6/site-packages/airflow/example_dags/tutorial_taskflow_api_etl.py for tasks to queue
[2023-12-28 23:59:15,551] {logging_mixin.py:109} INFO - [2023-12-28 23:59:15,551] {dagbag.py:500} INFO - Filling up the DagBag from /home/airflow/.local/lib/python3.6/site-packages/airflow/example_dags/tutorial_taskflow_api_etl.py
[2023-12-28 23:59:15,683] {processor.py:654} INFO - DAG(s) dict_keys(['tutorial_taskflow_api_etl']) retrieved from /home/airflow/.local/lib/python3.6/site-packages/airflow/example_dags/tutorial_taskflow_api_etl.py
[2023-12-28 23:59:16,319] {logging_mixin.py:109} INFO - [2023-12-28 23:59:16,318] {dag.py:2396} INFO - Sync 1 DAGs
[2023-12-28 23:59:16,346] {logging_mixin.py:109} INFO - [2023-12-28 23:59:16,346] {dag.py:2935} INFO - Setting next_dagrun for tutorial_taskflow_api_etl to None
[2023-12-28 23:59:16,397] {processor.py:171} INFO - Processing /home/airflow/.local/lib/python3.6/site-packages/airflow/example_dags/tutorial_taskflow_api_etl.py took 0.871 seconds
[2023-12-28 23:59:46,637] {processor.py:163} INFO - Started process (PID=828) to work on /home/airflow/.local/lib/python3.6/site-packages/airflow/example_dags/tutorial_taskflow_api_etl.py
[2023-12-28 23:59:46,642] {processor.py:642} INFO - Processing file /home/airflow/.local/lib/python3.6/site-packages/airflow/example_dags/tutorial_taskflow_api_etl.py for tasks to queue
[2023-12-28 23:59:46,678] {logging_mixin.py:109} INFO - [2023-12-28 23:59:46,665] {dagbag.py:500} INFO - Filling up the DagBag from /home/airflow/.local/lib/python3.6/site-packages/airflow/example_dags/tutorial_taskflow_api_etl.py
[2023-12-28 23:59:46,850] {processor.py:654} INFO - DAG(s) dict_keys(['tutorial_taskflow_api_etl']) retrieved from /home/airflow/.local/lib/python3.6/site-packages/airflow/example_dags/tutorial_taskflow_api_etl.py
[2023-12-28 23:59:48,127] {logging_mixin.py:109} INFO - [2023-12-28 23:59:48,127] {dag.py:2396} INFO - Sync 1 DAGs
[2023-12-28 23:59:48,158] {logging_mixin.py:109} INFO - [2023-12-28 23:59:48,158] {dag.py:2935} INFO - Setting next_dagrun for tutorial_taskflow_api_etl to None
[2023-12-28 23:59:48,182] {processor.py:171} INFO - Processing /home/airflow/.local/lib/python3.6/site-packages/airflow/example_dags/tutorial_taskflow_api_etl.py took 1.567 seconds
