[2023-12-28 23:57:03,569] {processor.py:163} INFO - Started process (PID=529) to work on /home/airflow/.local/lib/python3.6/site-packages/airflow/example_dags/tutorial_taskflow_api_etl_virtualenv.py
[2023-12-28 23:57:03,572] {processor.py:642} INFO - Processing file /home/airflow/.local/lib/python3.6/site-packages/airflow/example_dags/tutorial_taskflow_api_etl_virtualenv.py for tasks to queue
[2023-12-28 23:57:03,574] {logging_mixin.py:109} INFO - [2023-12-28 23:57:03,574] {dagbag.py:500} INFO - Filling up the DagBag from /home/airflow/.local/lib/python3.6/site-packages/airflow/example_dags/tutorial_taskflow_api_etl_virtualenv.py
[2023-12-28 23:57:03,830] {processor.py:654} INFO - DAG(s) dict_keys(['tutorial_taskflow_api_etl_virtualenv']) retrieved from /home/airflow/.local/lib/python3.6/site-packages/airflow/example_dags/tutorial_taskflow_api_etl_virtualenv.py
[2023-12-28 23:57:12,106] {logging_mixin.py:109} INFO - [2023-12-28 23:57:12,105] {manager.py:496} INFO - Created Permission View: can edit on DAG:tutorial_taskflow_api_etl_virtualenv
[2023-12-28 23:57:12,215] {logging_mixin.py:109} INFO - [2023-12-28 23:57:12,215] {manager.py:496} INFO - Created Permission View: can read on DAG:tutorial_taskflow_api_etl_virtualenv
[2023-12-28 23:57:12,227] {logging_mixin.py:109} INFO - [2023-12-28 23:57:12,224] {dag.py:2396} INFO - Sync 1 DAGs
[2023-12-28 23:57:12,305] {logging_mixin.py:109} INFO - [2023-12-28 23:57:12,303] {dag.py:2415} INFO - Creating ORM DAG for tutorial_taskflow_api_etl_virtualenv
[2023-12-28 23:57:12,335] {logging_mixin.py:109} INFO - [2023-12-28 23:57:12,334] {dag.py:2935} INFO - Setting next_dagrun for tutorial_taskflow_api_etl_virtualenv to None
[2023-12-28 23:57:12,384] {processor.py:171} INFO - Processing /home/airflow/.local/lib/python3.6/site-packages/airflow/example_dags/tutorial_taskflow_api_etl_virtualenv.py took 8.823 seconds
[2023-12-28 23:57:42,638] {processor.py:163} INFO - Started process (PID=614) to work on /home/airflow/.local/lib/python3.6/site-packages/airflow/example_dags/tutorial_taskflow_api_etl_virtualenv.py
[2023-12-28 23:57:42,641] {processor.py:642} INFO - Processing file /home/airflow/.local/lib/python3.6/site-packages/airflow/example_dags/tutorial_taskflow_api_etl_virtualenv.py for tasks to queue
[2023-12-28 23:57:42,642] {logging_mixin.py:109} INFO - [2023-12-28 23:57:42,642] {dagbag.py:500} INFO - Filling up the DagBag from /home/airflow/.local/lib/python3.6/site-packages/airflow/example_dags/tutorial_taskflow_api_etl_virtualenv.py
[2023-12-28 23:57:42,741] {processor.py:654} INFO - DAG(s) dict_keys(['tutorial_taskflow_api_etl_virtualenv']) retrieved from /home/airflow/.local/lib/python3.6/site-packages/airflow/example_dags/tutorial_taskflow_api_etl_virtualenv.py
[2023-12-28 23:57:43,296] {logging_mixin.py:109} INFO - [2023-12-28 23:57:43,296] {dag.py:2396} INFO - Sync 1 DAGs
[2023-12-28 23:57:43,331] {logging_mixin.py:109} INFO - [2023-12-28 23:57:43,330] {dag.py:2935} INFO - Setting next_dagrun for tutorial_taskflow_api_etl_virtualenv to None
[2023-12-28 23:57:43,353] {processor.py:171} INFO - Processing /home/airflow/.local/lib/python3.6/site-packages/airflow/example_dags/tutorial_taskflow_api_etl_virtualenv.py took 0.722 seconds
[2023-12-28 23:58:13,805] {processor.py:163} INFO - Started process (PID=671) to work on /home/airflow/.local/lib/python3.6/site-packages/airflow/example_dags/tutorial_taskflow_api_etl_virtualenv.py
[2023-12-28 23:58:13,808] {processor.py:642} INFO - Processing file /home/airflow/.local/lib/python3.6/site-packages/airflow/example_dags/tutorial_taskflow_api_etl_virtualenv.py for tasks to queue
[2023-12-28 23:58:13,815] {logging_mixin.py:109} INFO - [2023-12-28 23:58:13,815] {dagbag.py:500} INFO - Filling up the DagBag from /home/airflow/.local/lib/python3.6/site-packages/airflow/example_dags/tutorial_taskflow_api_etl_virtualenv.py
[2023-12-28 23:58:13,916] {processor.py:654} INFO - DAG(s) dict_keys(['tutorial_taskflow_api_etl_virtualenv']) retrieved from /home/airflow/.local/lib/python3.6/site-packages/airflow/example_dags/tutorial_taskflow_api_etl_virtualenv.py
[2023-12-28 23:58:14,570] {logging_mixin.py:109} INFO - [2023-12-28 23:58:14,568] {dag.py:2396} INFO - Sync 1 DAGs
[2023-12-28 23:58:14,610] {logging_mixin.py:109} INFO - [2023-12-28 23:58:14,610] {dag.py:2935} INFO - Setting next_dagrun for tutorial_taskflow_api_etl_virtualenv to None
[2023-12-28 23:58:14,656] {processor.py:171} INFO - Processing /home/airflow/.local/lib/python3.6/site-packages/airflow/example_dags/tutorial_taskflow_api_etl_virtualenv.py took 0.861 seconds
[2023-12-28 23:58:45,038] {processor.py:163} INFO - Started process (PID=725) to work on /home/airflow/.local/lib/python3.6/site-packages/airflow/example_dags/tutorial_taskflow_api_etl_virtualenv.py
[2023-12-28 23:58:45,045] {processor.py:642} INFO - Processing file /home/airflow/.local/lib/python3.6/site-packages/airflow/example_dags/tutorial_taskflow_api_etl_virtualenv.py for tasks to queue
[2023-12-28 23:58:45,047] {logging_mixin.py:109} INFO - [2023-12-28 23:58:45,047] {dagbag.py:500} INFO - Filling up the DagBag from /home/airflow/.local/lib/python3.6/site-packages/airflow/example_dags/tutorial_taskflow_api_etl_virtualenv.py
[2023-12-28 23:58:45,193] {processor.py:654} INFO - DAG(s) dict_keys(['tutorial_taskflow_api_etl_virtualenv']) retrieved from /home/airflow/.local/lib/python3.6/site-packages/airflow/example_dags/tutorial_taskflow_api_etl_virtualenv.py
[2023-12-28 23:58:45,787] {logging_mixin.py:109} INFO - [2023-12-28 23:58:45,786] {dag.py:2396} INFO - Sync 1 DAGs
[2023-12-28 23:58:45,815] {logging_mixin.py:109} INFO - [2023-12-28 23:58:45,815] {dag.py:2935} INFO - Setting next_dagrun for tutorial_taskflow_api_etl_virtualenv to None
[2023-12-28 23:58:45,840] {processor.py:171} INFO - Processing /home/airflow/.local/lib/python3.6/site-packages/airflow/example_dags/tutorial_taskflow_api_etl_virtualenv.py took 0.824 seconds
[2023-12-28 23:59:16,813] {processor.py:163} INFO - Started process (PID=775) to work on /home/airflow/.local/lib/python3.6/site-packages/airflow/example_dags/tutorial_taskflow_api_etl_virtualenv.py
[2023-12-28 23:59:16,823] {processor.py:642} INFO - Processing file /home/airflow/.local/lib/python3.6/site-packages/airflow/example_dags/tutorial_taskflow_api_etl_virtualenv.py for tasks to queue
[2023-12-28 23:59:16,826] {logging_mixin.py:109} INFO - [2023-12-28 23:59:16,825] {dagbag.py:500} INFO - Filling up the DagBag from /home/airflow/.local/lib/python3.6/site-packages/airflow/example_dags/tutorial_taskflow_api_etl_virtualenv.py
[2023-12-28 23:59:16,977] {processor.py:654} INFO - DAG(s) dict_keys(['tutorial_taskflow_api_etl_virtualenv']) retrieved from /home/airflow/.local/lib/python3.6/site-packages/airflow/example_dags/tutorial_taskflow_api_etl_virtualenv.py
[2023-12-28 23:59:17,873] {logging_mixin.py:109} INFO - [2023-12-28 23:59:17,873] {dag.py:2396} INFO - Sync 1 DAGs
[2023-12-28 23:59:17,892] {logging_mixin.py:109} INFO - [2023-12-28 23:59:17,892] {dag.py:2935} INFO - Setting next_dagrun for tutorial_taskflow_api_etl_virtualenv to None
[2023-12-28 23:59:17,917] {processor.py:171} INFO - Processing /home/airflow/.local/lib/python3.6/site-packages/airflow/example_dags/tutorial_taskflow_api_etl_virtualenv.py took 1.123 seconds
[2023-12-28 23:59:48,392] {processor.py:163} INFO - Started process (PID=831) to work on /home/airflow/.local/lib/python3.6/site-packages/airflow/example_dags/tutorial_taskflow_api_etl_virtualenv.py
[2023-12-28 23:59:48,398] {processor.py:642} INFO - Processing file /home/airflow/.local/lib/python3.6/site-packages/airflow/example_dags/tutorial_taskflow_api_etl_virtualenv.py for tasks to queue
[2023-12-28 23:59:48,407] {logging_mixin.py:109} INFO - [2023-12-28 23:59:48,407] {dagbag.py:500} INFO - Filling up the DagBag from /home/airflow/.local/lib/python3.6/site-packages/airflow/example_dags/tutorial_taskflow_api_etl_virtualenv.py
[2023-12-28 23:59:48,518] {processor.py:654} INFO - DAG(s) dict_keys(['tutorial_taskflow_api_etl_virtualenv']) retrieved from /home/airflow/.local/lib/python3.6/site-packages/airflow/example_dags/tutorial_taskflow_api_etl_virtualenv.py
[2023-12-28 23:59:49,150] {logging_mixin.py:109} INFO - [2023-12-28 23:59:49,150] {dag.py:2396} INFO - Sync 1 DAGs
[2023-12-28 23:59:49,190] {logging_mixin.py:109} INFO - [2023-12-28 23:59:49,189] {dag.py:2935} INFO - Setting next_dagrun for tutorial_taskflow_api_etl_virtualenv to None
[2023-12-28 23:59:49,223] {processor.py:171} INFO - Processing /home/airflow/.local/lib/python3.6/site-packages/airflow/example_dags/tutorial_taskflow_api_etl_virtualenv.py took 0.838 seconds
