[2023-12-10 19:43:17,139] {taskinstance.py:1179} INFO - Dependencies all met for <TaskInstance: mi_primer_dag_v3.primera_tarea scheduled__2023-06-12T00:00:00+00:00 [queued]>
[2023-12-10 19:43:17,394] {taskinstance.py:1179} INFO - Dependencies all met for <TaskInstance: mi_primer_dag_v3.primera_tarea scheduled__2023-06-12T00:00:00+00:00 [queued]>
[2023-12-10 19:43:17,403] {taskinstance.py:1376} INFO - 
--------------------------------------------------------------------------------
[2023-12-10 19:43:17,406] {taskinstance.py:1377} INFO - Starting attempt 1 of 6
[2023-12-10 19:43:17,420] {taskinstance.py:1378} INFO - 
--------------------------------------------------------------------------------
[2023-12-10 19:43:17,798] {taskinstance.py:1397} INFO - Executing <Task(BashOperator): primera_tarea> on 2023-06-12 00:00:00+00:00
[2023-12-10 19:43:17,875] {standard_task_runner.py:52} INFO - Started process 3333 to run task
[2023-12-10 19:43:17,975] {standard_task_runner.py:79} INFO - Running: ['***', 'tasks', 'run', 'mi_primer_dag_v3', 'primera_tarea', 'scheduled__2023-06-12T00:00:00+00:00', '--job-id', '937', '--raw', '--subdir', 'DAGS_FOLDER/primer_dag_v3.py', '--cfg-path', '/tmp/tmp7t7p3_3w', '--error-file', '/tmp/tmp29qzruq8']
[2023-12-10 19:43:18,076] {standard_task_runner.py:80} INFO - Job 937: Subtask primera_tarea
[2023-12-10 19:43:19,693] {task_command.py:371} INFO - Running <TaskInstance: mi_primer_dag_v3.primera_tarea scheduled__2023-06-12T00:00:00+00:00 [running]> on host 42828894a739
[2023-12-10 19:43:20,856] {taskinstance.py:1591} INFO - Exporting the following env vars:
AIRFLOW_CTX_DAG_OWNER=DavidBU
AIRFLOW_CTX_DAG_ID=mi_primer_dag_v3
AIRFLOW_CTX_TASK_ID=primera_tarea
AIRFLOW_CTX_EXECUTION_DATE=2023-06-12T00:00:00+00:00
AIRFLOW_CTX_TRY_NUMBER=1
AIRFLOW_CTX_DAG_RUN_ID=scheduled__2023-06-12T00:00:00+00:00
[2023-12-10 19:43:20,858] {subprocess.py:62} INFO - Tmp dir root location: 
 /tmp
[2023-12-10 19:43:20,860] {subprocess.py:74} INFO - Running command: ['bash', '-c', 'echo hola mundo, esta es nuestra primera tarea!']
[2023-12-10 19:43:21,088] {subprocess.py:85} INFO - Output:
[2023-12-10 19:43:21,128] {subprocess.py:92} INFO - hola mundo, esta es nuestra primera tarea!
[2023-12-10 19:43:21,139] {subprocess.py:96} INFO - Command exited with return code 0
[2023-12-10 19:43:22,586] {taskinstance.py:1420} INFO - Marking task as SUCCESS. dag_id=mi_primer_dag_v3, task_id=primera_tarea, execution_date=20230612T000000, start_date=20231210T194317, end_date=20231210T194322
[2023-12-10 19:43:22,825] {local_task_job.py:156} INFO - Task exited with return code 0
[2023-12-10 19:43:23,458] {local_task_job.py:273} INFO - 2 downstream tasks scheduled from follow-on schedule check
