[2023-12-10 20:20:55,183] {taskinstance.py:1179} INFO - Dependencies all met for <TaskInstance: mi_primer_dar_con_PythonOperator.aloha_david scheduled__2022-11-01T00:00:00+00:00 [queued]>
[2023-12-10 20:20:55,316] {taskinstance.py:1179} INFO - Dependencies all met for <TaskInstance: mi_primer_dar_con_PythonOperator.aloha_david scheduled__2022-11-01T00:00:00+00:00 [queued]>
[2023-12-10 20:20:55,320] {taskinstance.py:1376} INFO - 
--------------------------------------------------------------------------------
[2023-12-10 20:20:55,324] {taskinstance.py:1377} INFO - Starting attempt 1 of 6
[2023-12-10 20:20:55,333] {taskinstance.py:1378} INFO - 
--------------------------------------------------------------------------------
[2023-12-10 20:20:55,486] {taskinstance.py:1397} INFO - Executing <Task(PythonOperator): aloha_david> on 2022-11-01 00:00:00+00:00
[2023-12-10 20:20:55,494] {standard_task_runner.py:52} INFO - Started process 981 to run task
[2023-12-10 20:20:55,518] {standard_task_runner.py:79} INFO - Running: ['***', 'tasks', 'run', 'mi_primer_dar_con_PythonOperator', 'aloha_david', 'scheduled__2022-11-01T00:00:00+00:00', '--job-id', '1883', '--raw', '--subdir', 'DAGS_FOLDER/mi_primer_dag_pythonoperator.py', '--cfg-path', '/tmp/tmp0h4clrml', '--error-file', '/tmp/tmpw7anm7gt']
[2023-12-10 20:20:55,555] {standard_task_runner.py:80} INFO - Job 1883: Subtask aloha_david
[2023-12-10 20:20:56,562] {task_command.py:371} INFO - Running <TaskInstance: mi_primer_dar_con_PythonOperator.aloha_david scheduled__2022-11-01T00:00:00+00:00 [running]> on host 42828894a739
[2023-12-10 20:20:58,007] {taskinstance.py:1591} INFO - Exporting the following env vars:
AIRFLOW_CTX_DAG_OWNER=DavidBU
AIRFLOW_CTX_DAG_ID=mi_primer_dar_con_PythonOperator
AIRFLOW_CTX_TASK_ID=aloha_david
AIRFLOW_CTX_EXECUTION_DATE=2022-11-01T00:00:00+00:00
AIRFLOW_CTX_TRY_NUMBER=1
AIRFLOW_CTX_DAG_RUN_ID=scheduled__2022-11-01T00:00:00+00:00
[2023-12-10 20:20:58,024] {logging_mixin.py:115} INFO - Aloha Mundo soy yo!
[2023-12-10 20:20:58,035] {python.py:173} INFO - Done. Returned value was: None
[2023-12-10 20:20:58,148] {taskinstance.py:1420} INFO - Marking task as SUCCESS. dag_id=mi_primer_dar_con_PythonOperator, task_id=aloha_david, execution_date=20221101T000000, start_date=20231210T202055, end_date=20231210T202058
[2023-12-10 20:20:58,279] {local_task_job.py:156} INFO - Task exited with return code 0
[2023-12-10 20:20:58,522] {local_task_job.py:273} INFO - 0 downstream tasks scheduled from follow-on schedule check
