[2023-12-10 19:30:46,426] {taskinstance.py:1179} INFO - Dependencies all met for <TaskInstance: mi_primer_dag_v3.tercera_tarea scheduled__2022-08-30T00:00:00+00:00 [queued]>
[2023-12-10 19:30:46,777] {taskinstance.py:1179} INFO - Dependencies all met for <TaskInstance: mi_primer_dag_v3.tercera_tarea scheduled__2022-08-30T00:00:00+00:00 [queued]>
[2023-12-10 19:30:46,792] {taskinstance.py:1376} INFO - 
--------------------------------------------------------------------------------
[2023-12-10 19:30:46,801] {taskinstance.py:1377} INFO - Starting attempt 1 of 6
[2023-12-10 19:30:46,815] {taskinstance.py:1378} INFO - 
--------------------------------------------------------------------------------
[2023-12-10 19:30:46,920] {taskinstance.py:1397} INFO - Executing <Task(BashOperator): tercera_tarea> on 2022-08-30 00:00:00+00:00
[2023-12-10 19:30:46,934] {standard_task_runner.py:52} INFO - Started process 494 to run task
[2023-12-10 19:30:46,990] {standard_task_runner.py:79} INFO - Running: ['***', 'tasks', 'run', 'mi_primer_dag_v3', 'tercera_tarea', 'scheduled__2022-08-30T00:00:00+00:00', '--job-id', '91', '--raw', '--subdir', 'DAGS_FOLDER/primer_dag_v3.py', '--cfg-path', '/tmp/tmpwdoadsks', '--error-file', '/tmp/tmpjp96v1i6']
[2023-12-10 19:30:46,994] {standard_task_runner.py:80} INFO - Job 91: Subtask tercera_tarea
[2023-12-10 19:30:48,074] {task_command.py:371} INFO - Running <TaskInstance: mi_primer_dag_v3.tercera_tarea scheduled__2022-08-30T00:00:00+00:00 [running]> on host 42828894a739
[2023-12-10 19:30:48,690] {taskinstance.py:1591} INFO - Exporting the following env vars:
AIRFLOW_CTX_DAG_OWNER=DavidBU
AIRFLOW_CTX_DAG_ID=mi_primer_dag_v3
AIRFLOW_CTX_TASK_ID=tercera_tarea
AIRFLOW_CTX_EXECUTION_DATE=2022-08-30T00:00:00+00:00
AIRFLOW_CTX_TRY_NUMBER=1
AIRFLOW_CTX_DAG_RUN_ID=scheduled__2022-08-30T00:00:00+00:00
[2023-12-10 19:30:48,692] {subprocess.py:62} INFO - Tmp dir root location: 
 /tmp
[2023-12-10 19:30:48,694] {subprocess.py:74} INFO - Running command: ['bash', '-c', 'echo hola, soy la tarea 3 y sere corrida luego de Tarea 1 al mismo tiempo que Tarea 2']
[2023-12-10 19:30:48,859] {subprocess.py:85} INFO - Output:
[2023-12-10 19:30:48,870] {subprocess.py:92} INFO - hola, soy la tarea 3 y sere corrida luego de Tarea 1 al mismo tiempo que Tarea 2
[2023-12-10 19:30:48,895] {subprocess.py:96} INFO - Command exited with return code 0
[2023-12-10 19:30:49,319] {taskinstance.py:1420} INFO - Marking task as SUCCESS. dag_id=mi_primer_dag_v3, task_id=tercera_tarea, execution_date=20220830T000000, start_date=20231210T193046, end_date=20231210T193049
[2023-12-10 19:30:49,543] {local_task_job.py:156} INFO - Task exited with return code 0
[2023-12-10 19:30:49,749] {local_task_job.py:273} INFO - 0 downstream tasks scheduled from follow-on schedule check
