[2023-12-10 19:42:44,523] {taskinstance.py:1179} INFO - Dependencies all met for <TaskInstance: mi_primer_dag_v3.primera_tarea scheduled__2023-05-25T00:00:00+00:00 [queued]>
[2023-12-10 19:42:44,551] {taskinstance.py:1179} INFO - Dependencies all met for <TaskInstance: mi_primer_dag_v3.primera_tarea scheduled__2023-05-25T00:00:00+00:00 [queued]>
[2023-12-10 19:42:44,552] {taskinstance.py:1376} INFO - 
--------------------------------------------------------------------------------
[2023-12-10 19:42:44,620] {taskinstance.py:1377} INFO - Starting attempt 1 of 6
[2023-12-10 19:42:44,621] {taskinstance.py:1378} INFO - 
--------------------------------------------------------------------------------
[2023-12-10 19:42:45,151] {taskinstance.py:1397} INFO - Executing <Task(BashOperator): primera_tarea> on 2023-05-25 00:00:00+00:00
[2023-12-10 19:42:45,220] {standard_task_runner.py:52} INFO - Started process 3170 to run task
[2023-12-10 19:42:45,270] {standard_task_runner.py:79} INFO - Running: ['***', 'tasks', 'run', 'mi_primer_dag_v3', 'primera_tarea', 'scheduled__2023-05-25T00:00:00+00:00', '--job-id', '887', '--raw', '--subdir', 'DAGS_FOLDER/primer_dag_v3.py', '--cfg-path', '/tmp/tmptfhft_hv', '--error-file', '/tmp/tmp60vw9xfo']
[2023-12-10 19:42:45,292] {standard_task_runner.py:80} INFO - Job 887: Subtask primera_tarea
[2023-12-10 19:42:45,999] {task_command.py:371} INFO - Running <TaskInstance: mi_primer_dag_v3.primera_tarea scheduled__2023-05-25T00:00:00+00:00 [running]> on host 42828894a739
[2023-12-10 19:42:46,793] {taskinstance.py:1591} INFO - Exporting the following env vars:
AIRFLOW_CTX_DAG_OWNER=DavidBU
AIRFLOW_CTX_DAG_ID=mi_primer_dag_v3
AIRFLOW_CTX_TASK_ID=primera_tarea
AIRFLOW_CTX_EXECUTION_DATE=2023-05-25T00:00:00+00:00
AIRFLOW_CTX_TRY_NUMBER=1
AIRFLOW_CTX_DAG_RUN_ID=scheduled__2023-05-25T00:00:00+00:00
[2023-12-10 19:42:46,817] {subprocess.py:62} INFO - Tmp dir root location: 
 /tmp
[2023-12-10 19:42:46,847] {subprocess.py:74} INFO - Running command: ['bash', '-c', 'echo hola mundo, esta es nuestra primera tarea!']
[2023-12-10 19:42:46,986] {subprocess.py:85} INFO - Output:
[2023-12-10 19:42:46,997] {subprocess.py:92} INFO - hola mundo, esta es nuestra primera tarea!
[2023-12-10 19:42:47,000] {subprocess.py:96} INFO - Command exited with return code 0
[2023-12-10 19:42:47,708] {taskinstance.py:1420} INFO - Marking task as SUCCESS. dag_id=mi_primer_dag_v3, task_id=primera_tarea, execution_date=20230525T000000, start_date=20231210T194244, end_date=20231210T194247
[2023-12-10 19:42:47,848] {local_task_job.py:156} INFO - Task exited with return code 0
[2023-12-10 19:42:48,380] {local_task_job.py:273} INFO - 2 downstream tasks scheduled from follow-on schedule check
