[2023-12-10 20:12:21,466] {taskinstance.py:1179} INFO - Dependencies all met for <TaskInstance: mi_primer_dag.primer_task scheduled__2022-08-15T00:00:00+00:00 [queued]>
[2023-12-10 20:12:21,532] {taskinstance.py:1179} INFO - Dependencies all met for <TaskInstance: mi_primer_dag.primer_task scheduled__2022-08-15T00:00:00+00:00 [queued]>
[2023-12-10 20:12:21,538] {taskinstance.py:1376} INFO - 
--------------------------------------------------------------------------------
[2023-12-10 20:12:21,628] {taskinstance.py:1377} INFO - Starting attempt 1 of 6
[2023-12-10 20:12:21,714] {taskinstance.py:1378} INFO - 
--------------------------------------------------------------------------------
[2023-12-10 20:12:22,184] {taskinstance.py:1397} INFO - Executing <Task(BashOperator): primer_task> on 2022-08-15 00:00:00+00:00
[2023-12-10 20:12:22,221] {standard_task_runner.py:52} INFO - Started process 320 to run task
[2023-12-10 20:12:22,253] {standard_task_runner.py:79} INFO - Running: ['***', 'tasks', 'run', 'mi_primer_dag', 'primer_task', 'scheduled__2022-08-15T00:00:00+00:00', '--job-id', '1502', '--raw', '--subdir', 'DAGS_FOLDER/mi_primer_dag.py', '--cfg-path', '/tmp/tmpzpv7j1gw', '--error-file', '/tmp/tmpqrizpp9f']
[2023-12-10 20:12:22,268] {standard_task_runner.py:80} INFO - Job 1502: Subtask primer_task
[2023-12-10 20:12:23,169] {task_command.py:371} INFO - Running <TaskInstance: mi_primer_dag.primer_task scheduled__2022-08-15T00:00:00+00:00 [running]> on host 42828894a739
[2023-12-10 20:12:23,782] {taskinstance.py:1591} INFO - Exporting the following env vars:
AIRFLOW_CTX_DAG_OWNER=DavidBU
AIRFLOW_CTX_DAG_ID=mi_primer_dag
AIRFLOW_CTX_TASK_ID=primer_task
AIRFLOW_CTX_EXECUTION_DATE=2022-08-15T00:00:00+00:00
AIRFLOW_CTX_TRY_NUMBER=1
AIRFLOW_CTX_DAG_RUN_ID=scheduled__2022-08-15T00:00:00+00:00
[2023-12-10 20:12:23,793] {subprocess.py:62} INFO - Tmp dir root location: 
 /tmp
[2023-12-10 20:12:23,811] {subprocess.py:74} INFO - Running command: ['bash', '-c', 'echo hola mundo, esta es nuestra primera tarea usando bash operator!']
[2023-12-10 20:12:23,851] {subprocess.py:85} INFO - Output:
[2023-12-10 20:12:23,865] {subprocess.py:92} INFO - hola mundo, esta es nuestra primera tarea usando bash operator!
[2023-12-10 20:12:23,872] {subprocess.py:96} INFO - Command exited with return code 0
[2023-12-10 20:12:24,189] {taskinstance.py:1420} INFO - Marking task as SUCCESS. dag_id=mi_primer_dag, task_id=primer_task, execution_date=20220815T000000, start_date=20231210T201221, end_date=20231210T201224
[2023-12-10 20:12:24,340] {local_task_job.py:156} INFO - Task exited with return code 0
[2023-12-10 20:12:24,687] {local_task_job.py:273} INFO - 0 downstream tasks scheduled from follow-on schedule check
