[2023-12-10 19:33:51,189] {taskinstance.py:1179} INFO - Dependencies all met for <TaskInstance: mi_primer_dag_v3.tercera_tarea scheduled__2022-11-06T00:00:00+00:00 [queued]>
[2023-12-10 19:33:51,284] {taskinstance.py:1179} INFO - Dependencies all met for <TaskInstance: mi_primer_dag_v3.tercera_tarea scheduled__2022-11-06T00:00:00+00:00 [queued]>
[2023-12-10 19:33:51,286] {taskinstance.py:1376} INFO - 
--------------------------------------------------------------------------------
[2023-12-10 19:33:51,300] {taskinstance.py:1377} INFO - Starting attempt 1 of 6
[2023-12-10 19:33:51,302] {taskinstance.py:1378} INFO - 
--------------------------------------------------------------------------------
[2023-12-10 19:33:51,819] {taskinstance.py:1397} INFO - Executing <Task(BashOperator): tercera_tarea> on 2022-11-06 00:00:00+00:00
[2023-12-10 19:33:52,029] {standard_task_runner.py:52} INFO - Started process 1182 to run task
[2023-12-10 19:33:52,100] {standard_task_runner.py:79} INFO - Running: ['***', 'tasks', 'run', 'mi_primer_dag_v3', 'tercera_tarea', 'scheduled__2022-11-06T00:00:00+00:00', '--job-id', '296', '--raw', '--subdir', 'DAGS_FOLDER/primer_dag_v3.py', '--cfg-path', '/tmp/tmp1p29n2ab', '--error-file', '/tmp/tmpjrfwdqdi']
[2023-12-10 19:33:52,269] {standard_task_runner.py:80} INFO - Job 296: Subtask tercera_tarea
[2023-12-10 19:33:53,924] {task_command.py:371} INFO - Running <TaskInstance: mi_primer_dag_v3.tercera_tarea scheduled__2022-11-06T00:00:00+00:00 [running]> on host 42828894a739
[2023-12-10 19:33:55,915] {taskinstance.py:1591} INFO - Exporting the following env vars:
AIRFLOW_CTX_DAG_OWNER=DavidBU
AIRFLOW_CTX_DAG_ID=mi_primer_dag_v3
AIRFLOW_CTX_TASK_ID=tercera_tarea
AIRFLOW_CTX_EXECUTION_DATE=2022-11-06T00:00:00+00:00
AIRFLOW_CTX_TRY_NUMBER=1
AIRFLOW_CTX_DAG_RUN_ID=scheduled__2022-11-06T00:00:00+00:00
[2023-12-10 19:33:55,941] {subprocess.py:62} INFO - Tmp dir root location: 
 /tmp
[2023-12-10 19:33:55,952] {subprocess.py:74} INFO - Running command: ['bash', '-c', 'echo hola, soy la tarea 3 y sere corrida luego de Tarea 1 al mismo tiempo que Tarea 2']
[2023-12-10 19:33:56,162] {subprocess.py:85} INFO - Output:
[2023-12-10 19:33:56,241] {subprocess.py:92} INFO - hola, soy la tarea 3 y sere corrida luego de Tarea 1 al mismo tiempo que Tarea 2
[2023-12-10 19:33:56,306] {subprocess.py:96} INFO - Command exited with return code 0
[2023-12-10 19:33:57,342] {taskinstance.py:1420} INFO - Marking task as SUCCESS. dag_id=mi_primer_dag_v3, task_id=tercera_tarea, execution_date=20221106T000000, start_date=20231210T193351, end_date=20231210T193357
[2023-12-10 19:33:58,325] {local_task_job.py:156} INFO - Task exited with return code 0
[2023-12-10 19:33:58,849] {local_task_job.py:273} INFO - 0 downstream tasks scheduled from follow-on schedule check
