[2023-12-10 19:39:27,639] {taskinstance.py:1179} INFO - Dependencies all met for <TaskInstance: mi_primer_dag_v3.tercera_tarea scheduled__2023-03-11T00:00:00+00:00 [queued]>
[2023-12-10 19:39:27,854] {taskinstance.py:1179} INFO - Dependencies all met for <TaskInstance: mi_primer_dag_v3.tercera_tarea scheduled__2023-03-11T00:00:00+00:00 [queued]>
[2023-12-10 19:39:27,890] {taskinstance.py:1376} INFO - 
--------------------------------------------------------------------------------
[2023-12-10 19:39:27,927] {taskinstance.py:1377} INFO - Starting attempt 1 of 6
[2023-12-10 19:39:27,940] {taskinstance.py:1378} INFO - 
--------------------------------------------------------------------------------
[2023-12-10 19:39:28,384] {taskinstance.py:1397} INFO - Executing <Task(BashOperator): tercera_tarea> on 2023-03-11 00:00:00+00:00
[2023-12-10 19:39:28,533] {standard_task_runner.py:52} INFO - Started process 2469 to run task
[2023-12-10 19:39:28,552] {standard_task_runner.py:79} INFO - Running: ['***', 'tasks', 'run', 'mi_primer_dag_v3', 'tercera_tarea', 'scheduled__2023-03-11T00:00:00+00:00', '--job-id', '677', '--raw', '--subdir', 'DAGS_FOLDER/primer_dag_v3.py', '--cfg-path', '/tmp/tmp15z8efx3', '--error-file', '/tmp/tmplzsmjo76']
[2023-12-10 19:39:28,624] {standard_task_runner.py:80} INFO - Job 677: Subtask tercera_tarea
[2023-12-10 19:39:30,238] {task_command.py:371} INFO - Running <TaskInstance: mi_primer_dag_v3.tercera_tarea scheduled__2023-03-11T00:00:00+00:00 [running]> on host 42828894a739
[2023-12-10 19:39:32,256] {taskinstance.py:1591} INFO - Exporting the following env vars:
AIRFLOW_CTX_DAG_OWNER=DavidBU
AIRFLOW_CTX_DAG_ID=mi_primer_dag_v3
AIRFLOW_CTX_TASK_ID=tercera_tarea
AIRFLOW_CTX_EXECUTION_DATE=2023-03-11T00:00:00+00:00
AIRFLOW_CTX_TRY_NUMBER=1
AIRFLOW_CTX_DAG_RUN_ID=scheduled__2023-03-11T00:00:00+00:00
[2023-12-10 19:39:32,275] {subprocess.py:62} INFO - Tmp dir root location: 
 /tmp
[2023-12-10 19:39:32,294] {subprocess.py:74} INFO - Running command: ['bash', '-c', 'echo hola, soy la tarea 3 y sere corrida luego de Tarea 1 al mismo tiempo que Tarea 2']
[2023-12-10 19:39:32,363] {subprocess.py:85} INFO - Output:
[2023-12-10 19:39:32,369] {subprocess.py:92} INFO - hola, soy la tarea 3 y sere corrida luego de Tarea 1 al mismo tiempo que Tarea 2
[2023-12-10 19:39:32,397] {subprocess.py:96} INFO - Command exited with return code 0
[2023-12-10 19:39:32,675] {taskinstance.py:1420} INFO - Marking task as SUCCESS. dag_id=mi_primer_dag_v3, task_id=tercera_tarea, execution_date=20230311T000000, start_date=20231210T193927, end_date=20231210T193932
[2023-12-10 19:39:32,973] {local_task_job.py:156} INFO - Task exited with return code 0
[2023-12-10 19:39:33,580] {local_task_job.py:273} INFO - 0 downstream tasks scheduled from follow-on schedule check
