[2023-12-10 20:20:25,302] {taskinstance.py:1179} INFO - Dependencies all met for <TaskInstance: mi_primer_dar_con_PythonOperator.aloha_david scheduled__2022-10-14T00:00:00+00:00 [queued]>
[2023-12-10 20:20:25,326] {taskinstance.py:1179} INFO - Dependencies all met for <TaskInstance: mi_primer_dar_con_PythonOperator.aloha_david scheduled__2022-10-14T00:00:00+00:00 [queued]>
[2023-12-10 20:20:25,327] {taskinstance.py:1376} INFO - 
--------------------------------------------------------------------------------
[2023-12-10 20:20:25,328] {taskinstance.py:1377} INFO - Starting attempt 1 of 6
[2023-12-10 20:20:25,329] {taskinstance.py:1378} INFO - 
--------------------------------------------------------------------------------
[2023-12-10 20:20:25,360] {taskinstance.py:1397} INFO - Executing <Task(PythonOperator): aloha_david> on 2022-10-14 00:00:00+00:00
[2023-12-10 20:20:25,367] {standard_task_runner.py:52} INFO - Started process 860 to run task
[2023-12-10 20:20:25,372] {standard_task_runner.py:79} INFO - Running: ['***', 'tasks', 'run', 'mi_primer_dar_con_PythonOperator', 'aloha_david', 'scheduled__2022-10-14T00:00:00+00:00', '--job-id', '1850', '--raw', '--subdir', 'DAGS_FOLDER/mi_primer_dag_pythonoperator.py', '--cfg-path', '/tmp/tmpm1d050e1', '--error-file', '/tmp/tmp1pkp1h2c']
[2023-12-10 20:20:25,374] {standard_task_runner.py:80} INFO - Job 1850: Subtask aloha_david
[2023-12-10 20:20:25,498] {task_command.py:371} INFO - Running <TaskInstance: mi_primer_dar_con_PythonOperator.aloha_david scheduled__2022-10-14T00:00:00+00:00 [running]> on host 42828894a739
[2023-12-10 20:20:25,638] {taskinstance.py:1591} INFO - Exporting the following env vars:
AIRFLOW_CTX_DAG_OWNER=DavidBU
AIRFLOW_CTX_DAG_ID=mi_primer_dar_con_PythonOperator
AIRFLOW_CTX_TASK_ID=aloha_david
AIRFLOW_CTX_EXECUTION_DATE=2022-10-14T00:00:00+00:00
AIRFLOW_CTX_TRY_NUMBER=1
AIRFLOW_CTX_DAG_RUN_ID=scheduled__2022-10-14T00:00:00+00:00
[2023-12-10 20:20:25,640] {logging_mixin.py:115} INFO - Aloha Mundo soy yo!
[2023-12-10 20:20:25,641] {python.py:173} INFO - Done. Returned value was: None
[2023-12-10 20:20:25,663] {taskinstance.py:1420} INFO - Marking task as SUCCESS. dag_id=mi_primer_dar_con_PythonOperator, task_id=aloha_david, execution_date=20221014T000000, start_date=20231210T202025, end_date=20231210T202025
[2023-12-10 20:20:25,705] {local_task_job.py:156} INFO - Task exited with return code 0
[2023-12-10 20:20:25,773] {local_task_job.py:273} INFO - 0 downstream tasks scheduled from follow-on schedule check
