[2023-12-10 20:19:27,261] {taskinstance.py:1179} INFO - Dependencies all met for <TaskInstance: mi_primer_dar_con_PythonOperator.aloha_david scheduled__2022-09-09T00:00:00+00:00 [queued]>
[2023-12-10 20:19:27,394] {taskinstance.py:1179} INFO - Dependencies all met for <TaskInstance: mi_primer_dar_con_PythonOperator.aloha_david scheduled__2022-09-09T00:00:00+00:00 [queued]>
[2023-12-10 20:19:27,397] {taskinstance.py:1376} INFO - 
--------------------------------------------------------------------------------
[2023-12-10 20:19:27,402] {taskinstance.py:1377} INFO - Starting attempt 1 of 6
[2023-12-10 20:19:27,420] {taskinstance.py:1378} INFO - 
--------------------------------------------------------------------------------
[2023-12-10 20:19:27,783] {taskinstance.py:1397} INFO - Executing <Task(PythonOperator): aloha_david> on 2022-09-09 00:00:00+00:00
[2023-12-10 20:19:27,809] {standard_task_runner.py:52} INFO - Started process 612 to run task
[2023-12-10 20:19:27,872] {standard_task_runner.py:79} INFO - Running: ['***', 'tasks', 'run', 'mi_primer_dar_con_PythonOperator', 'aloha_david', 'scheduled__2022-09-09T00:00:00+00:00', '--job-id', '1779', '--raw', '--subdir', 'DAGS_FOLDER/mi_primer_dag_pythonoperator.py', '--cfg-path', '/tmp/tmpvgw2j6pe', '--error-file', '/tmp/tmpudwuaft1']
[2023-12-10 20:19:27,887] {standard_task_runner.py:80} INFO - Job 1779: Subtask aloha_david
[2023-12-10 20:19:28,609] {task_command.py:371} INFO - Running <TaskInstance: mi_primer_dar_con_PythonOperator.aloha_david scheduled__2022-09-09T00:00:00+00:00 [running]> on host 42828894a739
[2023-12-10 20:19:29,735] {taskinstance.py:1591} INFO - Exporting the following env vars:
AIRFLOW_CTX_DAG_OWNER=DavidBU
AIRFLOW_CTX_DAG_ID=mi_primer_dar_con_PythonOperator
AIRFLOW_CTX_TASK_ID=aloha_david
AIRFLOW_CTX_EXECUTION_DATE=2022-09-09T00:00:00+00:00
AIRFLOW_CTX_TRY_NUMBER=1
AIRFLOW_CTX_DAG_RUN_ID=scheduled__2022-09-09T00:00:00+00:00
[2023-12-10 20:19:29,742] {logging_mixin.py:115} INFO - Aloha Mundo soy yo!
[2023-12-10 20:19:29,743] {python.py:173} INFO - Done. Returned value was: None
[2023-12-10 20:19:29,884] {taskinstance.py:1420} INFO - Marking task as SUCCESS. dag_id=mi_primer_dar_con_PythonOperator, task_id=aloha_david, execution_date=20220909T000000, start_date=20231210T201927, end_date=20231210T201929
[2023-12-10 20:19:30,158] {local_task_job.py:156} INFO - Task exited with return code 0
[2023-12-10 20:19:30,620] {local_task_job.py:273} INFO - 0 downstream tasks scheduled from follow-on schedule check
