[2023-12-10 19:30:00,371] {taskinstance.py:1179} INFO - Dependencies all met for <TaskInstance: mi_primer_dag_v3.segunda_tarea scheduled__2022-08-12T00:00:00+00:00 [queued]>
[2023-12-10 19:30:01,444] {taskinstance.py:1179} INFO - Dependencies all met for <TaskInstance: mi_primer_dag_v3.segunda_tarea scheduled__2022-08-12T00:00:00+00:00 [queued]>
[2023-12-10 19:30:01,456] {taskinstance.py:1376} INFO - 
--------------------------------------------------------------------------------
[2023-12-10 19:30:01,457] {taskinstance.py:1377} INFO - Starting attempt 1 of 6
[2023-12-10 19:30:01,525] {taskinstance.py:1378} INFO - 
--------------------------------------------------------------------------------
[2023-12-10 19:30:02,920] {taskinstance.py:1397} INFO - Executing <Task(BashOperator): segunda_tarea> on 2022-08-12 00:00:00+00:00
[2023-12-10 19:30:03,329] {standard_task_runner.py:79} INFO - Running: ['***', 'tasks', 'run', 'mi_primer_dag_v3', 'segunda_tarea', 'scheduled__2022-08-12T00:00:00+00:00', '--job-id', '43', '--raw', '--subdir', 'DAGS_FOLDER/primer_dag_v3.py', '--cfg-path', '/tmp/tmphw1jaqt1', '--error-file', '/tmp/tmp052l2xau']
[2023-12-10 19:30:03,350] {standard_task_runner.py:80} INFO - Job 43: Subtask segunda_tarea
[2023-12-10 19:30:03,397] {standard_task_runner.py:52} INFO - Started process 327 to run task
[2023-12-10 19:30:04,739] {task_command.py:371} INFO - Running <TaskInstance: mi_primer_dag_v3.segunda_tarea scheduled__2022-08-12T00:00:00+00:00 [running]> on host 42828894a739
[2023-12-10 19:30:06,467] {taskinstance.py:1591} INFO - Exporting the following env vars:
AIRFLOW_CTX_DAG_OWNER=DavidBU
AIRFLOW_CTX_DAG_ID=mi_primer_dag_v3
AIRFLOW_CTX_TASK_ID=segunda_tarea
AIRFLOW_CTX_EXECUTION_DATE=2022-08-12T00:00:00+00:00
AIRFLOW_CTX_TRY_NUMBER=1
AIRFLOW_CTX_DAG_RUN_ID=scheduled__2022-08-12T00:00:00+00:00
[2023-12-10 19:30:06,583] {subprocess.py:62} INFO - Tmp dir root location: 
 /tmp
[2023-12-10 19:30:06,597] {subprocess.py:74} INFO - Running command: ['bash', '-c', 'echo hola, soy la tarea 2 y sere corrida luego de la Tarea 1']
[2023-12-10 19:30:06,911] {subprocess.py:85} INFO - Output:
[2023-12-10 19:30:06,940] {subprocess.py:92} INFO - hola, soy la tarea 2 y sere corrida luego de la Tarea 1
[2023-12-10 19:30:06,959] {subprocess.py:96} INFO - Command exited with return code 0
[2023-12-10 19:30:07,577] {taskinstance.py:1420} INFO - Marking task as SUCCESS. dag_id=mi_primer_dag_v3, task_id=segunda_tarea, execution_date=20220812T000000, start_date=20231210T193001, end_date=20231210T193007
[2023-12-10 19:30:08,169] {local_task_job.py:156} INFO - Task exited with return code 0
[2023-12-10 19:30:08,694] {local_task_job.py:273} INFO - 0 downstream tasks scheduled from follow-on schedule check
