[2023-12-10 20:25:32,994] {taskinstance.py:1179} INFO - Dependencies all met for <TaskInstance: mi_primer_dag.primer_task scheduled__2023-11-26T00:00:00+00:00 [queued]>
[2023-12-10 20:25:33,139] {taskinstance.py:1179} INFO - Dependencies all met for <TaskInstance: mi_primer_dag.primer_task scheduled__2023-11-26T00:00:00+00:00 [queued]>
[2023-12-10 20:25:33,140] {taskinstance.py:1376} INFO - 
--------------------------------------------------------------------------------
[2023-12-10 20:25:33,154] {taskinstance.py:1377} INFO - Starting attempt 1 of 6
[2023-12-10 20:25:33,161] {taskinstance.py:1378} INFO - 
--------------------------------------------------------------------------------
[2023-12-10 20:25:33,280] {taskinstance.py:1397} INFO - Executing <Task(BashOperator): primer_task> on 2023-11-26 00:00:00+00:00
[2023-12-10 20:25:33,364] {standard_task_runner.py:52} INFO - Started process 2240 to run task
[2023-12-10 20:25:33,388] {standard_task_runner.py:79} INFO - Running: ['***', 'tasks', 'run', 'mi_primer_dag', 'primer_task', 'scheduled__2023-11-26T00:00:00+00:00', '--job-id', '2240', '--raw', '--subdir', 'DAGS_FOLDER/mi_primer_dag.py', '--cfg-path', '/tmp/tmpu9ur6ufa', '--error-file', '/tmp/tmp905qu7_7']
[2023-12-10 20:25:33,393] {standard_task_runner.py:80} INFO - Job 2240: Subtask primer_task
[2023-12-10 20:25:33,799] {task_command.py:371} INFO - Running <TaskInstance: mi_primer_dag.primer_task scheduled__2023-11-26T00:00:00+00:00 [running]> on host 42828894a739
[2023-12-10 20:25:34,699] {taskinstance.py:1591} INFO - Exporting the following env vars:
AIRFLOW_CTX_DAG_OWNER=DavidBU
AIRFLOW_CTX_DAG_ID=mi_primer_dag
AIRFLOW_CTX_TASK_ID=primer_task
AIRFLOW_CTX_EXECUTION_DATE=2023-11-26T00:00:00+00:00
AIRFLOW_CTX_TRY_NUMBER=1
AIRFLOW_CTX_DAG_RUN_ID=scheduled__2023-11-26T00:00:00+00:00
[2023-12-10 20:25:34,727] {subprocess.py:62} INFO - Tmp dir root location: 
 /tmp
[2023-12-10 20:25:34,736] {subprocess.py:74} INFO - Running command: ['bash', '-c', 'echo hola mundo, esta es nuestra primera tarea usando bash operator!']
[2023-12-10 20:25:34,791] {subprocess.py:85} INFO - Output:
[2023-12-10 20:25:34,795] {subprocess.py:92} INFO - hola mundo, esta es nuestra primera tarea usando bash operator!
[2023-12-10 20:25:34,806] {subprocess.py:96} INFO - Command exited with return code 0
[2023-12-10 20:25:34,921] {taskinstance.py:1420} INFO - Marking task as SUCCESS. dag_id=mi_primer_dag, task_id=primer_task, execution_date=20231126T000000, start_date=20231210T202533, end_date=20231210T202534
[2023-12-10 20:25:35,072] {local_task_job.py:156} INFO - Task exited with return code 0
[2023-12-10 20:25:35,401] {local_task_job.py:273} INFO - 0 downstream tasks scheduled from follow-on schedule check
