[2023-12-10 20:20:22,843] {taskinstance.py:1179} INFO - Dependencies all met for <TaskInstance: mi_primer_dag.primer_task scheduled__2023-05-13T00:00:00+00:00 [queued]>
[2023-12-10 20:20:22,915] {taskinstance.py:1179} INFO - Dependencies all met for <TaskInstance: mi_primer_dag.primer_task scheduled__2023-05-13T00:00:00+00:00 [queued]>
[2023-12-10 20:20:22,939] {taskinstance.py:1376} INFO - 
--------------------------------------------------------------------------------
[2023-12-10 20:20:22,940] {taskinstance.py:1377} INFO - Starting attempt 1 of 6
[2023-12-10 20:20:22,945] {taskinstance.py:1378} INFO - 
--------------------------------------------------------------------------------
[2023-12-10 20:20:23,105] {taskinstance.py:1397} INFO - Executing <Task(BashOperator): primer_task> on 2023-05-13 00:00:00+00:00
[2023-12-10 20:20:23,139] {standard_task_runner.py:52} INFO - Started process 855 to run task
[2023-12-10 20:20:23,184] {standard_task_runner.py:79} INFO - Running: ['***', 'tasks', 'run', 'mi_primer_dag', 'primer_task', 'scheduled__2023-05-13T00:00:00+00:00', '--job-id', '1849', '--raw', '--subdir', 'DAGS_FOLDER/mi_primer_dag.py', '--cfg-path', '/tmp/tmpdiafg613', '--error-file', '/tmp/tmp77u_2j23']
[2023-12-10 20:20:23,199] {standard_task_runner.py:80} INFO - Job 1849: Subtask primer_task
[2023-12-10 20:20:23,959] {task_command.py:371} INFO - Running <TaskInstance: mi_primer_dag.primer_task scheduled__2023-05-13T00:00:00+00:00 [running]> on host 42828894a739
[2023-12-10 20:20:24,801] {taskinstance.py:1591} INFO - Exporting the following env vars:
AIRFLOW_CTX_DAG_OWNER=DavidBU
AIRFLOW_CTX_DAG_ID=mi_primer_dag
AIRFLOW_CTX_TASK_ID=primer_task
AIRFLOW_CTX_EXECUTION_DATE=2023-05-13T00:00:00+00:00
AIRFLOW_CTX_TRY_NUMBER=1
AIRFLOW_CTX_DAG_RUN_ID=scheduled__2023-05-13T00:00:00+00:00
[2023-12-10 20:20:24,806] {subprocess.py:62} INFO - Tmp dir root location: 
 /tmp
[2023-12-10 20:20:24,822] {subprocess.py:74} INFO - Running command: ['bash', '-c', 'echo hola mundo, esta es nuestra primera tarea usando bash operator!']
[2023-12-10 20:20:24,860] {subprocess.py:85} INFO - Output:
[2023-12-10 20:20:24,863] {subprocess.py:92} INFO - hola mundo, esta es nuestra primera tarea usando bash operator!
[2023-12-10 20:20:24,864] {subprocess.py:96} INFO - Command exited with return code 0
[2023-12-10 20:20:25,056] {taskinstance.py:1420} INFO - Marking task as SUCCESS. dag_id=mi_primer_dag, task_id=primer_task, execution_date=20230513T000000, start_date=20231210T202022, end_date=20231210T202025
[2023-12-10 20:20:25,150] {local_task_job.py:156} INFO - Task exited with return code 0
[2023-12-10 20:20:25,246] {local_task_job.py:273} INFO - 0 downstream tasks scheduled from follow-on schedule check
