[2023-12-10 19:45:15,534] {taskinstance.py:1179} INFO - Dependencies all met for <TaskInstance: mi_primer_dag_v3.primera_tarea scheduled__2023-08-08T00:00:00+00:00 [queued]>
[2023-12-10 19:45:15,717] {taskinstance.py:1179} INFO - Dependencies all met for <TaskInstance: mi_primer_dag_v3.primera_tarea scheduled__2023-08-08T00:00:00+00:00 [queued]>
[2023-12-10 19:45:15,721] {taskinstance.py:1376} INFO - 
--------------------------------------------------------------------------------
[2023-12-10 19:45:15,722] {taskinstance.py:1377} INFO - Starting attempt 1 of 6
[2023-12-10 19:45:15,723] {taskinstance.py:1378} INFO - 
--------------------------------------------------------------------------------
[2023-12-10 19:45:15,839] {taskinstance.py:1397} INFO - Executing <Task(BashOperator): primera_tarea> on 2023-08-08 00:00:00+00:00
[2023-12-10 19:45:15,851] {standard_task_runner.py:52} INFO - Started process 3906 to run task
[2023-12-10 19:45:15,935] {standard_task_runner.py:79} INFO - Running: ['***', 'tasks', 'run', 'mi_primer_dag_v3', 'primera_tarea', 'scheduled__2023-08-08T00:00:00+00:00', '--job-id', '1108', '--raw', '--subdir', 'DAGS_FOLDER/primer_dag_v3.py', '--cfg-path', '/tmp/tmp8iwv8k3g', '--error-file', '/tmp/tmpv1sk6y70']
[2023-12-10 19:45:15,942] {standard_task_runner.py:80} INFO - Job 1108: Subtask primera_tarea
[2023-12-10 19:45:16,494] {task_command.py:371} INFO - Running <TaskInstance: mi_primer_dag_v3.primera_tarea scheduled__2023-08-08T00:00:00+00:00 [running]> on host 42828894a739
[2023-12-10 19:45:17,689] {taskinstance.py:1591} INFO - Exporting the following env vars:
AIRFLOW_CTX_DAG_OWNER=DavidBU
AIRFLOW_CTX_DAG_ID=mi_primer_dag_v3
AIRFLOW_CTX_TASK_ID=primera_tarea
AIRFLOW_CTX_EXECUTION_DATE=2023-08-08T00:00:00+00:00
AIRFLOW_CTX_TRY_NUMBER=1
AIRFLOW_CTX_DAG_RUN_ID=scheduled__2023-08-08T00:00:00+00:00
[2023-12-10 19:45:17,703] {subprocess.py:62} INFO - Tmp dir root location: 
 /tmp
[2023-12-10 19:45:17,724] {subprocess.py:74} INFO - Running command: ['bash', '-c', 'echo hola mundo, esta es nuestra primera tarea!']
[2023-12-10 19:45:17,785] {subprocess.py:85} INFO - Output:
[2023-12-10 19:45:17,801] {subprocess.py:92} INFO - hola mundo, esta es nuestra primera tarea!
[2023-12-10 19:45:17,802] {subprocess.py:96} INFO - Command exited with return code 0
[2023-12-10 19:45:18,232] {taskinstance.py:1420} INFO - Marking task as SUCCESS. dag_id=mi_primer_dag_v3, task_id=primera_tarea, execution_date=20230808T000000, start_date=20231210T194515, end_date=20231210T194518
[2023-12-10 19:45:18,386] {local_task_job.py:156} INFO - Task exited with return code 0
[2023-12-10 19:45:19,139] {local_task_job.py:273} INFO - 0 downstream tasks scheduled from follow-on schedule check
