[2023-12-11 08:24:25,403] {taskinstance.py:1179} INFO - Dependencies all met for <TaskInstance: mi_primer_dag_v4.tercera_tarea scheduled__2023-12-10T00:00:00+00:00 [queued]>
[2023-12-11 08:24:25,513] {taskinstance.py:1179} INFO - Dependencies all met for <TaskInstance: mi_primer_dag_v4.tercera_tarea scheduled__2023-12-10T00:00:00+00:00 [queued]>
[2023-12-11 08:24:25,530] {taskinstance.py:1376} INFO - 
--------------------------------------------------------------------------------
[2023-12-11 08:24:25,542] {taskinstance.py:1377} INFO - Starting attempt 1 of 6
[2023-12-11 08:24:25,545] {taskinstance.py:1378} INFO - 
--------------------------------------------------------------------------------
[2023-12-11 08:24:25,666] {taskinstance.py:1397} INFO - Executing <Task(BashOperator): tercera_tarea> on 2023-12-10 00:00:00+00:00
[2023-12-11 08:24:25,678] {standard_task_runner.py:52} INFO - Started process 3269 to run task
[2023-12-11 08:24:25,710] {standard_task_runner.py:79} INFO - Running: ['***', 'tasks', 'run', 'mi_primer_dag_v4', 'tercera_tarea', 'scheduled__2023-12-10T00:00:00+00:00', '--job-id', '116', '--raw', '--subdir', 'DAGS_FOLDER/primer_dag.py', '--cfg-path', '/tmp/tmp0ie5v6_d', '--error-file', '/tmp/tmphgq8ztnx']
[2023-12-11 08:24:25,713] {standard_task_runner.py:80} INFO - Job 116: Subtask tercera_tarea
[2023-12-11 08:24:26,170] {task_command.py:371} INFO - Running <TaskInstance: mi_primer_dag_v4.tercera_tarea scheduled__2023-12-10T00:00:00+00:00 [running]> on host 03477fa6e3b6
[2023-12-11 08:24:26,675] {taskinstance.py:1591} INFO - Exporting the following env vars:
AIRFLOW_CTX_DAG_OWNER=DavidBU
AIRFLOW_CTX_DAG_ID=mi_primer_dag_v4
AIRFLOW_CTX_TASK_ID=tercera_tarea
AIRFLOW_CTX_EXECUTION_DATE=2023-12-10T00:00:00+00:00
AIRFLOW_CTX_TRY_NUMBER=1
AIRFLOW_CTX_DAG_RUN_ID=scheduled__2023-12-10T00:00:00+00:00
[2023-12-11 08:24:26,679] {subprocess.py:62} INFO - Tmp dir root location: 
 /tmp
[2023-12-11 08:24:26,690] {subprocess.py:74} INFO - Running command: ['bash', '-c', 'echo Bustos Usta']
[2023-12-11 08:24:26,746] {subprocess.py:85} INFO - Output:
[2023-12-11 08:24:26,770] {subprocess.py:92} INFO - Bustos Usta
[2023-12-11 08:24:26,773] {subprocess.py:96} INFO - Command exited with return code 0
[2023-12-11 08:24:27,022] {taskinstance.py:1420} INFO - Marking task as SUCCESS. dag_id=mi_primer_dag_v4, task_id=tercera_tarea, execution_date=20231210T000000, start_date=20231211T082425, end_date=20231211T082427
[2023-12-11 08:24:27,209] {local_task_job.py:156} INFO - Task exited with return code 0
[2023-12-11 08:24:27,451] {local_task_job.py:273} INFO - 0 downstream tasks scheduled from follow-on schedule check
