[2023-12-10 20:12:09,792] {taskinstance.py:1179} INFO - Dependencies all met for <TaskInstance: mi_primer_dag.primer_task scheduled__2022-08-06T00:00:00+00:00 [queued]>
[2023-12-10 20:12:09,870] {taskinstance.py:1179} INFO - Dependencies all met for <TaskInstance: mi_primer_dag.primer_task scheduled__2022-08-06T00:00:00+00:00 [queued]>
[2023-12-10 20:12:09,873] {taskinstance.py:1376} INFO - 
--------------------------------------------------------------------------------
[2023-12-10 20:12:09,874] {taskinstance.py:1377} INFO - Starting attempt 1 of 6
[2023-12-10 20:12:09,876] {taskinstance.py:1378} INFO - 
--------------------------------------------------------------------------------
[2023-12-10 20:12:10,018] {taskinstance.py:1397} INFO - Executing <Task(BashOperator): primer_task> on 2022-08-06 00:00:00+00:00
[2023-12-10 20:12:10,051] {standard_task_runner.py:52} INFO - Started process 281 to run task
[2023-12-10 20:12:10,102] {standard_task_runner.py:79} INFO - Running: ['***', 'tasks', 'run', 'mi_primer_dag', 'primer_task', 'scheduled__2022-08-06T00:00:00+00:00', '--job-id', '1493', '--raw', '--subdir', 'DAGS_FOLDER/mi_primer_dag.py', '--cfg-path', '/tmp/tmpck9jvjbr', '--error-file', '/tmp/tmpk_t7okvi']
[2023-12-10 20:12:10,153] {standard_task_runner.py:80} INFO - Job 1493: Subtask primer_task
[2023-12-10 20:12:11,726] {task_command.py:371} INFO - Running <TaskInstance: mi_primer_dag.primer_task scheduled__2022-08-06T00:00:00+00:00 [running]> on host 42828894a739
[2023-12-10 20:12:12,899] {taskinstance.py:1591} INFO - Exporting the following env vars:
AIRFLOW_CTX_DAG_OWNER=DavidBU
AIRFLOW_CTX_DAG_ID=mi_primer_dag
AIRFLOW_CTX_TASK_ID=primer_task
AIRFLOW_CTX_EXECUTION_DATE=2022-08-06T00:00:00+00:00
AIRFLOW_CTX_TRY_NUMBER=1
AIRFLOW_CTX_DAG_RUN_ID=scheduled__2022-08-06T00:00:00+00:00
[2023-12-10 20:12:12,901] {subprocess.py:62} INFO - Tmp dir root location: 
 /tmp
[2023-12-10 20:12:12,911] {subprocess.py:74} INFO - Running command: ['bash', '-c', 'echo hola mundo, esta es nuestra primera tarea usando bash operator!']
[2023-12-10 20:12:12,982] {subprocess.py:85} INFO - Output:
[2023-12-10 20:12:12,986] {subprocess.py:92} INFO - hola mundo, esta es nuestra primera tarea usando bash operator!
[2023-12-10 20:12:12,988] {subprocess.py:96} INFO - Command exited with return code 0
[2023-12-10 20:12:13,325] {taskinstance.py:1420} INFO - Marking task as SUCCESS. dag_id=mi_primer_dag, task_id=primer_task, execution_date=20220806T000000, start_date=20231210T201209, end_date=20231210T201213
[2023-12-10 20:12:13,591] {local_task_job.py:156} INFO - Task exited with return code 0
[2023-12-10 20:12:13,818] {local_task_job.py:273} INFO - 0 downstream tasks scheduled from follow-on schedule check
