[2023-12-29 05:16:20,532] {taskinstance.py:1179} INFO - Dependencies all met for <TaskInstance: ProyectoFinal_Chumbita.conexion_BD scheduled__2023-12-28T00:00:00+00:00 [queued]>
[2023-12-29 05:16:20,552] {taskinstance.py:1179} INFO - Dependencies all met for <TaskInstance: ProyectoFinal_Chumbita.conexion_BD scheduled__2023-12-28T00:00:00+00:00 [queued]>
[2023-12-29 05:16:20,552] {taskinstance.py:1376} INFO - 
--------------------------------------------------------------------------------
[2023-12-29 05:16:20,554] {taskinstance.py:1377} INFO - Starting attempt 1 of 6
[2023-12-29 05:16:20,554] {taskinstance.py:1378} INFO - 
--------------------------------------------------------------------------------
[2023-12-29 05:16:20,581] {taskinstance.py:1397} INFO - Executing <Task(PythonOperator): conexion_BD> on 2023-12-28 00:00:00+00:00
[2023-12-29 05:16:20,590] {standard_task_runner.py:52} INFO - Started process 658 to run task
[2023-12-29 05:16:20,596] {standard_task_runner.py:79} INFO - Running: ['***', 'tasks', 'run', 'ProyectoFinal_Chumbita', 'conexion_BD', 'scheduled__2023-12-28T00:00:00+00:00', '--job-id', '5', '--raw', '--subdir', 'DAGS_FOLDER/ProyectoFinal_Chumbita.py', '--cfg-path', '/tmp/tmp82hpetzg', '--error-file', '/tmp/tmpmz2kaag2']
[2023-12-29 05:16:20,598] {standard_task_runner.py:80} INFO - Job 5: Subtask conexion_BD
[2023-12-29 05:16:20,714] {task_command.py:371} INFO - Running <TaskInstance: ProyectoFinal_Chumbita.conexion_BD scheduled__2023-12-28T00:00:00+00:00 [running]> on host 442d8a143aec
[2023-12-29 05:16:20,805] {logging_mixin.py:115} WARNING - /home/***/.local/lib/python3.7/site-packages/***/utils/context.py:202 AirflowContextDeprecationWarning: Accessing 'execution_date' from the template is deprecated and will be removed in a future version. Please use 'data_interval_start' or 'logical_date' instead.
[2023-12-29 05:16:20,878] {taskinstance.py:1591} INFO - Exporting the following env vars:
AIRFLOW_CTX_DAG_OWNER=ArielChumbita
AIRFLOW_CTX_DAG_ID=ProyectoFinal_Chumbita
AIRFLOW_CTX_TASK_ID=conexion_BD
AIRFLOW_CTX_EXECUTION_DATE=2023-12-28T00:00:00+00:00
AIRFLOW_CTX_TRY_NUMBER=1
AIRFLOW_CTX_DAG_RUN_ID=scheduled__2023-12-28T00:00:00+00:00
[2023-12-29 05:16:20,881] {logging_mixin.py:115} INFO - Conectandose a la BD en la fecha: 2023-12-28 0
[2023-12-29 05:16:22,326] {logging_mixin.py:115} INFO - <connection object at 0x7f57bcfc26e0; dsn: 'user=ariel_chumbita_coderhouse password=xxx dbname=data-engineer-database host=data-engineer-cluster.cyhh5bfevlmn.us-east-1.redshift.amazonaws.com port=5439', closed: 0>
[2023-12-29 05:16:22,327] {logging_mixin.py:115} INFO - Connected to Redshift successfully!
[2023-12-29 05:16:22,328] {python.py:173} INFO - Done. Returned value was: None
[2023-12-29 05:16:22,351] {taskinstance.py:1420} INFO - Marking task as SUCCESS. dag_id=ProyectoFinal_Chumbita, task_id=conexion_BD, execution_date=20231228T000000, start_date=20231229T051620, end_date=20231229T051622
[2023-12-29 05:16:22,379] {local_task_job.py:156} INFO - Task exited with return code 0
[2023-12-29 05:16:22,449] {local_task_job.py:273} INFO - 1 downstream tasks scheduled from follow-on schedule check
