[2023-12-10 19:43:12,585] {taskinstance.py:1179} INFO - Dependencies all met for <TaskInstance: mi_primer_dag_v3.tercera_tarea scheduled__2023-06-04T00:00:00+00:00 [queued]>
[2023-12-10 19:43:12,931] {taskinstance.py:1179} INFO - Dependencies all met for <TaskInstance: mi_primer_dag_v3.tercera_tarea scheduled__2023-06-04T00:00:00+00:00 [queued]>
[2023-12-10 19:43:12,937] {taskinstance.py:1376} INFO - 
--------------------------------------------------------------------------------
[2023-12-10 19:43:12,985] {taskinstance.py:1377} INFO - Starting attempt 1 of 6
[2023-12-10 19:43:13,008] {taskinstance.py:1378} INFO - 
--------------------------------------------------------------------------------
[2023-12-10 19:43:13,295] {taskinstance.py:1397} INFO - Executing <Task(BashOperator): tercera_tarea> on 2023-06-04 00:00:00+00:00
[2023-12-10 19:43:13,326] {standard_task_runner.py:52} INFO - Started process 3303 to run task
[2023-12-10 19:43:13,371] {standard_task_runner.py:79} INFO - Running: ['***', 'tasks', 'run', 'mi_primer_dag_v3', 'tercera_tarea', 'scheduled__2023-06-04T00:00:00+00:00', '--job-id', '926', '--raw', '--subdir', 'DAGS_FOLDER/primer_dag_v3.py', '--cfg-path', '/tmp/tmpimw5irrz', '--error-file', '/tmp/tmpjyhgn808']
[2023-12-10 19:43:13,426] {standard_task_runner.py:80} INFO - Job 926: Subtask tercera_tarea
[2023-12-10 19:43:14,453] {task_command.py:371} INFO - Running <TaskInstance: mi_primer_dag_v3.tercera_tarea scheduled__2023-06-04T00:00:00+00:00 [running]> on host 42828894a739
[2023-12-10 19:43:16,067] {taskinstance.py:1591} INFO - Exporting the following env vars:
AIRFLOW_CTX_DAG_OWNER=DavidBU
AIRFLOW_CTX_DAG_ID=mi_primer_dag_v3
AIRFLOW_CTX_TASK_ID=tercera_tarea
AIRFLOW_CTX_EXECUTION_DATE=2023-06-04T00:00:00+00:00
AIRFLOW_CTX_TRY_NUMBER=1
AIRFLOW_CTX_DAG_RUN_ID=scheduled__2023-06-04T00:00:00+00:00
[2023-12-10 19:43:16,071] {subprocess.py:62} INFO - Tmp dir root location: 
 /tmp
[2023-12-10 19:43:16,092] {subprocess.py:74} INFO - Running command: ['bash', '-c', 'echo hola, soy la tarea 3 y sere corrida luego de Tarea 1 al mismo tiempo que Tarea 2']
[2023-12-10 19:43:16,251] {subprocess.py:85} INFO - Output:
[2023-12-10 19:43:16,265] {subprocess.py:92} INFO - hola, soy la tarea 3 y sere corrida luego de Tarea 1 al mismo tiempo que Tarea 2
[2023-12-10 19:43:16,276] {subprocess.py:96} INFO - Command exited with return code 0
[2023-12-10 19:43:17,050] {taskinstance.py:1420} INFO - Marking task as SUCCESS. dag_id=mi_primer_dag_v3, task_id=tercera_tarea, execution_date=20230604T000000, start_date=20231210T194312, end_date=20231210T194317
[2023-12-10 19:43:17,242] {local_task_job.py:156} INFO - Task exited with return code 0
[2023-12-10 19:43:17,841] {local_task_job.py:273} INFO - 0 downstream tasks scheduled from follow-on schedule check
