[2023-12-10 20:28:00,244] {taskinstance.py:1179} INFO - Dependencies all met for <TaskInstance: mi_primer_dar_con_PythonOperator.aloha_david scheduled__2023-09-17T00:00:00+00:00 [queued]>
[2023-12-10 20:28:00,338] {taskinstance.py:1179} INFO - Dependencies all met for <TaskInstance: mi_primer_dar_con_PythonOperator.aloha_david scheduled__2023-09-17T00:00:00+00:00 [queued]>
[2023-12-10 20:28:00,353] {taskinstance.py:1376} INFO - 
--------------------------------------------------------------------------------
[2023-12-10 20:28:00,355] {taskinstance.py:1377} INFO - Starting attempt 1 of 6
[2023-12-10 20:28:00,356] {taskinstance.py:1378} INFO - 
--------------------------------------------------------------------------------
[2023-12-10 20:28:00,476] {taskinstance.py:1397} INFO - Executing <Task(PythonOperator): aloha_david> on 2023-09-17 00:00:00+00:00
[2023-12-10 20:28:00,508] {standard_task_runner.py:52} INFO - Started process 2768 to run task
[2023-12-10 20:28:00,514] {standard_task_runner.py:79} INFO - Running: ['***', 'tasks', 'run', 'mi_primer_dar_con_PythonOperator', 'aloha_david', 'scheduled__2023-09-17T00:00:00+00:00', '--job-id', '2398', '--raw', '--subdir', 'DAGS_FOLDER/mi_primer_dag_pythonoperator.py', '--cfg-path', '/tmp/tmpn3_v2rq1', '--error-file', '/tmp/tmp2afj1jm4']
[2023-12-10 20:28:00,533] {standard_task_runner.py:80} INFO - Job 2398: Subtask aloha_david
[2023-12-10 20:28:00,965] {task_command.py:371} INFO - Running <TaskInstance: mi_primer_dar_con_PythonOperator.aloha_david scheduled__2023-09-17T00:00:00+00:00 [running]> on host 42828894a739
[2023-12-10 20:28:01,867] {taskinstance.py:1591} INFO - Exporting the following env vars:
AIRFLOW_CTX_DAG_OWNER=DavidBU
AIRFLOW_CTX_DAG_ID=mi_primer_dar_con_PythonOperator
AIRFLOW_CTX_TASK_ID=aloha_david
AIRFLOW_CTX_EXECUTION_DATE=2023-09-17T00:00:00+00:00
AIRFLOW_CTX_TRY_NUMBER=1
AIRFLOW_CTX_DAG_RUN_ID=scheduled__2023-09-17T00:00:00+00:00
[2023-12-10 20:28:01,873] {logging_mixin.py:115} INFO - Aloha Mundo soy yo!
[2023-12-10 20:28:01,876] {python.py:173} INFO - Done. Returned value was: None
[2023-12-10 20:28:01,929] {taskinstance.py:1420} INFO - Marking task as SUCCESS. dag_id=mi_primer_dar_con_PythonOperator, task_id=aloha_david, execution_date=20230917T000000, start_date=20231210T202800, end_date=20231210T202801
[2023-12-10 20:28:02,059] {local_task_job.py:156} INFO - Task exited with return code 0
[2023-12-10 20:28:02,225] {local_task_job.py:273} INFO - 0 downstream tasks scheduled from follow-on schedule check
