[2023-12-10 19:46:37,556] {taskinstance.py:1179} INFO - Dependencies all met for <TaskInstance: mi_primer_dag_v3.primera_tarea scheduled__2023-09-15T00:00:00+00:00 [queued]>
[2023-12-10 19:46:37,731] {taskinstance.py:1179} INFO - Dependencies all met for <TaskInstance: mi_primer_dag_v3.primera_tarea scheduled__2023-09-15T00:00:00+00:00 [queued]>
[2023-12-10 19:46:38,009] {taskinstance.py:1376} INFO - 
--------------------------------------------------------------------------------
[2023-12-10 19:46:38,243] {taskinstance.py:1377} INFO - Starting attempt 1 of 6
[2023-12-10 19:46:38,467] {taskinstance.py:1378} INFO - 
--------------------------------------------------------------------------------
[2023-12-10 19:46:38,607] {taskinstance.py:1397} INFO - Executing <Task(BashOperator): primera_tarea> on 2023-09-15 00:00:00+00:00
[2023-12-10 19:46:38,788] {standard_task_runner.py:52} INFO - Started process 4293 to run task
[2023-12-10 19:46:38,821] {standard_task_runner.py:79} INFO - Running: ['***', 'tasks', 'run', 'mi_primer_dag_v3', 'primera_tarea', 'scheduled__2023-09-15T00:00:00+00:00', '--job-id', '1226', '--raw', '--subdir', 'DAGS_FOLDER/primer_dag_v3.py', '--cfg-path', '/tmp/tmpijp7_b88', '--error-file', '/tmp/tmpg4v2at61']
[2023-12-10 19:46:39,287] {standard_task_runner.py:80} INFO - Job 1226: Subtask primera_tarea
[2023-12-10 19:46:40,562] {task_command.py:371} INFO - Running <TaskInstance: mi_primer_dag_v3.primera_tarea scheduled__2023-09-15T00:00:00+00:00 [running]> on host 42828894a739
[2023-12-10 19:46:42,612] {taskinstance.py:1591} INFO - Exporting the following env vars:
AIRFLOW_CTX_DAG_OWNER=DavidBU
AIRFLOW_CTX_DAG_ID=mi_primer_dag_v3
AIRFLOW_CTX_TASK_ID=primera_tarea
AIRFLOW_CTX_EXECUTION_DATE=2023-09-15T00:00:00+00:00
AIRFLOW_CTX_TRY_NUMBER=1
AIRFLOW_CTX_DAG_RUN_ID=scheduled__2023-09-15T00:00:00+00:00
[2023-12-10 19:46:42,645] {subprocess.py:62} INFO - Tmp dir root location: 
 /tmp
[2023-12-10 19:46:42,695] {subprocess.py:74} INFO - Running command: ['bash', '-c', 'echo hola mundo, esta es nuestra primera tarea!']
[2023-12-10 19:46:42,860] {subprocess.py:85} INFO - Output:
[2023-12-10 19:46:42,940] {subprocess.py:92} INFO - hola mundo, esta es nuestra primera tarea!
[2023-12-10 19:46:42,956] {subprocess.py:96} INFO - Command exited with return code 0
[2023-12-10 19:46:44,071] {taskinstance.py:1420} INFO - Marking task as SUCCESS. dag_id=mi_primer_dag_v3, task_id=primera_tarea, execution_date=20230915T000000, start_date=20231210T194637, end_date=20231210T194644
[2023-12-10 19:46:44,827] {local_task_job.py:156} INFO - Task exited with return code 0
[2023-12-10 19:46:45,405] {local_task_job.py:273} INFO - 2 downstream tasks scheduled from follow-on schedule check
