[2023-12-10 19:32:52,652] {taskinstance.py:1179} INFO - Dependencies all met for <TaskInstance: mi_primer_dag_v3.primera_tarea scheduled__2022-10-16T00:00:00+00:00 [queued]>
[2023-12-10 19:32:52,710] {taskinstance.py:1179} INFO - Dependencies all met for <TaskInstance: mi_primer_dag_v3.primera_tarea scheduled__2022-10-16T00:00:00+00:00 [queued]>
[2023-12-10 19:32:52,715] {taskinstance.py:1376} INFO - 
--------------------------------------------------------------------------------
[2023-12-10 19:32:52,716] {taskinstance.py:1377} INFO - Starting attempt 1 of 6
[2023-12-10 19:32:52,718] {taskinstance.py:1378} INFO - 
--------------------------------------------------------------------------------
[2023-12-10 19:32:52,830] {taskinstance.py:1397} INFO - Executing <Task(BashOperator): primera_tarea> on 2022-10-16 00:00:00+00:00
[2023-12-10 19:32:52,837] {standard_task_runner.py:52} INFO - Started process 950 to run task
[2023-12-10 19:32:52,858] {standard_task_runner.py:79} INFO - Running: ['***', 'tasks', 'run', 'mi_primer_dag_v3', 'primera_tarea', 'scheduled__2022-10-16T00:00:00+00:00', '--job-id', '226', '--raw', '--subdir', 'DAGS_FOLDER/primer_dag_v3.py', '--cfg-path', '/tmp/tmpqcced4ir', '--error-file', '/tmp/tmpq70p9l4a']
[2023-12-10 19:32:52,864] {standard_task_runner.py:80} INFO - Job 226: Subtask primera_tarea
[2023-12-10 19:32:53,143] {task_command.py:371} INFO - Running <TaskInstance: mi_primer_dag_v3.primera_tarea scheduled__2022-10-16T00:00:00+00:00 [running]> on host 42828894a739
[2023-12-10 19:32:53,901] {taskinstance.py:1591} INFO - Exporting the following env vars:
AIRFLOW_CTX_DAG_OWNER=DavidBU
AIRFLOW_CTX_DAG_ID=mi_primer_dag_v3
AIRFLOW_CTX_TASK_ID=primera_tarea
AIRFLOW_CTX_EXECUTION_DATE=2022-10-16T00:00:00+00:00
AIRFLOW_CTX_TRY_NUMBER=1
AIRFLOW_CTX_DAG_RUN_ID=scheduled__2022-10-16T00:00:00+00:00
[2023-12-10 19:32:53,932] {subprocess.py:62} INFO - Tmp dir root location: 
 /tmp
[2023-12-10 19:32:53,948] {subprocess.py:74} INFO - Running command: ['bash', '-c', 'echo hola mundo, esta es nuestra primera tarea!']
[2023-12-10 19:32:54,023] {subprocess.py:85} INFO - Output:
[2023-12-10 19:32:54,056] {subprocess.py:92} INFO - hola mundo, esta es nuestra primera tarea!
[2023-12-10 19:32:54,069] {subprocess.py:96} INFO - Command exited with return code 0
[2023-12-10 19:32:54,752] {taskinstance.py:1420} INFO - Marking task as SUCCESS. dag_id=mi_primer_dag_v3, task_id=primera_tarea, execution_date=20221016T000000, start_date=20231210T193252, end_date=20231210T193254
[2023-12-10 19:32:54,828] {local_task_job.py:156} INFO - Task exited with return code 0
[2023-12-10 19:32:55,211] {local_task_job.py:273} INFO - 2 downstream tasks scheduled from follow-on schedule check
