[2023-12-10 19:39:55,018] {taskinstance.py:1179} INFO - Dependencies all met for <TaskInstance: mi_primer_dag_v3.primera_tarea scheduled__2023-03-28T00:00:00+00:00 [queued]>
[2023-12-10 19:39:55,124] {taskinstance.py:1179} INFO - Dependencies all met for <TaskInstance: mi_primer_dag_v3.primera_tarea scheduled__2023-03-28T00:00:00+00:00 [queued]>
[2023-12-10 19:39:55,125] {taskinstance.py:1376} INFO - 
--------------------------------------------------------------------------------
[2023-12-10 19:39:55,131] {taskinstance.py:1377} INFO - Starting attempt 1 of 6
[2023-12-10 19:39:55,132] {taskinstance.py:1378} INFO - 
--------------------------------------------------------------------------------
[2023-12-10 19:39:55,321] {taskinstance.py:1397} INFO - Executing <Task(BashOperator): primera_tarea> on 2023-03-28 00:00:00+00:00
[2023-12-10 19:39:55,336] {standard_task_runner.py:52} INFO - Started process 2574 to run task
[2023-12-10 19:39:55,363] {standard_task_runner.py:79} INFO - Running: ['***', 'tasks', 'run', 'mi_primer_dag_v3', 'primera_tarea', 'scheduled__2023-03-28T00:00:00+00:00', '--job-id', '709', '--raw', '--subdir', 'DAGS_FOLDER/primer_dag_v3.py', '--cfg-path', '/tmp/tmphe5ax_xj', '--error-file', '/tmp/tmpcdt6vr6w']
[2023-12-10 19:39:55,371] {standard_task_runner.py:80} INFO - Job 709: Subtask primera_tarea
[2023-12-10 19:39:56,005] {task_command.py:371} INFO - Running <TaskInstance: mi_primer_dag_v3.primera_tarea scheduled__2023-03-28T00:00:00+00:00 [running]> on host 42828894a739
[2023-12-10 19:39:57,489] {taskinstance.py:1591} INFO - Exporting the following env vars:
AIRFLOW_CTX_DAG_OWNER=DavidBU
AIRFLOW_CTX_DAG_ID=mi_primer_dag_v3
AIRFLOW_CTX_TASK_ID=primera_tarea
AIRFLOW_CTX_EXECUTION_DATE=2023-03-28T00:00:00+00:00
AIRFLOW_CTX_TRY_NUMBER=1
AIRFLOW_CTX_DAG_RUN_ID=scheduled__2023-03-28T00:00:00+00:00
[2023-12-10 19:39:57,496] {subprocess.py:62} INFO - Tmp dir root location: 
 /tmp
[2023-12-10 19:39:57,515] {subprocess.py:74} INFO - Running command: ['bash', '-c', 'echo hola mundo, esta es nuestra primera tarea!']
[2023-12-10 19:39:57,673] {subprocess.py:85} INFO - Output:
[2023-12-10 19:39:57,686] {subprocess.py:92} INFO - hola mundo, esta es nuestra primera tarea!
[2023-12-10 19:39:57,731] {subprocess.py:96} INFO - Command exited with return code 0
[2023-12-10 19:39:58,245] {taskinstance.py:1420} INFO - Marking task as SUCCESS. dag_id=mi_primer_dag_v3, task_id=primera_tarea, execution_date=20230328T000000, start_date=20231210T193955, end_date=20231210T193958
[2023-12-10 19:39:58,558] {local_task_job.py:156} INFO - Task exited with return code 0
[2023-12-10 19:39:59,330] {local_task_job.py:273} INFO - 2 downstream tasks scheduled from follow-on schedule check
