[2023-12-10 19:37:52,836] {taskinstance.py:1179} INFO - Dependencies all met for <TaskInstance: mi_primer_dag_v3.primera_tarea scheduled__2023-02-05T00:00:00+00:00 [queued]>
[2023-12-10 19:37:52,862] {taskinstance.py:1179} INFO - Dependencies all met for <TaskInstance: mi_primer_dag_v3.primera_tarea scheduled__2023-02-05T00:00:00+00:00 [queued]>
[2023-12-10 19:37:52,863] {taskinstance.py:1376} INFO - 
--------------------------------------------------------------------------------
[2023-12-10 19:37:52,865] {taskinstance.py:1377} INFO - Starting attempt 1 of 6
[2023-12-10 19:37:52,865] {taskinstance.py:1378} INFO - 
--------------------------------------------------------------------------------
[2023-12-10 19:37:52,922] {taskinstance.py:1397} INFO - Executing <Task(BashOperator): primera_tarea> on 2023-02-05 00:00:00+00:00
[2023-12-10 19:37:52,937] {standard_task_runner.py:79} INFO - Running: ['***', 'tasks', 'run', 'mi_primer_dag_v3', 'primera_tarea', 'scheduled__2023-02-05T00:00:00+00:00', '--job-id', '564', '--raw', '--subdir', 'DAGS_FOLDER/primer_dag_v3.py', '--cfg-path', '/tmp/tmppeq2wzw2', '--error-file', '/tmp/tmpnfqg13i4']
[2023-12-10 19:37:52,941] {standard_task_runner.py:80} INFO - Job 564: Subtask primera_tarea
[2023-12-10 19:37:52,939] {standard_task_runner.py:52} INFO - Started process 2088 to run task
[2023-12-10 19:37:53,117] {task_command.py:371} INFO - Running <TaskInstance: mi_primer_dag_v3.primera_tarea scheduled__2023-02-05T00:00:00+00:00 [running]> on host 42828894a739
[2023-12-10 19:37:53,380] {taskinstance.py:1591} INFO - Exporting the following env vars:
AIRFLOW_CTX_DAG_OWNER=DavidBU
AIRFLOW_CTX_DAG_ID=mi_primer_dag_v3
AIRFLOW_CTX_TASK_ID=primera_tarea
AIRFLOW_CTX_EXECUTION_DATE=2023-02-05T00:00:00+00:00
AIRFLOW_CTX_TRY_NUMBER=1
AIRFLOW_CTX_DAG_RUN_ID=scheduled__2023-02-05T00:00:00+00:00
[2023-12-10 19:37:53,383] {subprocess.py:62} INFO - Tmp dir root location: 
 /tmp
[2023-12-10 19:37:53,384] {subprocess.py:74} INFO - Running command: ['bash', '-c', 'echo hola mundo, esta es nuestra primera tarea!']
[2023-12-10 19:37:53,400] {subprocess.py:85} INFO - Output:
[2023-12-10 19:37:53,404] {subprocess.py:92} INFO - hola mundo, esta es nuestra primera tarea!
[2023-12-10 19:37:53,405] {subprocess.py:96} INFO - Command exited with return code 0
[2023-12-10 19:37:53,562] {taskinstance.py:1420} INFO - Marking task as SUCCESS. dag_id=mi_primer_dag_v3, task_id=primera_tarea, execution_date=20230205T000000, start_date=20231210T193752, end_date=20231210T193753
[2023-12-10 19:37:53,645] {local_task_job.py:156} INFO - Task exited with return code 0
[2023-12-10 19:37:53,833] {local_task_job.py:273} INFO - 2 downstream tasks scheduled from follow-on schedule check
