[2023-12-10 20:23:28,615] {taskinstance.py:1179} INFO - Dependencies all met for <TaskInstance: mi_primer_dar_con_PythonOperator.aloha_david scheduled__2023-02-09T00:00:00+00:00 [queued]>
[2023-12-10 20:23:28,742] {taskinstance.py:1179} INFO - Dependencies all met for <TaskInstance: mi_primer_dar_con_PythonOperator.aloha_david scheduled__2023-02-09T00:00:00+00:00 [queued]>
[2023-12-10 20:23:28,763] {taskinstance.py:1376} INFO - 
--------------------------------------------------------------------------------
[2023-12-10 20:23:28,789] {taskinstance.py:1377} INFO - Starting attempt 1 of 6
[2023-12-10 20:23:28,815] {taskinstance.py:1378} INFO - 
--------------------------------------------------------------------------------
[2023-12-10 20:23:29,024] {taskinstance.py:1397} INFO - Executing <Task(PythonOperator): aloha_david> on 2023-02-09 00:00:00+00:00
[2023-12-10 20:23:29,054] {standard_task_runner.py:52} INFO - Started process 1689 to run task
[2023-12-10 20:23:29,094] {standard_task_runner.py:79} INFO - Running: ['***', 'tasks', 'run', 'mi_primer_dar_con_PythonOperator', 'aloha_david', 'scheduled__2023-02-09T00:00:00+00:00', '--job-id', '2085', '--raw', '--subdir', 'DAGS_FOLDER/mi_primer_dag_pythonoperator.py', '--cfg-path', '/tmp/tmp944n6swj', '--error-file', '/tmp/tmpc4g6qav4']
[2023-12-10 20:23:29,108] {standard_task_runner.py:80} INFO - Job 2085: Subtask aloha_david
[2023-12-10 20:23:30,082] {task_command.py:371} INFO - Running <TaskInstance: mi_primer_dar_con_PythonOperator.aloha_david scheduled__2023-02-09T00:00:00+00:00 [running]> on host 42828894a739
[2023-12-10 20:23:31,421] {taskinstance.py:1591} INFO - Exporting the following env vars:
AIRFLOW_CTX_DAG_OWNER=DavidBU
AIRFLOW_CTX_DAG_ID=mi_primer_dar_con_PythonOperator
AIRFLOW_CTX_TASK_ID=aloha_david
AIRFLOW_CTX_EXECUTION_DATE=2023-02-09T00:00:00+00:00
AIRFLOW_CTX_TRY_NUMBER=1
AIRFLOW_CTX_DAG_RUN_ID=scheduled__2023-02-09T00:00:00+00:00
[2023-12-10 20:23:31,422] {logging_mixin.py:115} INFO - Aloha Mundo soy yo!
[2023-12-10 20:23:31,424] {python.py:173} INFO - Done. Returned value was: None
[2023-12-10 20:23:31,558] {taskinstance.py:1420} INFO - Marking task as SUCCESS. dag_id=mi_primer_dar_con_PythonOperator, task_id=aloha_david, execution_date=20230209T000000, start_date=20231210T202328, end_date=20231210T202331
[2023-12-10 20:23:31,810] {local_task_job.py:156} INFO - Task exited with return code 0
[2023-12-10 20:23:32,218] {local_task_job.py:273} INFO - 0 downstream tasks scheduled from follow-on schedule check
