[2023-12-10 20:20:05,731] {taskinstance.py:1179} INFO - Dependencies all met for <TaskInstance: mi_primer_dar_con_PythonOperator.aloha_david scheduled__2022-10-02T00:00:00+00:00 [queued]>
[2023-12-10 20:20:05,905] {taskinstance.py:1179} INFO - Dependencies all met for <TaskInstance: mi_primer_dar_con_PythonOperator.aloha_david scheduled__2022-10-02T00:00:00+00:00 [queued]>
[2023-12-10 20:20:05,971] {taskinstance.py:1376} INFO - 
--------------------------------------------------------------------------------
[2023-12-10 20:20:06,005] {taskinstance.py:1377} INFO - Starting attempt 1 of 6
[2023-12-10 20:20:06,036] {taskinstance.py:1378} INFO - 
--------------------------------------------------------------------------------
[2023-12-10 20:20:06,431] {taskinstance.py:1397} INFO - Executing <Task(PythonOperator): aloha_david> on 2022-10-02 00:00:00+00:00
[2023-12-10 20:20:06,514] {standard_task_runner.py:52} INFO - Started process 784 to run task
[2023-12-10 20:20:06,573] {standard_task_runner.py:79} INFO - Running: ['***', 'tasks', 'run', 'mi_primer_dar_con_PythonOperator', 'aloha_david', 'scheduled__2022-10-02T00:00:00+00:00', '--job-id', '1828', '--raw', '--subdir', 'DAGS_FOLDER/mi_primer_dag_pythonoperator.py', '--cfg-path', '/tmp/tmplypjhcm8', '--error-file', '/tmp/tmp9pe3jweg']
[2023-12-10 20:20:06,588] {standard_task_runner.py:80} INFO - Job 1828: Subtask aloha_david
[2023-12-10 20:20:07,240] {task_command.py:371} INFO - Running <TaskInstance: mi_primer_dar_con_PythonOperator.aloha_david scheduled__2022-10-02T00:00:00+00:00 [running]> on host 42828894a739
[2023-12-10 20:20:07,996] {taskinstance.py:1591} INFO - Exporting the following env vars:
AIRFLOW_CTX_DAG_OWNER=DavidBU
AIRFLOW_CTX_DAG_ID=mi_primer_dar_con_PythonOperator
AIRFLOW_CTX_TASK_ID=aloha_david
AIRFLOW_CTX_EXECUTION_DATE=2022-10-02T00:00:00+00:00
AIRFLOW_CTX_TRY_NUMBER=1
AIRFLOW_CTX_DAG_RUN_ID=scheduled__2022-10-02T00:00:00+00:00
[2023-12-10 20:20:08,033] {logging_mixin.py:115} INFO - Aloha Mundo soy yo!
[2023-12-10 20:20:08,034] {python.py:173} INFO - Done. Returned value was: None
[2023-12-10 20:20:08,354] {taskinstance.py:1420} INFO - Marking task as SUCCESS. dag_id=mi_primer_dar_con_PythonOperator, task_id=aloha_david, execution_date=20221002T000000, start_date=20231210T202005, end_date=20231210T202008
[2023-12-10 20:20:08,618] {local_task_job.py:156} INFO - Task exited with return code 0
[2023-12-10 20:20:09,349] {local_task_job.py:273} INFO - 0 downstream tasks scheduled from follow-on schedule check
