[2023-12-10 19:31:49,126] {taskinstance.py:1179} INFO - Dependencies all met for <TaskInstance: mi_primer_dag_v3.tercera_tarea scheduled__2022-09-21T00:00:00+00:00 [queued]>
[2023-12-10 19:31:49,367] {taskinstance.py:1179} INFO - Dependencies all met for <TaskInstance: mi_primer_dag_v3.tercera_tarea scheduled__2022-09-21T00:00:00+00:00 [queued]>
[2023-12-10 19:31:49,368] {taskinstance.py:1376} INFO - 
--------------------------------------------------------------------------------
[2023-12-10 19:31:49,371] {taskinstance.py:1377} INFO - Starting attempt 1 of 6
[2023-12-10 19:31:49,373] {taskinstance.py:1378} INFO - 
--------------------------------------------------------------------------------
[2023-12-10 19:31:49,607] {taskinstance.py:1397} INFO - Executing <Task(BashOperator): tercera_tarea> on 2022-09-21 00:00:00+00:00
[2023-12-10 19:31:49,619] {standard_task_runner.py:52} INFO - Started process 722 to run task
[2023-12-10 19:31:49,644] {standard_task_runner.py:79} INFO - Running: ['***', 'tasks', 'run', 'mi_primer_dag_v3', 'tercera_tarea', 'scheduled__2022-09-21T00:00:00+00:00', '--job-id', '159', '--raw', '--subdir', 'DAGS_FOLDER/primer_dag_v3.py', '--cfg-path', '/tmp/tmpru6eeh1y', '--error-file', '/tmp/tmpik1be7iq']
[2023-12-10 19:31:49,650] {standard_task_runner.py:80} INFO - Job 159: Subtask tercera_tarea
[2023-12-10 19:31:50,538] {task_command.py:371} INFO - Running <TaskInstance: mi_primer_dag_v3.tercera_tarea scheduled__2022-09-21T00:00:00+00:00 [running]> on host 42828894a739
[2023-12-10 19:31:52,410] {taskinstance.py:1591} INFO - Exporting the following env vars:
AIRFLOW_CTX_DAG_OWNER=DavidBU
AIRFLOW_CTX_DAG_ID=mi_primer_dag_v3
AIRFLOW_CTX_TASK_ID=tercera_tarea
AIRFLOW_CTX_EXECUTION_DATE=2022-09-21T00:00:00+00:00
AIRFLOW_CTX_TRY_NUMBER=1
AIRFLOW_CTX_DAG_RUN_ID=scheduled__2022-09-21T00:00:00+00:00
[2023-12-10 19:31:52,418] {subprocess.py:62} INFO - Tmp dir root location: 
 /tmp
[2023-12-10 19:31:52,420] {subprocess.py:74} INFO - Running command: ['bash', '-c', 'echo hola, soy la tarea 3 y sere corrida luego de Tarea 1 al mismo tiempo que Tarea 2']
[2023-12-10 19:31:52,584] {subprocess.py:85} INFO - Output:
[2023-12-10 19:31:52,616] {subprocess.py:92} INFO - hola, soy la tarea 3 y sere corrida luego de Tarea 1 al mismo tiempo que Tarea 2
[2023-12-10 19:31:52,636] {subprocess.py:96} INFO - Command exited with return code 0
[2023-12-10 19:31:54,299] {taskinstance.py:1420} INFO - Marking task as SUCCESS. dag_id=mi_primer_dag_v3, task_id=tercera_tarea, execution_date=20220921T000000, start_date=20231210T193149, end_date=20231210T193154
[2023-12-10 19:31:55,172] {local_task_job.py:156} INFO - Task exited with return code 0
[2023-12-10 19:31:56,022] {local_task_job.py:273} INFO - 0 downstream tasks scheduled from follow-on schedule check
