[2023-12-10 19:45:49,255] {taskinstance.py:1179} INFO - Dependencies all met for <TaskInstance: mi_primer_dag_v3.primera_tarea scheduled__2023-08-24T00:00:00+00:00 [queued]>
[2023-12-10 19:45:49,376] {taskinstance.py:1179} INFO - Dependencies all met for <TaskInstance: mi_primer_dag_v3.primera_tarea scheduled__2023-08-24T00:00:00+00:00 [queued]>
[2023-12-10 19:45:49,410] {taskinstance.py:1376} INFO - 
--------------------------------------------------------------------------------
[2023-12-10 19:45:49,420] {taskinstance.py:1377} INFO - Starting attempt 1 of 6
[2023-12-10 19:45:49,427] {taskinstance.py:1378} INFO - 
--------------------------------------------------------------------------------
[2023-12-10 19:45:49,651] {taskinstance.py:1397} INFO - Executing <Task(BashOperator): primera_tarea> on 2023-08-24 00:00:00+00:00
[2023-12-10 19:45:49,721] {standard_task_runner.py:52} INFO - Started process 4070 to run task
[2023-12-10 19:45:49,731] {standard_task_runner.py:79} INFO - Running: ['***', 'tasks', 'run', 'mi_primer_dag_v3', 'primera_tarea', 'scheduled__2023-08-24T00:00:00+00:00', '--job-id', '1160', '--raw', '--subdir', 'DAGS_FOLDER/primer_dag_v3.py', '--cfg-path', '/tmp/tmpkln5uhp9', '--error-file', '/tmp/tmpj9i87a2d']
[2023-12-10 19:45:49,748] {standard_task_runner.py:80} INFO - Job 1160: Subtask primera_tarea
[2023-12-10 19:45:50,353] {task_command.py:371} INFO - Running <TaskInstance: mi_primer_dag_v3.primera_tarea scheduled__2023-08-24T00:00:00+00:00 [running]> on host 42828894a739
[2023-12-10 19:45:50,994] {taskinstance.py:1591} INFO - Exporting the following env vars:
AIRFLOW_CTX_DAG_OWNER=DavidBU
AIRFLOW_CTX_DAG_ID=mi_primer_dag_v3
AIRFLOW_CTX_TASK_ID=primera_tarea
AIRFLOW_CTX_EXECUTION_DATE=2023-08-24T00:00:00+00:00
AIRFLOW_CTX_TRY_NUMBER=1
AIRFLOW_CTX_DAG_RUN_ID=scheduled__2023-08-24T00:00:00+00:00
[2023-12-10 19:45:51,011] {subprocess.py:62} INFO - Tmp dir root location: 
 /tmp
[2023-12-10 19:45:51,025] {subprocess.py:74} INFO - Running command: ['bash', '-c', 'echo hola mundo, esta es nuestra primera tarea!']
[2023-12-10 19:45:51,053] {subprocess.py:85} INFO - Output:
[2023-12-10 19:45:51,058] {subprocess.py:92} INFO - hola mundo, esta es nuestra primera tarea!
[2023-12-10 19:45:51,059] {subprocess.py:96} INFO - Command exited with return code 0
[2023-12-10 19:45:51,422] {taskinstance.py:1420} INFO - Marking task as SUCCESS. dag_id=mi_primer_dag_v3, task_id=primera_tarea, execution_date=20230824T000000, start_date=20231210T194549, end_date=20231210T194551
[2023-12-10 19:45:51,553] {local_task_job.py:156} INFO - Task exited with return code 0
[2023-12-10 19:45:52,724] {local_task_job.py:273} INFO - 0 downstream tasks scheduled from follow-on schedule check
