[2023-12-21 03:23:36,325] {taskinstance.py:1179} INFO - Dependencies all met for <TaskInstance: mi_primer_dag_v4.segunda_tarea scheduled__2023-12-12T00:00:00+00:00 [queued]>
[2023-12-21 03:23:36,591] {taskinstance.py:1179} INFO - Dependencies all met for <TaskInstance: mi_primer_dag_v4.segunda_tarea scheduled__2023-12-12T00:00:00+00:00 [queued]>
[2023-12-21 03:23:36,624] {taskinstance.py:1376} INFO - 
--------------------------------------------------------------------------------
[2023-12-21 03:23:36,638] {taskinstance.py:1377} INFO - Starting attempt 1 of 6
[2023-12-21 03:23:36,648] {taskinstance.py:1378} INFO - 
--------------------------------------------------------------------------------
[2023-12-21 03:23:36,885] {taskinstance.py:1397} INFO - Executing <Task(BashOperator): segunda_tarea> on 2023-12-12 00:00:00+00:00
[2023-12-21 03:23:37,006] {standard_task_runner.py:52} INFO - Started process 368 to run task
[2023-12-21 03:23:37,162] {standard_task_runner.py:79} INFO - Running: ['***', 'tasks', 'run', 'mi_primer_dag_v4', 'segunda_tarea', 'scheduled__2023-12-12T00:00:00+00:00', '--job-id', '180', '--raw', '--subdir', 'DAGS_FOLDER/primer_dag.py', '--cfg-path', '/tmp/tmp_bjy7rsd', '--error-file', '/tmp/tmpfsi60rn3']
[2023-12-21 03:23:37,170] {standard_task_runner.py:80} INFO - Job 180: Subtask segunda_tarea
[2023-12-21 03:23:38,853] {task_command.py:371} INFO - Running <TaskInstance: mi_primer_dag_v4.segunda_tarea scheduled__2023-12-12T00:00:00+00:00 [running]> on host b0993ec57291
[2023-12-21 03:23:40,584] {taskinstance.py:1591} INFO - Exporting the following env vars:
AIRFLOW_CTX_DAG_OWNER=DavidBU
AIRFLOW_CTX_DAG_ID=mi_primer_dag_v4
AIRFLOW_CTX_TASK_ID=segunda_tarea
AIRFLOW_CTX_EXECUTION_DATE=2023-12-12T00:00:00+00:00
AIRFLOW_CTX_TRY_NUMBER=1
AIRFLOW_CTX_DAG_RUN_ID=scheduled__2023-12-12T00:00:00+00:00
[2023-12-21 03:23:40,622] {subprocess.py:62} INFO - Tmp dir root location: 
 /tmp
[2023-12-21 03:23:40,628] {subprocess.py:74} INFO - Running command: ['bash', '-c', 'echo David']
[2023-12-21 03:23:40,694] {subprocess.py:85} INFO - Output:
[2023-12-21 03:23:40,713] {subprocess.py:92} INFO - David
[2023-12-21 03:23:40,728] {subprocess.py:96} INFO - Command exited with return code 0
[2023-12-21 03:23:56,764] {taskinstance.py:1420} INFO - Marking task as SUCCESS. dag_id=mi_primer_dag_v4, task_id=segunda_tarea, execution_date=20231212T000000, start_date=20231221T032336, end_date=20231221T032356
[2023-12-21 03:23:56,989] {local_task_job.py:156} INFO - Task exited with return code 0
[2023-12-21 03:23:58,085] {local_task_job.py:273} INFO - 1 downstream tasks scheduled from follow-on schedule check
