[2023-12-11 08:04:23,157] {taskinstance.py:1179} INFO - Dependencies all met for <TaskInstance: dag_con_conexion_postgres.crear_tabla_postgres scheduled__2023-12-06T00:00:00+00:00 [queued]>
[2023-12-11 08:04:23,218] {taskinstance.py:1179} INFO - Dependencies all met for <TaskInstance: dag_con_conexion_postgres.crear_tabla_postgres scheduled__2023-12-06T00:00:00+00:00 [queued]>
[2023-12-11 08:04:23,224] {taskinstance.py:1376} INFO - 
--------------------------------------------------------------------------------
[2023-12-11 08:04:23,233] {taskinstance.py:1377} INFO - Starting attempt 2 of 6
[2023-12-11 08:04:23,234] {taskinstance.py:1378} INFO - 
--------------------------------------------------------------------------------
[2023-12-11 08:04:23,313] {taskinstance.py:1397} INFO - Executing <Task(PostgresOperator): crear_tabla_postgres> on 2023-12-06 00:00:00+00:00
[2023-12-11 08:04:23,333] {standard_task_runner.py:52} INFO - Started process 946 to run task
[2023-12-11 08:04:23,348] {standard_task_runner.py:79} INFO - Running: ['***', 'tasks', 'run', 'dag_con_conexion_postgres', 'crear_tabla_postgres', 'scheduled__2023-12-06T00:00:00+00:00', '--job-id', '82', '--raw', '--subdir', 'DAGS_FOLDER/dag_postgres_database.py', '--cfg-path', '/tmp/tmpypx1blyw', '--error-file', '/tmp/tmprf85srj6']
[2023-12-11 08:04:23,360] {standard_task_runner.py:80} INFO - Job 82: Subtask crear_tabla_postgres
[2023-12-11 08:04:23,783] {task_command.py:371} INFO - Running <TaskInstance: dag_con_conexion_postgres.crear_tabla_postgres scheduled__2023-12-06T00:00:00+00:00 [running]> on host 03477fa6e3b6
[2023-12-11 08:04:24,259] {taskinstance.py:1591} INFO - Exporting the following env vars:
AIRFLOW_CTX_DAG_OWNER=DavidBU
AIRFLOW_CTX_DAG_ID=dag_con_conexion_postgres
AIRFLOW_CTX_TASK_ID=crear_tabla_postgres
AIRFLOW_CTX_EXECUTION_DATE=2023-12-06T00:00:00+00:00
AIRFLOW_CTX_TRY_NUMBER=2
AIRFLOW_CTX_DAG_RUN_ID=scheduled__2023-12-06T00:00:00+00:00
[2023-12-11 08:04:24,316] {base.py:68} INFO - Using connection ID 'postgres_localhost' for task execution.
[2023-12-11 08:04:24,614] {dbapi.py:231} INFO - Running statement: 
            create table if not exists fin_mundo(
                dt date,
                pais varchar(30)
            )
        , parameters: None
[2023-12-11 08:04:24,835] {taskinstance.py:1420} INFO - Marking task as SUCCESS. dag_id=dag_con_conexion_postgres, task_id=crear_tabla_postgres, execution_date=20231206T000000, start_date=20231211T080423, end_date=20231211T080424
[2023-12-11 08:04:24,957] {local_task_job.py:156} INFO - Task exited with return code 0
[2023-12-11 08:04:25,214] {local_task_job.py:273} INFO - 1 downstream tasks scheduled from follow-on schedule check
