[2023-12-10 19:32:04,770] {taskinstance.py:1179} INFO - Dependencies all met for <TaskInstance: mi_primer_dag_v3.primera_tarea scheduled__2022-09-30T00:00:00+00:00 [queued]>
[2023-12-10 19:32:04,990] {taskinstance.py:1179} INFO - Dependencies all met for <TaskInstance: mi_primer_dag_v3.primera_tarea scheduled__2022-09-30T00:00:00+00:00 [queued]>
[2023-12-10 19:32:04,994] {taskinstance.py:1376} INFO - 
--------------------------------------------------------------------------------
[2023-12-10 19:32:04,996] {taskinstance.py:1377} INFO - Starting attempt 1 of 6
[2023-12-10 19:32:05,012] {taskinstance.py:1378} INFO - 
--------------------------------------------------------------------------------
[2023-12-10 19:32:05,283] {taskinstance.py:1397} INFO - Executing <Task(BashOperator): primera_tarea> on 2022-09-30 00:00:00+00:00
[2023-12-10 19:32:05,305] {standard_task_runner.py:52} INFO - Started process 783 to run task
[2023-12-10 19:32:05,381] {standard_task_runner.py:79} INFO - Running: ['***', 'tasks', 'run', 'mi_primer_dag_v3', 'primera_tarea', 'scheduled__2022-09-30T00:00:00+00:00', '--job-id', '177', '--raw', '--subdir', 'DAGS_FOLDER/primer_dag_v3.py', '--cfg-path', '/tmp/tmpcis8s8_p', '--error-file', '/tmp/tmpib4cfrgg']
[2023-12-10 19:32:05,414] {standard_task_runner.py:80} INFO - Job 177: Subtask primera_tarea
[2023-12-10 19:32:06,169] {task_command.py:371} INFO - Running <TaskInstance: mi_primer_dag_v3.primera_tarea scheduled__2022-09-30T00:00:00+00:00 [running]> on host 42828894a739
[2023-12-10 19:32:06,755] {taskinstance.py:1591} INFO - Exporting the following env vars:
AIRFLOW_CTX_DAG_OWNER=DavidBU
AIRFLOW_CTX_DAG_ID=mi_primer_dag_v3
AIRFLOW_CTX_TASK_ID=primera_tarea
AIRFLOW_CTX_EXECUTION_DATE=2022-09-30T00:00:00+00:00
AIRFLOW_CTX_TRY_NUMBER=1
AIRFLOW_CTX_DAG_RUN_ID=scheduled__2022-09-30T00:00:00+00:00
[2023-12-10 19:32:06,818] {subprocess.py:62} INFO - Tmp dir root location: 
 /tmp
[2023-12-10 19:32:06,855] {subprocess.py:74} INFO - Running command: ['bash', '-c', 'echo hola mundo, esta es nuestra primera tarea!']
[2023-12-10 19:32:06,919] {subprocess.py:85} INFO - Output:
[2023-12-10 19:32:06,926] {subprocess.py:92} INFO - hola mundo, esta es nuestra primera tarea!
[2023-12-10 19:32:06,928] {subprocess.py:96} INFO - Command exited with return code 0
[2023-12-10 19:32:07,084] {taskinstance.py:1420} INFO - Marking task as SUCCESS. dag_id=mi_primer_dag_v3, task_id=primera_tarea, execution_date=20220930T000000, start_date=20231210T193204, end_date=20231210T193207
[2023-12-10 19:32:07,169] {local_task_job.py:156} INFO - Task exited with return code 0
[2023-12-10 19:32:07,807] {local_task_job.py:273} INFO - 0 downstream tasks scheduled from follow-on schedule check
