[2023-12-29 02:20:44,779] {taskinstance.py:1032} INFO - Dependencies all met for <TaskInstance: dag_smtp_email_fin_mundo.dag_envio_fin_mundo manual__2023-12-29T02:20:34.354751+00:00 [queued]>
[2023-12-29 02:20:44,883] {taskinstance.py:1032} INFO - Dependencies all met for <TaskInstance: dag_smtp_email_fin_mundo.dag_envio_fin_mundo manual__2023-12-29T02:20:34.354751+00:00 [queued]>
[2023-12-29 02:20:44,898] {taskinstance.py:1238} INFO - 
--------------------------------------------------------------------------------
[2023-12-29 02:20:44,911] {taskinstance.py:1239} INFO - Starting attempt 1 of 1
[2023-12-29 02:20:44,944] {taskinstance.py:1240} INFO - 
--------------------------------------------------------------------------------
[2023-12-29 02:20:45,232] {taskinstance.py:1259} INFO - Executing <Task(PythonOperator): dag_envio_fin_mundo> on 2023-12-29 02:20:34.354751+00:00
[2023-12-29 02:20:45,316] {standard_task_runner.py:52} INFO - Started process 629 to run task
[2023-12-29 02:20:45,407] {standard_task_runner.py:76} INFO - Running: ['***', 'tasks', 'run', 'dag_smtp_email_fin_mundo', 'dag_envio_fin_mundo', 'manual__2023-12-29T02:20:34.354751+00:00', '--job-id', '7', '--raw', '--subdir', 'DAGS_FOLDER/dag_microdesafio_Semana7.py', '--cfg-path', '/tmp/tmpswv1qvt5', '--error-file', '/tmp/tmp7n28q9pn']
[2023-12-29 02:20:45,437] {standard_task_runner.py:77} INFO - Job 7: Subtask dag_envio_fin_mundo
[2023-12-29 02:20:46,172] {logging_mixin.py:109} INFO - Running <TaskInstance: dag_smtp_email_fin_mundo.dag_envio_fin_mundo manual__2023-12-29T02:20:34.354751+00:00 [running]> on host 2762520f2c23
[2023-12-29 02:20:46,933] {taskinstance.py:1426} INFO - Exporting the following env vars:
AIRFLOW_CTX_DAG_OWNER=DavidBU
AIRFLOW_CTX_DAG_ID=dag_smtp_email_fin_mundo
AIRFLOW_CTX_TASK_ID=dag_envio_fin_mundo
AIRFLOW_CTX_EXECUTION_DATE=2023-12-29T02:20:34.354751+00:00
AIRFLOW_CTX_DAG_RUN_ID=manual__2023-12-29T02:20:34.354751+00:00
[2023-12-29 02:20:50,334] {logging_mixin.py:109} INFO - (535, b'5.7.8 Username and Password not accepted. For more information, go to\n5.7.8  https://support.google.com/mail/?p=BadCredentials x5-20020a170902ea8500b001cfc50e5afesm14494845plb.23 - gsmtp')
[2023-12-29 02:20:50,335] {logging_mixin.py:109} INFO - Failure
[2023-12-29 02:20:50,349] {python.py:175} INFO - Done. Returned value was: None
[2023-12-29 02:20:50,665] {taskinstance.py:1277} INFO - Marking task as SUCCESS. dag_id=dag_smtp_email_fin_mundo, task_id=dag_envio_fin_mundo, execution_date=20231229T022034, start_date=20231229T022044, end_date=20231229T022050
[2023-12-29 02:20:51,450] {local_task_job.py:154} INFO - Task exited with return code 0
[2023-12-29 02:20:52,682] {local_task_job.py:264} INFO - 0 downstream tasks scheduled from follow-on schedule check
