[2023-12-21 03:23:36,170] {taskinstance.py:1179} INFO - Dependencies all met for <TaskInstance: dag_con_conexion_postgres.insertar_en_tabla scheduled__2023-12-13T00:00:00+00:00 [queued]>
[2023-12-21 03:23:36,360] {taskinstance.py:1179} INFO - Dependencies all met for <TaskInstance: dag_con_conexion_postgres.insertar_en_tabla scheduled__2023-12-13T00:00:00+00:00 [queued]>
[2023-12-21 03:23:36,362] {taskinstance.py:1376} INFO - 
--------------------------------------------------------------------------------
[2023-12-21 03:23:36,376] {taskinstance.py:1377} INFO - Starting attempt 1 of 6
[2023-12-21 03:23:36,384] {taskinstance.py:1378} INFO - 
--------------------------------------------------------------------------------
[2023-12-21 03:23:36,883] {taskinstance.py:1397} INFO - Executing <Task(PostgresOperator): insertar_en_tabla> on 2023-12-13 00:00:00+00:00
[2023-12-21 03:23:37,012] {standard_task_runner.py:52} INFO - Started process 370 to run task
[2023-12-21 03:23:37,064] {standard_task_runner.py:79} INFO - Running: ['***', 'tasks', 'run', 'dag_con_conexion_postgres', 'insertar_en_tabla', 'scheduled__2023-12-13T00:00:00+00:00', '--job-id', '179', '--raw', '--subdir', 'DAGS_FOLDER/dag_postgres_database.py', '--cfg-path', '/tmp/tmp7h9lin2z', '--error-file', '/tmp/tmprahvcl7z']
[2023-12-21 03:23:37,253] {standard_task_runner.py:80} INFO - Job 179: Subtask insertar_en_tabla
[2023-12-21 03:23:38,994] {task_command.py:371} INFO - Running <TaskInstance: dag_con_conexion_postgres.insertar_en_tabla scheduled__2023-12-13T00:00:00+00:00 [running]> on host b0993ec57291
[2023-12-21 03:23:41,055] {taskinstance.py:1591} INFO - Exporting the following env vars:
AIRFLOW_CTX_DAG_OWNER=DavidBU
AIRFLOW_CTX_DAG_ID=dag_con_conexion_postgres
AIRFLOW_CTX_TASK_ID=insertar_en_tabla
AIRFLOW_CTX_EXECUTION_DATE=2023-12-13T00:00:00+00:00
AIRFLOW_CTX_TRY_NUMBER=1
AIRFLOW_CTX_DAG_RUN_ID=scheduled__2023-12-13T00:00:00+00:00
[2023-12-21 03:23:41,295] {base.py:68} INFO - Using connection ID 'postgres_localhost' for task execution.
[2023-12-21 03:23:41,713] {dbapi.py:231} INFO - Running statement: 
            insert into fin_mundo (dt,pais) values ('12-12-2025','Colombia');
            insert into fin_mundo (dt,pais) values ('15-08-2035','Brasil');
            insert into fin_mundo (dt,pais) values ('21-09-2030','Argentina');
            insert into fin_mundo (dt,pais) values ('13-07-2045','Chile');
            insert into fin_mundo (dt,pais) values ('17-11-2028','Ecuador');
            insert into fin_mundo (dt,pais) values ('19-03-2032','Peru');
            insert into fin_mundo (dt,pais) values ('18-08-2026','Uruguay');
            insert into fin_mundo (dt,pais) values ('22-05-2037','Paraguay');
            insert into fin_mundo (dt,pais) values ('12-12-2080','Venezuela');
            insert into fin_mundo (dt,pais) values ('12-12-2071','Mexico');
        , parameters: None
[2023-12-21 03:23:41,775] {dbapi.py:239} INFO - Rows affected: 1
[2023-12-21 03:23:57,608] {taskinstance.py:1420} INFO - Marking task as SUCCESS. dag_id=dag_con_conexion_postgres, task_id=insertar_en_tabla, execution_date=20231213T000000, start_date=20231221T032336, end_date=20231221T032357
[2023-12-21 03:23:58,038] {local_task_job.py:156} INFO - Task exited with return code 0
[2023-12-21 03:23:58,968] {local_task_job.py:273} INFO - 0 downstream tasks scheduled from follow-on schedule check
