[2023-12-10 20:18:24,278] {taskinstance.py:1179} INFO - Dependencies all met for <TaskInstance: mi_primer_dag.primer_task scheduled__2023-03-10T00:00:00+00:00 [queued]>
[2023-12-10 20:18:25,130] {taskinstance.py:1179} INFO - Dependencies all met for <TaskInstance: mi_primer_dag.primer_task scheduled__2023-03-10T00:00:00+00:00 [queued]>
[2023-12-10 20:18:25,219] {taskinstance.py:1376} INFO - 
--------------------------------------------------------------------------------
[2023-12-10 20:18:25,251] {taskinstance.py:1377} INFO - Starting attempt 1 of 6
[2023-12-10 20:18:25,268] {taskinstance.py:1378} INFO - 
--------------------------------------------------------------------------------
[2023-12-10 20:18:25,965] {taskinstance.py:1397} INFO - Executing <Task(BashOperator): primer_task> on 2023-03-10 00:00:00+00:00
[2023-12-10 20:18:26,226] {standard_task_runner.py:52} INFO - Started process 395 to run task
[2023-12-10 20:18:26,271] {standard_task_runner.py:79} INFO - Running: ['***', 'tasks', 'run', 'mi_primer_dag', 'primer_task', 'scheduled__2023-03-10T00:00:00+00:00', '--job-id', '1722', '--raw', '--subdir', 'DAGS_FOLDER/mi_primer_dag.py', '--cfg-path', '/tmp/tmp0ox8rgm_', '--error-file', '/tmp/tmp2mrf8fwx']
[2023-12-10 20:18:26,791] {standard_task_runner.py:80} INFO - Job 1722: Subtask primer_task
[2023-12-10 20:18:28,935] {task_command.py:371} INFO - Running <TaskInstance: mi_primer_dag.primer_task scheduled__2023-03-10T00:00:00+00:00 [running]> on host 42828894a739
[2023-12-10 20:18:30,054] {taskinstance.py:1591} INFO - Exporting the following env vars:
AIRFLOW_CTX_DAG_OWNER=DavidBU
AIRFLOW_CTX_DAG_ID=mi_primer_dag
AIRFLOW_CTX_TASK_ID=primer_task
AIRFLOW_CTX_EXECUTION_DATE=2023-03-10T00:00:00+00:00
AIRFLOW_CTX_TRY_NUMBER=1
AIRFLOW_CTX_DAG_RUN_ID=scheduled__2023-03-10T00:00:00+00:00
[2023-12-10 20:18:30,088] {subprocess.py:62} INFO - Tmp dir root location: 
 /tmp
[2023-12-10 20:18:30,169] {subprocess.py:74} INFO - Running command: ['bash', '-c', 'echo hola mundo, esta es nuestra primera tarea usando bash operator!']
[2023-12-10 20:18:30,363] {subprocess.py:85} INFO - Output:
[2023-12-10 20:18:30,458] {subprocess.py:92} INFO - hola mundo, esta es nuestra primera tarea usando bash operator!
[2023-12-10 20:18:30,475] {subprocess.py:96} INFO - Command exited with return code 0
[2023-12-10 20:18:31,643] {taskinstance.py:1420} INFO - Marking task as SUCCESS. dag_id=mi_primer_dag, task_id=primer_task, execution_date=20230310T000000, start_date=20231210T201824, end_date=20231210T201831
[2023-12-10 20:18:32,194] {local_task_job.py:156} INFO - Task exited with return code 0
[2023-12-10 20:18:32,591] {local_task_job.py:273} INFO - 0 downstream tasks scheduled from follow-on schedule check
