[2023-12-11 08:24:09,728] {taskinstance.py:1179} INFO - Dependencies all met for <TaskInstance: mi_primer_dag_v4.primera_tarea scheduled__2023-12-08T00:00:00+00:00 [queued]>
[2023-12-11 08:24:09,851] {taskinstance.py:1179} INFO - Dependencies all met for <TaskInstance: mi_primer_dag_v4.primera_tarea scheduled__2023-12-08T00:00:00+00:00 [queued]>
[2023-12-11 08:24:09,860] {taskinstance.py:1376} INFO - 
--------------------------------------------------------------------------------
[2023-12-11 08:24:09,862] {taskinstance.py:1377} INFO - Starting attempt 1 of 6
[2023-12-11 08:24:09,865] {taskinstance.py:1378} INFO - 
--------------------------------------------------------------------------------
[2023-12-11 08:24:10,400] {taskinstance.py:1397} INFO - Executing <Task(BashOperator): primera_tarea> on 2023-12-08 00:00:00+00:00
[2023-12-11 08:24:10,574] {standard_task_runner.py:52} INFO - Started process 3211 to run task
[2023-12-11 08:24:10,754] {standard_task_runner.py:79} INFO - Running: ['***', 'tasks', 'run', 'mi_primer_dag_v4', 'primera_tarea', 'scheduled__2023-12-08T00:00:00+00:00', '--job-id', '102', '--raw', '--subdir', 'DAGS_FOLDER/primer_dag.py', '--cfg-path', '/tmp/tmp18xgmocq', '--error-file', '/tmp/tmp2my4rss_']
[2023-12-11 08:24:10,844] {standard_task_runner.py:80} INFO - Job 102: Subtask primera_tarea
[2023-12-11 08:24:12,393] {task_command.py:371} INFO - Running <TaskInstance: mi_primer_dag_v4.primera_tarea scheduled__2023-12-08T00:00:00+00:00 [running]> on host 03477fa6e3b6
[2023-12-11 08:24:12,957] {taskinstance.py:1591} INFO - Exporting the following env vars:
AIRFLOW_CTX_DAG_OWNER=DavidBU
AIRFLOW_CTX_DAG_ID=mi_primer_dag_v4
AIRFLOW_CTX_TASK_ID=primera_tarea
AIRFLOW_CTX_EXECUTION_DATE=2023-12-08T00:00:00+00:00
AIRFLOW_CTX_TRY_NUMBER=1
AIRFLOW_CTX_DAG_RUN_ID=scheduled__2023-12-08T00:00:00+00:00
[2023-12-11 08:24:12,962] {subprocess.py:62} INFO - Tmp dir root location: 
 /tmp
[2023-12-11 08:24:13,001] {subprocess.py:74} INFO - Running command: ['bash', '-c', 'echo Chile']
[2023-12-11 08:24:13,040] {subprocess.py:85} INFO - Output:
[2023-12-11 08:24:13,046] {subprocess.py:92} INFO - Chile
[2023-12-11 08:24:13,047] {subprocess.py:96} INFO - Command exited with return code 0
[2023-12-11 08:24:13,364] {taskinstance.py:1420} INFO - Marking task as SUCCESS. dag_id=mi_primer_dag_v4, task_id=primera_tarea, execution_date=20231208T000000, start_date=20231211T082409, end_date=20231211T082413
[2023-12-11 08:24:13,541] {local_task_job.py:156} INFO - Task exited with return code 0
[2023-12-11 08:24:14,173] {local_task_job.py:273} INFO - 0 downstream tasks scheduled from follow-on schedule check
