[2023-12-10 20:28:30,003] {taskinstance.py:1179} INFO - Dependencies all met for <TaskInstance: mi_primer_dar_con_PythonOperator.aloha_david scheduled__2023-10-21T00:00:00+00:00 [queued]>
[2023-12-10 20:28:30,188] {taskinstance.py:1179} INFO - Dependencies all met for <TaskInstance: mi_primer_dar_con_PythonOperator.aloha_david scheduled__2023-10-21T00:00:00+00:00 [queued]>
[2023-12-10 20:28:30,195] {taskinstance.py:1376} INFO - 
--------------------------------------------------------------------------------
[2023-12-10 20:28:30,196] {taskinstance.py:1377} INFO - Starting attempt 1 of 6
[2023-12-10 20:28:30,197] {taskinstance.py:1378} INFO - 
--------------------------------------------------------------------------------
[2023-12-10 20:28:30,324] {taskinstance.py:1397} INFO - Executing <Task(PythonOperator): aloha_david> on 2023-10-21 00:00:00+00:00
[2023-12-10 20:28:30,332] {standard_task_runner.py:52} INFO - Started process 2879 to run task
[2023-12-10 20:28:30,358] {standard_task_runner.py:79} INFO - Running: ['***', 'tasks', 'run', 'mi_primer_dar_con_PythonOperator', 'aloha_david', 'scheduled__2023-10-21T00:00:00+00:00', '--job-id', '2432', '--raw', '--subdir', 'DAGS_FOLDER/mi_primer_dag_pythonoperator.py', '--cfg-path', '/tmp/tmpxue6sw9p', '--error-file', '/tmp/tmpy2b7v6sa']
[2023-12-10 20:28:30,365] {standard_task_runner.py:80} INFO - Job 2432: Subtask aloha_david
[2023-12-10 20:28:31,017] {task_command.py:371} INFO - Running <TaskInstance: mi_primer_dar_con_PythonOperator.aloha_david scheduled__2023-10-21T00:00:00+00:00 [running]> on host 42828894a739
[2023-12-10 20:28:31,837] {taskinstance.py:1591} INFO - Exporting the following env vars:
AIRFLOW_CTX_DAG_OWNER=DavidBU
AIRFLOW_CTX_DAG_ID=mi_primer_dar_con_PythonOperator
AIRFLOW_CTX_TASK_ID=aloha_david
AIRFLOW_CTX_EXECUTION_DATE=2023-10-21T00:00:00+00:00
AIRFLOW_CTX_TRY_NUMBER=1
AIRFLOW_CTX_DAG_RUN_ID=scheduled__2023-10-21T00:00:00+00:00
[2023-12-10 20:28:31,853] {logging_mixin.py:115} INFO - Aloha Mundo soy yo!
[2023-12-10 20:28:31,860] {python.py:173} INFO - Done. Returned value was: None
[2023-12-10 20:28:32,002] {taskinstance.py:1420} INFO - Marking task as SUCCESS. dag_id=mi_primer_dar_con_PythonOperator, task_id=aloha_david, execution_date=20231021T000000, start_date=20231210T202830, end_date=20231210T202832
[2023-12-10 20:28:32,226] {local_task_job.py:156} INFO - Task exited with return code 0
[2023-12-10 20:28:32,398] {local_task_job.py:273} INFO - 0 downstream tasks scheduled from follow-on schedule check
