[2023-12-10 20:23:26,003] {taskinstance.py:1179} INFO - Dependencies all met for <TaskInstance: mi_primer_dag.primer_task scheduled__2023-09-06T00:00:00+00:00 [queued]>
[2023-12-10 20:23:26,035] {taskinstance.py:1179} INFO - Dependencies all met for <TaskInstance: mi_primer_dag.primer_task scheduled__2023-09-06T00:00:00+00:00 [queued]>
[2023-12-10 20:23:26,036] {taskinstance.py:1376} INFO - 
--------------------------------------------------------------------------------
[2023-12-10 20:23:26,038] {taskinstance.py:1377} INFO - Starting attempt 1 of 6
[2023-12-10 20:23:26,040] {taskinstance.py:1378} INFO - 
--------------------------------------------------------------------------------
[2023-12-10 20:23:26,101] {taskinstance.py:1397} INFO - Executing <Task(BashOperator): primer_task> on 2023-09-06 00:00:00+00:00
[2023-12-10 20:23:26,110] {standard_task_runner.py:52} INFO - Started process 1672 to run task
[2023-12-10 20:23:26,121] {standard_task_runner.py:79} INFO - Running: ['***', 'tasks', 'run', 'mi_primer_dag', 'primer_task', 'scheduled__2023-09-06T00:00:00+00:00', '--job-id', '2080', '--raw', '--subdir', 'DAGS_FOLDER/mi_primer_dag.py', '--cfg-path', '/tmp/tmpgf_2tehn', '--error-file', '/tmp/tmpqjm6ipki']
[2023-12-10 20:23:26,124] {standard_task_runner.py:80} INFO - Job 2080: Subtask primer_task
[2023-12-10 20:23:26,498] {task_command.py:371} INFO - Running <TaskInstance: mi_primer_dag.primer_task scheduled__2023-09-06T00:00:00+00:00 [running]> on host 42828894a739
[2023-12-10 20:23:27,348] {taskinstance.py:1591} INFO - Exporting the following env vars:
AIRFLOW_CTX_DAG_OWNER=DavidBU
AIRFLOW_CTX_DAG_ID=mi_primer_dag
AIRFLOW_CTX_TASK_ID=primer_task
AIRFLOW_CTX_EXECUTION_DATE=2023-09-06T00:00:00+00:00
AIRFLOW_CTX_TRY_NUMBER=1
AIRFLOW_CTX_DAG_RUN_ID=scheduled__2023-09-06T00:00:00+00:00
[2023-12-10 20:23:27,350] {subprocess.py:62} INFO - Tmp dir root location: 
 /tmp
[2023-12-10 20:23:27,363] {subprocess.py:74} INFO - Running command: ['bash', '-c', 'echo hola mundo, esta es nuestra primera tarea usando bash operator!']
[2023-12-10 20:23:27,438] {subprocess.py:85} INFO - Output:
[2023-12-10 20:23:27,442] {subprocess.py:92} INFO - hola mundo, esta es nuestra primera tarea usando bash operator!
[2023-12-10 20:23:27,445] {subprocess.py:96} INFO - Command exited with return code 0
[2023-12-10 20:23:27,725] {taskinstance.py:1420} INFO - Marking task as SUCCESS. dag_id=mi_primer_dag, task_id=primer_task, execution_date=20230906T000000, start_date=20231210T202326, end_date=20231210T202327
[2023-12-10 20:23:27,822] {local_task_job.py:156} INFO - Task exited with return code 0
[2023-12-10 20:23:28,021] {local_task_job.py:273} INFO - 0 downstream tasks scheduled from follow-on schedule check
