[2023-12-10 19:31:19,615] {taskinstance.py:1179} INFO - Dependencies all met for <TaskInstance: mi_primer_dag_v3.primera_tarea scheduled__2022-09-14T00:00:00+00:00 [queued]>
[2023-12-10 19:31:20,160] {taskinstance.py:1179} INFO - Dependencies all met for <TaskInstance: mi_primer_dag_v3.primera_tarea scheduled__2022-09-14T00:00:00+00:00 [queued]>
[2023-12-10 19:31:20,216] {taskinstance.py:1376} INFO - 
--------------------------------------------------------------------------------
[2023-12-10 19:31:20,282] {taskinstance.py:1377} INFO - Starting attempt 1 of 6
[2023-12-10 19:31:20,299] {taskinstance.py:1378} INFO - 
--------------------------------------------------------------------------------
[2023-12-10 19:31:21,249] {taskinstance.py:1397} INFO - Executing <Task(BashOperator): primera_tarea> on 2022-09-14 00:00:00+00:00
[2023-12-10 19:31:21,365] {standard_task_runner.py:52} INFO - Started process 611 to run task
[2023-12-10 19:31:21,466] {standard_task_runner.py:79} INFO - Running: ['***', 'tasks', 'run', 'mi_primer_dag_v3', 'primera_tarea', 'scheduled__2022-09-14T00:00:00+00:00', '--job-id', '126', '--raw', '--subdir', 'DAGS_FOLDER/primer_dag_v3.py', '--cfg-path', '/tmp/tmpt3b3nh55', '--error-file', '/tmp/tmpinz3hc5i']
[2023-12-10 19:31:21,607] {standard_task_runner.py:80} INFO - Job 126: Subtask primera_tarea
[2023-12-10 19:31:23,161] {task_command.py:371} INFO - Running <TaskInstance: mi_primer_dag_v3.primera_tarea scheduled__2022-09-14T00:00:00+00:00 [running]> on host 42828894a739
[2023-12-10 19:31:25,660] {taskinstance.py:1591} INFO - Exporting the following env vars:
AIRFLOW_CTX_DAG_OWNER=DavidBU
AIRFLOW_CTX_DAG_ID=mi_primer_dag_v3
AIRFLOW_CTX_TASK_ID=primera_tarea
AIRFLOW_CTX_EXECUTION_DATE=2022-09-14T00:00:00+00:00
AIRFLOW_CTX_TRY_NUMBER=1
AIRFLOW_CTX_DAG_RUN_ID=scheduled__2022-09-14T00:00:00+00:00
[2023-12-10 19:31:25,682] {subprocess.py:62} INFO - Tmp dir root location: 
 /tmp
[2023-12-10 19:31:25,703] {subprocess.py:74} INFO - Running command: ['bash', '-c', 'echo hola mundo, esta es nuestra primera tarea!']
[2023-12-10 19:31:25,780] {subprocess.py:85} INFO - Output:
[2023-12-10 19:31:25,789] {subprocess.py:92} INFO - hola mundo, esta es nuestra primera tarea!
[2023-12-10 19:31:25,801] {subprocess.py:96} INFO - Command exited with return code 0
[2023-12-10 19:31:26,128] {taskinstance.py:1420} INFO - Marking task as SUCCESS. dag_id=mi_primer_dag_v3, task_id=primera_tarea, execution_date=20220914T000000, start_date=20231210T193119, end_date=20231210T193126
[2023-12-10 19:31:26,424] {local_task_job.py:156} INFO - Task exited with return code 0
[2023-12-10 19:31:27,596] {local_task_job.py:273} INFO - 2 downstream tasks scheduled from follow-on schedule check
