[2023-12-10 19:41:46,381] {taskinstance.py:1179} INFO - Dependencies all met for <TaskInstance: mi_primer_dag_v3.primera_tarea scheduled__2023-05-04T00:00:00+00:00 [queued]>
[2023-12-10 19:41:46,604] {taskinstance.py:1179} INFO - Dependencies all met for <TaskInstance: mi_primer_dag_v3.primera_tarea scheduled__2023-05-04T00:00:00+00:00 [queued]>
[2023-12-10 19:41:46,635] {taskinstance.py:1376} INFO - 
--------------------------------------------------------------------------------
[2023-12-10 19:41:46,656] {taskinstance.py:1377} INFO - Starting attempt 1 of 6
[2023-12-10 19:41:46,760] {taskinstance.py:1378} INFO - 
--------------------------------------------------------------------------------
[2023-12-10 19:41:47,108] {taskinstance.py:1397} INFO - Executing <Task(BashOperator): primera_tarea> on 2023-05-04 00:00:00+00:00
[2023-12-10 19:41:47,290] {standard_task_runner.py:52} INFO - Started process 2934 to run task
[2023-12-10 19:41:47,346] {standard_task_runner.py:79} INFO - Running: ['***', 'tasks', 'run', 'mi_primer_dag_v3', 'primera_tarea', 'scheduled__2023-05-04T00:00:00+00:00', '--job-id', '819', '--raw', '--subdir', 'DAGS_FOLDER/primer_dag_v3.py', '--cfg-path', '/tmp/tmp236uwc43', '--error-file', '/tmp/tmp_rhzi2q1']
[2023-12-10 19:41:47,401] {standard_task_runner.py:80} INFO - Job 819: Subtask primera_tarea
[2023-12-10 19:41:48,780] {task_command.py:371} INFO - Running <TaskInstance: mi_primer_dag_v3.primera_tarea scheduled__2023-05-04T00:00:00+00:00 [running]> on host 42828894a739
[2023-12-10 19:41:50,654] {taskinstance.py:1591} INFO - Exporting the following env vars:
AIRFLOW_CTX_DAG_OWNER=DavidBU
AIRFLOW_CTX_DAG_ID=mi_primer_dag_v3
AIRFLOW_CTX_TASK_ID=primera_tarea
AIRFLOW_CTX_EXECUTION_DATE=2023-05-04T00:00:00+00:00
AIRFLOW_CTX_TRY_NUMBER=1
AIRFLOW_CTX_DAG_RUN_ID=scheduled__2023-05-04T00:00:00+00:00
[2023-12-10 19:41:50,659] {subprocess.py:62} INFO - Tmp dir root location: 
 /tmp
[2023-12-10 19:41:50,661] {subprocess.py:74} INFO - Running command: ['bash', '-c', 'echo hola mundo, esta es nuestra primera tarea!']
[2023-12-10 19:41:50,774] {subprocess.py:85} INFO - Output:
[2023-12-10 19:41:50,780] {subprocess.py:92} INFO - hola mundo, esta es nuestra primera tarea!
[2023-12-10 19:41:50,794] {subprocess.py:96} INFO - Command exited with return code 0
[2023-12-10 19:41:51,663] {taskinstance.py:1420} INFO - Marking task as SUCCESS. dag_id=mi_primer_dag_v3, task_id=primera_tarea, execution_date=20230504T000000, start_date=20231210T194146, end_date=20231210T194151
[2023-12-10 19:41:51,861] {local_task_job.py:156} INFO - Task exited with return code 0
[2023-12-10 19:41:52,346] {local_task_job.py:273} INFO - 2 downstream tasks scheduled from follow-on schedule check
