[2023-12-10 19:38:18,068] {taskinstance.py:1179} INFO - Dependencies all met for <TaskInstance: mi_primer_dag_v3.tercera_tarea scheduled__2023-02-14T00:00:00+00:00 [queued]>
[2023-12-10 19:38:18,260] {taskinstance.py:1179} INFO - Dependencies all met for <TaskInstance: mi_primer_dag_v3.tercera_tarea scheduled__2023-02-14T00:00:00+00:00 [queued]>
[2023-12-10 19:38:18,282] {taskinstance.py:1376} INFO - 
--------------------------------------------------------------------------------
[2023-12-10 19:38:18,293] {taskinstance.py:1377} INFO - Starting attempt 1 of 6
[2023-12-10 19:38:18,294] {taskinstance.py:1378} INFO - 
--------------------------------------------------------------------------------
[2023-12-10 19:38:18,736] {taskinstance.py:1397} INFO - Executing <Task(BashOperator): tercera_tarea> on 2023-02-14 00:00:00+00:00
[2023-12-10 19:38:18,766] {standard_task_runner.py:52} INFO - Started process 2198 to run task
[2023-12-10 19:38:18,789] {standard_task_runner.py:79} INFO - Running: ['***', 'tasks', 'run', 'mi_primer_dag_v3', 'tercera_tarea', 'scheduled__2023-02-14T00:00:00+00:00', '--job-id', '597', '--raw', '--subdir', 'DAGS_FOLDER/primer_dag_v3.py', '--cfg-path', '/tmp/tmpji3gritd', '--error-file', '/tmp/tmpbez6017s']
[2023-12-10 19:38:18,844] {standard_task_runner.py:80} INFO - Job 597: Subtask tercera_tarea
[2023-12-10 19:38:19,864] {task_command.py:371} INFO - Running <TaskInstance: mi_primer_dag_v3.tercera_tarea scheduled__2023-02-14T00:00:00+00:00 [running]> on host 42828894a739
[2023-12-10 19:38:21,407] {taskinstance.py:1591} INFO - Exporting the following env vars:
AIRFLOW_CTX_DAG_OWNER=DavidBU
AIRFLOW_CTX_DAG_ID=mi_primer_dag_v3
AIRFLOW_CTX_TASK_ID=tercera_tarea
AIRFLOW_CTX_EXECUTION_DATE=2023-02-14T00:00:00+00:00
AIRFLOW_CTX_TRY_NUMBER=1
AIRFLOW_CTX_DAG_RUN_ID=scheduled__2023-02-14T00:00:00+00:00
[2023-12-10 19:38:21,412] {subprocess.py:62} INFO - Tmp dir root location: 
 /tmp
[2023-12-10 19:38:21,414] {subprocess.py:74} INFO - Running command: ['bash', '-c', 'echo hola, soy la tarea 3 y sere corrida luego de Tarea 1 al mismo tiempo que Tarea 2']
[2023-12-10 19:38:21,567] {subprocess.py:85} INFO - Output:
[2023-12-10 19:38:21,591] {subprocess.py:92} INFO - hola, soy la tarea 3 y sere corrida luego de Tarea 1 al mismo tiempo que Tarea 2
[2023-12-10 19:38:21,604] {subprocess.py:96} INFO - Command exited with return code 0
[2023-12-10 19:38:22,196] {taskinstance.py:1420} INFO - Marking task as SUCCESS. dag_id=mi_primer_dag_v3, task_id=tercera_tarea, execution_date=20230214T000000, start_date=20231210T193818, end_date=20231210T193822
[2023-12-10 19:38:22,378] {local_task_job.py:156} INFO - Task exited with return code 0
[2023-12-10 19:38:22,859] {local_task_job.py:273} INFO - 0 downstream tasks scheduled from follow-on schedule check
