[2023-12-10 19:39:07,952] {taskinstance.py:1179} INFO - Dependencies all met for <TaskInstance: mi_primer_dag_v3.segunda_tarea scheduled__2023-03-07T00:00:00+00:00 [queued]>
[2023-12-10 19:39:08,164] {taskinstance.py:1179} INFO - Dependencies all met for <TaskInstance: mi_primer_dag_v3.segunda_tarea scheduled__2023-03-07T00:00:00+00:00 [queued]>
[2023-12-10 19:39:08,166] {taskinstance.py:1376} INFO - 
--------------------------------------------------------------------------------
[2023-12-10 19:39:08,181] {taskinstance.py:1377} INFO - Starting attempt 1 of 6
[2023-12-10 19:39:08,185] {taskinstance.py:1378} INFO - 
--------------------------------------------------------------------------------
[2023-12-10 19:39:08,446] {taskinstance.py:1397} INFO - Executing <Task(BashOperator): segunda_tarea> on 2023-03-07 00:00:00+00:00
[2023-12-10 19:39:08,460] {standard_task_runner.py:52} INFO - Started process 2400 to run task
[2023-12-10 19:39:08,519] {standard_task_runner.py:79} INFO - Running: ['***', 'tasks', 'run', 'mi_primer_dag_v3', 'segunda_tarea', 'scheduled__2023-03-07T00:00:00+00:00', '--job-id', '658', '--raw', '--subdir', 'DAGS_FOLDER/primer_dag_v3.py', '--cfg-path', '/tmp/tmpcuih4oss', '--error-file', '/tmp/tmpbmt3tlui']
[2023-12-10 19:39:08,591] {standard_task_runner.py:80} INFO - Job 658: Subtask segunda_tarea
[2023-12-10 19:39:10,177] {task_command.py:371} INFO - Running <TaskInstance: mi_primer_dag_v3.segunda_tarea scheduled__2023-03-07T00:00:00+00:00 [running]> on host 42828894a739
[2023-12-10 19:39:11,670] {taskinstance.py:1591} INFO - Exporting the following env vars:
AIRFLOW_CTX_DAG_OWNER=DavidBU
AIRFLOW_CTX_DAG_ID=mi_primer_dag_v3
AIRFLOW_CTX_TASK_ID=segunda_tarea
AIRFLOW_CTX_EXECUTION_DATE=2023-03-07T00:00:00+00:00
AIRFLOW_CTX_TRY_NUMBER=1
AIRFLOW_CTX_DAG_RUN_ID=scheduled__2023-03-07T00:00:00+00:00
[2023-12-10 19:39:11,672] {subprocess.py:62} INFO - Tmp dir root location: 
 /tmp
[2023-12-10 19:39:11,673] {subprocess.py:74} INFO - Running command: ['bash', '-c', 'echo hola, soy la tarea 2 y sere corrida luego de la Tarea 1']
[2023-12-10 19:39:11,727] {subprocess.py:85} INFO - Output:
[2023-12-10 19:39:11,733] {subprocess.py:92} INFO - hola, soy la tarea 2 y sere corrida luego de la Tarea 1
[2023-12-10 19:39:11,735] {subprocess.py:96} INFO - Command exited with return code 0
[2023-12-10 19:39:12,353] {taskinstance.py:1420} INFO - Marking task as SUCCESS. dag_id=mi_primer_dag_v3, task_id=segunda_tarea, execution_date=20230307T000000, start_date=20231210T193907, end_date=20231210T193912
[2023-12-10 19:39:12,759] {local_task_job.py:156} INFO - Task exited with return code 0
[2023-12-10 19:39:13,129] {local_task_job.py:273} INFO - 0 downstream tasks scheduled from follow-on schedule check
