[2023-12-10 19:39:24,476] {taskinstance.py:1179} INFO - Dependencies all met for <TaskInstance: mi_primer_dag_v3.primera_tarea scheduled__2023-03-17T00:00:00+00:00 [queued]>
[2023-12-10 19:39:24,521] {taskinstance.py:1179} INFO - Dependencies all met for <TaskInstance: mi_primer_dag_v3.primera_tarea scheduled__2023-03-17T00:00:00+00:00 [queued]>
[2023-12-10 19:39:24,524] {taskinstance.py:1376} INFO - 
--------------------------------------------------------------------------------
[2023-12-10 19:39:24,527] {taskinstance.py:1377} INFO - Starting attempt 1 of 6
[2023-12-10 19:39:24,529] {taskinstance.py:1378} INFO - 
--------------------------------------------------------------------------------
[2023-12-10 19:39:24,619] {taskinstance.py:1397} INFO - Executing <Task(BashOperator): primera_tarea> on 2023-03-17 00:00:00+00:00
[2023-12-10 19:39:24,655] {standard_task_runner.py:52} INFO - Started process 2451 to run task
[2023-12-10 19:39:24,693] {standard_task_runner.py:79} INFO - Running: ['***', 'tasks', 'run', 'mi_primer_dag_v3', 'primera_tarea', 'scheduled__2023-03-17T00:00:00+00:00', '--job-id', '672', '--raw', '--subdir', 'DAGS_FOLDER/primer_dag_v3.py', '--cfg-path', '/tmp/tmpv2dl6a7m', '--error-file', '/tmp/tmpj_ak3wa0']
[2023-12-10 19:39:24,770] {standard_task_runner.py:80} INFO - Job 672: Subtask primera_tarea
[2023-12-10 19:39:25,622] {task_command.py:371} INFO - Running <TaskInstance: mi_primer_dag_v3.primera_tarea scheduled__2023-03-17T00:00:00+00:00 [running]> on host 42828894a739
[2023-12-10 19:39:26,945] {taskinstance.py:1591} INFO - Exporting the following env vars:
AIRFLOW_CTX_DAG_OWNER=DavidBU
AIRFLOW_CTX_DAG_ID=mi_primer_dag_v3
AIRFLOW_CTX_TASK_ID=primera_tarea
AIRFLOW_CTX_EXECUTION_DATE=2023-03-17T00:00:00+00:00
AIRFLOW_CTX_TRY_NUMBER=1
AIRFLOW_CTX_DAG_RUN_ID=scheduled__2023-03-17T00:00:00+00:00
[2023-12-10 19:39:27,099] {subprocess.py:62} INFO - Tmp dir root location: 
 /tmp
[2023-12-10 19:39:27,146] {subprocess.py:74} INFO - Running command: ['bash', '-c', 'echo hola mundo, esta es nuestra primera tarea!']
[2023-12-10 19:39:27,358] {subprocess.py:85} INFO - Output:
[2023-12-10 19:39:27,406] {subprocess.py:92} INFO - hola mundo, esta es nuestra primera tarea!
[2023-12-10 19:39:27,478] {subprocess.py:96} INFO - Command exited with return code 0
[2023-12-10 19:39:28,500] {taskinstance.py:1420} INFO - Marking task as SUCCESS. dag_id=mi_primer_dag_v3, task_id=primera_tarea, execution_date=20230317T000000, start_date=20231210T193924, end_date=20231210T193928
[2023-12-10 19:39:28,713] {local_task_job.py:156} INFO - Task exited with return code 0
[2023-12-10 19:39:30,082] {local_task_job.py:273} INFO - 2 downstream tasks scheduled from follow-on schedule check
