[2023-12-10 19:46:50,838] {taskinstance.py:1179} INFO - Dependencies all met for <TaskInstance: mi_primer_dag_v3.primera_tarea scheduled__2023-09-24T00:00:00+00:00 [queued]>
[2023-12-10 19:46:50,997] {taskinstance.py:1179} INFO - Dependencies all met for <TaskInstance: mi_primer_dag_v3.primera_tarea scheduled__2023-09-24T00:00:00+00:00 [queued]>
[2023-12-10 19:46:51,000] {taskinstance.py:1376} INFO - 
--------------------------------------------------------------------------------
[2023-12-10 19:46:51,021] {taskinstance.py:1377} INFO - Starting attempt 1 of 6
[2023-12-10 19:46:51,041] {taskinstance.py:1378} INFO - 
--------------------------------------------------------------------------------
[2023-12-10 19:46:51,440] {taskinstance.py:1397} INFO - Executing <Task(BashOperator): primera_tarea> on 2023-09-24 00:00:00+00:00
[2023-12-10 19:46:51,455] {standard_task_runner.py:52} INFO - Started process 4340 to run task
[2023-12-10 19:46:51,620] {standard_task_runner.py:79} INFO - Running: ['***', 'tasks', 'run', 'mi_primer_dag_v3', 'primera_tarea', 'scheduled__2023-09-24T00:00:00+00:00', '--job-id', '1241', '--raw', '--subdir', 'DAGS_FOLDER/primer_dag_v3.py', '--cfg-path', '/tmp/tmp3owqrbmn', '--error-file', '/tmp/tmpw1_p8m_z']
[2023-12-10 19:46:51,631] {standard_task_runner.py:80} INFO - Job 1241: Subtask primera_tarea
[2023-12-10 19:46:52,954] {task_command.py:371} INFO - Running <TaskInstance: mi_primer_dag_v3.primera_tarea scheduled__2023-09-24T00:00:00+00:00 [running]> on host 42828894a739
[2023-12-10 19:46:53,606] {taskinstance.py:1591} INFO - Exporting the following env vars:
AIRFLOW_CTX_DAG_OWNER=DavidBU
AIRFLOW_CTX_DAG_ID=mi_primer_dag_v3
AIRFLOW_CTX_TASK_ID=primera_tarea
AIRFLOW_CTX_EXECUTION_DATE=2023-09-24T00:00:00+00:00
AIRFLOW_CTX_TRY_NUMBER=1
AIRFLOW_CTX_DAG_RUN_ID=scheduled__2023-09-24T00:00:00+00:00
[2023-12-10 19:46:53,608] {subprocess.py:62} INFO - Tmp dir root location: 
 /tmp
[2023-12-10 19:46:53,612] {subprocess.py:74} INFO - Running command: ['bash', '-c', 'echo hola mundo, esta es nuestra primera tarea!']
[2023-12-10 19:46:53,677] {subprocess.py:85} INFO - Output:
[2023-12-10 19:46:53,685] {subprocess.py:92} INFO - hola mundo, esta es nuestra primera tarea!
[2023-12-10 19:46:53,699] {subprocess.py:96} INFO - Command exited with return code 0
[2023-12-10 19:46:54,388] {taskinstance.py:1420} INFO - Marking task as SUCCESS. dag_id=mi_primer_dag_v3, task_id=primera_tarea, execution_date=20230924T000000, start_date=20231210T194650, end_date=20231210T194654
[2023-12-10 19:46:54,869] {local_task_job.py:156} INFO - Task exited with return code 0
[2023-12-10 19:46:55,898] {local_task_job.py:273} INFO - 0 downstream tasks scheduled from follow-on schedule check
