[2023-12-10 19:35:50,159] {taskinstance.py:1179} INFO - Dependencies all met for <TaskInstance: mi_primer_dag_v3.segunda_tarea scheduled__2022-12-19T00:00:00+00:00 [queued]>
[2023-12-10 19:35:50,278] {taskinstance.py:1179} INFO - Dependencies all met for <TaskInstance: mi_primer_dag_v3.segunda_tarea scheduled__2022-12-19T00:00:00+00:00 [queued]>
[2023-12-10 19:35:50,370] {taskinstance.py:1376} INFO - 
--------------------------------------------------------------------------------
[2023-12-10 19:35:50,399] {taskinstance.py:1377} INFO - Starting attempt 1 of 6
[2023-12-10 19:35:50,402] {taskinstance.py:1378} INFO - 
--------------------------------------------------------------------------------
[2023-12-10 19:35:51,220] {taskinstance.py:1397} INFO - Executing <Task(BashOperator): segunda_tarea> on 2022-12-19 00:00:00+00:00
[2023-12-10 19:35:51,238] {standard_task_runner.py:52} INFO - Started process 1600 to run task
[2023-12-10 19:35:51,254] {standard_task_runner.py:79} INFO - Running: ['***', 'tasks', 'run', 'mi_primer_dag_v3', 'segunda_tarea', 'scheduled__2022-12-19T00:00:00+00:00', '--job-id', '420', '--raw', '--subdir', 'DAGS_FOLDER/primer_dag_v3.py', '--cfg-path', '/tmp/tmpr8d7hgoy', '--error-file', '/tmp/tmp7n9_cldv']
[2023-12-10 19:35:51,291] {standard_task_runner.py:80} INFO - Job 420: Subtask segunda_tarea
[2023-12-10 19:35:51,678] {task_command.py:371} INFO - Running <TaskInstance: mi_primer_dag_v3.segunda_tarea scheduled__2022-12-19T00:00:00+00:00 [running]> on host 42828894a739
[2023-12-10 19:35:52,049] {taskinstance.py:1591} INFO - Exporting the following env vars:
AIRFLOW_CTX_DAG_OWNER=DavidBU
AIRFLOW_CTX_DAG_ID=mi_primer_dag_v3
AIRFLOW_CTX_TASK_ID=segunda_tarea
AIRFLOW_CTX_EXECUTION_DATE=2022-12-19T00:00:00+00:00
AIRFLOW_CTX_TRY_NUMBER=1
AIRFLOW_CTX_DAG_RUN_ID=scheduled__2022-12-19T00:00:00+00:00
[2023-12-10 19:35:52,064] {subprocess.py:62} INFO - Tmp dir root location: 
 /tmp
[2023-12-10 19:35:52,072] {subprocess.py:74} INFO - Running command: ['bash', '-c', 'echo hola, soy la tarea 2 y sere corrida luego de la Tarea 1']
[2023-12-10 19:35:52,115] {subprocess.py:85} INFO - Output:
[2023-12-10 19:35:52,120] {subprocess.py:92} INFO - hola, soy la tarea 2 y sere corrida luego de la Tarea 1
[2023-12-10 19:35:52,121] {subprocess.py:96} INFO - Command exited with return code 0
[2023-12-10 19:35:52,221] {taskinstance.py:1420} INFO - Marking task as SUCCESS. dag_id=mi_primer_dag_v3, task_id=segunda_tarea, execution_date=20221219T000000, start_date=20231210T193550, end_date=20231210T193552
[2023-12-10 19:35:52,309] {local_task_job.py:156} INFO - Task exited with return code 0
[2023-12-10 19:35:52,390] {local_task_job.py:273} INFO - 0 downstream tasks scheduled from follow-on schedule check
