[2023-12-10 19:49:02,592] {taskinstance.py:1179} INFO - Dependencies all met for <TaskInstance: mi_primer_dag_v3.segunda_tarea scheduled__2023-11-24T00:00:00+00:00 [queued]>
[2023-12-10 19:49:02,651] {taskinstance.py:1179} INFO - Dependencies all met for <TaskInstance: mi_primer_dag_v3.segunda_tarea scheduled__2023-11-24T00:00:00+00:00 [queued]>
[2023-12-10 19:49:02,655] {taskinstance.py:1376} INFO - 
--------------------------------------------------------------------------------
[2023-12-10 19:49:02,658] {taskinstance.py:1377} INFO - Starting attempt 1 of 6
[2023-12-10 19:49:02,659] {taskinstance.py:1378} INFO - 
--------------------------------------------------------------------------------
[2023-12-10 19:49:02,804] {taskinstance.py:1397} INFO - Executing <Task(BashOperator): segunda_tarea> on 2023-11-24 00:00:00+00:00
[2023-12-10 19:49:02,832] {standard_task_runner.py:52} INFO - Started process 4992 to run task
[2023-12-10 19:49:02,856] {standard_task_runner.py:79} INFO - Running: ['***', 'tasks', 'run', 'mi_primer_dag_v3', 'segunda_tarea', 'scheduled__2023-11-24T00:00:00+00:00', '--job-id', '1441', '--raw', '--subdir', 'DAGS_FOLDER/primer_dag_v3.py', '--cfg-path', '/tmp/tmp9pl23rts', '--error-file', '/tmp/tmpy1w4nimf']
[2023-12-10 19:49:02,943] {standard_task_runner.py:80} INFO - Job 1441: Subtask segunda_tarea
[2023-12-10 19:49:04,029] {task_command.py:371} INFO - Running <TaskInstance: mi_primer_dag_v3.segunda_tarea scheduled__2023-11-24T00:00:00+00:00 [running]> on host 42828894a739
[2023-12-10 19:49:04,594] {taskinstance.py:1591} INFO - Exporting the following env vars:
AIRFLOW_CTX_DAG_OWNER=DavidBU
AIRFLOW_CTX_DAG_ID=mi_primer_dag_v3
AIRFLOW_CTX_TASK_ID=segunda_tarea
AIRFLOW_CTX_EXECUTION_DATE=2023-11-24T00:00:00+00:00
AIRFLOW_CTX_TRY_NUMBER=1
AIRFLOW_CTX_DAG_RUN_ID=scheduled__2023-11-24T00:00:00+00:00
[2023-12-10 19:49:04,597] {subprocess.py:62} INFO - Tmp dir root location: 
 /tmp
[2023-12-10 19:49:04,599] {subprocess.py:74} INFO - Running command: ['bash', '-c', 'echo hola, soy la tarea 2 y sere corrida luego de la Tarea 1']
[2023-12-10 19:49:04,649] {subprocess.py:85} INFO - Output:
[2023-12-10 19:49:04,665] {subprocess.py:92} INFO - hola, soy la tarea 2 y sere corrida luego de la Tarea 1
[2023-12-10 19:49:04,666] {subprocess.py:96} INFO - Command exited with return code 0
[2023-12-10 19:49:04,796] {taskinstance.py:1420} INFO - Marking task as SUCCESS. dag_id=mi_primer_dag_v3, task_id=segunda_tarea, execution_date=20231124T000000, start_date=20231210T194902, end_date=20231210T194904
[2023-12-10 19:49:04,908] {local_task_job.py:156} INFO - Task exited with return code 0
[2023-12-10 19:49:05,022] {local_task_job.py:273} INFO - 0 downstream tasks scheduled from follow-on schedule check
