[2023-12-10 20:12:40,414] {taskinstance.py:1179} INFO - Dependencies all met for <TaskInstance: mi_primer_dag.primer_task scheduled__2022-08-31T00:00:00+00:00 [queued]>
[2023-12-10 20:12:40,519] {taskinstance.py:1179} INFO - Dependencies all met for <TaskInstance: mi_primer_dag.primer_task scheduled__2022-08-31T00:00:00+00:00 [queued]>
[2023-12-10 20:12:40,568] {taskinstance.py:1376} INFO - 
--------------------------------------------------------------------------------
[2023-12-10 20:12:40,657] {taskinstance.py:1377} INFO - Starting attempt 1 of 6
[2023-12-10 20:12:40,672] {taskinstance.py:1378} INFO - 
--------------------------------------------------------------------------------
[2023-12-10 20:12:40,885] {taskinstance.py:1397} INFO - Executing <Task(BashOperator): primer_task> on 2022-08-31 00:00:00+00:00
[2023-12-10 20:12:40,912] {standard_task_runner.py:52} INFO - Started process 385 to run task
[2023-12-10 20:12:40,942] {standard_task_runner.py:79} INFO - Running: ['***', 'tasks', 'run', 'mi_primer_dag', 'primer_task', 'scheduled__2022-08-31T00:00:00+00:00', '--job-id', '1518', '--raw', '--subdir', 'DAGS_FOLDER/mi_primer_dag.py', '--cfg-path', '/tmp/tmpzsb8jh8r', '--error-file', '/tmp/tmpyw5h1qdq']
[2023-12-10 20:12:40,949] {standard_task_runner.py:80} INFO - Job 1518: Subtask primer_task
[2023-12-10 20:12:41,487] {task_command.py:371} INFO - Running <TaskInstance: mi_primer_dag.primer_task scheduled__2022-08-31T00:00:00+00:00 [running]> on host 42828894a739
[2023-12-10 20:12:41,905] {taskinstance.py:1591} INFO - Exporting the following env vars:
AIRFLOW_CTX_DAG_OWNER=DavidBU
AIRFLOW_CTX_DAG_ID=mi_primer_dag
AIRFLOW_CTX_TASK_ID=primer_task
AIRFLOW_CTX_EXECUTION_DATE=2022-08-31T00:00:00+00:00
AIRFLOW_CTX_TRY_NUMBER=1
AIRFLOW_CTX_DAG_RUN_ID=scheduled__2022-08-31T00:00:00+00:00
[2023-12-10 20:12:41,908] {subprocess.py:62} INFO - Tmp dir root location: 
 /tmp
[2023-12-10 20:12:41,910] {subprocess.py:74} INFO - Running command: ['bash', '-c', 'echo hola mundo, esta es nuestra primera tarea usando bash operator!']
[2023-12-10 20:12:41,934] {subprocess.py:85} INFO - Output:
[2023-12-10 20:12:41,943] {subprocess.py:92} INFO - hola mundo, esta es nuestra primera tarea usando bash operator!
[2023-12-10 20:12:41,944] {subprocess.py:96} INFO - Command exited with return code 0
[2023-12-10 20:12:42,057] {taskinstance.py:1420} INFO - Marking task as SUCCESS. dag_id=mi_primer_dag, task_id=primer_task, execution_date=20220831T000000, start_date=20231210T201240, end_date=20231210T201242
[2023-12-10 20:12:42,135] {local_task_job.py:156} INFO - Task exited with return code 0
[2023-12-10 20:12:42,219] {local_task_job.py:273} INFO - 0 downstream tasks scheduled from follow-on schedule check
