[2023-12-10 19:38:39,891] {taskinstance.py:1179} INFO - Dependencies all met for <TaskInstance: mi_primer_dag_v3.segunda_tarea scheduled__2023-02-23T00:00:00+00:00 [queued]>
[2023-12-10 19:38:40,149] {taskinstance.py:1179} INFO - Dependencies all met for <TaskInstance: mi_primer_dag_v3.segunda_tarea scheduled__2023-02-23T00:00:00+00:00 [queued]>
[2023-12-10 19:38:40,157] {taskinstance.py:1376} INFO - 
--------------------------------------------------------------------------------
[2023-12-10 19:38:40,183] {taskinstance.py:1377} INFO - Starting attempt 1 of 6
[2023-12-10 19:38:40,209] {taskinstance.py:1378} INFO - 
--------------------------------------------------------------------------------
[2023-12-10 19:38:40,528] {taskinstance.py:1397} INFO - Executing <Task(BashOperator): segunda_tarea> on 2023-02-23 00:00:00+00:00
[2023-12-10 19:38:40,604] {standard_task_runner.py:52} INFO - Started process 2279 to run task
[2023-12-10 19:38:40,636] {standard_task_runner.py:79} INFO - Running: ['***', 'tasks', 'run', 'mi_primer_dag_v3', 'segunda_tarea', 'scheduled__2023-02-23T00:00:00+00:00', '--job-id', '620', '--raw', '--subdir', 'DAGS_FOLDER/primer_dag_v3.py', '--cfg-path', '/tmp/tmpfg6p998l', '--error-file', '/tmp/tmpb9b23gkk']
[2023-12-10 19:38:40,698] {standard_task_runner.py:80} INFO - Job 620: Subtask segunda_tarea
[2023-12-10 19:38:41,621] {task_command.py:371} INFO - Running <TaskInstance: mi_primer_dag_v3.segunda_tarea scheduled__2023-02-23T00:00:00+00:00 [running]> on host 42828894a739
[2023-12-10 19:38:44,074] {taskinstance.py:1591} INFO - Exporting the following env vars:
AIRFLOW_CTX_DAG_OWNER=DavidBU
AIRFLOW_CTX_DAG_ID=mi_primer_dag_v3
AIRFLOW_CTX_TASK_ID=segunda_tarea
AIRFLOW_CTX_EXECUTION_DATE=2023-02-23T00:00:00+00:00
AIRFLOW_CTX_TRY_NUMBER=1
AIRFLOW_CTX_DAG_RUN_ID=scheduled__2023-02-23T00:00:00+00:00
[2023-12-10 19:38:44,083] {subprocess.py:62} INFO - Tmp dir root location: 
 /tmp
[2023-12-10 19:38:44,091] {subprocess.py:74} INFO - Running command: ['bash', '-c', 'echo hola, soy la tarea 2 y sere corrida luego de la Tarea 1']
[2023-12-10 19:38:44,122] {subprocess.py:85} INFO - Output:
[2023-12-10 19:38:44,143] {subprocess.py:92} INFO - hola, soy la tarea 2 y sere corrida luego de la Tarea 1
[2023-12-10 19:38:44,145] {subprocess.py:96} INFO - Command exited with return code 0
[2023-12-10 19:38:45,929] {taskinstance.py:1420} INFO - Marking task as SUCCESS. dag_id=mi_primer_dag_v3, task_id=segunda_tarea, execution_date=20230223T000000, start_date=20231210T193840, end_date=20231210T193845
[2023-12-10 19:38:47,229] {local_task_job.py:156} INFO - Task exited with return code 0
[2023-12-10 19:38:48,135] {local_task_job.py:273} INFO - 0 downstream tasks scheduled from follow-on schedule check
