[2023-12-21 02:22:38,696] {taskinstance.py:1179} INFO - Dependencies all met for <TaskInstance: mi_primer_dag_v4.primera_tarea scheduled__2023-12-20T00:00:00+00:00 [queued]>
[2023-12-21 02:22:39,300] {taskinstance.py:1179} INFO - Dependencies all met for <TaskInstance: mi_primer_dag_v4.primera_tarea scheduled__2023-12-20T00:00:00+00:00 [queued]>
[2023-12-21 02:22:39,365] {taskinstance.py:1376} INFO - 
--------------------------------------------------------------------------------
[2023-12-21 02:22:39,394] {taskinstance.py:1377} INFO - Starting attempt 1 of 6
[2023-12-21 02:22:39,398] {taskinstance.py:1378} INFO - 
--------------------------------------------------------------------------------
[2023-12-21 02:22:40,293] {taskinstance.py:1397} INFO - Executing <Task(BashOperator): primera_tarea> on 2023-12-20 00:00:00+00:00
[2023-12-21 02:22:40,535] {standard_task_runner.py:52} INFO - Started process 292 to run task
[2023-12-21 02:22:40,606] {standard_task_runner.py:79} INFO - Running: ['***', 'tasks', 'run', 'mi_primer_dag_v4', 'primera_tarea', 'scheduled__2023-12-20T00:00:00+00:00', '--job-id', '132', '--raw', '--subdir', 'DAGS_FOLDER/primer_dag.py', '--cfg-path', '/tmp/tmpbsi9zgrw', '--error-file', '/tmp/tmpjh8bwzew']
[2023-12-21 02:22:40,726] {standard_task_runner.py:80} INFO - Job 132: Subtask primera_tarea
[2023-12-21 02:22:42,204] {task_command.py:371} INFO - Running <TaskInstance: mi_primer_dag_v4.primera_tarea scheduled__2023-12-20T00:00:00+00:00 [running]> on host de0a7ae97836
[2023-12-21 02:22:44,455] {taskinstance.py:1591} INFO - Exporting the following env vars:
AIRFLOW_CTX_DAG_OWNER=DavidBU
AIRFLOW_CTX_DAG_ID=mi_primer_dag_v4
AIRFLOW_CTX_TASK_ID=primera_tarea
AIRFLOW_CTX_EXECUTION_DATE=2023-12-20T00:00:00+00:00
AIRFLOW_CTX_TRY_NUMBER=1
AIRFLOW_CTX_DAG_RUN_ID=scheduled__2023-12-20T00:00:00+00:00
[2023-12-21 02:22:44,458] {subprocess.py:62} INFO - Tmp dir root location: 
 /tmp
[2023-12-21 02:22:44,482] {subprocess.py:74} INFO - Running command: ['bash', '-c', 'echo Chile']
[2023-12-21 02:22:44,929] {subprocess.py:85} INFO - Output:
[2023-12-21 02:22:44,962] {subprocess.py:92} INFO - Chile
[2023-12-21 02:22:44,974] {subprocess.py:96} INFO - Command exited with return code 0
