[2023-12-10 19:33:27,182] {taskinstance.py:1179} INFO - Dependencies all met for <TaskInstance: mi_primer_dag_v3.segunda_tarea scheduled__2022-10-28T00:00:00+00:00 [queued]>
[2023-12-10 19:33:27,271] {taskinstance.py:1179} INFO - Dependencies all met for <TaskInstance: mi_primer_dag_v3.segunda_tarea scheduled__2022-10-28T00:00:00+00:00 [queued]>
[2023-12-10 19:33:27,274] {taskinstance.py:1376} INFO - 
--------------------------------------------------------------------------------
[2023-12-10 19:33:27,275] {taskinstance.py:1377} INFO - Starting attempt 1 of 6
[2023-12-10 19:33:27,278] {taskinstance.py:1378} INFO - 
--------------------------------------------------------------------------------
[2023-12-10 19:33:27,639] {taskinstance.py:1397} INFO - Executing <Task(BashOperator): segunda_tarea> on 2022-10-28 00:00:00+00:00
[2023-12-10 19:33:27,658] {standard_task_runner.py:52} INFO - Started process 1109 to run task
[2023-12-10 19:33:27,808] {standard_task_runner.py:79} INFO - Running: ['***', 'tasks', 'run', 'mi_primer_dag_v3', 'segunda_tarea', 'scheduled__2022-10-28T00:00:00+00:00', '--job-id', '272', '--raw', '--subdir', 'DAGS_FOLDER/primer_dag_v3.py', '--cfg-path', '/tmp/tmplb9cktut', '--error-file', '/tmp/tmp5trf3p0x']
[2023-12-10 19:33:27,853] {standard_task_runner.py:80} INFO - Job 272: Subtask segunda_tarea
[2023-12-10 19:33:29,098] {task_command.py:371} INFO - Running <TaskInstance: mi_primer_dag_v3.segunda_tarea scheduled__2022-10-28T00:00:00+00:00 [running]> on host 42828894a739
[2023-12-10 19:33:31,115] {taskinstance.py:1591} INFO - Exporting the following env vars:
AIRFLOW_CTX_DAG_OWNER=DavidBU
AIRFLOW_CTX_DAG_ID=mi_primer_dag_v3
AIRFLOW_CTX_TASK_ID=segunda_tarea
AIRFLOW_CTX_EXECUTION_DATE=2022-10-28T00:00:00+00:00
AIRFLOW_CTX_TRY_NUMBER=1
AIRFLOW_CTX_DAG_RUN_ID=scheduled__2022-10-28T00:00:00+00:00
[2023-12-10 19:33:31,384] {subprocess.py:62} INFO - Tmp dir root location: 
 /tmp
[2023-12-10 19:33:31,723] {subprocess.py:74} INFO - Running command: ['bash', '-c', 'echo hola, soy la tarea 2 y sere corrida luego de la Tarea 1']
[2023-12-10 19:33:32,266] {subprocess.py:85} INFO - Output:
[2023-12-10 19:33:32,567] {subprocess.py:92} INFO - hola, soy la tarea 2 y sere corrida luego de la Tarea 1
[2023-12-10 19:33:32,895] {subprocess.py:96} INFO - Command exited with return code 0
[2023-12-10 19:33:35,614] {taskinstance.py:1420} INFO - Marking task as SUCCESS. dag_id=mi_primer_dag_v3, task_id=segunda_tarea, execution_date=20221028T000000, start_date=20231210T193327, end_date=20231210T193335
[2023-12-10 19:33:36,019] {local_task_job.py:156} INFO - Task exited with return code 0
[2023-12-10 19:33:37,173] {local_task_job.py:273} INFO - 0 downstream tasks scheduled from follow-on schedule check
