[2023-12-10 20:20:51,999] {taskinstance.py:1179} INFO - Dependencies all met for <TaskInstance: mi_primer_dar_con_PythonOperator.aloha_david scheduled__2022-10-29T00:00:00+00:00 [queued]>
[2023-12-10 20:20:52,083] {taskinstance.py:1179} INFO - Dependencies all met for <TaskInstance: mi_primer_dar_con_PythonOperator.aloha_david scheduled__2022-10-29T00:00:00+00:00 [queued]>
[2023-12-10 20:20:52,085] {taskinstance.py:1376} INFO - 
--------------------------------------------------------------------------------
[2023-12-10 20:20:52,108] {taskinstance.py:1377} INFO - Starting attempt 1 of 6
[2023-12-10 20:20:52,109] {taskinstance.py:1378} INFO - 
--------------------------------------------------------------------------------
[2023-12-10 20:20:52,243] {taskinstance.py:1397} INFO - Executing <Task(PythonOperator): aloha_david> on 2022-10-29 00:00:00+00:00
[2023-12-10 20:20:52,259] {standard_task_runner.py:52} INFO - Started process 961 to run task
[2023-12-10 20:20:52,282] {standard_task_runner.py:79} INFO - Running: ['***', 'tasks', 'run', 'mi_primer_dar_con_PythonOperator', 'aloha_david', 'scheduled__2022-10-29T00:00:00+00:00', '--job-id', '1877', '--raw', '--subdir', 'DAGS_FOLDER/mi_primer_dag_pythonoperator.py', '--cfg-path', '/tmp/tmpg5pk7ur7', '--error-file', '/tmp/tmpl5aprn9x']
[2023-12-10 20:20:52,306] {standard_task_runner.py:80} INFO - Job 1877: Subtask aloha_david
[2023-12-10 20:20:52,715] {task_command.py:371} INFO - Running <TaskInstance: mi_primer_dar_con_PythonOperator.aloha_david scheduled__2022-10-29T00:00:00+00:00 [running]> on host 42828894a739
[2023-12-10 20:20:53,732] {taskinstance.py:1591} INFO - Exporting the following env vars:
AIRFLOW_CTX_DAG_OWNER=DavidBU
AIRFLOW_CTX_DAG_ID=mi_primer_dar_con_PythonOperator
AIRFLOW_CTX_TASK_ID=aloha_david
AIRFLOW_CTX_EXECUTION_DATE=2022-10-29T00:00:00+00:00
AIRFLOW_CTX_TRY_NUMBER=1
AIRFLOW_CTX_DAG_RUN_ID=scheduled__2022-10-29T00:00:00+00:00
[2023-12-10 20:20:53,738] {logging_mixin.py:115} INFO - Aloha Mundo soy yo!
[2023-12-10 20:20:53,752] {python.py:173} INFO - Done. Returned value was: None
[2023-12-10 20:20:54,274] {taskinstance.py:1420} INFO - Marking task as SUCCESS. dag_id=mi_primer_dar_con_PythonOperator, task_id=aloha_david, execution_date=20221029T000000, start_date=20231210T202052, end_date=20231210T202054
[2023-12-10 20:20:54,385] {local_task_job.py:156} INFO - Task exited with return code 0
[2023-12-10 20:20:54,741] {local_task_job.py:273} INFO - 0 downstream tasks scheduled from follow-on schedule check
