[2023-12-21 02:22:48,108] {taskinstance.py:1179} INFO - Dependencies all met for <TaskInstance: dag_con_conexion_postgres.insertar_en_tabla scheduled__2023-12-14T00:00:00+00:00 [queued]>
[2023-12-21 02:22:48,163] {taskinstance.py:1179} INFO - Dependencies all met for <TaskInstance: dag_con_conexion_postgres.insertar_en_tabla scheduled__2023-12-14T00:00:00+00:00 [queued]>
[2023-12-21 02:22:48,164] {taskinstance.py:1376} INFO - 
--------------------------------------------------------------------------------
[2023-12-21 02:22:48,165] {taskinstance.py:1377} INFO - Starting attempt 1 of 6
[2023-12-21 02:22:48,166] {taskinstance.py:1378} INFO - 
--------------------------------------------------------------------------------
[2023-12-21 02:22:48,352] {taskinstance.py:1397} INFO - Executing <Task(PostgresOperator): insertar_en_tabla> on 2023-12-14 00:00:00+00:00
[2023-12-21 02:22:48,366] {standard_task_runner.py:52} INFO - Started process 311 to run task
[2023-12-21 02:22:48,407] {standard_task_runner.py:79} INFO - Running: ['***', 'tasks', 'run', 'dag_con_conexion_postgres', 'insertar_en_tabla', 'scheduled__2023-12-14T00:00:00+00:00', '--job-id', '140', '--raw', '--subdir', 'DAGS_FOLDER/dag_postgres_database.py', '--cfg-path', '/tmp/tmpltk6aobt', '--error-file', '/tmp/tmpclj7ohj_']
[2023-12-21 02:22:48,533] {standard_task_runner.py:80} INFO - Job 140: Subtask insertar_en_tabla
[2023-12-21 02:22:52,946] {task_command.py:371} INFO - Running <TaskInstance: dag_con_conexion_postgres.insertar_en_tabla scheduled__2023-12-14T00:00:00+00:00 [running]> on host de0a7ae97836
[2023-12-21 02:22:55,102] {taskinstance.py:1591} INFO - Exporting the following env vars:
AIRFLOW_CTX_DAG_OWNER=DavidBU
AIRFLOW_CTX_DAG_ID=dag_con_conexion_postgres
AIRFLOW_CTX_TASK_ID=insertar_en_tabla
AIRFLOW_CTX_EXECUTION_DATE=2023-12-14T00:00:00+00:00
AIRFLOW_CTX_TRY_NUMBER=1
AIRFLOW_CTX_DAG_RUN_ID=scheduled__2023-12-14T00:00:00+00:00
[2023-12-21 02:22:55,522] {base.py:68} INFO - Using connection ID 'postgres_localhost' for task execution.
[2023-12-21 02:22:55,727] {dbapi.py:231} INFO - Running statement: 
            insert into fin_mundo (dt,pais) values ('12-12-2025','Colombia');
            insert into fin_mundo (dt,pais) values ('15-08-2035','Brasil');
            insert into fin_mundo (dt,pais) values ('21-09-2030','Argentina');
            insert into fin_mundo (dt,pais) values ('13-07-2045','Chile');
            insert into fin_mundo (dt,pais) values ('17-11-2028','Ecuador');
            insert into fin_mundo (dt,pais) values ('19-03-2032','Peru');
            insert into fin_mundo (dt,pais) values ('18-08-2026','Uruguay');
            insert into fin_mundo (dt,pais) values ('22-05-2037','Paraguay');
            insert into fin_mundo (dt,pais) values ('12-12-2080','Venezuela');
            insert into fin_mundo (dt,pais) values ('12-12-2071','Mexico');
        , parameters: None
[2023-12-21 02:22:55,828] {dbapi.py:239} INFO - Rows affected: 1
