[2023-12-12 02:25:07,097] {taskinstance.py:1179} INFO - Dependencies all met for <TaskInstance: Entregable3_Chumbita.extraer_data manual__2023-12-12T02:25:03.428441+00:00 [queued]>
[2023-12-12 02:25:07,113] {taskinstance.py:1179} INFO - Dependencies all met for <TaskInstance: Entregable3_Chumbita.extraer_data manual__2023-12-12T02:25:03.428441+00:00 [queued]>
[2023-12-12 02:25:07,113] {taskinstance.py:1376} INFO - 
--------------------------------------------------------------------------------
[2023-12-12 02:25:07,115] {taskinstance.py:1377} INFO - Starting attempt 1 of 6
[2023-12-12 02:25:07,115] {taskinstance.py:1378} INFO - 
--------------------------------------------------------------------------------
[2023-12-12 02:25:07,144] {taskinstance.py:1397} INFO - Executing <Task(PythonOperator): extraer_data> on 2023-12-12 02:25:03.428441+00:00
[2023-12-12 02:25:07,151] {standard_task_runner.py:52} INFO - Started process 271 to run task
[2023-12-12 02:25:07,159] {standard_task_runner.py:79} INFO - Running: ['***', 'tasks', 'run', 'Entregable3_Chumbita', 'extraer_data', 'manual__2023-12-12T02:25:03.428441+00:00', '--job-id', '10', '--raw', '--subdir', 'DAGS_FOLDER/ETL_Entregable3_Chumbita.py', '--cfg-path', '/tmp/tmpewd74_l4', '--error-file', '/tmp/tmpw847n4jt']
[2023-12-12 02:25:07,163] {standard_task_runner.py:80} INFO - Job 10: Subtask extraer_data
[2023-12-12 02:25:07,299] {task_command.py:371} INFO - Running <TaskInstance: Entregable3_Chumbita.extraer_data manual__2023-12-12T02:25:03.428441+00:00 [running]> on host 02fb1b542166
[2023-12-12 02:25:07,399] {logging_mixin.py:115} WARNING - /home/***/.local/lib/python3.7/site-packages/***/utils/context.py:202 AirflowContextDeprecationWarning: Accessing 'execution_date' from the template is deprecated and will be removed in a future version. Please use 'data_interval_start' or 'logical_date' instead.
[2023-12-12 02:25:07,481] {taskinstance.py:1591} INFO - Exporting the following env vars:
AIRFLOW_CTX_DAG_OWNER=ArielChumbita
AIRFLOW_CTX_DAG_ID=Entregable3_Chumbita
AIRFLOW_CTX_TASK_ID=extraer_data
AIRFLOW_CTX_EXECUTION_DATE=2023-12-12T02:25:03.428441+00:00
AIRFLOW_CTX_TRY_NUMBER=1
AIRFLOW_CTX_DAG_RUN_ID=manual__2023-12-12T02:25:03.428441+00:00
[2023-12-12 02:25:07,483] {logging_mixin.py:115} INFO - Adquiriendo data para la fecha: 2023-12-12 2
[2023-12-12 02:25:08,449] {logging_mixin.py:115} INFO - Success!
[2023-12-12 02:25:08,460] {python.py:173} INFO - Done. Returned value was: None
[2023-12-12 02:25:08,491] {taskinstance.py:1420} INFO - Marking task as SUCCESS. dag_id=Entregable3_Chumbita, task_id=extraer_data, execution_date=20231212T022503, start_date=20231212T022507, end_date=20231212T022508
[2023-12-12 02:25:08,536] {local_task_job.py:156} INFO - Task exited with return code 0
[2023-12-12 02:25:08,682] {local_task_job.py:273} INFO - 1 downstream tasks scheduled from follow-on schedule check
