[2023-12-10 20:23:28,255] {taskinstance.py:1179} INFO - Dependencies all met for <TaskInstance: mi_primer_dag.primer_task scheduled__2023-09-07T00:00:00+00:00 [queued]>
[2023-12-10 20:23:28,447] {taskinstance.py:1179} INFO - Dependencies all met for <TaskInstance: mi_primer_dag.primer_task scheduled__2023-09-07T00:00:00+00:00 [queued]>
[2023-12-10 20:23:28,448] {taskinstance.py:1376} INFO - 
--------------------------------------------------------------------------------
[2023-12-10 20:23:28,463] {taskinstance.py:1377} INFO - Starting attempt 1 of 6
[2023-12-10 20:23:28,476] {taskinstance.py:1378} INFO - 
--------------------------------------------------------------------------------
[2023-12-10 20:23:28,765] {taskinstance.py:1397} INFO - Executing <Task(BashOperator): primer_task> on 2023-09-07 00:00:00+00:00
[2023-12-10 20:23:28,817] {standard_task_runner.py:52} INFO - Started process 1688 to run task
[2023-12-10 20:23:28,900] {standard_task_runner.py:79} INFO - Running: ['***', 'tasks', 'run', 'mi_primer_dag', 'primer_task', 'scheduled__2023-09-07T00:00:00+00:00', '--job-id', '2084', '--raw', '--subdir', 'DAGS_FOLDER/mi_primer_dag.py', '--cfg-path', '/tmp/tmpj5d3iuwj', '--error-file', '/tmp/tmp50myykbd']
[2023-12-10 20:23:28,921] {standard_task_runner.py:80} INFO - Job 2084: Subtask primer_task
[2023-12-10 20:23:29,751] {task_command.py:371} INFO - Running <TaskInstance: mi_primer_dag.primer_task scheduled__2023-09-07T00:00:00+00:00 [running]> on host 42828894a739
[2023-12-10 20:23:31,185] {taskinstance.py:1591} INFO - Exporting the following env vars:
AIRFLOW_CTX_DAG_OWNER=DavidBU
AIRFLOW_CTX_DAG_ID=mi_primer_dag
AIRFLOW_CTX_TASK_ID=primer_task
AIRFLOW_CTX_EXECUTION_DATE=2023-09-07T00:00:00+00:00
AIRFLOW_CTX_TRY_NUMBER=1
AIRFLOW_CTX_DAG_RUN_ID=scheduled__2023-09-07T00:00:00+00:00
[2023-12-10 20:23:31,192] {subprocess.py:62} INFO - Tmp dir root location: 
 /tmp
[2023-12-10 20:23:31,214] {subprocess.py:74} INFO - Running command: ['bash', '-c', 'echo hola mundo, esta es nuestra primera tarea usando bash operator!']
[2023-12-10 20:23:31,344] {subprocess.py:85} INFO - Output:
[2023-12-10 20:23:31,367] {subprocess.py:92} INFO - hola mundo, esta es nuestra primera tarea usando bash operator!
[2023-12-10 20:23:31,381] {subprocess.py:96} INFO - Command exited with return code 0
[2023-12-10 20:23:32,179] {taskinstance.py:1420} INFO - Marking task as SUCCESS. dag_id=mi_primer_dag, task_id=primer_task, execution_date=20230907T000000, start_date=20231210T202328, end_date=20231210T202332
[2023-12-10 20:23:32,398] {local_task_job.py:156} INFO - Task exited with return code 0
[2023-12-10 20:23:32,745] {local_task_job.py:273} INFO - 0 downstream tasks scheduled from follow-on schedule check
