[2023-12-10 19:41:36,387] {taskinstance.py:1179} INFO - Dependencies all met for <TaskInstance: mi_primer_dag_v3.primera_tarea scheduled__2023-04-30T00:00:00+00:00 [queued]>
[2023-12-10 19:41:36,672] {taskinstance.py:1179} INFO - Dependencies all met for <TaskInstance: mi_primer_dag_v3.primera_tarea scheduled__2023-04-30T00:00:00+00:00 [queued]>
[2023-12-10 19:41:36,684] {taskinstance.py:1376} INFO - 
--------------------------------------------------------------------------------
[2023-12-10 19:41:36,685] {taskinstance.py:1377} INFO - Starting attempt 1 of 6
[2023-12-10 19:41:36,707] {taskinstance.py:1378} INFO - 
--------------------------------------------------------------------------------
[2023-12-10 19:41:37,026] {taskinstance.py:1397} INFO - Executing <Task(BashOperator): primera_tarea> on 2023-04-30 00:00:00+00:00
[2023-12-10 19:41:37,053] {standard_task_runner.py:52} INFO - Started process 2893 to run task
[2023-12-10 19:41:37,071] {standard_task_runner.py:79} INFO - Running: ['***', 'tasks', 'run', 'mi_primer_dag_v3', 'primera_tarea', 'scheduled__2023-04-30T00:00:00+00:00', '--job-id', '804', '--raw', '--subdir', 'DAGS_FOLDER/primer_dag_v3.py', '--cfg-path', '/tmp/tmpnizv5nlg', '--error-file', '/tmp/tmpsdd7294u']
[2023-12-10 19:41:37,132] {standard_task_runner.py:80} INFO - Job 804: Subtask primera_tarea
[2023-12-10 19:41:37,631] {task_command.py:371} INFO - Running <TaskInstance: mi_primer_dag_v3.primera_tarea scheduled__2023-04-30T00:00:00+00:00 [running]> on host 42828894a739
[2023-12-10 19:41:38,745] {taskinstance.py:1591} INFO - Exporting the following env vars:
AIRFLOW_CTX_DAG_OWNER=DavidBU
AIRFLOW_CTX_DAG_ID=mi_primer_dag_v3
AIRFLOW_CTX_TASK_ID=primera_tarea
AIRFLOW_CTX_EXECUTION_DATE=2023-04-30T00:00:00+00:00
AIRFLOW_CTX_TRY_NUMBER=1
AIRFLOW_CTX_DAG_RUN_ID=scheduled__2023-04-30T00:00:00+00:00
[2023-12-10 19:41:38,748] {subprocess.py:62} INFO - Tmp dir root location: 
 /tmp
[2023-12-10 19:41:38,752] {subprocess.py:74} INFO - Running command: ['bash', '-c', 'echo hola mundo, esta es nuestra primera tarea!']
[2023-12-10 19:41:38,767] {subprocess.py:85} INFO - Output:
[2023-12-10 19:41:38,771] {subprocess.py:92} INFO - hola mundo, esta es nuestra primera tarea!
[2023-12-10 19:41:38,772] {subprocess.py:96} INFO - Command exited with return code 0
[2023-12-10 19:41:38,845] {taskinstance.py:1420} INFO - Marking task as SUCCESS. dag_id=mi_primer_dag_v3, task_id=primera_tarea, execution_date=20230430T000000, start_date=20231210T194136, end_date=20231210T194138
[2023-12-10 19:41:38,894] {local_task_job.py:156} INFO - Task exited with return code 0
[2023-12-10 19:41:38,975] {local_task_job.py:273} INFO - 2 downstream tasks scheduled from follow-on schedule check
