[2023-12-21 03:21:37,475] {taskinstance.py:1179} INFO - Dependencies all met for <TaskInstance: dag_con_conexion_postgres.crear_tabla_postgres scheduled__2023-12-18T00:00:00+00:00 [queued]>
[2023-12-21 03:21:37,795] {taskinstance.py:1179} INFO - Dependencies all met for <TaskInstance: dag_con_conexion_postgres.crear_tabla_postgres scheduled__2023-12-18T00:00:00+00:00 [queued]>
[2023-12-21 03:21:37,802] {taskinstance.py:1376} INFO - 
--------------------------------------------------------------------------------
[2023-12-21 03:21:37,804] {taskinstance.py:1377} INFO - Starting attempt 2 of 6
[2023-12-21 03:21:37,806] {taskinstance.py:1378} INFO - 
--------------------------------------------------------------------------------
[2023-12-21 03:21:38,383] {taskinstance.py:1397} INFO - Executing <Task(PostgresOperator): crear_tabla_postgres> on 2023-12-18 00:00:00+00:00
[2023-12-21 03:21:38,404] {standard_task_runner.py:52} INFO - Started process 217 to run task
[2023-12-21 03:21:39,002] {standard_task_runner.py:79} INFO - Running: ['***', 'tasks', 'run', 'dag_con_conexion_postgres', 'crear_tabla_postgres', 'scheduled__2023-12-18T00:00:00+00:00', '--job-id', '166', '--raw', '--subdir', 'DAGS_FOLDER/dag_postgres_database.py', '--cfg-path', '/tmp/tmp71sxwfv9', '--error-file', '/tmp/tmp51a08txr']
[2023-12-21 03:21:39,141] {standard_task_runner.py:80} INFO - Job 166: Subtask crear_tabla_postgres
[2023-12-21 03:21:51,037] {task_command.py:371} INFO - Running <TaskInstance: dag_con_conexion_postgres.crear_tabla_postgres scheduled__2023-12-18T00:00:00+00:00 [running]> on host b0993ec57291
[2023-12-21 03:21:54,085] {taskinstance.py:1591} INFO - Exporting the following env vars:
AIRFLOW_CTX_DAG_OWNER=DavidBU
AIRFLOW_CTX_DAG_ID=dag_con_conexion_postgres
AIRFLOW_CTX_TASK_ID=crear_tabla_postgres
AIRFLOW_CTX_EXECUTION_DATE=2023-12-18T00:00:00+00:00
AIRFLOW_CTX_TRY_NUMBER=2
AIRFLOW_CTX_DAG_RUN_ID=scheduled__2023-12-18T00:00:00+00:00
[2023-12-21 03:21:54,238] {base.py:68} INFO - Using connection ID 'postgres_localhost' for task execution.
[2023-12-21 03:21:54,711] {dbapi.py:231} INFO - Running statement: 
            create table if not exists fin_mundo(
                dt date,
                pais varchar(30)
            )
        , parameters: None
[2023-12-21 03:21:54,846] {postgres.py:94} INFO - NOTICE:  la relación «fin_mundo» ya existe, ignorando

[2023-12-21 03:23:09,936] {taskinstance.py:1420} INFO - Marking task as SUCCESS. dag_id=dag_con_conexion_postgres, task_id=crear_tabla_postgres, execution_date=20231218T000000, start_date=20231221T032137, end_date=20231221T032309
[2023-12-21 03:23:10,538] {local_task_job.py:156} INFO - Task exited with return code 0
[2023-12-21 03:23:19,541] {local_task_job.py:273} INFO - 0 downstream tasks scheduled from follow-on schedule check
