[2023-12-10 19:30:41,737] {taskinstance.py:1179} INFO - Dependencies all met for <TaskInstance: mi_primer_dag_v3.tercera_tarea scheduled__2022-08-29T00:00:00+00:00 [queued]>
[2023-12-10 19:30:41,884] {taskinstance.py:1179} INFO - Dependencies all met for <TaskInstance: mi_primer_dag_v3.tercera_tarea scheduled__2022-08-29T00:00:00+00:00 [queued]>
[2023-12-10 19:30:41,980] {taskinstance.py:1376} INFO - 
--------------------------------------------------------------------------------
[2023-12-10 19:30:42,088] {taskinstance.py:1377} INFO - Starting attempt 1 of 6
[2023-12-10 19:30:42,165] {taskinstance.py:1378} INFO - 
--------------------------------------------------------------------------------
[2023-12-10 19:30:42,495] {taskinstance.py:1397} INFO - Executing <Task(BashOperator): tercera_tarea> on 2022-08-29 00:00:00+00:00
[2023-12-10 19:30:43,091] {standard_task_runner.py:52} INFO - Started process 482 to run task
[2023-12-10 19:30:43,100] {standard_task_runner.py:79} INFO - Running: ['***', 'tasks', 'run', 'mi_primer_dag_v3', 'tercera_tarea', 'scheduled__2022-08-29T00:00:00+00:00', '--job-id', '88', '--raw', '--subdir', 'DAGS_FOLDER/primer_dag_v3.py', '--cfg-path', '/tmp/tmpr9g3oyb1', '--error-file', '/tmp/tmpozmuvx6_']
[2023-12-10 19:30:43,593] {standard_task_runner.py:80} INFO - Job 88: Subtask tercera_tarea
[2023-12-10 19:30:44,662] {task_command.py:371} INFO - Running <TaskInstance: mi_primer_dag_v3.tercera_tarea scheduled__2022-08-29T00:00:00+00:00 [running]> on host 42828894a739
[2023-12-10 19:30:46,621] {taskinstance.py:1591} INFO - Exporting the following env vars:
AIRFLOW_CTX_DAG_OWNER=DavidBU
AIRFLOW_CTX_DAG_ID=mi_primer_dag_v3
AIRFLOW_CTX_TASK_ID=tercera_tarea
AIRFLOW_CTX_EXECUTION_DATE=2022-08-29T00:00:00+00:00
AIRFLOW_CTX_TRY_NUMBER=1
AIRFLOW_CTX_DAG_RUN_ID=scheduled__2022-08-29T00:00:00+00:00
[2023-12-10 19:30:46,631] {subprocess.py:62} INFO - Tmp dir root location: 
 /tmp
[2023-12-10 19:30:46,637] {subprocess.py:74} INFO - Running command: ['bash', '-c', 'echo hola, soy la tarea 3 y sere corrida luego de Tarea 1 al mismo tiempo que Tarea 2']
[2023-12-10 19:30:46,808] {subprocess.py:85} INFO - Output:
[2023-12-10 19:30:46,825] {subprocess.py:92} INFO - hola, soy la tarea 3 y sere corrida luego de Tarea 1 al mismo tiempo que Tarea 2
[2023-12-10 19:30:46,827] {subprocess.py:96} INFO - Command exited with return code 0
[2023-12-10 19:30:46,977] {taskinstance.py:1420} INFO - Marking task as SUCCESS. dag_id=mi_primer_dag_v3, task_id=tercera_tarea, execution_date=20220829T000000, start_date=20231210T193041, end_date=20231210T193046
[2023-12-10 19:30:47,365] {local_task_job.py:156} INFO - Task exited with return code 0
[2023-12-10 19:30:47,849] {local_task_job.py:273} INFO - 0 downstream tasks scheduled from follow-on schedule check
