[2023-12-10 19:41:47,584] {taskinstance.py:1179} INFO - Dependencies all met for <TaskInstance: mi_primer_dag_v3.tercera_tarea scheduled__2023-04-28T00:00:00+00:00 [queued]>
[2023-12-10 19:41:47,686] {taskinstance.py:1179} INFO - Dependencies all met for <TaskInstance: mi_primer_dag_v3.tercera_tarea scheduled__2023-04-28T00:00:00+00:00 [queued]>
[2023-12-10 19:41:47,708] {taskinstance.py:1376} INFO - 
--------------------------------------------------------------------------------
[2023-12-10 19:41:47,715] {taskinstance.py:1377} INFO - Starting attempt 1 of 6
[2023-12-10 19:41:47,720] {taskinstance.py:1378} INFO - 
--------------------------------------------------------------------------------
[2023-12-10 19:41:48,053] {taskinstance.py:1397} INFO - Executing <Task(BashOperator): tercera_tarea> on 2023-04-28 00:00:00+00:00
[2023-12-10 19:41:48,072] {standard_task_runner.py:52} INFO - Started process 2937 to run task
[2023-12-10 19:41:48,104] {standard_task_runner.py:79} INFO - Running: ['***', 'tasks', 'run', 'mi_primer_dag_v3', 'tercera_tarea', 'scheduled__2023-04-28T00:00:00+00:00', '--job-id', '820', '--raw', '--subdir', 'DAGS_FOLDER/primer_dag_v3.py', '--cfg-path', '/tmp/tmp3t3bkqvp', '--error-file', '/tmp/tmp92fx5hv6']
[2023-12-10 19:41:48,160] {standard_task_runner.py:80} INFO - Job 820: Subtask tercera_tarea
[2023-12-10 19:41:49,760] {task_command.py:371} INFO - Running <TaskInstance: mi_primer_dag_v3.tercera_tarea scheduled__2023-04-28T00:00:00+00:00 [running]> on host 42828894a739
[2023-12-10 19:41:51,430] {taskinstance.py:1591} INFO - Exporting the following env vars:
AIRFLOW_CTX_DAG_OWNER=DavidBU
AIRFLOW_CTX_DAG_ID=mi_primer_dag_v3
AIRFLOW_CTX_TASK_ID=tercera_tarea
AIRFLOW_CTX_EXECUTION_DATE=2023-04-28T00:00:00+00:00
AIRFLOW_CTX_TRY_NUMBER=1
AIRFLOW_CTX_DAG_RUN_ID=scheduled__2023-04-28T00:00:00+00:00
[2023-12-10 19:41:51,443] {subprocess.py:62} INFO - Tmp dir root location: 
 /tmp
[2023-12-10 19:41:51,448] {subprocess.py:74} INFO - Running command: ['bash', '-c', 'echo hola, soy la tarea 3 y sere corrida luego de Tarea 1 al mismo tiempo que Tarea 2']
[2023-12-10 19:41:51,536] {subprocess.py:85} INFO - Output:
[2023-12-10 19:41:51,556] {subprocess.py:92} INFO - hola, soy la tarea 3 y sere corrida luego de Tarea 1 al mismo tiempo que Tarea 2
[2023-12-10 19:41:51,575] {subprocess.py:96} INFO - Command exited with return code 0
[2023-12-10 19:41:51,986] {taskinstance.py:1420} INFO - Marking task as SUCCESS. dag_id=mi_primer_dag_v3, task_id=tercera_tarea, execution_date=20230428T000000, start_date=20231210T194147, end_date=20231210T194151
[2023-12-10 19:41:52,187] {local_task_job.py:156} INFO - Task exited with return code 0
[2023-12-10 19:41:52,789] {local_task_job.py:273} INFO - 0 downstream tasks scheduled from follow-on schedule check
