[2023-12-10 19:41:47,957] {taskinstance.py:1179} INFO - Dependencies all met for <TaskInstance: mi_primer_dag_v3.segunda_tarea scheduled__2023-04-29T00:00:00+00:00 [queued]>
[2023-12-10 19:41:48,162] {taskinstance.py:1179} INFO - Dependencies all met for <TaskInstance: mi_primer_dag_v3.segunda_tarea scheduled__2023-04-29T00:00:00+00:00 [queued]>
[2023-12-10 19:41:48,162] {taskinstance.py:1376} INFO - 
--------------------------------------------------------------------------------
[2023-12-10 19:41:48,169] {taskinstance.py:1377} INFO - Starting attempt 1 of 6
[2023-12-10 19:41:48,184] {taskinstance.py:1378} INFO - 
--------------------------------------------------------------------------------
[2023-12-10 19:41:48,733] {taskinstance.py:1397} INFO - Executing <Task(BashOperator): segunda_tarea> on 2023-04-29 00:00:00+00:00
[2023-12-10 19:41:48,797] {standard_task_runner.py:52} INFO - Started process 2944 to run task
[2023-12-10 19:41:49,176] {standard_task_runner.py:79} INFO - Running: ['***', 'tasks', 'run', 'mi_primer_dag_v3', 'segunda_tarea', 'scheduled__2023-04-29T00:00:00+00:00', '--job-id', '821', '--raw', '--subdir', 'DAGS_FOLDER/primer_dag_v3.py', '--cfg-path', '/tmp/tmp8xzt4y2b', '--error-file', '/tmp/tmpr5w32f2o']
[2023-12-10 19:41:49,379] {standard_task_runner.py:80} INFO - Job 821: Subtask segunda_tarea
[2023-12-10 19:41:51,020] {task_command.py:371} INFO - Running <TaskInstance: mi_primer_dag_v3.segunda_tarea scheduled__2023-04-29T00:00:00+00:00 [running]> on host 42828894a739
[2023-12-10 19:41:52,221] {taskinstance.py:1591} INFO - Exporting the following env vars:
AIRFLOW_CTX_DAG_OWNER=DavidBU
AIRFLOW_CTX_DAG_ID=mi_primer_dag_v3
AIRFLOW_CTX_TASK_ID=segunda_tarea
AIRFLOW_CTX_EXECUTION_DATE=2023-04-29T00:00:00+00:00
AIRFLOW_CTX_TRY_NUMBER=1
AIRFLOW_CTX_DAG_RUN_ID=scheduled__2023-04-29T00:00:00+00:00
[2023-12-10 19:41:52,267] {subprocess.py:62} INFO - Tmp dir root location: 
 /tmp
[2023-12-10 19:41:52,280] {subprocess.py:74} INFO - Running command: ['bash', '-c', 'echo hola, soy la tarea 2 y sere corrida luego de la Tarea 1']
[2023-12-10 19:41:52,441] {subprocess.py:85} INFO - Output:
[2023-12-10 19:41:52,463] {subprocess.py:92} INFO - hola, soy la tarea 2 y sere corrida luego de la Tarea 1
[2023-12-10 19:41:52,467] {subprocess.py:96} INFO - Command exited with return code 0
[2023-12-10 19:41:53,623] {taskinstance.py:1420} INFO - Marking task as SUCCESS. dag_id=mi_primer_dag_v3, task_id=segunda_tarea, execution_date=20230429T000000, start_date=20231210T194147, end_date=20231210T194153
[2023-12-10 19:41:53,783] {local_task_job.py:156} INFO - Task exited with return code 0
[2023-12-10 19:41:54,209] {local_task_job.py:273} INFO - 0 downstream tasks scheduled from follow-on schedule check
