[2023-12-10 20:12:48,325] {taskinstance.py:1179} INFO - Dependencies all met for <TaskInstance: mi_primer_dag.primer_task scheduled__2022-09-06T00:00:00+00:00 [queued]>
[2023-12-10 20:12:48,453] {taskinstance.py:1179} INFO - Dependencies all met for <TaskInstance: mi_primer_dag.primer_task scheduled__2022-09-06T00:00:00+00:00 [queued]>
[2023-12-10 20:12:48,468] {taskinstance.py:1376} INFO - 
--------------------------------------------------------------------------------
[2023-12-10 20:12:48,474] {taskinstance.py:1377} INFO - Starting attempt 1 of 6
[2023-12-10 20:12:48,475] {taskinstance.py:1378} INFO - 
--------------------------------------------------------------------------------
[2023-12-10 20:12:48,834] {taskinstance.py:1397} INFO - Executing <Task(BashOperator): primer_task> on 2022-09-06 00:00:00+00:00
[2023-12-10 20:12:48,880] {standard_task_runner.py:52} INFO - Started process 416 to run task
[2023-12-10 20:12:48,897] {standard_task_runner.py:79} INFO - Running: ['***', 'tasks', 'run', 'mi_primer_dag', 'primer_task', 'scheduled__2022-09-06T00:00:00+00:00', '--job-id', '1524', '--raw', '--subdir', 'DAGS_FOLDER/mi_primer_dag.py', '--cfg-path', '/tmp/tmpxsq0ydi0', '--error-file', '/tmp/tmpjpahk4ij']
[2023-12-10 20:12:48,913] {standard_task_runner.py:80} INFO - Job 1524: Subtask primer_task
[2023-12-10 20:12:49,648] {task_command.py:371} INFO - Running <TaskInstance: mi_primer_dag.primer_task scheduled__2022-09-06T00:00:00+00:00 [running]> on host 42828894a739
[2023-12-10 20:12:50,097] {taskinstance.py:1591} INFO - Exporting the following env vars:
AIRFLOW_CTX_DAG_OWNER=DavidBU
AIRFLOW_CTX_DAG_ID=mi_primer_dag
AIRFLOW_CTX_TASK_ID=primer_task
AIRFLOW_CTX_EXECUTION_DATE=2022-09-06T00:00:00+00:00
AIRFLOW_CTX_TRY_NUMBER=1
AIRFLOW_CTX_DAG_RUN_ID=scheduled__2022-09-06T00:00:00+00:00
[2023-12-10 20:12:50,100] {subprocess.py:62} INFO - Tmp dir root location: 
 /tmp
[2023-12-10 20:12:50,102] {subprocess.py:74} INFO - Running command: ['bash', '-c', 'echo hola mundo, esta es nuestra primera tarea usando bash operator!']
[2023-12-10 20:12:50,133] {subprocess.py:85} INFO - Output:
[2023-12-10 20:12:50,137] {subprocess.py:92} INFO - hola mundo, esta es nuestra primera tarea usando bash operator!
[2023-12-10 20:12:50,139] {subprocess.py:96} INFO - Command exited with return code 0
[2023-12-10 20:12:50,295] {taskinstance.py:1420} INFO - Marking task as SUCCESS. dag_id=mi_primer_dag, task_id=primer_task, execution_date=20220906T000000, start_date=20231210T201248, end_date=20231210T201250
[2023-12-10 20:12:50,371] {local_task_job.py:156} INFO - Task exited with return code 0
[2023-12-10 20:12:50,505] {local_task_job.py:273} INFO - 0 downstream tasks scheduled from follow-on schedule check
